running egg_info
writing ../../build/pure_pursuit/pure_pursuit.egg-info/PKG-INFO
writing dependency_links to ../../build/pure_pursuit/pure_pursuit.egg-info/dependency_links.txt
writing entry points to ../../build/pure_pursuit/pure_pursuit.egg-info/entry_points.txt
writing requirements to ../../build/pure_pursuit/pure_pursuit.egg-info/requires.txt
writing top-level names to ../../build/pure_pursuit/pure_pursuit.egg-info/top_level.txt
reading manifest file '../../build/pure_pursuit/pure_pursuit.egg-info/SOURCES.txt'
writing manifest file '../../build/pure_pursuit/pure_pursuit.egg-info/SOURCES.txt'
running build
running build_py
running install
running install_lib
running install_data
running install_egg_info
removing '/home/y/SA_CAO_Simu/SA_CAO/install/pure_pursuit/lib/python3.8/site-packages/pure_pursuit-0.0.0-py3.8.egg-info' (and everything under it)
Copying ../../build/pure_pursuit/pure_pursuit.egg-info to /home/y/SA_CAO_Simu/SA_CAO/install/pure_pursuit/lib/python3.8/site-packages/pure_pursuit-0.0.0-py3.8.egg-info
running install_scripts
Installing auto_bag_with_export script to /home/y/SA_CAO_Simu/SA_CAO/install/pure_pursuit/lib/pure_pursuit
Installing get_odom script to /home/y/SA_CAO_Simu/SA_CAO/install/pure_pursuit/lib/pure_pursuit
Installing get_pose script to /home/y/SA_CAO_Simu/SA_CAO/install/pure_pursuit/lib/pure_pursuit
Installing marker_relay_node script to /home/y/SA_CAO_Simu/SA_CAO/install/pure_pursuit/lib/pure_pursuit
Installing pure_pursuit_node script to /home/y/SA_CAO_Simu/SA_CAO/install/pure_pursuit/lib/pure_pursuit
writing list of installed files to '/home/y/SA_CAO_Simu/SA_CAO/build/pure_pursuit/install.log'
