[0.541s] Invoking command in '/home/y/SA_CAO/src/my_xbox_joystick': PYTHONPATH=/home/y/SA_CAO/build/my_xbox_joystick/prefix_override:/usr/lib/python3/dist-packages/colcon_core/task/python/colcon_distutils_commands:/home/y/SA_CAO/install/my_xbox_joystick/lib/python3.8/site-packages:${PYTHONPATH} /usr/bin/python3 -W ignore:setup.py install is deprecated -W ignore:easy_install command is deprecated setup.py egg_info --egg-base ../../build/my_xbox_joystick build --build-base /home/y/SA_CAO/build/my_xbox_joystick/build install --record /home/y/SA_CAO/build/my_xbox_joystick/install.log --install-scripts $base/lib/my_xbox_joystick --single-version-externally-managed install_data
[0.722s] running egg_info
[0.722s] writing ../../build/my_xbox_joystick/my_xbox_joystick.egg-info/PKG-INFO
[0.722s] writing dependency_links to ../../build/my_xbox_joystick/my_xbox_joystick.egg-info/dependency_links.txt
[0.723s] writing entry points to ../../build/my_xbox_joystick/my_xbox_joystick.egg-info/entry_points.txt
[0.723s] writing requirements to ../../build/my_xbox_joystick/my_xbox_joystick.egg-info/requires.txt
[0.723s] writing top-level names to ../../build/my_xbox_joystick/my_xbox_joystick.egg-info/top_level.txt
[0.750s] reading manifest file '../../build/my_xbox_joystick/my_xbox_joystick.egg-info/SOURCES.txt'
[0.750s] writing manifest file '../../build/my_xbox_joystick/my_xbox_joystick.egg-info/SOURCES.txt'
[0.750s] running build
[0.751s] running build_py
[0.751s] running install
[0.751s] running install_lib
[0.752s] running install_data
[0.752s] running install_egg_info
[0.753s] removing '/home/y/SA_CAO/install/my_xbox_joystick/lib/python3.8/site-packages/my_xbox_joystick-0.0.0-py3.8.egg-info' (and everything under it)
[0.754s] Copying ../../build/my_xbox_joystick/my_xbox_joystick.egg-info to /home/y/SA_CAO/install/my_xbox_joystick/lib/python3.8/site-packages/my_xbox_joystick-0.0.0-py3.8.egg-info
[0.754s] running install_scripts
[0.767s] Installing xbox_joystick script to /home/y/SA_CAO/install/my_xbox_joystick/lib/my_xbox_joystick
[0.767s] writing list of installed files to '/home/y/SA_CAO/build/my_xbox_joystick/install.log'
[0.783s] Invoked command in '/home/y/SA_CAO/src/my_xbox_joystick' returned '0': PYTHONPATH=/home/y/SA_CAO/build/my_xbox_joystick/prefix_override:/usr/lib/python3/dist-packages/colcon_core/task/python/colcon_distutils_commands:/home/y/SA_CAO/install/my_xbox_joystick/lib/python3.8/site-packages:${PYTHONPATH} /usr/bin/python3 -W ignore:setup.py install is deprecated -W ignore:easy_install command is deprecated setup.py egg_info --egg-base ../../build/my_xbox_joystick build --build-base /home/y/SA_CAO/build/my_xbox_joystick/build install --record /home/y/SA_CAO/build/my_xbox_joystick/install.log --install-scripts $base/lib/my_xbox_joystick --single-version-externally-managed install_data
