[0.146s] DEBUG:colcon:Command line arguments: ['/usr/bin/colcon', 'build']
[0.146s] DEBUG:colcon:Parsed command line arguments: Namespace(allow_overriding=[], ament_cmake_args=None, base_paths=['.'], build_base='build', catkin_cmake_args=None, catkin_skip_building_tests=False, cmake_args=None, cmake_clean_cache=False, cmake_clean_first=False, cmake_force_configure=False, cmake_target=None, cmake_target_skip_unavailable=False, continue_on_error=False, event_handlers=None, executor='parallel', ignore_user_meta=False, install_base='install', log_base=None, log_level=None, main=<bound method BuildVerb.main of <colcon_core.verb.build.BuildVerb object at 0x7f24dea671f0>>, merge_install=False, metas=['./colcon.meta'], mixin=None, mixin_files=None, mixin_verb=('build',), packages_above=None, packages_above_and_dependencies=None, packages_above_depth=None, packages_end=None, packages_ignore=None, packages_ignore_regex=None, packages_select=None, packages_select_build_failed=False, packages_select_by_dep=None, packages_select_regex=None, packages_select_test_failures=False, packages_skip=None, packages_skip_build_finished=False, packages_skip_by_dep=None, packages_skip_regex=None, packages_skip_test_passed=False, packages_skip_up_to=None, packages_start=None, packages_up_to=None, packages_up_to_regex=None, parallel_workers=2, paths=None, symlink_install=False, test_result_base=None, verb_extension=<colcon_core.verb.build.BuildVerb object at 0x7f24dea671f0>, verb_name='build', verb_parser=<colcon_mixin.mixin.mixin_argument.MixinArgumentDecorator object at 0x7f24de8d2dc0>)
[0.271s] Level 1:colcon.colcon_core.package_discovery:discover_packages(colcon_meta) check parameters
[0.271s] Level 1:colcon.colcon_core.package_discovery:discover_packages(recursive) check parameters
[0.271s] Level 1:colcon.colcon_core.package_discovery:discover_packages(ignore) check parameters
[0.271s] Level 1:colcon.colcon_core.package_discovery:discover_packages(path) check parameters
[0.271s] Level 1:colcon.colcon_core.package_discovery:discover_packages(colcon_meta) discover
[0.271s] Level 1:colcon.colcon_core.package_discovery:discover_packages(recursive) discover
[0.271s] INFO:colcon.colcon_core.package_discovery:Crawling recursively for packages in '/home/y/SA_CAO'
[0.272s] Level 1:colcon.colcon_core.package_identification:_identify(.) by extensions ['ignore', 'ignore_ament_install']
[0.272s] Level 1:colcon.colcon_core.package_identification:_identify(.) by extension 'ignore'
[0.272s] Level 1:colcon.colcon_core.package_identification:_identify(.) by extension 'ignore_ament_install'
[0.272s] Level 1:colcon.colcon_core.package_identification:_identify(.) by extensions ['colcon_pkg']
[0.272s] Level 1:colcon.colcon_core.package_identification:_identify(.) by extension 'colcon_pkg'
[0.272s] Level 1:colcon.colcon_core.package_identification:_identify(.) by extensions ['colcon_meta']
[0.272s] Level 1:colcon.colcon_core.package_identification:_identify(.) by extension 'colcon_meta'
[0.272s] Level 1:colcon.colcon_core.package_identification:_identify(.) by extensions ['ros']
[0.272s] Level 1:colcon.colcon_core.package_identification:_identify(.) by extension 'ros'
[0.281s] Level 1:colcon.colcon_core.package_identification:_identify(.) by extensions ['cmake', 'python']
[0.281s] Level 1:colcon.colcon_core.package_identification:_identify(.) by extension 'cmake'
[0.281s] Level 1:colcon.colcon_core.package_identification:_identify(.) by extension 'python'
[0.281s] Level 1:colcon.colcon_core.package_identification:_identify(.) by extensions ['python_setup_py']
[0.281s] Level 1:colcon.colcon_core.package_identification:_identify(.) by extension 'python_setup_py'
[0.281s] Level 1:colcon.colcon_core.package_identification:_identify(build) by extensions ['ignore', 'ignore_ament_install']
[0.282s] Level 1:colcon.colcon_core.package_identification:_identify(build) by extension 'ignore'
[0.282s] Level 1:colcon.colcon_core.package_identification:_identify(build) ignored
[0.282s] Level 1:colcon.colcon_core.package_identification:_identify(install) by extensions ['ignore', 'ignore_ament_install']
[0.282s] Level 1:colcon.colcon_core.package_identification:_identify(install) by extension 'ignore'
[0.282s] Level 1:colcon.colcon_core.package_identification:_identify(install) ignored
[0.282s] Level 1:colcon.colcon_core.package_identification:_identify(log) by extensions ['ignore', 'ignore_ament_install']
[0.282s] Level 1:colcon.colcon_core.package_identification:_identify(log) by extension 'ignore'
[0.282s] Level 1:colcon.colcon_core.package_identification:_identify(log) ignored
[0.282s] Level 1:colcon.colcon_core.package_identification:_identify(src) by extensions ['ignore', 'ignore_ament_install']
[0.282s] Level 1:colcon.colcon_core.package_identification:_identify(src) by extension 'ignore'
[0.282s] Level 1:colcon.colcon_core.package_identification:_identify(src) by extension 'ignore_ament_install'
[0.282s] Level 1:colcon.colcon_core.package_identification:_identify(src) by extensions ['colcon_pkg']
[0.282s] Level 1:colcon.colcon_core.package_identification:_identify(src) by extension 'colcon_pkg'
[0.282s] Level 1:colcon.colcon_core.package_identification:_identify(src) by extensions ['colcon_meta']
[0.282s] Level 1:colcon.colcon_core.package_identification:_identify(src) by extension 'colcon_meta'
[0.282s] Level 1:colcon.colcon_core.package_identification:_identify(src) by extensions ['ros']
[0.282s] Level 1:colcon.colcon_core.package_identification:_identify(src) by extension 'ros'
[0.282s] Level 1:colcon.colcon_core.package_identification:_identify(src) by extensions ['cmake', 'python']
[0.282s] Level 1:colcon.colcon_core.package_identification:_identify(src) by extension 'cmake'
[0.282s] Level 1:colcon.colcon_core.package_identification:_identify(src) by extension 'python'
[0.282s] Level 1:colcon.colcon_core.package_identification:_identify(src) by extensions ['python_setup_py']
[0.282s] Level 1:colcon.colcon_core.package_identification:_identify(src) by extension 'python_setup_py'
[0.283s] Level 1:colcon.colcon_core.package_identification:_identify(src/launch_diablo) by extensions ['ignore', 'ignore_ament_install']
[0.283s] Level 1:colcon.colcon_core.package_identification:_identify(src/launch_diablo) by extension 'ignore'
[0.283s] Level 1:colcon.colcon_core.package_identification:_identify(src/launch_diablo) by extension 'ignore_ament_install'
[0.283s] Level 1:colcon.colcon_core.package_identification:_identify(src/launch_diablo) by extensions ['colcon_pkg']
[0.283s] Level 1:colcon.colcon_core.package_identification:_identify(src/launch_diablo) by extension 'colcon_pkg'
[0.283s] Level 1:colcon.colcon_core.package_identification:_identify(src/launch_diablo) by extensions ['colcon_meta']
[0.283s] Level 1:colcon.colcon_core.package_identification:_identify(src/launch_diablo) by extension 'colcon_meta'
[0.283s] Level 1:colcon.colcon_core.package_identification:_identify(src/launch_diablo) by extensions ['ros']
[0.283s] Level 1:colcon.colcon_core.package_identification:_identify(src/launch_diablo) by extension 'ros'
[0.285s] DEBUG:colcon.colcon_core.package_identification:Package 'src/launch_diablo' with type 'ros.ament_python' and name 'launch_diablo'
[0.285s] Level 1:colcon.colcon_core.package_identification:_identify(src/motion_msgs) by extensions ['ignore', 'ignore_ament_install']
[0.285s] Level 1:colcon.colcon_core.package_identification:_identify(src/motion_msgs) by extension 'ignore'
[0.285s] Level 1:colcon.colcon_core.package_identification:_identify(src/motion_msgs) by extension 'ignore_ament_install'
[0.285s] Level 1:colcon.colcon_core.package_identification:_identify(src/motion_msgs) by extensions ['colcon_pkg']
[0.285s] Level 1:colcon.colcon_core.package_identification:_identify(src/motion_msgs) by extension 'colcon_pkg'
[0.285s] Level 1:colcon.colcon_core.package_identification:_identify(src/motion_msgs) by extensions ['colcon_meta']
[0.285s] Level 1:colcon.colcon_core.package_identification:_identify(src/motion_msgs) by extension 'colcon_meta'
[0.285s] Level 1:colcon.colcon_core.package_identification:_identify(src/motion_msgs) by extensions ['ros']
[0.285s] Level 1:colcon.colcon_core.package_identification:_identify(src/motion_msgs) by extension 'ros'
[0.286s] DEBUG:colcon.colcon_core.package_identification:Package 'src/motion_msgs' with type 'ros.ament_cmake' and name 'motion_msgs'
[0.286s] Level 1:colcon.colcon_core.package_identification:_identify(src/my_xbox_joystick) by extensions ['ignore', 'ignore_ament_install']
[0.286s] Level 1:colcon.colcon_core.package_identification:_identify(src/my_xbox_joystick) by extension 'ignore'
[0.286s] Level 1:colcon.colcon_core.package_identification:_identify(src/my_xbox_joystick) by extension 'ignore_ament_install'
[0.286s] Level 1:colcon.colcon_core.package_identification:_identify(src/my_xbox_joystick) by extensions ['colcon_pkg']
[0.286s] Level 1:colcon.colcon_core.package_identification:_identify(src/my_xbox_joystick) by extension 'colcon_pkg'
[0.286s] Level 1:colcon.colcon_core.package_identification:_identify(src/my_xbox_joystick) by extensions ['colcon_meta']
[0.286s] Level 1:colcon.colcon_core.package_identification:_identify(src/my_xbox_joystick) by extension 'colcon_meta'
[0.286s] Level 1:colcon.colcon_core.package_identification:_identify(src/my_xbox_joystick) by extensions ['ros']
[0.286s] Level 1:colcon.colcon_core.package_identification:_identify(src/my_xbox_joystick) by extension 'ros'
[0.286s] DEBUG:colcon.colcon_core.package_identification:Package 'src/my_xbox_joystick' with type 'ros.ament_python' and name 'my_xbox_joystick'
[0.286s] Level 1:colcon.colcon_core.package_discovery:discover_packages(recursive) using defaults
[0.286s] Level 1:colcon.colcon_core.package_discovery:discover_packages(ignore) discover
[0.286s] Level 1:colcon.colcon_core.package_discovery:discover_packages(ignore) using defaults
[0.287s] Level 1:colcon.colcon_core.package_discovery:discover_packages(path) discover
[0.287s] Level 1:colcon.colcon_core.package_discovery:discover_packages(path) using defaults
[0.298s] Level 1:colcon.colcon_core.package_discovery:discover_packages(prefix_path) check parameters
[0.299s] Level 1:colcon.colcon_core.package_discovery:discover_packages(prefix_path) discover
[0.300s] DEBUG:colcon.colcon_installed_package_information.package_discovery:Found 1 installed packages in /home/y/oradar_ros/install
[0.301s] DEBUG:colcon.colcon_installed_package_information.package_discovery:Found 326 installed packages in /opt/ros/foxy
[0.311s] Level 1:colcon.colcon_core.package_discovery:discover_packages(prefix_path) using defaults
[0.366s] Level 5:colcon.colcon_core.verb:set package 'launch_diablo' build argument 'cmake_args' from command line to 'None'
[0.366s] Level 5:colcon.colcon_core.verb:set package 'launch_diablo' build argument 'cmake_target' from command line to 'None'
[0.366s] Level 5:colcon.colcon_core.verb:set package 'launch_diablo' build argument 'cmake_target_skip_unavailable' from command line to 'False'
[0.366s] Level 5:colcon.colcon_core.verb:set package 'launch_diablo' build argument 'cmake_clean_cache' from command line to 'False'
[0.366s] Level 5:colcon.colcon_core.verb:set package 'launch_diablo' build argument 'cmake_clean_first' from command line to 'False'
[0.366s] Level 5:colcon.colcon_core.verb:set package 'launch_diablo' build argument 'cmake_force_configure' from command line to 'False'
[0.366s] Level 5:colcon.colcon_core.verb:set package 'launch_diablo' build argument 'ament_cmake_args' from command line to 'None'
[0.366s] Level 5:colcon.colcon_core.verb:set package 'launch_diablo' build argument 'catkin_cmake_args' from command line to 'None'
[0.366s] Level 5:colcon.colcon_core.verb:set package 'launch_diablo' build argument 'catkin_skip_building_tests' from command line to 'False'
[0.366s] DEBUG:colcon.colcon_core.verb:Building package 'launch_diablo' with the following arguments: {'ament_cmake_args': None, 'build_base': '/home/y/SA_CAO/build/launch_diablo', 'catkin_cmake_args': None, 'catkin_skip_building_tests': False, 'cmake_args': None, 'cmake_clean_cache': False, 'cmake_clean_first': False, 'cmake_force_configure': False, 'cmake_target': None, 'cmake_target_skip_unavailable': False, 'install_base': '/home/y/SA_CAO/install/launch_diablo', 'merge_install': False, 'path': '/home/y/SA_CAO/src/launch_diablo', 'symlink_install': False, 'test_result_base': None}
[0.366s] Level 5:colcon.colcon_core.verb:set package 'motion_msgs' build argument 'cmake_args' from command line to 'None'
[0.366s] Level 5:colcon.colcon_core.verb:set package 'motion_msgs' build argument 'cmake_target' from command line to 'None'
[0.366s] Level 5:colcon.colcon_core.verb:set package 'motion_msgs' build argument 'cmake_target_skip_unavailable' from command line to 'False'
[0.366s] Level 5:colcon.colcon_core.verb:set package 'motion_msgs' build argument 'cmake_clean_cache' from command line to 'False'
[0.366s] Level 5:colcon.colcon_core.verb:set package 'motion_msgs' build argument 'cmake_clean_first' from command line to 'False'
[0.366s] Level 5:colcon.colcon_core.verb:set package 'motion_msgs' build argument 'cmake_force_configure' from command line to 'False'
[0.366s] Level 5:colcon.colcon_core.verb:set package 'motion_msgs' build argument 'ament_cmake_args' from command line to 'None'
[0.366s] Level 5:colcon.colcon_core.verb:set package 'motion_msgs' build argument 'catkin_cmake_args' from command line to 'None'
[0.366s] Level 5:colcon.colcon_core.verb:set package 'motion_msgs' build argument 'catkin_skip_building_tests' from command line to 'False'
[0.366s] DEBUG:colcon.colcon_core.verb:Building package 'motion_msgs' with the following arguments: {'ament_cmake_args': None, 'build_base': '/home/y/SA_CAO/build/motion_msgs', 'catkin_cmake_args': None, 'catkin_skip_building_tests': False, 'cmake_args': None, 'cmake_clean_cache': False, 'cmake_clean_first': False, 'cmake_force_configure': False, 'cmake_target': None, 'cmake_target_skip_unavailable': False, 'install_base': '/home/y/SA_CAO/install/motion_msgs', 'merge_install': False, 'path': '/home/y/SA_CAO/src/motion_msgs', 'symlink_install': False, 'test_result_base': None}
[0.366s] Level 5:colcon.colcon_core.verb:set package 'my_xbox_joystick' build argument 'cmake_args' from command line to 'None'
[0.366s] Level 5:colcon.colcon_core.verb:set package 'my_xbox_joystick' build argument 'cmake_target' from command line to 'None'
[0.367s] Level 5:colcon.colcon_core.verb:set package 'my_xbox_joystick' build argument 'cmake_target_skip_unavailable' from command line to 'False'
[0.367s] Level 5:colcon.colcon_core.verb:set package 'my_xbox_joystick' build argument 'cmake_clean_cache' from command line to 'False'
[0.367s] Level 5:colcon.colcon_core.verb:set package 'my_xbox_joystick' build argument 'cmake_clean_first' from command line to 'False'
[0.367s] Level 5:colcon.colcon_core.verb:set package 'my_xbox_joystick' build argument 'cmake_force_configure' from command line to 'False'
[0.367s] Level 5:colcon.colcon_core.verb:set package 'my_xbox_joystick' build argument 'ament_cmake_args' from command line to 'None'
[0.367s] Level 5:colcon.colcon_core.verb:set package 'my_xbox_joystick' build argument 'catkin_cmake_args' from command line to 'None'
[0.367s] Level 5:colcon.colcon_core.verb:set package 'my_xbox_joystick' build argument 'catkin_skip_building_tests' from command line to 'False'
[0.367s] DEBUG:colcon.colcon_core.verb:Building package 'my_xbox_joystick' with the following arguments: {'ament_cmake_args': None, 'build_base': '/home/y/SA_CAO/build/my_xbox_joystick', 'catkin_cmake_args': None, 'catkin_skip_building_tests': False, 'cmake_args': None, 'cmake_clean_cache': False, 'cmake_clean_first': False, 'cmake_force_configure': False, 'cmake_target': None, 'cmake_target_skip_unavailable': False, 'install_base': '/home/y/SA_CAO/install/my_xbox_joystick', 'merge_install': False, 'path': '/home/y/SA_CAO/src/my_xbox_joystick', 'symlink_install': False, 'test_result_base': None}
[0.367s] INFO:colcon.colcon_core.executor:Executing jobs using 'parallel' executor
[0.368s] DEBUG:colcon.colcon_parallel_executor.executor.parallel:run_until_complete
[0.368s] INFO:colcon.colcon_ros.task.ament_python.build:Building ROS package in '/home/y/SA_CAO/src/launch_diablo' with build type 'ament_python'
[0.368s] Level 1:colcon.colcon_core.shell:create_environment_hook('launch_diablo', 'ament_prefix_path')
[0.370s] INFO:colcon.colcon_core.plugin_system:Skipping extension 'colcon_core.shell.bat': Not used on non-Windows systems
[0.370s] INFO:colcon.colcon_core.shell:Creating environment hook '/home/y/SA_CAO/install/launch_diablo/share/launch_diablo/hook/ament_prefix_path.ps1'
[0.371s] INFO:colcon.colcon_core.shell:Creating environment descriptor '/home/y/SA_CAO/install/launch_diablo/share/launch_diablo/hook/ament_prefix_path.dsv'
[0.371s] INFO:colcon.colcon_core.shell:Creating environment hook '/home/y/SA_CAO/install/launch_diablo/share/launch_diablo/hook/ament_prefix_path.sh'
[0.372s] INFO:colcon.colcon_core.shell:Skip shell extension 'powershell' for command environment: Not usable outside of PowerShell
[0.372s] DEBUG:colcon.colcon_core.shell:Skip shell extension 'dsv' for command environment
[0.376s] INFO:colcon.colcon_ros.task.ament_cmake.build:Building ROS package in '/home/y/SA_CAO/src/motion_msgs' with build type 'ament_cmake'
[0.376s] INFO:colcon.colcon_cmake.task.cmake.build:Building CMake package in '/home/y/SA_CAO/src/motion_msgs'
[0.376s] INFO:colcon.colcon_core.shell:Skip shell extension 'powershell' for command environment: Not usable outside of PowerShell
[0.376s] DEBUG:colcon.colcon_core.shell:Skip shell extension 'dsv' for command environment
[0.572s] INFO:colcon.colcon_core.task.python.build:Building Python package in '/home/y/SA_CAO/src/launch_diablo'
[0.572s] INFO:colcon.colcon_core.shell:Skip shell extension 'powershell' for command environment: Not usable outside of PowerShell
[0.572s] DEBUG:colcon.colcon_core.shell:Skip shell extension 'dsv' for command environment
[0.583s] DEBUG:colcon.colcon_core.event_handler.log_command:Invoking command in '/home/y/SA_CAO/build/motion_msgs': CMAKE_PREFIX_PATH=/opt/ros/foxy:${CMAKE_PREFIX_PATH} /usr/bin/cmake /home/y/SA_CAO/src/motion_msgs -DCMAKE_INSTALL_PREFIX=/home/y/SA_CAO/install/motion_msgs
[0.920s] DEBUG:colcon.colcon_core.event_handler.log_command:Invoking command in '/home/y/SA_CAO/src/launch_diablo': PYTHONPATH=/home/y/SA_CAO/build/launch_diablo/prefix_override:/usr/lib/python3/dist-packages/colcon_core/task/python/colcon_distutils_commands:/home/y/SA_CAO/install/launch_diablo/lib/python3.8/site-packages:${PYTHONPATH} /usr/bin/python3 -W ignore:setup.py install is deprecated -W ignore:easy_install command is deprecated setup.py egg_info --egg-base ../../build/launch_diablo build --build-base /home/y/SA_CAO/build/launch_diablo/build install --record /home/y/SA_CAO/build/launch_diablo/install.log --install-scripts $base/lib/robot_launch --single-version-externally-managed install_data
[1.163s] DEBUG:colcon.colcon_core.event_handler.log_command:Invoked command in '/home/y/SA_CAO/src/launch_diablo' returned '0': PYTHONPATH=/home/y/SA_CAO/build/launch_diablo/prefix_override:/usr/lib/python3/dist-packages/colcon_core/task/python/colcon_distutils_commands:/home/y/SA_CAO/install/launch_diablo/lib/python3.8/site-packages:${PYTHONPATH} /usr/bin/python3 -W ignore:setup.py install is deprecated -W ignore:easy_install command is deprecated setup.py egg_info --egg-base ../../build/launch_diablo build --build-base /home/y/SA_CAO/build/launch_diablo/build install --record /home/y/SA_CAO/build/launch_diablo/install.log --install-scripts $base/lib/robot_launch --single-version-externally-managed install_data
[1.166s] Level 1:colcon.colcon_core.environment:checking '/home/y/SA_CAO/install/launch_diablo' for CMake module files
[1.166s] Level 1:colcon.colcon_core.environment:checking '/home/y/SA_CAO/install/launch_diablo' for CMake config files
[1.166s] Level 1:colcon.colcon_core.environment:checking '/home/y/SA_CAO/install/launch_diablo/lib'
[1.167s] Level 1:colcon.colcon_core.environment:checking '/home/y/SA_CAO/install/launch_diablo/bin'
[1.167s] Level 1:colcon.colcon_core.environment:checking '/home/y/SA_CAO/install/launch_diablo/lib/pkgconfig/launch_diablo.pc'
[1.167s] Level 1:colcon.colcon_core.environment:checking '/home/y/SA_CAO/install/launch_diablo/lib/python3.8/site-packages'
[1.167s] Level 1:colcon.colcon_core.shell:create_environment_hook('launch_diablo', 'pythonpath')
[1.167s] INFO:colcon.colcon_core.shell:Creating environment hook '/home/y/SA_CAO/install/launch_diablo/share/launch_diablo/hook/pythonpath.ps1'
[1.167s] INFO:colcon.colcon_core.shell:Creating environment descriptor '/home/y/SA_CAO/install/launch_diablo/share/launch_diablo/hook/pythonpath.dsv'
[1.168s] INFO:colcon.colcon_core.shell:Creating environment hook '/home/y/SA_CAO/install/launch_diablo/share/launch_diablo/hook/pythonpath.sh'
[1.168s] Level 1:colcon.colcon_core.environment:checking '/home/y/SA_CAO/install/launch_diablo/bin'
[1.168s] Level 1:colcon.colcon_core.environment:create_environment_scripts_only(launch_diablo)
[1.168s] INFO:colcon.colcon_core.shell:Creating package script '/home/y/SA_CAO/install/launch_diablo/share/launch_diablo/package.ps1'
[1.169s] INFO:colcon.colcon_core.shell:Creating package descriptor '/home/y/SA_CAO/install/launch_diablo/share/launch_diablo/package.dsv'
[1.169s] INFO:colcon.colcon_core.shell:Creating package script '/home/y/SA_CAO/install/launch_diablo/share/launch_diablo/package.sh'
[1.170s] INFO:colcon.colcon_core.shell:Creating package script '/home/y/SA_CAO/install/launch_diablo/share/launch_diablo/package.bash'
[1.171s] INFO:colcon.colcon_core.shell:Creating package script '/home/y/SA_CAO/install/launch_diablo/share/launch_diablo/package.zsh'
[1.172s] Level 1:colcon.colcon_core.environment:create_file_with_runtime_dependencies(/home/y/SA_CAO/install/launch_diablo/share/colcon-core/packages/launch_diablo)
[1.172s] INFO:colcon.colcon_ros.task.ament_python.build:Building ROS package in '/home/y/SA_CAO/src/my_xbox_joystick' with build type 'ament_python'
[1.172s] Level 1:colcon.colcon_core.shell:create_environment_hook('my_xbox_joystick', 'ament_prefix_path')
[1.173s] INFO:colcon.colcon_core.shell:Creating environment hook '/home/y/SA_CAO/install/my_xbox_joystick/share/my_xbox_joystick/hook/ament_prefix_path.ps1'
[1.174s] INFO:colcon.colcon_core.shell:Creating environment descriptor '/home/y/SA_CAO/install/my_xbox_joystick/share/my_xbox_joystick/hook/ament_prefix_path.dsv'
[1.174s] INFO:colcon.colcon_core.shell:Creating environment hook '/home/y/SA_CAO/install/my_xbox_joystick/share/my_xbox_joystick/hook/ament_prefix_path.sh'
[1.175s] INFO:colcon.colcon_core.shell:Skip shell extension 'powershell' for command environment: Not usable outside of PowerShell
[1.175s] DEBUG:colcon.colcon_core.shell:Skip shell extension 'dsv' for command environment
[1.383s] INFO:colcon.colcon_core.task.python.build:Building Python package in '/home/y/SA_CAO/src/my_xbox_joystick'
[1.384s] INFO:colcon.colcon_core.shell:Skip shell extension 'powershell' for command environment: Not usable outside of PowerShell
[1.384s] DEBUG:colcon.colcon_core.shell:Skip shell extension 'dsv' for command environment
[1.718s] DEBUG:colcon.colcon_core.event_handler.log_command:Invoking command in '/home/y/SA_CAO/src/my_xbox_joystick': PYTHONPATH=/home/y/SA_CAO/build/my_xbox_joystick/prefix_override:/usr/lib/python3/dist-packages/colcon_core/task/python/colcon_distutils_commands:/home/y/SA_CAO/install/my_xbox_joystick/lib/python3.8/site-packages:${PYTHONPATH} /usr/bin/python3 -W ignore:setup.py install is deprecated -W ignore:easy_install command is deprecated setup.py egg_info --egg-base ../../build/my_xbox_joystick build --build-base /home/y/SA_CAO/build/my_xbox_joystick/build install --record /home/y/SA_CAO/build/my_xbox_joystick/install.log --install-scripts $base/lib/my_xbox_joystick --single-version-externally-managed install_data
[1.953s] Level 1:colcon.colcon_core.environment:checking '/home/y/SA_CAO/install/my_xbox_joystick' for CMake module files
[1.954s] DEBUG:colcon.colcon_core.event_handler.log_command:Invoked command in '/home/y/SA_CAO/src/my_xbox_joystick' returned '0': PYTHONPATH=/home/y/SA_CAO/build/my_xbox_joystick/prefix_override:/usr/lib/python3/dist-packages/colcon_core/task/python/colcon_distutils_commands:/home/y/SA_CAO/install/my_xbox_joystick/lib/python3.8/site-packages:${PYTHONPATH} /usr/bin/python3 -W ignore:setup.py install is deprecated -W ignore:easy_install command is deprecated setup.py egg_info --egg-base ../../build/my_xbox_joystick build --build-base /home/y/SA_CAO/build/my_xbox_joystick/build install --record /home/y/SA_CAO/build/my_xbox_joystick/install.log --install-scripts $base/lib/my_xbox_joystick --single-version-externally-managed install_data
[1.954s] Level 1:colcon.colcon_core.environment:checking '/home/y/SA_CAO/install/my_xbox_joystick' for CMake config files
[1.954s] Level 1:colcon.colcon_core.environment:checking '/home/y/SA_CAO/install/my_xbox_joystick/lib'
[1.954s] Level 1:colcon.colcon_core.environment:checking '/home/y/SA_CAO/install/my_xbox_joystick/bin'
[1.954s] Level 1:colcon.colcon_core.environment:checking '/home/y/SA_CAO/install/my_xbox_joystick/lib/pkgconfig/my_xbox_joystick.pc'
[1.954s] Level 1:colcon.colcon_core.environment:checking '/home/y/SA_CAO/install/my_xbox_joystick/lib/python3.8/site-packages'
[1.954s] Level 1:colcon.colcon_core.shell:create_environment_hook('my_xbox_joystick', 'pythonpath')
[1.955s] INFO:colcon.colcon_core.shell:Creating environment hook '/home/y/SA_CAO/install/my_xbox_joystick/share/my_xbox_joystick/hook/pythonpath.ps1'
[1.955s] INFO:colcon.colcon_core.shell:Creating environment descriptor '/home/y/SA_CAO/install/my_xbox_joystick/share/my_xbox_joystick/hook/pythonpath.dsv'
[1.955s] INFO:colcon.colcon_core.shell:Creating environment hook '/home/y/SA_CAO/install/my_xbox_joystick/share/my_xbox_joystick/hook/pythonpath.sh'
[1.956s] Level 1:colcon.colcon_core.environment:checking '/home/y/SA_CAO/install/my_xbox_joystick/bin'
[1.956s] Level 1:colcon.colcon_core.environment:create_environment_scripts_only(my_xbox_joystick)
[1.956s] INFO:colcon.colcon_core.shell:Creating package script '/home/y/SA_CAO/install/my_xbox_joystick/share/my_xbox_joystick/package.ps1'
[1.957s] INFO:colcon.colcon_core.shell:Creating package descriptor '/home/y/SA_CAO/install/my_xbox_joystick/share/my_xbox_joystick/package.dsv'
[1.958s] INFO:colcon.colcon_core.shell:Creating package script '/home/y/SA_CAO/install/my_xbox_joystick/share/my_xbox_joystick/package.sh'
[1.958s] INFO:colcon.colcon_core.shell:Creating package script '/home/y/SA_CAO/install/my_xbox_joystick/share/my_xbox_joystick/package.bash'
[1.958s] INFO:colcon.colcon_core.shell:Creating package script '/home/y/SA_CAO/install/my_xbox_joystick/share/my_xbox_joystick/package.zsh'
[1.958s] Level 1:colcon.colcon_core.environment:create_file_with_runtime_dependencies(/home/y/SA_CAO/install/my_xbox_joystick/share/colcon-core/packages/my_xbox_joystick)
[2.170s] DEBUG:colcon.colcon_core.event_handler.log_command:Invoked command in '/home/y/SA_CAO/build/motion_msgs' returned '0': CMAKE_PREFIX_PATH=/opt/ros/foxy:${CMAKE_PREFIX_PATH} /usr/bin/cmake /home/y/SA_CAO/src/motion_msgs -DCMAKE_INSTALL_PREFIX=/home/y/SA_CAO/install/motion_msgs
[2.173s] DEBUG:colcon.colcon_core.event_handler.log_command:Invoking command in '/home/y/SA_CAO/build/motion_msgs': CMAKE_PREFIX_PATH=/opt/ros/foxy:${CMAKE_PREFIX_PATH} /usr/bin/cmake --build /home/y/SA_CAO/build/motion_msgs -- -j2 -l2
[9.597s] DEBUG:colcon.colcon_core.event_handler.log_command:Invoked command in '/home/y/SA_CAO/build/motion_msgs' returned '0': CMAKE_PREFIX_PATH=/opt/ros/foxy:${CMAKE_PREFIX_PATH} /usr/bin/cmake --build /home/y/SA_CAO/build/motion_msgs -- -j2 -l2
[9.609s] DEBUG:colcon.colcon_core.event_handler.log_command:Invoking command in '/home/y/SA_CAO/build/motion_msgs': CMAKE_PREFIX_PATH=/opt/ros/foxy:${CMAKE_PREFIX_PATH} /usr/bin/cmake --install /home/y/SA_CAO/build/motion_msgs
[9.701s] Level 1:colcon.colcon_core.environment:create_environment_scripts_only(motion_msgs)
[9.702s] Level 1:colcon.colcon_core.environment:checking '/home/y/SA_CAO/install/motion_msgs' for CMake module files
[9.702s] DEBUG:colcon.colcon_core.event_handler.log_command:Invoked command in '/home/y/SA_CAO/build/motion_msgs' returned '0': CMAKE_PREFIX_PATH=/opt/ros/foxy:${CMAKE_PREFIX_PATH} /usr/bin/cmake --install /home/y/SA_CAO/build/motion_msgs
[9.703s] Level 1:colcon.colcon_core.environment:checking '/home/y/SA_CAO/install/motion_msgs' for CMake config files
[9.703s] Level 1:colcon.colcon_core.shell:create_environment_hook('motion_msgs', 'cmake_prefix_path')
[9.703s] INFO:colcon.colcon_core.shell:Creating environment hook '/home/y/SA_CAO/install/motion_msgs/share/motion_msgs/hook/cmake_prefix_path.ps1'
[9.704s] INFO:colcon.colcon_core.shell:Creating environment descriptor '/home/y/SA_CAO/install/motion_msgs/share/motion_msgs/hook/cmake_prefix_path.dsv'
[9.704s] INFO:colcon.colcon_core.shell:Creating environment hook '/home/y/SA_CAO/install/motion_msgs/share/motion_msgs/hook/cmake_prefix_path.sh'
[9.705s] Level 1:colcon.colcon_core.environment:checking '/home/y/SA_CAO/install/motion_msgs/lib'
[9.705s] Level 1:colcon.colcon_core.shell:create_environment_hook('motion_msgs', 'ld_library_path_lib')
[9.705s] INFO:colcon.colcon_core.shell:Creating environment hook '/home/y/SA_CAO/install/motion_msgs/share/motion_msgs/hook/ld_library_path_lib.ps1'
[9.705s] INFO:colcon.colcon_core.shell:Creating environment descriptor '/home/y/SA_CAO/install/motion_msgs/share/motion_msgs/hook/ld_library_path_lib.dsv'
[9.705s] INFO:colcon.colcon_core.shell:Creating environment hook '/home/y/SA_CAO/install/motion_msgs/share/motion_msgs/hook/ld_library_path_lib.sh'
[9.706s] Level 1:colcon.colcon_core.environment:checking '/home/y/SA_CAO/install/motion_msgs/bin'
[9.706s] Level 1:colcon.colcon_core.environment:checking '/home/y/SA_CAO/install/motion_msgs/lib/pkgconfig/motion_msgs.pc'
[9.706s] Level 1:colcon.colcon_core.environment:checking '/home/y/SA_CAO/install/motion_msgs/lib/python3.8/site-packages'
[9.706s] Level 1:colcon.colcon_core.shell:create_environment_hook('motion_msgs', 'pythonpath')
[9.706s] INFO:colcon.colcon_core.shell:Creating environment hook '/home/y/SA_CAO/install/motion_msgs/share/motion_msgs/hook/pythonpath.ps1'
[9.707s] INFO:colcon.colcon_core.shell:Creating environment descriptor '/home/y/SA_CAO/install/motion_msgs/share/motion_msgs/hook/pythonpath.dsv'
[9.707s] INFO:colcon.colcon_core.shell:Creating environment hook '/home/y/SA_CAO/install/motion_msgs/share/motion_msgs/hook/pythonpath.sh'
[9.707s] Level 1:colcon.colcon_core.environment:checking '/home/y/SA_CAO/install/motion_msgs/bin'
[9.707s] INFO:colcon.colcon_core.shell:Creating package script '/home/y/SA_CAO/install/motion_msgs/share/motion_msgs/package.ps1'
[9.708s] INFO:colcon.colcon_core.shell:Creating package descriptor '/home/y/SA_CAO/install/motion_msgs/share/motion_msgs/package.dsv'
[9.708s] INFO:colcon.colcon_core.shell:Creating package script '/home/y/SA_CAO/install/motion_msgs/share/motion_msgs/package.sh'
[9.709s] INFO:colcon.colcon_core.shell:Creating package script '/home/y/SA_CAO/install/motion_msgs/share/motion_msgs/package.bash'
[9.709s] INFO:colcon.colcon_core.shell:Creating package script '/home/y/SA_CAO/install/motion_msgs/share/motion_msgs/package.zsh'
[9.709s] Level 1:colcon.colcon_core.environment:create_file_with_runtime_dependencies(/home/y/SA_CAO/install/motion_msgs/share/colcon-core/packages/motion_msgs)
[9.710s] Level 1:colcon.colcon_core.environment:create_environment_scripts_only(motion_msgs)
[9.710s] Level 1:colcon.colcon_core.environment:checking '/home/y/SA_CAO/install/motion_msgs' for CMake module files
[9.710s] Level 1:colcon.colcon_core.environment:checking '/home/y/SA_CAO/install/motion_msgs' for CMake config files
[9.710s] Level 1:colcon.colcon_core.shell:create_environment_hook('motion_msgs', 'cmake_prefix_path')
[9.711s] INFO:colcon.colcon_core.shell:Creating environment hook '/home/y/SA_CAO/install/motion_msgs/share/motion_msgs/hook/cmake_prefix_path.ps1'
[9.711s] INFO:colcon.colcon_core.shell:Creating environment descriptor '/home/y/SA_CAO/install/motion_msgs/share/motion_msgs/hook/cmake_prefix_path.dsv'
[9.711s] INFO:colcon.colcon_core.shell:Creating environment hook '/home/y/SA_CAO/install/motion_msgs/share/motion_msgs/hook/cmake_prefix_path.sh'
[9.712s] Level 1:colcon.colcon_core.environment:checking '/home/y/SA_CAO/install/motion_msgs/lib'
[9.712s] Level 1:colcon.colcon_core.shell:create_environment_hook('motion_msgs', 'ld_library_path_lib')
[9.713s] INFO:colcon.colcon_core.shell:Creating environment hook '/home/y/SA_CAO/install/motion_msgs/share/motion_msgs/hook/ld_library_path_lib.ps1'
[9.713s] INFO:colcon.colcon_core.shell:Creating environment descriptor '/home/y/SA_CAO/install/motion_msgs/share/motion_msgs/hook/ld_library_path_lib.dsv'
[9.713s] INFO:colcon.colcon_core.shell:Creating environment hook '/home/y/SA_CAO/install/motion_msgs/share/motion_msgs/hook/ld_library_path_lib.sh'
[9.714s] Level 1:colcon.colcon_core.environment:checking '/home/y/SA_CAO/install/motion_msgs/bin'
[9.714s] Level 1:colcon.colcon_core.environment:checking '/home/y/SA_CAO/install/motion_msgs/lib/pkgconfig/motion_msgs.pc'
[9.714s] Level 1:colcon.colcon_core.environment:checking '/home/y/SA_CAO/install/motion_msgs/lib/python3.8/site-packages'
[9.714s] Level 1:colcon.colcon_core.shell:create_environment_hook('motion_msgs', 'pythonpath')
[9.714s] INFO:colcon.colcon_core.shell:Creating environment hook '/home/y/SA_CAO/install/motion_msgs/share/motion_msgs/hook/pythonpath.ps1'
[9.715s] INFO:colcon.colcon_core.shell:Creating environment descriptor '/home/y/SA_CAO/install/motion_msgs/share/motion_msgs/hook/pythonpath.dsv'
[9.715s] INFO:colcon.colcon_core.shell:Creating environment hook '/home/y/SA_CAO/install/motion_msgs/share/motion_msgs/hook/pythonpath.sh'
[9.715s] Level 1:colcon.colcon_core.environment:checking '/home/y/SA_CAO/install/motion_msgs/bin'
[9.716s] INFO:colcon.colcon_core.shell:Creating package script '/home/y/SA_CAO/install/motion_msgs/share/motion_msgs/package.ps1'
[9.716s] INFO:colcon.colcon_core.shell:Creating package descriptor '/home/y/SA_CAO/install/motion_msgs/share/motion_msgs/package.dsv'
[9.717s] INFO:colcon.colcon_core.shell:Creating package script '/home/y/SA_CAO/install/motion_msgs/share/motion_msgs/package.sh'
[9.717s] INFO:colcon.colcon_core.shell:Creating package script '/home/y/SA_CAO/install/motion_msgs/share/motion_msgs/package.bash'
[9.718s] INFO:colcon.colcon_core.shell:Creating package script '/home/y/SA_CAO/install/motion_msgs/share/motion_msgs/package.zsh'
[9.718s] Level 1:colcon.colcon_core.environment:create_file_with_runtime_dependencies(/home/y/SA_CAO/install/motion_msgs/share/colcon-core/packages/motion_msgs)
[9.719s] DEBUG:colcon.colcon_parallel_executor.executor.parallel:closing loop
[9.719s] DEBUG:colcon.colcon_parallel_executor.executor.parallel:loop closed
[9.720s] DEBUG:colcon.colcon_parallel_executor.executor.parallel:run_until_complete finished with '0'
[9.720s] DEBUG:colcon.colcon_core.event_reactor:joining thread
[9.724s] INFO:colcon.colcon_core.plugin_system:Skipping extension 'colcon_notification.desktop_notification.terminal_notifier': Not used on non-Darwin systems
[9.724s] INFO:colcon.colcon_core.plugin_system:Skipping extension 'colcon_notification.desktop_notification.win32': Not used on non-Windows systems
[9.724s] INFO:colcon.colcon_notification.desktop_notification:Sending desktop notification using 'notify2'
[9.737s] DEBUG:colcon.colcon_core.event_reactor:joined thread
[9.737s] INFO:colcon.colcon_core.shell:Creating prefix script '/home/y/SA_CAO/install/local_setup.ps1'
[9.738s] INFO:colcon.colcon_core.shell:Creating prefix util module '/home/y/SA_CAO/install/_local_setup_util_ps1.py'
[9.739s] INFO:colcon.colcon_core.shell:Creating prefix chain script '/home/y/SA_CAO/install/setup.ps1'
[9.740s] INFO:colcon.colcon_core.shell:Creating prefix script '/home/y/SA_CAO/install/local_setup.sh'
[9.740s] INFO:colcon.colcon_core.shell:Creating prefix util module '/home/y/SA_CAO/install/_local_setup_util_sh.py'
[9.741s] INFO:colcon.colcon_core.shell:Creating prefix chain script '/home/y/SA_CAO/install/setup.sh'
[9.742s] INFO:colcon.colcon_core.shell:Creating prefix script '/home/y/SA_CAO/install/local_setup.bash'
[9.742s] INFO:colcon.colcon_core.shell:Creating prefix chain script '/home/y/SA_CAO/install/setup.bash'
[9.743s] INFO:colcon.colcon_core.shell:Creating prefix script '/home/y/SA_CAO/install/local_setup.zsh'
[9.743s] INFO:colcon.colcon_core.shell:Creating prefix chain script '/home/y/SA_CAO/install/setup.zsh'
