[0.011s] Invoking command in '/home/y/SA_CAO_Simu/SA_CAO/build/dynamixel_sdk_examples': CMAKE_PREFIX_PATH=/home/y/SA_CAO_Simu/SA_CAO/install/dynamixel_sdk_custom_interfaces:/home/y/SA_CAO_Simu/SA_CAO/install/dynamixel_sdk:/home/y/SA_CAO_Simu/SA_CAO/install/turtlebot3:/home/y/SA_CAO_Simu/SA_CAO/install/turtlebot3_simulations:/home/y/SA_CAO_Simu/SA_CAO/install/turtlebot3_bringup:/home/y/SA_CAO_Simu/SA_CAO/install/turtlebot3_node:/home/y/SA_CAO_Simu/SA_CAO/install/turtlebot3_navigation2:/home/y/SA_CAO_Simu/SA_CAO/install/turtlebot3_fake_node:/home/y/SA_CAO_Simu/SA_CAO/install/turtlebot3_msgs:/home/y/SA_CAO_Simu/SA_CAO/install/turtlebot3_gazebo:/home/y/SA_CAO_Simu/SA_CAO/install/turtlebot3_description:/home/y/SA_CAO_Simu/SA_CAO/install/turtlebot3_cartographer:/home/y/SA_CAO_Simu/SA_CAO/install/sub_dwav15:/home/y/SA_CAO_Simu/SA_CAO/install/motion_msgs:/home/y/SA_CAO_Simu/SA_CAO/install/hls_lfcd_lds_driver:/home/y/SA_CAO_Simu/SA_CAO/install/dynamixel_sdk_examples:/home/y/SA_CAO_Simu/SA_CAO/install/turtlebot3_teleop:/home/y/SA_CAO_Simu/SA_CAO/install/turtlebot3_example:/home/y/SA_CAO_Simu/SA_CAO/install/pure_pursuit:/home/y/SA_CAO_Simu/SA_CAO/install/my_balance_pkg:/home/y/SA_CAO_Simu/SA_CAO/install/launch_diablo:/opt/ros/foxy LD_LIBRARY_PATH=/home/y/SA_CAO_Simu/SA_CAO/install/dynamixel_sdk_custom_interfaces/lib:/home/y/SA_CAO_Simu/SA_CAO/install/dynamixel_sdk/lib:/home/y/SA_CAO_Simu/SA_CAO/install/turtlebot3_msgs/lib:/home/y/SA_CAO_Simu/SA_CAO/install/motion_msgs/lib:/usr/local/lib:/usr/lib/aarch64-linux-gnu/gazebo-11/plugins:/opt/ros/foxy/opt/yaml_cpp_vendor/lib:/opt/ros/foxy/opt/rviz_ogre_vendor/lib:/opt/ros/foxy/lib/aarch64-linux-gnu:/opt/ros/foxy/lib PYTHONPATH=/home/y/SA_CAO_Simu/SA_CAO/install/dynamixel_sdk_custom_interfaces/lib/python3.8/site-packages:/home/y/SA_CAO_Simu/SA_CAO/install/turtlebot3_teleop/lib/python3.8/site-packages:/home/y/SA_CAO_Simu/SA_CAO/install/turtlebot3_example/lib/python3.8/site-packages:/home/y/SA_CAO_Simu/SA_CAO/install/turtlebot3_msgs/lib/python3.8/site-packages:/home/y/SA_CAO_Simu/SA_CAO/install/pure_pursuit/lib/python3.8/site-packages:/home/y/SA_CAO_Simu/SA_CAO/install/my_balance_pkg/lib/python3.8/site-packages:/home/y/SA_CAO_Simu/SA_CAO/install/motion_msgs/lib/python3.8/site-packages:/home/y/SA_CAO_Simu/SA_CAO/install/launch_diablo/lib/python3.8/site-packages:/opt/ros/foxy/lib/python3.8/site-packages /usr/bin/cmake /home/y/SA_CAO_Simu/SA_CAO/src/utils/DynamixelSDK/dynamixel_sdk_examples -DCMAKE_INSTALL_PREFIX=/home/y/SA_CAO_Simu/SA_CAO/install/dynamixel_sdk_examples
[0.040s] -- The C compiler identification is GNU 9.4.0
[0.060s] -- The CXX compiler identification is GNU 9.4.0
[0.061s] -- Check for working C compiler: /usr/bin/cc
[0.090s] -- Check for working C compiler: /usr/bin/cc -- works
[0.090s] -- Detecting C compiler ABI info
[0.120s] -- Detecting C compiler ABI info - done
[0.121s] -- Detecting C compile features
[0.121s] -- Detecting C compile features - done
[0.122s] -- Check for working CXX compiler: /usr/bin/c++
[0.155s] -- Check for working CXX compiler: /usr/bin/c++ -- works
[0.158s] -- Detecting CXX compiler ABI info
[0.192s] -- Detecting CXX compiler ABI info - done
[0.193s] -- Detecting CXX compile features
[0.193s] -- Detecting CXX compile features - done
[0.194s] -- Found ament_cmake: 0.9.12 (/opt/ros/foxy/share/ament_cmake/cmake)
[0.207s] -- Found PythonInterp: /usr/bin/python3 (found suitable version "3.8.10", minimum required is "3") 
[0.207s] -- Using PYTHON_EXECUTABLE: /usr/bin/python3
[0.292s] -- Found dynamixel_sdk: 3.7.40 (/home/y/SA_CAO_Simu/SA_CAO/install/dynamixel_sdk/share/dynamixel_sdk/cmake)
[0.292s] -- Found dynamixel_sdk_custom_interfaces: 3.7.40 (/home/y/SA_CAO_Simu/SA_CAO/install/dynamixel_sdk_custom_interfaces/share/dynamixel_sdk_custom_interfaces/cmake)
[0.306s] -- Using all available rosidl_typesupport_c: rosidl_typesupport_fastrtps_c;rosidl_typesupport_introspection_c
[0.310s] -- Found rosidl_adapter: 1.3.1 (/opt/ros/foxy/share/rosidl_adapter/cmake)
[0.348s] -- Found OpenSSL: /usr/lib/aarch64-linux-gnu/libcrypto.so (found version "1.1.1f")  
[0.365s] -- Found FastRTPS: /opt/ros/foxy/include  
[0.405s] -- Using all available rosidl_typesupport_cpp: rosidl_typesupport_fastrtps_cpp;rosidl_typesupport_introspection_cpp
[0.426s] -- Found rclcpp: 2.4.3 (/opt/ros/foxy/share/rclcpp/cmake)
[0.449s] -- Found rmw_implementation_cmake: 1.0.4 (/opt/ros/foxy/share/rmw_implementation_cmake/cmake)
[0.450s] -- Using RMW implementation 'rmw_fastrtps_cpp' as default
[0.450s] -- Looking for pthread.h
[0.483s] -- Looking for pthread.h - found
[0.484s] -- Performing Test CMAKE_HAVE_LIBC_PTHREAD
[0.519s] -- Performing Test CMAKE_HAVE_LIBC_PTHREAD - Failed
[0.519s] -- Looking for pthread_create in pthreads
[0.600s] -- Looking for pthread_create in pthreads - not found
[0.600s] -- Looking for pthread_create in pthread
[0.696s] -- Looking for pthread_create in pthread - found
[0.696s] -- Found Threads: TRUE  
[0.766s] -- Found ament_lint_auto: 0.9.8 (/opt/ros/foxy/share/ament_lint_auto/cmake)
[0.805s] -- Added test 'copyright' to check source files copyright and LICENSE
[0.806s] -- Added test 'cppcheck' to perform static code analysis on C / C++ code
[0.806s] -- Configured cppcheck include dirs: /home/y/SA_CAO_Simu/SA_CAO/src/utils/DynamixelSDK/dynamixel_sdk_examples/include
[0.806s] -- Configured cppcheck exclude dirs and/or files: 
[0.807s] -- Added test 'cpplint' to check C / C++ code against the Google style
[0.807s] -- Configured cpplint exclude dirs and/or files: 
[0.807s] -- Added test 'lint_cmake' to check CMake code style
[0.808s] -- Added test 'uncrustify' to check C / C++ code style
[0.808s] -- Configured uncrustify additional arguments: 
[0.809s] -- Added test 'xmllint' to check XML markup files
[0.810s] -- Configuring done
[0.813s] -- Generating done
[0.814s] -- Build files have been written to: /home/y/SA_CAO_Simu/SA_CAO/build/dynamixel_sdk_examples
[0.819s] Invoked command in '/home/y/SA_CAO_Simu/SA_CAO/build/dynamixel_sdk_examples' returned '0': CMAKE_PREFIX_PATH=/home/y/SA_CAO_Simu/SA_CAO/install/dynamixel_sdk_custom_interfaces:/home/y/SA_CAO_Simu/SA_CAO/install/dynamixel_sdk:/home/y/SA_CAO_Simu/SA_CAO/install/turtlebot3:/home/y/SA_CAO_Simu/SA_CAO/install/turtlebot3_simulations:/home/y/SA_CAO_Simu/SA_CAO/install/turtlebot3_bringup:/home/y/SA_CAO_Simu/SA_CAO/install/turtlebot3_node:/home/y/SA_CAO_Simu/SA_CAO/install/turtlebot3_navigation2:/home/y/SA_CAO_Simu/SA_CAO/install/turtlebot3_fake_node:/home/y/SA_CAO_Simu/SA_CAO/install/turtlebot3_msgs:/home/y/SA_CAO_Simu/SA_CAO/install/turtlebot3_gazebo:/home/y/SA_CAO_Simu/SA_CAO/install/turtlebot3_description:/home/y/SA_CAO_Simu/SA_CAO/install/turtlebot3_cartographer:/home/y/SA_CAO_Simu/SA_CAO/install/sub_dwav15:/home/y/SA_CAO_Simu/SA_CAO/install/motion_msgs:/home/y/SA_CAO_Simu/SA_CAO/install/hls_lfcd_lds_driver:/home/y/SA_CAO_Simu/SA_CAO/install/dynamixel_sdk_examples:/home/y/SA_CAO_Simu/SA_CAO/install/turtlebot3_teleop:/home/y/SA_CAO_Simu/SA_CAO/install/turtlebot3_example:/home/y/SA_CAO_Simu/SA_CAO/install/pure_pursuit:/home/y/SA_CAO_Simu/SA_CAO/install/my_balance_pkg:/home/y/SA_CAO_Simu/SA_CAO/install/launch_diablo:/opt/ros/foxy LD_LIBRARY_PATH=/home/y/SA_CAO_Simu/SA_CAO/install/dynamixel_sdk_custom_interfaces/lib:/home/y/SA_CAO_Simu/SA_CAO/install/dynamixel_sdk/lib:/home/y/SA_CAO_Simu/SA_CAO/install/turtlebot3_msgs/lib:/home/y/SA_CAO_Simu/SA_CAO/install/motion_msgs/lib:/usr/local/lib:/usr/lib/aarch64-linux-gnu/gazebo-11/plugins:/opt/ros/foxy/opt/yaml_cpp_vendor/lib:/opt/ros/foxy/opt/rviz_ogre_vendor/lib:/opt/ros/foxy/lib/aarch64-linux-gnu:/opt/ros/foxy/lib PYTHONPATH=/home/y/SA_CAO_Simu/SA_CAO/install/dynamixel_sdk_custom_interfaces/lib/python3.8/site-packages:/home/y/SA_CAO_Simu/SA_CAO/install/turtlebot3_teleop/lib/python3.8/site-packages:/home/y/SA_CAO_Simu/SA_CAO/install/turtlebot3_example/lib/python3.8/site-packages:/home/y/SA_CAO_Simu/SA_CAO/install/turtlebot3_msgs/lib/python3.8/site-packages:/home/y/SA_CAO_Simu/SA_CAO/install/pure_pursuit/lib/python3.8/site-packages:/home/y/SA_CAO_Simu/SA_CAO/install/my_balance_pkg/lib/python3.8/site-packages:/home/y/SA_CAO_Simu/SA_CAO/install/motion_msgs/lib/python3.8/site-packages:/home/y/SA_CAO_Simu/SA_CAO/install/launch_diablo/lib/python3.8/site-packages:/opt/ros/foxy/lib/python3.8/site-packages /usr/bin/cmake /home/y/SA_CAO_Simu/SA_CAO/src/utils/DynamixelSDK/dynamixel_sdk_examples -DCMAKE_INSTALL_PREFIX=/home/y/SA_CAO_Simu/SA_CAO/install/dynamixel_sdk_examples
[0.819s] Invoking command in '/home/y/SA_CAO_Simu/SA_CAO/build/dynamixel_sdk_examples': CMAKE_PREFIX_PATH=/home/y/SA_CAO_Simu/SA_CAO/install/dynamixel_sdk_custom_interfaces:/home/y/SA_CAO_Simu/SA_CAO/install/dynamixel_sdk:/home/y/SA_CAO_Simu/SA_CAO/install/turtlebot3:/home/y/SA_CAO_Simu/SA_CAO/install/turtlebot3_simulations:/home/y/SA_CAO_Simu/SA_CAO/install/turtlebot3_bringup:/home/y/SA_CAO_Simu/SA_CAO/install/turtlebot3_node:/home/y/SA_CAO_Simu/SA_CAO/install/turtlebot3_navigation2:/home/y/SA_CAO_Simu/SA_CAO/install/turtlebot3_fake_node:/home/y/SA_CAO_Simu/SA_CAO/install/turtlebot3_msgs:/home/y/SA_CAO_Simu/SA_CAO/install/turtlebot3_gazebo:/home/y/SA_CAO_Simu/SA_CAO/install/turtlebot3_description:/home/y/SA_CAO_Simu/SA_CAO/install/turtlebot3_cartographer:/home/y/SA_CAO_Simu/SA_CAO/install/sub_dwav15:/home/y/SA_CAO_Simu/SA_CAO/install/motion_msgs:/home/y/SA_CAO_Simu/SA_CAO/install/hls_lfcd_lds_driver:/home/y/SA_CAO_Simu/SA_CAO/install/dynamixel_sdk_examples:/home/y/SA_CAO_Simu/SA_CAO/install/turtlebot3_teleop:/home/y/SA_CAO_Simu/SA_CAO/install/turtlebot3_example:/home/y/SA_CAO_Simu/SA_CAO/install/pure_pursuit:/home/y/SA_CAO_Simu/SA_CAO/install/my_balance_pkg:/home/y/SA_CAO_Simu/SA_CAO/install/launch_diablo:/opt/ros/foxy LD_LIBRARY_PATH=/home/y/SA_CAO_Simu/SA_CAO/install/dynamixel_sdk_custom_interfaces/lib:/home/y/SA_CAO_Simu/SA_CAO/install/dynamixel_sdk/lib:/home/y/SA_CAO_Simu/SA_CAO/install/turtlebot3_msgs/lib:/home/y/SA_CAO_Simu/SA_CAO/install/motion_msgs/lib:/usr/local/lib:/usr/lib/aarch64-linux-gnu/gazebo-11/plugins:/opt/ros/foxy/opt/yaml_cpp_vendor/lib:/opt/ros/foxy/opt/rviz_ogre_vendor/lib:/opt/ros/foxy/lib/aarch64-linux-gnu:/opt/ros/foxy/lib PYTHONPATH=/home/y/SA_CAO_Simu/SA_CAO/install/dynamixel_sdk_custom_interfaces/lib/python3.8/site-packages:/home/y/SA_CAO_Simu/SA_CAO/install/turtlebot3_teleop/lib/python3.8/site-packages:/home/y/SA_CAO_Simu/SA_CAO/install/turtlebot3_example/lib/python3.8/site-packages:/home/y/SA_CAO_Simu/SA_CAO/install/turtlebot3_msgs/lib/python3.8/site-packages:/home/y/SA_CAO_Simu/SA_CAO/install/pure_pursuit/lib/python3.8/site-packages:/home/y/SA_CAO_Simu/SA_CAO/install/my_balance_pkg/lib/python3.8/site-packages:/home/y/SA_CAO_Simu/SA_CAO/install/motion_msgs/lib/python3.8/site-packages:/home/y/SA_CAO_Simu/SA_CAO/install/launch_diablo/lib/python3.8/site-packages:/opt/ros/foxy/lib/python3.8/site-packages /usr/bin/cmake --build /home/y/SA_CAO_Simu/SA_CAO/build/dynamixel_sdk_examples -- -j2 -l2
[0.862s] [35m[1mScanning dependencies of target read_write_node[0m
[0.887s] [ 50%] [32mBuilding CXX object CMakeFiles/read_write_node.dir/src/read_write_node.cpp.o[0m
[2.704s] [100%] [32m[1mLinking CXX executable read_write_node[0m
[2.806s] [100%] Built target read_write_node
[2.812s] Invoked command in '/home/y/SA_CAO_Simu/SA_CAO/build/dynamixel_sdk_examples' returned '0': CMAKE_PREFIX_PATH=/home/y/SA_CAO_Simu/SA_CAO/install/dynamixel_sdk_custom_interfaces:/home/y/SA_CAO_Simu/SA_CAO/install/dynamixel_sdk:/home/y/SA_CAO_Simu/SA_CAO/install/turtlebot3:/home/y/SA_CAO_Simu/SA_CAO/install/turtlebot3_simulations:/home/y/SA_CAO_Simu/SA_CAO/install/turtlebot3_bringup:/home/y/SA_CAO_Simu/SA_CAO/install/turtlebot3_node:/home/y/SA_CAO_Simu/SA_CAO/install/turtlebot3_navigation2:/home/y/SA_CAO_Simu/SA_CAO/install/turtlebot3_fake_node:/home/y/SA_CAO_Simu/SA_CAO/install/turtlebot3_msgs:/home/y/SA_CAO_Simu/SA_CAO/install/turtlebot3_gazebo:/home/y/SA_CAO_Simu/SA_CAO/install/turtlebot3_description:/home/y/SA_CAO_Simu/SA_CAO/install/turtlebot3_cartographer:/home/y/SA_CAO_Simu/SA_CAO/install/sub_dwav15:/home/y/SA_CAO_Simu/SA_CAO/install/motion_msgs:/home/y/SA_CAO_Simu/SA_CAO/install/hls_lfcd_lds_driver:/home/y/SA_CAO_Simu/SA_CAO/install/dynamixel_sdk_examples:/home/y/SA_CAO_Simu/SA_CAO/install/turtlebot3_teleop:/home/y/SA_CAO_Simu/SA_CAO/install/turtlebot3_example:/home/y/SA_CAO_Simu/SA_CAO/install/pure_pursuit:/home/y/SA_CAO_Simu/SA_CAO/install/my_balance_pkg:/home/y/SA_CAO_Simu/SA_CAO/install/launch_diablo:/opt/ros/foxy LD_LIBRARY_PATH=/home/y/SA_CAO_Simu/SA_CAO/install/dynamixel_sdk_custom_interfaces/lib:/home/y/SA_CAO_Simu/SA_CAO/install/dynamixel_sdk/lib:/home/y/SA_CAO_Simu/SA_CAO/install/turtlebot3_msgs/lib:/home/y/SA_CAO_Simu/SA_CAO/install/motion_msgs/lib:/usr/local/lib:/usr/lib/aarch64-linux-gnu/gazebo-11/plugins:/opt/ros/foxy/opt/yaml_cpp_vendor/lib:/opt/ros/foxy/opt/rviz_ogre_vendor/lib:/opt/ros/foxy/lib/aarch64-linux-gnu:/opt/ros/foxy/lib PYTHONPATH=/home/y/SA_CAO_Simu/SA_CAO/install/dynamixel_sdk_custom_interfaces/lib/python3.8/site-packages:/home/y/SA_CAO_Simu/SA_CAO/install/turtlebot3_teleop/lib/python3.8/site-packages:/home/y/SA_CAO_Simu/SA_CAO/install/turtlebot3_example/lib/python3.8/site-packages:/home/y/SA_CAO_Simu/SA_CAO/install/turtlebot3_msgs/lib/python3.8/site-packages:/home/y/SA_CAO_Simu/SA_CAO/install/pure_pursuit/lib/python3.8/site-packages:/home/y/SA_CAO_Simu/SA_CAO/install/my_balance_pkg/lib/python3.8/site-packages:/home/y/SA_CAO_Simu/SA_CAO/install/motion_msgs/lib/python3.8/site-packages:/home/y/SA_CAO_Simu/SA_CAO/install/launch_diablo/lib/python3.8/site-packages:/opt/ros/foxy/lib/python3.8/site-packages /usr/bin/cmake --build /home/y/SA_CAO_Simu/SA_CAO/build/dynamixel_sdk_examples -- -j2 -l2
[2.812s] Invoking command in '/home/y/SA_CAO_Simu/SA_CAO/build/dynamixel_sdk_examples': CMAKE_PREFIX_PATH=/home/y/SA_CAO_Simu/SA_CAO/install/dynamixel_sdk_custom_interfaces:/home/y/SA_CAO_Simu/SA_CAO/install/dynamixel_sdk:/home/y/SA_CAO_Simu/SA_CAO/install/turtlebot3:/home/y/SA_CAO_Simu/SA_CAO/install/turtlebot3_simulations:/home/y/SA_CAO_Simu/SA_CAO/install/turtlebot3_bringup:/home/y/SA_CAO_Simu/SA_CAO/install/turtlebot3_node:/home/y/SA_CAO_Simu/SA_CAO/install/turtlebot3_navigation2:/home/y/SA_CAO_Simu/SA_CAO/install/turtlebot3_fake_node:/home/y/SA_CAO_Simu/SA_CAO/install/turtlebot3_msgs:/home/y/SA_CAO_Simu/SA_CAO/install/turtlebot3_gazebo:/home/y/SA_CAO_Simu/SA_CAO/install/turtlebot3_description:/home/y/SA_CAO_Simu/SA_CAO/install/turtlebot3_cartographer:/home/y/SA_CAO_Simu/SA_CAO/install/sub_dwav15:/home/y/SA_CAO_Simu/SA_CAO/install/motion_msgs:/home/y/SA_CAO_Simu/SA_CAO/install/hls_lfcd_lds_driver:/home/y/SA_CAO_Simu/SA_CAO/install/dynamixel_sdk_examples:/home/y/SA_CAO_Simu/SA_CAO/install/turtlebot3_teleop:/home/y/SA_CAO_Simu/SA_CAO/install/turtlebot3_example:/home/y/SA_CAO_Simu/SA_CAO/install/pure_pursuit:/home/y/SA_CAO_Simu/SA_CAO/install/my_balance_pkg:/home/y/SA_CAO_Simu/SA_CAO/install/launch_diablo:/opt/ros/foxy LD_LIBRARY_PATH=/home/y/SA_CAO_Simu/SA_CAO/install/dynamixel_sdk_custom_interfaces/lib:/home/y/SA_CAO_Simu/SA_CAO/install/dynamixel_sdk/lib:/home/y/SA_CAO_Simu/SA_CAO/install/turtlebot3_msgs/lib:/home/y/SA_CAO_Simu/SA_CAO/install/motion_msgs/lib:/usr/local/lib:/usr/lib/aarch64-linux-gnu/gazebo-11/plugins:/opt/ros/foxy/opt/yaml_cpp_vendor/lib:/opt/ros/foxy/opt/rviz_ogre_vendor/lib:/opt/ros/foxy/lib/aarch64-linux-gnu:/opt/ros/foxy/lib PYTHONPATH=/home/y/SA_CAO_Simu/SA_CAO/install/dynamixel_sdk_custom_interfaces/lib/python3.8/site-packages:/home/y/SA_CAO_Simu/SA_CAO/install/turtlebot3_teleop/lib/python3.8/site-packages:/home/y/SA_CAO_Simu/SA_CAO/install/turtlebot3_example/lib/python3.8/site-packages:/home/y/SA_CAO_Simu/SA_CAO/install/turtlebot3_msgs/lib/python3.8/site-packages:/home/y/SA_CAO_Simu/SA_CAO/install/pure_pursuit/lib/python3.8/site-packages:/home/y/SA_CAO_Simu/SA_CAO/install/my_balance_pkg/lib/python3.8/site-packages:/home/y/SA_CAO_Simu/SA_CAO/install/motion_msgs/lib/python3.8/site-packages:/home/y/SA_CAO_Simu/SA_CAO/install/launch_diablo/lib/python3.8/site-packages:/opt/ros/foxy/lib/python3.8/site-packages /usr/bin/cmake --install /home/y/SA_CAO_Simu/SA_CAO/build/dynamixel_sdk_examples
[2.820s] -- Install configuration: ""
[2.820s] -- Installing: /home/y/SA_CAO_Simu/SA_CAO/install/dynamixel_sdk_examples/lib/dynamixel_sdk_examples/read_write_node
[2.820s] -- Set runtime path of "/home/y/SA_CAO_Simu/SA_CAO/install/dynamixel_sdk_examples/lib/dynamixel_sdk_examples/read_write_node" to ""
[2.820s] -- Installing: /home/y/SA_CAO_Simu/SA_CAO/install/dynamixel_sdk_examples/share/ament_index/resource_index/package_run_dependencies/dynamixel_sdk_examples
[2.820s] -- Installing: /home/y/SA_CAO_Simu/SA_CAO/install/dynamixel_sdk_examples/share/ament_index/resource_index/parent_prefix_path/dynamixel_sdk_examples
[2.820s] -- Installing: /home/y/SA_CAO_Simu/SA_CAO/install/dynamixel_sdk_examples/share/dynamixel_sdk_examples/environment/ament_prefix_path.sh
[2.820s] -- Installing: /home/y/SA_CAO_Simu/SA_CAO/install/dynamixel_sdk_examples/share/dynamixel_sdk_examples/environment/ament_prefix_path.dsv
[2.820s] -- Installing: /home/y/SA_CAO_Simu/SA_CAO/install/dynamixel_sdk_examples/share/dynamixel_sdk_examples/environment/path.sh
[2.820s] -- Installing: /home/y/SA_CAO_Simu/SA_CAO/install/dynamixel_sdk_examples/share/dynamixel_sdk_examples/environment/path.dsv
[2.821s] -- Installing: /home/y/SA_CAO_Simu/SA_CAO/install/dynamixel_sdk_examples/share/dynamixel_sdk_examples/local_setup.bash
[2.821s] -- Installing: /home/y/SA_CAO_Simu/SA_CAO/install/dynamixel_sdk_examples/share/dynamixel_sdk_examples/local_setup.sh
[2.821s] -- Installing: /home/y/SA_CAO_Simu/SA_CAO/install/dynamixel_sdk_examples/share/dynamixel_sdk_examples/local_setup.zsh
[2.821s] -- Installing: /home/y/SA_CAO_Simu/SA_CAO/install/dynamixel_sdk_examples/share/dynamixel_sdk_examples/local_setup.dsv
[2.821s] -- Installing: /home/y/SA_CAO_Simu/SA_CAO/install/dynamixel_sdk_examples/share/dynamixel_sdk_examples/package.dsv
[2.821s] -- Installing: /home/y/SA_CAO_Simu/SA_CAO/install/dynamixel_sdk_examples/share/ament_index/resource_index/packages/dynamixel_sdk_examples
[2.821s] -- Installing: /home/y/SA_CAO_Simu/SA_CAO/install/dynamixel_sdk_examples/share/dynamixel_sdk_examples/cmake/dynamixel_sdk_examplesConfig.cmake
[2.821s] -- Installing: /home/y/SA_CAO_Simu/SA_CAO/install/dynamixel_sdk_examples/share/dynamixel_sdk_examples/cmake/dynamixel_sdk_examplesConfig-version.cmake
[2.821s] -- Installing: /home/y/SA_CAO_Simu/SA_CAO/install/dynamixel_sdk_examples/share/dynamixel_sdk_examples/package.xml
[2.824s] Invoked command in '/home/y/SA_CAO_Simu/SA_CAO/build/dynamixel_sdk_examples' returned '0': CMAKE_PREFIX_PATH=/home/y/SA_CAO_Simu/SA_CAO/install/dynamixel_sdk_custom_interfaces:/home/y/SA_CAO_Simu/SA_CAO/install/dynamixel_sdk:/home/y/SA_CAO_Simu/SA_CAO/install/turtlebot3:/home/y/SA_CAO_Simu/SA_CAO/install/turtlebot3_simulations:/home/y/SA_CAO_Simu/SA_CAO/install/turtlebot3_bringup:/home/y/SA_CAO_Simu/SA_CAO/install/turtlebot3_node:/home/y/SA_CAO_Simu/SA_CAO/install/turtlebot3_navigation2:/home/y/SA_CAO_Simu/SA_CAO/install/turtlebot3_fake_node:/home/y/SA_CAO_Simu/SA_CAO/install/turtlebot3_msgs:/home/y/SA_CAO_Simu/SA_CAO/install/turtlebot3_gazebo:/home/y/SA_CAO_Simu/SA_CAO/install/turtlebot3_description:/home/y/SA_CAO_Simu/SA_CAO/install/turtlebot3_cartographer:/home/y/SA_CAO_Simu/SA_CAO/install/sub_dwav15:/home/y/SA_CAO_Simu/SA_CAO/install/motion_msgs:/home/y/SA_CAO_Simu/SA_CAO/install/hls_lfcd_lds_driver:/home/y/SA_CAO_Simu/SA_CAO/install/dynamixel_sdk_examples:/home/y/SA_CAO_Simu/SA_CAO/install/turtlebot3_teleop:/home/y/SA_CAO_Simu/SA_CAO/install/turtlebot3_example:/home/y/SA_CAO_Simu/SA_CAO/install/pure_pursuit:/home/y/SA_CAO_Simu/SA_CAO/install/my_balance_pkg:/home/y/SA_CAO_Simu/SA_CAO/install/launch_diablo:/opt/ros/foxy LD_LIBRARY_PATH=/home/y/SA_CAO_Simu/SA_CAO/install/dynamixel_sdk_custom_interfaces/lib:/home/y/SA_CAO_Simu/SA_CAO/install/dynamixel_sdk/lib:/home/y/SA_CAO_Simu/SA_CAO/install/turtlebot3_msgs/lib:/home/y/SA_CAO_Simu/SA_CAO/install/motion_msgs/lib:/usr/local/lib:/usr/lib/aarch64-linux-gnu/gazebo-11/plugins:/opt/ros/foxy/opt/yaml_cpp_vendor/lib:/opt/ros/foxy/opt/rviz_ogre_vendor/lib:/opt/ros/foxy/lib/aarch64-linux-gnu:/opt/ros/foxy/lib PYTHONPATH=/home/y/SA_CAO_Simu/SA_CAO/install/dynamixel_sdk_custom_interfaces/lib/python3.8/site-packages:/home/y/SA_CAO_Simu/SA_CAO/install/turtlebot3_teleop/lib/python3.8/site-packages:/home/y/SA_CAO_Simu/SA_CAO/install/turtlebot3_example/lib/python3.8/site-packages:/home/y/SA_CAO_Simu/SA_CAO/install/turtlebot3_msgs/lib/python3.8/site-packages:/home/y/SA_CAO_Simu/SA_CAO/install/pure_pursuit/lib/python3.8/site-packages:/home/y/SA_CAO_Simu/SA_CAO/install/my_balance_pkg/lib/python3.8/site-packages:/home/y/SA_CAO_Simu/SA_CAO/install/motion_msgs/lib/python3.8/site-packages:/home/y/SA_CAO_Simu/SA_CAO/install/launch_diablo/lib/python3.8/site-packages:/opt/ros/foxy/lib/python3.8/site-packages /usr/bin/cmake --install /home/y/SA_CAO_Simu/SA_CAO/build/dynamixel_sdk_examples
