[0.021s] Invoking command in '/home/y/SA_CAO/build/motion_msgs': CMAKE_PREFIX_PATH=/home/y/SA_CAO/install/sub_diablo:/home/y/SA_CAO/install/motion_msgs:/home/y/SA_CAO/install/robot_launch:/home/y/SA_CAO/install/my_xbox_joystick:/home/y/SA_CAO/install/cmd_vel2motionctrl:/home/y/SA_CAO/install/cmd_vel2MotionCtrl:/opt/ros/foxy:/home/y/oradar_ros/install/oradar_lidar /usr/bin/cmake --build /home/y/SA_CAO/build/motion_msgs -- -j2 -l2
[0.086s] [  1%] Built target motion_msgs__cpp
[0.099s] [ 12%] Built target motion_msgs__rosidl_generator_c
[0.106s] [ 23%] Built target motion_msgs__rosidl_typesupport_cpp
[0.145s] [ 35%] Built target motion_msgs__rosidl_typesupport_fastrtps_cpp
[0.158s] [ 46%] Built target motion_msgs__rosidl_typesupport_introspection_c
[0.165s] [ 57%] Built target motion_msgs__rosidl_typesupport_c
[0.193s] [ 69%] Built target motion_msgs__rosidl_typesupport_fastrtps_c
[0.204s] [ 80%] Built target motion_msgs__rosidl_typesupport_introspection_cpp
[0.222s] [ 80%] Built target motion_msgs
[0.246s] [ 81%] Built target motion_msgs__py
[0.273s] [ 91%] Built target motion_msgs__python
[0.313s] [ 94%] Built target motion_msgs__rosidl_typesupport_c__pyext
[0.324s] [ 97%] Built target motion_msgs__rosidl_typesupport_introspection_c__pyext
[0.348s] [100%] Built target motion_msgs__rosidl_typesupport_fastrtps_c__pyext
[0.360s] Invoked command in '/home/y/SA_CAO/build/motion_msgs' returned '0': CMAKE_PREFIX_PATH=/home/y/SA_CAO/install/sub_diablo:/home/y/SA_CAO/install/motion_msgs:/home/y/SA_CAO/install/robot_launch:/home/y/SA_CAO/install/my_xbox_joystick:/home/y/SA_CAO/install/cmd_vel2motionctrl:/home/y/SA_CAO/install/cmd_vel2MotionCtrl:/opt/ros/foxy:/home/y/oradar_ros/install/oradar_lidar /usr/bin/cmake --build /home/y/SA_CAO/build/motion_msgs -- -j2 -l2
[0.372s] Invoking command in '/home/y/SA_CAO/build/motion_msgs': CMAKE_PREFIX_PATH=/home/y/SA_CAO/install/sub_diablo:/home/y/SA_CAO/install/motion_msgs:/home/y/SA_CAO/install/robot_launch:/home/y/SA_CAO/install/my_xbox_joystick:/home/y/SA_CAO/install/cmd_vel2motionctrl:/home/y/SA_CAO/install/cmd_vel2MotionCtrl:/opt/ros/foxy:/home/y/oradar_ros/install/oradar_lidar /usr/bin/cmake --install /home/y/SA_CAO/build/motion_msgs
[0.381s] -- Install configuration: ""
[0.382s] -- Up-to-date: /home/y/SA_CAO/install/motion_msgs/share/ament_index/resource_index/rosidl_interfaces/motion_msgs
[0.382s] -- Up-to-date: /home/y/SA_CAO/install/motion_msgs/include/motion_msgs
[0.382s] -- Up-to-date: /home/y/SA_CAO/install/motion_msgs/include/motion_msgs/msg
[0.382s] -- Up-to-date: /home/y/SA_CAO/install/motion_msgs/include/motion_msgs/msg/movement_ctrl_mode.h
[0.382s] -- Up-to-date: /home/y/SA_CAO/install/motion_msgs/include/motion_msgs/msg/rosidl_generator_c__visibility_control.h
[0.383s] -- Up-to-date: /home/y/SA_CAO/install/motion_msgs/include/motion_msgs/msg/robot_status.h
[0.383s] -- Up-to-date: /home/y/SA_CAO/install/motion_msgs/include/motion_msgs/msg/leg_motors.h
[0.383s] -- Up-to-date: /home/y/SA_CAO/install/motion_msgs/include/motion_msgs/msg/ctrl_plot.h
[0.383s] -- Up-to-date: /home/y/SA_CAO/install/motion_msgs/include/motion_msgs/msg/motion_ctrl.h
[0.384s] -- Up-to-date: /home/y/SA_CAO/install/motion_msgs/include/motion_msgs/msg/movement_ctrl_data.h
[0.384s] -- Up-to-date: /home/y/SA_CAO/install/motion_msgs/include/motion_msgs/msg/detail
[0.384s] -- Up-to-date: /home/y/SA_CAO/install/motion_msgs/include/motion_msgs/msg/detail/robot_status__type_support.h
[0.384s] -- Up-to-date: /home/y/SA_CAO/install/motion_msgs/include/motion_msgs/msg/detail/movement_ctrl_data__functions.h
[0.384s] -- Up-to-date: /home/y/SA_CAO/install/motion_msgs/include/motion_msgs/msg/detail/movement_ctrl_mode__type_support.h
[0.384s] -- Up-to-date: /home/y/SA_CAO/install/motion_msgs/include/motion_msgs/msg/detail/motion_ctrl__functions.c
[0.384s] -- Up-to-date: /home/y/SA_CAO/install/motion_msgs/include/motion_msgs/msg/detail/movement_ctrl_data__functions.c
[0.385s] -- Up-to-date: /home/y/SA_CAO/install/motion_msgs/include/motion_msgs/msg/detail/ctrl_plot__type_support.h
[0.385s] -- Up-to-date: /home/y/SA_CAO/install/motion_msgs/include/motion_msgs/msg/detail/leg_motors__struct.h
[0.385s] -- Up-to-date: /home/y/SA_CAO/install/motion_msgs/include/motion_msgs/msg/detail/movement_ctrl_data__struct.h
[0.385s] -- Up-to-date: /home/y/SA_CAO/install/motion_msgs/include/motion_msgs/msg/detail/movement_ctrl_mode__struct.h
[0.385s] -- Up-to-date: /home/y/SA_CAO/install/motion_msgs/include/motion_msgs/msg/detail/ctrl_plot__functions.h
[0.385s] -- Up-to-date: /home/y/SA_CAO/install/motion_msgs/include/motion_msgs/msg/detail/leg_motors__type_support.h
[0.385s] -- Up-to-date: /home/y/SA_CAO/install/motion_msgs/include/motion_msgs/msg/detail/motion_ctrl__functions.h
[0.385s] -- Up-to-date: /home/y/SA_CAO/install/motion_msgs/include/motion_msgs/msg/detail/motion_ctrl__type_support.h
[0.386s] -- Up-to-date: /home/y/SA_CAO/install/motion_msgs/include/motion_msgs/msg/detail/leg_motors__functions.h
[0.386s] -- Up-to-date: /home/y/SA_CAO/install/motion_msgs/include/motion_msgs/msg/detail/robot_status__struct.h
[0.386s] -- Up-to-date: /home/y/SA_CAO/install/motion_msgs/include/motion_msgs/msg/detail/movement_ctrl_mode__functions.c
[0.387s] -- Up-to-date: /home/y/SA_CAO/install/motion_msgs/include/motion_msgs/msg/detail/robot_status__functions.h
[0.387s] -- Up-to-date: /home/y/SA_CAO/install/motion_msgs/include/motion_msgs/msg/detail/movement_ctrl_mode__functions.h
[0.387s] -- Up-to-date: /home/y/SA_CAO/install/motion_msgs/include/motion_msgs/msg/detail/leg_motors__functions.c
[0.387s] -- Up-to-date: /home/y/SA_CAO/install/motion_msgs/include/motion_msgs/msg/detail/robot_status__functions.c
[0.387s] -- Up-to-date: /home/y/SA_CAO/install/motion_msgs/include/motion_msgs/msg/detail/motion_ctrl__struct.h
[0.387s] -- Up-to-date: /home/y/SA_CAO/install/motion_msgs/include/motion_msgs/msg/detail/ctrl_plot__struct.h
[0.387s] -- Up-to-date: /home/y/SA_CAO/install/motion_msgs/include/motion_msgs/msg/detail/movement_ctrl_data__type_support.h
[0.387s] -- Up-to-date: /home/y/SA_CAO/install/motion_msgs/include/motion_msgs/msg/detail/ctrl_plot__functions.c
[0.388s] -- Up-to-date: /home/y/SA_CAO/install/motion_msgs/share/motion_msgs/environment/library_path.sh
[0.388s] -- Up-to-date: /home/y/SA_CAO/install/motion_msgs/share/motion_msgs/environment/library_path.dsv
[0.388s] -- Up-to-date: /home/y/SA_CAO/install/motion_msgs/lib/libmotion_msgs__rosidl_generator_c.so
[0.388s] -- Up-to-date: /home/y/SA_CAO/install/motion_msgs/include/motion_msgs
[0.388s] -- Up-to-date: /home/y/SA_CAO/install/motion_msgs/include/motion_msgs/msg
[0.388s] -- Up-to-date: /home/y/SA_CAO/install/motion_msgs/include/motion_msgs/msg/detail
[0.388s] -- Up-to-date: /home/y/SA_CAO/install/motion_msgs/include/motion_msgs/msg/detail/motion_ctrl__rosidl_typesupport_fastrtps_c.h
[0.388s] -- Up-to-date: /home/y/SA_CAO/install/motion_msgs/include/motion_msgs/msg/detail/leg_motors__rosidl_typesupport_fastrtps_c.h
[0.388s] -- Up-to-date: /home/y/SA_CAO/install/motion_msgs/include/motion_msgs/msg/detail/movement_ctrl_mode__rosidl_typesupport_fastrtps_c.h
[0.388s] -- Up-to-date: /home/y/SA_CAO/install/motion_msgs/include/motion_msgs/msg/detail/robot_status__rosidl_typesupport_fastrtps_c.h
[0.388s] -- Up-to-date: /home/y/SA_CAO/install/motion_msgs/include/motion_msgs/msg/detail/movement_ctrl_data__rosidl_typesupport_fastrtps_c.h
[0.388s] -- Up-to-date: /home/y/SA_CAO/install/motion_msgs/include/motion_msgs/msg/detail/ctrl_plot__rosidl_typesupport_fastrtps_c.h
[0.388s] -- Up-to-date: /home/y/SA_CAO/install/motion_msgs/include/motion_msgs/msg/rosidl_typesupport_fastrtps_c__visibility_control.h
[0.388s] -- Up-to-date: /home/y/SA_CAO/install/motion_msgs/lib/libmotion_msgs__rosidl_typesupport_fastrtps_c.so
[0.388s] -- Up-to-date: /home/y/SA_CAO/install/motion_msgs/include/motion_msgs
[0.388s] -- Up-to-date: /home/y/SA_CAO/install/motion_msgs/include/motion_msgs/msg
[0.389s] -- Up-to-date: /home/y/SA_CAO/install/motion_msgs/include/motion_msgs/msg/rosidl_typesupport_fastrtps_cpp__visibility_control.h
[0.389s] -- Up-to-date: /home/y/SA_CAO/install/motion_msgs/include/motion_msgs/msg/detail
[0.389s] -- Up-to-date: /home/y/SA_CAO/install/motion_msgs/include/motion_msgs/msg/detail/movement_ctrl_data__rosidl_typesupport_fastrtps_cpp.hpp
[0.389s] -- Up-to-date: /home/y/SA_CAO/install/motion_msgs/include/motion_msgs/msg/detail/leg_motors__rosidl_typesupport_fastrtps_cpp.hpp
[0.389s] -- Up-to-date: /home/y/SA_CAO/install/motion_msgs/include/motion_msgs/msg/detail/dds_fastrtps
[0.389s] -- Up-to-date: /home/y/SA_CAO/install/motion_msgs/include/motion_msgs/msg/detail/ctrl_plot__rosidl_typesupport_fastrtps_cpp.hpp
[0.389s] -- Up-to-date: /home/y/SA_CAO/install/motion_msgs/include/motion_msgs/msg/detail/motion_ctrl__rosidl_typesupport_fastrtps_cpp.hpp
[0.389s] -- Up-to-date: /home/y/SA_CAO/install/motion_msgs/include/motion_msgs/msg/detail/robot_status__rosidl_typesupport_fastrtps_cpp.hpp
[0.389s] -- Up-to-date: /home/y/SA_CAO/install/motion_msgs/include/motion_msgs/msg/detail/movement_ctrl_mode__rosidl_typesupport_fastrtps_cpp.hpp
[0.389s] -- Up-to-date: /home/y/SA_CAO/install/motion_msgs/lib/libmotion_msgs__rosidl_typesupport_fastrtps_cpp.so
[0.389s] -- Up-to-date: /home/y/SA_CAO/install/motion_msgs/include/motion_msgs
[0.389s] -- Up-to-date: /home/y/SA_CAO/install/motion_msgs/include/motion_msgs/msg
[0.389s] -- Up-to-date: /home/y/SA_CAO/install/motion_msgs/include/motion_msgs/msg/rosidl_typesupport_introspection_c__visibility_control.h
[0.389s] -- Up-to-date: /home/y/SA_CAO/install/motion_msgs/include/motion_msgs/msg/detail
[0.389s] -- Up-to-date: /home/y/SA_CAO/install/motion_msgs/include/motion_msgs/msg/detail/ctrl_plot__type_support.c
[0.389s] -- Up-to-date: /home/y/SA_CAO/install/motion_msgs/include/motion_msgs/msg/detail/robot_status__rosidl_typesupport_introspection_c.h
[0.389s] -- Up-to-date: /home/y/SA_CAO/install/motion_msgs/include/motion_msgs/msg/detail/movement_ctrl_mode__rosidl_typesupport_introspection_c.h
[0.389s] -- Up-to-date: /home/y/SA_CAO/install/motion_msgs/include/motion_msgs/msg/detail/movement_ctrl_data__rosidl_typesupport_introspection_c.h
[0.389s] -- Up-to-date: /home/y/SA_CAO/install/motion_msgs/include/motion_msgs/msg/detail/robot_status__type_support.c
[0.389s] -- Up-to-date: /home/y/SA_CAO/install/motion_msgs/include/motion_msgs/msg/detail/movement_ctrl_mode__type_support.c
[0.389s] -- Up-to-date: /home/y/SA_CAO/install/motion_msgs/include/motion_msgs/msg/detail/motion_ctrl__rosidl_typesupport_introspection_c.h
[0.390s] -- Up-to-date: /home/y/SA_CAO/install/motion_msgs/include/motion_msgs/msg/detail/movement_ctrl_data__type_support.c
[0.390s] -- Up-to-date: /home/y/SA_CAO/install/motion_msgs/include/motion_msgs/msg/detail/leg_motors__type_support.c
[0.390s] -- Up-to-date: /home/y/SA_CAO/install/motion_msgs/include/motion_msgs/msg/detail/motion_ctrl__type_support.c
[0.390s] -- Up-to-date: /home/y/SA_CAO/install/motion_msgs/include/motion_msgs/msg/detail/ctrl_plot__rosidl_typesupport_introspection_c.h
[0.390s] -- Up-to-date: /home/y/SA_CAO/install/motion_msgs/include/motion_msgs/msg/detail/leg_motors__rosidl_typesupport_introspection_c.h
[0.390s] -- Up-to-date: /home/y/SA_CAO/install/motion_msgs/lib/libmotion_msgs__rosidl_typesupport_introspection_c.so
[0.390s] -- Up-to-date: /home/y/SA_CAO/install/motion_msgs/lib/libmotion_msgs__rosidl_typesupport_c.so
[0.390s] -- Up-to-date: /home/y/SA_CAO/install/motion_msgs/include/motion_msgs
[0.390s] -- Up-to-date: /home/y/SA_CAO/install/motion_msgs/include/motion_msgs/msg
[0.390s] -- Up-to-date: /home/y/SA_CAO/install/motion_msgs/include/motion_msgs/msg/rosidl_generator_cpp__visibility_control.hpp
[0.390s] -- Up-to-date: /home/y/SA_CAO/install/motion_msgs/include/motion_msgs/msg/robot_status.hpp
[0.390s] -- Up-to-date: /home/y/SA_CAO/install/motion_msgs/include/motion_msgs/msg/movement_ctrl_mode.hpp
[0.390s] -- Up-to-date: /home/y/SA_CAO/install/motion_msgs/include/motion_msgs/msg/ctrl_plot.hpp
[0.390s] -- Up-to-date: /home/y/SA_CAO/install/motion_msgs/include/motion_msgs/msg/leg_motors.hpp
[0.390s] -- Up-to-date: /home/y/SA_CAO/install/motion_msgs/include/motion_msgs/msg/motion_ctrl.hpp
[0.390s] -- Up-to-date: /home/y/SA_CAO/install/motion_msgs/include/motion_msgs/msg/detail
[0.390s] -- Up-to-date: /home/y/SA_CAO/install/motion_msgs/include/motion_msgs/msg/detail/robot_status__type_support.hpp
[0.390s] -- Up-to-date: /home/y/SA_CAO/install/motion_msgs/include/motion_msgs/msg/detail/robot_status__struct.hpp
[0.390s] -- Up-to-date: /home/y/SA_CAO/install/motion_msgs/include/motion_msgs/msg/detail/movement_ctrl_data__type_support.hpp
[0.391s] -- Up-to-date: /home/y/SA_CAO/install/motion_msgs/include/motion_msgs/msg/detail/movement_ctrl_mode__builder.hpp
[0.391s] -- Up-to-date: /home/y/SA_CAO/install/motion_msgs/include/motion_msgs/msg/detail/ctrl_plot__struct.hpp
[0.391s] -- Up-to-date: /home/y/SA_CAO/install/motion_msgs/include/motion_msgs/msg/detail/leg_motors__struct.hpp
[0.391s] -- Up-to-date: /home/y/SA_CAO/install/motion_msgs/include/motion_msgs/msg/detail/movement_ctrl_mode__type_support.hpp
[0.391s] -- Up-to-date: /home/y/SA_CAO/install/motion_msgs/include/motion_msgs/msg/detail/robot_status__builder.hpp
[0.391s] -- Up-to-date: /home/y/SA_CAO/install/motion_msgs/include/motion_msgs/msg/detail/motion_ctrl__traits.hpp
[0.391s] -- Up-to-date: /home/y/SA_CAO/install/motion_msgs/include/motion_msgs/msg/detail/motion_ctrl__type_support.hpp
[0.391s] -- Up-to-date: /home/y/SA_CAO/install/motion_msgs/include/motion_msgs/msg/detail/ctrl_plot__type_support.hpp
[0.391s] -- Up-to-date: /home/y/SA_CAO/install/motion_msgs/include/motion_msgs/msg/detail/leg_motors__builder.hpp
[0.391s] -- Up-to-date: /home/y/SA_CAO/install/motion_msgs/include/motion_msgs/msg/detail/ctrl_plot__builder.hpp
[0.391s] -- Up-to-date: /home/y/SA_CAO/install/motion_msgs/include/motion_msgs/msg/detail/movement_ctrl_mode__struct.hpp
[0.391s] -- Up-to-date: /home/y/SA_CAO/install/motion_msgs/include/motion_msgs/msg/detail/robot_status__traits.hpp
[0.391s] -- Up-to-date: /home/y/SA_CAO/install/motion_msgs/include/motion_msgs/msg/detail/movement_ctrl_mode__traits.hpp
[0.391s] -- Up-to-date: /home/y/SA_CAO/install/motion_msgs/include/motion_msgs/msg/detail/ctrl_plot__traits.hpp
[0.391s] -- Up-to-date: /home/y/SA_CAO/install/motion_msgs/include/motion_msgs/msg/detail/leg_motors__type_support.hpp
[0.391s] -- Up-to-date: /home/y/SA_CAO/install/motion_msgs/include/motion_msgs/msg/detail/leg_motors__traits.hpp
[0.391s] -- Up-to-date: /home/y/SA_CAO/install/motion_msgs/include/motion_msgs/msg/detail/movement_ctrl_data__builder.hpp
[0.391s] -- Up-to-date: /home/y/SA_CAO/install/motion_msgs/include/motion_msgs/msg/detail/movement_ctrl_data__traits.hpp
[0.391s] -- Up-to-date: /home/y/SA_CAO/install/motion_msgs/include/motion_msgs/msg/detail/motion_ctrl__struct.hpp
[0.391s] -- Up-to-date: /home/y/SA_CAO/install/motion_msgs/include/motion_msgs/msg/detail/movement_ctrl_data__struct.hpp
[0.391s] -- Up-to-date: /home/y/SA_CAO/install/motion_msgs/include/motion_msgs/msg/detail/motion_ctrl__builder.hpp
[0.392s] -- Up-to-date: /home/y/SA_CAO/install/motion_msgs/include/motion_msgs/msg/movement_ctrl_data.hpp
[0.392s] -- Up-to-date: /home/y/SA_CAO/install/motion_msgs/include/motion_msgs
[0.392s] -- Up-to-date: /home/y/SA_CAO/install/motion_msgs/include/motion_msgs/msg
[0.392s] -- Up-to-date: /home/y/SA_CAO/install/motion_msgs/include/motion_msgs/msg/detail
[0.392s] -- Up-to-date: /home/y/SA_CAO/install/motion_msgs/include/motion_msgs/msg/detail/movement_ctrl_data__type_support.cpp
[0.392s] -- Up-to-date: /home/y/SA_CAO/install/motion_msgs/include/motion_msgs/msg/detail/movement_ctrl_mode__type_support.cpp
[0.392s] -- Up-to-date: /home/y/SA_CAO/install/motion_msgs/include/motion_msgs/msg/detail/robot_status__type_support.cpp
[0.392s] -- Up-to-date: /home/y/SA_CAO/install/motion_msgs/include/motion_msgs/msg/detail/ctrl_plot__type_support.cpp
[0.392s] -- Up-to-date: /home/y/SA_CAO/install/motion_msgs/include/motion_msgs/msg/detail/movement_ctrl_data__rosidl_typesupport_introspection_cpp.hpp
[0.392s] -- Up-to-date: /home/y/SA_CAO/install/motion_msgs/include/motion_msgs/msg/detail/robot_status__rosidl_typesupport_introspection_cpp.hpp
[0.392s] -- Up-to-date: /home/y/SA_CAO/install/motion_msgs/include/motion_msgs/msg/detail/leg_motors__type_support.cpp
[0.392s] -- Up-to-date: /home/y/SA_CAO/install/motion_msgs/include/motion_msgs/msg/detail/leg_motors__rosidl_typesupport_introspection_cpp.hpp
[0.392s] -- Up-to-date: /home/y/SA_CAO/install/motion_msgs/include/motion_msgs/msg/detail/motion_ctrl__type_support.cpp
[0.392s] -- Up-to-date: /home/y/SA_CAO/install/motion_msgs/include/motion_msgs/msg/detail/motion_ctrl__rosidl_typesupport_introspection_cpp.hpp
[0.392s] -- Up-to-date: /home/y/SA_CAO/install/motion_msgs/include/motion_msgs/msg/detail/ctrl_plot__rosidl_typesupport_introspection_cpp.hpp
[0.392s] -- Up-to-date: /home/y/SA_CAO/install/motion_msgs/include/motion_msgs/msg/detail/movement_ctrl_mode__rosidl_typesupport_introspection_cpp.hpp
[0.392s] -- Up-to-date: /home/y/SA_CAO/install/motion_msgs/lib/libmotion_msgs__rosidl_typesupport_introspection_cpp.so
[0.392s] -- Up-to-date: /home/y/SA_CAO/install/motion_msgs/lib/libmotion_msgs__rosidl_typesupport_cpp.so
[0.392s] -- Up-to-date: /home/y/SA_CAO/install/motion_msgs/share/motion_msgs/environment/pythonpath.sh
[0.392s] -- Up-to-date: /home/y/SA_CAO/install/motion_msgs/share/motion_msgs/environment/pythonpath.dsv
[0.392s] -- Up-to-date: /home/y/SA_CAO/install/motion_msgs/lib/python3.8/site-packages/motion_msgs/__init__.py
[0.417s] -- Up-to-date: /home/y/SA_CAO/install/motion_msgs/lib/python3.8/site-packages/motion_msgs/msg
[0.417s] -- Up-to-date: /home/y/SA_CAO/install/motion_msgs/lib/python3.8/site-packages/motion_msgs/msg/_ctrl_plot_s.c
[0.417s] -- Up-to-date: /home/y/SA_CAO/install/motion_msgs/lib/python3.8/site-packages/motion_msgs/msg/_robot_status.py
[0.417s] -- Up-to-date: /home/y/SA_CAO/install/motion_msgs/lib/python3.8/site-packages/motion_msgs/msg/_movement_ctrl_mode_s.c
[0.417s] -- Up-to-date: /home/y/SA_CAO/install/motion_msgs/lib/python3.8/site-packages/motion_msgs/msg/_leg_motors_s.c
[0.417s] -- Up-to-date: /home/y/SA_CAO/install/motion_msgs/lib/python3.8/site-packages/motion_msgs/msg/__init__.py
[0.417s] -- Up-to-date: /home/y/SA_CAO/install/motion_msgs/lib/python3.8/site-packages/motion_msgs/msg/_movement_ctrl_data.py
[0.417s] -- Up-to-date: /home/y/SA_CAO/install/motion_msgs/lib/python3.8/site-packages/motion_msgs/msg/_ctrl_plot.py
[0.417s] -- Up-to-date: /home/y/SA_CAO/install/motion_msgs/lib/python3.8/site-packages/motion_msgs/msg/_motion_ctrl.py
[0.417s] -- Up-to-date: /home/y/SA_CAO/install/motion_msgs/lib/python3.8/site-packages/motion_msgs/msg/_motion_ctrl_s.c
[0.417s] -- Up-to-date: /home/y/SA_CAO/install/motion_msgs/lib/python3.8/site-packages/motion_msgs/msg/_leg_motors.py
[0.417s] -- Up-to-date: /home/y/SA_CAO/install/motion_msgs/lib/python3.8/site-packages/motion_msgs/msg/_robot_status_s.c
[0.417s] -- Up-to-date: /home/y/SA_CAO/install/motion_msgs/lib/python3.8/site-packages/motion_msgs/msg/_movement_ctrl_data_s.c
[0.417s] -- Up-to-date: /home/y/SA_CAO/install/motion_msgs/lib/python3.8/site-packages/motion_msgs/msg/_movement_ctrl_mode.py
[0.417s] -- Up-to-date: /home/y/SA_CAO/install/motion_msgs/lib/python3.8/site-packages/motion_msgs/motion_msgs_s__rosidl_typesupport_fastrtps_c.cpython-38-x86_64-linux-gnu.so
[0.417s] -- Up-to-date: /home/y/SA_CAO/install/motion_msgs/lib/python3.8/site-packages/motion_msgs/motion_msgs_s__rosidl_typesupport_introspection_c.cpython-38-x86_64-linux-gnu.so
[0.418s] -- Up-to-date: /home/y/SA_CAO/install/motion_msgs/lib/python3.8/site-packages/motion_msgs/motion_msgs_s__rosidl_typesupport_c.cpython-38-x86_64-linux-gnu.so
[0.419s] -- Up-to-date: /home/y/SA_CAO/install/motion_msgs/lib/libmotion_msgs__python.so
[0.420s] -- Up-to-date: /home/y/SA_CAO/install/motion_msgs/share/motion_msgs/msg/CtrlPlot.idl
[0.420s] -- Up-to-date: /home/y/SA_CAO/install/motion_msgs/share/motion_msgs/msg/LegMotors.idl
[0.420s] -- Up-to-date: /home/y/SA_CAO/install/motion_msgs/share/motion_msgs/msg/MotionCtrl.idl
[0.421s] -- Up-to-date: /home/y/SA_CAO/install/motion_msgs/share/motion_msgs/msg/RobotStatus.idl
[0.421s] -- Up-to-date: /home/y/SA_CAO/install/motion_msgs/share/motion_msgs/msg/MovementCtrlData.idl
[0.421s] -- Up-to-date: /home/y/SA_CAO/install/motion_msgs/share/motion_msgs/msg/MovementCtrlMode.idl
[0.421s] -- Up-to-date: /home/y/SA_CAO/install/motion_msgs/share/motion_msgs/msg/CtrlPlot.msg
[0.421s] -- Up-to-date: /home/y/SA_CAO/install/motion_msgs/share/motion_msgs/msg/LegMotors.msg
[0.421s] -- Up-to-date: /home/y/SA_CAO/install/motion_msgs/share/motion_msgs/msg/MotionCtrl.msg
[0.421s] -- Up-to-date: /home/y/SA_CAO/install/motion_msgs/share/motion_msgs/msg/RobotStatus.msg
[0.421s] -- Up-to-date: /home/y/SA_CAO/install/motion_msgs/share/motion_msgs/msg/MovementCtrlData.msg
[0.421s] -- Up-to-date: /home/y/SA_CAO/install/motion_msgs/share/motion_msgs/msg/MovementCtrlMode.msg
[0.421s] -- Up-to-date: /home/y/SA_CAO/install/motion_msgs/share/ament_index/resource_index/package_run_dependencies/motion_msgs
[0.422s] -- Up-to-date: /home/y/SA_CAO/install/motion_msgs/share/ament_index/resource_index/parent_prefix_path/motion_msgs
[0.422s] -- Up-to-date: /home/y/SA_CAO/install/motion_msgs/share/motion_msgs/environment/ament_prefix_path.sh
[0.422s] -- Up-to-date: /home/y/SA_CAO/install/motion_msgs/share/motion_msgs/environment/ament_prefix_path.dsv
[0.422s] -- Up-to-date: /home/y/SA_CAO/install/motion_msgs/share/motion_msgs/environment/path.sh
[0.422s] -- Up-to-date: /home/y/SA_CAO/install/motion_msgs/share/motion_msgs/environment/path.dsv
[0.422s] -- Up-to-date: /home/y/SA_CAO/install/motion_msgs/share/motion_msgs/local_setup.bash
[0.422s] -- Up-to-date: /home/y/SA_CAO/install/motion_msgs/share/motion_msgs/local_setup.sh
[0.423s] -- Up-to-date: /home/y/SA_CAO/install/motion_msgs/share/motion_msgs/local_setup.zsh
[0.423s] -- Up-to-date: /home/y/SA_CAO/install/motion_msgs/share/motion_msgs/local_setup.dsv
[0.423s] -- Installing: /home/y/SA_CAO/install/motion_msgs/share/motion_msgs/package.dsv
[0.423s] -- Up-to-date: /home/y/SA_CAO/install/motion_msgs/share/ament_index/resource_index/packages/motion_msgs
[0.423s] -- Up-to-date: /home/y/SA_CAO/install/motion_msgs/share/motion_msgs/cmake/motion_msgs__rosidl_generator_cExport.cmake
[0.423s] -- Up-to-date: /home/y/SA_CAO/install/motion_msgs/share/motion_msgs/cmake/motion_msgs__rosidl_generator_cExport-noconfig.cmake
[0.423s] -- Up-to-date: /home/y/SA_CAO/install/motion_msgs/share/motion_msgs/cmake/motion_msgs__rosidl_typesupport_introspection_cExport.cmake
[0.423s] -- Up-to-date: /home/y/SA_CAO/install/motion_msgs/share/motion_msgs/cmake/motion_msgs__rosidl_typesupport_introspection_cExport-noconfig.cmake
[0.423s] -- Up-to-date: /home/y/SA_CAO/install/motion_msgs/share/motion_msgs/cmake/motion_msgs__rosidl_typesupport_cExport.cmake
[0.423s] -- Up-to-date: /home/y/SA_CAO/install/motion_msgs/share/motion_msgs/cmake/motion_msgs__rosidl_typesupport_cExport-noconfig.cmake
[0.424s] -- Up-to-date: /home/y/SA_CAO/install/motion_msgs/share/motion_msgs/cmake/motion_msgs__rosidl_generator_cppExport.cmake
[0.424s] -- Up-to-date: /home/y/SA_CAO/install/motion_msgs/share/motion_msgs/cmake/motion_msgs__rosidl_typesupport_introspection_cppExport.cmake
[0.424s] -- Up-to-date: /home/y/SA_CAO/install/motion_msgs/share/motion_msgs/cmake/motion_msgs__rosidl_typesupport_introspection_cppExport-noconfig.cmake
[0.424s] -- Up-to-date: /home/y/SA_CAO/install/motion_msgs/share/motion_msgs/cmake/motion_msgs__rosidl_typesupport_cppExport.cmake
[0.424s] -- Up-to-date: /home/y/SA_CAO/install/motion_msgs/share/motion_msgs/cmake/motion_msgs__rosidl_typesupport_cppExport-noconfig.cmake
[0.424s] -- Up-to-date: /home/y/SA_CAO/install/motion_msgs/share/motion_msgs/cmake/rosidl_cmake-extras.cmake
[0.424s] -- Up-to-date: /home/y/SA_CAO/install/motion_msgs/share/motion_msgs/cmake/ament_cmake_export_dependencies-extras.cmake
[0.424s] -- Up-to-date: /home/y/SA_CAO/install/motion_msgs/share/motion_msgs/cmake/ament_cmake_export_libraries-extras.cmake
[0.424s] -- Up-to-date: /home/y/SA_CAO/install/motion_msgs/share/motion_msgs/cmake/ament_cmake_export_targets-extras.cmake
[0.424s] -- Up-to-date: /home/y/SA_CAO/install/motion_msgs/share/motion_msgs/cmake/ament_cmake_export_include_directories-extras.cmake
[0.424s] -- Up-to-date: /home/y/SA_CAO/install/motion_msgs/share/motion_msgs/cmake/rosidl_cmake_export_typesupport_libraries-extras.cmake
[0.424s] -- Up-to-date: /home/y/SA_CAO/install/motion_msgs/share/motion_msgs/cmake/rosidl_cmake_export_typesupport_targets-extras.cmake
[0.424s] -- Up-to-date: /home/y/SA_CAO/install/motion_msgs/share/motion_msgs/cmake/motion_msgsConfig.cmake
[0.424s] -- Up-to-date: /home/y/SA_CAO/install/motion_msgs/share/motion_msgs/cmake/motion_msgsConfig-version.cmake
[0.438s] -- Up-to-date: /home/y/SA_CAO/install/motion_msgs/share/motion_msgs/package.xml
[0.439s] Invoked command in '/home/y/SA_CAO/build/motion_msgs' returned '0': CMAKE_PREFIX_PATH=/home/y/SA_CAO/install/sub_diablo:/home/y/SA_CAO/install/motion_msgs:/home/y/SA_CAO/install/robot_launch:/home/y/SA_CAO/install/my_xbox_joystick:/home/y/SA_CAO/install/cmd_vel2motionctrl:/home/y/SA_CAO/install/cmd_vel2MotionCtrl:/opt/ros/foxy:/home/y/oradar_ros/install/oradar_lidar /usr/bin/cmake --install /home/y/SA_CAO/build/motion_msgs
