[0.007s] Invoking command in '/home/y/SA_CAO_Simu/SA_CAO/build/turtlebot3_simulations': AMENT_PREFIX_PATH=/home/y/SA_CAO_Simu/SA_CAO/install/turtlebot3_gazebo:/home/y/SA_CAO_Simu/SA_CAO/install/turtlebot3_fake_node:/home/y/SA_CAO_Simu/SA_CAO/install/turtlebot3_msgs:/home/y/SA_CAO_Simu/SA_CAO/install/turtlebot3_description:${AMENT_PREFIX_PATH} CMAKE_PREFIX_PATH=/home/y/SA_CAO_Simu/SA_CAO/install/turtlebot3_gazebo:/home/y/SA_CAO_Simu/SA_CAO/install/turtlebot3_fake_node:/home/y/SA_CAO_Simu/SA_CAO/install/turtlebot3_msgs:/home/y/SA_CAO_Simu/SA_CAO/install/turtlebot3_description:/opt/ros/foxy LD_LIBRARY_PATH=/home/y/SA_CAO_Simu/SA_CAO/install/turtlebot3_msgs/lib:${LD_LIBRARY_PATH} PYTHONPATH=/home/y/SA_CAO_Simu/SA_CAO/install/turtlebot3_msgs/lib/python3.8/site-packages:${PYTHONPATH} /usr/bin/cmake --build /home/y/SA_CAO_Simu/SA_CAO/build/turtlebot3_simulations -- -j2 -l2
[0.029s] Invoked command in '/home/y/SA_CAO_Simu/SA_CAO/build/turtlebot3_simulations' returned '0': AMENT_PREFIX_PATH=/home/y/SA_CAO_Simu/SA_CAO/install/turtlebot3_gazebo:/home/y/SA_CAO_Simu/SA_CAO/install/turtlebot3_fake_node:/home/y/SA_CAO_Simu/SA_CAO/install/turtlebot3_msgs:/home/y/SA_CAO_Simu/SA_CAO/install/turtlebot3_description:${AMENT_PREFIX_PATH} CMAKE_PREFIX_PATH=/home/y/SA_CAO_Simu/SA_CAO/install/turtlebot3_gazebo:/home/y/SA_CAO_Simu/SA_CAO/install/turtlebot3_fake_node:/home/y/SA_CAO_Simu/SA_CAO/install/turtlebot3_msgs:/home/y/SA_CAO_Simu/SA_CAO/install/turtlebot3_description:/opt/ros/foxy LD_LIBRARY_PATH=/home/y/SA_CAO_Simu/SA_CAO/install/turtlebot3_msgs/lib:${LD_LIBRARY_PATH} PYTHONPATH=/home/y/SA_CAO_Simu/SA_CAO/install/turtlebot3_msgs/lib/python3.8/site-packages:${PYTHONPATH} /usr/bin/cmake --build /home/y/SA_CAO_Simu/SA_CAO/build/turtlebot3_simulations -- -j2 -l2
[0.031s] Invoking command in '/home/y/SA_CAO_Simu/SA_CAO/build/turtlebot3_simulations': AMENT_PREFIX_PATH=/home/y/SA_CAO_Simu/SA_CAO/install/turtlebot3_gazebo:/home/y/SA_CAO_Simu/SA_CAO/install/turtlebot3_fake_node:/home/y/SA_CAO_Simu/SA_CAO/install/turtlebot3_msgs:/home/y/SA_CAO_Simu/SA_CAO/install/turtlebot3_description:${AMENT_PREFIX_PATH} CMAKE_PREFIX_PATH=/home/y/SA_CAO_Simu/SA_CAO/install/turtlebot3_gazebo:/home/y/SA_CAO_Simu/SA_CAO/install/turtlebot3_fake_node:/home/y/SA_CAO_Simu/SA_CAO/install/turtlebot3_msgs:/home/y/SA_CAO_Simu/SA_CAO/install/turtlebot3_description:/opt/ros/foxy LD_LIBRARY_PATH=/home/y/SA_CAO_Simu/SA_CAO/install/turtlebot3_msgs/lib:${LD_LIBRARY_PATH} PYTHONPATH=/home/y/SA_CAO_Simu/SA_CAO/install/turtlebot3_msgs/lib/python3.8/site-packages:${PYTHONPATH} /usr/bin/cmake --install /home/y/SA_CAO_Simu/SA_CAO/build/turtlebot3_simulations
[0.035s] -- Install configuration: ""
[0.035s] -- Up-to-date: /home/y/SA_CAO_Simu/SA_CAO/install/turtlebot3_simulations/share/ament_index/resource_index/package_run_dependencies/turtlebot3_simulations
[0.035s] -- Up-to-date: /home/y/SA_CAO_Simu/SA_CAO/install/turtlebot3_simulations/share/ament_index/resource_index/parent_prefix_path/turtlebot3_simulations
[0.035s] -- Up-to-date: /home/y/SA_CAO_Simu/SA_CAO/install/turtlebot3_simulations/share/turtlebot3_simulations/environment/ament_prefix_path.sh
[0.036s] -- Up-to-date: /home/y/SA_CAO_Simu/SA_CAO/install/turtlebot3_simulations/share/turtlebot3_simulations/environment/ament_prefix_path.dsv
[0.036s] -- Up-to-date: /home/y/SA_CAO_Simu/SA_CAO/install/turtlebot3_simulations/share/turtlebot3_simulations/environment/path.sh
[0.036s] -- Up-to-date: /home/y/SA_CAO_Simu/SA_CAO/install/turtlebot3_simulations/share/turtlebot3_simulations/environment/path.dsv
[0.036s] -- Up-to-date: /home/y/SA_CAO_Simu/SA_CAO/install/turtlebot3_simulations/share/turtlebot3_simulations/local_setup.bash
[0.036s] -- Up-to-date: /home/y/SA_CAO_Simu/SA_CAO/install/turtlebot3_simulations/share/turtlebot3_simulations/local_setup.sh
[0.037s] -- Up-to-date: /home/y/SA_CAO_Simu/SA_CAO/install/turtlebot3_simulations/share/turtlebot3_simulations/local_setup.zsh
[0.037s] -- Up-to-date: /home/y/SA_CAO_Simu/SA_CAO/install/turtlebot3_simulations/share/turtlebot3_simulations/local_setup.dsv
[0.037s] -- Installing: /home/y/SA_CAO_Simu/SA_CAO/install/turtlebot3_simulations/share/turtlebot3_simulations/package.dsv
[0.037s] -- Up-to-date: /home/y/SA_CAO_Simu/SA_CAO/install/turtlebot3_simulations/share/ament_index/resource_index/packages/turtlebot3_simulations
[0.037s] -- Up-to-date: /home/y/SA_CAO_Simu/SA_CAO/install/turtlebot3_simulations/share/turtlebot3_simulations/cmake/turtlebot3_simulationsConfig.cmake
[0.037s] -- Up-to-date: /home/y/SA_CAO_Simu/SA_CAO/install/turtlebot3_simulations/share/turtlebot3_simulations/cmake/turtlebot3_simulationsConfig-version.cmake
[0.037s] -- Up-to-date: /home/y/SA_CAO_Simu/SA_CAO/install/turtlebot3_simulations/share/turtlebot3_simulations/package.xml
[0.038s] Invoked command in '/home/y/SA_CAO_Simu/SA_CAO/build/turtlebot3_simulations' returned '0': AMENT_PREFIX_PATH=/home/y/SA_CAO_Simu/SA_CAO/install/turtlebot3_gazebo:/home/y/SA_CAO_Simu/SA_CAO/install/turtlebot3_fake_node:/home/y/SA_CAO_Simu/SA_CAO/install/turtlebot3_msgs:/home/y/SA_CAO_Simu/SA_CAO/install/turtlebot3_description:${AMENT_PREFIX_PATH} CMAKE_PREFIX_PATH=/home/y/SA_CAO_Simu/SA_CAO/install/turtlebot3_gazebo:/home/y/SA_CAO_Simu/SA_CAO/install/turtlebot3_fake_node:/home/y/SA_CAO_Simu/SA_CAO/install/turtlebot3_msgs:/home/y/SA_CAO_Simu/SA_CAO/install/turtlebot3_description:/opt/ros/foxy LD_LIBRARY_PATH=/home/y/SA_CAO_Simu/SA_CAO/install/turtlebot3_msgs/lib:${LD_LIBRARY_PATH} PYTHONPATH=/home/y/SA_CAO_Simu/SA_CAO/install/turtlebot3_msgs/lib/python3.8/site-packages:${PYTHONPATH} /usr/bin/cmake --install /home/y/SA_CAO_Simu/SA_CAO/build/turtlebot3_simulations
