[0.279s] Invoking command in '/home/y/SA_CAO_Simu/SA_CAO/src/my_balance_pkg': PYTHONPATH=/home/y/SA_CAO_Simu/SA_CAO/build/my_balance_pkg/prefix_override:/usr/lib/python3/dist-packages/colcon_core/task/python/colcon_distutils_commands:/home/y/SA_CAO_Simu/SA_CAO/install/my_balance_pkg/lib/python3.8/site-packages:${PYTHONPATH} /usr/bin/python3 -W ignore:setup.py install is deprecated -W ignore:easy_install command is deprecated setup.py egg_info --egg-base ../../build/my_balance_pkg build --build-base /home/y/SA_CAO_Simu/SA_CAO/build/my_balance_pkg/build install --record /home/y/SA_CAO_Simu/SA_CAO/build/my_balance_pkg/install.log --install-scripts $base/lib/my_balance_pkg --single-version-externally-managed install_data
[0.366s] running egg_info
[0.366s] creating ../../build/my_balance_pkg/my_balance_pkg.egg-info
[0.366s] writing ../../build/my_balance_pkg/my_balance_pkg.egg-info/PKG-INFO
[0.366s] writing dependency_links to ../../build/my_balance_pkg/my_balance_pkg.egg-info/dependency_links.txt
[0.366s] writing entry points to ../../build/my_balance_pkg/my_balance_pkg.egg-info/entry_points.txt
[0.366s] writing requirements to ../../build/my_balance_pkg/my_balance_pkg.egg-info/requires.txt
[0.366s] writing top-level names to ../../build/my_balance_pkg/my_balance_pkg.egg-info/top_level.txt
[0.367s] writing manifest file '../../build/my_balance_pkg/my_balance_pkg.egg-info/SOURCES.txt'
[0.379s] reading manifest file '../../build/my_balance_pkg/my_balance_pkg.egg-info/SOURCES.txt'
[0.380s] writing manifest file '../../build/my_balance_pkg/my_balance_pkg.egg-info/SOURCES.txt'
[0.380s] running build
[0.380s] running build_py
[0.380s] creating /home/y/SA_CAO_Simu/SA_CAO/build/my_balance_pkg/build
[0.380s] creating /home/y/SA_CAO_Simu/SA_CAO/build/my_balance_pkg/build/lib
[0.380s] creating /home/y/SA_CAO_Simu/SA_CAO/build/my_balance_pkg/build/lib/my_balance_pkg
[0.380s] copying my_balance_pkg/balance_node.py -> /home/y/SA_CAO_Simu/SA_CAO/build/my_balance_pkg/build/lib/my_balance_pkg
[0.381s] copying my_balance_pkg/__init__.py -> /home/y/SA_CAO_Simu/SA_CAO/build/my_balance_pkg/build/lib/my_balance_pkg
[0.381s] running install
[0.381s] running install_lib
[0.381s] creating /home/y/SA_CAO_Simu/SA_CAO/install/my_balance_pkg/lib/python3.8/site-packages/my_balance_pkg
[0.381s] copying /home/y/SA_CAO_Simu/SA_CAO/build/my_balance_pkg/build/lib/my_balance_pkg/balance_node.py -> /home/y/SA_CAO_Simu/SA_CAO/install/my_balance_pkg/lib/python3.8/site-packages/my_balance_pkg
[0.382s] copying /home/y/SA_CAO_Simu/SA_CAO/build/my_balance_pkg/build/lib/my_balance_pkg/__init__.py -> /home/y/SA_CAO_Simu/SA_CAO/install/my_balance_pkg/lib/python3.8/site-packages/my_balance_pkg
[0.382s] byte-compiling /home/y/SA_CAO_Simu/SA_CAO/install/my_balance_pkg/lib/python3.8/site-packages/my_balance_pkg/balance_node.py to balance_node.cpython-38.pyc
[0.382s] byte-compiling /home/y/SA_CAO_Simu/SA_CAO/install/my_balance_pkg/lib/python3.8/site-packages/my_balance_pkg/__init__.py to __init__.cpython-38.pyc
[0.383s] running install_data
[0.383s] creating /home/y/SA_CAO_Simu/SA_CAO/install/my_balance_pkg/share/ament_index
[0.383s] creating /home/y/SA_CAO_Simu/SA_CAO/install/my_balance_pkg/share/ament_index/resource_index
[0.383s] creating /home/y/SA_CAO_Simu/SA_CAO/install/my_balance_pkg/share/ament_index/resource_index/packages
[0.383s] copying resource/my_balance_pkg -> /home/y/SA_CAO_Simu/SA_CAO/install/my_balance_pkg/share/ament_index/resource_index/packages
[0.383s] copying package.xml -> /home/y/SA_CAO_Simu/SA_CAO/install/my_balance_pkg/share/my_balance_pkg
[0.383s] running install_egg_info
[0.384s] Copying ../../build/my_balance_pkg/my_balance_pkg.egg-info to /home/y/SA_CAO_Simu/SA_CAO/install/my_balance_pkg/lib/python3.8/site-packages/my_balance_pkg-0.0.0-py3.8.egg-info
[0.384s] running install_scripts
[0.390s] Installing balance_controller script to /home/y/SA_CAO_Simu/SA_CAO/install/my_balance_pkg/lib/my_balance_pkg
[0.391s] writing list of installed files to '/home/y/SA_CAO_Simu/SA_CAO/build/my_balance_pkg/install.log'
[0.402s] Invoked command in '/home/y/SA_CAO_Simu/SA_CAO/src/my_balance_pkg' returned '0': PYTHONPATH=/home/y/SA_CAO_Simu/SA_CAO/build/my_balance_pkg/prefix_override:/usr/lib/python3/dist-packages/colcon_core/task/python/colcon_distutils_commands:/home/y/SA_CAO_Simu/SA_CAO/install/my_balance_pkg/lib/python3.8/site-packages:${PYTHONPATH} /usr/bin/python3 -W ignore:setup.py install is deprecated -W ignore:easy_install command is deprecated setup.py egg_info --egg-base ../../build/my_balance_pkg build --build-base /home/y/SA_CAO_Simu/SA_CAO/build/my_balance_pkg/build install --record /home/y/SA_CAO_Simu/SA_CAO/build/my_balance_pkg/install.log --install-scripts $base/lib/my_balance_pkg --single-version-externally-managed install_data
