[0.030s] Invoking command in '/home/y/SA_CAO_Simu/SA_CAO/build/diablo_simpose_trans': AMENT_PREFIX_PATH=/home/y/SA_CAO_Simu/SA_CAO/install/diablo_body:/home/y/SA_CAO_Simu/SA_CAO/install/diablo_utils:/home/y/SA_CAO_Simu/SA_CAO/install/motion_msgs:/home/y/SA_CAO_Simu/SA_CAO/install/ception_msgs:${AMENT_PREFIX_PATH} CMAKE_PREFIX_PATH=/home/y/SA_CAO_Simu/SA_CAO/install/diablo_body:/home/y/SA_CAO_Simu/SA_CAO/install/diablo_utils:/home/y/SA_CAO_Simu/SA_CAO/install/motion_msgs:/home/y/SA_CAO_Simu/SA_CAO/install/ception_msgs:/opt/ros/foxy LD_LIBRARY_PATH=/home/y/SA_CAO_Simu/SA_CAO/install/diablo_body/lib:/home/y/SA_CAO_Simu/SA_CAO/install/diablo_utils/lib:/home/y/SA_CAO_Simu/SA_CAO/install/motion_msgs/lib:/home/y/SA_CAO_Simu/SA_CAO/install/ception_msgs/lib:${LD_LIBRARY_PATH} PYTHONPATH=/home/y/SA_CAO_Simu/SA_CAO/install/motion_msgs/lib/python3.8/site-packages:/home/y/SA_CAO_Simu/SA_CAO/install/ception_msgs/lib/python3.8/site-packages:${PYTHONPATH} /usr/bin/cmake /home/y/SA_CAO_Simu/SA_CAO/src/diablo_visualise/diablo_simpose_trans -DCMAKE_INSTALL_PREFIX=/home/y/SA_CAO_Simu/SA_CAO/install/diablo_simpose_trans
[0.157s] -- The C compiler identification is GNU 9.4.0
[0.240s] -- The CXX compiler identification is GNU 9.4.0
[0.240s] -- Check for working C compiler: /usr/bin/cc
[0.424s] -- Check for working C compiler: /usr/bin/cc -- works
[0.424s] -- Detecting C compiler ABI info
[0.602s] -- Detecting C compiler ABI info - done
[0.606s] -- Detecting C compile features
[0.606s] -- Detecting C compile features - done
[0.607s] -- Check for working CXX compiler: /usr/bin/c++
[0.759s] -- Check for working CXX compiler: /usr/bin/c++ -- works
[0.759s] -- Detecting CXX compiler ABI info
[1.119s] -- Detecting CXX compiler ABI info - done
[1.119s] -- Detecting CXX compile features
[1.120s] -- Detecting CXX compile features - done
[1.120s] -- Found ament_cmake: 0.9.12 (/opt/ros/foxy/share/ament_cmake/cmake)
[1.137s] -- Found PythonInterp: /usr/bin/python3 (found suitable version "3.8.10", minimum required is "3") 
[1.137s] -- Using PYTHON_EXECUTABLE: /usr/bin/python3
[1.264s] -- Found rclcpp: 2.4.3 (/opt/ros/foxy/share/rclcpp/cmake)
[1.298s] -- Using all available rosidl_typesupport_c: rosidl_typesupport_fastrtps_c;rosidl_typesupport_introspection_c
[1.301s] -- Found rosidl_adapter: 1.3.1 (/opt/ros/foxy/share/rosidl_adapter/cmake)
[1.541s] -- Found OpenSSL: /usr/lib/aarch64-linux-gnu/libcrypto.so (found version "1.1.1f")  
[1.575s] -- Found FastRTPS: /opt/ros/foxy/include  
[1.664s] -- Using all available rosidl_typesupport_cpp: rosidl_typesupport_fastrtps_cpp;rosidl_typesupport_introspection_cpp
[1.712s] -- Found rmw_implementation_cmake: 1.0.4 (/opt/ros/foxy/share/rmw_implementation_cmake/cmake)
[1.713s] -- Using RMW implementation 'rmw_fastrtps_cpp' as default
[1.716s] -- Looking for pthread.h
[1.896s] -- Looking for pthread.h - found
[1.896s] -- Performing Test CMAKE_HAVE_LIBC_PTHREAD
[2.088s] -- Performing Test CMAKE_HAVE_LIBC_PTHREAD - Failed
[2.088s] -- Looking for pthread_create in pthreads
[2.247s] -- Looking for pthread_create in pthreads - not found
[2.248s] -- Looking for pthread_create in pthread
[2.350s] -- Looking for pthread_create in pthread - found
[2.352s] -- Found Threads: TRUE  
[2.435s] -- Found diablo_body: 1.0.0 (/home/y/SA_CAO_Simu/SA_CAO/install/diablo_body/share/diablo_body/cmake)
[2.627s] -- Found ament_lint_auto: 0.9.8 (/opt/ros/foxy/share/ament_lint_auto/cmake)
[2.703s] -- Added test 'copyright' to check source files copyright and LICENSE
[2.706s] -- Added test 'cppcheck' to perform static code analysis on C / C++ code
[2.706s] -- Configured cppcheck include dirs: /home/y/SA_CAO_Simu/SA_CAO/src/diablo_visualise/diablo_simpose_trans/include
[2.706s] -- Configured cppcheck exclude dirs and/or files: 
[2.707s] -- Added test 'cpplint' to check C / C++ code against the Google style
[2.707s] -- Configured cpplint exclude dirs and/or files: 
[2.707s] -- Added test 'lint_cmake' to check CMake code style
[2.708s] -- Added test 'uncrustify' to check C / C++ code style
[2.708s] -- Configured uncrustify additional arguments: 
[2.708s] -- Added test 'xmllint' to check XML markup files
[2.714s] -- Configuring done
[2.728s] -- Generating done
[2.736s] -- Build files have been written to: /home/y/SA_CAO_Simu/SA_CAO/build/diablo_simpose_trans
[2.747s] Invoked command in '/home/y/SA_CAO_Simu/SA_CAO/build/diablo_simpose_trans' returned '0': AMENT_PREFIX_PATH=/home/y/SA_CAO_Simu/SA_CAO/install/diablo_body:/home/y/SA_CAO_Simu/SA_CAO/install/diablo_utils:/home/y/SA_CAO_Simu/SA_CAO/install/motion_msgs:/home/y/SA_CAO_Simu/SA_CAO/install/ception_msgs:${AMENT_PREFIX_PATH} CMAKE_PREFIX_PATH=/home/y/SA_CAO_Simu/SA_CAO/install/diablo_body:/home/y/SA_CAO_Simu/SA_CAO/install/diablo_utils:/home/y/SA_CAO_Simu/SA_CAO/install/motion_msgs:/home/y/SA_CAO_Simu/SA_CAO/install/ception_msgs:/opt/ros/foxy LD_LIBRARY_PATH=/home/y/SA_CAO_Simu/SA_CAO/install/diablo_body/lib:/home/y/SA_CAO_Simu/SA_CAO/install/diablo_utils/lib:/home/y/SA_CAO_Simu/SA_CAO/install/motion_msgs/lib:/home/y/SA_CAO_Simu/SA_CAO/install/ception_msgs/lib:${LD_LIBRARY_PATH} PYTHONPATH=/home/y/SA_CAO_Simu/SA_CAO/install/motion_msgs/lib/python3.8/site-packages:/home/y/SA_CAO_Simu/SA_CAO/install/ception_msgs/lib/python3.8/site-packages:${PYTHONPATH} /usr/bin/cmake /home/y/SA_CAO_Simu/SA_CAO/src/diablo_visualise/diablo_simpose_trans -DCMAKE_INSTALL_PREFIX=/home/y/SA_CAO_Simu/SA_CAO/install/diablo_simpose_trans
[2.748s] Invoking command in '/home/y/SA_CAO_Simu/SA_CAO/build/diablo_simpose_trans': AMENT_PREFIX_PATH=/home/y/SA_CAO_Simu/SA_CAO/install/diablo_body:/home/y/SA_CAO_Simu/SA_CAO/install/diablo_utils:/home/y/SA_CAO_Simu/SA_CAO/install/motion_msgs:/home/y/SA_CAO_Simu/SA_CAO/install/ception_msgs:${AMENT_PREFIX_PATH} CMAKE_PREFIX_PATH=/home/y/SA_CAO_Simu/SA_CAO/install/diablo_body:/home/y/SA_CAO_Simu/SA_CAO/install/diablo_utils:/home/y/SA_CAO_Simu/SA_CAO/install/motion_msgs:/home/y/SA_CAO_Simu/SA_CAO/install/ception_msgs:/opt/ros/foxy LD_LIBRARY_PATH=/home/y/SA_CAO_Simu/SA_CAO/install/diablo_body/lib:/home/y/SA_CAO_Simu/SA_CAO/install/diablo_utils/lib:/home/y/SA_CAO_Simu/SA_CAO/install/motion_msgs/lib:/home/y/SA_CAO_Simu/SA_CAO/install/ception_msgs/lib:${LD_LIBRARY_PATH} PYTHONPATH=/home/y/SA_CAO_Simu/SA_CAO/install/motion_msgs/lib/python3.8/site-packages:/home/y/SA_CAO_Simu/SA_CAO/install/ception_msgs/lib/python3.8/site-packages:${PYTHONPATH} /usr/bin/cmake --build /home/y/SA_CAO_Simu/SA_CAO/build/diablo_simpose_trans -- -j2 -l2
[2.809s] [35m[1mScanning dependencies of target motor_trans_node[0m
[2.872s] [ 50%] [32mBuilding CXX object CMakeFiles/motor_trans_node.dir/src/motor_pos_trans.cpp.o[0m
[5.953s] [100%] [32m[1mLinking CXX executable motor_trans_node[0m
[6.101s] [100%] Built target motor_trans_node
[6.106s] Invoked command in '/home/y/SA_CAO_Simu/SA_CAO/build/diablo_simpose_trans' returned '0': AMENT_PREFIX_PATH=/home/y/SA_CAO_Simu/SA_CAO/install/diablo_body:/home/y/SA_CAO_Simu/SA_CAO/install/diablo_utils:/home/y/SA_CAO_Simu/SA_CAO/install/motion_msgs:/home/y/SA_CAO_Simu/SA_CAO/install/ception_msgs:${AMENT_PREFIX_PATH} CMAKE_PREFIX_PATH=/home/y/SA_CAO_Simu/SA_CAO/install/diablo_body:/home/y/SA_CAO_Simu/SA_CAO/install/diablo_utils:/home/y/SA_CAO_Simu/SA_CAO/install/motion_msgs:/home/y/SA_CAO_Simu/SA_CAO/install/ception_msgs:/opt/ros/foxy LD_LIBRARY_PATH=/home/y/SA_CAO_Simu/SA_CAO/install/diablo_body/lib:/home/y/SA_CAO_Simu/SA_CAO/install/diablo_utils/lib:/home/y/SA_CAO_Simu/SA_CAO/install/motion_msgs/lib:/home/y/SA_CAO_Simu/SA_CAO/install/ception_msgs/lib:${LD_LIBRARY_PATH} PYTHONPATH=/home/y/SA_CAO_Simu/SA_CAO/install/motion_msgs/lib/python3.8/site-packages:/home/y/SA_CAO_Simu/SA_CAO/install/ception_msgs/lib/python3.8/site-packages:${PYTHONPATH} /usr/bin/cmake --build /home/y/SA_CAO_Simu/SA_CAO/build/diablo_simpose_trans -- -j2 -l2
[6.107s] Invoking command in '/home/y/SA_CAO_Simu/SA_CAO/build/diablo_simpose_trans': AMENT_PREFIX_PATH=/home/y/SA_CAO_Simu/SA_CAO/install/diablo_body:/home/y/SA_CAO_Simu/SA_CAO/install/diablo_utils:/home/y/SA_CAO_Simu/SA_CAO/install/motion_msgs:/home/y/SA_CAO_Simu/SA_CAO/install/ception_msgs:${AMENT_PREFIX_PATH} CMAKE_PREFIX_PATH=/home/y/SA_CAO_Simu/SA_CAO/install/diablo_body:/home/y/SA_CAO_Simu/SA_CAO/install/diablo_utils:/home/y/SA_CAO_Simu/SA_CAO/install/motion_msgs:/home/y/SA_CAO_Simu/SA_CAO/install/ception_msgs:/opt/ros/foxy LD_LIBRARY_PATH=/home/y/SA_CAO_Simu/SA_CAO/install/diablo_body/lib:/home/y/SA_CAO_Simu/SA_CAO/install/diablo_utils/lib:/home/y/SA_CAO_Simu/SA_CAO/install/motion_msgs/lib:/home/y/SA_CAO_Simu/SA_CAO/install/ception_msgs/lib:${LD_LIBRARY_PATH} PYTHONPATH=/home/y/SA_CAO_Simu/SA_CAO/install/motion_msgs/lib/python3.8/site-packages:/home/y/SA_CAO_Simu/SA_CAO/install/ception_msgs/lib/python3.8/site-packages:${PYTHONPATH} /usr/bin/cmake --install /home/y/SA_CAO_Simu/SA_CAO/build/diablo_simpose_trans
[6.112s] -- Install configuration: ""
[6.112s] -- Installing: /home/y/SA_CAO_Simu/SA_CAO/install/diablo_simpose_trans/lib/diablo_simpose_trans/motor_trans_node
[6.112s] -- Set runtime path of "/home/y/SA_CAO_Simu/SA_CAO/install/diablo_simpose_trans/lib/diablo_simpose_trans/motor_trans_node" to ""
[6.112s] -- Installing: /home/y/SA_CAO_Simu/SA_CAO/install/diablo_simpose_trans/include/diablo_simpose_trans
[6.112s] -- Installing: /home/y/SA_CAO_Simu/SA_CAO/install/diablo_simpose_trans/include/diablo_simpose_trans/diablo_simpose_trans
[6.112s] -- Installing: /home/y/SA_CAO_Simu/SA_CAO/install/diablo_simpose_trans/include/diablo_simpose_trans/diablo_simpose_trans/motor_pos_trans.hpp
[6.112s] -- Installing: /home/y/SA_CAO_Simu/SA_CAO/install/diablo_simpose_trans/share/ament_index/resource_index/package_run_dependencies/diablo_simpose_trans
[6.112s] -- Installing: /home/y/SA_CAO_Simu/SA_CAO/install/diablo_simpose_trans/share/ament_index/resource_index/parent_prefix_path/diablo_simpose_trans
[6.112s] -- Installing: /home/y/SA_CAO_Simu/SA_CAO/install/diablo_simpose_trans/share/diablo_simpose_trans/environment/ament_prefix_path.sh
[6.112s] -- Installing: /home/y/SA_CAO_Simu/SA_CAO/install/diablo_simpose_trans/share/diablo_simpose_trans/environment/ament_prefix_path.dsv
[6.112s] -- Installing: /home/y/SA_CAO_Simu/SA_CAO/install/diablo_simpose_trans/share/diablo_simpose_trans/environment/path.sh
[6.112s] -- Installing: /home/y/SA_CAO_Simu/SA_CAO/install/diablo_simpose_trans/share/diablo_simpose_trans/environment/path.dsv
[6.112s] -- Installing: /home/y/SA_CAO_Simu/SA_CAO/install/diablo_simpose_trans/share/diablo_simpose_trans/local_setup.bash
[6.112s] -- Installing: /home/y/SA_CAO_Simu/SA_CAO/install/diablo_simpose_trans/share/diablo_simpose_trans/local_setup.sh
[6.112s] -- Installing: /home/y/SA_CAO_Simu/SA_CAO/install/diablo_simpose_trans/share/diablo_simpose_trans/local_setup.zsh
[6.112s] -- Installing: /home/y/SA_CAO_Simu/SA_CAO/install/diablo_simpose_trans/share/diablo_simpose_trans/local_setup.dsv
[6.112s] -- Installing: /home/y/SA_CAO_Simu/SA_CAO/install/diablo_simpose_trans/share/diablo_simpose_trans/package.dsv
[6.112s] -- Installing: /home/y/SA_CAO_Simu/SA_CAO/install/diablo_simpose_trans/share/ament_index/resource_index/packages/diablo_simpose_trans
[6.112s] -- Installing: /home/y/SA_CAO_Simu/SA_CAO/install/diablo_simpose_trans/share/diablo_simpose_trans/cmake/ament_cmake_export_include_directories-extras.cmake
[6.112s] -- Installing: /home/y/SA_CAO_Simu/SA_CAO/install/diablo_simpose_trans/share/diablo_simpose_trans/cmake/ament_cmake_export_dependencies-extras.cmake
[6.112s] -- Installing: /home/y/SA_CAO_Simu/SA_CAO/install/diablo_simpose_trans/share/diablo_simpose_trans/cmake/diablo_simpose_transConfig.cmake
[6.112s] -- Installing: /home/y/SA_CAO_Simu/SA_CAO/install/diablo_simpose_trans/share/diablo_simpose_trans/cmake/diablo_simpose_transConfig-version.cmake
[6.112s] -- Installing: /home/y/SA_CAO_Simu/SA_CAO/install/diablo_simpose_trans/share/diablo_simpose_trans/package.xml
[6.117s] Invoked command in '/home/y/SA_CAO_Simu/SA_CAO/build/diablo_simpose_trans' returned '0': AMENT_PREFIX_PATH=/home/y/SA_CAO_Simu/SA_CAO/install/diablo_body:/home/y/SA_CAO_Simu/SA_CAO/install/diablo_utils:/home/y/SA_CAO_Simu/SA_CAO/install/motion_msgs:/home/y/SA_CAO_Simu/SA_CAO/install/ception_msgs:${AMENT_PREFIX_PATH} CMAKE_PREFIX_PATH=/home/y/SA_CAO_Simu/SA_CAO/install/diablo_body:/home/y/SA_CAO_Simu/SA_CAO/install/diablo_utils:/home/y/SA_CAO_Simu/SA_CAO/install/motion_msgs:/home/y/SA_CAO_Simu/SA_CAO/install/ception_msgs:/opt/ros/foxy LD_LIBRARY_PATH=/home/y/SA_CAO_Simu/SA_CAO/install/diablo_body/lib:/home/y/SA_CAO_Simu/SA_CAO/install/diablo_utils/lib:/home/y/SA_CAO_Simu/SA_CAO/install/motion_msgs/lib:/home/y/SA_CAO_Simu/SA_CAO/install/ception_msgs/lib:${LD_LIBRARY_PATH} PYTHONPATH=/home/y/SA_CAO_Simu/SA_CAO/install/motion_msgs/lib/python3.8/site-packages:/home/y/SA_CAO_Simu/SA_CAO/install/ception_msgs/lib/python3.8/site-packages:${PYTHONPATH} /usr/bin/cmake --install /home/y/SA_CAO_Simu/SA_CAO/build/diablo_simpose_trans
