[0.435s] Invoking command in '/home/y/SA_CAO_Simu/SA_CAO/src/turtlebot3/turtlebot3/turtlebot3_teleop': PYTHONPATH=/home/y/SA_CAO_Simu/SA_CAO/build/turtlebot3_teleop/prefix_override:/usr/lib/python3/dist-packages/colcon_core/task/python/colcon_distutils_commands:/home/y/SA_CAO_Simu/SA_CAO/install/turtlebot3_teleop/lib/python3.8/site-packages:${PYTHONPATH} /usr/bin/python3 -W ignore:setup.py install is deprecated -W ignore:easy_install command is deprecated setup.py egg_info --egg-base ../../../../build/turtlebot3_teleop build --build-base /home/y/SA_CAO_Simu/SA_CAO/build/turtlebot3_teleop/build install --record /home/y/SA_CAO_Simu/SA_CAO/build/turtlebot3_teleop/install.log --single-version-externally-managed install_data
[0.602s] running egg_info
[0.602s] creating ../../../../build/turtlebot3_teleop/turtlebot3_teleop.egg-info
[0.602s] writing ../../../../build/turtlebot3_teleop/turtlebot3_teleop.egg-info/PKG-INFO
[0.602s] writing dependency_links to ../../../../build/turtlebot3_teleop/turtlebot3_teleop.egg-info/dependency_links.txt
[0.602s] writing entry points to ../../../../build/turtlebot3_teleop/turtlebot3_teleop.egg-info/entry_points.txt
[0.602s] writing requirements to ../../../../build/turtlebot3_teleop/turtlebot3_teleop.egg-info/requires.txt
[0.602s] writing top-level names to ../../../../build/turtlebot3_teleop/turtlebot3_teleop.egg-info/top_level.txt
[0.603s] writing manifest file '../../../../build/turtlebot3_teleop/turtlebot3_teleop.egg-info/SOURCES.txt'
[0.637s] reading manifest file '../../../../build/turtlebot3_teleop/turtlebot3_teleop.egg-info/SOURCES.txt'
[0.637s] writing manifest file '../../../../build/turtlebot3_teleop/turtlebot3_teleop.egg-info/SOURCES.txt'
[0.637s] running build
[0.637s] running build_py
[0.637s] creating /home/y/SA_CAO_Simu/SA_CAO/build/turtlebot3_teleop/build
[0.637s] creating /home/y/SA_CAO_Simu/SA_CAO/build/turtlebot3_teleop/build/lib
[0.637s] creating /home/y/SA_CAO_Simu/SA_CAO/build/turtlebot3_teleop/build/lib/turtlebot3_teleop
[0.637s] copying turtlebot3_teleop/__init__.py -> /home/y/SA_CAO_Simu/SA_CAO/build/turtlebot3_teleop/build/lib/turtlebot3_teleop
[0.637s] creating /home/y/SA_CAO_Simu/SA_CAO/build/turtlebot3_teleop/build/lib/turtlebot3_teleop/script
[0.637s] copying turtlebot3_teleop/script/__init__.py -> /home/y/SA_CAO_Simu/SA_CAO/build/turtlebot3_teleop/build/lib/turtlebot3_teleop/script
[0.637s] copying turtlebot3_teleop/script/teleop_keyboard.py -> /home/y/SA_CAO_Simu/SA_CAO/build/turtlebot3_teleop/build/lib/turtlebot3_teleop/script
[0.639s] running install
[0.639s] running install_lib
[0.640s] creating /home/y/SA_CAO_Simu/SA_CAO/install/turtlebot3_teleop/lib/python3.8/site-packages/turtlebot3_teleop
[0.640s] copying /home/y/SA_CAO_Simu/SA_CAO/build/turtlebot3_teleop/build/lib/turtlebot3_teleop/__init__.py -> /home/y/SA_CAO_Simu/SA_CAO/install/turtlebot3_teleop/lib/python3.8/site-packages/turtlebot3_teleop
[0.640s] creating /home/y/SA_CAO_Simu/SA_CAO/install/turtlebot3_teleop/lib/python3.8/site-packages/turtlebot3_teleop/script
[0.640s] copying /home/y/SA_CAO_Simu/SA_CAO/build/turtlebot3_teleop/build/lib/turtlebot3_teleop/script/__init__.py -> /home/y/SA_CAO_Simu/SA_CAO/install/turtlebot3_teleop/lib/python3.8/site-packages/turtlebot3_teleop/script
[0.640s] copying /home/y/SA_CAO_Simu/SA_CAO/build/turtlebot3_teleop/build/lib/turtlebot3_teleop/script/teleop_keyboard.py -> /home/y/SA_CAO_Simu/SA_CAO/install/turtlebot3_teleop/lib/python3.8/site-packages/turtlebot3_teleop/script
[0.640s] byte-compiling /home/y/SA_CAO_Simu/SA_CAO/install/turtlebot3_teleop/lib/python3.8/site-packages/turtlebot3_teleop/__init__.py to __init__.cpython-38.pyc
[0.640s] byte-compiling /home/y/SA_CAO_Simu/SA_CAO/install/turtlebot3_teleop/lib/python3.8/site-packages/turtlebot3_teleop/script/__init__.py to __init__.cpython-38.pyc
[0.640s] byte-compiling /home/y/SA_CAO_Simu/SA_CAO/install/turtlebot3_teleop/lib/python3.8/site-packages/turtlebot3_teleop/script/teleop_keyboard.py to teleop_keyboard.cpython-38.pyc
[0.641s] running install_data
[0.641s] creating /home/y/SA_CAO_Simu/SA_CAO/install/turtlebot3_teleop/share/ament_index
[0.641s] creating /home/y/SA_CAO_Simu/SA_CAO/install/turtlebot3_teleop/share/ament_index/resource_index
[0.641s] creating /home/y/SA_CAO_Simu/SA_CAO/install/turtlebot3_teleop/share/ament_index/resource_index/packages
[0.641s] copying resource/turtlebot3_teleop -> /home/y/SA_CAO_Simu/SA_CAO/install/turtlebot3_teleop/share/ament_index/resource_index/packages
[0.641s] copying package.xml -> /home/y/SA_CAO_Simu/SA_CAO/install/turtlebot3_teleop/share/turtlebot3_teleop
[0.641s] running install_egg_info
[0.642s] Copying ../../../../build/turtlebot3_teleop/turtlebot3_teleop.egg-info to /home/y/SA_CAO_Simu/SA_CAO/install/turtlebot3_teleop/lib/python3.8/site-packages/turtlebot3_teleop-2.1.4-py3.8.egg-info
[0.642s] running install_scripts
[0.657s] Installing teleop_keyboard script to /home/y/SA_CAO_Simu/SA_CAO/install/turtlebot3_teleop/lib/turtlebot3_teleop
[0.657s] writing list of installed files to '/home/y/SA_CAO_Simu/SA_CAO/build/turtlebot3_teleop/install.log'
[0.675s] Invoked command in '/home/y/SA_CAO_Simu/SA_CAO/src/turtlebot3/turtlebot3/turtlebot3_teleop' returned '0': PYTHONPATH=/home/y/SA_CAO_Simu/SA_CAO/build/turtlebot3_teleop/prefix_override:/usr/lib/python3/dist-packages/colcon_core/task/python/colcon_distutils_commands:/home/y/SA_CAO_Simu/SA_CAO/install/turtlebot3_teleop/lib/python3.8/site-packages:${PYTHONPATH} /usr/bin/python3 -W ignore:setup.py install is deprecated -W ignore:easy_install command is deprecated setup.py egg_info --egg-base ../../../../build/turtlebot3_teleop build --build-base /home/y/SA_CAO_Simu/SA_CAO/build/turtlebot3_teleop/build install --record /home/y/SA_CAO_Simu/SA_CAO/build/turtlebot3_teleop/install.log --single-version-externally-managed install_data
