[0.136s] DEBUG:colcon:Command line arguments: ['/usr/bin/colcon', 'build']
[0.137s] DEBUG:colcon:Parsed command line arguments: Namespace(allow_overriding=[], ament_cmake_args=None, base_paths=['.'], build_base='build', catkin_cmake_args=None, catkin_skip_building_tests=False, cmake_args=None, cmake_clean_cache=False, cmake_clean_first=False, cmake_force_configure=False, cmake_target=None, cmake_target_skip_unavailable=False, continue_on_error=False, event_handlers=None, executor='parallel', ignore_user_meta=False, install_base='install', log_base=None, log_level=None, main=<bound method BuildVerb.main of <colcon_core.verb.build.BuildVerb object at 0x7efcebc4b6a0>>, merge_install=False, metas=['./colcon.meta'], mixin=None, mixin_files=None, mixin_verb=('build',), packages_above=None, packages_above_and_dependencies=None, packages_above_depth=None, packages_end=None, packages_ignore=None, packages_ignore_regex=None, packages_select=None, packages_select_build_failed=False, packages_select_by_dep=None, packages_select_regex=None, packages_select_test_failures=False, packages_skip=None, packages_skip_build_finished=False, packages_skip_by_dep=None, packages_skip_regex=None, packages_skip_test_passed=False, packages_skip_up_to=None, packages_start=None, packages_up_to=None, packages_up_to_regex=None, parallel_workers=2, paths=None, symlink_install=False, test_result_base=None, verb_extension=<colcon_core.verb.build.BuildVerb object at 0x7efcebc4b6a0>, verb_name='build', verb_parser=<colcon_mixin.mixin.mixin_argument.MixinArgumentDecorator object at 0x7efcebc55970>)
[0.243s] Level 1:colcon.colcon_core.package_discovery:discover_packages(colcon_meta) check parameters
[0.243s] Level 1:colcon.colcon_core.package_discovery:discover_packages(recursive) check parameters
[0.243s] Level 1:colcon.colcon_core.package_discovery:discover_packages(ignore) check parameters
[0.243s] Level 1:colcon.colcon_core.package_discovery:discover_packages(path) check parameters
[0.243s] Level 1:colcon.colcon_core.package_discovery:discover_packages(colcon_meta) discover
[0.243s] Level 1:colcon.colcon_core.package_discovery:discover_packages(recursive) discover
[0.243s] INFO:colcon.colcon_core.package_discovery:Crawling recursively for packages in '/home/y/SA_CAO'
[0.243s] Level 1:colcon.colcon_core.package_identification:_identify(.) by extensions ['ignore', 'ignore_ament_install']
[0.243s] Level 1:colcon.colcon_core.package_identification:_identify(.) by extension 'ignore'
[0.243s] Level 1:colcon.colcon_core.package_identification:_identify(.) by extension 'ignore_ament_install'
[0.244s] Level 1:colcon.colcon_core.package_identification:_identify(.) by extensions ['colcon_pkg']
[0.244s] Level 1:colcon.colcon_core.package_identification:_identify(.) by extension 'colcon_pkg'
[0.244s] Level 1:colcon.colcon_core.package_identification:_identify(.) by extensions ['colcon_meta']
[0.244s] Level 1:colcon.colcon_core.package_identification:_identify(.) by extension 'colcon_meta'
[0.244s] Level 1:colcon.colcon_core.package_identification:_identify(.) by extensions ['ros']
[0.244s] Level 1:colcon.colcon_core.package_identification:_identify(.) by extension 'ros'
[0.252s] Level 1:colcon.colcon_core.package_identification:_identify(.) by extensions ['cmake', 'python']
[0.252s] Level 1:colcon.colcon_core.package_identification:_identify(.) by extension 'cmake'
[0.252s] Level 1:colcon.colcon_core.package_identification:_identify(.) by extension 'python'
[0.252s] Level 1:colcon.colcon_core.package_identification:_identify(.) by extensions ['python_setup_py']
[0.252s] Level 1:colcon.colcon_core.package_identification:_identify(.) by extension 'python_setup_py'
[0.252s] Level 1:colcon.colcon_core.package_identification:_identify(build) by extensions ['ignore', 'ignore_ament_install']
[0.252s] Level 1:colcon.colcon_core.package_identification:_identify(build) by extension 'ignore'
[0.252s] Level 1:colcon.colcon_core.package_identification:_identify(build) ignored
[0.253s] Level 1:colcon.colcon_core.package_identification:_identify(install) by extensions ['ignore', 'ignore_ament_install']
[0.253s] Level 1:colcon.colcon_core.package_identification:_identify(install) by extension 'ignore'
[0.253s] Level 1:colcon.colcon_core.package_identification:_identify(install) ignored
[0.253s] Level 1:colcon.colcon_core.package_identification:_identify(log) by extensions ['ignore', 'ignore_ament_install']
[0.253s] Level 1:colcon.colcon_core.package_identification:_identify(log) by extension 'ignore'
[0.253s] Level 1:colcon.colcon_core.package_identification:_identify(log) ignored
[0.253s] Level 1:colcon.colcon_core.package_identification:_identify(src) by extensions ['ignore', 'ignore_ament_install']
[0.253s] Level 1:colcon.colcon_core.package_identification:_identify(src) by extension 'ignore'
[0.253s] Level 1:colcon.colcon_core.package_identification:_identify(src) by extension 'ignore_ament_install'
[0.253s] Level 1:colcon.colcon_core.package_identification:_identify(src) by extensions ['colcon_pkg']
[0.253s] Level 1:colcon.colcon_core.package_identification:_identify(src) by extension 'colcon_pkg'
[0.253s] Level 1:colcon.colcon_core.package_identification:_identify(src) by extensions ['colcon_meta']
[0.253s] Level 1:colcon.colcon_core.package_identification:_identify(src) by extension 'colcon_meta'
[0.253s] Level 1:colcon.colcon_core.package_identification:_identify(src) by extensions ['ros']
[0.253s] Level 1:colcon.colcon_core.package_identification:_identify(src) by extension 'ros'
[0.253s] Level 1:colcon.colcon_core.package_identification:_identify(src) by extensions ['cmake', 'python']
[0.253s] Level 1:colcon.colcon_core.package_identification:_identify(src) by extension 'cmake'
[0.253s] Level 1:colcon.colcon_core.package_identification:_identify(src) by extension 'python'
[0.253s] Level 1:colcon.colcon_core.package_identification:_identify(src) by extensions ['python_setup_py']
[0.253s] Level 1:colcon.colcon_core.package_identification:_identify(src) by extension 'python_setup_py'
[0.253s] Level 1:colcon.colcon_core.package_identification:_identify(src/motion_msgs) by extensions ['ignore', 'ignore_ament_install']
[0.253s] Level 1:colcon.colcon_core.package_identification:_identify(src/motion_msgs) by extension 'ignore'
[0.253s] Level 1:colcon.colcon_core.package_identification:_identify(src/motion_msgs) by extension 'ignore_ament_install'
[0.253s] Level 1:colcon.colcon_core.package_identification:_identify(src/motion_msgs) by extensions ['colcon_pkg']
[0.254s] Level 1:colcon.colcon_core.package_identification:_identify(src/motion_msgs) by extension 'colcon_pkg'
[0.254s] Level 1:colcon.colcon_core.package_identification:_identify(src/motion_msgs) by extensions ['colcon_meta']
[0.254s] Level 1:colcon.colcon_core.package_identification:_identify(src/motion_msgs) by extension 'colcon_meta'
[0.254s] Level 1:colcon.colcon_core.package_identification:_identify(src/motion_msgs) by extensions ['ros']
[0.254s] Level 1:colcon.colcon_core.package_identification:_identify(src/motion_msgs) by extension 'ros'
[0.255s] DEBUG:colcon.colcon_core.package_identification:Package 'src/motion_msgs' with type 'ros.ament_cmake' and name 'motion_msgs'
[0.256s] Level 1:colcon.colcon_core.package_identification:_identify(src/my_xbox_joystick) by extensions ['ignore', 'ignore_ament_install']
[0.256s] Level 1:colcon.colcon_core.package_identification:_identify(src/my_xbox_joystick) by extension 'ignore'
[0.256s] Level 1:colcon.colcon_core.package_identification:_identify(src/my_xbox_joystick) by extension 'ignore_ament_install'
[0.256s] Level 1:colcon.colcon_core.package_identification:_identify(src/my_xbox_joystick) by extensions ['colcon_pkg']
[0.256s] Level 1:colcon.colcon_core.package_identification:_identify(src/my_xbox_joystick) by extension 'colcon_pkg'
[0.256s] Level 1:colcon.colcon_core.package_identification:_identify(src/my_xbox_joystick) by extensions ['colcon_meta']
[0.256s] Level 1:colcon.colcon_core.package_identification:_identify(src/my_xbox_joystick) by extension 'colcon_meta'
[0.256s] Level 1:colcon.colcon_core.package_identification:_identify(src/my_xbox_joystick) by extensions ['ros']
[0.256s] Level 1:colcon.colcon_core.package_identification:_identify(src/my_xbox_joystick) by extension 'ros'
[0.256s] DEBUG:colcon.colcon_core.package_identification:Package 'src/my_xbox_joystick' with type 'ros.ament_python' and name 'my_xbox_joystick'
[0.256s] Level 1:colcon.colcon_core.package_identification:_identify(src/robot_launch) by extensions ['ignore', 'ignore_ament_install']
[0.256s] Level 1:colcon.colcon_core.package_identification:_identify(src/robot_launch) by extension 'ignore'
[0.257s] Level 1:colcon.colcon_core.package_identification:_identify(src/robot_launch) by extension 'ignore_ament_install'
[0.257s] Level 1:colcon.colcon_core.package_identification:_identify(src/robot_launch) by extensions ['colcon_pkg']
[0.257s] Level 1:colcon.colcon_core.package_identification:_identify(src/robot_launch) by extension 'colcon_pkg'
[0.257s] Level 1:colcon.colcon_core.package_identification:_identify(src/robot_launch) by extensions ['colcon_meta']
[0.257s] Level 1:colcon.colcon_core.package_identification:_identify(src/robot_launch) by extension 'colcon_meta'
[0.257s] Level 1:colcon.colcon_core.package_identification:_identify(src/robot_launch) by extensions ['ros']
[0.257s] Level 1:colcon.colcon_core.package_identification:_identify(src/robot_launch) by extension 'ros'
[0.257s] DEBUG:colcon.colcon_core.package_identification:Package 'src/robot_launch' with type 'ros.ament_python' and name 'robot_launch'
[0.257s] Level 1:colcon.colcon_core.package_identification:_identify(src/sub_diablo) by extensions ['ignore', 'ignore_ament_install']
[0.257s] Level 1:colcon.colcon_core.package_identification:_identify(src/sub_diablo) by extension 'ignore'
[0.257s] Level 1:colcon.colcon_core.package_identification:_identify(src/sub_diablo) by extension 'ignore_ament_install'
[0.257s] Level 1:colcon.colcon_core.package_identification:_identify(src/sub_diablo) by extensions ['colcon_pkg']
[0.257s] Level 1:colcon.colcon_core.package_identification:_identify(src/sub_diablo) by extension 'colcon_pkg'
[0.257s] Level 1:colcon.colcon_core.package_identification:_identify(src/sub_diablo) by extensions ['colcon_meta']
[0.257s] Level 1:colcon.colcon_core.package_identification:_identify(src/sub_diablo) by extension 'colcon_meta'
[0.257s] Level 1:colcon.colcon_core.package_identification:_identify(src/sub_diablo) by extensions ['ros']
[0.257s] Level 1:colcon.colcon_core.package_identification:_identify(src/sub_diablo) by extension 'ros'
[0.258s] DEBUG:colcon.colcon_core.package_identification:Package 'src/sub_diablo' with type 'ros.ament_cmake' and name 'sub_diablo'
[0.258s] Level 1:colcon.colcon_core.package_identification:_identify(src/vw2motion) by extensions ['ignore', 'ignore_ament_install']
[0.258s] Level 1:colcon.colcon_core.package_identification:_identify(src/vw2motion) by extension 'ignore'
[0.258s] Level 1:colcon.colcon_core.package_identification:_identify(src/vw2motion) by extension 'ignore_ament_install'
[0.258s] Level 1:colcon.colcon_core.package_identification:_identify(src/vw2motion) by extensions ['colcon_pkg']
[0.258s] Level 1:colcon.colcon_core.package_identification:_identify(src/vw2motion) by extension 'colcon_pkg'
[0.258s] Level 1:colcon.colcon_core.package_identification:_identify(src/vw2motion) by extensions ['colcon_meta']
[0.258s] Level 1:colcon.colcon_core.package_identification:_identify(src/vw2motion) by extension 'colcon_meta'
[0.258s] Level 1:colcon.colcon_core.package_identification:_identify(src/vw2motion) by extensions ['ros']
[0.258s] Level 1:colcon.colcon_core.package_identification:_identify(src/vw2motion) by extension 'ros'
[0.259s] DEBUG:colcon.colcon_core.package_identification:Package 'src/vw2motion' with type 'ros.ament_python' and name 'vw2motion'
[0.259s] Level 1:colcon.colcon_core.package_discovery:discover_packages(recursive) using defaults
[0.259s] Level 1:colcon.colcon_core.package_discovery:discover_packages(ignore) discover
[0.259s] Level 1:colcon.colcon_core.package_discovery:discover_packages(ignore) using defaults
[0.259s] Level 1:colcon.colcon_core.package_discovery:discover_packages(path) discover
[0.259s] Level 1:colcon.colcon_core.package_discovery:discover_packages(path) using defaults
[0.270s] Level 1:colcon.colcon_core.package_discovery:discover_packages(prefix_path) check parameters
[0.271s] Level 1:colcon.colcon_core.package_discovery:discover_packages(prefix_path) discover
[0.272s] DEBUG:colcon.colcon_installed_package_information.package_discovery:Found 1 installed packages in /home/y/oradar_ros/install
[0.273s] DEBUG:colcon.colcon_installed_package_information.package_discovery:Found 326 installed packages in /opt/ros/foxy
[0.282s] Level 1:colcon.colcon_core.package_discovery:discover_packages(prefix_path) using defaults
[0.330s] Level 5:colcon.colcon_core.verb:set package 'motion_msgs' build argument 'cmake_args' from command line to 'None'
[0.330s] Level 5:colcon.colcon_core.verb:set package 'motion_msgs' build argument 'cmake_target' from command line to 'None'
[0.330s] Level 5:colcon.colcon_core.verb:set package 'motion_msgs' build argument 'cmake_target_skip_unavailable' from command line to 'False'
[0.330s] Level 5:colcon.colcon_core.verb:set package 'motion_msgs' build argument 'cmake_clean_cache' from command line to 'False'
[0.330s] Level 5:colcon.colcon_core.verb:set package 'motion_msgs' build argument 'cmake_clean_first' from command line to 'False'
[0.330s] Level 5:colcon.colcon_core.verb:set package 'motion_msgs' build argument 'cmake_force_configure' from command line to 'False'
[0.330s] Level 5:colcon.colcon_core.verb:set package 'motion_msgs' build argument 'ament_cmake_args' from command line to 'None'
[0.330s] Level 5:colcon.colcon_core.verb:set package 'motion_msgs' build argument 'catkin_cmake_args' from command line to 'None'
[0.330s] Level 5:colcon.colcon_core.verb:set package 'motion_msgs' build argument 'catkin_skip_building_tests' from command line to 'False'
[0.330s] DEBUG:colcon.colcon_core.verb:Building package 'motion_msgs' with the following arguments: {'ament_cmake_args': None, 'build_base': '/home/y/SA_CAO/build/motion_msgs', 'catkin_cmake_args': None, 'catkin_skip_building_tests': False, 'cmake_args': None, 'cmake_clean_cache': False, 'cmake_clean_first': False, 'cmake_force_configure': False, 'cmake_target': None, 'cmake_target_skip_unavailable': False, 'install_base': '/home/y/SA_CAO/install/motion_msgs', 'merge_install': False, 'path': '/home/y/SA_CAO/src/motion_msgs', 'symlink_install': False, 'test_result_base': None}
[0.330s] Level 5:colcon.colcon_core.verb:set package 'my_xbox_joystick' build argument 'cmake_args' from command line to 'None'
[0.331s] Level 5:colcon.colcon_core.verb:set package 'my_xbox_joystick' build argument 'cmake_target' from command line to 'None'
[0.331s] Level 5:colcon.colcon_core.verb:set package 'my_xbox_joystick' build argument 'cmake_target_skip_unavailable' from command line to 'False'
[0.331s] Level 5:colcon.colcon_core.verb:set package 'my_xbox_joystick' build argument 'cmake_clean_cache' from command line to 'False'
[0.331s] Level 5:colcon.colcon_core.verb:set package 'my_xbox_joystick' build argument 'cmake_clean_first' from command line to 'False'
[0.331s] Level 5:colcon.colcon_core.verb:set package 'my_xbox_joystick' build argument 'cmake_force_configure' from command line to 'False'
[0.331s] Level 5:colcon.colcon_core.verb:set package 'my_xbox_joystick' build argument 'ament_cmake_args' from command line to 'None'
[0.331s] Level 5:colcon.colcon_core.verb:set package 'my_xbox_joystick' build argument 'catkin_cmake_args' from command line to 'None'
[0.331s] Level 5:colcon.colcon_core.verb:set package 'my_xbox_joystick' build argument 'catkin_skip_building_tests' from command line to 'False'
[0.331s] DEBUG:colcon.colcon_core.verb:Building package 'my_xbox_joystick' with the following arguments: {'ament_cmake_args': None, 'build_base': '/home/y/SA_CAO/build/my_xbox_joystick', 'catkin_cmake_args': None, 'catkin_skip_building_tests': False, 'cmake_args': None, 'cmake_clean_cache': False, 'cmake_clean_first': False, 'cmake_force_configure': False, 'cmake_target': None, 'cmake_target_skip_unavailable': False, 'install_base': '/home/y/SA_CAO/install/my_xbox_joystick', 'merge_install': False, 'path': '/home/y/SA_CAO/src/my_xbox_joystick', 'symlink_install': False, 'test_result_base': None}
[0.331s] Level 5:colcon.colcon_core.verb:set package 'robot_launch' build argument 'cmake_args' from command line to 'None'
[0.331s] Level 5:colcon.colcon_core.verb:set package 'robot_launch' build argument 'cmake_target' from command line to 'None'
[0.331s] Level 5:colcon.colcon_core.verb:set package 'robot_launch' build argument 'cmake_target_skip_unavailable' from command line to 'False'
[0.331s] Level 5:colcon.colcon_core.verb:set package 'robot_launch' build argument 'cmake_clean_cache' from command line to 'False'
[0.331s] Level 5:colcon.colcon_core.verb:set package 'robot_launch' build argument 'cmake_clean_first' from command line to 'False'
[0.331s] Level 5:colcon.colcon_core.verb:set package 'robot_launch' build argument 'cmake_force_configure' from command line to 'False'
[0.331s] Level 5:colcon.colcon_core.verb:set package 'robot_launch' build argument 'ament_cmake_args' from command line to 'None'
[0.331s] Level 5:colcon.colcon_core.verb:set package 'robot_launch' build argument 'catkin_cmake_args' from command line to 'None'
[0.331s] Level 5:colcon.colcon_core.verb:set package 'robot_launch' build argument 'catkin_skip_building_tests' from command line to 'False'
[0.331s] DEBUG:colcon.colcon_core.verb:Building package 'robot_launch' with the following arguments: {'ament_cmake_args': None, 'build_base': '/home/y/SA_CAO/build/robot_launch', 'catkin_cmake_args': None, 'catkin_skip_building_tests': False, 'cmake_args': None, 'cmake_clean_cache': False, 'cmake_clean_first': False, 'cmake_force_configure': False, 'cmake_target': None, 'cmake_target_skip_unavailable': False, 'install_base': '/home/y/SA_CAO/install/robot_launch', 'merge_install': False, 'path': '/home/y/SA_CAO/src/robot_launch', 'symlink_install': False, 'test_result_base': None}
[0.331s] Level 5:colcon.colcon_core.verb:set package 'sub_diablo' build argument 'cmake_args' from command line to 'None'
[0.332s] Level 5:colcon.colcon_core.verb:set package 'sub_diablo' build argument 'cmake_target' from command line to 'None'
[0.332s] Level 5:colcon.colcon_core.verb:set package 'sub_diablo' build argument 'cmake_target_skip_unavailable' from command line to 'False'
[0.332s] Level 5:colcon.colcon_core.verb:set package 'sub_diablo' build argument 'cmake_clean_cache' from command line to 'False'
[0.332s] Level 5:colcon.colcon_core.verb:set package 'sub_diablo' build argument 'cmake_clean_first' from command line to 'False'
[0.332s] Level 5:colcon.colcon_core.verb:set package 'sub_diablo' build argument 'cmake_force_configure' from command line to 'False'
[0.332s] Level 5:colcon.colcon_core.verb:set package 'sub_diablo' build argument 'ament_cmake_args' from command line to 'None'
[0.332s] Level 5:colcon.colcon_core.verb:set package 'sub_diablo' build argument 'catkin_cmake_args' from command line to 'None'
[0.332s] Level 5:colcon.colcon_core.verb:set package 'sub_diablo' build argument 'catkin_skip_building_tests' from command line to 'False'
[0.332s] DEBUG:colcon.colcon_core.verb:Building package 'sub_diablo' with the following arguments: {'ament_cmake_args': None, 'build_base': '/home/y/SA_CAO/build/sub_diablo', 'catkin_cmake_args': None, 'catkin_skip_building_tests': False, 'cmake_args': None, 'cmake_clean_cache': False, 'cmake_clean_first': False, 'cmake_force_configure': False, 'cmake_target': None, 'cmake_target_skip_unavailable': False, 'install_base': '/home/y/SA_CAO/install/sub_diablo', 'merge_install': False, 'path': '/home/y/SA_CAO/src/sub_diablo', 'symlink_install': False, 'test_result_base': None}
[0.332s] Level 5:colcon.colcon_core.verb:set package 'vw2motion' build argument 'cmake_args' from command line to 'None'
[0.332s] Level 5:colcon.colcon_core.verb:set package 'vw2motion' build argument 'cmake_target' from command line to 'None'
[0.332s] Level 5:colcon.colcon_core.verb:set package 'vw2motion' build argument 'cmake_target_skip_unavailable' from command line to 'False'
[0.332s] Level 5:colcon.colcon_core.verb:set package 'vw2motion' build argument 'cmake_clean_cache' from command line to 'False'
[0.332s] Level 5:colcon.colcon_core.verb:set package 'vw2motion' build argument 'cmake_clean_first' from command line to 'False'
[0.332s] Level 5:colcon.colcon_core.verb:set package 'vw2motion' build argument 'cmake_force_configure' from command line to 'False'
[0.332s] Level 5:colcon.colcon_core.verb:set package 'vw2motion' build argument 'ament_cmake_args' from command line to 'None'
[0.332s] Level 5:colcon.colcon_core.verb:set package 'vw2motion' build argument 'catkin_cmake_args' from command line to 'None'
[0.332s] Level 5:colcon.colcon_core.verb:set package 'vw2motion' build argument 'catkin_skip_building_tests' from command line to 'False'
[0.332s] DEBUG:colcon.colcon_core.verb:Building package 'vw2motion' with the following arguments: {'ament_cmake_args': None, 'build_base': '/home/y/SA_CAO/build/vw2motion', 'catkin_cmake_args': None, 'catkin_skip_building_tests': False, 'cmake_args': None, 'cmake_clean_cache': False, 'cmake_clean_first': False, 'cmake_force_configure': False, 'cmake_target': None, 'cmake_target_skip_unavailable': False, 'install_base': '/home/y/SA_CAO/install/vw2motion', 'merge_install': False, 'path': '/home/y/SA_CAO/src/vw2motion', 'symlink_install': False, 'test_result_base': None}
[0.332s] INFO:colcon.colcon_core.executor:Executing jobs using 'parallel' executor
[0.333s] DEBUG:colcon.colcon_parallel_executor.executor.parallel:run_until_complete
[0.334s] INFO:colcon.colcon_ros.task.ament_cmake.build:Building ROS package in '/home/y/SA_CAO/src/motion_msgs' with build type 'ament_cmake'
[0.334s] INFO:colcon.colcon_cmake.task.cmake.build:Building CMake package in '/home/y/SA_CAO/src/motion_msgs'
[0.335s] INFO:colcon.colcon_core.plugin_system:Skipping extension 'colcon_core.shell.bat': Not used on non-Windows systems
[0.335s] INFO:colcon.colcon_core.shell:Skip shell extension 'powershell' for command environment: Not usable outside of PowerShell
[0.335s] DEBUG:colcon.colcon_core.shell:Skip shell extension 'dsv' for command environment
[0.340s] INFO:colcon.colcon_ros.task.ament_python.build:Building ROS package in '/home/y/SA_CAO/src/my_xbox_joystick' with build type 'ament_python'
[0.340s] Level 1:colcon.colcon_core.shell:create_environment_hook('my_xbox_joystick', 'ament_prefix_path')
[0.340s] INFO:colcon.colcon_core.shell:Creating environment hook '/home/y/SA_CAO/install/my_xbox_joystick/share/my_xbox_joystick/hook/ament_prefix_path.ps1'
[0.341s] INFO:colcon.colcon_core.shell:Creating environment descriptor '/home/y/SA_CAO/install/my_xbox_joystick/share/my_xbox_joystick/hook/ament_prefix_path.dsv'
[0.342s] INFO:colcon.colcon_core.shell:Creating environment hook '/home/y/SA_CAO/install/my_xbox_joystick/share/my_xbox_joystick/hook/ament_prefix_path.sh'
[0.343s] INFO:colcon.colcon_core.shell:Skip shell extension 'powershell' for command environment: Not usable outside of PowerShell
[0.343s] DEBUG:colcon.colcon_core.shell:Skip shell extension 'dsv' for command environment
[0.355s] DEBUG:colcon.colcon_core.event_handler.log_command:Invoking command in '/home/y/SA_CAO/build/motion_msgs': CMAKE_PREFIX_PATH=/opt/ros/foxy:${CMAKE_PREFIX_PATH} /usr/bin/cmake --build /home/y/SA_CAO/build/motion_msgs -- -j2 -l2
[0.551s] INFO:colcon.colcon_core.task.python.build:Building Python package in '/home/y/SA_CAO/src/my_xbox_joystick'
[0.551s] INFO:colcon.colcon_core.shell:Skip shell extension 'powershell' for command environment: Not usable outside of PowerShell
[0.551s] DEBUG:colcon.colcon_core.shell:Skip shell extension 'dsv' for command environment
[0.694s] DEBUG:colcon.colcon_core.event_handler.log_command:Invoked command in '/home/y/SA_CAO/build/motion_msgs' returned '0': CMAKE_PREFIX_PATH=/opt/ros/foxy:${CMAKE_PREFIX_PATH} /usr/bin/cmake --build /home/y/SA_CAO/build/motion_msgs -- -j2 -l2
[0.707s] DEBUG:colcon.colcon_core.event_handler.log_command:Invoking command in '/home/y/SA_CAO/build/motion_msgs': CMAKE_PREFIX_PATH=/opt/ros/foxy:${CMAKE_PREFIX_PATH} /usr/bin/cmake --install /home/y/SA_CAO/build/motion_msgs
[0.776s] Level 1:colcon.colcon_core.environment:create_environment_scripts_only(motion_msgs)
[0.776s] DEBUG:colcon.colcon_core.event_handler.log_command:Invoked command in '/home/y/SA_CAO/build/motion_msgs' returned '0': CMAKE_PREFIX_PATH=/opt/ros/foxy:${CMAKE_PREFIX_PATH} /usr/bin/cmake --install /home/y/SA_CAO/build/motion_msgs
[0.778s] Level 1:colcon.colcon_core.environment:checking '/home/y/SA_CAO/install/motion_msgs' for CMake module files
[0.778s] Level 1:colcon.colcon_core.environment:checking '/home/y/SA_CAO/install/motion_msgs' for CMake config files
[0.778s] Level 1:colcon.colcon_core.shell:create_environment_hook('motion_msgs', 'cmake_prefix_path')
[0.779s] INFO:colcon.colcon_core.shell:Creating environment hook '/home/y/SA_CAO/install/motion_msgs/share/motion_msgs/hook/cmake_prefix_path.ps1'
[0.779s] INFO:colcon.colcon_core.shell:Creating environment descriptor '/home/y/SA_CAO/install/motion_msgs/share/motion_msgs/hook/cmake_prefix_path.dsv'
[0.780s] INFO:colcon.colcon_core.shell:Creating environment hook '/home/y/SA_CAO/install/motion_msgs/share/motion_msgs/hook/cmake_prefix_path.sh'
[0.780s] Level 1:colcon.colcon_core.environment:checking '/home/y/SA_CAO/install/motion_msgs/lib'
[0.780s] Level 1:colcon.colcon_core.shell:create_environment_hook('motion_msgs', 'ld_library_path_lib')
[0.781s] INFO:colcon.colcon_core.shell:Creating environment hook '/home/y/SA_CAO/install/motion_msgs/share/motion_msgs/hook/ld_library_path_lib.ps1'
[0.781s] INFO:colcon.colcon_core.shell:Creating environment descriptor '/home/y/SA_CAO/install/motion_msgs/share/motion_msgs/hook/ld_library_path_lib.dsv'
[0.781s] INFO:colcon.colcon_core.shell:Creating environment hook '/home/y/SA_CAO/install/motion_msgs/share/motion_msgs/hook/ld_library_path_lib.sh'
[0.782s] Level 1:colcon.colcon_core.environment:checking '/home/y/SA_CAO/install/motion_msgs/bin'
[0.782s] Level 1:colcon.colcon_core.environment:checking '/home/y/SA_CAO/install/motion_msgs/lib/pkgconfig/motion_msgs.pc'
[0.782s] Level 1:colcon.colcon_core.environment:checking '/home/y/SA_CAO/install/motion_msgs/lib/python3.8/site-packages'
[0.782s] Level 1:colcon.colcon_core.shell:create_environment_hook('motion_msgs', 'pythonpath')
[0.782s] INFO:colcon.colcon_core.shell:Creating environment hook '/home/y/SA_CAO/install/motion_msgs/share/motion_msgs/hook/pythonpath.ps1'
[0.782s] INFO:colcon.colcon_core.shell:Creating environment descriptor '/home/y/SA_CAO/install/motion_msgs/share/motion_msgs/hook/pythonpath.dsv'
[0.783s] INFO:colcon.colcon_core.shell:Creating environment hook '/home/y/SA_CAO/install/motion_msgs/share/motion_msgs/hook/pythonpath.sh'
[0.783s] Level 1:colcon.colcon_core.environment:checking '/home/y/SA_CAO/install/motion_msgs/bin'
[0.784s] INFO:colcon.colcon_core.shell:Creating package script '/home/y/SA_CAO/install/motion_msgs/share/motion_msgs/package.ps1'
[0.784s] INFO:colcon.colcon_core.shell:Creating package descriptor '/home/y/SA_CAO/install/motion_msgs/share/motion_msgs/package.dsv'
[0.785s] INFO:colcon.colcon_core.shell:Creating package script '/home/y/SA_CAO/install/motion_msgs/share/motion_msgs/package.sh'
[0.786s] INFO:colcon.colcon_core.shell:Creating package script '/home/y/SA_CAO/install/motion_msgs/share/motion_msgs/package.bash'
[0.786s] INFO:colcon.colcon_core.shell:Creating package script '/home/y/SA_CAO/install/motion_msgs/share/motion_msgs/package.zsh'
[0.787s] Level 1:colcon.colcon_core.environment:create_file_with_runtime_dependencies(/home/y/SA_CAO/install/motion_msgs/share/colcon-core/packages/motion_msgs)
[0.787s] Level 1:colcon.colcon_core.environment:create_environment_scripts_only(motion_msgs)
[0.788s] Level 1:colcon.colcon_core.environment:checking '/home/y/SA_CAO/install/motion_msgs' for CMake module files
[0.788s] Level 1:colcon.colcon_core.environment:checking '/home/y/SA_CAO/install/motion_msgs' for CMake config files
[0.788s] Level 1:colcon.colcon_core.shell:create_environment_hook('motion_msgs', 'cmake_prefix_path')
[0.788s] INFO:colcon.colcon_core.shell:Creating environment hook '/home/y/SA_CAO/install/motion_msgs/share/motion_msgs/hook/cmake_prefix_path.ps1'
[0.789s] INFO:colcon.colcon_core.shell:Creating environment descriptor '/home/y/SA_CAO/install/motion_msgs/share/motion_msgs/hook/cmake_prefix_path.dsv'
[0.789s] INFO:colcon.colcon_core.shell:Creating environment hook '/home/y/SA_CAO/install/motion_msgs/share/motion_msgs/hook/cmake_prefix_path.sh'
[0.790s] Level 1:colcon.colcon_core.environment:checking '/home/y/SA_CAO/install/motion_msgs/lib'
[0.790s] Level 1:colcon.colcon_core.shell:create_environment_hook('motion_msgs', 'ld_library_path_lib')
[0.790s] INFO:colcon.colcon_core.shell:Creating environment hook '/home/y/SA_CAO/install/motion_msgs/share/motion_msgs/hook/ld_library_path_lib.ps1'
[0.790s] INFO:colcon.colcon_core.shell:Creating environment descriptor '/home/y/SA_CAO/install/motion_msgs/share/motion_msgs/hook/ld_library_path_lib.dsv'
[0.790s] INFO:colcon.colcon_core.shell:Creating environment hook '/home/y/SA_CAO/install/motion_msgs/share/motion_msgs/hook/ld_library_path_lib.sh'
[0.791s] Level 1:colcon.colcon_core.environment:checking '/home/y/SA_CAO/install/motion_msgs/bin'
[0.791s] Level 1:colcon.colcon_core.environment:checking '/home/y/SA_CAO/install/motion_msgs/lib/pkgconfig/motion_msgs.pc'
[0.791s] Level 1:colcon.colcon_core.environment:checking '/home/y/SA_CAO/install/motion_msgs/lib/python3.8/site-packages'
[0.791s] Level 1:colcon.colcon_core.shell:create_environment_hook('motion_msgs', 'pythonpath')
[0.791s] INFO:colcon.colcon_core.shell:Creating environment hook '/home/y/SA_CAO/install/motion_msgs/share/motion_msgs/hook/pythonpath.ps1'
[0.792s] INFO:colcon.colcon_core.shell:Creating environment descriptor '/home/y/SA_CAO/install/motion_msgs/share/motion_msgs/hook/pythonpath.dsv'
[0.792s] INFO:colcon.colcon_core.shell:Creating environment hook '/home/y/SA_CAO/install/motion_msgs/share/motion_msgs/hook/pythonpath.sh'
[0.793s] Level 1:colcon.colcon_core.environment:checking '/home/y/SA_CAO/install/motion_msgs/bin'
[0.793s] INFO:colcon.colcon_core.shell:Creating package script '/home/y/SA_CAO/install/motion_msgs/share/motion_msgs/package.ps1'
[0.793s] INFO:colcon.colcon_core.shell:Creating package descriptor '/home/y/SA_CAO/install/motion_msgs/share/motion_msgs/package.dsv'
[0.794s] INFO:colcon.colcon_core.shell:Creating package script '/home/y/SA_CAO/install/motion_msgs/share/motion_msgs/package.sh'
[0.794s] INFO:colcon.colcon_core.shell:Creating package script '/home/y/SA_CAO/install/motion_msgs/share/motion_msgs/package.bash'
[0.795s] INFO:colcon.colcon_core.shell:Creating package script '/home/y/SA_CAO/install/motion_msgs/share/motion_msgs/package.zsh'
[0.795s] Level 1:colcon.colcon_core.environment:create_file_with_runtime_dependencies(/home/y/SA_CAO/install/motion_msgs/share/colcon-core/packages/motion_msgs)
[0.796s] INFO:colcon.colcon_ros.task.ament_python.build:Building ROS package in '/home/y/SA_CAO/src/robot_launch' with build type 'ament_python'
[0.796s] Level 1:colcon.colcon_core.shell:create_environment_hook('robot_launch', 'ament_prefix_path')
[0.796s] INFO:colcon.colcon_core.shell:Creating environment hook '/home/y/SA_CAO/install/robot_launch/share/robot_launch/hook/ament_prefix_path.ps1'
[0.798s] INFO:colcon.colcon_core.shell:Creating environment descriptor '/home/y/SA_CAO/install/robot_launch/share/robot_launch/hook/ament_prefix_path.dsv'
[0.798s] INFO:colcon.colcon_core.shell:Creating environment hook '/home/y/SA_CAO/install/robot_launch/share/robot_launch/hook/ament_prefix_path.sh'
[0.799s] INFO:colcon.colcon_core.shell:Skip shell extension 'powershell' for command environment: Not usable outside of PowerShell
[0.799s] DEBUG:colcon.colcon_core.shell:Skip shell extension 'dsv' for command environment
[0.969s] INFO:colcon.colcon_core.task.python.build:Building Python package in '/home/y/SA_CAO/src/robot_launch'
[0.969s] INFO:colcon.colcon_core.shell:Skip shell extension 'powershell' for command environment: Not usable outside of PowerShell
[0.969s] DEBUG:colcon.colcon_core.shell:Skip shell extension 'dsv' for command environment
[0.977s] DEBUG:colcon.colcon_core.event_handler.log_command:Invoking command in '/home/y/SA_CAO/src/my_xbox_joystick': PYTHONPATH=/home/y/SA_CAO/build/my_xbox_joystick/prefix_override:/usr/lib/python3/dist-packages/colcon_core/task/python/colcon_distutils_commands:/home/y/SA_CAO/install/my_xbox_joystick/lib/python3.8/site-packages:${PYTHONPATH} /usr/bin/python3 -W ignore:setup.py install is deprecated -W ignore:easy_install command is deprecated setup.py egg_info --egg-base ../../build/my_xbox_joystick build --build-base /home/y/SA_CAO/build/my_xbox_joystick/build install --record /home/y/SA_CAO/build/my_xbox_joystick/install.log --install-scripts $base/lib/my_xbox_joystick --single-version-externally-managed install_data
[1.203s] Level 1:colcon.colcon_core.environment:checking '/home/y/SA_CAO/install/my_xbox_joystick' for CMake module files
[1.203s] DEBUG:colcon.colcon_core.event_handler.log_command:Invoked command in '/home/y/SA_CAO/src/my_xbox_joystick' returned '0': PYTHONPATH=/home/y/SA_CAO/build/my_xbox_joystick/prefix_override:/usr/lib/python3/dist-packages/colcon_core/task/python/colcon_distutils_commands:/home/y/SA_CAO/install/my_xbox_joystick/lib/python3.8/site-packages:${PYTHONPATH} /usr/bin/python3 -W ignore:setup.py install is deprecated -W ignore:easy_install command is deprecated setup.py egg_info --egg-base ../../build/my_xbox_joystick build --build-base /home/y/SA_CAO/build/my_xbox_joystick/build install --record /home/y/SA_CAO/build/my_xbox_joystick/install.log --install-scripts $base/lib/my_xbox_joystick --single-version-externally-managed install_data
[1.204s] Level 1:colcon.colcon_core.environment:checking '/home/y/SA_CAO/install/my_xbox_joystick' for CMake config files
[1.204s] Level 1:colcon.colcon_core.environment:checking '/home/y/SA_CAO/install/my_xbox_joystick/lib'
[1.204s] Level 1:colcon.colcon_core.environment:checking '/home/y/SA_CAO/install/my_xbox_joystick/bin'
[1.204s] Level 1:colcon.colcon_core.environment:checking '/home/y/SA_CAO/install/my_xbox_joystick/lib/pkgconfig/my_xbox_joystick.pc'
[1.204s] Level 1:colcon.colcon_core.environment:checking '/home/y/SA_CAO/install/my_xbox_joystick/lib/python3.8/site-packages'
[1.204s] Level 1:colcon.colcon_core.shell:create_environment_hook('my_xbox_joystick', 'pythonpath')
[1.205s] INFO:colcon.colcon_core.shell:Creating environment hook '/home/y/SA_CAO/install/my_xbox_joystick/share/my_xbox_joystick/hook/pythonpath.ps1'
[1.205s] INFO:colcon.colcon_core.shell:Creating environment descriptor '/home/y/SA_CAO/install/my_xbox_joystick/share/my_xbox_joystick/hook/pythonpath.dsv'
[1.205s] INFO:colcon.colcon_core.shell:Creating environment hook '/home/y/SA_CAO/install/my_xbox_joystick/share/my_xbox_joystick/hook/pythonpath.sh'
[1.206s] Level 1:colcon.colcon_core.environment:checking '/home/y/SA_CAO/install/my_xbox_joystick/bin'
[1.206s] Level 1:colcon.colcon_core.environment:create_environment_scripts_only(my_xbox_joystick)
[1.206s] INFO:colcon.colcon_core.shell:Creating package script '/home/y/SA_CAO/install/my_xbox_joystick/share/my_xbox_joystick/package.ps1'
[1.207s] INFO:colcon.colcon_core.shell:Creating package descriptor '/home/y/SA_CAO/install/my_xbox_joystick/share/my_xbox_joystick/package.dsv'
[1.207s] INFO:colcon.colcon_core.shell:Creating package script '/home/y/SA_CAO/install/my_xbox_joystick/share/my_xbox_joystick/package.sh'
[1.208s] INFO:colcon.colcon_core.shell:Creating package script '/home/y/SA_CAO/install/my_xbox_joystick/share/my_xbox_joystick/package.bash'
[1.208s] INFO:colcon.colcon_core.shell:Creating package script '/home/y/SA_CAO/install/my_xbox_joystick/share/my_xbox_joystick/package.zsh'
[1.209s] Level 1:colcon.colcon_core.environment:create_file_with_runtime_dependencies(/home/y/SA_CAO/install/my_xbox_joystick/share/colcon-core/packages/my_xbox_joystick)
[1.209s] INFO:colcon.colcon_ros.task.ament_cmake.build:Building ROS package in '/home/y/SA_CAO/src/sub_diablo' with build type 'ament_cmake'
[1.209s] INFO:colcon.colcon_cmake.task.cmake.build:Building CMake package in '/home/y/SA_CAO/src/sub_diablo'
[1.210s] INFO:colcon.colcon_core.shell:Skip shell extension 'powershell' for command environment: Not usable outside of PowerShell
[1.210s] DEBUG:colcon.colcon_core.shell:Skip shell extension 'dsv' for command environment
[1.222s] DEBUG:colcon.colcon_core.event_handler.log_command:Invoking command in '/home/y/SA_CAO/build/sub_diablo': CMAKE_PREFIX_PATH=/opt/ros/foxy:${CMAKE_PREFIX_PATH} /usr/bin/cmake --build /home/y/SA_CAO/build/sub_diablo -- -j2 -l2
[1.282s] DEBUG:colcon.colcon_core.event_handler.log_command:Invoking command in '/home/y/SA_CAO/src/robot_launch': PYTHONPATH=/home/y/SA_CAO/build/robot_launch/prefix_override:/usr/lib/python3/dist-packages/colcon_core/task/python/colcon_distutils_commands:/home/y/SA_CAO/install/robot_launch/lib/python3.8/site-packages:${PYTHONPATH} /usr/bin/python3 -W ignore:setup.py install is deprecated -W ignore:easy_install command is deprecated setup.py egg_info --egg-base ../../build/robot_launch build --build-base /home/y/SA_CAO/build/robot_launch/build install --record /home/y/SA_CAO/build/robot_launch/install.log --install-scripts $base/lib/robot_launch --single-version-externally-managed install_data
[1.298s] DEBUG:colcon.colcon_core.event_handler.log_command:Invoked command in '/home/y/SA_CAO/build/sub_diablo' returned '0': CMAKE_PREFIX_PATH=/opt/ros/foxy:${CMAKE_PREFIX_PATH} /usr/bin/cmake --build /home/y/SA_CAO/build/sub_diablo -- -j2 -l2
[1.301s] DEBUG:colcon.colcon_core.event_handler.log_command:Invoking command in '/home/y/SA_CAO/build/sub_diablo': CMAKE_PREFIX_PATH=/opt/ros/foxy:${CMAKE_PREFIX_PATH} /usr/bin/cmake --install /home/y/SA_CAO/build/sub_diablo
[1.313s] Level 1:colcon.colcon_core.environment:create_environment_scripts_only(sub_diablo)
[1.314s] Level 1:colcon.colcon_core.environment:checking '/home/y/SA_CAO/install/sub_diablo' for CMake module files
[1.314s] DEBUG:colcon.colcon_core.event_handler.log_command:Invoked command in '/home/y/SA_CAO/build/sub_diablo' returned '0': CMAKE_PREFIX_PATH=/opt/ros/foxy:${CMAKE_PREFIX_PATH} /usr/bin/cmake --install /home/y/SA_CAO/build/sub_diablo
[1.315s] Level 1:colcon.colcon_core.environment:checking '/home/y/SA_CAO/install/sub_diablo' for CMake config files
[1.315s] Level 1:colcon.colcon_core.shell:create_environment_hook('sub_diablo', 'cmake_prefix_path')
[1.315s] INFO:colcon.colcon_core.shell:Creating environment hook '/home/y/SA_CAO/install/sub_diablo/share/sub_diablo/hook/cmake_prefix_path.ps1'
[1.315s] INFO:colcon.colcon_core.shell:Creating environment descriptor '/home/y/SA_CAO/install/sub_diablo/share/sub_diablo/hook/cmake_prefix_path.dsv'
[1.316s] INFO:colcon.colcon_core.shell:Creating environment hook '/home/y/SA_CAO/install/sub_diablo/share/sub_diablo/hook/cmake_prefix_path.sh'
[1.316s] Level 1:colcon.colcon_core.environment:checking '/home/y/SA_CAO/install/sub_diablo/lib'
[1.316s] Level 1:colcon.colcon_core.environment:checking '/home/y/SA_CAO/install/sub_diablo/bin'
[1.316s] Level 1:colcon.colcon_core.environment:checking '/home/y/SA_CAO/install/sub_diablo/lib/pkgconfig/sub_diablo.pc'
[1.317s] Level 1:colcon.colcon_core.environment:checking '/home/y/SA_CAO/install/sub_diablo/lib/python3.8/site-packages'
[1.317s] Level 1:colcon.colcon_core.environment:checking '/home/y/SA_CAO/install/sub_diablo/bin'
[1.317s] INFO:colcon.colcon_core.shell:Creating package script '/home/y/SA_CAO/install/sub_diablo/share/sub_diablo/package.ps1'
[1.317s] INFO:colcon.colcon_core.shell:Creating package descriptor '/home/y/SA_CAO/install/sub_diablo/share/sub_diablo/package.dsv'
[1.318s] INFO:colcon.colcon_core.shell:Creating package script '/home/y/SA_CAO/install/sub_diablo/share/sub_diablo/package.sh'
[1.318s] INFO:colcon.colcon_core.shell:Creating package script '/home/y/SA_CAO/install/sub_diablo/share/sub_diablo/package.bash'
[1.319s] INFO:colcon.colcon_core.shell:Creating package script '/home/y/SA_CAO/install/sub_diablo/share/sub_diablo/package.zsh'
[1.319s] Level 1:colcon.colcon_core.environment:create_file_with_runtime_dependencies(/home/y/SA_CAO/install/sub_diablo/share/colcon-core/packages/sub_diablo)
[1.320s] Level 1:colcon.colcon_core.environment:create_environment_scripts_only(sub_diablo)
[1.320s] Level 1:colcon.colcon_core.environment:checking '/home/y/SA_CAO/install/sub_diablo' for CMake module files
[1.320s] Level 1:colcon.colcon_core.environment:checking '/home/y/SA_CAO/install/sub_diablo' for CMake config files
[1.320s] Level 1:colcon.colcon_core.shell:create_environment_hook('sub_diablo', 'cmake_prefix_path')
[1.320s] INFO:colcon.colcon_core.shell:Creating environment hook '/home/y/SA_CAO/install/sub_diablo/share/sub_diablo/hook/cmake_prefix_path.ps1'
[1.321s] INFO:colcon.colcon_core.shell:Creating environment descriptor '/home/y/SA_CAO/install/sub_diablo/share/sub_diablo/hook/cmake_prefix_path.dsv'
[1.321s] INFO:colcon.colcon_core.shell:Creating environment hook '/home/y/SA_CAO/install/sub_diablo/share/sub_diablo/hook/cmake_prefix_path.sh'
[1.322s] Level 1:colcon.colcon_core.environment:checking '/home/y/SA_CAO/install/sub_diablo/lib'
[1.322s] Level 1:colcon.colcon_core.environment:checking '/home/y/SA_CAO/install/sub_diablo/bin'
[1.322s] Level 1:colcon.colcon_core.environment:checking '/home/y/SA_CAO/install/sub_diablo/lib/pkgconfig/sub_diablo.pc'
[1.322s] Level 1:colcon.colcon_core.environment:checking '/home/y/SA_CAO/install/sub_diablo/lib/python3.8/site-packages'
[1.322s] Level 1:colcon.colcon_core.environment:checking '/home/y/SA_CAO/install/sub_diablo/bin'
[1.322s] INFO:colcon.colcon_core.shell:Creating package script '/home/y/SA_CAO/install/sub_diablo/share/sub_diablo/package.ps1'
[1.322s] INFO:colcon.colcon_core.shell:Creating package descriptor '/home/y/SA_CAO/install/sub_diablo/share/sub_diablo/package.dsv'
[1.323s] INFO:colcon.colcon_core.shell:Creating package script '/home/y/SA_CAO/install/sub_diablo/share/sub_diablo/package.sh'
[1.323s] INFO:colcon.colcon_core.shell:Creating package script '/home/y/SA_CAO/install/sub_diablo/share/sub_diablo/package.bash'
[1.324s] INFO:colcon.colcon_core.shell:Creating package script '/home/y/SA_CAO/install/sub_diablo/share/sub_diablo/package.zsh'
[1.324s] Level 1:colcon.colcon_core.environment:create_file_with_runtime_dependencies(/home/y/SA_CAO/install/sub_diablo/share/colcon-core/packages/sub_diablo)
[1.325s] INFO:colcon.colcon_ros.task.ament_python.build:Building ROS package in '/home/y/SA_CAO/src/vw2motion' with build type 'ament_python'
[1.325s] Level 1:colcon.colcon_core.shell:create_environment_hook('vw2motion', 'ament_prefix_path')
[1.325s] INFO:colcon.colcon_core.shell:Creating environment hook '/home/y/SA_CAO/install/vw2motion/share/vw2motion/hook/ament_prefix_path.ps1'
[1.326s] INFO:colcon.colcon_core.shell:Creating environment descriptor '/home/y/SA_CAO/install/vw2motion/share/vw2motion/hook/ament_prefix_path.dsv'
[1.326s] INFO:colcon.colcon_core.shell:Creating environment hook '/home/y/SA_CAO/install/vw2motion/share/vw2motion/hook/ament_prefix_path.sh'
[1.327s] INFO:colcon.colcon_core.shell:Skip shell extension 'powershell' for command environment: Not usable outside of PowerShell
[1.327s] DEBUG:colcon.colcon_core.shell:Skip shell extension 'dsv' for command environment
[1.495s] INFO:colcon.colcon_core.task.python.build:Building Python package in '/home/y/SA_CAO/src/vw2motion'
[1.496s] INFO:colcon.colcon_core.shell:Skip shell extension 'powershell' for command environment: Not usable outside of PowerShell
[1.496s] DEBUG:colcon.colcon_core.shell:Skip shell extension 'dsv' for command environment
[1.527s] Level 1:colcon.colcon_core.environment:checking '/home/y/SA_CAO/install/robot_launch' for CMake module files
[1.528s] DEBUG:colcon.colcon_core.event_handler.log_command:Invoked command in '/home/y/SA_CAO/src/robot_launch' returned '0': PYTHONPATH=/home/y/SA_CAO/build/robot_launch/prefix_override:/usr/lib/python3/dist-packages/colcon_core/task/python/colcon_distutils_commands:/home/y/SA_CAO/install/robot_launch/lib/python3.8/site-packages:${PYTHONPATH} /usr/bin/python3 -W ignore:setup.py install is deprecated -W ignore:easy_install command is deprecated setup.py egg_info --egg-base ../../build/robot_launch build --build-base /home/y/SA_CAO/build/robot_launch/build install --record /home/y/SA_CAO/build/robot_launch/install.log --install-scripts $base/lib/robot_launch --single-version-externally-managed install_data
[1.528s] Level 1:colcon.colcon_core.environment:checking '/home/y/SA_CAO/install/robot_launch' for CMake config files
[1.528s] Level 1:colcon.colcon_core.environment:checking '/home/y/SA_CAO/install/robot_launch/lib'
[1.528s] Level 1:colcon.colcon_core.environment:checking '/home/y/SA_CAO/install/robot_launch/bin'
[1.528s] Level 1:colcon.colcon_core.environment:checking '/home/y/SA_CAO/install/robot_launch/lib/pkgconfig/robot_launch.pc'
[1.529s] Level 1:colcon.colcon_core.environment:checking '/home/y/SA_CAO/install/robot_launch/lib/python3.8/site-packages'
[1.529s] Level 1:colcon.colcon_core.shell:create_environment_hook('robot_launch', 'pythonpath')
[1.529s] INFO:colcon.colcon_core.shell:Creating environment hook '/home/y/SA_CAO/install/robot_launch/share/robot_launch/hook/pythonpath.ps1'
[1.529s] INFO:colcon.colcon_core.shell:Creating environment descriptor '/home/y/SA_CAO/install/robot_launch/share/robot_launch/hook/pythonpath.dsv'
[1.530s] INFO:colcon.colcon_core.shell:Creating environment hook '/home/y/SA_CAO/install/robot_launch/share/robot_launch/hook/pythonpath.sh'
[1.530s] Level 1:colcon.colcon_core.environment:checking '/home/y/SA_CAO/install/robot_launch/bin'
[1.530s] Level 1:colcon.colcon_core.environment:create_environment_scripts_only(robot_launch)
[1.531s] INFO:colcon.colcon_core.shell:Creating package script '/home/y/SA_CAO/install/robot_launch/share/robot_launch/package.ps1'
[1.531s] INFO:colcon.colcon_core.shell:Creating package descriptor '/home/y/SA_CAO/install/robot_launch/share/robot_launch/package.dsv'
[1.531s] INFO:colcon.colcon_core.shell:Creating package script '/home/y/SA_CAO/install/robot_launch/share/robot_launch/package.sh'
[1.532s] INFO:colcon.colcon_core.shell:Creating package script '/home/y/SA_CAO/install/robot_launch/share/robot_launch/package.bash'
[1.532s] INFO:colcon.colcon_core.shell:Creating package script '/home/y/SA_CAO/install/robot_launch/share/robot_launch/package.zsh'
[1.533s] Level 1:colcon.colcon_core.environment:create_file_with_runtime_dependencies(/home/y/SA_CAO/install/robot_launch/share/colcon-core/packages/robot_launch)
[1.787s] DEBUG:colcon.colcon_core.event_handler.log_command:Invoking command in '/home/y/SA_CAO/src/vw2motion': PYTHONPATH=/home/y/SA_CAO/build/vw2motion/prefix_override:/usr/lib/python3/dist-packages/colcon_core/task/python/colcon_distutils_commands:/home/y/SA_CAO/install/vw2motion/lib/python3.8/site-packages:${PYTHONPATH} /usr/bin/python3 -W ignore:setup.py install is deprecated -W ignore:easy_install command is deprecated setup.py egg_info --egg-base ../../build/vw2motion build --build-base /home/y/SA_CAO/build/vw2motion/build install --record /home/y/SA_CAO/build/vw2motion/install.log --install-scripts $base/lib/vw2motion --single-version-externally-managed install_data
[2.002s] Level 1:colcon.colcon_core.environment:checking '/home/y/SA_CAO/install/vw2motion' for CMake module files
[2.002s] Level 1:colcon.colcon_core.environment:checking '/home/y/SA_CAO/install/vw2motion' for CMake config files
[2.003s] Level 1:colcon.colcon_core.environment:checking '/home/y/SA_CAO/install/vw2motion/lib'
[2.003s] Level 1:colcon.colcon_core.environment:checking '/home/y/SA_CAO/install/vw2motion/bin'
[2.003s] Level 1:colcon.colcon_core.environment:checking '/home/y/SA_CAO/install/vw2motion/lib/pkgconfig/vw2motion.pc'
[2.003s] Level 1:colcon.colcon_core.environment:checking '/home/y/SA_CAO/install/vw2motion/lib/python3.8/site-packages'
[2.003s] Level 1:colcon.colcon_core.shell:create_environment_hook('vw2motion', 'pythonpath')
[2.003s] INFO:colcon.colcon_core.shell:Creating environment hook '/home/y/SA_CAO/install/vw2motion/share/vw2motion/hook/pythonpath.ps1'
[2.004s] INFO:colcon.colcon_core.shell:Creating environment descriptor '/home/y/SA_CAO/install/vw2motion/share/vw2motion/hook/pythonpath.dsv'
[2.004s] DEBUG:colcon.colcon_core.event_handler.log_command:Invoked command in '/home/y/SA_CAO/src/vw2motion' returned '0': PYTHONPATH=/home/y/SA_CAO/build/vw2motion/prefix_override:/usr/lib/python3/dist-packages/colcon_core/task/python/colcon_distutils_commands:/home/y/SA_CAO/install/vw2motion/lib/python3.8/site-packages:${PYTHONPATH} /usr/bin/python3 -W ignore:setup.py install is deprecated -W ignore:easy_install command is deprecated setup.py egg_info --egg-base ../../build/vw2motion build --build-base /home/y/SA_CAO/build/vw2motion/build install --record /home/y/SA_CAO/build/vw2motion/install.log --install-scripts $base/lib/vw2motion --single-version-externally-managed install_data
[2.005s] INFO:colcon.colcon_core.shell:Creating environment hook '/home/y/SA_CAO/install/vw2motion/share/vw2motion/hook/pythonpath.sh'
[2.005s] Level 1:colcon.colcon_core.environment:checking '/home/y/SA_CAO/install/vw2motion/bin'
[2.005s] Level 1:colcon.colcon_core.environment:create_environment_scripts_only(vw2motion)
[2.005s] INFO:colcon.colcon_core.shell:Creating package script '/home/y/SA_CAO/install/vw2motion/share/vw2motion/package.ps1'
[2.006s] INFO:colcon.colcon_core.shell:Creating package descriptor '/home/y/SA_CAO/install/vw2motion/share/vw2motion/package.dsv'
[2.006s] INFO:colcon.colcon_core.shell:Creating package script '/home/y/SA_CAO/install/vw2motion/share/vw2motion/package.sh'
[2.007s] INFO:colcon.colcon_core.shell:Creating package script '/home/y/SA_CAO/install/vw2motion/share/vw2motion/package.bash'
[2.007s] INFO:colcon.colcon_core.shell:Creating package script '/home/y/SA_CAO/install/vw2motion/share/vw2motion/package.zsh'
[2.007s] Level 1:colcon.colcon_core.environment:create_file_with_runtime_dependencies(/home/y/SA_CAO/install/vw2motion/share/colcon-core/packages/vw2motion)
[2.008s] DEBUG:colcon.colcon_parallel_executor.executor.parallel:closing loop
[2.008s] DEBUG:colcon.colcon_parallel_executor.executor.parallel:loop closed
[2.008s] DEBUG:colcon.colcon_parallel_executor.executor.parallel:run_until_complete finished with '0'
[2.009s] DEBUG:colcon.colcon_core.event_reactor:joining thread
[2.012s] INFO:colcon.colcon_core.plugin_system:Skipping extension 'colcon_notification.desktop_notification.terminal_notifier': Not used on non-Darwin systems
[2.012s] INFO:colcon.colcon_core.plugin_system:Skipping extension 'colcon_notification.desktop_notification.win32': Not used on non-Windows systems
[2.012s] INFO:colcon.colcon_notification.desktop_notification:Sending desktop notification using 'notify2'
[2.027s] DEBUG:colcon.colcon_core.event_reactor:joined thread
[2.027s] INFO:colcon.colcon_core.shell:Creating prefix script '/home/y/SA_CAO/install/local_setup.ps1'
[2.028s] INFO:colcon.colcon_core.shell:Creating prefix util module '/home/y/SA_CAO/install/_local_setup_util_ps1.py'
[2.030s] INFO:colcon.colcon_core.shell:Creating prefix chain script '/home/y/SA_CAO/install/setup.ps1'
[2.031s] INFO:colcon.colcon_core.shell:Creating prefix script '/home/y/SA_CAO/install/local_setup.sh'
[2.032s] INFO:colcon.colcon_core.shell:Creating prefix util module '/home/y/SA_CAO/install/_local_setup_util_sh.py'
[2.033s] INFO:colcon.colcon_core.shell:Creating prefix chain script '/home/y/SA_CAO/install/setup.sh'
[2.034s] INFO:colcon.colcon_core.shell:Creating prefix script '/home/y/SA_CAO/install/local_setup.bash'
[2.034s] INFO:colcon.colcon_core.shell:Creating prefix chain script '/home/y/SA_CAO/install/setup.bash'
[2.036s] INFO:colcon.colcon_core.shell:Creating prefix script '/home/y/SA_CAO/install/local_setup.zsh'
[2.036s] INFO:colcon.colcon_core.shell:Creating prefix chain script '/home/y/SA_CAO/install/setup.zsh'
