[0.013s] Invoking command in '/home/y/SA_CAO_Simu/SA_CAO/build/diablo_body': AMENT_PREFIX_PATH=/home/y/SA_CAO_Simu/SA_CAO/install/diablo_utils:/home/y/SA_CAO_Simu/SA_CAO/install/motion_msgs:/home/y/SA_CAO_Simu/SA_CAO/install/ception_msgs:${AMENT_PREFIX_PATH} CMAKE_PREFIX_PATH=/home/y/SA_CAO_Simu/SA_CAO/install/diablo_utils:/home/y/SA_CAO_Simu/SA_CAO/install/motion_msgs:/home/y/SA_CAO_Simu/SA_CAO/install/ception_msgs:/opt/ros/foxy LD_LIBRARY_PATH=/home/y/SA_CAO_Simu/SA_CAO/install/diablo_utils/lib:/home/y/SA_CAO_Simu/SA_CAO/install/motion_msgs/lib:/home/y/SA_CAO_Simu/SA_CAO/install/ception_msgs/lib:${LD_LIBRARY_PATH} PYTHONPATH=/home/y/SA_CAO_Simu/SA_CAO/install/motion_msgs/lib/python3.8/site-packages:/home/y/SA_CAO_Simu/SA_CAO/install/ception_msgs/lib/python3.8/site-packages:${PYTHONPATH} /usr/bin/cmake --build /home/y/SA_CAO_Simu/SA_CAO/build/diablo_body -- -j2 -l2
[0.056s] [100%] Built target diablo_body_core
[0.061s] Invoked command in '/home/y/SA_CAO_Simu/SA_CAO/build/diablo_body' returned '0': AMENT_PREFIX_PATH=/home/y/SA_CAO_Simu/SA_CAO/install/diablo_utils:/home/y/SA_CAO_Simu/SA_CAO/install/motion_msgs:/home/y/SA_CAO_Simu/SA_CAO/install/ception_msgs:${AMENT_PREFIX_PATH} CMAKE_PREFIX_PATH=/home/y/SA_CAO_Simu/SA_CAO/install/diablo_utils:/home/y/SA_CAO_Simu/SA_CAO/install/motion_msgs:/home/y/SA_CAO_Simu/SA_CAO/install/ception_msgs:/opt/ros/foxy LD_LIBRARY_PATH=/home/y/SA_CAO_Simu/SA_CAO/install/diablo_utils/lib:/home/y/SA_CAO_Simu/SA_CAO/install/motion_msgs/lib:/home/y/SA_CAO_Simu/SA_CAO/install/ception_msgs/lib:${LD_LIBRARY_PATH} PYTHONPATH=/home/y/SA_CAO_Simu/SA_CAO/install/motion_msgs/lib/python3.8/site-packages:/home/y/SA_CAO_Simu/SA_CAO/install/ception_msgs/lib/python3.8/site-packages:${PYTHONPATH} /usr/bin/cmake --build /home/y/SA_CAO_Simu/SA_CAO/build/diablo_body -- -j2 -l2
[0.063s] Invoking command in '/home/y/SA_CAO_Simu/SA_CAO/build/diablo_body': AMENT_PREFIX_PATH=/home/y/SA_CAO_Simu/SA_CAO/install/diablo_utils:/home/y/SA_CAO_Simu/SA_CAO/install/motion_msgs:/home/y/SA_CAO_Simu/SA_CAO/install/ception_msgs:${AMENT_PREFIX_PATH} CMAKE_PREFIX_PATH=/home/y/SA_CAO_Simu/SA_CAO/install/diablo_utils:/home/y/SA_CAO_Simu/SA_CAO/install/motion_msgs:/home/y/SA_CAO_Simu/SA_CAO/install/ception_msgs:/opt/ros/foxy LD_LIBRARY_PATH=/home/y/SA_CAO_Simu/SA_CAO/install/diablo_utils/lib:/home/y/SA_CAO_Simu/SA_CAO/install/motion_msgs/lib:/home/y/SA_CAO_Simu/SA_CAO/install/ception_msgs/lib:${LD_LIBRARY_PATH} PYTHONPATH=/home/y/SA_CAO_Simu/SA_CAO/install/motion_msgs/lib/python3.8/site-packages:/home/y/SA_CAO_Simu/SA_CAO/install/ception_msgs/lib/python3.8/site-packages:${PYTHONPATH} /usr/bin/cmake --install /home/y/SA_CAO_Simu/SA_CAO/build/diablo_body
[0.070s] -- Install configuration: ""
[0.070s] -- Up-to-date: /home/y/SA_CAO_Simu/SA_CAO/install/diablo_body/include/
[0.070s] -- Up-to-date: /home/y/SA_CAO_Simu/SA_CAO/install/diablo_body/include//diablo_imu.hpp
[0.070s] -- Up-to-date: /home/y/SA_CAO_Simu/SA_CAO/install/diablo_body/include//diablo_body_state.hpp
[0.070s] -- Up-to-date: /home/y/SA_CAO_Simu/SA_CAO/install/diablo_body/include//diablo_legmotors.hpp
[0.071s] -- Up-to-date: /home/y/SA_CAO_Simu/SA_CAO/install/diablo_body/include//diablo_battery.hpp
[0.071s] -- Up-to-date: /home/y/SA_CAO_Simu/SA_CAO/install/diablo_body/lib/libdiablo_body_core.so
[0.071s] -- Up-to-date: /home/y/SA_CAO_Simu/SA_CAO/install/diablo_body/share/diablo_body/environment/library_path.sh
[0.071s] -- Up-to-date: /home/y/SA_CAO_Simu/SA_CAO/install/diablo_body/share/diablo_body/environment/library_path.dsv
[0.071s] -- Up-to-date: /home/y/SA_CAO_Simu/SA_CAO/install/diablo_body/share/ament_index/resource_index/package_run_dependencies/diablo_body
[0.071s] -- Up-to-date: /home/y/SA_CAO_Simu/SA_CAO/install/diablo_body/share/ament_index/resource_index/parent_prefix_path/diablo_body
[0.071s] -- Up-to-date: /home/y/SA_CAO_Simu/SA_CAO/install/diablo_body/share/diablo_body/environment/ament_prefix_path.sh
[0.071s] -- Up-to-date: /home/y/SA_CAO_Simu/SA_CAO/install/diablo_body/share/diablo_body/environment/ament_prefix_path.dsv
[0.071s] -- Up-to-date: /home/y/SA_CAO_Simu/SA_CAO/install/diablo_body/share/diablo_body/environment/path.sh
[0.071s] -- Up-to-date: /home/y/SA_CAO_Simu/SA_CAO/install/diablo_body/share/diablo_body/environment/path.dsv
[0.072s] -- Up-to-date: /home/y/SA_CAO_Simu/SA_CAO/install/diablo_body/share/diablo_body/local_setup.bash
[0.072s] -- Up-to-date: /home/y/SA_CAO_Simu/SA_CAO/install/diablo_body/share/diablo_body/local_setup.sh
[0.072s] -- Up-to-date: /home/y/SA_CAO_Simu/SA_CAO/install/diablo_body/share/diablo_body/local_setup.zsh
[0.072s] -- Up-to-date: /home/y/SA_CAO_Simu/SA_CAO/install/diablo_body/share/diablo_body/local_setup.dsv
[0.072s] -- Installing: /home/y/SA_CAO_Simu/SA_CAO/install/diablo_body/share/diablo_body/package.dsv
[0.072s] -- Up-to-date: /home/y/SA_CAO_Simu/SA_CAO/install/diablo_body/share/ament_index/resource_index/packages/diablo_body
[0.072s] -- Up-to-date: /home/y/SA_CAO_Simu/SA_CAO/install/diablo_body/share/diablo_body/cmake/ament_cmake_export_include_directories-extras.cmake
[0.072s] -- Up-to-date: /home/y/SA_CAO_Simu/SA_CAO/install/diablo_body/share/diablo_body/cmake/ament_cmake_export_libraries-extras.cmake
[0.072s] -- Up-to-date: /home/y/SA_CAO_Simu/SA_CAO/install/diablo_body/share/diablo_body/cmake/ament_cmake_export_dependencies-extras.cmake
[0.072s] -- Up-to-date: /home/y/SA_CAO_Simu/SA_CAO/install/diablo_body/share/diablo_body/cmake/diablo_bodyConfig.cmake
[0.072s] -- Up-to-date: /home/y/SA_CAO_Simu/SA_CAO/install/diablo_body/share/diablo_body/cmake/diablo_bodyConfig-version.cmake
[0.072s] -- Up-to-date: /home/y/SA_CAO_Simu/SA_CAO/install/diablo_body/share/diablo_body/package.xml
[0.072s] Invoked command in '/home/y/SA_CAO_Simu/SA_CAO/build/diablo_body' returned '0': AMENT_PREFIX_PATH=/home/y/SA_CAO_Simu/SA_CAO/install/diablo_utils:/home/y/SA_CAO_Simu/SA_CAO/install/motion_msgs:/home/y/SA_CAO_Simu/SA_CAO/install/ception_msgs:${AMENT_PREFIX_PATH} CMAKE_PREFIX_PATH=/home/y/SA_CAO_Simu/SA_CAO/install/diablo_utils:/home/y/SA_CAO_Simu/SA_CAO/install/motion_msgs:/home/y/SA_CAO_Simu/SA_CAO/install/ception_msgs:/opt/ros/foxy LD_LIBRARY_PATH=/home/y/SA_CAO_Simu/SA_CAO/install/diablo_utils/lib:/home/y/SA_CAO_Simu/SA_CAO/install/motion_msgs/lib:/home/y/SA_CAO_Simu/SA_CAO/install/ception_msgs/lib:${LD_LIBRARY_PATH} PYTHONPATH=/home/y/SA_CAO_Simu/SA_CAO/install/motion_msgs/lib/python3.8/site-packages:/home/y/SA_CAO_Simu/SA_CAO/install/ception_msgs/lib/python3.8/site-packages:${PYTHONPATH} /usr/bin/cmake --install /home/y/SA_CAO_Simu/SA_CAO/build/diablo_body
