running egg_info
creating ../../build/launch_diablo/launch_diablo.egg-info
writing ../../build/launch_diablo/launch_diablo.egg-info/PKG-INFO
writing dependency_links to ../../build/launch_diablo/launch_diablo.egg-info/dependency_links.txt
writing entry points to ../../build/launch_diablo/launch_diablo.egg-info/entry_points.txt
writing requirements to ../../build/launch_diablo/launch_diablo.egg-info/requires.txt
writing top-level names to ../../build/launch_diablo/launch_diablo.egg-info/top_level.txt
writing manifest file '../../build/launch_diablo/launch_diablo.egg-info/SOURCES.txt'
reading manifest file '../../build/launch_diablo/launch_diablo.egg-info/SOURCES.txt'
writing manifest file '../../build/launch_diablo/launch_diablo.egg-info/SOURCES.txt'
running build
running build_py
creating /home/y/SA_CAO_Simu/SA_CAO/build/launch_diablo/build
creating /home/y/SA_CAO_Simu/SA_CAO/build/launch_diablo/build/lib
creating /home/y/SA_CAO_Simu/SA_CAO/build/launch_diablo/build/lib/launch_diablo
copying launch_diablo/__init__.py -> /home/y/SA_CAO_Simu/SA_CAO/build/launch_diablo/build/lib/launch_diablo
running install
running install_lib
creating /home/y/SA_CAO_Simu/SA_CAO/install/launch_diablo/lib/python3.8/site-packages/launch_diablo
copying /home/y/SA_CAO_Simu/SA_CAO/build/launch_diablo/build/lib/launch_diablo/__init__.py -> /home/y/SA_CAO_Simu/SA_CAO/install/launch_diablo/lib/python3.8/site-packages/launch_diablo
byte-compiling /home/y/SA_CAO_Simu/SA_CAO/install/launch_diablo/lib/python3.8/site-packages/launch_diablo/__init__.py to __init__.cpython-38.pyc
running install_data
copying package.xml -> /home/y/SA_CAO_Simu/SA_CAO/install/launch_diablo/share/launch_diablo
creating /home/y/SA_CAO_Simu/SA_CAO/install/launch_diablo/share/ament_index
creating /home/y/SA_CAO_Simu/SA_CAO/install/launch_diablo/share/ament_index/resource_index
creating /home/y/SA_CAO_Simu/SA_CAO/install/launch_diablo/share/ament_index/resource_index/packages
copying resource/launch_diablo -> /home/y/SA_CAO_Simu/SA_CAO/install/launch_diablo/share/ament_index/resource_index/packages
creating /home/y/SA_CAO_Simu/SA_CAO/install/launch_diablo/share/launch_diablo/launch
copying launch/launch_diabloV1.py -> /home/y/SA_CAO_Simu/SA_CAO/install/launch_diablo/share/launch_diablo/launch
copying launch/launch_diablo.py -> /home/y/SA_CAO_Simu/SA_CAO/install/launch_diablo/share/launch_diablo/launch
running install_egg_info
Copying ../../build/launch_diablo/launch_diablo.egg-info to /home/y/SA_CAO_Simu/SA_CAO/install/launch_diablo/lib/python3.8/site-packages/launch_diablo-0.0.0-py3.8.egg-info
running install_scripts
writing list of installed files to '/home/y/SA_CAO_Simu/SA_CAO/build/launch_diablo/install.log'
