[0.075s] Invoking command in '/home/y/SA_CAO_test_ws/build/dynamixel_sdk': CMAKE_PREFIX_PATH=/home/y/SA_CAO_test_ws/install/turtlebot3:/home/y/SA_CAO_test_ws/install/turtlebot3_simulations:/home/y/SA_CAO_test_ws/install/turtlebot3_bringup:/home/y/SA_CAO_test_ws/install/turtlebot3_node:/home/y/SA_CAO_test_ws/install/turtlebot3_navigation2:/home/y/SA_CAO_test_ws/install/turtlebot3_fake_node:/home/y/SA_CAO_test_ws/install/turtlebot3_msgs:/home/y/SA_CAO_test_ws/install/turtlebot3_gazebo:/home/y/SA_CAO_test_ws/install/turtlebot3_description:/home/y/SA_CAO_test_ws/install/turtlebot3_cartographer:/home/y/SA_CAO_test_ws/install/sub_diablo2023a:/home/y/SA_CAO_test_ws/install/motion_msgs:/home/y/SA_CAO_test_ws/install/hls_lfcd_lds_driver:/home/y/SA_CAO_test_ws/install/dynamixel_sdk_examples:/home/y/SA_CAO_test_ws/install/dynamixel_sdk_custom_interfaces:/home/y/SA_CAO_test_ws/install/dynamixel_sdk:/home/y/SA_CAO_test_ws/install/turtlebot3_teleop:/home/y/SA_CAO_test_ws/install/turtlebot3_example:/home/y/SA_CAO_test_ws/install/my_joystick:/home/y/SA_CAO_test_ws/install/launch_diablo:/opt/ros/foxy:/home/y/oradar_ros/install/oradar_lidar /usr/bin/cmake /home/y/SA_CAO_test_ws/src/utils/DynamixelSDK/dynamixel_sdk -DCMAKE_INSTALL_PREFIX=/home/y/SA_CAO_test_ws/install/dynamixel_sdk
[0.397s] -- The C compiler identification is GNU 9.4.0
[0.623s] -- The CXX compiler identification is GNU 9.4.0
[0.643s] -- Check for working C compiler: /usr/bin/cc
[0.915s] -- Check for working C compiler: /usr/bin/cc -- works
[0.920s] -- Detecting C compiler ABI info
[1.200s] -- Detecting C compiler ABI info - done
[1.215s] -- Detecting C compile features
[1.217s] -- Detecting C compile features - done
[1.223s] -- Check for working CXX compiler: /usr/bin/c++
[1.526s] -- Check for working CXX compiler: /usr/bin/c++ -- works
[1.530s] -- Detecting CXX compiler ABI info
[1.907s] -- Detecting CXX compiler ABI info - done
[1.931s] -- Detecting CXX compile features
[1.933s] -- Detecting CXX compile features - done
[1.941s] -- Found ament_cmake: 0.9.12 (/opt/ros/foxy/share/ament_cmake/cmake)
[2.016s] -- Found PythonInterp: /usr/bin/python3 (found suitable version "3.8.10", minimum required is "3") 
[2.018s] -- Using PYTHON_EXECUTABLE: /usr/bin/python3
[2.659s] -- Configuring done
[2.673s] -- Generating done
[2.678s] -- Build files have been written to: /home/y/SA_CAO_test_ws/build/dynamixel_sdk
[2.687s] Invoked command in '/home/y/SA_CAO_test_ws/build/dynamixel_sdk' returned '0': CMAKE_PREFIX_PATH=/home/y/SA_CAO_test_ws/install/turtlebot3:/home/y/SA_CAO_test_ws/install/turtlebot3_simulations:/home/y/SA_CAO_test_ws/install/turtlebot3_bringup:/home/y/SA_CAO_test_ws/install/turtlebot3_node:/home/y/SA_CAO_test_ws/install/turtlebot3_navigation2:/home/y/SA_CAO_test_ws/install/turtlebot3_fake_node:/home/y/SA_CAO_test_ws/install/turtlebot3_msgs:/home/y/SA_CAO_test_ws/install/turtlebot3_gazebo:/home/y/SA_CAO_test_ws/install/turtlebot3_description:/home/y/SA_CAO_test_ws/install/turtlebot3_cartographer:/home/y/SA_CAO_test_ws/install/sub_diablo2023a:/home/y/SA_CAO_test_ws/install/motion_msgs:/home/y/SA_CAO_test_ws/install/hls_lfcd_lds_driver:/home/y/SA_CAO_test_ws/install/dynamixel_sdk_examples:/home/y/SA_CAO_test_ws/install/dynamixel_sdk_custom_interfaces:/home/y/SA_CAO_test_ws/install/dynamixel_sdk:/home/y/SA_CAO_test_ws/install/turtlebot3_teleop:/home/y/SA_CAO_test_ws/install/turtlebot3_example:/home/y/SA_CAO_test_ws/install/my_joystick:/home/y/SA_CAO_test_ws/install/launch_diablo:/opt/ros/foxy:/home/y/oradar_ros/install/oradar_lidar /usr/bin/cmake /home/y/SA_CAO_test_ws/src/utils/DynamixelSDK/dynamixel_sdk -DCMAKE_INSTALL_PREFIX=/home/y/SA_CAO_test_ws/install/dynamixel_sdk
[2.698s] Invoking command in '/home/y/SA_CAO_test_ws/build/dynamixel_sdk': CMAKE_PREFIX_PATH=/home/y/SA_CAO_test_ws/install/turtlebot3:/home/y/SA_CAO_test_ws/install/turtlebot3_simulations:/home/y/SA_CAO_test_ws/install/turtlebot3_bringup:/home/y/SA_CAO_test_ws/install/turtlebot3_node:/home/y/SA_CAO_test_ws/install/turtlebot3_navigation2:/home/y/SA_CAO_test_ws/install/turtlebot3_fake_node:/home/y/SA_CAO_test_ws/install/turtlebot3_msgs:/home/y/SA_CAO_test_ws/install/turtlebot3_gazebo:/home/y/SA_CAO_test_ws/install/turtlebot3_description:/home/y/SA_CAO_test_ws/install/turtlebot3_cartographer:/home/y/SA_CAO_test_ws/install/sub_diablo2023a:/home/y/SA_CAO_test_ws/install/motion_msgs:/home/y/SA_CAO_test_ws/install/hls_lfcd_lds_driver:/home/y/SA_CAO_test_ws/install/dynamixel_sdk_examples:/home/y/SA_CAO_test_ws/install/dynamixel_sdk_custom_interfaces:/home/y/SA_CAO_test_ws/install/dynamixel_sdk:/home/y/SA_CAO_test_ws/install/turtlebot3_teleop:/home/y/SA_CAO_test_ws/install/turtlebot3_example:/home/y/SA_CAO_test_ws/install/my_joystick:/home/y/SA_CAO_test_ws/install/launch_diablo:/opt/ros/foxy:/home/y/oradar_ros/install/oradar_lidar /usr/bin/cmake --build /home/y/SA_CAO_test_ws/build/dynamixel_sdk -- -j2 -l2
[2.886s] [35m[1mScanning dependencies of target dynamixel_sdk[0m
[2.956s] [ 10%] [32mBuilding CXX object CMakeFiles/dynamixel_sdk.dir/src/dynamixel_sdk/protocol1_packet_handler.cpp.o[0m
[2.982s] [ 20%] [32mBuilding CXX object CMakeFiles/dynamixel_sdk.dir/src/dynamixel_sdk/packet_handler.cpp.o[0m
[3.304s] [ 30%] [32mBuilding CXX object CMakeFiles/dynamixel_sdk.dir/src/dynamixel_sdk/protocol2_packet_handler.cpp.o[0m
[3.529s] [ 40%] [32mBuilding CXX object CMakeFiles/dynamixel_sdk.dir/src/dynamixel_sdk/group_sync_read.cpp.o[0m
[3.997s] [ 50%] [32mBuilding CXX object CMakeFiles/dynamixel_sdk.dir/src/dynamixel_sdk/group_sync_write.cpp.o[0m
[4.805s] [ 60%] [32mBuilding CXX object CMakeFiles/dynamixel_sdk.dir/src/dynamixel_sdk/group_bulk_read.cpp.o[0m
[5.062s] [ 70%] [32mBuilding CXX object CMakeFiles/dynamixel_sdk.dir/src/dynamixel_sdk/group_bulk_write.cpp.o[0m
[6.097s] [ 80%] [32mBuilding CXX object CMakeFiles/dynamixel_sdk.dir/src/dynamixel_sdk/port_handler.cpp.o[0m
[6.313s] [ 90%] [32mBuilding CXX object CMakeFiles/dynamixel_sdk.dir/src/dynamixel_sdk/port_handler_linux.cpp.o[0m
[6.751s] [100%] [32m[1mLinking CXX shared library libdynamixel_sdk.so[0m
[7.163s] [100%] Built target dynamixel_sdk
[7.213s] Invoked command in '/home/y/SA_CAO_test_ws/build/dynamixel_sdk' returned '0': CMAKE_PREFIX_PATH=/home/y/SA_CAO_test_ws/install/turtlebot3:/home/y/SA_CAO_test_ws/install/turtlebot3_simulations:/home/y/SA_CAO_test_ws/install/turtlebot3_bringup:/home/y/SA_CAO_test_ws/install/turtlebot3_node:/home/y/SA_CAO_test_ws/install/turtlebot3_navigation2:/home/y/SA_CAO_test_ws/install/turtlebot3_fake_node:/home/y/SA_CAO_test_ws/install/turtlebot3_msgs:/home/y/SA_CAO_test_ws/install/turtlebot3_gazebo:/home/y/SA_CAO_test_ws/install/turtlebot3_description:/home/y/SA_CAO_test_ws/install/turtlebot3_cartographer:/home/y/SA_CAO_test_ws/install/sub_diablo2023a:/home/y/SA_CAO_test_ws/install/motion_msgs:/home/y/SA_CAO_test_ws/install/hls_lfcd_lds_driver:/home/y/SA_CAO_test_ws/install/dynamixel_sdk_examples:/home/y/SA_CAO_test_ws/install/dynamixel_sdk_custom_interfaces:/home/y/SA_CAO_test_ws/install/dynamixel_sdk:/home/y/SA_CAO_test_ws/install/turtlebot3_teleop:/home/y/SA_CAO_test_ws/install/turtlebot3_example:/home/y/SA_CAO_test_ws/install/my_joystick:/home/y/SA_CAO_test_ws/install/launch_diablo:/opt/ros/foxy:/home/y/oradar_ros/install/oradar_lidar /usr/bin/cmake --build /home/y/SA_CAO_test_ws/build/dynamixel_sdk -- -j2 -l2
[7.267s] Invoking command in '/home/y/SA_CAO_test_ws/build/dynamixel_sdk': CMAKE_PREFIX_PATH=/home/y/SA_CAO_test_ws/install/turtlebot3:/home/y/SA_CAO_test_ws/install/turtlebot3_simulations:/home/y/SA_CAO_test_ws/install/turtlebot3_bringup:/home/y/SA_CAO_test_ws/install/turtlebot3_node:/home/y/SA_CAO_test_ws/install/turtlebot3_navigation2:/home/y/SA_CAO_test_ws/install/turtlebot3_fake_node:/home/y/SA_CAO_test_ws/install/turtlebot3_msgs:/home/y/SA_CAO_test_ws/install/turtlebot3_gazebo:/home/y/SA_CAO_test_ws/install/turtlebot3_description:/home/y/SA_CAO_test_ws/install/turtlebot3_cartographer:/home/y/SA_CAO_test_ws/install/sub_diablo2023a:/home/y/SA_CAO_test_ws/install/motion_msgs:/home/y/SA_CAO_test_ws/install/hls_lfcd_lds_driver:/home/y/SA_CAO_test_ws/install/dynamixel_sdk_examples:/home/y/SA_CAO_test_ws/install/dynamixel_sdk_custom_interfaces:/home/y/SA_CAO_test_ws/install/dynamixel_sdk:/home/y/SA_CAO_test_ws/install/turtlebot3_teleop:/home/y/SA_CAO_test_ws/install/turtlebot3_example:/home/y/SA_CAO_test_ws/install/my_joystick:/home/y/SA_CAO_test_ws/install/launch_diablo:/opt/ros/foxy:/home/y/oradar_ros/install/oradar_lidar /usr/bin/cmake --install /home/y/SA_CAO_test_ws/build/dynamixel_sdk
[7.324s] -- Install configuration: ""
[7.326s] -- Installing: /home/y/SA_CAO_test_ws/install/dynamixel_sdk/include/
[7.328s] -- Installing: /home/y/SA_CAO_test_ws/install/dynamixel_sdk/include//dynamixel_sdk
[7.329s] -- Installing: /home/y/SA_CAO_test_ws/install/dynamixel_sdk/include//dynamixel_sdk/port_handler_windows.h
[7.331s] -- Installing: /home/y/SA_CAO_test_ws/install/dynamixel_sdk/include//dynamixel_sdk/dynamixel_sdk.h
[7.333s] -- Installing: /home/y/SA_CAO_test_ws/install/dynamixel_sdk/include//dynamixel_sdk/port_handler_mac.h
[7.334s] -- Installing: /home/y/SA_CAO_test_ws/install/dynamixel_sdk/include//dynamixel_sdk/port_handler.h
[7.336s] -- Installing: /home/y/SA_CAO_test_ws/install/dynamixel_sdk/include//dynamixel_sdk/packet_handler.h
[7.337s] -- Installing: /home/y/SA_CAO_test_ws/install/dynamixel_sdk/include//dynamixel_sdk/group_bulk_read.h
[7.339s] -- Installing: /home/y/SA_CAO_test_ws/install/dynamixel_sdk/include//dynamixel_sdk/protocol2_packet_handler.h
[7.340s] -- Installing: /home/y/SA_CAO_test_ws/install/dynamixel_sdk/include//dynamixel_sdk/group_bulk_write.h
[7.341s] -- Installing: /home/y/SA_CAO_test_ws/install/dynamixel_sdk/include//dynamixel_sdk/group_sync_write.h
[7.342s] -- Installing: /home/y/SA_CAO_test_ws/install/dynamixel_sdk/include//dynamixel_sdk/port_handler_linux.h
[7.345s] -- Installing: /home/y/SA_CAO_test_ws/install/dynamixel_sdk/include//dynamixel_sdk/group_sync_read.h
[7.346s] -- Installing: /home/y/SA_CAO_test_ws/install/dynamixel_sdk/include//dynamixel_sdk/port_handler_arduino.h
[7.347s] -- Installing: /home/y/SA_CAO_test_ws/install/dynamixel_sdk/include//dynamixel_sdk/protocol1_packet_handler.h
[7.348s] -- Installing: /home/y/SA_CAO_test_ws/install/dynamixel_sdk/lib/libdynamixel_sdk.so
[7.351s] -- Installing: /home/y/SA_CAO_test_ws/install/dynamixel_sdk/share/dynamixel_sdk/environment/library_path.sh
[7.352s] -- Installing: /home/y/SA_CAO_test_ws/install/dynamixel_sdk/share/dynamixel_sdk/environment/library_path.dsv
[7.354s] -- Installing: /home/y/SA_CAO_test_ws/install/dynamixel_sdk/share/ament_index/resource_index/package_run_dependencies/dynamixel_sdk
[7.356s] -- Installing: /home/y/SA_CAO_test_ws/install/dynamixel_sdk/share/ament_index/resource_index/parent_prefix_path/dynamixel_sdk
[7.357s] -- Installing: /home/y/SA_CAO_test_ws/install/dynamixel_sdk/share/dynamixel_sdk/environment/ament_prefix_path.sh
[7.358s] -- Installing: /home/y/SA_CAO_test_ws/install/dynamixel_sdk/share/dynamixel_sdk/environment/ament_prefix_path.dsv
[7.359s] -- Installing: /home/y/SA_CAO_test_ws/install/dynamixel_sdk/share/dynamixel_sdk/environment/path.sh
[7.361s] -- Installing: /home/y/SA_CAO_test_ws/install/dynamixel_sdk/share/dynamixel_sdk/environment/path.dsv
[7.362s] -- Installing: /home/y/SA_CAO_test_ws/install/dynamixel_sdk/share/dynamixel_sdk/local_setup.bash
[7.363s] -- Installing: /home/y/SA_CAO_test_ws/install/dynamixel_sdk/share/dynamixel_sdk/local_setup.sh
[7.364s] -- Installing: /home/y/SA_CAO_test_ws/install/dynamixel_sdk/share/dynamixel_sdk/local_setup.zsh
[7.365s] -- Installing: /home/y/SA_CAO_test_ws/install/dynamixel_sdk/share/dynamixel_sdk/local_setup.dsv
[7.366s] -- Installing: /home/y/SA_CAO_test_ws/install/dynamixel_sdk/share/dynamixel_sdk/package.dsv
[7.367s] -- Installing: /home/y/SA_CAO_test_ws/install/dynamixel_sdk/share/ament_index/resource_index/packages/dynamixel_sdk
[7.369s] -- Installing: /home/y/SA_CAO_test_ws/install/dynamixel_sdk/share/dynamixel_sdk/cmake/ament_cmake_export_include_directories-extras.cmake
[7.374s] -- Installing: /home/y/SA_CAO_test_ws/install/dynamixel_sdk/share/dynamixel_sdk/cmake/ament_cmake_export_libraries-extras.cmake
[7.377s] -- Installing: /home/y/SA_CAO_test_ws/install/dynamixel_sdk/share/dynamixel_sdk/cmake/dynamixel_sdkConfig.cmake
[7.379s] -- Installing: /home/y/SA_CAO_test_ws/install/dynamixel_sdk/share/dynamixel_sdk/cmake/dynamixel_sdkConfig-version.cmake
[7.380s] -- Installing: /home/y/SA_CAO_test_ws/install/dynamixel_sdk/share/dynamixel_sdk/package.xml
[7.388s] Invoked command in '/home/y/SA_CAO_test_ws/build/dynamixel_sdk' returned '0': CMAKE_PREFIX_PATH=/home/y/SA_CAO_test_ws/install/turtlebot3:/home/y/SA_CAO_test_ws/install/turtlebot3_simulations:/home/y/SA_CAO_test_ws/install/turtlebot3_bringup:/home/y/SA_CAO_test_ws/install/turtlebot3_node:/home/y/SA_CAO_test_ws/install/turtlebot3_navigation2:/home/y/SA_CAO_test_ws/install/turtlebot3_fake_node:/home/y/SA_CAO_test_ws/install/turtlebot3_msgs:/home/y/SA_CAO_test_ws/install/turtlebot3_gazebo:/home/y/SA_CAO_test_ws/install/turtlebot3_description:/home/y/SA_CAO_test_ws/install/turtlebot3_cartographer:/home/y/SA_CAO_test_ws/install/sub_diablo2023a:/home/y/SA_CAO_test_ws/install/motion_msgs:/home/y/SA_CAO_test_ws/install/hls_lfcd_lds_driver:/home/y/SA_CAO_test_ws/install/dynamixel_sdk_examples:/home/y/SA_CAO_test_ws/install/dynamixel_sdk_custom_interfaces:/home/y/SA_CAO_test_ws/install/dynamixel_sdk:/home/y/SA_CAO_test_ws/install/turtlebot3_teleop:/home/y/SA_CAO_test_ws/install/turtlebot3_example:/home/y/SA_CAO_test_ws/install/my_joystick:/home/y/SA_CAO_test_ws/install/launch_diablo:/opt/ros/foxy:/home/y/oradar_ros/install/oradar_lidar /usr/bin/cmake --install /home/y/SA_CAO_test_ws/build/dynamixel_sdk
