[0.348s] DEBUG:colcon:Command line arguments: ['/usr/bin/colcon', 'build', '--packages-up-to', 'sub_dwa']
[0.348s] DEBUG:colcon:Parsed command line arguments: Namespace(allow_overriding=[], ament_cmake_args=None, base_paths=['.'], build_base='build', catkin_cmake_args=None, catkin_skip_building_tests=False, cmake_args=None, cmake_clean_cache=False, cmake_clean_first=False, cmake_force_configure=False, cmake_target=None, cmake_target_skip_unavailable=False, continue_on_error=False, event_handlers=None, executor='parallel', ignore_user_meta=False, install_base='install', log_base=None, log_level=None, main=<bound method BuildVerb.main of <colcon_core.verb.build.BuildVerb object at 0x7fa7d1d4b880>>, merge_install=False, metas=['./colcon.meta'], mixin=None, mixin_files=None, mixin_verb=('build',), packages_above=None, packages_above_and_dependencies=None, packages_above_depth=None, packages_end=None, packages_ignore=None, packages_ignore_regex=None, packages_select=None, packages_select_build_failed=False, packages_select_by_dep=None, packages_select_regex=None, packages_select_test_failures=False, packages_skip=None, packages_skip_build_finished=False, packages_skip_by_dep=None, packages_skip_regex=None, packages_skip_test_passed=False, packages_skip_up_to=None, packages_start=None, packages_up_to=['sub_dwa'], packages_up_to_regex=None, parallel_workers=4, paths=None, symlink_install=False, test_result_base=None, verb_extension=<colcon_core.verb.build.BuildVerb object at 0x7fa7d1d4b880>, verb_name='build', verb_parser=<colcon_mixin.mixin.mixin_argument.MixinArgumentDecorator object at 0x7fa7d1ca11f0>)
[0.673s] Level 1:colcon.colcon_core.package_discovery:discover_packages(colcon_meta) check parameters
[0.674s] Level 1:colcon.colcon_core.package_discovery:discover_packages(recursive) check parameters
[0.674s] Level 1:colcon.colcon_core.package_discovery:discover_packages(ignore) check parameters
[0.674s] Level 1:colcon.colcon_core.package_discovery:discover_packages(path) check parameters
[0.674s] Level 1:colcon.colcon_core.package_discovery:discover_packages(colcon_meta) discover
[0.674s] Level 1:colcon.colcon_core.package_discovery:discover_packages(recursive) discover
[0.674s] INFO:colcon.colcon_core.package_discovery:Crawling recursively for packages in '/home/y/SA_CAO'
[0.674s] Level 1:colcon.colcon_core.package_identification:_identify(.) by extensions ['ignore', 'ignore_ament_install']
[0.674s] Level 1:colcon.colcon_core.package_identification:_identify(.) by extension 'ignore'
[0.674s] Level 1:colcon.colcon_core.package_identification:_identify(.) by extension 'ignore_ament_install'
[0.675s] Level 1:colcon.colcon_core.package_identification:_identify(.) by extensions ['colcon_pkg']
[0.675s] Level 1:colcon.colcon_core.package_identification:_identify(.) by extension 'colcon_pkg'
[0.675s] Level 1:colcon.colcon_core.package_identification:_identify(.) by extensions ['colcon_meta']
[0.675s] Level 1:colcon.colcon_core.package_identification:_identify(.) by extension 'colcon_meta'
[0.675s] Level 1:colcon.colcon_core.package_identification:_identify(.) by extensions ['ros']
[0.675s] Level 1:colcon.colcon_core.package_identification:_identify(.) by extension 'ros'
[0.696s] Level 1:colcon.colcon_core.package_identification:_identify(.) by extensions ['cmake', 'python']
[0.696s] Level 1:colcon.colcon_core.package_identification:_identify(.) by extension 'cmake'
[0.696s] Level 1:colcon.colcon_core.package_identification:_identify(.) by extension 'python'
[0.696s] Level 1:colcon.colcon_core.package_identification:_identify(.) by extensions ['python_setup_py']
[0.696s] Level 1:colcon.colcon_core.package_identification:_identify(.) by extension 'python_setup_py'
[0.697s] Level 1:colcon.colcon_core.package_identification:_identify(build) by extensions ['ignore', 'ignore_ament_install']
[0.697s] Level 1:colcon.colcon_core.package_identification:_identify(build) by extension 'ignore'
[0.697s] Level 1:colcon.colcon_core.package_identification:_identify(build) ignored
[0.697s] Level 1:colcon.colcon_core.package_identification:_identify(install) by extensions ['ignore', 'ignore_ament_install']
[0.697s] Level 1:colcon.colcon_core.package_identification:_identify(install) by extension 'ignore'
[0.698s] Level 1:colcon.colcon_core.package_identification:_identify(install) ignored
[0.698s] Level 1:colcon.colcon_core.package_identification:_identify(log) by extensions ['ignore', 'ignore_ament_install']
[0.698s] Level 1:colcon.colcon_core.package_identification:_identify(log) by extension 'ignore'
[0.698s] Level 1:colcon.colcon_core.package_identification:_identify(log) ignored
[0.698s] Level 1:colcon.colcon_core.package_identification:_identify(src) by extensions ['ignore', 'ignore_ament_install']
[0.698s] Level 1:colcon.colcon_core.package_identification:_identify(src) by extension 'ignore'
[0.698s] Level 1:colcon.colcon_core.package_identification:_identify(src) by extension 'ignore_ament_install'
[0.699s] Level 1:colcon.colcon_core.package_identification:_identify(src) by extensions ['colcon_pkg']
[0.699s] Level 1:colcon.colcon_core.package_identification:_identify(src) by extension 'colcon_pkg'
[0.699s] Level 1:colcon.colcon_core.package_identification:_identify(src) by extensions ['colcon_meta']
[0.699s] Level 1:colcon.colcon_core.package_identification:_identify(src) by extension 'colcon_meta'
[0.699s] Level 1:colcon.colcon_core.package_identification:_identify(src) by extensions ['ros']
[0.699s] Level 1:colcon.colcon_core.package_identification:_identify(src) by extension 'ros'
[0.699s] Level 1:colcon.colcon_core.package_identification:_identify(src) by extensions ['cmake', 'python']
[0.699s] Level 1:colcon.colcon_core.package_identification:_identify(src) by extension 'cmake'
[0.700s] Level 1:colcon.colcon_core.package_identification:_identify(src) by extension 'python'
[0.700s] Level 1:colcon.colcon_core.package_identification:_identify(src) by extensions ['python_setup_py']
[0.700s] Level 1:colcon.colcon_core.package_identification:_identify(src) by extension 'python_setup_py'
[0.700s] Level 1:colcon.colcon_core.package_identification:_identify(src/launch_diablo) by extensions ['ignore', 'ignore_ament_install']
[0.700s] Level 1:colcon.colcon_core.package_identification:_identify(src/launch_diablo) by extension 'ignore'
[0.700s] Level 1:colcon.colcon_core.package_identification:_identify(src/launch_diablo) by extension 'ignore_ament_install'
[0.700s] Level 1:colcon.colcon_core.package_identification:_identify(src/launch_diablo) by extensions ['colcon_pkg']
[0.700s] Level 1:colcon.colcon_core.package_identification:_identify(src/launch_diablo) by extension 'colcon_pkg'
[0.701s] Level 1:colcon.colcon_core.package_identification:_identify(src/launch_diablo) by extensions ['colcon_meta']
[0.701s] Level 1:colcon.colcon_core.package_identification:_identify(src/launch_diablo) by extension 'colcon_meta'
[0.701s] Level 1:colcon.colcon_core.package_identification:_identify(src/launch_diablo) by extensions ['ros']
[0.701s] Level 1:colcon.colcon_core.package_identification:_identify(src/launch_diablo) by extension 'ros'
[0.705s] DEBUG:colcon.colcon_core.package_identification:Package 'src/launch_diablo' with type 'ros.ament_python' and name 'launch_diablo'
[0.705s] Level 1:colcon.colcon_core.package_identification:_identify(src/sub_dwa) by extensions ['ignore', 'ignore_ament_install']
[0.705s] Level 1:colcon.colcon_core.package_identification:_identify(src/sub_dwa) by extension 'ignore'
[0.705s] Level 1:colcon.colcon_core.package_identification:_identify(src/sub_dwa) by extension 'ignore_ament_install'
[0.705s] Level 1:colcon.colcon_core.package_identification:_identify(src/sub_dwa) by extensions ['colcon_pkg']
[0.705s] Level 1:colcon.colcon_core.package_identification:_identify(src/sub_dwa) by extension 'colcon_pkg'
[0.705s] Level 1:colcon.colcon_core.package_identification:_identify(src/sub_dwa) by extensions ['colcon_meta']
[0.705s] Level 1:colcon.colcon_core.package_identification:_identify(src/sub_dwa) by extension 'colcon_meta'
[0.706s] Level 1:colcon.colcon_core.package_identification:_identify(src/sub_dwa) by extensions ['ros']
[0.706s] Level 1:colcon.colcon_core.package_identification:_identify(src/sub_dwa) by extension 'ros'
[0.707s] DEBUG:colcon.colcon_core.package_identification:Package 'src/sub_dwa' with type 'ros.ament_cmake' and name 'sub_dwa'
[0.707s] Level 1:colcon.colcon_core.package_identification:_identify(src/ultrasound_package) by extensions ['ignore', 'ignore_ament_install']
[0.707s] Level 1:colcon.colcon_core.package_identification:_identify(src/ultrasound_package) by extension 'ignore'
[0.707s] Level 1:colcon.colcon_core.package_identification:_identify(src/ultrasound_package) by extension 'ignore_ament_install'
[0.707s] Level 1:colcon.colcon_core.package_identification:_identify(src/ultrasound_package) by extensions ['colcon_pkg']
[0.707s] Level 1:colcon.colcon_core.package_identification:_identify(src/ultrasound_package) by extension 'colcon_pkg'
[0.707s] Level 1:colcon.colcon_core.package_identification:_identify(src/ultrasound_package) by extensions ['colcon_meta']
[0.708s] Level 1:colcon.colcon_core.package_identification:_identify(src/ultrasound_package) by extension 'colcon_meta'
[0.708s] Level 1:colcon.colcon_core.package_identification:_identify(src/ultrasound_package) by extensions ['ros']
[0.708s] Level 1:colcon.colcon_core.package_identification:_identify(src/ultrasound_package) by extension 'ros'
[0.709s] DEBUG:colcon.colcon_core.package_identification:Package 'src/ultrasound_package' with type 'ros.ament_python' and name 'ultrasound_package'
[0.709s] Level 1:colcon.colcon_core.package_discovery:discover_packages(recursive) using defaults
[0.709s] Level 1:colcon.colcon_core.package_discovery:discover_packages(ignore) discover
[0.709s] Level 1:colcon.colcon_core.package_discovery:discover_packages(ignore) using defaults
[0.709s] Level 1:colcon.colcon_core.package_discovery:discover_packages(path) discover
[0.709s] Level 1:colcon.colcon_core.package_discovery:discover_packages(path) using defaults
[0.735s] INFO:colcon.colcon_core.package_selection:Skipping package 'ultrasound_package' in 'src/ultrasound_package'
[0.735s] INFO:colcon.colcon_core.package_selection:Skipping package 'launch_diablo' in 'src/launch_diablo'
[0.736s] Level 1:colcon.colcon_core.package_discovery:discover_packages(prefix_path) check parameters
[0.736s] Level 1:colcon.colcon_core.package_discovery:discover_packages(prefix_path) discover
[0.740s] DEBUG:colcon.colcon_installed_package_information.package_discovery:Found 2 installed packages in /home/y/SA_CAO/install
[0.741s] DEBUG:colcon.colcon_installed_package_information.package_discovery:Found 1 installed packages in /home/y/oradar_ros/install
[0.747s] DEBUG:colcon.colcon_installed_package_information.package_discovery:Found 338 installed packages in /opt/ros/foxy
[0.761s] Level 1:colcon.colcon_core.package_discovery:discover_packages(prefix_path) using defaults
[0.908s] Level 5:colcon.colcon_core.verb:set package 'sub_dwa' build argument 'cmake_args' from command line to 'None'
[0.908s] Level 5:colcon.colcon_core.verb:set package 'sub_dwa' build argument 'cmake_target' from command line to 'None'
[0.909s] Level 5:colcon.colcon_core.verb:set package 'sub_dwa' build argument 'cmake_target_skip_unavailable' from command line to 'False'
[0.909s] Level 5:colcon.colcon_core.verb:set package 'sub_dwa' build argument 'cmake_clean_cache' from command line to 'False'
[0.909s] Level 5:colcon.colcon_core.verb:set package 'sub_dwa' build argument 'cmake_clean_first' from command line to 'False'
[0.909s] Level 5:colcon.colcon_core.verb:set package 'sub_dwa' build argument 'cmake_force_configure' from command line to 'False'
[0.909s] Level 5:colcon.colcon_core.verb:set package 'sub_dwa' build argument 'ament_cmake_args' from command line to 'None'
[0.909s] Level 5:colcon.colcon_core.verb:set package 'sub_dwa' build argument 'catkin_cmake_args' from command line to 'None'
[0.909s] Level 5:colcon.colcon_core.verb:set package 'sub_dwa' build argument 'catkin_skip_building_tests' from command line to 'False'
[0.909s] DEBUG:colcon.colcon_core.verb:Building package 'sub_dwa' with the following arguments: {'ament_cmake_args': None, 'build_base': '/home/y/SA_CAO/build/sub_dwa', 'catkin_cmake_args': None, 'catkin_skip_building_tests': False, 'cmake_args': None, 'cmake_clean_cache': False, 'cmake_clean_first': False, 'cmake_force_configure': False, 'cmake_target': None, 'cmake_target_skip_unavailable': False, 'install_base': '/home/y/SA_CAO/install/sub_dwa', 'merge_install': False, 'path': '/home/y/SA_CAO/src/sub_dwa', 'symlink_install': False, 'test_result_base': None}
[0.909s] INFO:colcon.colcon_core.executor:Executing jobs using 'parallel' executor
[0.911s] DEBUG:colcon.colcon_parallel_executor.executor.parallel:run_until_complete
[0.912s] INFO:colcon.colcon_ros.task.ament_cmake.build:Building ROS package in '/home/y/SA_CAO/src/sub_dwa' with build type 'ament_cmake'
[0.912s] INFO:colcon.colcon_cmake.task.cmake.build:Building CMake package in '/home/y/SA_CAO/src/sub_dwa'
[0.917s] INFO:colcon.colcon_core.plugin_system:Skipping extension 'colcon_core.shell.bat': Not used on non-Windows systems
[0.917s] INFO:colcon.colcon_core.shell:Skip shell extension 'powershell' for command environment: Not usable outside of PowerShell
[0.917s] DEBUG:colcon.colcon_core.shell:Skip shell extension 'dsv' for command environment
[0.959s] DEBUG:colcon.colcon_core.event_handler.log_command:Invoking command in '/home/y/SA_CAO/build/sub_dwa': CMAKE_PREFIX_PATH=/home/y/SA_CAO/install/ultrasound_package:/home/y/SA_CAO/install/launch_diablo:/opt/ros/foxy:${CMAKE_PREFIX_PATH} /usr/bin/cmake /home/y/SA_CAO/src/sub_dwa -DCMAKE_INSTALL_PREFIX=/home/y/SA_CAO/install/sub_dwa
[4.480s] DEBUG:colcon.colcon_core.event_handler.log_command:Invoked command in '/home/y/SA_CAO/build/sub_dwa' returned '1': CMAKE_PREFIX_PATH=/home/y/SA_CAO/install/ultrasound_package:/home/y/SA_CAO/install/launch_diablo:/opt/ros/foxy:${CMAKE_PREFIX_PATH} /usr/bin/cmake /home/y/SA_CAO/src/sub_dwa -DCMAKE_INSTALL_PREFIX=/home/y/SA_CAO/install/sub_dwa
[4.524s] Level 1:colcon.colcon_core.environment:create_environment_scripts_only(sub_dwa)
[4.534s] Level 1:colcon.colcon_core.environment:checking '/home/y/SA_CAO/install/sub_dwa' for CMake module files
[4.535s] Level 1:colcon.colcon_core.environment:checking '/home/y/SA_CAO/install/sub_dwa' for CMake config files
[4.536s] Level 1:colcon.colcon_core.environment:checking '/home/y/SA_CAO/install/sub_dwa/bin'
[4.537s] Level 1:colcon.colcon_core.environment:checking '/home/y/SA_CAO/install/sub_dwa/lib/pkgconfig/sub_dwa.pc'
[4.538s] Level 1:colcon.colcon_core.environment:checking '/home/y/SA_CAO/install/sub_dwa/lib/python3.8/site-packages'
[4.539s] Level 1:colcon.colcon_core.environment:checking '/home/y/SA_CAO/install/sub_dwa/bin'
[4.539s] INFO:colcon.colcon_core.shell:Creating package script '/home/y/SA_CAO/install/sub_dwa/share/sub_dwa/package.ps1'
[4.542s] INFO:colcon.colcon_core.shell:Creating package descriptor '/home/y/SA_CAO/install/sub_dwa/share/sub_dwa/package.dsv'
[4.543s] INFO:colcon.colcon_core.shell:Creating package script '/home/y/SA_CAO/install/sub_dwa/share/sub_dwa/package.sh'
[4.544s] INFO:colcon.colcon_core.shell:Creating package script '/home/y/SA_CAO/install/sub_dwa/share/sub_dwa/package.bash'
[4.546s] INFO:colcon.colcon_core.shell:Creating package script '/home/y/SA_CAO/install/sub_dwa/share/sub_dwa/package.zsh'
[4.547s] Level 1:colcon.colcon_core.environment:create_file_with_runtime_dependencies(/home/y/SA_CAO/install/sub_dwa/share/colcon-core/packages/sub_dwa)
[4.560s] DEBUG:colcon.colcon_parallel_executor.executor.parallel:closing loop
[4.560s] DEBUG:colcon.colcon_parallel_executor.executor.parallel:loop closed
[4.560s] DEBUG:colcon.colcon_parallel_executor.executor.parallel:run_until_complete finished with '1'
[4.560s] DEBUG:colcon.colcon_core.event_reactor:joining thread
[4.577s] INFO:colcon.colcon_core.plugin_system:Skipping extension 'colcon_notification.desktop_notification.terminal_notifier': Not used on non-Darwin systems
[4.577s] INFO:colcon.colcon_core.plugin_system:Skipping extension 'colcon_notification.desktop_notification.win32': Not used on non-Windows systems
[4.577s] INFO:colcon.colcon_notification.desktop_notification:Sending desktop notification using 'notify2'
[4.606s] DEBUG:colcon.colcon_core.event_reactor:joined thread
[4.607s] INFO:colcon.colcon_core.shell:Creating prefix script '/home/y/SA_CAO/install/local_setup.ps1'
[4.608s] INFO:colcon.colcon_core.shell:Creating prefix util module '/home/y/SA_CAO/install/_local_setup_util_ps1.py'
[4.611s] INFO:colcon.colcon_core.shell:Creating prefix chain script '/home/y/SA_CAO/install/setup.ps1'
[4.613s] INFO:colcon.colcon_core.shell:Creating prefix script '/home/y/SA_CAO/install/local_setup.sh'
[4.615s] INFO:colcon.colcon_core.shell:Creating prefix util module '/home/y/SA_CAO/install/_local_setup_util_sh.py'
[4.616s] INFO:colcon.colcon_core.shell:Creating prefix chain script '/home/y/SA_CAO/install/setup.sh'
[4.619s] INFO:colcon.colcon_core.shell:Creating prefix script '/home/y/SA_CAO/install/local_setup.bash'
[4.620s] INFO:colcon.colcon_core.shell:Creating prefix chain script '/home/y/SA_CAO/install/setup.bash'
[4.622s] INFO:colcon.colcon_core.shell:Creating prefix script '/home/y/SA_CAO/install/local_setup.zsh'
[4.623s] INFO:colcon.colcon_core.shell:Creating prefix chain script '/home/y/SA_CAO/install/setup.zsh'
