[100%] Built target diablo_utils_core
-- Install configuration: ""
-- Up-to-date: /home/y/SA_CAO_Simu/SA_CAO/install/diablo_utils/include/
-- Up-to-date: /home/y/SA_CAO_Simu/SA_CAO/install/diablo_utils/include//diablo_utils
-- Up-to-date: /home/y/SA_CAO_Simu/SA_CAO/install/diablo_utils/include//diablo_utils/VulcanSerial
-- Up-to-date: /home/y/SA_CAO_Simu/SA_CAO/install/diablo_utils/include//diablo_utils/VulcanSerial/Exception.hpp
-- Up-to-date: /home/y/SA_CAO_Simu/SA_CAO/install/diablo_utils/include//diablo_utils/VulcanSerial/SerialPort.hpp
-- Up-to-date: /home/y/SA_CAO_Simu/SA_CAO/install/diablo_utils/include//diablo_utils/diablo_tools
-- Up-to-date: /home/y/SA_CAO_Simu/SA_CAO/install/diablo_utils/include//diablo_utils/diablo_tools/osdk_crc.hpp
-- Up-to-date: /home/y/SA_CAO_Simu/SA_CAO/install/diablo_utils/include//diablo_utils/diablo_tools/osdk_header.hpp
-- Up-to-date: /home/y/SA_CAO_Simu/SA_CAO/install/diablo_utils/include//diablo_utils/diablo_tools/osdk_hal.hpp
-- Up-to-date: /home/y/SA_CAO_Simu/SA_CAO/install/diablo_utils/include//diablo_utils/diablo_tools/onboard_sdk_uart_protocol.h
-- Up-to-date: /home/y/SA_CAO_Simu/SA_CAO/install/diablo_utils/include//diablo_utils/diablo_tools/osdk_vehicle.hpp
-- Up-to-date: /home/y/SA_CAO_Simu/SA_CAO/install/diablo_utils/include//diablo_utils/diablo_tools/osdk_virtual_rc.hpp
-- Up-to-date: /home/y/SA_CAO_Simu/SA_CAO/install/diablo_utils/include//diablo_utils/diablo_tools/osdk_telemetry.hpp
-- Up-to-date: /home/y/SA_CAO_Simu/SA_CAO/install/diablo_utils/include//diablo_utils/diablo_tools/osdk_ddj_m15.hpp
-- Up-to-date: /home/y/SA_CAO_Simu/SA_CAO/install/diablo_utils/include//diablo_utils/diablo_tools/osdk_movement.hpp
-- Up-to-date: /home/y/SA_CAO_Simu/SA_CAO/install/diablo_utils/lib/libdiablo_utils_core.so
-- Up-to-date: /home/y/SA_CAO_Simu/SA_CAO/install/diablo_utils/share/diablo_utils/environment/library_path.sh
-- Up-to-date: /home/y/SA_CAO_Simu/SA_CAO/install/diablo_utils/share/diablo_utils/environment/library_path.dsv
-- Up-to-date: /home/y/SA_CAO_Simu/SA_CAO/install/diablo_utils/share/ament_index/resource_index/package_run_dependencies/diablo_utils
-- Up-to-date: /home/y/SA_CAO_Simu/SA_CAO/install/diablo_utils/share/ament_index/resource_index/parent_prefix_path/diablo_utils
-- Up-to-date: /home/y/SA_CAO_Simu/SA_CAO/install/diablo_utils/share/diablo_utils/environment/ament_prefix_path.sh
-- Up-to-date: /home/y/SA_CAO_Simu/SA_CAO/install/diablo_utils/share/diablo_utils/environment/ament_prefix_path.dsv
-- Up-to-date: /home/y/SA_CAO_Simu/SA_CAO/install/diablo_utils/share/diablo_utils/environment/path.sh
-- Up-to-date: /home/y/SA_CAO_Simu/SA_CAO/install/diablo_utils/share/diablo_utils/environment/path.dsv
-- Up-to-date: /home/y/SA_CAO_Simu/SA_CAO/install/diablo_utils/share/diablo_utils/local_setup.bash
-- Up-to-date: /home/y/SA_CAO_Simu/SA_CAO/install/diablo_utils/share/diablo_utils/local_setup.sh
-- Up-to-date: /home/y/SA_CAO_Simu/SA_CAO/install/diablo_utils/share/diablo_utils/local_setup.zsh
-- Up-to-date: /home/y/SA_CAO_Simu/SA_CAO/install/diablo_utils/share/diablo_utils/local_setup.dsv
-- Installing: /home/y/SA_CAO_Simu/SA_CAO/install/diablo_utils/share/diablo_utils/package.dsv
-- Up-to-date: /home/y/SA_CAO_Simu/SA_CAO/install/diablo_utils/share/ament_index/resource_index/packages/diablo_utils
-- Up-to-date: /home/y/SA_CAO_Simu/SA_CAO/install/diablo_utils/share/diablo_utils/cmake/ament_cmake_export_include_directories-extras.cmake
-- Up-to-date: /home/y/SA_CAO_Simu/SA_CAO/install/diablo_utils/share/diablo_utils/cmake/ament_cmake_export_libraries-extras.cmake
-- Up-to-date: /home/y/SA_CAO_Simu/SA_CAO/install/diablo_utils/share/diablo_utils/cmake/ament_cmake_export_dependencies-extras.cmake
-- Up-to-date: /home/y/SA_CAO_Simu/SA_CAO/install/diablo_utils/share/diablo_utils/cmake/diablo_utilsConfig.cmake
-- Up-to-date: /home/y/SA_CAO_Simu/SA_CAO/install/diablo_utils/share/diablo_utils/cmake/diablo_utilsConfig-version.cmake
-- Up-to-date: /home/y/SA_CAO_Simu/SA_CAO/install/diablo_utils/share/diablo_utils/package.xml
