[ 16%] [34m[1mAutomatic MOC for target diablo_rviz2_control_plugin[0m
[ 16%] Built target diablo_rviz2_control_plugin_autogen
[100%] Built target diablo_rviz2_control_plugin
-- Install configuration: ""
-- Up-to-date: /home/y/SA_CAO/install/diablo_rviz2_control_plugin/lib/diablo_rviz2_control_plugin/libdiablo_rviz2_control_plugin.so
-- Up-to-date: /home/y/SA_CAO/install/diablo_rviz2_control_plugin/share/diablo_rviz2_control_plugin/data
-- Up-to-date: /home/y/SA_CAO/install/diablo_rviz2_control_plugin/share/diablo_rviz2_control_plugin/data/ddt_off_64.png
-- Up-to-date: /home/y/SA_CAO/install/diablo_rviz2_control_plugin/share/diablo_rviz2_control_plugin/data/title.png
-- Up-to-date: /home/y/SA_CAO/install/diablo_rviz2_control_plugin/share/diablo_rviz2_control_plugin/data/ddt_on_64.png
-- Up-to-date: /home/y/SA_CAO/install/diablo_rviz2_control_plugin/share/diablo_rviz2_control_plugin/icons
-- Up-to-date: /home/y/SA_CAO/install/diablo_rviz2_control_plugin/share/diablo_rviz2_control_plugin/icons/classes
-- Up-to-date: /home/y/SA_CAO/install/diablo_rviz2_control_plugin/share/diablo_rviz2_control_plugin/icons/classes/MissionPanel.png
-- Up-to-date: /home/y/SA_CAO/install/diablo_rviz2_control_plugin/share/diablo_rviz2_control_plugin/plugins_description.xml
-- Up-to-date: /home/y/SA_CAO/install/diablo_rviz2_control_plugin/share/diablo_rviz2_control_plugin/environment/library_path.sh
-- Up-to-date: /home/y/SA_CAO/install/diablo_rviz2_control_plugin/share/diablo_rviz2_control_plugin/environment/library_path.dsv
-- Up-to-date: /home/y/SA_CAO/install/diablo_rviz2_control_plugin/share/ament_index/resource_index/package_run_dependencies/diablo_rviz2_control_plugin
-- Up-to-date: /home/y/SA_CAO/install/diablo_rviz2_control_plugin/share/ament_index/resource_index/parent_prefix_path/diablo_rviz2_control_plugin
-- Up-to-date: /home/y/SA_CAO/install/diablo_rviz2_control_plugin/share/diablo_rviz2_control_plugin/environment/ament_prefix_path.sh
-- Up-to-date: /home/y/SA_CAO/install/diablo_rviz2_control_plugin/share/diablo_rviz2_control_plugin/environment/ament_prefix_path.dsv
-- Up-to-date: /home/y/SA_CAO/install/diablo_rviz2_control_plugin/share/diablo_rviz2_control_plugin/environment/path.sh
-- Up-to-date: /home/y/SA_CAO/install/diablo_rviz2_control_plugin/share/diablo_rviz2_control_plugin/environment/path.dsv
-- Up-to-date: /home/y/SA_CAO/install/diablo_rviz2_control_plugin/share/diablo_rviz2_control_plugin/local_setup.bash
-- Up-to-date: /home/y/SA_CAO/install/diablo_rviz2_control_plugin/share/diablo_rviz2_control_plugin/local_setup.sh
-- Up-to-date: /home/y/SA_CAO/install/diablo_rviz2_control_plugin/share/diablo_rviz2_control_plugin/local_setup.zsh
-- Up-to-date: /home/y/SA_CAO/install/diablo_rviz2_control_plugin/share/diablo_rviz2_control_plugin/local_setup.dsv
-- Installing: /home/y/SA_CAO/install/diablo_rviz2_control_plugin/share/diablo_rviz2_control_plugin/package.dsv
-- Up-to-date: /home/y/SA_CAO/install/diablo_rviz2_control_plugin/share/ament_index/resource_index/packages/diablo_rviz2_control_plugin
-- Up-to-date: /home/y/SA_CAO/install/diablo_rviz2_control_plugin/share/ament_index/resource_index/rviz_common__pluginlib__plugin/diablo_rviz2_control_plugin
-- Up-to-date: /home/y/SA_CAO/install/diablo_rviz2_control_plugin/share/diablo_rviz2_control_plugin/cmake/ament_cmake_export_libraries-extras.cmake
-- Up-to-date: /home/y/SA_CAO/install/diablo_rviz2_control_plugin/share/diablo_rviz2_control_plugin/cmake/diablo_rviz2_control_pluginConfig.cmake
-- Up-to-date: /home/y/SA_CAO/install/diablo_rviz2_control_plugin/share/diablo_rviz2_control_plugin/cmake/diablo_rviz2_control_pluginConfig-version.cmake
-- Up-to-date: /home/y/SA_CAO/install/diablo_rviz2_control_plugin/share/diablo_rviz2_control_plugin/package.xml
