[0.011s] Invoking command in '/home/y/SA_CAO_test_ws/build/motion_msgs': CMAKE_PREFIX_PATH=/home/y/SA_CAO_test_ws/install/turtlebot3:/home/y/SA_CAO_test_ws/install/turtlebot3_simulations:/home/y/SA_CAO_test_ws/install/turtlebot3_bringup:/home/y/SA_CAO_test_ws/install/turtlebot3_node:/home/y/SA_CAO_test_ws/install/turtlebot3_navigation2:/home/y/SA_CAO_test_ws/install/turtlebot3_fake_node:/home/y/SA_CAO_test_ws/install/turtlebot3_msgs:/home/y/SA_CAO_test_ws/install/turtlebot3_gazebo:/home/y/SA_CAO_test_ws/install/turtlebot3_description:/home/y/SA_CAO_test_ws/install/turtlebot3_cartographer:/home/y/SA_CAO_test_ws/install/sub_diablo2023a:/home/y/SA_CAO_test_ws/install/motion_msgs:/home/y/SA_CAO_test_ws/install/hls_lfcd_lds_driver:/home/y/SA_CAO_test_ws/install/dynamixel_sdk_examples:/home/y/SA_CAO_test_ws/install/dynamixel_sdk_custom_interfaces:/home/y/SA_CAO_test_ws/install/dynamixel_sdk:/home/y/SA_CAO_test_ws/install/turtlebot3_teleop:/home/y/SA_CAO_test_ws/install/turtlebot3_example:/home/y/SA_CAO_test_ws/install/my_joystick:/home/y/SA_CAO_test_ws/install/launch_diablo:/opt/ros/foxy:/home/y/oradar_ros/install/oradar_lidar /usr/bin/cmake /home/y/SA_CAO_test_ws/src/motion_msgs -DCMAKE_INSTALL_PREFIX=/home/y/SA_CAO_test_ws/install/motion_msgs
[0.073s] -- The C compiler identification is GNU 9.4.0
[0.124s] -- The CXX compiler identification is GNU 9.4.0
[0.129s] -- Check for working C compiler: /usr/bin/cc
[0.198s] -- Check for working C compiler: /usr/bin/cc -- works
[0.199s] -- Detecting C compiler ABI info
[0.274s] -- Detecting C compiler ABI info - done
[0.283s] -- Detecting C compile features
[0.283s] -- Detecting C compile features - done
[0.285s] -- Check for working CXX compiler: /usr/bin/c++
[0.355s] -- Check for working CXX compiler: /usr/bin/c++ -- works
[0.361s] -- Detecting CXX compiler ABI info
[0.603s] -- Detecting CXX compiler ABI info - done
[0.615s] -- Detecting CXX compile features
[0.616s] -- Detecting CXX compile features - done
[0.620s] -- Found ament_cmake: 0.9.12 (/opt/ros/foxy/share/ament_cmake/cmake)
[0.667s] -- Found PythonInterp: /usr/bin/python3 (found suitable version "3.8.10", minimum required is "3") 
[0.667s] -- Using PYTHON_EXECUTABLE: /usr/bin/python3
[1.001s] -- Found rosidl_default_generators: 1.0.1 (/opt/ros/foxy/share/rosidl_default_generators/cmake)
[1.013s] -- Using all available rosidl_typesupport_c: rosidl_typesupport_fastrtps_c;rosidl_typesupport_introspection_c
[1.021s] -- Found rosidl_adapter: 1.3.1 (/opt/ros/foxy/share/rosidl_adapter/cmake)
[1.203s] -- Found OpenSSL: /usr/lib/x86_64-linux-gnu/libcrypto.so (found version "1.1.1f")  
[1.254s] -- Found FastRTPS: /opt/ros/foxy/include  
[1.348s] -- Using all available rosidl_typesupport_cpp: rosidl_typesupport_fastrtps_cpp;rosidl_typesupport_introspection_cpp
[1.377s] -- Found std_msgs: 2.0.5 (/opt/ros/foxy/share/std_msgs/cmake)
[1.432s] -- Found PythonInterp: /usr/bin/python3 (found version "3.8.10") 
[1.606s] -- Found ament_cmake_ros: 0.9.2 (/opt/ros/foxy/share/ament_cmake_ros/cmake)
[1.976s] -- Using all available rosidl_typesupport_c: rosidl_typesupport_fastrtps_c;rosidl_typesupport_introspection_c
[2.099s] -- Using all available rosidl_typesupport_cpp: rosidl_typesupport_fastrtps_cpp;rosidl_typesupport_introspection_cpp
[2.147s] -- Found PythonInterp: /usr/bin/python3 (found suitable version "3.8.10", minimum required is "3.5") 
[2.149s] -- Found python_cmake_module: 0.8.1 (/opt/ros/foxy/share/python_cmake_module/cmake)
[2.205s] -- Found PythonLibs: /usr/lib/x86_64-linux-gnu/libpython3.8.so (found suitable version "3.8.10", minimum required is "3.5") 
[2.205s] -- Using PYTHON_EXECUTABLE: /usr/bin/python3
[2.205s] -- Using PYTHON_INCLUDE_DIRS: /usr/include/python3.8
[2.205s] -- Using PYTHON_LIBRARIES: /usr/lib/x86_64-linux-gnu/libpython3.8.so
[2.255s] -- Found PythonExtra: .so  
[2.407s] -- Configuring done
[2.495s] -- Generating done
[2.530s] -- Build files have been written to: /home/y/SA_CAO_test_ws/build/motion_msgs
[2.536s] Invoked command in '/home/y/SA_CAO_test_ws/build/motion_msgs' returned '0': CMAKE_PREFIX_PATH=/home/y/SA_CAO_test_ws/install/turtlebot3:/home/y/SA_CAO_test_ws/install/turtlebot3_simulations:/home/y/SA_CAO_test_ws/install/turtlebot3_bringup:/home/y/SA_CAO_test_ws/install/turtlebot3_node:/home/y/SA_CAO_test_ws/install/turtlebot3_navigation2:/home/y/SA_CAO_test_ws/install/turtlebot3_fake_node:/home/y/SA_CAO_test_ws/install/turtlebot3_msgs:/home/y/SA_CAO_test_ws/install/turtlebot3_gazebo:/home/y/SA_CAO_test_ws/install/turtlebot3_description:/home/y/SA_CAO_test_ws/install/turtlebot3_cartographer:/home/y/SA_CAO_test_ws/install/sub_diablo2023a:/home/y/SA_CAO_test_ws/install/motion_msgs:/home/y/SA_CAO_test_ws/install/hls_lfcd_lds_driver:/home/y/SA_CAO_test_ws/install/dynamixel_sdk_examples:/home/y/SA_CAO_test_ws/install/dynamixel_sdk_custom_interfaces:/home/y/SA_CAO_test_ws/install/dynamixel_sdk:/home/y/SA_CAO_test_ws/install/turtlebot3_teleop:/home/y/SA_CAO_test_ws/install/turtlebot3_example:/home/y/SA_CAO_test_ws/install/my_joystick:/home/y/SA_CAO_test_ws/install/launch_diablo:/opt/ros/foxy:/home/y/oradar_ros/install/oradar_lidar /usr/bin/cmake /home/y/SA_CAO_test_ws/src/motion_msgs -DCMAKE_INSTALL_PREFIX=/home/y/SA_CAO_test_ws/install/motion_msgs
[2.540s] Invoking command in '/home/y/SA_CAO_test_ws/build/motion_msgs': CMAKE_PREFIX_PATH=/home/y/SA_CAO_test_ws/install/turtlebot3:/home/y/SA_CAO_test_ws/install/turtlebot3_simulations:/home/y/SA_CAO_test_ws/install/turtlebot3_bringup:/home/y/SA_CAO_test_ws/install/turtlebot3_node:/home/y/SA_CAO_test_ws/install/turtlebot3_navigation2:/home/y/SA_CAO_test_ws/install/turtlebot3_fake_node:/home/y/SA_CAO_test_ws/install/turtlebot3_msgs:/home/y/SA_CAO_test_ws/install/turtlebot3_gazebo:/home/y/SA_CAO_test_ws/install/turtlebot3_description:/home/y/SA_CAO_test_ws/install/turtlebot3_cartographer:/home/y/SA_CAO_test_ws/install/sub_diablo2023a:/home/y/SA_CAO_test_ws/install/motion_msgs:/home/y/SA_CAO_test_ws/install/hls_lfcd_lds_driver:/home/y/SA_CAO_test_ws/install/dynamixel_sdk_examples:/home/y/SA_CAO_test_ws/install/dynamixel_sdk_custom_interfaces:/home/y/SA_CAO_test_ws/install/dynamixel_sdk:/home/y/SA_CAO_test_ws/install/turtlebot3_teleop:/home/y/SA_CAO_test_ws/install/turtlebot3_example:/home/y/SA_CAO_test_ws/install/my_joystick:/home/y/SA_CAO_test_ws/install/launch_diablo:/opt/ros/foxy:/home/y/oradar_ros/install/oradar_lidar /usr/bin/cmake --build /home/y/SA_CAO_test_ws/build/motion_msgs -- -j2 -l2
[2.691s] [  1%] [34m[1mGenerating C code for ROS interfaces[0m
[2.692s] [35m[1mScanning dependencies of target motion_msgs__cpp[0m
[2.740s] [  2%] [34m[1mGenerating C++ code for ROS interfaces[0m
[3.724s] [  2%] Built target motion_msgs__cpp
[3.768s] [  4%] [34m[1mGenerating C++ type support dispatch for ROS interfaces[0m
[4.280s] [35m[1mScanning dependencies of target motion_msgs__rosidl_generator_c[0m
[4.349s] [  5%] [32mBuilding C object CMakeFiles/motion_msgs__rosidl_generator_c.dir/rosidl_generator_c/motion_msgs/msg/detail/ctrl_plot__functions.c.o[0m
[4.466s] [  7%] [32mBuilding C object CMakeFiles/motion_msgs__rosidl_generator_c.dir/rosidl_generator_c/motion_msgs/msg/detail/leg_motors__functions.c.o[0m
[4.473s] [35m[1mScanning dependencies of target motion_msgs__rosidl_typesupport_cpp[0m
[4.537s] [  8%] [32mBuilding CXX object CMakeFiles/motion_msgs__rosidl_typesupport_cpp.dir/rosidl_typesupport_cpp/motion_msgs/msg/ctrl_plot__type_support.cpp.o[0m
[4.616s] [  9%] [32mBuilding C object CMakeFiles/motion_msgs__rosidl_generator_c.dir/rosidl_generator_c/motion_msgs/msg/detail/motion_ctrl__functions.c.o[0m
[4.758s] [ 11%] [32mBuilding C object CMakeFiles/motion_msgs__rosidl_generator_c.dir/rosidl_generator_c/motion_msgs/msg/detail/robot_status__functions.c.o[0m
[4.867s] [ 12%] [32mBuilding CXX object CMakeFiles/motion_msgs__rosidl_typesupport_cpp.dir/rosidl_typesupport_cpp/motion_msgs/msg/leg_motors__type_support.cpp.o[0m
[4.911s] [ 14%] [32mBuilding C object CMakeFiles/motion_msgs__rosidl_generator_c.dir/rosidl_generator_c/motion_msgs/msg/detail/movement_ctrl_data__functions.c.o[0m
[5.037s] [ 15%] [32mBuilding C object CMakeFiles/motion_msgs__rosidl_generator_c.dir/rosidl_generator_c/motion_msgs/msg/detail/movement_ctrl_mode__functions.c.o[0m
[5.188s] [ 16%] [32m[1mLinking C shared library libmotion_msgs__rosidl_generator_c.so[0m
[5.324s] [ 16%] Built target motion_msgs__rosidl_generator_c
[5.375s] [ 18%] [34m[1mGenerating C++ type support for eProsima Fast-RTPS[0m
[5.427s] [ 19%] [32mBuilding CXX object CMakeFiles/motion_msgs__rosidl_typesupport_cpp.dir/rosidl_typesupport_cpp/motion_msgs/msg/motion_ctrl__type_support.cpp.o[0m
[5.787s] [ 21%] [32mBuilding CXX object CMakeFiles/motion_msgs__rosidl_typesupport_cpp.dir/rosidl_typesupport_cpp/motion_msgs/msg/robot_status__type_support.cpp.o[0m
[6.224s] [35m[1mScanning dependencies of target motion_msgs__rosidl_typesupport_fastrtps_cpp[0m
[6.287s] [ 22%] [32mBuilding CXX object CMakeFiles/motion_msgs__rosidl_typesupport_fastrtps_cpp.dir/rosidl_typesupport_fastrtps_cpp/motion_msgs/msg/detail/dds_fastrtps/ctrl_plot__type_support.cpp.o[0m
[6.501s] [ 23%] [32mBuilding CXX object CMakeFiles/motion_msgs__rosidl_typesupport_cpp.dir/rosidl_typesupport_cpp/motion_msgs/msg/movement_ctrl_data__type_support.cpp.o[0m
[6.902s] [ 25%] [32mBuilding CXX object CMakeFiles/motion_msgs__rosidl_typesupport_fastrtps_cpp.dir/rosidl_typesupport_fastrtps_cpp/motion_msgs/msg/detail/dds_fastrtps/leg_motors__type_support.cpp.o[0m
[7.114s] [ 26%] [32mBuilding CXX object CMakeFiles/motion_msgs__rosidl_typesupport_cpp.dir/rosidl_typesupport_cpp/motion_msgs/msg/movement_ctrl_mode__type_support.cpp.o[0m
[7.413s] [ 28%] [32m[1mLinking CXX shared library libmotion_msgs__rosidl_typesupport_cpp.so[0m
[7.470s] [ 28%] Built target motion_msgs__rosidl_typesupport_cpp
[7.513s] [ 29%] [34m[1mGenerating C introspection for ROS interfaces[0m
[7.929s] [ 30%] [32mBuilding CXX object CMakeFiles/motion_msgs__rosidl_typesupport_fastrtps_cpp.dir/rosidl_typesupport_fastrtps_cpp/motion_msgs/msg/detail/dds_fastrtps/motion_ctrl__type_support.cpp.o[0m
[8.411s] [35m[1mScanning dependencies of target motion_msgs__rosidl_typesupport_introspection_c[0m
[8.456s] [ 32%] [32mBuilding C object CMakeFiles/motion_msgs__rosidl_typesupport_introspection_c.dir/rosidl_typesupport_introspection_c/motion_msgs/msg/detail/ctrl_plot__type_support.c.o[0m
[8.556s] [ 33%] [32mBuilding C object CMakeFiles/motion_msgs__rosidl_typesupport_introspection_c.dir/rosidl_typesupport_introspection_c/motion_msgs/msg/detail/leg_motors__type_support.c.o[0m
[8.618s] [ 35%] [32mBuilding C object CMakeFiles/motion_msgs__rosidl_typesupport_introspection_c.dir/rosidl_typesupport_introspection_c/motion_msgs/msg/detail/motion_ctrl__type_support.c.o[0m
[8.710s] [ 36%] [32mBuilding C object CMakeFiles/motion_msgs__rosidl_typesupport_introspection_c.dir/rosidl_typesupport_introspection_c/motion_msgs/msg/detail/robot_status__type_support.c.o[0m
[8.846s] [ 38%] [32mBuilding CXX object CMakeFiles/motion_msgs__rosidl_typesupport_fastrtps_cpp.dir/rosidl_typesupport_fastrtps_cpp/motion_msgs/msg/detail/dds_fastrtps/robot_status__type_support.cpp.o[0m
[8.858s] [ 39%] [32mBuilding C object CMakeFiles/motion_msgs__rosidl_typesupport_introspection_c.dir/rosidl_typesupport_introspection_c/motion_msgs/msg/detail/movement_ctrl_data__type_support.c.o[0m
[8.954s] [ 40%] [32mBuilding C object CMakeFiles/motion_msgs__rosidl_typesupport_introspection_c.dir/rosidl_typesupport_introspection_c/motion_msgs/msg/detail/movement_ctrl_mode__type_support.c.o[0m
[9.031s] [ 42%] [32m[1mLinking C shared library libmotion_msgs__rosidl_typesupport_introspection_c.so[0m
[9.163s] [ 42%] Built target motion_msgs__rosidl_typesupport_introspection_c
[9.733s] [ 43%] [32mBuilding CXX object CMakeFiles/motion_msgs__rosidl_typesupport_fastrtps_cpp.dir/rosidl_typesupport_fastrtps_cpp/motion_msgs/msg/detail/dds_fastrtps/movement_ctrl_data__type_support.cpp.o[0m
[10.163s] [ 45%] [32mBuilding CXX object CMakeFiles/motion_msgs__rosidl_typesupport_fastrtps_cpp.dir/rosidl_typesupport_fastrtps_cpp/motion_msgs/msg/detail/dds_fastrtps/movement_ctrl_mode__type_support.cpp.o[0m
[10.605s] [ 46%] [32m[1mLinking CXX shared library libmotion_msgs__rosidl_typesupport_fastrtps_cpp.so[0m
[10.717s] [ 46%] Built target motion_msgs__rosidl_typesupport_fastrtps_cpp
[10.759s] [ 47%] [34m[1mGenerating C type support dispatch for ROS interfaces[0m
[11.461s] [35m[1mScanning dependencies of target motion_msgs__rosidl_typesupport_c[0m
[11.512s] [ 49%] [32mBuilding CXX object CMakeFiles/motion_msgs__rosidl_typesupport_c.dir/rosidl_typesupport_c/motion_msgs/msg/ctrl_plot__type_support.cpp.o[0m
[11.570s] [ 50%] [32mBuilding CXX object CMakeFiles/motion_msgs__rosidl_typesupport_c.dir/rosidl_typesupport_c/motion_msgs/msg/leg_motors__type_support.cpp.o[0m
[11.600s] [ 52%] [32mBuilding CXX object CMakeFiles/motion_msgs__rosidl_typesupport_c.dir/rosidl_typesupport_c/motion_msgs/msg/motion_ctrl__type_support.cpp.o[0m
[11.632s] [ 53%] [32mBuilding CXX object CMakeFiles/motion_msgs__rosidl_typesupport_c.dir/rosidl_typesupport_c/motion_msgs/msg/robot_status__type_support.cpp.o[0m
[11.669s] [ 54%] [32mBuilding CXX object CMakeFiles/motion_msgs__rosidl_typesupport_c.dir/rosidl_typesupport_c/motion_msgs/msg/movement_ctrl_data__type_support.cpp.o[0m
[11.700s] [ 56%] [32mBuilding CXX object CMakeFiles/motion_msgs__rosidl_typesupport_c.dir/rosidl_typesupport_c/motion_msgs/msg/movement_ctrl_mode__type_support.cpp.o[0m
[11.729s] [ 57%] [32m[1mLinking CXX shared library libmotion_msgs__rosidl_typesupport_c.so[0m
[11.846s] [ 57%] Built target motion_msgs__rosidl_typesupport_c
[11.903s] [ 59%] [34m[1mGenerating C++ introspection for ROS interfaces[0m
[12.519s] [35m[1mScanning dependencies of target motion_msgs__rosidl_typesupport_introspection_cpp[0m
[12.564s] [ 60%] [32mBuilding CXX object CMakeFiles/motion_msgs__rosidl_typesupport_introspection_cpp.dir/rosidl_typesupport_introspection_cpp/motion_msgs/msg/detail/ctrl_plot__type_support.cpp.o[0m
[13.099s] [ 61%] [32mBuilding CXX object CMakeFiles/motion_msgs__rosidl_typesupport_introspection_cpp.dir/rosidl_typesupport_introspection_cpp/motion_msgs/msg/detail/leg_motors__type_support.cpp.o[0m
[13.630s] [ 63%] [32mBuilding CXX object CMakeFiles/motion_msgs__rosidl_typesupport_introspection_cpp.dir/rosidl_typesupport_introspection_cpp/motion_msgs/msg/detail/motion_ctrl__type_support.cpp.o[0m
[14.227s] [ 64%] [32mBuilding CXX object CMakeFiles/motion_msgs__rosidl_typesupport_introspection_cpp.dir/rosidl_typesupport_introspection_cpp/motion_msgs/msg/detail/robot_status__type_support.cpp.o[0m
[14.755s] [ 66%] [32mBuilding CXX object CMakeFiles/motion_msgs__rosidl_typesupport_introspection_cpp.dir/rosidl_typesupport_introspection_cpp/motion_msgs/msg/detail/movement_ctrl_data__type_support.cpp.o[0m
[15.358s] [ 67%] [32mBuilding CXX object CMakeFiles/motion_msgs__rosidl_typesupport_introspection_cpp.dir/rosidl_typesupport_introspection_cpp/motion_msgs/msg/detail/movement_ctrl_mode__type_support.cpp.o[0m
[16.036s] [ 69%] [32m[1mLinking CXX shared library libmotion_msgs__rosidl_typesupport_introspection_cpp.so[0m
[16.216s] [ 69%] Built target motion_msgs__rosidl_typesupport_introspection_cpp
[16.251s] [ 70%] [34m[1mGenerating C type support for eProsima Fast-RTPS[0m
[17.313s] [35m[1mScanning dependencies of target motion_msgs__rosidl_typesupport_fastrtps_c[0m
[17.339s] [ 71%] [32mBuilding CXX object CMakeFiles/motion_msgs__rosidl_typesupport_fastrtps_c.dir/rosidl_typesupport_fastrtps_c/motion_msgs/msg/detail/ctrl_plot__type_support_c.cpp.o[0m
[17.679s] [ 73%] [32mBuilding CXX object CMakeFiles/motion_msgs__rosidl_typesupport_fastrtps_c.dir/rosidl_typesupport_fastrtps_c/motion_msgs/msg/detail/leg_motors__type_support_c.cpp.o[0m
[18.006s] [ 74%] [32mBuilding CXX object CMakeFiles/motion_msgs__rosidl_typesupport_fastrtps_c.dir/rosidl_typesupport_fastrtps_c/motion_msgs/msg/detail/motion_ctrl__type_support_c.cpp.o[0m
[18.335s] [ 76%] [32mBuilding CXX object CMakeFiles/motion_msgs__rosidl_typesupport_fastrtps_c.dir/rosidl_typesupport_fastrtps_c/motion_msgs/msg/detail/robot_status__type_support_c.cpp.o[0m
[18.685s] [ 77%] [32mBuilding CXX object CMakeFiles/motion_msgs__rosidl_typesupport_fastrtps_c.dir/rosidl_typesupport_fastrtps_c/motion_msgs/msg/detail/movement_ctrl_data__type_support_c.cpp.o[0m
[19.001s] [ 78%] [32mBuilding CXX object CMakeFiles/motion_msgs__rosidl_typesupport_fastrtps_c.dir/rosidl_typesupport_fastrtps_c/motion_msgs/msg/detail/movement_ctrl_mode__type_support_c.cpp.o[0m
[19.311s] [ 80%] [32m[1mLinking CXX shared library libmotion_msgs__rosidl_typesupport_fastrtps_c.so[0m
[19.411s] [ 80%] Built target motion_msgs__rosidl_typesupport_fastrtps_c
[19.455s] [35m[1mScanning dependencies of target motion_msgs[0m
[19.500s] [ 80%] Built target motion_msgs
[19.543s] [35m[1mScanning dependencies of target motion_msgs__py[0m
[19.583s] [ 81%] [34m[1mGenerating Python code for ROS interfaces[0m
[20.629s] [ 81%] Built target motion_msgs__py
[20.640s] [35m[1mScanning dependencies of target motion_msgs__python[0m
[20.664s] [ 83%] [32mBuilding C object CMakeFiles/motion_msgs__python.dir/rosidl_generator_py/motion_msgs/msg/_ctrl_plot_s.c.o[0m
[20.740s] [ 84%] [32mBuilding C object CMakeFiles/motion_msgs__python.dir/rosidl_generator_py/motion_msgs/msg/_leg_motors_s.c.o[0m
[20.837s] [ 85%] [32mBuilding C object CMakeFiles/motion_msgs__python.dir/rosidl_generator_py/motion_msgs/msg/_motion_ctrl_s.c.o[0m
[20.914s] [ 87%] [32mBuilding C object CMakeFiles/motion_msgs__python.dir/rosidl_generator_py/motion_msgs/msg/_robot_status_s.c.o[0m
[20.993s] [ 88%] [32mBuilding C object CMakeFiles/motion_msgs__python.dir/rosidl_generator_py/motion_msgs/msg/_movement_ctrl_data_s.c.o[0m
[21.074s] [ 90%] [32mBuilding C object CMakeFiles/motion_msgs__python.dir/rosidl_generator_py/motion_msgs/msg/_movement_ctrl_mode_s.c.o[0m
[21.163s] [ 91%] [32m[1mLinking C shared library rosidl_generator_py/motion_msgs/libmotion_msgs__python.so[0m
[21.210s] [ 91%] Built target motion_msgs__python
[21.222s] [35m[1mScanning dependencies of target motion_msgs__rosidl_typesupport_c__pyext[0m
[21.250s] [ 92%] [32mBuilding C object CMakeFiles/motion_msgs__rosidl_typesupport_c__pyext.dir/rosidl_generator_py/motion_msgs/_motion_msgs_s.ep.rosidl_typesupport_c.c.o[0m
[21.344s] [ 94%] [32m[1mLinking C shared library rosidl_generator_py/motion_msgs/motion_msgs_s__rosidl_typesupport_c.cpython-38-x86_64-linux-gnu.so[0m
[21.381s] [ 94%] Built target motion_msgs__rosidl_typesupport_c__pyext
[21.393s] [35m[1mScanning dependencies of target motion_msgs__rosidl_typesupport_introspection_c__pyext[0m
[21.415s] [ 95%] [32mBuilding C object CMakeFiles/motion_msgs__rosidl_typesupport_introspection_c__pyext.dir/rosidl_generator_py/motion_msgs/_motion_msgs_s.ep.rosidl_typesupport_introspection_c.c.o[0m
[21.510s] [ 97%] [32m[1mLinking C shared library rosidl_generator_py/motion_msgs/motion_msgs_s__rosidl_typesupport_introspection_c.cpython-38-x86_64-linux-gnu.so[0m
[21.550s] [ 97%] Built target motion_msgs__rosidl_typesupport_introspection_c__pyext
[21.563s] [35m[1mScanning dependencies of target motion_msgs__rosidl_typesupport_fastrtps_c__pyext[0m
[21.586s] [ 98%] [32mBuilding C object CMakeFiles/motion_msgs__rosidl_typesupport_fastrtps_c__pyext.dir/rosidl_generator_py/motion_msgs/_motion_msgs_s.ep.rosidl_typesupport_fastrtps_c.c.o[0m
[21.679s] [100%] [32m[1mLinking CXX shared library rosidl_generator_py/motion_msgs/motion_msgs_s__rosidl_typesupport_fastrtps_c.cpython-38-x86_64-linux-gnu.so[0m
[21.761s] [100%] Built target motion_msgs__rosidl_typesupport_fastrtps_c__pyext
[21.781s] Invoked command in '/home/y/SA_CAO_test_ws/build/motion_msgs' returned '0': CMAKE_PREFIX_PATH=/home/y/SA_CAO_test_ws/install/turtlebot3:/home/y/SA_CAO_test_ws/install/turtlebot3_simulations:/home/y/SA_CAO_test_ws/install/turtlebot3_bringup:/home/y/SA_CAO_test_ws/install/turtlebot3_node:/home/y/SA_CAO_test_ws/install/turtlebot3_navigation2:/home/y/SA_CAO_test_ws/install/turtlebot3_fake_node:/home/y/SA_CAO_test_ws/install/turtlebot3_msgs:/home/y/SA_CAO_test_ws/install/turtlebot3_gazebo:/home/y/SA_CAO_test_ws/install/turtlebot3_description:/home/y/SA_CAO_test_ws/install/turtlebot3_cartographer:/home/y/SA_CAO_test_ws/install/sub_diablo2023a:/home/y/SA_CAO_test_ws/install/motion_msgs:/home/y/SA_CAO_test_ws/install/hls_lfcd_lds_driver:/home/y/SA_CAO_test_ws/install/dynamixel_sdk_examples:/home/y/SA_CAO_test_ws/install/dynamixel_sdk_custom_interfaces:/home/y/SA_CAO_test_ws/install/dynamixel_sdk:/home/y/SA_CAO_test_ws/install/turtlebot3_teleop:/home/y/SA_CAO_test_ws/install/turtlebot3_example:/home/y/SA_CAO_test_ws/install/my_joystick:/home/y/SA_CAO_test_ws/install/launch_diablo:/opt/ros/foxy:/home/y/oradar_ros/install/oradar_lidar /usr/bin/cmake --build /home/y/SA_CAO_test_ws/build/motion_msgs -- -j2 -l2
[21.783s] Invoking command in '/home/y/SA_CAO_test_ws/build/motion_msgs': CMAKE_PREFIX_PATH=/home/y/SA_CAO_test_ws/install/turtlebot3:/home/y/SA_CAO_test_ws/install/turtlebot3_simulations:/home/y/SA_CAO_test_ws/install/turtlebot3_bringup:/home/y/SA_CAO_test_ws/install/turtlebot3_node:/home/y/SA_CAO_test_ws/install/turtlebot3_navigation2:/home/y/SA_CAO_test_ws/install/turtlebot3_fake_node:/home/y/SA_CAO_test_ws/install/turtlebot3_msgs:/home/y/SA_CAO_test_ws/install/turtlebot3_gazebo:/home/y/SA_CAO_test_ws/install/turtlebot3_description:/home/y/SA_CAO_test_ws/install/turtlebot3_cartographer:/home/y/SA_CAO_test_ws/install/sub_diablo2023a:/home/y/SA_CAO_test_ws/install/motion_msgs:/home/y/SA_CAO_test_ws/install/hls_lfcd_lds_driver:/home/y/SA_CAO_test_ws/install/dynamixel_sdk_examples:/home/y/SA_CAO_test_ws/install/dynamixel_sdk_custom_interfaces:/home/y/SA_CAO_test_ws/install/dynamixel_sdk:/home/y/SA_CAO_test_ws/install/turtlebot3_teleop:/home/y/SA_CAO_test_ws/install/turtlebot3_example:/home/y/SA_CAO_test_ws/install/my_joystick:/home/y/SA_CAO_test_ws/install/launch_diablo:/opt/ros/foxy:/home/y/oradar_ros/install/oradar_lidar /usr/bin/cmake --install /home/y/SA_CAO_test_ws/build/motion_msgs
[21.796s] -- Install configuration: ""
[21.796s] -- Installing: /home/y/SA_CAO_test_ws/install/motion_msgs/share/ament_index/resource_index/rosidl_interfaces/motion_msgs
[21.797s] -- Installing: /home/y/SA_CAO_test_ws/install/motion_msgs/include/motion_msgs
[21.797s] -- Installing: /home/y/SA_CAO_test_ws/install/motion_msgs/include/motion_msgs/msg
[21.798s] -- Installing: /home/y/SA_CAO_test_ws/install/motion_msgs/include/motion_msgs/msg/movement_ctrl_mode.h
[21.798s] -- Installing: /home/y/SA_CAO_test_ws/install/motion_msgs/include/motion_msgs/msg/rosidl_generator_c__visibility_control.h
[21.798s] -- Installing: /home/y/SA_CAO_test_ws/install/motion_msgs/include/motion_msgs/msg/robot_status.h
[21.799s] -- Installing: /home/y/SA_CAO_test_ws/install/motion_msgs/include/motion_msgs/msg/leg_motors.h
[21.799s] -- Installing: /home/y/SA_CAO_test_ws/install/motion_msgs/include/motion_msgs/msg/ctrl_plot.h
[21.800s] -- Installing: /home/y/SA_CAO_test_ws/install/motion_msgs/include/motion_msgs/msg/motion_ctrl.h
[21.800s] -- Installing: /home/y/SA_CAO_test_ws/install/motion_msgs/include/motion_msgs/msg/movement_ctrl_data.h
[21.800s] -- Installing: /home/y/SA_CAO_test_ws/install/motion_msgs/include/motion_msgs/msg/detail
[21.801s] -- Installing: /home/y/SA_CAO_test_ws/install/motion_msgs/include/motion_msgs/msg/detail/robot_status__type_support.h
[21.801s] -- Installing: /home/y/SA_CAO_test_ws/install/motion_msgs/include/motion_msgs/msg/detail/movement_ctrl_data__functions.h
[21.802s] -- Installing: /home/y/SA_CAO_test_ws/install/motion_msgs/include/motion_msgs/msg/detail/movement_ctrl_mode__type_support.h
[21.802s] -- Installing: /home/y/SA_CAO_test_ws/install/motion_msgs/include/motion_msgs/msg/detail/motion_ctrl__functions.c
[21.802s] -- Installing: /home/y/SA_CAO_test_ws/install/motion_msgs/include/motion_msgs/msg/detail/movement_ctrl_data__functions.c
[21.803s] -- Installing: /home/y/SA_CAO_test_ws/install/motion_msgs/include/motion_msgs/msg/detail/ctrl_plot__type_support.h
[21.803s] -- Installing: /home/y/SA_CAO_test_ws/install/motion_msgs/include/motion_msgs/msg/detail/leg_motors__struct.h
[21.803s] -- Installing: /home/y/SA_CAO_test_ws/install/motion_msgs/include/motion_msgs/msg/detail/movement_ctrl_data__struct.h
[21.803s] -- Installing: /home/y/SA_CAO_test_ws/install/motion_msgs/include/motion_msgs/msg/detail/movement_ctrl_mode__struct.h
[21.803s] -- Installing: /home/y/SA_CAO_test_ws/install/motion_msgs/include/motion_msgs/msg/detail/ctrl_plot__functions.h
[21.804s] -- Installing: /home/y/SA_CAO_test_ws/install/motion_msgs/include/motion_msgs/msg/detail/leg_motors__type_support.h
[21.804s] -- Installing: /home/y/SA_CAO_test_ws/install/motion_msgs/include/motion_msgs/msg/detail/motion_ctrl__functions.h
[21.804s] -- Installing: /home/y/SA_CAO_test_ws/install/motion_msgs/include/motion_msgs/msg/detail/motion_ctrl__type_support.h
[21.804s] -- Installing: /home/y/SA_CAO_test_ws/install/motion_msgs/include/motion_msgs/msg/detail/leg_motors__functions.h
[21.804s] -- Installing: /home/y/SA_CAO_test_ws/install/motion_msgs/include/motion_msgs/msg/detail/robot_status__struct.h
[21.804s] -- Installing: /home/y/SA_CAO_test_ws/install/motion_msgs/include/motion_msgs/msg/detail/movement_ctrl_mode__functions.c
[21.805s] -- Installing: /home/y/SA_CAO_test_ws/install/motion_msgs/include/motion_msgs/msg/detail/robot_status__functions.h
[21.807s] -- Installing: /home/y/SA_CAO_test_ws/install/motion_msgs/include/motion_msgs/msg/detail/movement_ctrl_mode__functions.h
[21.807s] -- Installing: /home/y/SA_CAO_test_ws/install/motion_msgs/include/motion_msgs/msg/detail/leg_motors__functions.c
[21.807s] -- Installing: /home/y/SA_CAO_test_ws/install/motion_msgs/include/motion_msgs/msg/detail/robot_status__functions.c
[21.807s] -- Installing: /home/y/SA_CAO_test_ws/install/motion_msgs/include/motion_msgs/msg/detail/motion_ctrl__struct.h
[21.808s] -- Installing: /home/y/SA_CAO_test_ws/install/motion_msgs/include/motion_msgs/msg/detail/ctrl_plot__struct.h
[21.808s] -- Installing: /home/y/SA_CAO_test_ws/install/motion_msgs/include/motion_msgs/msg/detail/movement_ctrl_data__type_support.h
[21.808s] -- Installing: /home/y/SA_CAO_test_ws/install/motion_msgs/include/motion_msgs/msg/detail/ctrl_plot__functions.c
[21.809s] -- Installing: /home/y/SA_CAO_test_ws/install/motion_msgs/share/motion_msgs/environment/library_path.sh
[21.809s] -- Installing: /home/y/SA_CAO_test_ws/install/motion_msgs/share/motion_msgs/environment/library_path.dsv
[21.809s] -- Installing: /home/y/SA_CAO_test_ws/install/motion_msgs/lib/libmotion_msgs__rosidl_generator_c.so
[21.810s] -- Set runtime path of "/home/y/SA_CAO_test_ws/install/motion_msgs/lib/libmotion_msgs__rosidl_generator_c.so" to ""
[21.810s] -- Up-to-date: /home/y/SA_CAO_test_ws/install/motion_msgs/include/motion_msgs
[21.810s] -- Up-to-date: /home/y/SA_CAO_test_ws/install/motion_msgs/include/motion_msgs/msg
[21.810s] -- Up-to-date: /home/y/SA_CAO_test_ws/install/motion_msgs/include/motion_msgs/msg/detail
[21.810s] -- Installing: /home/y/SA_CAO_test_ws/install/motion_msgs/include/motion_msgs/msg/detail/motion_ctrl__rosidl_typesupport_fastrtps_c.h
[21.811s] -- Installing: /home/y/SA_CAO_test_ws/install/motion_msgs/include/motion_msgs/msg/detail/leg_motors__rosidl_typesupport_fastrtps_c.h
[21.811s] -- Installing: /home/y/SA_CAO_test_ws/install/motion_msgs/include/motion_msgs/msg/detail/movement_ctrl_mode__rosidl_typesupport_fastrtps_c.h
[21.811s] -- Installing: /home/y/SA_CAO_test_ws/install/motion_msgs/include/motion_msgs/msg/detail/robot_status__rosidl_typesupport_fastrtps_c.h
[21.812s] -- Installing: /home/y/SA_CAO_test_ws/install/motion_msgs/include/motion_msgs/msg/detail/movement_ctrl_data__rosidl_typesupport_fastrtps_c.h
[21.812s] -- Installing: /home/y/SA_CAO_test_ws/install/motion_msgs/include/motion_msgs/msg/detail/ctrl_plot__rosidl_typesupport_fastrtps_c.h
[21.812s] -- Installing: /home/y/SA_CAO_test_ws/install/motion_msgs/include/motion_msgs/msg/rosidl_typesupport_fastrtps_c__visibility_control.h
[21.813s] -- Installing: /home/y/SA_CAO_test_ws/install/motion_msgs/lib/libmotion_msgs__rosidl_typesupport_fastrtps_c.so
[21.813s] -- Set runtime path of "/home/y/SA_CAO_test_ws/install/motion_msgs/lib/libmotion_msgs__rosidl_typesupport_fastrtps_c.so" to ""
[21.814s] -- Up-to-date: /home/y/SA_CAO_test_ws/install/motion_msgs/include/motion_msgs
[21.814s] -- Up-to-date: /home/y/SA_CAO_test_ws/install/motion_msgs/include/motion_msgs/msg
[21.814s] -- Installing: /home/y/SA_CAO_test_ws/install/motion_msgs/include/motion_msgs/msg/rosidl_typesupport_fastrtps_cpp__visibility_control.h
[21.814s] -- Up-to-date: /home/y/SA_CAO_test_ws/install/motion_msgs/include/motion_msgs/msg/detail
[21.814s] -- Installing: /home/y/SA_CAO_test_ws/install/motion_msgs/include/motion_msgs/msg/detail/movement_ctrl_data__rosidl_typesupport_fastrtps_cpp.hpp
[21.814s] -- Installing: /home/y/SA_CAO_test_ws/install/motion_msgs/include/motion_msgs/msg/detail/leg_motors__rosidl_typesupport_fastrtps_cpp.hpp
[21.814s] -- Installing: /home/y/SA_CAO_test_ws/install/motion_msgs/include/motion_msgs/msg/detail/dds_fastrtps
[21.815s] -- Installing: /home/y/SA_CAO_test_ws/install/motion_msgs/include/motion_msgs/msg/detail/ctrl_plot__rosidl_typesupport_fastrtps_cpp.hpp
[21.815s] -- Installing: /home/y/SA_CAO_test_ws/install/motion_msgs/include/motion_msgs/msg/detail/motion_ctrl__rosidl_typesupport_fastrtps_cpp.hpp
[21.815s] -- Installing: /home/y/SA_CAO_test_ws/install/motion_msgs/include/motion_msgs/msg/detail/robot_status__rosidl_typesupport_fastrtps_cpp.hpp
[21.815s] -- Installing: /home/y/SA_CAO_test_ws/install/motion_msgs/include/motion_msgs/msg/detail/movement_ctrl_mode__rosidl_typesupport_fastrtps_cpp.hpp
[21.816s] -- Installing: /home/y/SA_CAO_test_ws/install/motion_msgs/lib/libmotion_msgs__rosidl_typesupport_fastrtps_cpp.so
[21.816s] -- Set runtime path of "/home/y/SA_CAO_test_ws/install/motion_msgs/lib/libmotion_msgs__rosidl_typesupport_fastrtps_cpp.so" to ""
[21.816s] -- Up-to-date: /home/y/SA_CAO_test_ws/install/motion_msgs/include/motion_msgs
[21.816s] -- Up-to-date: /home/y/SA_CAO_test_ws/install/motion_msgs/include/motion_msgs/msg
[21.817s] -- Installing: /home/y/SA_CAO_test_ws/install/motion_msgs/include/motion_msgs/msg/rosidl_typesupport_introspection_c__visibility_control.h
[21.817s] -- Up-to-date: /home/y/SA_CAO_test_ws/install/motion_msgs/include/motion_msgs/msg/detail
[21.817s] -- Installing: /home/y/SA_CAO_test_ws/install/motion_msgs/include/motion_msgs/msg/detail/ctrl_plot__type_support.c
[21.817s] -- Installing: /home/y/SA_CAO_test_ws/install/motion_msgs/include/motion_msgs/msg/detail/robot_status__rosidl_typesupport_introspection_c.h
[21.817s] -- Installing: /home/y/SA_CAO_test_ws/install/motion_msgs/include/motion_msgs/msg/detail/movement_ctrl_mode__rosidl_typesupport_introspection_c.h
[21.817s] -- Installing: /home/y/SA_CAO_test_ws/install/motion_msgs/include/motion_msgs/msg/detail/movement_ctrl_data__rosidl_typesupport_introspection_c.h
[21.818s] -- Installing: /home/y/SA_CAO_test_ws/install/motion_msgs/include/motion_msgs/msg/detail/robot_status__type_support.c
[21.818s] -- Installing: /home/y/SA_CAO_test_ws/install/motion_msgs/include/motion_msgs/msg/detail/movement_ctrl_mode__type_support.c
[21.818s] -- Installing: /home/y/SA_CAO_test_ws/install/motion_msgs/include/motion_msgs/msg/detail/motion_ctrl__rosidl_typesupport_introspection_c.h
[21.819s] -- Installing: /home/y/SA_CAO_test_ws/install/motion_msgs/include/motion_msgs/msg/detail/movement_ctrl_data__type_support.c
[21.819s] -- Installing: /home/y/SA_CAO_test_ws/install/motion_msgs/include/motion_msgs/msg/detail/leg_motors__type_support.c
[21.819s] -- Installing: /home/y/SA_CAO_test_ws/install/motion_msgs/include/motion_msgs/msg/detail/motion_ctrl__type_support.c
[21.819s] -- Installing: /home/y/SA_CAO_test_ws/install/motion_msgs/include/motion_msgs/msg/detail/ctrl_plot__rosidl_typesupport_introspection_c.h
[21.820s] -- Installing: /home/y/SA_CAO_test_ws/install/motion_msgs/include/motion_msgs/msg/detail/leg_motors__rosidl_typesupport_introspection_c.h
[21.820s] -- Installing: /home/y/SA_CAO_test_ws/install/motion_msgs/lib/libmotion_msgs__rosidl_typesupport_introspection_c.so
[21.820s] -- Set runtime path of "/home/y/SA_CAO_test_ws/install/motion_msgs/lib/libmotion_msgs__rosidl_typesupport_introspection_c.so" to ""
[21.821s] -- Installing: /home/y/SA_CAO_test_ws/install/motion_msgs/lib/libmotion_msgs__rosidl_typesupport_c.so
[21.824s] -- Set runtime path of "/home/y/SA_CAO_test_ws/install/motion_msgs/lib/libmotion_msgs__rosidl_typesupport_c.so" to ""
[21.824s] -- Up-to-date: /home/y/SA_CAO_test_ws/install/motion_msgs/include/motion_msgs
[21.824s] -- Up-to-date: /home/y/SA_CAO_test_ws/install/motion_msgs/include/motion_msgs/msg
[21.824s] -- Installing: /home/y/SA_CAO_test_ws/install/motion_msgs/include/motion_msgs/msg/rosidl_generator_cpp__visibility_control.hpp
[21.824s] -- Installing: /home/y/SA_CAO_test_ws/install/motion_msgs/include/motion_msgs/msg/robot_status.hpp
[21.825s] -- Installing: /home/y/SA_CAO_test_ws/install/motion_msgs/include/motion_msgs/msg/movement_ctrl_mode.hpp
[21.825s] -- Installing: /home/y/SA_CAO_test_ws/install/motion_msgs/include/motion_msgs/msg/ctrl_plot.hpp
[21.825s] -- Installing: /home/y/SA_CAO_test_ws/install/motion_msgs/include/motion_msgs/msg/leg_motors.hpp
[21.825s] -- Installing: /home/y/SA_CAO_test_ws/install/motion_msgs/include/motion_msgs/msg/motion_ctrl.hpp
[21.826s] -- Up-to-date: /home/y/SA_CAO_test_ws/install/motion_msgs/include/motion_msgs/msg/detail
[21.826s] -- Installing: /home/y/SA_CAO_test_ws/install/motion_msgs/include/motion_msgs/msg/detail/robot_status__type_support.hpp
[21.826s] -- Installing: /home/y/SA_CAO_test_ws/install/motion_msgs/include/motion_msgs/msg/detail/robot_status__struct.hpp
[21.827s] -- Installing: /home/y/SA_CAO_test_ws/install/motion_msgs/include/motion_msgs/msg/detail/movement_ctrl_data__type_support.hpp
[21.827s] -- Installing: /home/y/SA_CAO_test_ws/install/motion_msgs/include/motion_msgs/msg/detail/movement_ctrl_mode__builder.hpp
[21.827s] -- Installing: /home/y/SA_CAO_test_ws/install/motion_msgs/include/motion_msgs/msg/detail/ctrl_plot__struct.hpp
[21.827s] -- Installing: /home/y/SA_CAO_test_ws/install/motion_msgs/include/motion_msgs/msg/detail/leg_motors__struct.hpp
[21.828s] -- Installing: /home/y/SA_CAO_test_ws/install/motion_msgs/include/motion_msgs/msg/detail/movement_ctrl_mode__type_support.hpp
[21.828s] -- Installing: /home/y/SA_CAO_test_ws/install/motion_msgs/include/motion_msgs/msg/detail/robot_status__builder.hpp
[21.828s] -- Installing: /home/y/SA_CAO_test_ws/install/motion_msgs/include/motion_msgs/msg/detail/motion_ctrl__traits.hpp
[21.828s] -- Installing: /home/y/SA_CAO_test_ws/install/motion_msgs/include/motion_msgs/msg/detail/motion_ctrl__type_support.hpp
[21.829s] -- Installing: /home/y/SA_CAO_test_ws/install/motion_msgs/include/motion_msgs/msg/detail/ctrl_plot__type_support.hpp
[21.829s] -- Installing: /home/y/SA_CAO_test_ws/install/motion_msgs/include/motion_msgs/msg/detail/leg_motors__builder.hpp
[21.829s] -- Installing: /home/y/SA_CAO_test_ws/install/motion_msgs/include/motion_msgs/msg/detail/ctrl_plot__builder.hpp
[21.830s] -- Installing: /home/y/SA_CAO_test_ws/install/motion_msgs/include/motion_msgs/msg/detail/movement_ctrl_mode__struct.hpp
[21.830s] -- Installing: /home/y/SA_CAO_test_ws/install/motion_msgs/include/motion_msgs/msg/detail/robot_status__traits.hpp
[21.830s] -- Installing: /home/y/SA_CAO_test_ws/install/motion_msgs/include/motion_msgs/msg/detail/movement_ctrl_mode__traits.hpp
[21.831s] -- Installing: /home/y/SA_CAO_test_ws/install/motion_msgs/include/motion_msgs/msg/detail/ctrl_plot__traits.hpp
[21.831s] -- Installing: /home/y/SA_CAO_test_ws/install/motion_msgs/include/motion_msgs/msg/detail/leg_motors__type_support.hpp
[21.831s] -- Installing: /home/y/SA_CAO_test_ws/install/motion_msgs/include/motion_msgs/msg/detail/leg_motors__traits.hpp
[21.832s] -- Installing: /home/y/SA_CAO_test_ws/install/motion_msgs/include/motion_msgs/msg/detail/movement_ctrl_data__builder.hpp
[21.832s] -- Installing: /home/y/SA_CAO_test_ws/install/motion_msgs/include/motion_msgs/msg/detail/movement_ctrl_data__traits.hpp
[21.832s] -- Installing: /home/y/SA_CAO_test_ws/install/motion_msgs/include/motion_msgs/msg/detail/motion_ctrl__struct.hpp
[21.832s] -- Installing: /home/y/SA_CAO_test_ws/install/motion_msgs/include/motion_msgs/msg/detail/movement_ctrl_data__struct.hpp
[21.833s] -- Installing: /home/y/SA_CAO_test_ws/install/motion_msgs/include/motion_msgs/msg/detail/motion_ctrl__builder.hpp
[21.833s] -- Installing: /home/y/SA_CAO_test_ws/install/motion_msgs/include/motion_msgs/msg/movement_ctrl_data.hpp
[21.833s] -- Up-to-date: /home/y/SA_CAO_test_ws/install/motion_msgs/include/motion_msgs
[21.833s] -- Up-to-date: /home/y/SA_CAO_test_ws/install/motion_msgs/include/motion_msgs/msg
[21.833s] -- Up-to-date: /home/y/SA_CAO_test_ws/install/motion_msgs/include/motion_msgs/msg/detail
[21.834s] -- Installing: /home/y/SA_CAO_test_ws/install/motion_msgs/include/motion_msgs/msg/detail/movement_ctrl_data__type_support.cpp
[21.834s] -- Installing: /home/y/SA_CAO_test_ws/install/motion_msgs/include/motion_msgs/msg/detail/movement_ctrl_mode__type_support.cpp
[21.834s] -- Installing: /home/y/SA_CAO_test_ws/install/motion_msgs/include/motion_msgs/msg/detail/robot_status__type_support.cpp
[21.834s] -- Installing: /home/y/SA_CAO_test_ws/install/motion_msgs/include/motion_msgs/msg/detail/ctrl_plot__type_support.cpp
[21.835s] -- Installing: /home/y/SA_CAO_test_ws/install/motion_msgs/include/motion_msgs/msg/detail/movement_ctrl_data__rosidl_typesupport_introspection_cpp.hpp
[21.835s] -- Installing: /home/y/SA_CAO_test_ws/install/motion_msgs/include/motion_msgs/msg/detail/robot_status__rosidl_typesupport_introspection_cpp.hpp
[21.835s] -- Installing: /home/y/SA_CAO_test_ws/install/motion_msgs/include/motion_msgs/msg/detail/leg_motors__type_support.cpp
[21.836s] -- Installing: /home/y/SA_CAO_test_ws/install/motion_msgs/include/motion_msgs/msg/detail/leg_motors__rosidl_typesupport_introspection_cpp.hpp
[21.836s] -- Installing: /home/y/SA_CAO_test_ws/install/motion_msgs/include/motion_msgs/msg/detail/motion_ctrl__type_support.cpp
[21.836s] -- Installing: /home/y/SA_CAO_test_ws/install/motion_msgs/include/motion_msgs/msg/detail/motion_ctrl__rosidl_typesupport_introspection_cpp.hpp
[21.836s] -- Installing: /home/y/SA_CAO_test_ws/install/motion_msgs/include/motion_msgs/msg/detail/ctrl_plot__rosidl_typesupport_introspection_cpp.hpp
[21.837s] -- Installing: /home/y/SA_CAO_test_ws/install/motion_msgs/include/motion_msgs/msg/detail/movement_ctrl_mode__rosidl_typesupport_introspection_cpp.hpp
[21.837s] -- Installing: /home/y/SA_CAO_test_ws/install/motion_msgs/lib/libmotion_msgs__rosidl_typesupport_introspection_cpp.so
[21.838s] -- Set runtime path of "/home/y/SA_CAO_test_ws/install/motion_msgs/lib/libmotion_msgs__rosidl_typesupport_introspection_cpp.so" to ""
[21.838s] -- Installing: /home/y/SA_CAO_test_ws/install/motion_msgs/lib/libmotion_msgs__rosidl_typesupport_cpp.so
[21.840s] -- Set runtime path of "/home/y/SA_CAO_test_ws/install/motion_msgs/lib/libmotion_msgs__rosidl_typesupport_cpp.so" to ""
[21.841s] -- Installing: /home/y/SA_CAO_test_ws/install/motion_msgs/share/motion_msgs/environment/pythonpath.sh
[21.841s] -- Installing: /home/y/SA_CAO_test_ws/install/motion_msgs/share/motion_msgs/environment/pythonpath.dsv
[21.842s] -- Installing: /home/y/SA_CAO_test_ws/install/motion_msgs/lib/python3.8/site-packages/motion_msgs/__init__.py
[21.892s] Compiling '/home/y/SA_CAO_test_ws/install/motion_msgs/lib/python3.8/site-packages/motion_msgs/__init__.py'...
[21.895s] -- Installing: /home/y/SA_CAO_test_ws/install/motion_msgs/lib/python3.8/site-packages/motion_msgs/msg
[21.896s] -- Installing: /home/y/SA_CAO_test_ws/install/motion_msgs/lib/python3.8/site-packages/motion_msgs/msg/_ctrl_plot_s.c
[21.896s] -- Installing: /home/y/SA_CAO_test_ws/install/motion_msgs/lib/python3.8/site-packages/motion_msgs/msg/_robot_status.py
[21.897s] -- Installing: /home/y/SA_CAO_test_ws/install/motion_msgs/lib/python3.8/site-packages/motion_msgs/msg/_movement_ctrl_mode_s.c
[21.897s] -- Installing: /home/y/SA_CAO_test_ws/install/motion_msgs/lib/python3.8/site-packages/motion_msgs/msg/_leg_motors_s.c
[21.897s] -- Installing: /home/y/SA_CAO_test_ws/install/motion_msgs/lib/python3.8/site-packages/motion_msgs/msg/__init__.py
[21.897s] -- Installing: /home/y/SA_CAO_test_ws/install/motion_msgs/lib/python3.8/site-packages/motion_msgs/msg/_movement_ctrl_data.py
[21.897s] -- Installing: /home/y/SA_CAO_test_ws/install/motion_msgs/lib/python3.8/site-packages/motion_msgs/msg/_ctrl_plot.py
[21.898s] -- Installing: /home/y/SA_CAO_test_ws/install/motion_msgs/lib/python3.8/site-packages/motion_msgs/msg/_motion_ctrl.py
[21.899s] -- Installing: /home/y/SA_CAO_test_ws/install/motion_msgs/lib/python3.8/site-packages/motion_msgs/msg/_motion_ctrl_s.c
[21.899s] -- Installing: /home/y/SA_CAO_test_ws/install/motion_msgs/lib/python3.8/site-packages/motion_msgs/msg/_leg_motors.py
[21.900s] -- Installing: /home/y/SA_CAO_test_ws/install/motion_msgs/lib/python3.8/site-packages/motion_msgs/msg/_robot_status_s.c
[21.900s] -- Installing: /home/y/SA_CAO_test_ws/install/motion_msgs/lib/python3.8/site-packages/motion_msgs/msg/_movement_ctrl_data_s.c
[21.901s] -- Installing: /home/y/SA_CAO_test_ws/install/motion_msgs/lib/python3.8/site-packages/motion_msgs/msg/_movement_ctrl_mode.py
[21.901s] -- Installing: /home/y/SA_CAO_test_ws/install/motion_msgs/lib/python3.8/site-packages/motion_msgs/motion_msgs_s__rosidl_typesupport_fastrtps_c.cpython-38-x86_64-linux-gnu.so
[21.902s] -- Set runtime path of "/home/y/SA_CAO_test_ws/install/motion_msgs/lib/python3.8/site-packages/motion_msgs/motion_msgs_s__rosidl_typesupport_fastrtps_c.cpython-38-x86_64-linux-gnu.so" to ""
[21.903s] -- Installing: /home/y/SA_CAO_test_ws/install/motion_msgs/lib/python3.8/site-packages/motion_msgs/motion_msgs_s__rosidl_typesupport_introspection_c.cpython-38-x86_64-linux-gnu.so
[21.903s] -- Set runtime path of "/home/y/SA_CAO_test_ws/install/motion_msgs/lib/python3.8/site-packages/motion_msgs/motion_msgs_s__rosidl_typesupport_introspection_c.cpython-38-x86_64-linux-gnu.so" to ""
[21.903s] -- Installing: /home/y/SA_CAO_test_ws/install/motion_msgs/lib/python3.8/site-packages/motion_msgs/motion_msgs_s__rosidl_typesupport_c.cpython-38-x86_64-linux-gnu.so
[21.903s] -- Set runtime path of "/home/y/SA_CAO_test_ws/install/motion_msgs/lib/python3.8/site-packages/motion_msgs/motion_msgs_s__rosidl_typesupport_c.cpython-38-x86_64-linux-gnu.so" to ""
[21.903s] -- Installing: /home/y/SA_CAO_test_ws/install/motion_msgs/lib/libmotion_msgs__python.so
[21.904s] -- Set runtime path of "/home/y/SA_CAO_test_ws/install/motion_msgs/lib/libmotion_msgs__python.so" to ""
[21.904s] -- Installing: /home/y/SA_CAO_test_ws/install/motion_msgs/share/motion_msgs/msg/CtrlPlot.idl
[21.904s] -- Installing: /home/y/SA_CAO_test_ws/install/motion_msgs/share/motion_msgs/msg/LegMotors.idl
[21.904s] -- Installing: /home/y/SA_CAO_test_ws/install/motion_msgs/share/motion_msgs/msg/MotionCtrl.idl
[21.907s] -- Installing: /home/y/SA_CAO_test_ws/install/motion_msgs/share/motion_msgs/msg/RobotStatus.idl
[21.907s] -- Installing: /home/y/SA_CAO_test_ws/install/motion_msgs/share/motion_msgs/msg/MovementCtrlData.idl
[21.907s] -- Installing: /home/y/SA_CAO_test_ws/install/motion_msgs/share/motion_msgs/msg/MovementCtrlMode.idl
[21.907s] -- Installing: /home/y/SA_CAO_test_ws/install/motion_msgs/share/motion_msgs/msg/CtrlPlot.msg
[21.908s] -- Installing: /home/y/SA_CAO_test_ws/install/motion_msgs/share/motion_msgs/msg/LegMotors.msg
[21.908s] -- Installing: /home/y/SA_CAO_test_ws/install/motion_msgs/share/motion_msgs/msg/MotionCtrl.msg
[21.908s] -- Installing: /home/y/SA_CAO_test_ws/install/motion_msgs/share/motion_msgs/msg/RobotStatus.msg
[21.908s] -- Installing: /home/y/SA_CAO_test_ws/install/motion_msgs/share/motion_msgs/msg/MovementCtrlData.msg
[21.909s] -- Installing: /home/y/SA_CAO_test_ws/install/motion_msgs/share/motion_msgs/msg/MovementCtrlMode.msg
[21.909s] -- Installing: /home/y/SA_CAO_test_ws/install/motion_msgs/share/ament_index/resource_index/package_run_dependencies/motion_msgs
[21.909s] -- Installing: /home/y/SA_CAO_test_ws/install/motion_msgs/share/ament_index/resource_index/parent_prefix_path/motion_msgs
[21.910s] -- Installing: /home/y/SA_CAO_test_ws/install/motion_msgs/share/motion_msgs/environment/ament_prefix_path.sh
[21.910s] -- Installing: /home/y/SA_CAO_test_ws/install/motion_msgs/share/motion_msgs/environment/ament_prefix_path.dsv
[21.910s] -- Installing: /home/y/SA_CAO_test_ws/install/motion_msgs/share/motion_msgs/environment/path.sh
[21.911s] -- Installing: /home/y/SA_CAO_test_ws/install/motion_msgs/share/motion_msgs/environment/path.dsv
[21.911s] -- Installing: /home/y/SA_CAO_test_ws/install/motion_msgs/share/motion_msgs/local_setup.bash
[21.911s] -- Installing: /home/y/SA_CAO_test_ws/install/motion_msgs/share/motion_msgs/local_setup.sh
[21.912s] -- Installing: /home/y/SA_CAO_test_ws/install/motion_msgs/share/motion_msgs/local_setup.zsh
[21.912s] -- Installing: /home/y/SA_CAO_test_ws/install/motion_msgs/share/motion_msgs/local_setup.dsv
[21.912s] -- Installing: /home/y/SA_CAO_test_ws/install/motion_msgs/share/motion_msgs/package.dsv
[21.913s] -- Installing: /home/y/SA_CAO_test_ws/install/motion_msgs/share/ament_index/resource_index/packages/motion_msgs
[21.913s] -- Installing: /home/y/SA_CAO_test_ws/install/motion_msgs/share/motion_msgs/cmake/motion_msgs__rosidl_generator_cExport.cmake
[21.913s] -- Installing: /home/y/SA_CAO_test_ws/install/motion_msgs/share/motion_msgs/cmake/motion_msgs__rosidl_generator_cExport-noconfig.cmake
[21.914s] -- Installing: /home/y/SA_CAO_test_ws/install/motion_msgs/share/motion_msgs/cmake/motion_msgs__rosidl_typesupport_introspection_cExport.cmake
[21.914s] -- Installing: /home/y/SA_CAO_test_ws/install/motion_msgs/share/motion_msgs/cmake/motion_msgs__rosidl_typesupport_introspection_cExport-noconfig.cmake
[21.914s] -- Installing: /home/y/SA_CAO_test_ws/install/motion_msgs/share/motion_msgs/cmake/motion_msgs__rosidl_typesupport_cExport.cmake
[21.915s] -- Installing: /home/y/SA_CAO_test_ws/install/motion_msgs/share/motion_msgs/cmake/motion_msgs__rosidl_typesupport_cExport-noconfig.cmake
[21.915s] -- Installing: /home/y/SA_CAO_test_ws/install/motion_msgs/share/motion_msgs/cmake/motion_msgs__rosidl_generator_cppExport.cmake
[21.915s] -- Installing: /home/y/SA_CAO_test_ws/install/motion_msgs/share/motion_msgs/cmake/motion_msgs__rosidl_typesupport_introspection_cppExport.cmake
[21.916s] -- Installing: /home/y/SA_CAO_test_ws/install/motion_msgs/share/motion_msgs/cmake/motion_msgs__rosidl_typesupport_introspection_cppExport-noconfig.cmake
[21.916s] -- Installing: /home/y/SA_CAO_test_ws/install/motion_msgs/share/motion_msgs/cmake/motion_msgs__rosidl_typesupport_cppExport.cmake
[21.916s] -- Installing: /home/y/SA_CAO_test_ws/install/motion_msgs/share/motion_msgs/cmake/motion_msgs__rosidl_typesupport_cppExport-noconfig.cmake
[21.917s] -- Installing: /home/y/SA_CAO_test_ws/install/motion_msgs/share/motion_msgs/cmake/rosidl_cmake-extras.cmake
[21.917s] -- Installing: /home/y/SA_CAO_test_ws/install/motion_msgs/share/motion_msgs/cmake/ament_cmake_export_dependencies-extras.cmake
[21.917s] -- Installing: /home/y/SA_CAO_test_ws/install/motion_msgs/share/motion_msgs/cmake/ament_cmake_export_libraries-extras.cmake
[21.917s] -- Installing: /home/y/SA_CAO_test_ws/install/motion_msgs/share/motion_msgs/cmake/ament_cmake_export_targets-extras.cmake
[21.918s] -- Installing: /home/y/SA_CAO_test_ws/install/motion_msgs/share/motion_msgs/cmake/ament_cmake_export_include_directories-extras.cmake
[21.918s] -- Installing: /home/y/SA_CAO_test_ws/install/motion_msgs/share/motion_msgs/cmake/rosidl_cmake_export_typesupport_libraries-extras.cmake
[21.918s] -- Installing: /home/y/SA_CAO_test_ws/install/motion_msgs/share/motion_msgs/cmake/rosidl_cmake_export_typesupport_targets-extras.cmake
[21.919s] -- Installing: /home/y/SA_CAO_test_ws/install/motion_msgs/share/motion_msgs/cmake/motion_msgsConfig.cmake
[21.919s] -- Installing: /home/y/SA_CAO_test_ws/install/motion_msgs/share/motion_msgs/cmake/motion_msgsConfig-version.cmake
[21.919s] -- Installing: /home/y/SA_CAO_test_ws/install/motion_msgs/share/motion_msgs/package.xml
[21.925s] Invoked command in '/home/y/SA_CAO_test_ws/build/motion_msgs' returned '0': CMAKE_PREFIX_PATH=/home/y/SA_CAO_test_ws/install/turtlebot3:/home/y/SA_CAO_test_ws/install/turtlebot3_simulations:/home/y/SA_CAO_test_ws/install/turtlebot3_bringup:/home/y/SA_CAO_test_ws/install/turtlebot3_node:/home/y/SA_CAO_test_ws/install/turtlebot3_navigation2:/home/y/SA_CAO_test_ws/install/turtlebot3_fake_node:/home/y/SA_CAO_test_ws/install/turtlebot3_msgs:/home/y/SA_CAO_test_ws/install/turtlebot3_gazebo:/home/y/SA_CAO_test_ws/install/turtlebot3_description:/home/y/SA_CAO_test_ws/install/turtlebot3_cartographer:/home/y/SA_CAO_test_ws/install/sub_diablo2023a:/home/y/SA_CAO_test_ws/install/motion_msgs:/home/y/SA_CAO_test_ws/install/hls_lfcd_lds_driver:/home/y/SA_CAO_test_ws/install/dynamixel_sdk_examples:/home/y/SA_CAO_test_ws/install/dynamixel_sdk_custom_interfaces:/home/y/SA_CAO_test_ws/install/dynamixel_sdk:/home/y/SA_CAO_test_ws/install/turtlebot3_teleop:/home/y/SA_CAO_test_ws/install/turtlebot3_example:/home/y/SA_CAO_test_ws/install/my_joystick:/home/y/SA_CAO_test_ws/install/launch_diablo:/opt/ros/foxy:/home/y/oradar_ros/install/oradar_lidar /usr/bin/cmake --install /home/y/SA_CAO_test_ws/build/motion_msgs
