[0.024s] Invoking command in '/home/y/SA_CAO/build/diablo_simpose_trans': AMENT_PREFIX_PATH=/home/y/SA_CAO/install/diablo_body:/home/y/SA_CAO/install/diablo_utils:/home/y/SA_CAO/install/motion_msgs:/home/y/SA_CAO/install/ception_msgs:${AMENT_PREFIX_PATH} CMAKE_PREFIX_PATH=/home/y/SA_CAO/install/diablo_body:/home/y/SA_CAO/install/diablo_utils:/home/y/SA_CAO/install/motion_msgs:/home/y/SA_CAO/install/ception_msgs:/opt/ros/foxy:${CMAKE_PREFIX_PATH} LD_LIBRARY_PATH=/home/y/SA_CAO/install/diablo_body/lib:/home/y/SA_CAO/install/diablo_utils/lib:/home/y/SA_CAO/install/motion_msgs/lib:/home/y/SA_CAO/install/ception_msgs/lib:${LD_LIBRARY_PATH} PYTHONPATH=/home/y/SA_CAO/install/motion_msgs/lib/python3.8/site-packages:/home/y/SA_CAO/install/ception_msgs/lib/python3.8/site-packages:${PYTHONPATH} /usr/bin/cmake /home/y/SA_CAO/src/diablo_ros2/diablo_visualise/diablo_simpose_trans -DCMAKE_INSTALL_PREFIX=/home/y/SA_CAO/install/diablo_simpose_trans
[0.077s] -- The C compiler identification is GNU 9.4.0
[0.128s] -- The CXX compiler identification is GNU 9.4.0
[0.131s] -- Check for working C compiler: /usr/bin/cc
[0.192s] -- Check for working C compiler: /usr/bin/cc -- works
[0.194s] -- Detecting C compiler ABI info
[0.252s] -- Detecting C compiler ABI info - done
[0.262s] -- Detecting C compile features
[0.262s] -- Detecting C compile features - done
[0.264s] -- Check for working CXX compiler: /usr/bin/c++
[0.331s] -- Check for working CXX compiler: /usr/bin/c++ -- works
[0.332s] -- Detecting CXX compiler ABI info
[0.400s] -- Detecting CXX compiler ABI info - done
[0.411s] -- Detecting CXX compile features
[0.411s] -- Detecting CXX compile features - done
[0.413s] -- Found ament_cmake: 0.9.12 (/opt/ros/foxy/share/ament_cmake/cmake)
[0.433s] -- Found PythonInterp: /usr/bin/python3 (found suitable version "3.8.10", minimum required is "3") 
[0.433s] -- Using PYTHON_EXECUTABLE: /usr/bin/python3
[0.588s] -- Found rclcpp: 2.4.3 (/opt/ros/foxy/share/rclcpp/cmake)
[0.630s] -- Using all available rosidl_typesupport_c: rosidl_typesupport_fastrtps_c;rosidl_typesupport_introspection_c
[0.636s] -- Found rosidl_adapter: 1.3.1 (/opt/ros/foxy/share/rosidl_adapter/cmake)
[0.706s] -- Found OpenSSL: /usr/lib/x86_64-linux-gnu/libcrypto.so (found version "1.1.1f")  
[0.732s] -- Found FastRTPS: /opt/ros/foxy/include  
[0.801s] -- Using all available rosidl_typesupport_cpp: rosidl_typesupport_fastrtps_cpp;rosidl_typesupport_introspection_cpp
[0.851s] -- Found rmw_implementation_cmake: 1.0.4 (/opt/ros/foxy/share/rmw_implementation_cmake/cmake)
[0.853s] -- Using RMW implementation 'rmw_fastrtps_cpp' as default
[0.854s] -- Looking for pthread.h
[0.925s] -- Looking for pthread.h - found
[0.925s] -- Performing Test CMAKE_HAVE_LIBC_PTHREAD
[0.988s] -- Performing Test CMAKE_HAVE_LIBC_PTHREAD - Failed
[0.988s] -- Looking for pthread_create in pthreads
[1.040s] -- Looking for pthread_create in pthreads - not found
[1.042s] -- Looking for pthread_create in pthread
[1.101s] -- Looking for pthread_create in pthread - found
[1.102s] -- Found Threads: TRUE  
[1.243s] -- Found diablo_body: 1.0.0 (/home/y/SA_CAO/install/diablo_body/share/diablo_body/cmake)
[1.511s] -- Found ament_lint_auto: 0.9.8 (/opt/ros/foxy/share/ament_lint_auto/cmake)
[1.572s] -- Added test 'copyright' to check source files copyright and LICENSE
[1.573s] -- Added test 'cppcheck' to perform static code analysis on C / C++ code
[1.574s] -- Configured cppcheck include dirs: /home/y/SA_CAO/src/diablo_ros2/diablo_visualise/diablo_simpose_trans/include
[1.574s] -- Configured cppcheck exclude dirs and/or files: 
[1.575s] -- Added test 'cpplint' to check C / C++ code against the Google style
[1.575s] -- Configured cpplint exclude dirs and/or files: 
[1.575s] -- Added test 'lint_cmake' to check CMake code style
[1.576s] -- Added test 'uncrustify' to check C / C++ code style
[1.576s] -- Configured uncrustify additional arguments: 
[1.577s] -- Added test 'xmllint' to check XML markup files
[1.580s] -- Configuring done
[1.594s] -- Generating done
[1.601s] -- Build files have been written to: /home/y/SA_CAO/build/diablo_simpose_trans
[1.607s] Invoked command in '/home/y/SA_CAO/build/diablo_simpose_trans' returned '0': AMENT_PREFIX_PATH=/home/y/SA_CAO/install/diablo_body:/home/y/SA_CAO/install/diablo_utils:/home/y/SA_CAO/install/motion_msgs:/home/y/SA_CAO/install/ception_msgs:${AMENT_PREFIX_PATH} CMAKE_PREFIX_PATH=/home/y/SA_CAO/install/diablo_body:/home/y/SA_CAO/install/diablo_utils:/home/y/SA_CAO/install/motion_msgs:/home/y/SA_CAO/install/ception_msgs:/opt/ros/foxy:${CMAKE_PREFIX_PATH} LD_LIBRARY_PATH=/home/y/SA_CAO/install/diablo_body/lib:/home/y/SA_CAO/install/diablo_utils/lib:/home/y/SA_CAO/install/motion_msgs/lib:/home/y/SA_CAO/install/ception_msgs/lib:${LD_LIBRARY_PATH} PYTHONPATH=/home/y/SA_CAO/install/motion_msgs/lib/python3.8/site-packages:/home/y/SA_CAO/install/ception_msgs/lib/python3.8/site-packages:${PYTHONPATH} /usr/bin/cmake /home/y/SA_CAO/src/diablo_ros2/diablo_visualise/diablo_simpose_trans -DCMAKE_INSTALL_PREFIX=/home/y/SA_CAO/install/diablo_simpose_trans
[1.609s] Invoking command in '/home/y/SA_CAO/build/diablo_simpose_trans': AMENT_PREFIX_PATH=/home/y/SA_CAO/install/diablo_body:/home/y/SA_CAO/install/diablo_utils:/home/y/SA_CAO/install/motion_msgs:/home/y/SA_CAO/install/ception_msgs:${AMENT_PREFIX_PATH} CMAKE_PREFIX_PATH=/home/y/SA_CAO/install/diablo_body:/home/y/SA_CAO/install/diablo_utils:/home/y/SA_CAO/install/motion_msgs:/home/y/SA_CAO/install/ception_msgs:/opt/ros/foxy:${CMAKE_PREFIX_PATH} LD_LIBRARY_PATH=/home/y/SA_CAO/install/diablo_body/lib:/home/y/SA_CAO/install/diablo_utils/lib:/home/y/SA_CAO/install/motion_msgs/lib:/home/y/SA_CAO/install/ception_msgs/lib:${LD_LIBRARY_PATH} PYTHONPATH=/home/y/SA_CAO/install/motion_msgs/lib/python3.8/site-packages:/home/y/SA_CAO/install/ception_msgs/lib/python3.8/site-packages:${PYTHONPATH} /usr/bin/cmake --build /home/y/SA_CAO/build/diablo_simpose_trans -- -j2 -l2
[1.649s] [35m[1mScanning dependencies of target motor_trans_node[0m
[1.693s] [ 50%] [32mBuilding CXX object CMakeFiles/motor_trans_node.dir/src/motor_pos_trans.cpp.o[0m
[7.942s] [100%] [32m[1mLinking CXX executable motor_trans_node[0m
[8.184s] [100%] Built target motor_trans_node
[8.194s] Invoked command in '/home/y/SA_CAO/build/diablo_simpose_trans' returned '0': AMENT_PREFIX_PATH=/home/y/SA_CAO/install/diablo_body:/home/y/SA_CAO/install/diablo_utils:/home/y/SA_CAO/install/motion_msgs:/home/y/SA_CAO/install/ception_msgs:${AMENT_PREFIX_PATH} CMAKE_PREFIX_PATH=/home/y/SA_CAO/install/diablo_body:/home/y/SA_CAO/install/diablo_utils:/home/y/SA_CAO/install/motion_msgs:/home/y/SA_CAO/install/ception_msgs:/opt/ros/foxy:${CMAKE_PREFIX_PATH} LD_LIBRARY_PATH=/home/y/SA_CAO/install/diablo_body/lib:/home/y/SA_CAO/install/diablo_utils/lib:/home/y/SA_CAO/install/motion_msgs/lib:/home/y/SA_CAO/install/ception_msgs/lib:${LD_LIBRARY_PATH} PYTHONPATH=/home/y/SA_CAO/install/motion_msgs/lib/python3.8/site-packages:/home/y/SA_CAO/install/ception_msgs/lib/python3.8/site-packages:${PYTHONPATH} /usr/bin/cmake --build /home/y/SA_CAO/build/diablo_simpose_trans -- -j2 -l2
[8.197s] Invoking command in '/home/y/SA_CAO/build/diablo_simpose_trans': AMENT_PREFIX_PATH=/home/y/SA_CAO/install/diablo_body:/home/y/SA_CAO/install/diablo_utils:/home/y/SA_CAO/install/motion_msgs:/home/y/SA_CAO/install/ception_msgs:${AMENT_PREFIX_PATH} CMAKE_PREFIX_PATH=/home/y/SA_CAO/install/diablo_body:/home/y/SA_CAO/install/diablo_utils:/home/y/SA_CAO/install/motion_msgs:/home/y/SA_CAO/install/ception_msgs:/opt/ros/foxy:${CMAKE_PREFIX_PATH} LD_LIBRARY_PATH=/home/y/SA_CAO/install/diablo_body/lib:/home/y/SA_CAO/install/diablo_utils/lib:/home/y/SA_CAO/install/motion_msgs/lib:/home/y/SA_CAO/install/ception_msgs/lib:${LD_LIBRARY_PATH} PYTHONPATH=/home/y/SA_CAO/install/motion_msgs/lib/python3.8/site-packages:/home/y/SA_CAO/install/ception_msgs/lib/python3.8/site-packages:${PYTHONPATH} /usr/bin/cmake --install /home/y/SA_CAO/build/diablo_simpose_trans
[8.205s] -- Install configuration: ""
[8.205s] -- Installing: /home/y/SA_CAO/install/diablo_simpose_trans/lib/diablo_simpose_trans/motor_trans_node
[8.207s] -- Set runtime path of "/home/y/SA_CAO/install/diablo_simpose_trans/lib/diablo_simpose_trans/motor_trans_node" to ""
[8.208s] -- Installing: /home/y/SA_CAO/install/diablo_simpose_trans/include/diablo_simpose_trans
[8.208s] -- Installing: /home/y/SA_CAO/install/diablo_simpose_trans/include/diablo_simpose_trans/diablo_simpose_trans
[8.208s] -- Installing: /home/y/SA_CAO/install/diablo_simpose_trans/include/diablo_simpose_trans/diablo_simpose_trans/motor_pos_trans.hpp
[8.208s] -- Installing: /home/y/SA_CAO/install/diablo_simpose_trans/share/ament_index/resource_index/package_run_dependencies/diablo_simpose_trans
[8.208s] -- Installing: /home/y/SA_CAO/install/diablo_simpose_trans/share/ament_index/resource_index/parent_prefix_path/diablo_simpose_trans
[8.209s] -- Installing: /home/y/SA_CAO/install/diablo_simpose_trans/share/diablo_simpose_trans/environment/ament_prefix_path.sh
[8.209s] -- Installing: /home/y/SA_CAO/install/diablo_simpose_trans/share/diablo_simpose_trans/environment/ament_prefix_path.dsv
[8.209s] -- Installing: /home/y/SA_CAO/install/diablo_simpose_trans/share/diablo_simpose_trans/environment/path.sh
[8.209s] -- Installing: /home/y/SA_CAO/install/diablo_simpose_trans/share/diablo_simpose_trans/environment/path.dsv
[8.209s] -- Installing: /home/y/SA_CAO/install/diablo_simpose_trans/share/diablo_simpose_trans/local_setup.bash
[8.210s] -- Installing: /home/y/SA_CAO/install/diablo_simpose_trans/share/diablo_simpose_trans/local_setup.sh
[8.210s] -- Installing: /home/y/SA_CAO/install/diablo_simpose_trans/share/diablo_simpose_trans/local_setup.zsh
[8.210s] -- Installing: /home/y/SA_CAO/install/diablo_simpose_trans/share/diablo_simpose_trans/local_setup.dsv
[8.210s] -- Installing: /home/y/SA_CAO/install/diablo_simpose_trans/share/diablo_simpose_trans/package.dsv
[8.210s] -- Installing: /home/y/SA_CAO/install/diablo_simpose_trans/share/ament_index/resource_index/packages/diablo_simpose_trans
[8.211s] -- Installing: /home/y/SA_CAO/install/diablo_simpose_trans/share/diablo_simpose_trans/cmake/ament_cmake_export_include_directories-extras.cmake
[8.211s] -- Installing: /home/y/SA_CAO/install/diablo_simpose_trans/share/diablo_simpose_trans/cmake/ament_cmake_export_dependencies-extras.cmake
[8.211s] -- Installing: /home/y/SA_CAO/install/diablo_simpose_trans/share/diablo_simpose_trans/cmake/diablo_simpose_transConfig.cmake
[8.211s] -- Installing: /home/y/SA_CAO/install/diablo_simpose_trans/share/diablo_simpose_trans/cmake/diablo_simpose_transConfig-version.cmake
[8.211s] -- Installing: /home/y/SA_CAO/install/diablo_simpose_trans/share/diablo_simpose_trans/package.xml
[8.213s] Invoked command in '/home/y/SA_CAO/build/diablo_simpose_trans' returned '0': AMENT_PREFIX_PATH=/home/y/SA_CAO/install/diablo_body:/home/y/SA_CAO/install/diablo_utils:/home/y/SA_CAO/install/motion_msgs:/home/y/SA_CAO/install/ception_msgs:${AMENT_PREFIX_PATH} CMAKE_PREFIX_PATH=/home/y/SA_CAO/install/diablo_body:/home/y/SA_CAO/install/diablo_utils:/home/y/SA_CAO/install/motion_msgs:/home/y/SA_CAO/install/ception_msgs:/opt/ros/foxy:${CMAKE_PREFIX_PATH} LD_LIBRARY_PATH=/home/y/SA_CAO/install/diablo_body/lib:/home/y/SA_CAO/install/diablo_utils/lib:/home/y/SA_CAO/install/motion_msgs/lib:/home/y/SA_CAO/install/ception_msgs/lib:${LD_LIBRARY_PATH} PYTHONPATH=/home/y/SA_CAO/install/motion_msgs/lib/python3.8/site-packages:/home/y/SA_CAO/install/ception_msgs/lib/python3.8/site-packages:${PYTHONPATH} /usr/bin/cmake --install /home/y/SA_CAO/build/diablo_simpose_trans
