[2.442s] Invoking command in '/home/y/SA_CAO/src/launch_diablo': PYTHONPATH=/home/y/SA_CAO/build/launch_diablo/prefix_override:/usr/lib/python3/dist-packages/colcon_core/task/python/colcon_distutils_commands:/home/y/SA_CAO/install/launch_diablo/lib/python3.8/site-packages:${PYTHONPATH} /usr/bin/python3 -W ignore:setup.py install is deprecated -W ignore:easy_install command is deprecated setup.py egg_info --egg-base ../../build/launch_diablo build --build-base /home/y/SA_CAO/build/launch_diablo/build install --record /home/y/SA_CAO/build/launch_diablo/install.log --install-scripts $base/lib/robot_launch --single-version-externally-managed install_data
[2.877s] running egg_info
[2.878s] creating ../../build/launch_diablo/launch_diablo.egg-info
[2.879s] writing ../../build/launch_diablo/launch_diablo.egg-info/PKG-INFO
[2.879s] writing dependency_links to ../../build/launch_diablo/launch_diablo.egg-info/dependency_links.txt
[2.879s] writing entry points to ../../build/launch_diablo/launch_diablo.egg-info/entry_points.txt
[2.880s] writing requirements to ../../build/launch_diablo/launch_diablo.egg-info/requires.txt
[2.880s] writing top-level names to ../../build/launch_diablo/launch_diablo.egg-info/top_level.txt
[2.882s] writing manifest file '../../build/launch_diablo/launch_diablo.egg-info/SOURCES.txt'
[2.929s] reading manifest file '../../build/launch_diablo/launch_diablo.egg-info/SOURCES.txt'
[2.930s] writing manifest file '../../build/launch_diablo/launch_diablo.egg-info/SOURCES.txt'
[2.930s] running build
[2.930s] running build_py
[2.931s] creating /home/y/SA_CAO/build/launch_diablo/build
[2.931s] creating /home/y/SA_CAO/build/launch_diablo/build/lib
[2.931s] creating /home/y/SA_CAO/build/launch_diablo/build/lib/launch_diablo
[2.932s] copying launch_diablo/__init__.py -> /home/y/SA_CAO/build/launch_diablo/build/lib/launch_diablo
[2.932s] running install
[2.935s] running install_lib
[2.936s] creating /home/y/SA_CAO/install/launch_diablo/lib/python3.8/site-packages/launch_diablo
[2.936s] copying /home/y/SA_CAO/build/launch_diablo/build/lib/launch_diablo/__init__.py -> /home/y/SA_CAO/install/launch_diablo/lib/python3.8/site-packages/launch_diablo
[2.936s] byte-compiling /home/y/SA_CAO/install/launch_diablo/lib/python3.8/site-packages/launch_diablo/__init__.py to __init__.cpython-38.pyc
[2.937s] running install_data
[2.937s] copying package.xml -> /home/y/SA_CAO/install/launch_diablo/share/launch_diablo
[2.938s] creating /home/y/SA_CAO/install/launch_diablo/share/ament_index
[2.938s] creating /home/y/SA_CAO/install/launch_diablo/share/ament_index/resource_index
[2.938s] creating /home/y/SA_CAO/install/launch_diablo/share/ament_index/resource_index/packages
[2.938s] copying resource/launch_diablo -> /home/y/SA_CAO/install/launch_diablo/share/ament_index/resource_index/packages
[2.939s] creating /home/y/SA_CAO/install/launch_diablo/share/launch_diablo/launch
[2.939s] copying launch/launch_diablo.py -> /home/y/SA_CAO/install/launch_diablo/share/launch_diablo/launch
[2.939s] running install_egg_info
[2.939s] Copying ../../build/launch_diablo/launch_diablo.egg-info to /home/y/SA_CAO/install/launch_diablo/lib/python3.8/site-packages/launch_diablo-0.0.0-py3.8.egg-info
[2.942s] running install_scripts
[2.971s] writing list of installed files to '/home/y/SA_CAO/build/launch_diablo/install.log'
[3.050s] Invoked command in '/home/y/SA_CAO/src/launch_diablo' returned '0': PYTHONPATH=/home/y/SA_CAO/build/launch_diablo/prefix_override:/usr/lib/python3/dist-packages/colcon_core/task/python/colcon_distutils_commands:/home/y/SA_CAO/install/launch_diablo/lib/python3.8/site-packages:${PYTHONPATH} /usr/bin/python3 -W ignore:setup.py install is deprecated -W ignore:easy_install command is deprecated setup.py egg_info --egg-base ../../build/launch_diablo build --build-base /home/y/SA_CAO/build/launch_diablo/build install --record /home/y/SA_CAO/build/launch_diablo/install.log --install-scripts $base/lib/robot_launch --single-version-externally-managed install_data
