running egg_info
creating ../../build/vw2motion/vw2motion.egg-info
writing ../../build/vw2motion/vw2motion.egg-info/PKG-INFO
writing dependency_links to ../../build/vw2motion/vw2motion.egg-info/dependency_links.txt
writing entry points to ../../build/vw2motion/vw2motion.egg-info/entry_points.txt
writing requirements to ../../build/vw2motion/vw2motion.egg-info/requires.txt
writing top-level names to ../../build/vw2motion/vw2motion.egg-info/top_level.txt
writing manifest file '../../build/vw2motion/vw2motion.egg-info/SOURCES.txt'
reading manifest file '../../build/vw2motion/vw2motion.egg-info/SOURCES.txt'
writing manifest file '../../build/vw2motion/vw2motion.egg-info/SOURCES.txt'
running build
running build_py
creating /home/y/SA_CAO/build/vw2motion/build
creating /home/y/SA_CAO/build/vw2motion/build/lib
creating /home/y/SA_CAO/build/vw2motion/build/lib/vw2motion
copying vw2motion/__init__.py -> /home/y/SA_CAO/build/vw2motion/build/lib/vw2motion
copying vw2motion/vw2motion.py -> /home/y/SA_CAO/build/vw2motion/build/lib/vw2motion
running install
running install_lib
creating /home/y/SA_CAO/install/vw2motion/lib/python3.8/site-packages/vw2motion
copying /home/y/SA_CAO/build/vw2motion/build/lib/vw2motion/__init__.py -> /home/y/SA_CAO/install/vw2motion/lib/python3.8/site-packages/vw2motion
copying /home/y/SA_CAO/build/vw2motion/build/lib/vw2motion/vw2motion.py -> /home/y/SA_CAO/install/vw2motion/lib/python3.8/site-packages/vw2motion
byte-compiling /home/y/SA_CAO/install/vw2motion/lib/python3.8/site-packages/vw2motion/__init__.py to __init__.cpython-38.pyc
byte-compiling /home/y/SA_CAO/install/vw2motion/lib/python3.8/site-packages/vw2motion/vw2motion.py to vw2motion.cpython-38.pyc
running install_data
creating /home/y/SA_CAO/install/vw2motion/share/ament_index
creating /home/y/SA_CAO/install/vw2motion/share/ament_index/resource_index
creating /home/y/SA_CAO/install/vw2motion/share/ament_index/resource_index/packages
copying resource/vw2motion -> /home/y/SA_CAO/install/vw2motion/share/ament_index/resource_index/packages
copying package.xml -> /home/y/SA_CAO/install/vw2motion/share/vw2motion
running install_egg_info
Copying ../../build/vw2motion/vw2motion.egg-info to /home/y/SA_CAO/install/vw2motion/lib/python3.8/site-packages/vw2motion-0.0.0-py3.8.egg-info
running install_scripts
Installing vw2motion script to /home/y/SA_CAO/install/vw2motion/lib/vw2motion
writing list of installed files to '/home/y/SA_CAO/build/vw2motion/install.log'
