[0.022s] Invoking command in '/home/y/SA_CAO/build/diablo_ctrl': CMAKE_PREFIX_PATH=/home/y/SA_CAO/install/diablo_body:/home/y/SA_CAO/install/diablo_utils:/home/y/SA_CAO/install/motion_msgs:/home/y/SA_CAO/install/ception_msgs:/home/y/SA_CAO/install/diablo_simpose_trans:/home/y/SA_CAO/install/diablo_ctrl:/home/y/SA_CAO/install/diablo_rviz2_control_plugin:/home/y/SA_CAO/install/my_xbox_joystick:/home/y/SA_CAO/install/diablo_teleop:/home/y/SA_CAO/install/diablo_simulation:/opt/ros/foxy:/home/y/oradar_ros/install/oradar_lidar LD_LIBRARY_PATH=/home/y/SA_CAO/install/diablo_body/lib:/home/y/SA_CAO/install/diablo_utils/lib:/home/y/SA_CAO/install/motion_msgs/lib:/home/y/SA_CAO/install/ception_msgs/lib:/home/y/SA_CAO/install/diablo_rviz2_control_plugin/lib:/usr/lib/x86_64-linux-gnu/gazebo-11/plugins:/opt/ros/foxy/opt/yaml_cpp_vendor/lib:/opt/ros/foxy/opt/rviz_ogre_vendor/lib:/opt/ros/foxy/lib/x86_64-linux-gnu:/opt/ros/foxy/lib PYTHONPATH=/home/y/SA_CAO/install/motion_msgs/lib/python3.8/site-packages:/home/y/SA_CAO/install/ception_msgs/lib/python3.8/site-packages:/home/y/SA_CAO/install/my_xbox_joystick/lib/python3.8/site-packages:/home/y/SA_CAO/install/diablo_teleop/lib/python3.8/site-packages:/home/y/SA_CAO/install/diablo_simulation/lib/python3.8/site-packages:/opt/ros/foxy/lib/python3.8/site-packages /usr/bin/cmake --build /home/y/SA_CAO/build/diablo_ctrl -- -j2 -l2
[0.077s] [35m[1mScanning dependencies of target diablo_ctrl_node[0m
[0.113s] [ 50%] [32mBuilding CXX object CMakeFiles/diablo_ctrl_node.dir/src/diablo_ctrl.cpp.o[0m
[4.100s] [100%] [32m[1mLinking CXX executable diablo_ctrl_node[0m
[4.322s] [100%] Built target diablo_ctrl_node
[4.333s] Invoked command in '/home/y/SA_CAO/build/diablo_ctrl' returned '0': CMAKE_PREFIX_PATH=/home/y/SA_CAO/install/diablo_body:/home/y/SA_CAO/install/diablo_utils:/home/y/SA_CAO/install/motion_msgs:/home/y/SA_CAO/install/ception_msgs:/home/y/SA_CAO/install/diablo_simpose_trans:/home/y/SA_CAO/install/diablo_ctrl:/home/y/SA_CAO/install/diablo_rviz2_control_plugin:/home/y/SA_CAO/install/my_xbox_joystick:/home/y/SA_CAO/install/diablo_teleop:/home/y/SA_CAO/install/diablo_simulation:/opt/ros/foxy:/home/y/oradar_ros/install/oradar_lidar LD_LIBRARY_PATH=/home/y/SA_CAO/install/diablo_body/lib:/home/y/SA_CAO/install/diablo_utils/lib:/home/y/SA_CAO/install/motion_msgs/lib:/home/y/SA_CAO/install/ception_msgs/lib:/home/y/SA_CAO/install/diablo_rviz2_control_plugin/lib:/usr/lib/x86_64-linux-gnu/gazebo-11/plugins:/opt/ros/foxy/opt/yaml_cpp_vendor/lib:/opt/ros/foxy/opt/rviz_ogre_vendor/lib:/opt/ros/foxy/lib/x86_64-linux-gnu:/opt/ros/foxy/lib PYTHONPATH=/home/y/SA_CAO/install/motion_msgs/lib/python3.8/site-packages:/home/y/SA_CAO/install/ception_msgs/lib/python3.8/site-packages:/home/y/SA_CAO/install/my_xbox_joystick/lib/python3.8/site-packages:/home/y/SA_CAO/install/diablo_teleop/lib/python3.8/site-packages:/home/y/SA_CAO/install/diablo_simulation/lib/python3.8/site-packages:/opt/ros/foxy/lib/python3.8/site-packages /usr/bin/cmake --build /home/y/SA_CAO/build/diablo_ctrl -- -j2 -l2
[4.334s] Invoking command in '/home/y/SA_CAO/build/diablo_ctrl': CMAKE_PREFIX_PATH=/home/y/SA_CAO/install/diablo_body:/home/y/SA_CAO/install/diablo_utils:/home/y/SA_CAO/install/motion_msgs:/home/y/SA_CAO/install/ception_msgs:/home/y/SA_CAO/install/diablo_simpose_trans:/home/y/SA_CAO/install/diablo_ctrl:/home/y/SA_CAO/install/diablo_rviz2_control_plugin:/home/y/SA_CAO/install/my_xbox_joystick:/home/y/SA_CAO/install/diablo_teleop:/home/y/SA_CAO/install/diablo_simulation:/opt/ros/foxy:/home/y/oradar_ros/install/oradar_lidar LD_LIBRARY_PATH=/home/y/SA_CAO/install/diablo_body/lib:/home/y/SA_CAO/install/diablo_utils/lib:/home/y/SA_CAO/install/motion_msgs/lib:/home/y/SA_CAO/install/ception_msgs/lib:/home/y/SA_CAO/install/diablo_rviz2_control_plugin/lib:/usr/lib/x86_64-linux-gnu/gazebo-11/plugins:/opt/ros/foxy/opt/yaml_cpp_vendor/lib:/opt/ros/foxy/opt/rviz_ogre_vendor/lib:/opt/ros/foxy/lib/x86_64-linux-gnu:/opt/ros/foxy/lib PYTHONPATH=/home/y/SA_CAO/install/motion_msgs/lib/python3.8/site-packages:/home/y/SA_CAO/install/ception_msgs/lib/python3.8/site-packages:/home/y/SA_CAO/install/my_xbox_joystick/lib/python3.8/site-packages:/home/y/SA_CAO/install/diablo_teleop/lib/python3.8/site-packages:/home/y/SA_CAO/install/diablo_simulation/lib/python3.8/site-packages:/opt/ros/foxy/lib/python3.8/site-packages /usr/bin/cmake --install /home/y/SA_CAO/build/diablo_ctrl
[4.340s] -- Install configuration: ""
[4.340s] -- Installing: /home/y/SA_CAO/install/diablo_ctrl/lib/diablo_ctrl/diablo_ctrl_node
[4.342s] -- Set runtime path of "/home/y/SA_CAO/install/diablo_ctrl/lib/diablo_ctrl/diablo_ctrl_node" to ""
[4.342s] -- Up-to-date: /home/y/SA_CAO/install/diablo_ctrl/include/diablo_ctrl
[4.342s] -- Installing: /home/y/SA_CAO/install/diablo_ctrl/include/diablo_ctrl/diablo_ctrl.hpp
[4.342s] -- Up-to-date: /home/y/SA_CAO/install/diablo_ctrl/share/ament_index/resource_index/package_run_dependencies/diablo_ctrl
[4.343s] -- Up-to-date: /home/y/SA_CAO/install/diablo_ctrl/share/ament_index/resource_index/parent_prefix_path/diablo_ctrl
[4.343s] -- Up-to-date: /home/y/SA_CAO/install/diablo_ctrl/share/diablo_ctrl/environment/ament_prefix_path.sh
[4.343s] -- Up-to-date: /home/y/SA_CAO/install/diablo_ctrl/share/diablo_ctrl/environment/ament_prefix_path.dsv
[4.343s] -- Up-to-date: /home/y/SA_CAO/install/diablo_ctrl/share/diablo_ctrl/environment/path.sh
[4.343s] -- Up-to-date: /home/y/SA_CAO/install/diablo_ctrl/share/diablo_ctrl/environment/path.dsv
[4.343s] -- Up-to-date: /home/y/SA_CAO/install/diablo_ctrl/share/diablo_ctrl/local_setup.bash
[4.343s] -- Up-to-date: /home/y/SA_CAO/install/diablo_ctrl/share/diablo_ctrl/local_setup.sh
[4.343s] -- Up-to-date: /home/y/SA_CAO/install/diablo_ctrl/share/diablo_ctrl/local_setup.zsh
[4.343s] -- Up-to-date: /home/y/SA_CAO/install/diablo_ctrl/share/diablo_ctrl/local_setup.dsv
[4.343s] -- Installing: /home/y/SA_CAO/install/diablo_ctrl/share/diablo_ctrl/package.dsv
[4.343s] -- Up-to-date: /home/y/SA_CAO/install/diablo_ctrl/share/ament_index/resource_index/packages/diablo_ctrl
[4.343s] -- Up-to-date: /home/y/SA_CAO/install/diablo_ctrl/share/diablo_ctrl/cmake/ament_cmake_export_include_directories-extras.cmake
[4.343s] -- Up-to-date: /home/y/SA_CAO/install/diablo_ctrl/share/diablo_ctrl/cmake/ament_cmake_export_dependencies-extras.cmake
[4.343s] -- Up-to-date: /home/y/SA_CAO/install/diablo_ctrl/share/diablo_ctrl/cmake/diablo_ctrlConfig.cmake
[4.343s] -- Up-to-date: /home/y/SA_CAO/install/diablo_ctrl/share/diablo_ctrl/cmake/diablo_ctrlConfig-version.cmake
[4.343s] -- Up-to-date: /home/y/SA_CAO/install/diablo_ctrl/share/diablo_ctrl/package.xml
[4.346s] Invoked command in '/home/y/SA_CAO/build/diablo_ctrl' returned '0': CMAKE_PREFIX_PATH=/home/y/SA_CAO/install/diablo_body:/home/y/SA_CAO/install/diablo_utils:/home/y/SA_CAO/install/motion_msgs:/home/y/SA_CAO/install/ception_msgs:/home/y/SA_CAO/install/diablo_simpose_trans:/home/y/SA_CAO/install/diablo_ctrl:/home/y/SA_CAO/install/diablo_rviz2_control_plugin:/home/y/SA_CAO/install/my_xbox_joystick:/home/y/SA_CAO/install/diablo_teleop:/home/y/SA_CAO/install/diablo_simulation:/opt/ros/foxy:/home/y/oradar_ros/install/oradar_lidar LD_LIBRARY_PATH=/home/y/SA_CAO/install/diablo_body/lib:/home/y/SA_CAO/install/diablo_utils/lib:/home/y/SA_CAO/install/motion_msgs/lib:/home/y/SA_CAO/install/ception_msgs/lib:/home/y/SA_CAO/install/diablo_rviz2_control_plugin/lib:/usr/lib/x86_64-linux-gnu/gazebo-11/plugins:/opt/ros/foxy/opt/yaml_cpp_vendor/lib:/opt/ros/foxy/opt/rviz_ogre_vendor/lib:/opt/ros/foxy/lib/x86_64-linux-gnu:/opt/ros/foxy/lib PYTHONPATH=/home/y/SA_CAO/install/motion_msgs/lib/python3.8/site-packages:/home/y/SA_CAO/install/ception_msgs/lib/python3.8/site-packages:/home/y/SA_CAO/install/my_xbox_joystick/lib/python3.8/site-packages:/home/y/SA_CAO/install/diablo_teleop/lib/python3.8/site-packages:/home/y/SA_CAO/install/diablo_simulation/lib/python3.8/site-packages:/opt/ros/foxy/lib/python3.8/site-packages /usr/bin/cmake --install /home/y/SA_CAO/build/diablo_ctrl
