[0.514s] Invoking command in '/home/y/SA_CAO/src/robot_launch': PYTHONPATH=/home/y/SA_CAO/build/robot_launch/prefix_override:/usr/lib/python3/dist-packages/colcon_core/task/python/colcon_distutils_commands:/home/y/SA_CAO/install/robot_launch/lib/python3.8/site-packages:${PYTHONPATH} /usr/bin/python3 -W ignore:setup.py install is deprecated -W ignore:easy_install command is deprecated setup.py egg_info --egg-base ../../build/robot_launch build --build-base /home/y/SA_CAO/build/robot_launch/build install --record /home/y/SA_CAO/build/robot_launch/install.log --install-scripts $base/lib/robot_launch --single-version-externally-managed install_data
[0.703s] running egg_info
[0.704s] writing ../../build/robot_launch/robot_launch.egg-info/PKG-INFO
[0.705s] writing dependency_links to ../../build/robot_launch/robot_launch.egg-info/dependency_links.txt
[0.705s] writing entry points to ../../build/robot_launch/robot_launch.egg-info/entry_points.txt
[0.705s] writing requirements to ../../build/robot_launch/robot_launch.egg-info/requires.txt
[0.706s] writing top-level names to ../../build/robot_launch/robot_launch.egg-info/top_level.txt
[0.732s] reading manifest file '../../build/robot_launch/robot_launch.egg-info/SOURCES.txt'
[0.733s] writing manifest file '../../build/robot_launch/robot_launch.egg-info/SOURCES.txt'
[0.733s] running build
[0.733s] running build_py
[0.733s] running install
[0.734s] running install_lib
[0.735s] running install_data
[0.735s] copying launch/launch_sub.py -> /home/y/SA_CAO/install/robot_launch/share/robot_launch/launch
[0.736s] running install_egg_info
[0.737s] removing '/home/y/SA_CAO/install/robot_launch/lib/python3.8/site-packages/robot_launch-0.0.0-py3.8.egg-info' (and everything under it)
[0.737s] Copying ../../build/robot_launch/robot_launch.egg-info to /home/y/SA_CAO/install/robot_launch/lib/python3.8/site-packages/robot_launch-0.0.0-py3.8.egg-info
[0.738s] running install_scripts
[0.750s] writing list of installed files to '/home/y/SA_CAO/build/robot_launch/install.log'
[0.769s] Invoked command in '/home/y/SA_CAO/src/robot_launch' returned '0': PYTHONPATH=/home/y/SA_CAO/build/robot_launch/prefix_override:/usr/lib/python3/dist-packages/colcon_core/task/python/colcon_distutils_commands:/home/y/SA_CAO/install/robot_launch/lib/python3.8/site-packages:${PYTHONPATH} /usr/bin/python3 -W ignore:setup.py install is deprecated -W ignore:easy_install command is deprecated setup.py egg_info --egg-base ../../build/robot_launch build --build-base /home/y/SA_CAO/build/robot_launch/build install --record /home/y/SA_CAO/build/robot_launch/install.log --install-scripts $base/lib/robot_launch --single-version-externally-managed install_data
