[0.021s] Invoking command in '/home/y/SA_CAO/build/motion_msgs': CMAKE_PREFIX_PATH=/opt/ros/foxy:${CMAKE_PREFIX_PATH} /usr/bin/cmake /home/y/SA_CAO/src/diablo_ros2/diablo_interfaces/motion_msgs -DCMAKE_INSTALL_PREFIX=/home/y/SA_CAO/install/motion_msgs
[0.324s] -- The C compiler identification is GNU 9.4.0
[0.524s] -- The CXX compiler identification is GNU 9.4.0
[0.537s] -- Check for working C compiler: /usr/bin/cc
[0.607s] -- Check for working C compiler: /usr/bin/cc -- works
[0.608s] -- Detecting C compiler ABI info
[0.665s] -- Detecting C compiler ABI info - done
[0.674s] -- Detecting C compile features
[0.675s] -- Detecting C compile features - done
[0.679s] -- Check for working CXX compiler: /usr/bin/c++
[0.748s] -- Check for working CXX compiler: /usr/bin/c++ -- works
[0.749s] -- Detecting CXX compiler ABI info
[0.820s] -- Detecting CXX compiler ABI info - done
[0.829s] -- Detecting CXX compile features
[0.829s] -- Detecting CXX compile features - done
[0.841s] -- Found ament_cmake: 0.9.12 (/opt/ros/foxy/share/ament_cmake/cmake)
[0.870s] -- Found PythonInterp: /usr/bin/python3 (found suitable version "3.8.10", minimum required is "3") 
[0.870s] -- Using PYTHON_EXECUTABLE: /usr/bin/python3
[1.058s] -- Found rosidl_default_generators: 1.0.1 (/opt/ros/foxy/share/rosidl_default_generators/cmake)
[1.066s] -- Using all available rosidl_typesupport_c: rosidl_typesupport_fastrtps_c;rosidl_typesupport_introspection_c
[1.079s] -- Found rosidl_adapter: 1.3.1 (/opt/ros/foxy/share/rosidl_adapter/cmake)
[1.208s] -- Found OpenSSL: /usr/lib/x86_64-linux-gnu/libcrypto.so (found version "1.1.1f")  
[1.233s] -- Found FastRTPS: /opt/ros/foxy/include  
[1.328s] -- Using all available rosidl_typesupport_cpp: rosidl_typesupport_fastrtps_cpp;rosidl_typesupport_introspection_cpp
[1.366s] -- Found std_msgs: 2.0.5 (/opt/ros/foxy/share/std_msgs/cmake)
[1.431s] -- Found PythonInterp: /usr/bin/python3 (found version "3.8.10") 
[1.580s] -- Found ament_cmake_ros: 0.9.2 (/opt/ros/foxy/share/ament_cmake_ros/cmake)
[1.739s] -- Using all available rosidl_typesupport_c: rosidl_typesupport_fastrtps_c;rosidl_typesupport_introspection_c
[1.797s] -- Using all available rosidl_typesupport_cpp: rosidl_typesupport_fastrtps_cpp;rosidl_typesupport_introspection_cpp
[1.818s] -- Found PythonInterp: /usr/bin/python3 (found suitable version "3.8.10", minimum required is "3.5") 
[1.819s] -- Found python_cmake_module: 0.8.1 (/opt/ros/foxy/share/python_cmake_module/cmake)
[1.845s] -- Found PythonLibs: /usr/lib/x86_64-linux-gnu/libpython3.8.so (found suitable version "3.8.10", minimum required is "3.5") 
[1.845s] -- Using PYTHON_EXECUTABLE: /usr/bin/python3
[1.845s] -- Using PYTHON_INCLUDE_DIRS: /usr/include/python3.8
[1.845s] -- Using PYTHON_LIBRARIES: /usr/lib/x86_64-linux-gnu/libpython3.8.so
[1.861s] -- Found PythonExtra: .so  
[1.930s] -- Configuring done
[1.985s] -- Generating done
[2.000s] -- Build files have been written to: /home/y/SA_CAO/build/motion_msgs
[2.012s] Invoked command in '/home/y/SA_CAO/build/motion_msgs' returned '0': CMAKE_PREFIX_PATH=/opt/ros/foxy:${CMAKE_PREFIX_PATH} /usr/bin/cmake /home/y/SA_CAO/src/diablo_ros2/diablo_interfaces/motion_msgs -DCMAKE_INSTALL_PREFIX=/home/y/SA_CAO/install/motion_msgs
[2.014s] Invoking command in '/home/y/SA_CAO/build/motion_msgs': CMAKE_PREFIX_PATH=/opt/ros/foxy:${CMAKE_PREFIX_PATH} /usr/bin/cmake --build /home/y/SA_CAO/build/motion_msgs -- -j2 -l2
[2.061s] [35m[1mScanning dependencies of target motion_msgs__cpp[0m
[2.073s] [  1%] [34m[1mGenerating C code for ROS interfaces[0m
[2.090s] [  2%] [34m[1mGenerating C++ code for ROS interfaces[0m
[3.226s] [  2%] Built target motion_msgs__cpp
[3.270s] [  4%] [34m[1mGenerating C++ type support dispatch for ROS interfaces[0m
[3.372s] [35m[1mScanning dependencies of target motion_msgs__rosidl_generator_c[0m
[3.402s] [  5%] [32mBuilding C object CMakeFiles/motion_msgs__rosidl_generator_c.dir/rosidl_generator_c/motion_msgs/msg/detail/ctrl_plot__functions.c.o[0m
[3.509s] [  7%] [32mBuilding C object CMakeFiles/motion_msgs__rosidl_generator_c.dir/rosidl_generator_c/motion_msgs/msg/detail/leg_motors__functions.c.o[0m
[3.629s] [  8%] [32mBuilding C object CMakeFiles/motion_msgs__rosidl_generator_c.dir/rosidl_generator_c/motion_msgs/msg/detail/motion_ctrl__functions.c.o[0m
[3.720s] [  9%] [32mBuilding C object CMakeFiles/motion_msgs__rosidl_generator_c.dir/rosidl_generator_c/motion_msgs/msg/detail/robot_status__functions.c.o[0m
[3.809s] [35m[1mScanning dependencies of target motion_msgs__rosidl_typesupport_cpp[0m
[3.837s] [ 11%] [32mBuilding C object CMakeFiles/motion_msgs__rosidl_generator_c.dir/rosidl_generator_c/motion_msgs/msg/detail/movement_ctrl_data__functions.c.o[0m
[3.844s] [ 12%] [32mBuilding CXX object CMakeFiles/motion_msgs__rosidl_typesupport_cpp.dir/rosidl_typesupport_cpp/motion_msgs/msg/ctrl_plot__type_support.cpp.o[0m
[3.939s] [ 14%] [32mBuilding C object CMakeFiles/motion_msgs__rosidl_generator_c.dir/rosidl_generator_c/motion_msgs/msg/detail/movement_ctrl_mode__functions.c.o[0m
[4.031s] [ 15%] [32m[1mLinking C shared library libmotion_msgs__rosidl_generator_c.so[0m
[4.123s] [ 15%] Built target motion_msgs__rosidl_generator_c
[4.170s] [ 16%] [34m[1mGenerating C++ type support for eProsima Fast-RTPS[0m
[4.210s] [ 18%] [32mBuilding CXX object CMakeFiles/motion_msgs__rosidl_typesupport_cpp.dir/rosidl_typesupport_cpp/motion_msgs/msg/leg_motors__type_support.cpp.o[0m
[4.612s] [ 19%] [32mBuilding CXX object CMakeFiles/motion_msgs__rosidl_typesupport_cpp.dir/rosidl_typesupport_cpp/motion_msgs/msg/motion_ctrl__type_support.cpp.o[0m
[4.793s] [35m[1mScanning dependencies of target motion_msgs__rosidl_typesupport_fastrtps_cpp[0m
[4.850s] [ 21%] [32mBuilding CXX object CMakeFiles/motion_msgs__rosidl_typesupport_fastrtps_cpp.dir/rosidl_typesupport_fastrtps_cpp/motion_msgs/msg/detail/dds_fastrtps/ctrl_plot__type_support.cpp.o[0m
[4.905s] [ 22%] [32mBuilding CXX object CMakeFiles/motion_msgs__rosidl_typesupport_cpp.dir/rosidl_typesupport_cpp/motion_msgs/msg/robot_status__type_support.cpp.o[0m
[5.197s] [ 23%] [32mBuilding CXX object CMakeFiles/motion_msgs__rosidl_typesupport_cpp.dir/rosidl_typesupport_cpp/motion_msgs/msg/movement_ctrl_data__type_support.cpp.o[0m
[5.353s] [ 25%] [32mBuilding CXX object CMakeFiles/motion_msgs__rosidl_typesupport_fastrtps_cpp.dir/rosidl_typesupport_fastrtps_cpp/motion_msgs/msg/detail/dds_fastrtps/leg_motors__type_support.cpp.o[0m
[5.558s] [ 26%] [32mBuilding CXX object CMakeFiles/motion_msgs__rosidl_typesupport_cpp.dir/rosidl_typesupport_cpp/motion_msgs/msg/movement_ctrl_mode__type_support.cpp.o[0m
[5.946s] [ 28%] [32mBuilding CXX object CMakeFiles/motion_msgs__rosidl_typesupport_fastrtps_cpp.dir/rosidl_typesupport_fastrtps_cpp/motion_msgs/msg/detail/dds_fastrtps/motion_ctrl__type_support.cpp.o[0m
[6.020s] [ 29%] [32m[1mLinking CXX shared library libmotion_msgs__rosidl_typesupport_cpp.so[0m
[6.072s] [ 29%] Built target motion_msgs__rosidl_typesupport_cpp
[6.110s] [ 30%] [34m[1mGenerating C introspection for ROS interfaces[0m
[6.385s] [ 32%] [32mBuilding CXX object CMakeFiles/motion_msgs__rosidl_typesupport_fastrtps_cpp.dir/rosidl_typesupport_fastrtps_cpp/motion_msgs/msg/detail/dds_fastrtps/robot_status__type_support.cpp.o[0m
[6.729s] [35m[1mScanning dependencies of target motion_msgs__rosidl_typesupport_introspection_c[0m
[6.744s] [ 33%] [32mBuilding C object CMakeFiles/motion_msgs__rosidl_typesupport_introspection_c.dir/rosidl_typesupport_introspection_c/motion_msgs/msg/detail/ctrl_plot__type_support.c.o[0m
[6.754s] [ 35%] [32mBuilding CXX object CMakeFiles/motion_msgs__rosidl_typesupport_fastrtps_cpp.dir/rosidl_typesupport_fastrtps_cpp/motion_msgs/msg/detail/dds_fastrtps/movement_ctrl_data__type_support.cpp.o[0m
[6.774s] [ 36%] [32mBuilding C object CMakeFiles/motion_msgs__rosidl_typesupport_introspection_c.dir/rosidl_typesupport_introspection_c/motion_msgs/msg/detail/leg_motors__type_support.c.o[0m
[6.804s] [ 38%] [32mBuilding C object CMakeFiles/motion_msgs__rosidl_typesupport_introspection_c.dir/rosidl_typesupport_introspection_c/motion_msgs/msg/detail/motion_ctrl__type_support.c.o[0m
[6.831s] [ 39%] [32mBuilding C object CMakeFiles/motion_msgs__rosidl_typesupport_introspection_c.dir/rosidl_typesupport_introspection_c/motion_msgs/msg/detail/robot_status__type_support.c.o[0m
[6.860s] [ 40%] [32mBuilding C object CMakeFiles/motion_msgs__rosidl_typesupport_introspection_c.dir/rosidl_typesupport_introspection_c/motion_msgs/msg/detail/movement_ctrl_data__type_support.c.o[0m
[6.890s] [ 42%] [32mBuilding C object CMakeFiles/motion_msgs__rosidl_typesupport_introspection_c.dir/rosidl_typesupport_introspection_c/motion_msgs/msg/detail/movement_ctrl_mode__type_support.c.o[0m
[6.958s] [ 43%] [32m[1mLinking C shared library libmotion_msgs__rosidl_typesupport_introspection_c.so[0m
[7.030s] [ 43%] Built target motion_msgs__rosidl_typesupport_introspection_c
[7.039s] [ 45%] [34m[1mGenerating C type support dispatch for ROS interfaces[0m
[7.311s] [ 46%] [32mBuilding CXX object CMakeFiles/motion_msgs__rosidl_typesupport_fastrtps_cpp.dir/rosidl_typesupport_fastrtps_cpp/motion_msgs/msg/detail/dds_fastrtps/movement_ctrl_mode__type_support.cpp.o[0m
[7.384s] [35m[1mScanning dependencies of target motion_msgs__rosidl_typesupport_c[0m
[7.411s] [ 47%] [32mBuilding CXX object CMakeFiles/motion_msgs__rosidl_typesupport_c.dir/rosidl_typesupport_c/motion_msgs/msg/ctrl_plot__type_support.cpp.o[0m
[7.457s] [ 49%] [32mBuilding CXX object CMakeFiles/motion_msgs__rosidl_typesupport_c.dir/rosidl_typesupport_c/motion_msgs/msg/leg_motors__type_support.cpp.o[0m
[7.513s] [ 50%] [32mBuilding CXX object CMakeFiles/motion_msgs__rosidl_typesupport_c.dir/rosidl_typesupport_c/motion_msgs/msg/motion_ctrl__type_support.cpp.o[0m
[7.608s] [ 52%] [32mBuilding CXX object CMakeFiles/motion_msgs__rosidl_typesupport_c.dir/rosidl_typesupport_c/motion_msgs/msg/robot_status__type_support.cpp.o[0m
[7.660s] [ 53%] [32mBuilding CXX object CMakeFiles/motion_msgs__rosidl_typesupport_c.dir/rosidl_typesupport_c/motion_msgs/msg/movement_ctrl_data__type_support.cpp.o[0m
[7.720s] [ 54%] [32mBuilding CXX object CMakeFiles/motion_msgs__rosidl_typesupport_c.dir/rosidl_typesupport_c/motion_msgs/msg/movement_ctrl_mode__type_support.cpp.o[0m
[7.804s] [ 56%] [32m[1mLinking CXX shared library libmotion_msgs__rosidl_typesupport_c.so[0m
[7.822s] [ 57%] [32m[1mLinking CXX shared library libmotion_msgs__rosidl_typesupport_fastrtps_cpp.so[0m
[7.846s] [ 57%] Built target motion_msgs__rosidl_typesupport_c
[7.888s] [ 59%] [34m[1mGenerating C++ introspection for ROS interfaces[0m
[7.947s] [ 59%] Built target motion_msgs__rosidl_typesupport_fastrtps_cpp
[7.984s] [ 60%] [34m[1mGenerating C type support for eProsima Fast-RTPS[0m
[8.542s] [35m[1mScanning dependencies of target motion_msgs__rosidl_typesupport_introspection_cpp[0m
[8.551s] [35m[1mScanning dependencies of target motion_msgs__rosidl_typesupport_fastrtps_c[0m
[8.570s] [ 61%] [32mBuilding CXX object CMakeFiles/motion_msgs__rosidl_typesupport_fastrtps_c.dir/rosidl_typesupport_fastrtps_c/motion_msgs/msg/detail/ctrl_plot__type_support_c.cpp.o[0m
[8.583s] [ 63%] [32mBuilding CXX object CMakeFiles/motion_msgs__rosidl_typesupport_introspection_cpp.dir/rosidl_typesupport_introspection_cpp/motion_msgs/msg/detail/ctrl_plot__type_support.cpp.o[0m
[9.025s] [ 64%] [32mBuilding CXX object CMakeFiles/motion_msgs__rosidl_typesupport_fastrtps_c.dir/rosidl_typesupport_fastrtps_c/motion_msgs/msg/detail/leg_motors__type_support_c.cpp.o[0m
[9.052s] [ 66%] [32mBuilding CXX object CMakeFiles/motion_msgs__rosidl_typesupport_introspection_cpp.dir/rosidl_typesupport_introspection_cpp/motion_msgs/msg/detail/leg_motors__type_support.cpp.o[0m
[9.434s] [ 67%] [32mBuilding CXX object CMakeFiles/motion_msgs__rosidl_typesupport_introspection_cpp.dir/rosidl_typesupport_introspection_cpp/motion_msgs/msg/detail/motion_ctrl__type_support.cpp.o[0m
[9.554s] [ 69%] [32mBuilding CXX object CMakeFiles/motion_msgs__rosidl_typesupport_fastrtps_c.dir/rosidl_typesupport_fastrtps_c/motion_msgs/msg/detail/motion_ctrl__type_support_c.cpp.o[0m
[9.740s] [ 70%] [32mBuilding CXX object CMakeFiles/motion_msgs__rosidl_typesupport_introspection_cpp.dir/rosidl_typesupport_introspection_cpp/motion_msgs/msg/detail/robot_status__type_support.cpp.o[0m
[10.033s] [ 73%] [32mBuilding CXX object CMakeFiles/motion_msgs__rosidl_typesupport_fastrtps_c.dir/rosidl_typesupport_fastrtps_c/motion_msgs/msg/detail/robot_status__type_support_c.cpp.o[0m
[10.033s] [ 73%] [32mBuilding CXX object CMakeFiles/motion_msgs__rosidl_typesupport_introspection_cpp.dir/rosidl_typesupport_introspection_cpp/motion_msgs/msg/detail/movement_ctrl_data__type_support.cpp.o[0m
[10.254s] [ 74%] [32mBuilding CXX object CMakeFiles/motion_msgs__rosidl_typesupport_introspection_cpp.dir/rosidl_typesupport_introspection_cpp/motion_msgs/msg/detail/movement_ctrl_mode__type_support.cpp.o[0m
[10.322s] [ 76%] [32mBuilding CXX object CMakeFiles/motion_msgs__rosidl_typesupport_fastrtps_c.dir/rosidl_typesupport_fastrtps_c/motion_msgs/msg/detail/movement_ctrl_data__type_support_c.cpp.o[0m
[10.474s] [ 77%] [32m[1mLinking CXX shared library libmotion_msgs__rosidl_typesupport_introspection_cpp.so[0m
[10.523s] [ 77%] Built target motion_msgs__rosidl_typesupport_introspection_cpp
[10.534s] [ 78%] [32mBuilding CXX object CMakeFiles/motion_msgs__rosidl_typesupport_fastrtps_c.dir/rosidl_typesupport_fastrtps_c/motion_msgs/msg/detail/movement_ctrl_mode__type_support_c.cpp.o[0m
[10.805s] [ 80%] [32m[1mLinking CXX shared library libmotion_msgs__rosidl_typesupport_fastrtps_c.so[0m
[10.870s] [ 80%] Built target motion_msgs__rosidl_typesupport_fastrtps_c
[10.880s] [35m[1mScanning dependencies of target motion_msgs[0m
[10.888s] [ 80%] Built target motion_msgs
[10.898s] [35m[1mScanning dependencies of target motion_msgs__py[0m
[10.907s] [ 81%] [34m[1mGenerating Python code for ROS interfaces[0m
[11.616s] [ 81%] Built target motion_msgs__py
[11.625s] [35m[1mScanning dependencies of target motion_msgs__python[0m
[11.649s] [ 84%] [32mBuilding C object CMakeFiles/motion_msgs__python.dir/rosidl_generator_py/motion_msgs/msg/_ctrl_plot_s.c.o[0m
[11.650s] [ 84%] [32mBuilding C object CMakeFiles/motion_msgs__python.dir/rosidl_generator_py/motion_msgs/msg/_leg_motors_s.c.o[0m
[11.726s] [ 85%] [32mBuilding C object CMakeFiles/motion_msgs__python.dir/rosidl_generator_py/motion_msgs/msg/_motion_ctrl_s.c.o[0m
[11.742s] [ 87%] [32mBuilding C object CMakeFiles/motion_msgs__python.dir/rosidl_generator_py/motion_msgs/msg/_robot_status_s.c.o[0m
[11.803s] [ 88%] [32mBuilding C object CMakeFiles/motion_msgs__python.dir/rosidl_generator_py/motion_msgs/msg/_movement_ctrl_data_s.c.o[0m
[11.822s] [ 90%] [32mBuilding C object CMakeFiles/motion_msgs__python.dir/rosidl_generator_py/motion_msgs/msg/_movement_ctrl_mode_s.c.o[0m
[11.897s] [ 91%] [32m[1mLinking C shared library rosidl_generator_py/motion_msgs/libmotion_msgs__python.so[0m
[11.934s] [ 91%] Built target motion_msgs__python
[11.943s] [35m[1mScanning dependencies of target motion_msgs__rosidl_typesupport_introspection_c__pyext[0m
[11.943s] [35m[1mScanning dependencies of target motion_msgs__rosidl_typesupport_c__pyext[0m
[11.962s] [ 94%] [32mBuilding C object CMakeFiles/motion_msgs__rosidl_typesupport_c__pyext.dir/rosidl_generator_py/motion_msgs/_motion_msgs_s.ep.rosidl_typesupport_c.c.o[0m
[11.963s] [ 94%] [32mBuilding C object CMakeFiles/motion_msgs__rosidl_typesupport_introspection_c__pyext.dir/rosidl_generator_py/motion_msgs/_motion_msgs_s.ep.rosidl_typesupport_introspection_c.c.o[0m
[12.039s] [ 95%] [32m[1mLinking C shared library rosidl_generator_py/motion_msgs/motion_msgs_s__rosidl_typesupport_introspection_c.cpython-38-x86_64-linux-gnu.so[0m
[12.040s] [ 97%] [32m[1mLinking C shared library rosidl_generator_py/motion_msgs/motion_msgs_s__rosidl_typesupport_c.cpython-38-x86_64-linux-gnu.so[0m
[12.071s] [ 97%] Built target motion_msgs__rosidl_typesupport_c__pyext
[12.071s] [ 97%] Built target motion_msgs__rosidl_typesupport_introspection_c__pyext
[12.080s] [35m[1mScanning dependencies of target motion_msgs__rosidl_typesupport_fastrtps_c__pyext[0m
[12.097s] [ 98%] [32mBuilding C object CMakeFiles/motion_msgs__rosidl_typesupport_fastrtps_c__pyext.dir/rosidl_generator_py/motion_msgs/_motion_msgs_s.ep.rosidl_typesupport_fastrtps_c.c.o[0m
[12.177s] [100%] [32m[1mLinking CXX shared library rosidl_generator_py/motion_msgs/motion_msgs_s__rosidl_typesupport_fastrtps_c.cpython-38-x86_64-linux-gnu.so[0m
[12.229s] [100%] Built target motion_msgs__rosidl_typesupport_fastrtps_c__pyext
[12.240s] Invoked command in '/home/y/SA_CAO/build/motion_msgs' returned '0': CMAKE_PREFIX_PATH=/opt/ros/foxy:${CMAKE_PREFIX_PATH} /usr/bin/cmake --build /home/y/SA_CAO/build/motion_msgs -- -j2 -l2
[12.241s] Invoking command in '/home/y/SA_CAO/build/motion_msgs': CMAKE_PREFIX_PATH=/opt/ros/foxy:${CMAKE_PREFIX_PATH} /usr/bin/cmake --install /home/y/SA_CAO/build/motion_msgs
[12.248s] -- Install configuration: ""
[12.249s] -- Installing: /home/y/SA_CAO/install/motion_msgs/share/ament_index/resource_index/rosidl_interfaces/motion_msgs
[12.249s] -- Installing: /home/y/SA_CAO/install/motion_msgs/include/motion_msgs
[12.249s] -- Installing: /home/y/SA_CAO/install/motion_msgs/include/motion_msgs/msg
[12.249s] -- Installing: /home/y/SA_CAO/install/motion_msgs/include/motion_msgs/msg/movement_ctrl_mode.h
[12.249s] -- Installing: /home/y/SA_CAO/install/motion_msgs/include/motion_msgs/msg/rosidl_generator_c__visibility_control.h
[12.249s] -- Installing: /home/y/SA_CAO/install/motion_msgs/include/motion_msgs/msg/robot_status.h
[12.250s] -- Installing: /home/y/SA_CAO/install/motion_msgs/include/motion_msgs/msg/leg_motors.h
[12.250s] -- Installing: /home/y/SA_CAO/install/motion_msgs/include/motion_msgs/msg/ctrl_plot.h
[12.250s] -- Installing: /home/y/SA_CAO/install/motion_msgs/include/motion_msgs/msg/motion_ctrl.h
[12.250s] -- Installing: /home/y/SA_CAO/install/motion_msgs/include/motion_msgs/msg/movement_ctrl_data.h
[12.250s] -- Installing: /home/y/SA_CAO/install/motion_msgs/include/motion_msgs/msg/detail
[12.250s] -- Installing: /home/y/SA_CAO/install/motion_msgs/include/motion_msgs/msg/detail/robot_status__type_support.h
[12.251s] -- Installing: /home/y/SA_CAO/install/motion_msgs/include/motion_msgs/msg/detail/movement_ctrl_data__functions.h
[12.251s] -- Installing: /home/y/SA_CAO/install/motion_msgs/include/motion_msgs/msg/detail/movement_ctrl_mode__type_support.h
[12.251s] -- Installing: /home/y/SA_CAO/install/motion_msgs/include/motion_msgs/msg/detail/motion_ctrl__functions.c
[12.251s] -- Installing: /home/y/SA_CAO/install/motion_msgs/include/motion_msgs/msg/detail/movement_ctrl_data__functions.c
[12.251s] -- Installing: /home/y/SA_CAO/install/motion_msgs/include/motion_msgs/msg/detail/ctrl_plot__type_support.h
[12.251s] -- Installing: /home/y/SA_CAO/install/motion_msgs/include/motion_msgs/msg/detail/leg_motors__struct.h
[12.252s] -- Installing: /home/y/SA_CAO/install/motion_msgs/include/motion_msgs/msg/detail/movement_ctrl_data__struct.h
[12.252s] -- Installing: /home/y/SA_CAO/install/motion_msgs/include/motion_msgs/msg/detail/movement_ctrl_mode__struct.h
[12.252s] -- Installing: /home/y/SA_CAO/install/motion_msgs/include/motion_msgs/msg/detail/ctrl_plot__functions.h
[12.252s] -- Installing: /home/y/SA_CAO/install/motion_msgs/include/motion_msgs/msg/detail/leg_motors__type_support.h
[12.252s] -- Installing: /home/y/SA_CAO/install/motion_msgs/include/motion_msgs/msg/detail/motion_ctrl__functions.h
[12.252s] -- Installing: /home/y/SA_CAO/install/motion_msgs/include/motion_msgs/msg/detail/motion_ctrl__type_support.h
[12.252s] -- Installing: /home/y/SA_CAO/install/motion_msgs/include/motion_msgs/msg/detail/leg_motors__functions.h
[12.253s] -- Installing: /home/y/SA_CAO/install/motion_msgs/include/motion_msgs/msg/detail/robot_status__struct.h
[12.253s] -- Installing: /home/y/SA_CAO/install/motion_msgs/include/motion_msgs/msg/detail/movement_ctrl_mode__functions.c
[12.253s] -- Installing: /home/y/SA_CAO/install/motion_msgs/include/motion_msgs/msg/detail/robot_status__functions.h
[12.253s] -- Installing: /home/y/SA_CAO/install/motion_msgs/include/motion_msgs/msg/detail/movement_ctrl_mode__functions.h
[12.253s] -- Installing: /home/y/SA_CAO/install/motion_msgs/include/motion_msgs/msg/detail/leg_motors__functions.c
[12.253s] -- Installing: /home/y/SA_CAO/install/motion_msgs/include/motion_msgs/msg/detail/robot_status__functions.c
[12.253s] -- Installing: /home/y/SA_CAO/install/motion_msgs/include/motion_msgs/msg/detail/motion_ctrl__struct.h
[12.253s] -- Installing: /home/y/SA_CAO/install/motion_msgs/include/motion_msgs/msg/detail/ctrl_plot__struct.h
[12.253s] -- Installing: /home/y/SA_CAO/install/motion_msgs/include/motion_msgs/msg/detail/movement_ctrl_data__type_support.h
[12.254s] -- Installing: /home/y/SA_CAO/install/motion_msgs/include/motion_msgs/msg/detail/ctrl_plot__functions.c
[12.254s] -- Installing: /home/y/SA_CAO/install/motion_msgs/share/motion_msgs/environment/library_path.sh
[12.254s] -- Installing: /home/y/SA_CAO/install/motion_msgs/share/motion_msgs/environment/library_path.dsv
[12.254s] -- Installing: /home/y/SA_CAO/install/motion_msgs/lib/libmotion_msgs__rosidl_generator_c.so
[12.254s] -- Set runtime path of "/home/y/SA_CAO/install/motion_msgs/lib/libmotion_msgs__rosidl_generator_c.so" to ""
[12.254s] -- Up-to-date: /home/y/SA_CAO/install/motion_msgs/include/motion_msgs
[12.254s] -- Up-to-date: /home/y/SA_CAO/install/motion_msgs/include/motion_msgs/msg
[12.254s] -- Up-to-date: /home/y/SA_CAO/install/motion_msgs/include/motion_msgs/msg/detail
[12.254s] -- Installing: /home/y/SA_CAO/install/motion_msgs/include/motion_msgs/msg/detail/motion_ctrl__rosidl_typesupport_fastrtps_c.h
[12.254s] -- Installing: /home/y/SA_CAO/install/motion_msgs/include/motion_msgs/msg/detail/leg_motors__rosidl_typesupport_fastrtps_c.h
[12.254s] -- Installing: /home/y/SA_CAO/install/motion_msgs/include/motion_msgs/msg/detail/movement_ctrl_mode__rosidl_typesupport_fastrtps_c.h
[12.255s] -- Installing: /home/y/SA_CAO/install/motion_msgs/include/motion_msgs/msg/detail/robot_status__rosidl_typesupport_fastrtps_c.h
[12.255s] -- Installing: /home/y/SA_CAO/install/motion_msgs/include/motion_msgs/msg/detail/movement_ctrl_data__rosidl_typesupport_fastrtps_c.h
[12.255s] -- Installing: /home/y/SA_CAO/install/motion_msgs/include/motion_msgs/msg/detail/ctrl_plot__rosidl_typesupport_fastrtps_c.h
[12.255s] -- Installing: /home/y/SA_CAO/install/motion_msgs/include/motion_msgs/msg/rosidl_typesupport_fastrtps_c__visibility_control.h
[12.255s] -- Installing: /home/y/SA_CAO/install/motion_msgs/lib/libmotion_msgs__rosidl_typesupport_fastrtps_c.so
[12.255s] -- Set runtime path of "/home/y/SA_CAO/install/motion_msgs/lib/libmotion_msgs__rosidl_typesupport_fastrtps_c.so" to ""
[12.255s] -- Up-to-date: /home/y/SA_CAO/install/motion_msgs/include/motion_msgs
[12.256s] -- Up-to-date: /home/y/SA_CAO/install/motion_msgs/include/motion_msgs/msg
[12.256s] -- Installing: /home/y/SA_CAO/install/motion_msgs/include/motion_msgs/msg/rosidl_typesupport_fastrtps_cpp__visibility_control.h
[12.256s] -- Up-to-date: /home/y/SA_CAO/install/motion_msgs/include/motion_msgs/msg/detail
[12.256s] -- Installing: /home/y/SA_CAO/install/motion_msgs/include/motion_msgs/msg/detail/movement_ctrl_data__rosidl_typesupport_fastrtps_cpp.hpp
[12.256s] -- Installing: /home/y/SA_CAO/install/motion_msgs/include/motion_msgs/msg/detail/leg_motors__rosidl_typesupport_fastrtps_cpp.hpp
[12.256s] -- Installing: /home/y/SA_CAO/install/motion_msgs/include/motion_msgs/msg/detail/dds_fastrtps
[12.256s] -- Installing: /home/y/SA_CAO/install/motion_msgs/include/motion_msgs/msg/detail/ctrl_plot__rosidl_typesupport_fastrtps_cpp.hpp
[12.256s] -- Installing: /home/y/SA_CAO/install/motion_msgs/include/motion_msgs/msg/detail/motion_ctrl__rosidl_typesupport_fastrtps_cpp.hpp
[12.256s] -- Installing: /home/y/SA_CAO/install/motion_msgs/include/motion_msgs/msg/detail/robot_status__rosidl_typesupport_fastrtps_cpp.hpp
[12.256s] -- Installing: /home/y/SA_CAO/install/motion_msgs/include/motion_msgs/msg/detail/movement_ctrl_mode__rosidl_typesupport_fastrtps_cpp.hpp
[12.256s] -- Installing: /home/y/SA_CAO/install/motion_msgs/lib/libmotion_msgs__rosidl_typesupport_fastrtps_cpp.so
[12.257s] -- Set runtime path of "/home/y/SA_CAO/install/motion_msgs/lib/libmotion_msgs__rosidl_typesupport_fastrtps_cpp.so" to ""
[12.257s] -- Up-to-date: /home/y/SA_CAO/install/motion_msgs/include/motion_msgs
[12.257s] -- Up-to-date: /home/y/SA_CAO/install/motion_msgs/include/motion_msgs/msg
[12.257s] -- Installing: /home/y/SA_CAO/install/motion_msgs/include/motion_msgs/msg/rosidl_typesupport_introspection_c__visibility_control.h
[12.257s] -- Up-to-date: /home/y/SA_CAO/install/motion_msgs/include/motion_msgs/msg/detail
[12.257s] -- Installing: /home/y/SA_CAO/install/motion_msgs/include/motion_msgs/msg/detail/ctrl_plot__type_support.c
[12.258s] -- Installing: /home/y/SA_CAO/install/motion_msgs/include/motion_msgs/msg/detail/robot_status__rosidl_typesupport_introspection_c.h
[12.258s] -- Installing: /home/y/SA_CAO/install/motion_msgs/include/motion_msgs/msg/detail/movement_ctrl_mode__rosidl_typesupport_introspection_c.h
[12.258s] -- Installing: /home/y/SA_CAO/install/motion_msgs/include/motion_msgs/msg/detail/movement_ctrl_data__rosidl_typesupport_introspection_c.h
[12.258s] -- Installing: /home/y/SA_CAO/install/motion_msgs/include/motion_msgs/msg/detail/robot_status__type_support.c
[12.258s] -- Installing: /home/y/SA_CAO/install/motion_msgs/include/motion_msgs/msg/detail/movement_ctrl_mode__type_support.c
[12.258s] -- Installing: /home/y/SA_CAO/install/motion_msgs/include/motion_msgs/msg/detail/motion_ctrl__rosidl_typesupport_introspection_c.h
[12.258s] -- Installing: /home/y/SA_CAO/install/motion_msgs/include/motion_msgs/msg/detail/movement_ctrl_data__type_support.c
[12.258s] -- Installing: /home/y/SA_CAO/install/motion_msgs/include/motion_msgs/msg/detail/leg_motors__type_support.c
[12.258s] -- Installing: /home/y/SA_CAO/install/motion_msgs/include/motion_msgs/msg/detail/motion_ctrl__type_support.c
[12.258s] -- Installing: /home/y/SA_CAO/install/motion_msgs/include/motion_msgs/msg/detail/ctrl_plot__rosidl_typesupport_introspection_c.h
[12.258s] -- Installing: /home/y/SA_CAO/install/motion_msgs/include/motion_msgs/msg/detail/leg_motors__rosidl_typesupport_introspection_c.h
[12.259s] -- Installing: /home/y/SA_CAO/install/motion_msgs/lib/libmotion_msgs__rosidl_typesupport_introspection_c.so
[12.259s] -- Set runtime path of "/home/y/SA_CAO/install/motion_msgs/lib/libmotion_msgs__rosidl_typesupport_introspection_c.so" to ""
[12.259s] -- Installing: /home/y/SA_CAO/install/motion_msgs/lib/libmotion_msgs__rosidl_typesupport_c.so
[12.259s] -- Set runtime path of "/home/y/SA_CAO/install/motion_msgs/lib/libmotion_msgs__rosidl_typesupport_c.so" to ""
[12.259s] -- Up-to-date: /home/y/SA_CAO/install/motion_msgs/include/motion_msgs
[12.259s] -- Up-to-date: /home/y/SA_CAO/install/motion_msgs/include/motion_msgs/msg
[12.260s] -- Installing: /home/y/SA_CAO/install/motion_msgs/include/motion_msgs/msg/rosidl_generator_cpp__visibility_control.hpp
[12.260s] -- Installing: /home/y/SA_CAO/install/motion_msgs/include/motion_msgs/msg/robot_status.hpp
[12.260s] -- Installing: /home/y/SA_CAO/install/motion_msgs/include/motion_msgs/msg/movement_ctrl_mode.hpp
[12.261s] -- Installing: /home/y/SA_CAO/install/motion_msgs/include/motion_msgs/msg/ctrl_plot.hpp
[12.261s] -- Installing: /home/y/SA_CAO/install/motion_msgs/include/motion_msgs/msg/leg_motors.hpp
[12.261s] -- Installing: /home/y/SA_CAO/install/motion_msgs/include/motion_msgs/msg/motion_ctrl.hpp
[12.261s] -- Up-to-date: /home/y/SA_CAO/install/motion_msgs/include/motion_msgs/msg/detail
[12.261s] -- Installing: /home/y/SA_CAO/install/motion_msgs/include/motion_msgs/msg/detail/robot_status__type_support.hpp
[12.261s] -- Installing: /home/y/SA_CAO/install/motion_msgs/include/motion_msgs/msg/detail/robot_status__struct.hpp
[12.261s] -- Installing: /home/y/SA_CAO/install/motion_msgs/include/motion_msgs/msg/detail/movement_ctrl_data__type_support.hpp
[12.261s] -- Installing: /home/y/SA_CAO/install/motion_msgs/include/motion_msgs/msg/detail/movement_ctrl_mode__builder.hpp
[12.262s] -- Installing: /home/y/SA_CAO/install/motion_msgs/include/motion_msgs/msg/detail/ctrl_plot__struct.hpp
[12.262s] -- Installing: /home/y/SA_CAO/install/motion_msgs/include/motion_msgs/msg/detail/leg_motors__struct.hpp
[12.262s] -- Installing: /home/y/SA_CAO/install/motion_msgs/include/motion_msgs/msg/detail/movement_ctrl_mode__type_support.hpp
[12.262s] -- Installing: /home/y/SA_CAO/install/motion_msgs/include/motion_msgs/msg/detail/robot_status__builder.hpp
[12.262s] -- Installing: /home/y/SA_CAO/install/motion_msgs/include/motion_msgs/msg/detail/motion_ctrl__traits.hpp
[12.262s] -- Installing: /home/y/SA_CAO/install/motion_msgs/include/motion_msgs/msg/detail/motion_ctrl__type_support.hpp
[12.262s] -- Installing: /home/y/SA_CAO/install/motion_msgs/include/motion_msgs/msg/detail/ctrl_plot__type_support.hpp
[12.263s] -- Installing: /home/y/SA_CAO/install/motion_msgs/include/motion_msgs/msg/detail/leg_motors__builder.hpp
[12.263s] -- Installing: /home/y/SA_CAO/install/motion_msgs/include/motion_msgs/msg/detail/ctrl_plot__builder.hpp
[12.263s] -- Installing: /home/y/SA_CAO/install/motion_msgs/include/motion_msgs/msg/detail/movement_ctrl_mode__struct.hpp
[12.263s] -- Installing: /home/y/SA_CAO/install/motion_msgs/include/motion_msgs/msg/detail/robot_status__traits.hpp
[12.263s] -- Installing: /home/y/SA_CAO/install/motion_msgs/include/motion_msgs/msg/detail/movement_ctrl_mode__traits.hpp
[12.264s] -- Installing: /home/y/SA_CAO/install/motion_msgs/include/motion_msgs/msg/detail/ctrl_plot__traits.hpp
[12.264s] -- Installing: /home/y/SA_CAO/install/motion_msgs/include/motion_msgs/msg/detail/leg_motors__type_support.hpp
[12.264s] -- Installing: /home/y/SA_CAO/install/motion_msgs/include/motion_msgs/msg/detail/leg_motors__traits.hpp
[12.264s] -- Installing: /home/y/SA_CAO/install/motion_msgs/include/motion_msgs/msg/detail/movement_ctrl_data__builder.hpp
[12.264s] -- Installing: /home/y/SA_CAO/install/motion_msgs/include/motion_msgs/msg/detail/movement_ctrl_data__traits.hpp
[12.264s] -- Installing: /home/y/SA_CAO/install/motion_msgs/include/motion_msgs/msg/detail/motion_ctrl__struct.hpp
[12.264s] -- Installing: /home/y/SA_CAO/install/motion_msgs/include/motion_msgs/msg/detail/movement_ctrl_data__struct.hpp
[12.264s] -- Installing: /home/y/SA_CAO/install/motion_msgs/include/motion_msgs/msg/detail/motion_ctrl__builder.hpp
[12.265s] -- Installing: /home/y/SA_CAO/install/motion_msgs/include/motion_msgs/msg/movement_ctrl_data.hpp
[12.265s] -- Up-to-date: /home/y/SA_CAO/install/motion_msgs/include/motion_msgs
[12.265s] -- Up-to-date: /home/y/SA_CAO/install/motion_msgs/include/motion_msgs/msg
[12.265s] -- Up-to-date: /home/y/SA_CAO/install/motion_msgs/include/motion_msgs/msg/detail
[12.265s] -- Installing: /home/y/SA_CAO/install/motion_msgs/include/motion_msgs/msg/detail/movement_ctrl_data__type_support.cpp
[12.265s] -- Installing: /home/y/SA_CAO/install/motion_msgs/include/motion_msgs/msg/detail/movement_ctrl_mode__type_support.cpp
[12.265s] -- Installing: /home/y/SA_CAO/install/motion_msgs/include/motion_msgs/msg/detail/robot_status__type_support.cpp
[12.265s] -- Installing: /home/y/SA_CAO/install/motion_msgs/include/motion_msgs/msg/detail/ctrl_plot__type_support.cpp
[12.265s] -- Installing: /home/y/SA_CAO/install/motion_msgs/include/motion_msgs/msg/detail/movement_ctrl_data__rosidl_typesupport_introspection_cpp.hpp
[12.266s] -- Installing: /home/y/SA_CAO/install/motion_msgs/include/motion_msgs/msg/detail/robot_status__rosidl_typesupport_introspection_cpp.hpp
[12.266s] -- Installing: /home/y/SA_CAO/install/motion_msgs/include/motion_msgs/msg/detail/leg_motors__type_support.cpp
[12.266s] -- Installing: /home/y/SA_CAO/install/motion_msgs/include/motion_msgs/msg/detail/leg_motors__rosidl_typesupport_introspection_cpp.hpp
[12.266s] -- Installing: /home/y/SA_CAO/install/motion_msgs/include/motion_msgs/msg/detail/motion_ctrl__type_support.cpp
[12.266s] -- Installing: /home/y/SA_CAO/install/motion_msgs/include/motion_msgs/msg/detail/motion_ctrl__rosidl_typesupport_introspection_cpp.hpp
[12.266s] -- Installing: /home/y/SA_CAO/install/motion_msgs/include/motion_msgs/msg/detail/ctrl_plot__rosidl_typesupport_introspection_cpp.hpp
[12.266s] -- Installing: /home/y/SA_CAO/install/motion_msgs/include/motion_msgs/msg/detail/movement_ctrl_mode__rosidl_typesupport_introspection_cpp.hpp
[12.266s] -- Installing: /home/y/SA_CAO/install/motion_msgs/lib/libmotion_msgs__rosidl_typesupport_introspection_cpp.so
[12.266s] -- Set runtime path of "/home/y/SA_CAO/install/motion_msgs/lib/libmotion_msgs__rosidl_typesupport_introspection_cpp.so" to ""
[12.266s] -- Installing: /home/y/SA_CAO/install/motion_msgs/lib/libmotion_msgs__rosidl_typesupport_cpp.so
[12.267s] -- Set runtime path of "/home/y/SA_CAO/install/motion_msgs/lib/libmotion_msgs__rosidl_typesupport_cpp.so" to ""
[12.267s] -- Installing: /home/y/SA_CAO/install/motion_msgs/share/motion_msgs/environment/pythonpath.sh
[12.267s] -- Installing: /home/y/SA_CAO/install/motion_msgs/share/motion_msgs/environment/pythonpath.dsv
[12.267s] -- Installing: /home/y/SA_CAO/install/motion_msgs/lib/python3.8/site-packages/motion_msgs/__init__.py
[12.288s] Compiling '/home/y/SA_CAO/install/motion_msgs/lib/python3.8/site-packages/motion_msgs/__init__.py'...
[12.291s] -- Installing: /home/y/SA_CAO/install/motion_msgs/lib/python3.8/site-packages/motion_msgs/msg
[12.291s] -- Installing: /home/y/SA_CAO/install/motion_msgs/lib/python3.8/site-packages/motion_msgs/msg/_ctrl_plot_s.c
[12.291s] -- Installing: /home/y/SA_CAO/install/motion_msgs/lib/python3.8/site-packages/motion_msgs/msg/_robot_status.py
[12.291s] -- Installing: /home/y/SA_CAO/install/motion_msgs/lib/python3.8/site-packages/motion_msgs/msg/_movement_ctrl_mode_s.c
[12.292s] -- Installing: /home/y/SA_CAO/install/motion_msgs/lib/python3.8/site-packages/motion_msgs/msg/_leg_motors_s.c
[12.292s] -- Installing: /home/y/SA_CAO/install/motion_msgs/lib/python3.8/site-packages/motion_msgs/msg/__init__.py
[12.292s] -- Installing: /home/y/SA_CAO/install/motion_msgs/lib/python3.8/site-packages/motion_msgs/msg/_movement_ctrl_data.py
[12.292s] -- Installing: /home/y/SA_CAO/install/motion_msgs/lib/python3.8/site-packages/motion_msgs/msg/_ctrl_plot.py
[12.292s] -- Installing: /home/y/SA_CAO/install/motion_msgs/lib/python3.8/site-packages/motion_msgs/msg/_motion_ctrl.py
[12.292s] -- Installing: /home/y/SA_CAO/install/motion_msgs/lib/python3.8/site-packages/motion_msgs/msg/_motion_ctrl_s.c
[12.292s] -- Installing: /home/y/SA_CAO/install/motion_msgs/lib/python3.8/site-packages/motion_msgs/msg/_leg_motors.py
[12.292s] -- Installing: /home/y/SA_CAO/install/motion_msgs/lib/python3.8/site-packages/motion_msgs/msg/_robot_status_s.c
[12.292s] -- Installing: /home/y/SA_CAO/install/motion_msgs/lib/python3.8/site-packages/motion_msgs/msg/_movement_ctrl_data_s.c
[12.293s] -- Installing: /home/y/SA_CAO/install/motion_msgs/lib/python3.8/site-packages/motion_msgs/msg/_movement_ctrl_mode.py
[12.293s] -- Installing: /home/y/SA_CAO/install/motion_msgs/lib/python3.8/site-packages/motion_msgs/motion_msgs_s__rosidl_typesupport_fastrtps_c.cpython-38-x86_64-linux-gnu.so
[12.293s] -- Set runtime path of "/home/y/SA_CAO/install/motion_msgs/lib/python3.8/site-packages/motion_msgs/motion_msgs_s__rosidl_typesupport_fastrtps_c.cpython-38-x86_64-linux-gnu.so" to ""
[12.293s] -- Installing: /home/y/SA_CAO/install/motion_msgs/lib/python3.8/site-packages/motion_msgs/motion_msgs_s__rosidl_typesupport_introspection_c.cpython-38-x86_64-linux-gnu.so
[12.294s] -- Set runtime path of "/home/y/SA_CAO/install/motion_msgs/lib/python3.8/site-packages/motion_msgs/motion_msgs_s__rosidl_typesupport_introspection_c.cpython-38-x86_64-linux-gnu.so" to ""
[12.294s] -- Installing: /home/y/SA_CAO/install/motion_msgs/lib/python3.8/site-packages/motion_msgs/motion_msgs_s__rosidl_typesupport_c.cpython-38-x86_64-linux-gnu.so
[12.294s] -- Set runtime path of "/home/y/SA_CAO/install/motion_msgs/lib/python3.8/site-packages/motion_msgs/motion_msgs_s__rosidl_typesupport_c.cpython-38-x86_64-linux-gnu.so" to ""
[12.294s] -- Installing: /home/y/SA_CAO/install/motion_msgs/lib/libmotion_msgs__python.so
[12.295s] -- Set runtime path of "/home/y/SA_CAO/install/motion_msgs/lib/libmotion_msgs__python.so" to ""
[12.295s] -- Installing: /home/y/SA_CAO/install/motion_msgs/share/motion_msgs/msg/CtrlPlot.idl
[12.295s] -- Installing: /home/y/SA_CAO/install/motion_msgs/share/motion_msgs/msg/LegMotors.idl
[12.295s] -- Installing: /home/y/SA_CAO/install/motion_msgs/share/motion_msgs/msg/MotionCtrl.idl
[12.295s] -- Installing: /home/y/SA_CAO/install/motion_msgs/share/motion_msgs/msg/RobotStatus.idl
[12.295s] -- Installing: /home/y/SA_CAO/install/motion_msgs/share/motion_msgs/msg/MovementCtrlData.idl
[12.295s] -- Installing: /home/y/SA_CAO/install/motion_msgs/share/motion_msgs/msg/MovementCtrlMode.idl
[12.296s] -- Installing: /home/y/SA_CAO/install/motion_msgs/share/motion_msgs/msg/CtrlPlot.msg
[12.296s] -- Installing: /home/y/SA_CAO/install/motion_msgs/share/motion_msgs/msg/LegMotors.msg
[12.296s] -- Installing: /home/y/SA_CAO/install/motion_msgs/share/motion_msgs/msg/MotionCtrl.msg
[12.296s] -- Installing: /home/y/SA_CAO/install/motion_msgs/share/motion_msgs/msg/RobotStatus.msg
[12.296s] -- Installing: /home/y/SA_CAO/install/motion_msgs/share/motion_msgs/msg/MovementCtrlData.msg
[12.296s] -- Installing: /home/y/SA_CAO/install/motion_msgs/share/motion_msgs/msg/MovementCtrlMode.msg
[12.296s] -- Installing: /home/y/SA_CAO/install/motion_msgs/share/ament_index/resource_index/package_run_dependencies/motion_msgs
[12.297s] -- Installing: /home/y/SA_CAO/install/motion_msgs/share/ament_index/resource_index/parent_prefix_path/motion_msgs
[12.297s] -- Installing: /home/y/SA_CAO/install/motion_msgs/share/motion_msgs/environment/ament_prefix_path.sh
[12.297s] -- Installing: /home/y/SA_CAO/install/motion_msgs/share/motion_msgs/environment/ament_prefix_path.dsv
[12.297s] -- Installing: /home/y/SA_CAO/install/motion_msgs/share/motion_msgs/environment/path.sh
[12.297s] -- Installing: /home/y/SA_CAO/install/motion_msgs/share/motion_msgs/environment/path.dsv
[12.297s] -- Installing: /home/y/SA_CAO/install/motion_msgs/share/motion_msgs/local_setup.bash
[12.297s] -- Installing: /home/y/SA_CAO/install/motion_msgs/share/motion_msgs/local_setup.sh
[12.298s] -- Installing: /home/y/SA_CAO/install/motion_msgs/share/motion_msgs/local_setup.zsh
[12.298s] -- Installing: /home/y/SA_CAO/install/motion_msgs/share/motion_msgs/local_setup.dsv
[12.298s] -- Installing: /home/y/SA_CAO/install/motion_msgs/share/motion_msgs/package.dsv
[12.298s] -- Installing: /home/y/SA_CAO/install/motion_msgs/share/ament_index/resource_index/packages/motion_msgs
[12.298s] -- Installing: /home/y/SA_CAO/install/motion_msgs/share/motion_msgs/cmake/motion_msgs__rosidl_generator_cExport.cmake
[12.299s] -- Installing: /home/y/SA_CAO/install/motion_msgs/share/motion_msgs/cmake/motion_msgs__rosidl_generator_cExport-noconfig.cmake
[12.299s] -- Installing: /home/y/SA_CAO/install/motion_msgs/share/motion_msgs/cmake/motion_msgs__rosidl_typesupport_introspection_cExport.cmake
[12.299s] -- Installing: /home/y/SA_CAO/install/motion_msgs/share/motion_msgs/cmake/motion_msgs__rosidl_typesupport_introspection_cExport-noconfig.cmake
[12.299s] -- Installing: /home/y/SA_CAO/install/motion_msgs/share/motion_msgs/cmake/motion_msgs__rosidl_typesupport_cExport.cmake
[12.299s] -- Installing: /home/y/SA_CAO/install/motion_msgs/share/motion_msgs/cmake/motion_msgs__rosidl_typesupport_cExport-noconfig.cmake
[12.299s] -- Installing: /home/y/SA_CAO/install/motion_msgs/share/motion_msgs/cmake/motion_msgs__rosidl_generator_cppExport.cmake
[12.300s] -- Installing: /home/y/SA_CAO/install/motion_msgs/share/motion_msgs/cmake/motion_msgs__rosidl_typesupport_introspection_cppExport.cmake
[12.300s] -- Installing: /home/y/SA_CAO/install/motion_msgs/share/motion_msgs/cmake/motion_msgs__rosidl_typesupport_introspection_cppExport-noconfig.cmake
[12.300s] -- Installing: /home/y/SA_CAO/install/motion_msgs/share/motion_msgs/cmake/motion_msgs__rosidl_typesupport_cppExport.cmake
[12.300s] -- Installing: /home/y/SA_CAO/install/motion_msgs/share/motion_msgs/cmake/motion_msgs__rosidl_typesupport_cppExport-noconfig.cmake
[12.300s] -- Installing: /home/y/SA_CAO/install/motion_msgs/share/motion_msgs/cmake/rosidl_cmake-extras.cmake
[12.300s] -- Installing: /home/y/SA_CAO/install/motion_msgs/share/motion_msgs/cmake/ament_cmake_export_dependencies-extras.cmake
[12.301s] -- Installing: /home/y/SA_CAO/install/motion_msgs/share/motion_msgs/cmake/ament_cmake_export_libraries-extras.cmake
[12.301s] -- Installing: /home/y/SA_CAO/install/motion_msgs/share/motion_msgs/cmake/ament_cmake_export_targets-extras.cmake
[12.301s] -- Installing: /home/y/SA_CAO/install/motion_msgs/share/motion_msgs/cmake/ament_cmake_export_include_directories-extras.cmake
[12.301s] -- Installing: /home/y/SA_CAO/install/motion_msgs/share/motion_msgs/cmake/rosidl_cmake_export_typesupport_libraries-extras.cmake
[12.301s] -- Installing: /home/y/SA_CAO/install/motion_msgs/share/motion_msgs/cmake/rosidl_cmake_export_typesupport_targets-extras.cmake
[12.301s] -- Installing: /home/y/SA_CAO/install/motion_msgs/share/motion_msgs/cmake/motion_msgsConfig.cmake
[12.301s] -- Installing: /home/y/SA_CAO/install/motion_msgs/share/motion_msgs/cmake/motion_msgsConfig-version.cmake
[12.302s] -- Installing: /home/y/SA_CAO/install/motion_msgs/share/motion_msgs/package.xml
[12.306s] Invoked command in '/home/y/SA_CAO/build/motion_msgs' returned '0': CMAKE_PREFIX_PATH=/opt/ros/foxy:${CMAKE_PREFIX_PATH} /usr/bin/cmake --install /home/y/SA_CAO/build/motion_msgs
