[0.002s] Invoking command in '/home/y/SA_CAO_Simu/SA_CAO/build/turtlebot3_msgs': CMAKE_PREFIX_PATH=/opt/ros/foxy /usr/bin/cmake /home/y/SA_CAO_Simu/SA_CAO/src/turtlebot3/turtlebot3_msgs -DCMAKE_INSTALL_PREFIX=/home/y/SA_CAO_Simu/SA_CAO/install/turtlebot3_msgs
[0.175s] -- The C compiler identification is GNU 9.4.0
[0.296s] -- The CXX compiler identification is GNU 9.4.0
[0.301s] -- Check for working C compiler: /usr/bin/cc
[0.333s] -- Check for working C compiler: /usr/bin/cc -- works
[0.336s] -- Detecting C compiler ABI info
[0.364s] -- Detecting C compiler ABI info - done
[0.364s] -- Detecting C compile features
[0.365s] -- Detecting C compile features - done
[0.366s] -- Check for working CXX compiler: /usr/bin/c++
[0.416s] -- Check for working CXX compiler: /usr/bin/c++ -- works
[0.416s] -- Detecting CXX compiler ABI info
[0.463s] -- Detecting CXX compiler ABI info - done
[0.463s] -- Detecting CXX compile features
[0.463s] -- Detecting CXX compile features - done
[0.464s] -- Found action_msgs: 1.0.0 (/opt/ros/foxy/share/action_msgs/cmake)
[0.474s] -- Found PythonInterp: /usr/bin/python3 (found suitable version "3.8.10", minimum required is "3") 
[0.474s] -- Using PYTHON_EXECUTABLE: /usr/bin/python3
[0.571s] -- Using all available rosidl_typesupport_c: rosidl_typesupport_fastrtps_c;rosidl_typesupport_introspection_c
[0.574s] -- Found rosidl_adapter: 1.3.1 (/opt/ros/foxy/share/rosidl_adapter/cmake)
[0.635s] -- Found OpenSSL: /usr/lib/aarch64-linux-gnu/libcrypto.so (found version "1.1.1f")  
[0.650s] -- Found FastRTPS: /opt/ros/foxy/include  
[0.690s] -- Using all available rosidl_typesupport_cpp: rosidl_typesupport_fastrtps_cpp;rosidl_typesupport_introspection_cpp
[0.728s] -- Found rosidl_default_generators: 1.0.1 (/opt/ros/foxy/share/rosidl_default_generators/cmake)
[0.730s] -- Found std_msgs: 2.0.5 (/opt/ros/foxy/share/std_msgs/cmake)
[0.746s] -- Found PythonInterp: /usr/bin/python3 (found version "3.8.10") 
[0.825s] -- Found ament_cmake_cppcheck: 0.9.8 (/opt/ros/foxy/share/ament_cmake_cppcheck/cmake)
[0.827s] -- Found ament_cmake_cpplint: 0.9.8 (/opt/ros/foxy/share/ament_cmake_cpplint/cmake)
[0.828s] -- Found ament_cmake_uncrustify: 0.9.8 (/opt/ros/foxy/share/ament_cmake_uncrustify/cmake)
[0.829s] -- Found ament_cmake_ros: 0.9.2 (/opt/ros/foxy/share/ament_cmake_ros/cmake)
[0.920s] -- Using all available rosidl_typesupport_c: rosidl_typesupport_fastrtps_c;rosidl_typesupport_introspection_c
[0.951s] -- Using all available rosidl_typesupport_cpp: rosidl_typesupport_fastrtps_cpp;rosidl_typesupport_introspection_cpp
[0.965s] -- Found PythonInterp: /usr/bin/python3 (found suitable version "3.8.10", minimum required is "3.5") 
[0.965s] -- Found python_cmake_module: 0.8.1 (/opt/ros/foxy/share/python_cmake_module/cmake)
[0.975s] -- Found PythonLibs: /usr/lib/aarch64-linux-gnu/libpython3.8.so (found suitable version "3.8.10", minimum required is "3.5") 
[0.975s] -- Using PYTHON_EXECUTABLE: /usr/bin/python3
[0.975s] -- Using PYTHON_INCLUDE_DIRS: /usr/include/python3.8
[0.975s] -- Using PYTHON_LIBRARIES: /usr/lib/aarch64-linux-gnu/libpython3.8.so
[0.984s] -- Found PythonExtra: .so  
[1.013s] -- Found ament_cmake_flake8: 0.9.8 (/opt/ros/foxy/share/ament_cmake_flake8/cmake)
[1.015s] -- Found ament_cmake_pep257: 0.9.8 (/opt/ros/foxy/share/ament_cmake_pep257/cmake)
[1.019s] -- Configuring done
[1.049s] -- Generating done
[1.058s] -- Build files have been written to: /home/y/SA_CAO_Simu/SA_CAO/build/turtlebot3_msgs
[1.063s] Invoked command in '/home/y/SA_CAO_Simu/SA_CAO/build/turtlebot3_msgs' returned '0': CMAKE_PREFIX_PATH=/opt/ros/foxy /usr/bin/cmake /home/y/SA_CAO_Simu/SA_CAO/src/turtlebot3/turtlebot3_msgs -DCMAKE_INSTALL_PREFIX=/home/y/SA_CAO_Simu/SA_CAO/install/turtlebot3_msgs
[1.064s] Invoking command in '/home/y/SA_CAO_Simu/SA_CAO/build/turtlebot3_msgs': CMAKE_PREFIX_PATH=/opt/ros/foxy /usr/bin/cmake --build /home/y/SA_CAO_Simu/SA_CAO/build/turtlebot3_msgs -- -j2 -l2
[1.128s] [35m[1mScanning dependencies of target turtlebot3_msgs__cpp[0m
[1.134s] [  1%] [34m[1mGenerating C code for ROS interfaces[0m
[1.151s] [  2%] [34m[1mGenerating C++ code for ROS interfaces[0m
[2.097s] [  2%] Built target turtlebot3_msgs__cpp
[2.101s] [  4%] [34m[1mGenerating C++ type support dispatch for ROS interfaces[0m
[2.187s] [35m[1mScanning dependencies of target turtlebot3_msgs__rosidl_generator_c[0m
[2.219s] [  5%] [32mBuilding C object CMakeFiles/turtlebot3_msgs__rosidl_generator_c.dir/rosidl_generator_c/turtlebot3_msgs/msg/detail/sensor_state__functions.c.o[0m
[2.286s] [  7%] [32mBuilding C object CMakeFiles/turtlebot3_msgs__rosidl_generator_c.dir/rosidl_generator_c/turtlebot3_msgs/msg/detail/sound__functions.c.o[0m
[2.359s] [  8%] [32mBuilding C object CMakeFiles/turtlebot3_msgs__rosidl_generator_c.dir/rosidl_generator_c/turtlebot3_msgs/msg/detail/version_info__functions.c.o[0m
[2.412s] [  9%] [32mBuilding C object CMakeFiles/turtlebot3_msgs__rosidl_generator_c.dir/rosidl_generator_c/turtlebot3_msgs/srv/detail/sound__functions.c.o[0m
[2.452s] [ 11%] [32mBuilding C object CMakeFiles/turtlebot3_msgs__rosidl_generator_c.dir/rosidl_generator_c/turtlebot3_msgs/srv/detail/dqn__functions.c.o[0m
[2.504s] [35m[1mScanning dependencies of target turtlebot3_msgs__rosidl_typesupport_cpp[0m
[2.510s] [ 12%] [32mBuilding C object CMakeFiles/turtlebot3_msgs__rosidl_generator_c.dir/rosidl_generator_c/turtlebot3_msgs/action/detail/patrol__functions.c.o[0m
[2.522s] [ 14%] [32mBuilding CXX object CMakeFiles/turtlebot3_msgs__rosidl_typesupport_cpp.dir/rosidl_typesupport_cpp/turtlebot3_msgs/msg/sensor_state__type_support.cpp.o[0m
[2.640s] [ 15%] [32m[1mLinking C shared library libturtlebot3_msgs__rosidl_generator_c.so[0m
[2.702s] [ 15%] Built target turtlebot3_msgs__rosidl_generator_c
[2.723s] [ 16%] [34m[1mGenerating C++ type support for eProsima Fast-RTPS[0m
[2.762s] [ 18%] [32mBuilding CXX object CMakeFiles/turtlebot3_msgs__rosidl_typesupport_cpp.dir/rosidl_typesupport_cpp/turtlebot3_msgs/msg/sound__type_support.cpp.o[0m
[3.089s] [ 19%] [32mBuilding CXX object CMakeFiles/turtlebot3_msgs__rosidl_typesupport_cpp.dir/rosidl_typesupport_cpp/turtlebot3_msgs/msg/version_info__type_support.cpp.o[0m
[3.319s] [ 21%] [32mBuilding CXX object CMakeFiles/turtlebot3_msgs__rosidl_typesupport_cpp.dir/rosidl_typesupport_cpp/turtlebot3_msgs/srv/sound__type_support.cpp.o[0m
[3.495s] [35m[1mScanning dependencies of target turtlebot3_msgs__rosidl_typesupport_fastrtps_cpp[0m
[3.532s] [ 22%] [32mBuilding CXX object CMakeFiles/turtlebot3_msgs__rosidl_typesupport_fastrtps_cpp.dir/rosidl_typesupport_fastrtps_cpp/turtlebot3_msgs/msg/detail/dds_fastrtps/sensor_state__type_support.cpp.o[0m
[3.532s] [ 23%] [32mBuilding CXX object CMakeFiles/turtlebot3_msgs__rosidl_typesupport_cpp.dir/rosidl_typesupport_cpp/turtlebot3_msgs/srv/dqn__type_support.cpp.o[0m
[3.887s] [ 25%] [32mBuilding CXX object CMakeFiles/turtlebot3_msgs__rosidl_typesupport_cpp.dir/rosidl_typesupport_cpp/turtlebot3_msgs/action/patrol__type_support.cpp.o[0m
[4.051s] [ 26%] [32mBuilding CXX object CMakeFiles/turtlebot3_msgs__rosidl_typesupport_fastrtps_cpp.dir/rosidl_typesupport_fastrtps_cpp/turtlebot3_msgs/msg/detail/dds_fastrtps/sound__type_support.cpp.o[0m
[4.202s] [ 28%] [32m[1mLinking CXX shared library libturtlebot3_msgs__rosidl_typesupport_cpp.so[0m
[4.230s] [ 28%] Built target turtlebot3_msgs__rosidl_typesupport_cpp
[4.247s] [ 29%] [34m[1mGenerating C++ introspection for ROS interfaces[0m
[4.324s] [ 30%] [32mBuilding CXX object CMakeFiles/turtlebot3_msgs__rosidl_typesupport_fastrtps_cpp.dir/rosidl_typesupport_fastrtps_cpp/turtlebot3_msgs/msg/detail/dds_fastrtps/version_info__type_support.cpp.o[0m
[4.498s] [ 32%] [32mBuilding CXX object CMakeFiles/turtlebot3_msgs__rosidl_typesupport_fastrtps_cpp.dir/rosidl_typesupport_fastrtps_cpp/turtlebot3_msgs/srv/detail/dds_fastrtps/sound__type_support.cpp.o[0m
[4.744s] [35m[1mScanning dependencies of target turtlebot3_msgs__rosidl_typesupport_introspection_cpp[0m
[4.749s] [ 33%] [32mBuilding CXX object CMakeFiles/turtlebot3_msgs__rosidl_typesupport_fastrtps_cpp.dir/rosidl_typesupport_fastrtps_cpp/turtlebot3_msgs/srv/detail/dds_fastrtps/dqn__type_support.cpp.o[0m
[4.786s] [ 35%] [32mBuilding CXX object CMakeFiles/turtlebot3_msgs__rosidl_typesupport_introspection_cpp.dir/rosidl_typesupport_introspection_cpp/turtlebot3_msgs/msg/detail/sensor_state__type_support.cpp.o[0m
[4.953s] [ 36%] [32mBuilding CXX object CMakeFiles/turtlebot3_msgs__rosidl_typesupport_fastrtps_cpp.dir/rosidl_typesupport_fastrtps_cpp/turtlebot3_msgs/action/detail/dds_fastrtps/patrol__type_support.cpp.o[0m
[4.979s] [ 38%] [32mBuilding CXX object CMakeFiles/turtlebot3_msgs__rosidl_typesupport_introspection_cpp.dir/rosidl_typesupport_introspection_cpp/turtlebot3_msgs/msg/detail/sound__type_support.cpp.o[0m
[5.155s] [ 39%] [32m[1mLinking CXX shared library libturtlebot3_msgs__rosidl_typesupport_fastrtps_cpp.so[0m
[5.166s] [ 40%] [32mBuilding CXX object CMakeFiles/turtlebot3_msgs__rosidl_typesupport_introspection_cpp.dir/rosidl_typesupport_introspection_cpp/turtlebot3_msgs/msg/detail/version_info__type_support.cpp.o[0m
[5.276s] [ 40%] Built target turtlebot3_msgs__rosidl_typesupport_fastrtps_cpp
[5.302s] [ 42%] [34m[1mGenerating C type support dispatch for ROS interfaces[0m
[5.322s] [ 43%] [32mBuilding CXX object CMakeFiles/turtlebot3_msgs__rosidl_typesupport_introspection_cpp.dir/rosidl_typesupport_introspection_cpp/turtlebot3_msgs/srv/detail/sound__type_support.cpp.o[0m
[5.581s] [ 45%] [32mBuilding CXX object CMakeFiles/turtlebot3_msgs__rosidl_typesupport_introspection_cpp.dir/rosidl_typesupport_introspection_cpp/turtlebot3_msgs/srv/detail/dqn__type_support.cpp.o[0m
[5.790s] [35m[1mScanning dependencies of target turtlebot3_msgs__rosidl_typesupport_c[0m
[5.804s] [ 46%] [32mBuilding CXX object CMakeFiles/turtlebot3_msgs__rosidl_typesupport_c.dir/rosidl_typesupport_c/turtlebot3_msgs/msg/sensor_state__type_support.cpp.o[0m
[5.804s] [ 47%] [32mBuilding CXX object CMakeFiles/turtlebot3_msgs__rosidl_typesupport_introspection_cpp.dir/rosidl_typesupport_introspection_cpp/turtlebot3_msgs/action/detail/patrol__type_support.cpp.o[0m
[5.847s] [ 49%] [32mBuilding CXX object CMakeFiles/turtlebot3_msgs__rosidl_typesupport_c.dir/rosidl_typesupport_c/turtlebot3_msgs/msg/sound__type_support.cpp.o[0m
[5.902s] [ 50%] [32mBuilding CXX object CMakeFiles/turtlebot3_msgs__rosidl_typesupport_c.dir/rosidl_typesupport_c/turtlebot3_msgs/msg/version_info__type_support.cpp.o[0m
[5.969s] [ 52%] [32mBuilding CXX object CMakeFiles/turtlebot3_msgs__rosidl_typesupport_c.dir/rosidl_typesupport_c/turtlebot3_msgs/srv/sound__type_support.cpp.o[0m
[6.019s] [ 53%] [32mBuilding CXX object CMakeFiles/turtlebot3_msgs__rosidl_typesupport_c.dir/rosidl_typesupport_c/turtlebot3_msgs/srv/dqn__type_support.cpp.o[0m
[6.047s] [ 54%] [32m[1mLinking CXX shared library libturtlebot3_msgs__rosidl_typesupport_introspection_cpp.so[0m
[6.079s] [ 56%] [32mBuilding CXX object CMakeFiles/turtlebot3_msgs__rosidl_typesupport_c.dir/rosidl_typesupport_c/turtlebot3_msgs/action/patrol__type_support.cpp.o[0m
[6.141s] [ 56%] Built target turtlebot3_msgs__rosidl_typesupport_introspection_cpp
[6.143s] [ 57%] [32m[1mLinking CXX shared library libturtlebot3_msgs__rosidl_typesupport_c.so[0m
[6.170s] [ 59%] [34m[1mGenerating C introspection for ROS interfaces[0m
[6.204s] [ 59%] Built target turtlebot3_msgs__rosidl_typesupport_c
[6.238s] [ 60%] [34m[1mGenerating C type support for eProsima Fast-RTPS[0m
[6.799s] [35m[1mScanning dependencies of target turtlebot3_msgs__rosidl_typesupport_introspection_c[0m
[6.810s] [ 61%] [32mBuilding C object CMakeFiles/turtlebot3_msgs__rosidl_typesupport_introspection_c.dir/rosidl_typesupport_introspection_c/turtlebot3_msgs/msg/detail/sensor_state__type_support.c.o[0m
[6.830s] [35m[1mScanning dependencies of target turtlebot3_msgs__rosidl_typesupport_fastrtps_c[0m
[6.844s] [ 63%] [32mBuilding CXX object CMakeFiles/turtlebot3_msgs__rosidl_typesupport_fastrtps_c.dir/rosidl_typesupport_fastrtps_c/turtlebot3_msgs/msg/detail/sensor_state__type_support_c.cpp.o[0m
[6.854s] [ 64%] [32mBuilding C object CMakeFiles/turtlebot3_msgs__rosidl_typesupport_introspection_c.dir/rosidl_typesupport_introspection_c/turtlebot3_msgs/msg/detail/sound__type_support.c.o[0m
[6.915s] [ 66%] [32mBuilding C object CMakeFiles/turtlebot3_msgs__rosidl_typesupport_introspection_c.dir/rosidl_typesupport_introspection_c/turtlebot3_msgs/msg/detail/version_info__type_support.c.o[0m
[6.971s] [ 67%] [32mBuilding C object CMakeFiles/turtlebot3_msgs__rosidl_typesupport_introspection_c.dir/rosidl_typesupport_introspection_c/turtlebot3_msgs/srv/detail/sound__type_support.c.o[0m
[7.024s] [ 69%] [32mBuilding C object CMakeFiles/turtlebot3_msgs__rosidl_typesupport_introspection_c.dir/rosidl_typesupport_introspection_c/turtlebot3_msgs/srv/detail/dqn__type_support.c.o[0m
[7.034s] [ 70%] [32mBuilding CXX object CMakeFiles/turtlebot3_msgs__rosidl_typesupport_fastrtps_c.dir/rosidl_typesupport_fastrtps_c/turtlebot3_msgs/msg/detail/sound__type_support_c.cpp.o[0m
[7.118s] [ 71%] [32mBuilding C object CMakeFiles/turtlebot3_msgs__rosidl_typesupport_introspection_c.dir/rosidl_typesupport_introspection_c/turtlebot3_msgs/action/detail/patrol__type_support.c.o[0m
[7.222s] [ 73%] [32m[1mLinking C shared library libturtlebot3_msgs__rosidl_typesupport_introspection_c.so[0m
[7.293s] [ 74%] [32mBuilding CXX object CMakeFiles/turtlebot3_msgs__rosidl_typesupport_fastrtps_c.dir/rosidl_typesupport_fastrtps_c/turtlebot3_msgs/msg/detail/version_info__type_support_c.cpp.o[0m
[7.311s] [ 74%] Built target turtlebot3_msgs__rosidl_typesupport_introspection_c
[7.318s] [ 76%] [32mBuilding CXX object CMakeFiles/turtlebot3_msgs__rosidl_typesupport_fastrtps_c.dir/rosidl_typesupport_fastrtps_c/turtlebot3_msgs/srv/detail/sound__type_support_c.cpp.o[0m
[7.440s] [ 77%] [32mBuilding CXX object CMakeFiles/turtlebot3_msgs__rosidl_typesupport_fastrtps_c.dir/rosidl_typesupport_fastrtps_c/turtlebot3_msgs/srv/detail/dqn__type_support_c.cpp.o[0m
[7.568s] [ 78%] [32mBuilding CXX object CMakeFiles/turtlebot3_msgs__rosidl_typesupport_fastrtps_c.dir/rosidl_typesupport_fastrtps_c/turtlebot3_msgs/action/detail/patrol__type_support_c.cpp.o[0m
[7.720s] [ 80%] [32m[1mLinking CXX shared library libturtlebot3_msgs__rosidl_typesupport_fastrtps_c.so[0m
[7.760s] [ 80%] Built target turtlebot3_msgs__rosidl_typesupport_fastrtps_c
[7.765s] [35m[1mScanning dependencies of target turtlebot3_msgs[0m
[7.773s] [ 80%] Built target turtlebot3_msgs
[7.779s] [35m[1mScanning dependencies of target turtlebot3_msgs__py[0m
[7.787s] [ 81%] [34m[1mGenerating Python code for ROS interfaces[0m
[8.747s] [ 81%] Built target turtlebot3_msgs__py
[8.787s] [35m[1mScanning dependencies of target turtlebot3_msgs__python[0m
[8.816s] [ 83%] [32mBuilding C object CMakeFiles/turtlebot3_msgs__python.dir/rosidl_generator_py/turtlebot3_msgs/msg/_sensor_state_s.c.o[0m
[8.820s] [ 84%] [32mBuilding C object CMakeFiles/turtlebot3_msgs__python.dir/rosidl_generator_py/turtlebot3_msgs/msg/_sound_s.c.o[0m
[8.914s] [ 85%] [32mBuilding C object CMakeFiles/turtlebot3_msgs__python.dir/rosidl_generator_py/turtlebot3_msgs/msg/_version_info_s.c.o[0m
[8.918s] [ 87%] [32mBuilding C object CMakeFiles/turtlebot3_msgs__python.dir/rosidl_generator_py/turtlebot3_msgs/srv/_sound_s.c.o[0m
[9.006s] [ 88%] [32mBuilding C object CMakeFiles/turtlebot3_msgs__python.dir/rosidl_generator_py/turtlebot3_msgs/srv/_dqn_s.c.o[0m
[9.036s] [ 90%] [32mBuilding C object CMakeFiles/turtlebot3_msgs__python.dir/rosidl_generator_py/turtlebot3_msgs/action/_patrol_s.c.o[0m
[9.133s] [ 91%] [32m[1mLinking C shared library rosidl_generator_py/turtlebot3_msgs/libturtlebot3_msgs__python.so[0m
[9.168s] [ 91%] Built target turtlebot3_msgs__python
[9.179s] [35m[1mScanning dependencies of target turtlebot3_msgs__rosidl_typesupport_fastrtps_c__pyext[0m
[9.183s] [35m[1mScanning dependencies of target turtlebot3_msgs__rosidl_typesupport_introspection_c__pyext[0m
[9.194s] [ 92%] [32mBuilding C object CMakeFiles/turtlebot3_msgs__rosidl_typesupport_introspection_c__pyext.dir/rosidl_generator_py/turtlebot3_msgs/_turtlebot3_msgs_s.ep.rosidl_typesupport_introspection_c.c.o[0m
[9.195s] [ 94%] [32mBuilding C object CMakeFiles/turtlebot3_msgs__rosidl_typesupport_fastrtps_c__pyext.dir/rosidl_generator_py/turtlebot3_msgs/_turtlebot3_msgs_s.ep.rosidl_typesupport_fastrtps_c.c.o[0m
[9.273s] [ 95%] [32m[1mLinking CXX shared library rosidl_generator_py/turtlebot3_msgs/turtlebot3_msgs_s__rosidl_typesupport_fastrtps_c.cpython-38-aarch64-linux-gnu.so[0m
[9.276s] [ 97%] [32m[1mLinking C shared library rosidl_generator_py/turtlebot3_msgs/turtlebot3_msgs_s__rosidl_typesupport_introspection_c.cpython-38-aarch64-linux-gnu.so[0m
[9.306s] [ 97%] Built target turtlebot3_msgs__rosidl_typesupport_introspection_c__pyext
[9.310s] [35m[1mScanning dependencies of target turtlebot3_msgs__rosidl_typesupport_c__pyext[0m
[9.316s] [ 97%] Built target turtlebot3_msgs__rosidl_typesupport_fastrtps_c__pyext
[9.323s] [ 98%] [32mBuilding C object CMakeFiles/turtlebot3_msgs__rosidl_typesupport_c__pyext.dir/rosidl_generator_py/turtlebot3_msgs/_turtlebot3_msgs_s.ep.rosidl_typesupport_c.c.o[0m
[9.378s] [100%] [32m[1mLinking C shared library rosidl_generator_py/turtlebot3_msgs/turtlebot3_msgs_s__rosidl_typesupport_c.cpython-38-aarch64-linux-gnu.so[0m
[9.402s] [100%] Built target turtlebot3_msgs__rosidl_typesupport_c__pyext
[9.414s] Invoked command in '/home/y/SA_CAO_Simu/SA_CAO/build/turtlebot3_msgs' returned '0': CMAKE_PREFIX_PATH=/opt/ros/foxy /usr/bin/cmake --build /home/y/SA_CAO_Simu/SA_CAO/build/turtlebot3_msgs -- -j2 -l2
[9.415s] Invoking command in '/home/y/SA_CAO_Simu/SA_CAO/build/turtlebot3_msgs': CMAKE_PREFIX_PATH=/opt/ros/foxy /usr/bin/cmake --install /home/y/SA_CAO_Simu/SA_CAO/build/turtlebot3_msgs
[9.436s] -- Install configuration: ""
[9.436s] -- Installing: /home/y/SA_CAO_Simu/SA_CAO/install/turtlebot3_msgs/share/ament_index/resource_index/rosidl_interfaces/turtlebot3_msgs
[9.436s] -- Installing: /home/y/SA_CAO_Simu/SA_CAO/install/turtlebot3_msgs/include/turtlebot3_msgs
[9.436s] -- Installing: /home/y/SA_CAO_Simu/SA_CAO/install/turtlebot3_msgs/include/turtlebot3_msgs/msg
[9.436s] -- Installing: /home/y/SA_CAO_Simu/SA_CAO/install/turtlebot3_msgs/include/turtlebot3_msgs/msg/detail
[9.436s] -- Installing: /home/y/SA_CAO_Simu/SA_CAO/install/turtlebot3_msgs/include/turtlebot3_msgs/msg/detail/version_info__functions.c
[9.436s] -- Installing: /home/y/SA_CAO_Simu/SA_CAO/install/turtlebot3_msgs/include/turtlebot3_msgs/msg/detail/sound__functions.h
[9.436s] -- Installing: /home/y/SA_CAO_Simu/SA_CAO/install/turtlebot3_msgs/include/turtlebot3_msgs/msg/detail/sensor_state__struct.h
[9.436s] -- Installing: /home/y/SA_CAO_Simu/SA_CAO/install/turtlebot3_msgs/include/turtlebot3_msgs/msg/detail/version_info__struct.h
[9.436s] -- Installing: /home/y/SA_CAO_Simu/SA_CAO/install/turtlebot3_msgs/include/turtlebot3_msgs/msg/detail/sensor_state__functions.h
[9.436s] -- Installing: /home/y/SA_CAO_Simu/SA_CAO/install/turtlebot3_msgs/include/turtlebot3_msgs/msg/detail/version_info__type_support.h
[9.436s] -- Installing: /home/y/SA_CAO_Simu/SA_CAO/install/turtlebot3_msgs/include/turtlebot3_msgs/msg/detail/sensor_state__functions.c
[9.437s] -- Installing: /home/y/SA_CAO_Simu/SA_CAO/install/turtlebot3_msgs/include/turtlebot3_msgs/msg/detail/sound__functions.c
[9.437s] -- Installing: /home/y/SA_CAO_Simu/SA_CAO/install/turtlebot3_msgs/include/turtlebot3_msgs/msg/detail/sound__type_support.h
[9.437s] -- Installing: /home/y/SA_CAO_Simu/SA_CAO/install/turtlebot3_msgs/include/turtlebot3_msgs/msg/detail/sound__struct.h
[9.437s] -- Installing: /home/y/SA_CAO_Simu/SA_CAO/install/turtlebot3_msgs/include/turtlebot3_msgs/msg/detail/sensor_state__type_support.h
[9.437s] -- Installing: /home/y/SA_CAO_Simu/SA_CAO/install/turtlebot3_msgs/include/turtlebot3_msgs/msg/detail/version_info__functions.h
[9.437s] -- Installing: /home/y/SA_CAO_Simu/SA_CAO/install/turtlebot3_msgs/include/turtlebot3_msgs/msg/rosidl_generator_c__visibility_control.h
[9.437s] -- Installing: /home/y/SA_CAO_Simu/SA_CAO/install/turtlebot3_msgs/include/turtlebot3_msgs/msg/sensor_state.h
[9.437s] -- Installing: /home/y/SA_CAO_Simu/SA_CAO/install/turtlebot3_msgs/include/turtlebot3_msgs/msg/sound.h
[9.437s] -- Installing: /home/y/SA_CAO_Simu/SA_CAO/install/turtlebot3_msgs/include/turtlebot3_msgs/msg/version_info.h
[9.437s] -- Installing: /home/y/SA_CAO_Simu/SA_CAO/install/turtlebot3_msgs/include/turtlebot3_msgs/action
[9.437s] -- Installing: /home/y/SA_CAO_Simu/SA_CAO/install/turtlebot3_msgs/include/turtlebot3_msgs/action/detail
[9.437s] -- Installing: /home/y/SA_CAO_Simu/SA_CAO/install/turtlebot3_msgs/include/turtlebot3_msgs/action/detail/patrol__functions.c
[9.437s] -- Installing: /home/y/SA_CAO_Simu/SA_CAO/install/turtlebot3_msgs/include/turtlebot3_msgs/action/detail/patrol__type_support.h
[9.437s] -- Installing: /home/y/SA_CAO_Simu/SA_CAO/install/turtlebot3_msgs/include/turtlebot3_msgs/action/detail/patrol__functions.h
[9.437s] -- Installing: /home/y/SA_CAO_Simu/SA_CAO/install/turtlebot3_msgs/include/turtlebot3_msgs/action/detail/patrol__struct.h
[9.437s] -- Installing: /home/y/SA_CAO_Simu/SA_CAO/install/turtlebot3_msgs/include/turtlebot3_msgs/action/patrol.h
[9.437s] -- Installing: /home/y/SA_CAO_Simu/SA_CAO/install/turtlebot3_msgs/include/turtlebot3_msgs/srv
[9.437s] -- Installing: /home/y/SA_CAO_Simu/SA_CAO/install/turtlebot3_msgs/include/turtlebot3_msgs/srv/dqn.h
[9.437s] -- Installing: /home/y/SA_CAO_Simu/SA_CAO/install/turtlebot3_msgs/include/turtlebot3_msgs/srv/detail
[9.437s] -- Installing: /home/y/SA_CAO_Simu/SA_CAO/install/turtlebot3_msgs/include/turtlebot3_msgs/srv/detail/dqn__type_support.h
[9.437s] -- Installing: /home/y/SA_CAO_Simu/SA_CAO/install/turtlebot3_msgs/include/turtlebot3_msgs/srv/detail/sound__functions.h
[9.437s] -- Installing: /home/y/SA_CAO_Simu/SA_CAO/install/turtlebot3_msgs/include/turtlebot3_msgs/srv/detail/sound__functions.c
[9.437s] -- Installing: /home/y/SA_CAO_Simu/SA_CAO/install/turtlebot3_msgs/include/turtlebot3_msgs/srv/detail/dqn__struct.h
[9.437s] -- Installing: /home/y/SA_CAO_Simu/SA_CAO/install/turtlebot3_msgs/include/turtlebot3_msgs/srv/detail/sound__type_support.h
[9.437s] -- Installing: /home/y/SA_CAO_Simu/SA_CAO/install/turtlebot3_msgs/include/turtlebot3_msgs/srv/detail/sound__struct.h
[9.437s] -- Installing: /home/y/SA_CAO_Simu/SA_CAO/install/turtlebot3_msgs/include/turtlebot3_msgs/srv/detail/dqn__functions.c
[9.437s] -- Installing: /home/y/SA_CAO_Simu/SA_CAO/install/turtlebot3_msgs/include/turtlebot3_msgs/srv/detail/dqn__functions.h
[9.437s] -- Installing: /home/y/SA_CAO_Simu/SA_CAO/install/turtlebot3_msgs/include/turtlebot3_msgs/srv/sound.h
[9.437s] -- Installing: /home/y/SA_CAO_Simu/SA_CAO/install/turtlebot3_msgs/share/turtlebot3_msgs/environment/library_path.sh
[9.437s] -- Installing: /home/y/SA_CAO_Simu/SA_CAO/install/turtlebot3_msgs/share/turtlebot3_msgs/environment/library_path.dsv
[9.437s] -- Installing: /home/y/SA_CAO_Simu/SA_CAO/install/turtlebot3_msgs/lib/libturtlebot3_msgs__rosidl_generator_c.so
[9.437s] -- Set runtime path of "/home/y/SA_CAO_Simu/SA_CAO/install/turtlebot3_msgs/lib/libturtlebot3_msgs__rosidl_generator_c.so" to ""
[9.437s] -- Up-to-date: /home/y/SA_CAO_Simu/SA_CAO/install/turtlebot3_msgs/include/turtlebot3_msgs
[9.437s] -- Up-to-date: /home/y/SA_CAO_Simu/SA_CAO/install/turtlebot3_msgs/include/turtlebot3_msgs/msg
[9.437s] -- Installing: /home/y/SA_CAO_Simu/SA_CAO/install/turtlebot3_msgs/include/turtlebot3_msgs/msg/rosidl_typesupport_fastrtps_c__visibility_control.h
[9.437s] -- Up-to-date: /home/y/SA_CAO_Simu/SA_CAO/install/turtlebot3_msgs/include/turtlebot3_msgs/msg/detail
[9.437s] -- Installing: /home/y/SA_CAO_Simu/SA_CAO/install/turtlebot3_msgs/include/turtlebot3_msgs/msg/detail/version_info__rosidl_typesupport_fastrtps_c.h
[9.437s] -- Installing: /home/y/SA_CAO_Simu/SA_CAO/install/turtlebot3_msgs/include/turtlebot3_msgs/msg/detail/sensor_state__rosidl_typesupport_fastrtps_c.h
[9.438s] -- Installing: /home/y/SA_CAO_Simu/SA_CAO/install/turtlebot3_msgs/include/turtlebot3_msgs/msg/detail/sound__rosidl_typesupport_fastrtps_c.h
[9.438s] -- Up-to-date: /home/y/SA_CAO_Simu/SA_CAO/install/turtlebot3_msgs/include/turtlebot3_msgs/action
[9.438s] -- Up-to-date: /home/y/SA_CAO_Simu/SA_CAO/install/turtlebot3_msgs/include/turtlebot3_msgs/action/detail
[9.438s] -- Installing: /home/y/SA_CAO_Simu/SA_CAO/install/turtlebot3_msgs/include/turtlebot3_msgs/action/detail/patrol__rosidl_typesupport_fastrtps_c.h
[9.438s] -- Up-to-date: /home/y/SA_CAO_Simu/SA_CAO/install/turtlebot3_msgs/include/turtlebot3_msgs/srv
[9.438s] -- Up-to-date: /home/y/SA_CAO_Simu/SA_CAO/install/turtlebot3_msgs/include/turtlebot3_msgs/srv/detail
[9.438s] -- Installing: /home/y/SA_CAO_Simu/SA_CAO/install/turtlebot3_msgs/include/turtlebot3_msgs/srv/detail/dqn__rosidl_typesupport_fastrtps_c.h
[9.438s] -- Installing: /home/y/SA_CAO_Simu/SA_CAO/install/turtlebot3_msgs/include/turtlebot3_msgs/srv/detail/sound__rosidl_typesupport_fastrtps_c.h
[9.438s] -- Installing: /home/y/SA_CAO_Simu/SA_CAO/install/turtlebot3_msgs/lib/libturtlebot3_msgs__rosidl_typesupport_fastrtps_c.so
[9.438s] -- Set runtime path of "/home/y/SA_CAO_Simu/SA_CAO/install/turtlebot3_msgs/lib/libturtlebot3_msgs__rosidl_typesupport_fastrtps_c.so" to ""
[9.438s] -- Up-to-date: /home/y/SA_CAO_Simu/SA_CAO/install/turtlebot3_msgs/include/turtlebot3_msgs
[9.438s] -- Up-to-date: /home/y/SA_CAO_Simu/SA_CAO/install/turtlebot3_msgs/include/turtlebot3_msgs/msg
[9.438s] -- Up-to-date: /home/y/SA_CAO_Simu/SA_CAO/install/turtlebot3_msgs/include/turtlebot3_msgs/msg/detail
[9.438s] -- Installing: /home/y/SA_CAO_Simu/SA_CAO/install/turtlebot3_msgs/include/turtlebot3_msgs/msg/detail/version_info__rosidl_typesupport_fastrtps_cpp.hpp
[9.438s] -- Installing: /home/y/SA_CAO_Simu/SA_CAO/install/turtlebot3_msgs/include/turtlebot3_msgs/msg/detail/sound__rosidl_typesupport_fastrtps_cpp.hpp
[9.438s] -- Installing: /home/y/SA_CAO_Simu/SA_CAO/install/turtlebot3_msgs/include/turtlebot3_msgs/msg/detail/dds_fastrtps
[9.438s] -- Installing: /home/y/SA_CAO_Simu/SA_CAO/install/turtlebot3_msgs/include/turtlebot3_msgs/msg/detail/sensor_state__rosidl_typesupport_fastrtps_cpp.hpp
[9.438s] -- Installing: /home/y/SA_CAO_Simu/SA_CAO/install/turtlebot3_msgs/include/turtlebot3_msgs/msg/rosidl_typesupport_fastrtps_cpp__visibility_control.h
[9.438s] -- Up-to-date: /home/y/SA_CAO_Simu/SA_CAO/install/turtlebot3_msgs/include/turtlebot3_msgs/action
[9.438s] -- Up-to-date: /home/y/SA_CAO_Simu/SA_CAO/install/turtlebot3_msgs/include/turtlebot3_msgs/action/detail
[9.438s] -- Installing: /home/y/SA_CAO_Simu/SA_CAO/install/turtlebot3_msgs/include/turtlebot3_msgs/action/detail/patrol__rosidl_typesupport_fastrtps_cpp.hpp
[9.438s] -- Installing: /home/y/SA_CAO_Simu/SA_CAO/install/turtlebot3_msgs/include/turtlebot3_msgs/action/detail/dds_fastrtps
[9.438s] -- Up-to-date: /home/y/SA_CAO_Simu/SA_CAO/install/turtlebot3_msgs/include/turtlebot3_msgs/srv
[9.438s] -- Up-to-date: /home/y/SA_CAO_Simu/SA_CAO/install/turtlebot3_msgs/include/turtlebot3_msgs/srv/detail
[9.438s] -- Installing: /home/y/SA_CAO_Simu/SA_CAO/install/turtlebot3_msgs/include/turtlebot3_msgs/srv/detail/dqn__rosidl_typesupport_fastrtps_cpp.hpp
[9.438s] -- Installing: /home/y/SA_CAO_Simu/SA_CAO/install/turtlebot3_msgs/include/turtlebot3_msgs/srv/detail/sound__rosidl_typesupport_fastrtps_cpp.hpp
[9.438s] -- Installing: /home/y/SA_CAO_Simu/SA_CAO/install/turtlebot3_msgs/include/turtlebot3_msgs/srv/detail/dds_fastrtps
[9.438s] -- Installing: /home/y/SA_CAO_Simu/SA_CAO/install/turtlebot3_msgs/lib/libturtlebot3_msgs__rosidl_typesupport_fastrtps_cpp.so
[9.438s] -- Set runtime path of "/home/y/SA_CAO_Simu/SA_CAO/install/turtlebot3_msgs/lib/libturtlebot3_msgs__rosidl_typesupport_fastrtps_cpp.so" to ""
[9.438s] -- Up-to-date: /home/y/SA_CAO_Simu/SA_CAO/install/turtlebot3_msgs/include/turtlebot3_msgs
[9.438s] -- Up-to-date: /home/y/SA_CAO_Simu/SA_CAO/install/turtlebot3_msgs/include/turtlebot3_msgs/msg
[9.438s] -- Up-to-date: /home/y/SA_CAO_Simu/SA_CAO/install/turtlebot3_msgs/include/turtlebot3_msgs/msg/detail
[9.438s] -- Installing: /home/y/SA_CAO_Simu/SA_CAO/install/turtlebot3_msgs/include/turtlebot3_msgs/msg/detail/version_info__type_support.c
[9.438s] -- Installing: /home/y/SA_CAO_Simu/SA_CAO/install/turtlebot3_msgs/include/turtlebot3_msgs/msg/detail/sensor_state__type_support.c
[9.438s] -- Installing: /home/y/SA_CAO_Simu/SA_CAO/install/turtlebot3_msgs/include/turtlebot3_msgs/msg/detail/sound__rosidl_typesupport_introspection_c.h
[9.438s] -- Installing: /home/y/SA_CAO_Simu/SA_CAO/install/turtlebot3_msgs/include/turtlebot3_msgs/msg/detail/sensor_state__rosidl_typesupport_introspection_c.h
[9.438s] -- Installing: /home/y/SA_CAO_Simu/SA_CAO/install/turtlebot3_msgs/include/turtlebot3_msgs/msg/detail/version_info__rosidl_typesupport_introspection_c.h
[9.438s] -- Installing: /home/y/SA_CAO_Simu/SA_CAO/install/turtlebot3_msgs/include/turtlebot3_msgs/msg/detail/sound__type_support.c
[9.438s] -- Installing: /home/y/SA_CAO_Simu/SA_CAO/install/turtlebot3_msgs/include/turtlebot3_msgs/msg/rosidl_typesupport_introspection_c__visibility_control.h
[9.438s] -- Up-to-date: /home/y/SA_CAO_Simu/SA_CAO/install/turtlebot3_msgs/include/turtlebot3_msgs/action
[9.438s] -- Up-to-date: /home/y/SA_CAO_Simu/SA_CAO/install/turtlebot3_msgs/include/turtlebot3_msgs/action/detail
[9.438s] -- Installing: /home/y/SA_CAO_Simu/SA_CAO/install/turtlebot3_msgs/include/turtlebot3_msgs/action/detail/patrol__rosidl_typesupport_introspection_c.h
[9.438s] -- Installing: /home/y/SA_CAO_Simu/SA_CAO/install/turtlebot3_msgs/include/turtlebot3_msgs/action/detail/patrol__type_support.c
[9.438s] -- Up-to-date: /home/y/SA_CAO_Simu/SA_CAO/install/turtlebot3_msgs/include/turtlebot3_msgs/srv
[9.438s] -- Up-to-date: /home/y/SA_CAO_Simu/SA_CAO/install/turtlebot3_msgs/include/turtlebot3_msgs/srv/detail
[9.438s] -- Installing: /home/y/SA_CAO_Simu/SA_CAO/install/turtlebot3_msgs/include/turtlebot3_msgs/srv/detail/dqn__rosidl_typesupport_introspection_c.h
[9.438s] -- Installing: /home/y/SA_CAO_Simu/SA_CAO/install/turtlebot3_msgs/include/turtlebot3_msgs/srv/detail/sound__rosidl_typesupport_introspection_c.h
[9.438s] -- Installing: /home/y/SA_CAO_Simu/SA_CAO/install/turtlebot3_msgs/include/turtlebot3_msgs/srv/detail/dqn__type_support.c
[9.438s] -- Installing: /home/y/SA_CAO_Simu/SA_CAO/install/turtlebot3_msgs/include/turtlebot3_msgs/srv/detail/sound__type_support.c
[9.438s] -- Installing: /home/y/SA_CAO_Simu/SA_CAO/install/turtlebot3_msgs/lib/libturtlebot3_msgs__rosidl_typesupport_introspection_c.so
[9.438s] -- Set runtime path of "/home/y/SA_CAO_Simu/SA_CAO/install/turtlebot3_msgs/lib/libturtlebot3_msgs__rosidl_typesupport_introspection_c.so" to ""
[9.439s] -- Installing: /home/y/SA_CAO_Simu/SA_CAO/install/turtlebot3_msgs/lib/libturtlebot3_msgs__rosidl_typesupport_c.so
[9.439s] -- Set runtime path of "/home/y/SA_CAO_Simu/SA_CAO/install/turtlebot3_msgs/lib/libturtlebot3_msgs__rosidl_typesupport_c.so" to ""
[9.439s] -- Up-to-date: /home/y/SA_CAO_Simu/SA_CAO/install/turtlebot3_msgs/include/turtlebot3_msgs
[9.439s] -- Up-to-date: /home/y/SA_CAO_Simu/SA_CAO/install/turtlebot3_msgs/include/turtlebot3_msgs/msg
[9.439s] -- Up-to-date: /home/y/SA_CAO_Simu/SA_CAO/install/turtlebot3_msgs/include/turtlebot3_msgs/msg/detail
[9.439s] -- Installing: /home/y/SA_CAO_Simu/SA_CAO/install/turtlebot3_msgs/include/turtlebot3_msgs/msg/detail/sensor_state__traits.hpp
[9.439s] -- Installing: /home/y/SA_CAO_Simu/SA_CAO/install/turtlebot3_msgs/include/turtlebot3_msgs/msg/detail/sound__struct.hpp
[9.439s] -- Installing: /home/y/SA_CAO_Simu/SA_CAO/install/turtlebot3_msgs/include/turtlebot3_msgs/msg/detail/version_info__struct.hpp
[9.439s] -- Installing: /home/y/SA_CAO_Simu/SA_CAO/install/turtlebot3_msgs/include/turtlebot3_msgs/msg/detail/sound__builder.hpp
[9.439s] -- Installing: /home/y/SA_CAO_Simu/SA_CAO/install/turtlebot3_msgs/include/turtlebot3_msgs/msg/detail/version_info__builder.hpp
[9.439s] -- Installing: /home/y/SA_CAO_Simu/SA_CAO/install/turtlebot3_msgs/include/turtlebot3_msgs/msg/detail/sensor_state__struct.hpp
[9.439s] -- Installing: /home/y/SA_CAO_Simu/SA_CAO/install/turtlebot3_msgs/include/turtlebot3_msgs/msg/detail/sound__type_support.hpp
[9.439s] -- Installing: /home/y/SA_CAO_Simu/SA_CAO/install/turtlebot3_msgs/include/turtlebot3_msgs/msg/detail/sensor_state__builder.hpp
[9.439s] -- Installing: /home/y/SA_CAO_Simu/SA_CAO/install/turtlebot3_msgs/include/turtlebot3_msgs/msg/detail/sensor_state__type_support.hpp
[9.439s] -- Installing: /home/y/SA_CAO_Simu/SA_CAO/install/turtlebot3_msgs/include/turtlebot3_msgs/msg/detail/version_info__traits.hpp
[9.439s] -- Installing: /home/y/SA_CAO_Simu/SA_CAO/install/turtlebot3_msgs/include/turtlebot3_msgs/msg/detail/version_info__type_support.hpp
[9.439s] -- Installing: /home/y/SA_CAO_Simu/SA_CAO/install/turtlebot3_msgs/include/turtlebot3_msgs/msg/detail/sound__traits.hpp
[9.439s] -- Installing: /home/y/SA_CAO_Simu/SA_CAO/install/turtlebot3_msgs/include/turtlebot3_msgs/msg/version_info.hpp
[9.439s] -- Installing: /home/y/SA_CAO_Simu/SA_CAO/install/turtlebot3_msgs/include/turtlebot3_msgs/msg/rosidl_generator_cpp__visibility_control.hpp
[9.439s] -- Installing: /home/y/SA_CAO_Simu/SA_CAO/install/turtlebot3_msgs/include/turtlebot3_msgs/msg/sound.hpp
[9.439s] -- Installing: /home/y/SA_CAO_Simu/SA_CAO/install/turtlebot3_msgs/include/turtlebot3_msgs/msg/sensor_state.hpp
[9.439s] -- Up-to-date: /home/y/SA_CAO_Simu/SA_CAO/install/turtlebot3_msgs/include/turtlebot3_msgs/action
[9.439s] -- Up-to-date: /home/y/SA_CAO_Simu/SA_CAO/install/turtlebot3_msgs/include/turtlebot3_msgs/action/detail
[9.439s] -- Installing: /home/y/SA_CAO_Simu/SA_CAO/install/turtlebot3_msgs/include/turtlebot3_msgs/action/detail/patrol__traits.hpp
[9.439s] -- Installing: /home/y/SA_CAO_Simu/SA_CAO/install/turtlebot3_msgs/include/turtlebot3_msgs/action/detail/patrol__builder.hpp
[9.439s] -- Installing: /home/y/SA_CAO_Simu/SA_CAO/install/turtlebot3_msgs/include/turtlebot3_msgs/action/detail/patrol__struct.hpp
[9.439s] -- Installing: /home/y/SA_CAO_Simu/SA_CAO/install/turtlebot3_msgs/include/turtlebot3_msgs/action/detail/patrol__type_support.hpp
[9.439s] -- Installing: /home/y/SA_CAO_Simu/SA_CAO/install/turtlebot3_msgs/include/turtlebot3_msgs/action/patrol.hpp
[9.439s] -- Up-to-date: /home/y/SA_CAO_Simu/SA_CAO/install/turtlebot3_msgs/include/turtlebot3_msgs/srv
[9.439s] -- Up-to-date: /home/y/SA_CAO_Simu/SA_CAO/install/turtlebot3_msgs/include/turtlebot3_msgs/srv/detail
[9.439s] -- Installing: /home/y/SA_CAO_Simu/SA_CAO/install/turtlebot3_msgs/include/turtlebot3_msgs/srv/detail/dqn__traits.hpp
[9.439s] -- Installing: /home/y/SA_CAO_Simu/SA_CAO/install/turtlebot3_msgs/include/turtlebot3_msgs/srv/detail/dqn__builder.hpp
[9.439s] -- Installing: /home/y/SA_CAO_Simu/SA_CAO/install/turtlebot3_msgs/include/turtlebot3_msgs/srv/detail/sound__struct.hpp
[9.439s] -- Installing: /home/y/SA_CAO_Simu/SA_CAO/install/turtlebot3_msgs/include/turtlebot3_msgs/srv/detail/sound__builder.hpp
[9.439s] -- Installing: /home/y/SA_CAO_Simu/SA_CAO/install/turtlebot3_msgs/include/turtlebot3_msgs/srv/detail/sound__type_support.hpp
[9.439s] -- Installing: /home/y/SA_CAO_Simu/SA_CAO/install/turtlebot3_msgs/include/turtlebot3_msgs/srv/detail/dqn__type_support.hpp
[9.439s] -- Installing: /home/y/SA_CAO_Simu/SA_CAO/install/turtlebot3_msgs/include/turtlebot3_msgs/srv/detail/dqn__struct.hpp
[9.439s] -- Installing: /home/y/SA_CAO_Simu/SA_CAO/install/turtlebot3_msgs/include/turtlebot3_msgs/srv/detail/sound__traits.hpp
[9.439s] -- Installing: /home/y/SA_CAO_Simu/SA_CAO/install/turtlebot3_msgs/include/turtlebot3_msgs/srv/dqn.hpp
[9.439s] -- Installing: /home/y/SA_CAO_Simu/SA_CAO/install/turtlebot3_msgs/include/turtlebot3_msgs/srv/sound.hpp
[9.439s] -- Up-to-date: /home/y/SA_CAO_Simu/SA_CAO/install/turtlebot3_msgs/include/turtlebot3_msgs
[9.439s] -- Up-to-date: /home/y/SA_CAO_Simu/SA_CAO/install/turtlebot3_msgs/include/turtlebot3_msgs/msg
[9.439s] -- Up-to-date: /home/y/SA_CAO_Simu/SA_CAO/install/turtlebot3_msgs/include/turtlebot3_msgs/msg/detail
[9.439s] -- Installing: /home/y/SA_CAO_Simu/SA_CAO/install/turtlebot3_msgs/include/turtlebot3_msgs/msg/detail/version_info__type_support.cpp
[9.439s] -- Installing: /home/y/SA_CAO_Simu/SA_CAO/install/turtlebot3_msgs/include/turtlebot3_msgs/msg/detail/sound__rosidl_typesupport_introspection_cpp.hpp
[9.439s] -- Installing: /home/y/SA_CAO_Simu/SA_CAO/install/turtlebot3_msgs/include/turtlebot3_msgs/msg/detail/sensor_state__type_support.cpp
[9.439s] -- Installing: /home/y/SA_CAO_Simu/SA_CAO/install/turtlebot3_msgs/include/turtlebot3_msgs/msg/detail/sensor_state__rosidl_typesupport_introspection_cpp.hpp
[9.439s] -- Installing: /home/y/SA_CAO_Simu/SA_CAO/install/turtlebot3_msgs/include/turtlebot3_msgs/msg/detail/sound__type_support.cpp
[9.439s] -- Installing: /home/y/SA_CAO_Simu/SA_CAO/install/turtlebot3_msgs/include/turtlebot3_msgs/msg/detail/version_info__rosidl_typesupport_introspection_cpp.hpp
[9.439s] -- Up-to-date: /home/y/SA_CAO_Simu/SA_CAO/install/turtlebot3_msgs/include/turtlebot3_msgs/action
[9.439s] -- Up-to-date: /home/y/SA_CAO_Simu/SA_CAO/install/turtlebot3_msgs/include/turtlebot3_msgs/action/detail
[9.439s] -- Installing: /home/y/SA_CAO_Simu/SA_CAO/install/turtlebot3_msgs/include/turtlebot3_msgs/action/detail/patrol__rosidl_typesupport_introspection_cpp.hpp
[9.439s] -- Installing: /home/y/SA_CAO_Simu/SA_CAO/install/turtlebot3_msgs/include/turtlebot3_msgs/action/detail/patrol__type_support.cpp
[9.439s] -- Up-to-date: /home/y/SA_CAO_Simu/SA_CAO/install/turtlebot3_msgs/include/turtlebot3_msgs/srv
[9.439s] -- Up-to-date: /home/y/SA_CAO_Simu/SA_CAO/install/turtlebot3_msgs/include/turtlebot3_msgs/srv/detail
[9.440s] -- Installing: /home/y/SA_CAO_Simu/SA_CAO/install/turtlebot3_msgs/include/turtlebot3_msgs/srv/detail/sound__rosidl_typesupport_introspection_cpp.hpp
[9.440s] -- Installing: /home/y/SA_CAO_Simu/SA_CAO/install/turtlebot3_msgs/include/turtlebot3_msgs/srv/detail/sound__type_support.cpp
[9.440s] -- Installing: /home/y/SA_CAO_Simu/SA_CAO/install/turtlebot3_msgs/include/turtlebot3_msgs/srv/detail/dqn__type_support.cpp
[9.440s] -- Installing: /home/y/SA_CAO_Simu/SA_CAO/install/turtlebot3_msgs/include/turtlebot3_msgs/srv/detail/dqn__rosidl_typesupport_introspection_cpp.hpp
[9.440s] -- Installing: /home/y/SA_CAO_Simu/SA_CAO/install/turtlebot3_msgs/lib/libturtlebot3_msgs__rosidl_typesupport_introspection_cpp.so
[9.440s] -- Set runtime path of "/home/y/SA_CAO_Simu/SA_CAO/install/turtlebot3_msgs/lib/libturtlebot3_msgs__rosidl_typesupport_introspection_cpp.so" to ""
[9.440s] -- Installing: /home/y/SA_CAO_Simu/SA_CAO/install/turtlebot3_msgs/lib/libturtlebot3_msgs__rosidl_typesupport_cpp.so
[9.440s] -- Set runtime path of "/home/y/SA_CAO_Simu/SA_CAO/install/turtlebot3_msgs/lib/libturtlebot3_msgs__rosidl_typesupport_cpp.so" to ""
[9.440s] -- Installing: /home/y/SA_CAO_Simu/SA_CAO/install/turtlebot3_msgs/share/turtlebot3_msgs/environment/pythonpath.sh
[9.440s] -- Installing: /home/y/SA_CAO_Simu/SA_CAO/install/turtlebot3_msgs/share/turtlebot3_msgs/environment/pythonpath.dsv
[9.440s] -- Installing: /home/y/SA_CAO_Simu/SA_CAO/install/turtlebot3_msgs/lib/python3.8/site-packages/turtlebot3_msgs/__init__.py
[9.452s] Compiling '/home/y/SA_CAO_Simu/SA_CAO/install/turtlebot3_msgs/lib/python3.8/site-packages/turtlebot3_msgs/__init__.py'...
[9.454s] -- Installing: /home/y/SA_CAO_Simu/SA_CAO/install/turtlebot3_msgs/lib/python3.8/site-packages/turtlebot3_msgs/msg
[9.454s] -- Installing: /home/y/SA_CAO_Simu/SA_CAO/install/turtlebot3_msgs/lib/python3.8/site-packages/turtlebot3_msgs/msg/_version_info.py
[9.454s] -- Installing: /home/y/SA_CAO_Simu/SA_CAO/install/turtlebot3_msgs/lib/python3.8/site-packages/turtlebot3_msgs/msg/_sound_s.c
[9.454s] -- Installing: /home/y/SA_CAO_Simu/SA_CAO/install/turtlebot3_msgs/lib/python3.8/site-packages/turtlebot3_msgs/msg/__init__.py
[9.454s] -- Installing: /home/y/SA_CAO_Simu/SA_CAO/install/turtlebot3_msgs/lib/python3.8/site-packages/turtlebot3_msgs/msg/_sensor_state.py
[9.454s] -- Installing: /home/y/SA_CAO_Simu/SA_CAO/install/turtlebot3_msgs/lib/python3.8/site-packages/turtlebot3_msgs/msg/_sensor_state_s.c
[9.454s] -- Installing: /home/y/SA_CAO_Simu/SA_CAO/install/turtlebot3_msgs/lib/python3.8/site-packages/turtlebot3_msgs/msg/_version_info_s.c
[9.454s] -- Installing: /home/y/SA_CAO_Simu/SA_CAO/install/turtlebot3_msgs/lib/python3.8/site-packages/turtlebot3_msgs/msg/_sound.py
[9.454s] -- Installing: /home/y/SA_CAO_Simu/SA_CAO/install/turtlebot3_msgs/lib/python3.8/site-packages/turtlebot3_msgs/srv
[9.454s] -- Installing: /home/y/SA_CAO_Simu/SA_CAO/install/turtlebot3_msgs/lib/python3.8/site-packages/turtlebot3_msgs/srv/_sound_s.c
[9.454s] -- Installing: /home/y/SA_CAO_Simu/SA_CAO/install/turtlebot3_msgs/lib/python3.8/site-packages/turtlebot3_msgs/srv/__init__.py
[9.454s] -- Installing: /home/y/SA_CAO_Simu/SA_CAO/install/turtlebot3_msgs/lib/python3.8/site-packages/turtlebot3_msgs/srv/_dqn.py
[9.454s] -- Installing: /home/y/SA_CAO_Simu/SA_CAO/install/turtlebot3_msgs/lib/python3.8/site-packages/turtlebot3_msgs/srv/_sound.py
[9.454s] -- Installing: /home/y/SA_CAO_Simu/SA_CAO/install/turtlebot3_msgs/lib/python3.8/site-packages/turtlebot3_msgs/srv/_dqn_s.c
[9.454s] -- Installing: /home/y/SA_CAO_Simu/SA_CAO/install/turtlebot3_msgs/lib/python3.8/site-packages/turtlebot3_msgs/action
[9.454s] -- Installing: /home/y/SA_CAO_Simu/SA_CAO/install/turtlebot3_msgs/lib/python3.8/site-packages/turtlebot3_msgs/action/_patrol_s.c
[9.454s] -- Installing: /home/y/SA_CAO_Simu/SA_CAO/install/turtlebot3_msgs/lib/python3.8/site-packages/turtlebot3_msgs/action/__init__.py
[9.454s] -- Installing: /home/y/SA_CAO_Simu/SA_CAO/install/turtlebot3_msgs/lib/python3.8/site-packages/turtlebot3_msgs/action/_patrol.py
[9.454s] -- Installing: /home/y/SA_CAO_Simu/SA_CAO/install/turtlebot3_msgs/lib/python3.8/site-packages/turtlebot3_msgs/turtlebot3_msgs_s__rosidl_typesupport_fastrtps_c.cpython-38-aarch64-linux-gnu.so
[9.455s] -- Set runtime path of "/home/y/SA_CAO_Simu/SA_CAO/install/turtlebot3_msgs/lib/python3.8/site-packages/turtlebot3_msgs/turtlebot3_msgs_s__rosidl_typesupport_fastrtps_c.cpython-38-aarch64-linux-gnu.so" to ""
[9.455s] -- Installing: /home/y/SA_CAO_Simu/SA_CAO/install/turtlebot3_msgs/lib/python3.8/site-packages/turtlebot3_msgs/turtlebot3_msgs_s__rosidl_typesupport_introspection_c.cpython-38-aarch64-linux-gnu.so
[9.455s] -- Set runtime path of "/home/y/SA_CAO_Simu/SA_CAO/install/turtlebot3_msgs/lib/python3.8/site-packages/turtlebot3_msgs/turtlebot3_msgs_s__rosidl_typesupport_introspection_c.cpython-38-aarch64-linux-gnu.so" to ""
[9.455s] -- Installing: /home/y/SA_CAO_Simu/SA_CAO/install/turtlebot3_msgs/lib/python3.8/site-packages/turtlebot3_msgs/turtlebot3_msgs_s__rosidl_typesupport_c.cpython-38-aarch64-linux-gnu.so
[9.455s] -- Set runtime path of "/home/y/SA_CAO_Simu/SA_CAO/install/turtlebot3_msgs/lib/python3.8/site-packages/turtlebot3_msgs/turtlebot3_msgs_s__rosidl_typesupport_c.cpython-38-aarch64-linux-gnu.so" to ""
[9.455s] -- Installing: /home/y/SA_CAO_Simu/SA_CAO/install/turtlebot3_msgs/lib/libturtlebot3_msgs__python.so
[9.456s] -- Set runtime path of "/home/y/SA_CAO_Simu/SA_CAO/install/turtlebot3_msgs/lib/libturtlebot3_msgs__python.so" to ""
[9.456s] -- Installing: /home/y/SA_CAO_Simu/SA_CAO/install/turtlebot3_msgs/share/turtlebot3_msgs/msg/SensorState.idl
[9.456s] -- Installing: /home/y/SA_CAO_Simu/SA_CAO/install/turtlebot3_msgs/share/turtlebot3_msgs/msg/Sound.idl
[9.456s] -- Installing: /home/y/SA_CAO_Simu/SA_CAO/install/turtlebot3_msgs/share/turtlebot3_msgs/msg/VersionInfo.idl
[9.456s] -- Installing: /home/y/SA_CAO_Simu/SA_CAO/install/turtlebot3_msgs/share/turtlebot3_msgs/srv/Sound.idl
[9.456s] -- Installing: /home/y/SA_CAO_Simu/SA_CAO/install/turtlebot3_msgs/share/turtlebot3_msgs/srv/Dqn.idl
[9.456s] -- Installing: /home/y/SA_CAO_Simu/SA_CAO/install/turtlebot3_msgs/share/turtlebot3_msgs/action/Patrol.idl
[9.456s] -- Installing: /home/y/SA_CAO_Simu/SA_CAO/install/turtlebot3_msgs/share/turtlebot3_msgs/msg/SensorState.msg
[9.456s] -- Installing: /home/y/SA_CAO_Simu/SA_CAO/install/turtlebot3_msgs/share/turtlebot3_msgs/msg/Sound.msg
[9.456s] -- Installing: /home/y/SA_CAO_Simu/SA_CAO/install/turtlebot3_msgs/share/turtlebot3_msgs/msg/VersionInfo.msg
[9.456s] -- Installing: /home/y/SA_CAO_Simu/SA_CAO/install/turtlebot3_msgs/share/turtlebot3_msgs/srv/Sound.srv
[9.456s] -- Installing: /home/y/SA_CAO_Simu/SA_CAO/install/turtlebot3_msgs/share/turtlebot3_msgs/srv/Sound_Request.msg
[9.456s] -- Installing: /home/y/SA_CAO_Simu/SA_CAO/install/turtlebot3_msgs/share/turtlebot3_msgs/srv/Sound_Response.msg
[9.456s] -- Installing: /home/y/SA_CAO_Simu/SA_CAO/install/turtlebot3_msgs/share/turtlebot3_msgs/srv/Dqn.srv
[9.456s] -- Installing: /home/y/SA_CAO_Simu/SA_CAO/install/turtlebot3_msgs/share/turtlebot3_msgs/srv/Dqn_Request.msg
[9.456s] -- Installing: /home/y/SA_CAO_Simu/SA_CAO/install/turtlebot3_msgs/share/turtlebot3_msgs/srv/Dqn_Response.msg
[9.456s] -- Installing: /home/y/SA_CAO_Simu/SA_CAO/install/turtlebot3_msgs/share/turtlebot3_msgs/action/Patrol.action
[9.456s] -- Installing: /home/y/SA_CAO_Simu/SA_CAO/install/turtlebot3_msgs/share/ament_index/resource_index/package_run_dependencies/turtlebot3_msgs
[9.456s] -- Installing: /home/y/SA_CAO_Simu/SA_CAO/install/turtlebot3_msgs/share/ament_index/resource_index/parent_prefix_path/turtlebot3_msgs
[9.456s] -- Installing: /home/y/SA_CAO_Simu/SA_CAO/install/turtlebot3_msgs/share/turtlebot3_msgs/environment/ament_prefix_path.sh
[9.456s] -- Installing: /home/y/SA_CAO_Simu/SA_CAO/install/turtlebot3_msgs/share/turtlebot3_msgs/environment/ament_prefix_path.dsv
[9.456s] -- Installing: /home/y/SA_CAO_Simu/SA_CAO/install/turtlebot3_msgs/share/turtlebot3_msgs/environment/path.sh
[9.456s] -- Installing: /home/y/SA_CAO_Simu/SA_CAO/install/turtlebot3_msgs/share/turtlebot3_msgs/environment/path.dsv
[9.456s] -- Installing: /home/y/SA_CAO_Simu/SA_CAO/install/turtlebot3_msgs/share/turtlebot3_msgs/local_setup.bash
[9.456s] -- Installing: /home/y/SA_CAO_Simu/SA_CAO/install/turtlebot3_msgs/share/turtlebot3_msgs/local_setup.sh
[9.457s] -- Installing: /home/y/SA_CAO_Simu/SA_CAO/install/turtlebot3_msgs/share/turtlebot3_msgs/local_setup.zsh
[9.457s] -- Installing: /home/y/SA_CAO_Simu/SA_CAO/install/turtlebot3_msgs/share/turtlebot3_msgs/local_setup.dsv
[9.457s] -- Installing: /home/y/SA_CAO_Simu/SA_CAO/install/turtlebot3_msgs/share/turtlebot3_msgs/package.dsv
[9.457s] -- Installing: /home/y/SA_CAO_Simu/SA_CAO/install/turtlebot3_msgs/share/ament_index/resource_index/packages/turtlebot3_msgs
[9.457s] -- Installing: /home/y/SA_CAO_Simu/SA_CAO/install/turtlebot3_msgs/share/turtlebot3_msgs/cmake/turtlebot3_msgs__rosidl_generator_cExport.cmake
[9.457s] -- Installing: /home/y/SA_CAO_Simu/SA_CAO/install/turtlebot3_msgs/share/turtlebot3_msgs/cmake/turtlebot3_msgs__rosidl_generator_cExport-noconfig.cmake
[9.457s] -- Installing: /home/y/SA_CAO_Simu/SA_CAO/install/turtlebot3_msgs/share/turtlebot3_msgs/cmake/turtlebot3_msgs__rosidl_typesupport_introspection_cExport.cmake
[9.457s] -- Installing: /home/y/SA_CAO_Simu/SA_CAO/install/turtlebot3_msgs/share/turtlebot3_msgs/cmake/turtlebot3_msgs__rosidl_typesupport_introspection_cExport-noconfig.cmake
[9.457s] -- Installing: /home/y/SA_CAO_Simu/SA_CAO/install/turtlebot3_msgs/share/turtlebot3_msgs/cmake/turtlebot3_msgs__rosidl_typesupport_cExport.cmake
[9.457s] -- Installing: /home/y/SA_CAO_Simu/SA_CAO/install/turtlebot3_msgs/share/turtlebot3_msgs/cmake/turtlebot3_msgs__rosidl_typesupport_cExport-noconfig.cmake
[9.457s] -- Installing: /home/y/SA_CAO_Simu/SA_CAO/install/turtlebot3_msgs/share/turtlebot3_msgs/cmake/turtlebot3_msgs__rosidl_generator_cppExport.cmake
[9.457s] -- Installing: /home/y/SA_CAO_Simu/SA_CAO/install/turtlebot3_msgs/share/turtlebot3_msgs/cmake/turtlebot3_msgs__rosidl_typesupport_introspection_cppExport.cmake
[9.457s] -- Installing: /home/y/SA_CAO_Simu/SA_CAO/install/turtlebot3_msgs/share/turtlebot3_msgs/cmake/turtlebot3_msgs__rosidl_typesupport_introspection_cppExport-noconfig.cmake
[9.457s] -- Installing: /home/y/SA_CAO_Simu/SA_CAO/install/turtlebot3_msgs/share/turtlebot3_msgs/cmake/turtlebot3_msgs__rosidl_typesupport_cppExport.cmake
[9.457s] -- Installing: /home/y/SA_CAO_Simu/SA_CAO/install/turtlebot3_msgs/share/turtlebot3_msgs/cmake/turtlebot3_msgs__rosidl_typesupport_cppExport-noconfig.cmake
[9.458s] -- Installing: /home/y/SA_CAO_Simu/SA_CAO/install/turtlebot3_msgs/share/turtlebot3_msgs/cmake/rosidl_cmake-extras.cmake
[9.458s] -- Installing: /home/y/SA_CAO_Simu/SA_CAO/install/turtlebot3_msgs/share/turtlebot3_msgs/cmake/ament_cmake_export_dependencies-extras.cmake
[9.458s] -- Installing: /home/y/SA_CAO_Simu/SA_CAO/install/turtlebot3_msgs/share/turtlebot3_msgs/cmake/ament_cmake_export_libraries-extras.cmake
[9.458s] -- Installing: /home/y/SA_CAO_Simu/SA_CAO/install/turtlebot3_msgs/share/turtlebot3_msgs/cmake/ament_cmake_export_targets-extras.cmake
[9.458s] -- Installing: /home/y/SA_CAO_Simu/SA_CAO/install/turtlebot3_msgs/share/turtlebot3_msgs/cmake/ament_cmake_export_include_directories-extras.cmake
[9.458s] -- Installing: /home/y/SA_CAO_Simu/SA_CAO/install/turtlebot3_msgs/share/turtlebot3_msgs/cmake/rosidl_cmake_export_typesupport_libraries-extras.cmake
[9.458s] -- Installing: /home/y/SA_CAO_Simu/SA_CAO/install/turtlebot3_msgs/share/turtlebot3_msgs/cmake/rosidl_cmake_export_typesupport_targets-extras.cmake
[9.458s] -- Installing: /home/y/SA_CAO_Simu/SA_CAO/install/turtlebot3_msgs/share/turtlebot3_msgs/cmake/turtlebot3_msgsConfig.cmake
[9.459s] -- Installing: /home/y/SA_CAO_Simu/SA_CAO/install/turtlebot3_msgs/share/turtlebot3_msgs/cmake/turtlebot3_msgsConfig-version.cmake
[9.462s] -- Installing: /home/y/SA_CAO_Simu/SA_CAO/install/turtlebot3_msgs/share/turtlebot3_msgs/package.xml
[9.468s] Invoked command in '/home/y/SA_CAO_Simu/SA_CAO/build/turtlebot3_msgs' returned '0': CMAKE_PREFIX_PATH=/opt/ros/foxy /usr/bin/cmake --install /home/y/SA_CAO_Simu/SA_CAO/build/turtlebot3_msgs
