[0.017s] Invoking command in '/home/y/SA_CAO_Simu/SA_CAO/build/motion_msgs': CMAKE_PREFIX_PATH=${CMAKE_PREFIX_PATH}:/home/y/SA_CAO_Simu/SA_CAO/install/turtlebot3_teleop:/home/y/SA_CAO_Simu/SA_CAO/install/turtlebot3_example:/home/y/SA_CAO_Simu/SA_CAO/install/pure_pursuit:/home/y/SA_CAO_Simu/SA_CAO/install/my_balance_pkg:/home/y/SA_CAO_Simu/SA_CAO/install/launch_diablo:/opt/ros/foxy /usr/bin/cmake --build /home/y/SA_CAO_Simu/SA_CAO/build/motion_msgs -- -j2 -l2
[0.059s] [ 11%] Built target motion_msgs__rosidl_generator_c
[0.062s] [ 12%] Built target motion_msgs__cpp
[0.076s] [ 23%] Built target motion_msgs__rosidl_typesupport_c
[0.085s] [ 35%] Built target motion_msgs__rosidl_typesupport_introspection_c
[0.107s] [ 46%] Built target motion_msgs__rosidl_typesupport_introspection_cpp
[0.115s] [ 57%] Built target motion_msgs__rosidl_typesupport_cpp
[0.127s] [ 69%] Built target motion_msgs__rosidl_typesupport_fastrtps_cpp
[0.159s] [ 80%] Built target motion_msgs__rosidl_typesupport_fastrtps_c
[0.176s] [ 80%] Built target motion_msgs
[0.196s] [ 81%] Built target motion_msgs__py
[0.217s] [ 91%] Built target motion_msgs__python
[0.242s] [ 94%] Built target motion_msgs__rosidl_typesupport_c__pyext
[0.248s] [ 97%] Built target motion_msgs__rosidl_typesupport_introspection_c__pyext
[0.262s] [100%] Built target motion_msgs__rosidl_typesupport_fastrtps_c__pyext
[0.287s] Invoked command in '/home/y/SA_CAO_Simu/SA_CAO/build/motion_msgs' returned '0': CMAKE_PREFIX_PATH=${CMAKE_PREFIX_PATH}:/home/y/SA_CAO_Simu/SA_CAO/install/turtlebot3_teleop:/home/y/SA_CAO_Simu/SA_CAO/install/turtlebot3_example:/home/y/SA_CAO_Simu/SA_CAO/install/pure_pursuit:/home/y/SA_CAO_Simu/SA_CAO/install/my_balance_pkg:/home/y/SA_CAO_Simu/SA_CAO/install/launch_diablo:/opt/ros/foxy /usr/bin/cmake --build /home/y/SA_CAO_Simu/SA_CAO/build/motion_msgs -- -j2 -l2
[0.288s] Invoking command in '/home/y/SA_CAO_Simu/SA_CAO/build/motion_msgs': CMAKE_PREFIX_PATH=${CMAKE_PREFIX_PATH}:/home/y/SA_CAO_Simu/SA_CAO/install/turtlebot3_teleop:/home/y/SA_CAO_Simu/SA_CAO/install/turtlebot3_example:/home/y/SA_CAO_Simu/SA_CAO/install/pure_pursuit:/home/y/SA_CAO_Simu/SA_CAO/install/my_balance_pkg:/home/y/SA_CAO_Simu/SA_CAO/install/launch_diablo:/opt/ros/foxy /usr/bin/cmake --install /home/y/SA_CAO_Simu/SA_CAO/build/motion_msgs
[0.293s] -- Install configuration: ""
[0.294s] -- Up-to-date: /home/y/SA_CAO_Simu/SA_CAO/install/motion_msgs/share/ament_index/resource_index/rosidl_interfaces/motion_msgs
[0.294s] -- Up-to-date: /home/y/SA_CAO_Simu/SA_CAO/install/motion_msgs/include/motion_msgs
[0.294s] -- Up-to-date: /home/y/SA_CAO_Simu/SA_CAO/install/motion_msgs/include/motion_msgs/msg
[0.294s] -- Up-to-date: /home/y/SA_CAO_Simu/SA_CAO/install/motion_msgs/include/motion_msgs/msg/robot_status.h
[0.294s] -- Up-to-date: /home/y/SA_CAO_Simu/SA_CAO/install/motion_msgs/include/motion_msgs/msg/movement_ctrl_data.h
[0.294s] -- Up-to-date: /home/y/SA_CAO_Simu/SA_CAO/install/motion_msgs/include/motion_msgs/msg/motion_ctrl.h
[0.294s] -- Up-to-date: /home/y/SA_CAO_Simu/SA_CAO/install/motion_msgs/include/motion_msgs/msg/detail
[0.294s] -- Up-to-date: /home/y/SA_CAO_Simu/SA_CAO/install/motion_msgs/include/motion_msgs/msg/detail/ctrl_plot__functions.h
[0.294s] -- Up-to-date: /home/y/SA_CAO_Simu/SA_CAO/install/motion_msgs/include/motion_msgs/msg/detail/movement_ctrl_data__functions.h
[0.294s] -- Up-to-date: /home/y/SA_CAO_Simu/SA_CAO/install/motion_msgs/include/motion_msgs/msg/detail/ctrl_plot__struct.h
[0.294s] -- Up-to-date: /home/y/SA_CAO_Simu/SA_CAO/install/motion_msgs/include/motion_msgs/msg/detail/movement_ctrl_mode__functions.h
[0.294s] -- Up-to-date: /home/y/SA_CAO_Simu/SA_CAO/install/motion_msgs/include/motion_msgs/msg/detail/leg_motors__functions.h
[0.294s] -- Up-to-date: /home/y/SA_CAO_Simu/SA_CAO/install/motion_msgs/include/motion_msgs/msg/detail/robot_status__functions.c
[0.294s] -- Up-to-date: /home/y/SA_CAO_Simu/SA_CAO/install/motion_msgs/include/motion_msgs/msg/detail/robot_status__functions.h
[0.294s] -- Up-to-date: /home/y/SA_CAO_Simu/SA_CAO/install/motion_msgs/include/motion_msgs/msg/detail/movement_ctrl_mode__functions.c
[0.294s] -- Up-to-date: /home/y/SA_CAO_Simu/SA_CAO/install/motion_msgs/include/motion_msgs/msg/detail/movement_ctrl_data__struct.h
[0.294s] -- Up-to-date: /home/y/SA_CAO_Simu/SA_CAO/install/motion_msgs/include/motion_msgs/msg/detail/motion_ctrl__functions.h
[0.294s] -- Up-to-date: /home/y/SA_CAO_Simu/SA_CAO/install/motion_msgs/include/motion_msgs/msg/detail/ctrl_plot__functions.c
[0.294s] -- Up-to-date: /home/y/SA_CAO_Simu/SA_CAO/install/motion_msgs/include/motion_msgs/msg/detail/robot_status__struct.h
[0.294s] -- Up-to-date: /home/y/SA_CAO_Simu/SA_CAO/install/motion_msgs/include/motion_msgs/msg/detail/robot_status__type_support.h
[0.294s] -- Up-to-date: /home/y/SA_CAO_Simu/SA_CAO/install/motion_msgs/include/motion_msgs/msg/detail/movement_ctrl_data__type_support.h
[0.295s] -- Up-to-date: /home/y/SA_CAO_Simu/SA_CAO/install/motion_msgs/include/motion_msgs/msg/detail/movement_ctrl_data__functions.c
[0.295s] -- Up-to-date: /home/y/SA_CAO_Simu/SA_CAO/install/motion_msgs/include/motion_msgs/msg/detail/motion_ctrl__functions.c
[0.295s] -- Up-to-date: /home/y/SA_CAO_Simu/SA_CAO/install/motion_msgs/include/motion_msgs/msg/detail/leg_motors__type_support.h
[0.295s] -- Up-to-date: /home/y/SA_CAO_Simu/SA_CAO/install/motion_msgs/include/motion_msgs/msg/detail/leg_motors__functions.c
[0.295s] -- Up-to-date: /home/y/SA_CAO_Simu/SA_CAO/install/motion_msgs/include/motion_msgs/msg/detail/leg_motors__struct.h
[0.295s] -- Up-to-date: /home/y/SA_CAO_Simu/SA_CAO/install/motion_msgs/include/motion_msgs/msg/detail/motion_ctrl__type_support.h
[0.295s] -- Up-to-date: /home/y/SA_CAO_Simu/SA_CAO/install/motion_msgs/include/motion_msgs/msg/detail/movement_ctrl_mode__type_support.h
[0.295s] -- Up-to-date: /home/y/SA_CAO_Simu/SA_CAO/install/motion_msgs/include/motion_msgs/msg/detail/motion_ctrl__struct.h
[0.295s] -- Up-to-date: /home/y/SA_CAO_Simu/SA_CAO/install/motion_msgs/include/motion_msgs/msg/detail/movement_ctrl_mode__struct.h
[0.295s] -- Up-to-date: /home/y/SA_CAO_Simu/SA_CAO/install/motion_msgs/include/motion_msgs/msg/detail/ctrl_plot__type_support.h
[0.295s] -- Up-to-date: /home/y/SA_CAO_Simu/SA_CAO/install/motion_msgs/include/motion_msgs/msg/rosidl_generator_c__visibility_control.h
[0.295s] -- Up-to-date: /home/y/SA_CAO_Simu/SA_CAO/install/motion_msgs/include/motion_msgs/msg/movement_ctrl_mode.h
[0.295s] -- Up-to-date: /home/y/SA_CAO_Simu/SA_CAO/install/motion_msgs/include/motion_msgs/msg/leg_motors.h
[0.295s] -- Up-to-date: /home/y/SA_CAO_Simu/SA_CAO/install/motion_msgs/include/motion_msgs/msg/ctrl_plot.h
[0.296s] -- Up-to-date: /home/y/SA_CAO_Simu/SA_CAO/install/motion_msgs/share/motion_msgs/environment/library_path.sh
[0.296s] -- Up-to-date: /home/y/SA_CAO_Simu/SA_CAO/install/motion_msgs/share/motion_msgs/environment/library_path.dsv
[0.296s] -- Up-to-date: /home/y/SA_CAO_Simu/SA_CAO/install/motion_msgs/lib/libmotion_msgs__rosidl_generator_c.so
[0.296s] -- Up-to-date: /home/y/SA_CAO_Simu/SA_CAO/install/motion_msgs/include/motion_msgs
[0.296s] -- Up-to-date: /home/y/SA_CAO_Simu/SA_CAO/install/motion_msgs/include/motion_msgs/msg
[0.297s] -- Up-to-date: /home/y/SA_CAO_Simu/SA_CAO/install/motion_msgs/include/motion_msgs/msg/rosidl_typesupport_fastrtps_c__visibility_control.h
[0.297s] -- Up-to-date: /home/y/SA_CAO_Simu/SA_CAO/install/motion_msgs/include/motion_msgs/msg/detail
[0.297s] -- Up-to-date: /home/y/SA_CAO_Simu/SA_CAO/install/motion_msgs/include/motion_msgs/msg/detail/motion_ctrl__rosidl_typesupport_fastrtps_c.h
[0.297s] -- Up-to-date: /home/y/SA_CAO_Simu/SA_CAO/install/motion_msgs/include/motion_msgs/msg/detail/movement_ctrl_mode__rosidl_typesupport_fastrtps_c.h
[0.297s] -- Up-to-date: /home/y/SA_CAO_Simu/SA_CAO/install/motion_msgs/include/motion_msgs/msg/detail/robot_status__rosidl_typesupport_fastrtps_c.h
[0.297s] -- Up-to-date: /home/y/SA_CAO_Simu/SA_CAO/install/motion_msgs/include/motion_msgs/msg/detail/ctrl_plot__rosidl_typesupport_fastrtps_c.h
[0.297s] -- Up-to-date: /home/y/SA_CAO_Simu/SA_CAO/install/motion_msgs/include/motion_msgs/msg/detail/movement_ctrl_data__rosidl_typesupport_fastrtps_c.h
[0.297s] -- Up-to-date: /home/y/SA_CAO_Simu/SA_CAO/install/motion_msgs/include/motion_msgs/msg/detail/leg_motors__rosidl_typesupport_fastrtps_c.h
[0.297s] -- Up-to-date: /home/y/SA_CAO_Simu/SA_CAO/install/motion_msgs/lib/libmotion_msgs__rosidl_typesupport_fastrtps_c.so
[0.298s] -- Up-to-date: /home/y/SA_CAO_Simu/SA_CAO/install/motion_msgs/include/motion_msgs
[0.298s] -- Up-to-date: /home/y/SA_CAO_Simu/SA_CAO/install/motion_msgs/include/motion_msgs/msg
[0.298s] -- Up-to-date: /home/y/SA_CAO_Simu/SA_CAO/install/motion_msgs/include/motion_msgs/msg/detail
[0.298s] -- Up-to-date: /home/y/SA_CAO_Simu/SA_CAO/install/motion_msgs/include/motion_msgs/msg/detail/motion_ctrl__rosidl_typesupport_fastrtps_cpp.hpp
[0.298s] -- Up-to-date: /home/y/SA_CAO_Simu/SA_CAO/install/motion_msgs/include/motion_msgs/msg/detail/robot_status__rosidl_typesupport_fastrtps_cpp.hpp
[0.298s] -- Up-to-date: /home/y/SA_CAO_Simu/SA_CAO/install/motion_msgs/include/motion_msgs/msg/detail/movement_ctrl_mode__rosidl_typesupport_fastrtps_cpp.hpp
[0.298s] -- Up-to-date: /home/y/SA_CAO_Simu/SA_CAO/install/motion_msgs/include/motion_msgs/msg/detail/movement_ctrl_data__rosidl_typesupport_fastrtps_cpp.hpp
[0.298s] -- Up-to-date: /home/y/SA_CAO_Simu/SA_CAO/install/motion_msgs/include/motion_msgs/msg/detail/dds_fastrtps
[0.298s] -- Up-to-date: /home/y/SA_CAO_Simu/SA_CAO/install/motion_msgs/include/motion_msgs/msg/detail/ctrl_plot__rosidl_typesupport_fastrtps_cpp.hpp
[0.298s] -- Up-to-date: /home/y/SA_CAO_Simu/SA_CAO/install/motion_msgs/include/motion_msgs/msg/detail/leg_motors__rosidl_typesupport_fastrtps_cpp.hpp
[0.298s] -- Up-to-date: /home/y/SA_CAO_Simu/SA_CAO/install/motion_msgs/include/motion_msgs/msg/rosidl_typesupport_fastrtps_cpp__visibility_control.h
[0.299s] -- Up-to-date: /home/y/SA_CAO_Simu/SA_CAO/install/motion_msgs/lib/libmotion_msgs__rosidl_typesupport_fastrtps_cpp.so
[0.299s] -- Up-to-date: /home/y/SA_CAO_Simu/SA_CAO/install/motion_msgs/include/motion_msgs
[0.299s] -- Up-to-date: /home/y/SA_CAO_Simu/SA_CAO/install/motion_msgs/include/motion_msgs/msg
[0.299s] -- Up-to-date: /home/y/SA_CAO_Simu/SA_CAO/install/motion_msgs/include/motion_msgs/msg/detail
[0.299s] -- Up-to-date: /home/y/SA_CAO_Simu/SA_CAO/install/motion_msgs/include/motion_msgs/msg/detail/movement_ctrl_data__type_support.c
[0.299s] -- Up-to-date: /home/y/SA_CAO_Simu/SA_CAO/install/motion_msgs/include/motion_msgs/msg/detail/movement_ctrl_mode__rosidl_typesupport_introspection_c.h
[0.299s] -- Up-to-date: /home/y/SA_CAO_Simu/SA_CAO/install/motion_msgs/include/motion_msgs/msg/detail/motion_ctrl__type_support.c
[0.299s] -- Up-to-date: /home/y/SA_CAO_Simu/SA_CAO/install/motion_msgs/include/motion_msgs/msg/detail/leg_motors__type_support.c
[0.300s] -- Up-to-date: /home/y/SA_CAO_Simu/SA_CAO/install/motion_msgs/include/motion_msgs/msg/detail/movement_ctrl_data__rosidl_typesupport_introspection_c.h
[0.300s] -- Up-to-date: /home/y/SA_CAO_Simu/SA_CAO/install/motion_msgs/include/motion_msgs/msg/detail/leg_motors__rosidl_typesupport_introspection_c.h
[0.300s] -- Up-to-date: /home/y/SA_CAO_Simu/SA_CAO/install/motion_msgs/include/motion_msgs/msg/detail/movement_ctrl_mode__type_support.c
[0.300s] -- Up-to-date: /home/y/SA_CAO_Simu/SA_CAO/install/motion_msgs/include/motion_msgs/msg/detail/ctrl_plot__type_support.c
[0.300s] -- Up-to-date: /home/y/SA_CAO_Simu/SA_CAO/install/motion_msgs/include/motion_msgs/msg/detail/robot_status__type_support.c
[0.300s] -- Up-to-date: /home/y/SA_CAO_Simu/SA_CAO/install/motion_msgs/include/motion_msgs/msg/detail/robot_status__rosidl_typesupport_introspection_c.h
[0.300s] -- Up-to-date: /home/y/SA_CAO_Simu/SA_CAO/install/motion_msgs/include/motion_msgs/msg/detail/ctrl_plot__rosidl_typesupport_introspection_c.h
[0.300s] -- Up-to-date: /home/y/SA_CAO_Simu/SA_CAO/install/motion_msgs/include/motion_msgs/msg/detail/motion_ctrl__rosidl_typesupport_introspection_c.h
[0.300s] -- Up-to-date: /home/y/SA_CAO_Simu/SA_CAO/install/motion_msgs/include/motion_msgs/msg/rosidl_typesupport_introspection_c__visibility_control.h
[0.300s] -- Up-to-date: /home/y/SA_CAO_Simu/SA_CAO/install/motion_msgs/lib/libmotion_msgs__rosidl_typesupport_introspection_c.so
[0.301s] -- Up-to-date: /home/y/SA_CAO_Simu/SA_CAO/install/motion_msgs/lib/libmotion_msgs__rosidl_typesupport_c.so
[0.301s] -- Up-to-date: /home/y/SA_CAO_Simu/SA_CAO/install/motion_msgs/include/motion_msgs
[0.301s] -- Up-to-date: /home/y/SA_CAO_Simu/SA_CAO/install/motion_msgs/include/motion_msgs/msg
[0.301s] -- Up-to-date: /home/y/SA_CAO_Simu/SA_CAO/install/motion_msgs/include/motion_msgs/msg/leg_motors.hpp
[0.301s] -- Up-to-date: /home/y/SA_CAO_Simu/SA_CAO/install/motion_msgs/include/motion_msgs/msg/detail
[0.301s] -- Up-to-date: /home/y/SA_CAO_Simu/SA_CAO/install/motion_msgs/include/motion_msgs/msg/detail/ctrl_plot__traits.hpp
[0.301s] -- Up-to-date: /home/y/SA_CAO_Simu/SA_CAO/install/motion_msgs/include/motion_msgs/msg/detail/robot_status__type_support.hpp
[0.301s] -- Up-to-date: /home/y/SA_CAO_Simu/SA_CAO/install/motion_msgs/include/motion_msgs/msg/detail/movement_ctrl_mode__builder.hpp
[0.301s] -- Up-to-date: /home/y/SA_CAO_Simu/SA_CAO/install/motion_msgs/include/motion_msgs/msg/detail/ctrl_plot__builder.hpp
[0.302s] -- Up-to-date: /home/y/SA_CAO_Simu/SA_CAO/install/motion_msgs/include/motion_msgs/msg/detail/robot_status__builder.hpp
[0.302s] -- Up-to-date: /home/y/SA_CAO_Simu/SA_CAO/install/motion_msgs/include/motion_msgs/msg/detail/leg_motors__builder.hpp
[0.302s] -- Up-to-date: /home/y/SA_CAO_Simu/SA_CAO/install/motion_msgs/include/motion_msgs/msg/detail/movement_ctrl_data__builder.hpp
[0.302s] -- Up-to-date: /home/y/SA_CAO_Simu/SA_CAO/install/motion_msgs/include/motion_msgs/msg/detail/leg_motors__type_support.hpp
[0.302s] -- Up-to-date: /home/y/SA_CAO_Simu/SA_CAO/install/motion_msgs/include/motion_msgs/msg/detail/leg_motors__struct.hpp
[0.302s] -- Up-to-date: /home/y/SA_CAO_Simu/SA_CAO/install/motion_msgs/include/motion_msgs/msg/detail/motion_ctrl__builder.hpp
[0.302s] -- Up-to-date: /home/y/SA_CAO_Simu/SA_CAO/install/motion_msgs/include/motion_msgs/msg/detail/motion_ctrl__type_support.hpp
[0.302s] -- Up-to-date: /home/y/SA_CAO_Simu/SA_CAO/install/motion_msgs/include/motion_msgs/msg/detail/motion_ctrl__traits.hpp
[0.302s] -- Up-to-date: /home/y/SA_CAO_Simu/SA_CAO/install/motion_msgs/include/motion_msgs/msg/detail/leg_motors__traits.hpp
[0.302s] -- Up-to-date: /home/y/SA_CAO_Simu/SA_CAO/install/motion_msgs/include/motion_msgs/msg/detail/movement_ctrl_data__traits.hpp
[0.302s] -- Up-to-date: /home/y/SA_CAO_Simu/SA_CAO/install/motion_msgs/include/motion_msgs/msg/detail/motion_ctrl__struct.hpp
[0.302s] -- Up-to-date: /home/y/SA_CAO_Simu/SA_CAO/install/motion_msgs/include/motion_msgs/msg/detail/robot_status__struct.hpp
[0.302s] -- Up-to-date: /home/y/SA_CAO_Simu/SA_CAO/install/motion_msgs/include/motion_msgs/msg/detail/movement_ctrl_data__type_support.hpp
[0.302s] -- Up-to-date: /home/y/SA_CAO_Simu/SA_CAO/install/motion_msgs/include/motion_msgs/msg/detail/robot_status__traits.hpp
[0.302s] -- Up-to-date: /home/y/SA_CAO_Simu/SA_CAO/install/motion_msgs/include/motion_msgs/msg/detail/movement_ctrl_mode__struct.hpp
[0.302s] -- Up-to-date: /home/y/SA_CAO_Simu/SA_CAO/install/motion_msgs/include/motion_msgs/msg/detail/movement_ctrl_data__struct.hpp
[0.302s] -- Up-to-date: /home/y/SA_CAO_Simu/SA_CAO/install/motion_msgs/include/motion_msgs/msg/detail/ctrl_plot__type_support.hpp
[0.302s] -- Up-to-date: /home/y/SA_CAO_Simu/SA_CAO/install/motion_msgs/include/motion_msgs/msg/detail/movement_ctrl_mode__type_support.hpp
[0.302s] -- Up-to-date: /home/y/SA_CAO_Simu/SA_CAO/install/motion_msgs/include/motion_msgs/msg/detail/movement_ctrl_mode__traits.hpp
[0.302s] -- Up-to-date: /home/y/SA_CAO_Simu/SA_CAO/install/motion_msgs/include/motion_msgs/msg/detail/ctrl_plot__struct.hpp
[0.302s] -- Up-to-date: /home/y/SA_CAO_Simu/SA_CAO/install/motion_msgs/include/motion_msgs/msg/ctrl_plot.hpp
[0.303s] -- Up-to-date: /home/y/SA_CAO_Simu/SA_CAO/install/motion_msgs/include/motion_msgs/msg/movement_ctrl_mode.hpp
[0.303s] -- Up-to-date: /home/y/SA_CAO_Simu/SA_CAO/install/motion_msgs/include/motion_msgs/msg/rosidl_generator_cpp__visibility_control.hpp
[0.303s] -- Up-to-date: /home/y/SA_CAO_Simu/SA_CAO/install/motion_msgs/include/motion_msgs/msg/motion_ctrl.hpp
[0.304s] -- Up-to-date: /home/y/SA_CAO_Simu/SA_CAO/install/motion_msgs/include/motion_msgs/msg/movement_ctrl_data.hpp
[0.304s] -- Up-to-date: /home/y/SA_CAO_Simu/SA_CAO/install/motion_msgs/include/motion_msgs/msg/robot_status.hpp
[0.304s] -- Up-to-date: /home/y/SA_CAO_Simu/SA_CAO/install/motion_msgs/include/motion_msgs
[0.304s] -- Up-to-date: /home/y/SA_CAO_Simu/SA_CAO/install/motion_msgs/include/motion_msgs/msg
[0.304s] -- Up-to-date: /home/y/SA_CAO_Simu/SA_CAO/install/motion_msgs/include/motion_msgs/msg/detail
[0.304s] -- Up-to-date: /home/y/SA_CAO_Simu/SA_CAO/install/motion_msgs/include/motion_msgs/msg/detail/movement_ctrl_mode__type_support.cpp
[0.304s] -- Up-to-date: /home/y/SA_CAO_Simu/SA_CAO/install/motion_msgs/include/motion_msgs/msg/detail/leg_motors__type_support.cpp
[0.304s] -- Up-to-date: /home/y/SA_CAO_Simu/SA_CAO/install/motion_msgs/include/motion_msgs/msg/detail/robot_status__type_support.cpp
[0.304s] -- Up-to-date: /home/y/SA_CAO_Simu/SA_CAO/install/motion_msgs/include/motion_msgs/msg/detail/ctrl_plot__rosidl_typesupport_introspection_cpp.hpp
[0.304s] -- Up-to-date: /home/y/SA_CAO_Simu/SA_CAO/install/motion_msgs/include/motion_msgs/msg/detail/movement_ctrl_mode__rosidl_typesupport_introspection_cpp.hpp
[0.304s] -- Up-to-date: /home/y/SA_CAO_Simu/SA_CAO/install/motion_msgs/include/motion_msgs/msg/detail/movement_ctrl_data__rosidl_typesupport_introspection_cpp.hpp
[0.304s] -- Up-to-date: /home/y/SA_CAO_Simu/SA_CAO/install/motion_msgs/include/motion_msgs/msg/detail/ctrl_plot__type_support.cpp
[0.304s] -- Up-to-date: /home/y/SA_CAO_Simu/SA_CAO/install/motion_msgs/include/motion_msgs/msg/detail/leg_motors__rosidl_typesupport_introspection_cpp.hpp
[0.304s] -- Up-to-date: /home/y/SA_CAO_Simu/SA_CAO/install/motion_msgs/include/motion_msgs/msg/detail/motion_ctrl__rosidl_typesupport_introspection_cpp.hpp
[0.304s] -- Up-to-date: /home/y/SA_CAO_Simu/SA_CAO/install/motion_msgs/include/motion_msgs/msg/detail/robot_status__rosidl_typesupport_introspection_cpp.hpp
[0.304s] -- Up-to-date: /home/y/SA_CAO_Simu/SA_CAO/install/motion_msgs/include/motion_msgs/msg/detail/movement_ctrl_data__type_support.cpp
[0.304s] -- Up-to-date: /home/y/SA_CAO_Simu/SA_CAO/install/motion_msgs/include/motion_msgs/msg/detail/motion_ctrl__type_support.cpp
[0.305s] -- Up-to-date: /home/y/SA_CAO_Simu/SA_CAO/install/motion_msgs/lib/libmotion_msgs__rosidl_typesupport_introspection_cpp.so
[0.305s] -- Up-to-date: /home/y/SA_CAO_Simu/SA_CAO/install/motion_msgs/lib/libmotion_msgs__rosidl_typesupport_cpp.so
[0.305s] -- Up-to-date: /home/y/SA_CAO_Simu/SA_CAO/install/motion_msgs/share/motion_msgs/environment/pythonpath.sh
[0.305s] -- Up-to-date: /home/y/SA_CAO_Simu/SA_CAO/install/motion_msgs/share/motion_msgs/environment/pythonpath.dsv
[0.305s] -- Up-to-date: /home/y/SA_CAO_Simu/SA_CAO/install/motion_msgs/lib/python3.8/site-packages/motion_msgs/__init__.py
[0.320s] -- Up-to-date: /home/y/SA_CAO_Simu/SA_CAO/install/motion_msgs/lib/python3.8/site-packages/motion_msgs/msg
[0.320s] -- Up-to-date: /home/y/SA_CAO_Simu/SA_CAO/install/motion_msgs/lib/python3.8/site-packages/motion_msgs/msg/_leg_motors_s.c
[0.320s] -- Up-to-date: /home/y/SA_CAO_Simu/SA_CAO/install/motion_msgs/lib/python3.8/site-packages/motion_msgs/msg/_movement_ctrl_mode.py
[0.320s] -- Up-to-date: /home/y/SA_CAO_Simu/SA_CAO/install/motion_msgs/lib/python3.8/site-packages/motion_msgs/msg/_leg_motors.py
[0.320s] -- Up-to-date: /home/y/SA_CAO_Simu/SA_CAO/install/motion_msgs/lib/python3.8/site-packages/motion_msgs/msg/__init__.py
[0.320s] -- Up-to-date: /home/y/SA_CAO_Simu/SA_CAO/install/motion_msgs/lib/python3.8/site-packages/motion_msgs/msg/_ctrl_plot_s.c
[0.320s] -- Up-to-date: /home/y/SA_CAO_Simu/SA_CAO/install/motion_msgs/lib/python3.8/site-packages/motion_msgs/msg/_robot_status.py
[0.320s] -- Up-to-date: /home/y/SA_CAO_Simu/SA_CAO/install/motion_msgs/lib/python3.8/site-packages/motion_msgs/msg/_motion_ctrl_s.c
[0.320s] -- Up-to-date: /home/y/SA_CAO_Simu/SA_CAO/install/motion_msgs/lib/python3.8/site-packages/motion_msgs/msg/_motion_ctrl.py
[0.320s] -- Up-to-date: /home/y/SA_CAO_Simu/SA_CAO/install/motion_msgs/lib/python3.8/site-packages/motion_msgs/msg/_movement_ctrl_data.py
[0.320s] -- Up-to-date: /home/y/SA_CAO_Simu/SA_CAO/install/motion_msgs/lib/python3.8/site-packages/motion_msgs/msg/_movement_ctrl_data_s.c
[0.320s] -- Up-to-date: /home/y/SA_CAO_Simu/SA_CAO/install/motion_msgs/lib/python3.8/site-packages/motion_msgs/msg/_movement_ctrl_mode_s.c
[0.320s] -- Up-to-date: /home/y/SA_CAO_Simu/SA_CAO/install/motion_msgs/lib/python3.8/site-packages/motion_msgs/msg/_ctrl_plot.py
[0.320s] -- Up-to-date: /home/y/SA_CAO_Simu/SA_CAO/install/motion_msgs/lib/python3.8/site-packages/motion_msgs/msg/_robot_status_s.c
[0.321s] -- Up-to-date: /home/y/SA_CAO_Simu/SA_CAO/install/motion_msgs/lib/python3.8/site-packages/motion_msgs/motion_msgs_s__rosidl_typesupport_fastrtps_c.cpython-38-aarch64-linux-gnu.so
[0.321s] -- Up-to-date: /home/y/SA_CAO_Simu/SA_CAO/install/motion_msgs/lib/python3.8/site-packages/motion_msgs/motion_msgs_s__rosidl_typesupport_introspection_c.cpython-38-aarch64-linux-gnu.so
[0.322s] -- Up-to-date: /home/y/SA_CAO_Simu/SA_CAO/install/motion_msgs/lib/python3.8/site-packages/motion_msgs/motion_msgs_s__rosidl_typesupport_c.cpython-38-aarch64-linux-gnu.so
[0.322s] -- Up-to-date: /home/y/SA_CAO_Simu/SA_CAO/install/motion_msgs/lib/libmotion_msgs__python.so
[0.322s] -- Up-to-date: /home/y/SA_CAO_Simu/SA_CAO/install/motion_msgs/share/motion_msgs/msg/CtrlPlot.idl
[0.322s] -- Up-to-date: /home/y/SA_CAO_Simu/SA_CAO/install/motion_msgs/share/motion_msgs/msg/LegMotors.idl
[0.322s] -- Up-to-date: /home/y/SA_CAO_Simu/SA_CAO/install/motion_msgs/share/motion_msgs/msg/MotionCtrl.idl
[0.322s] -- Up-to-date: /home/y/SA_CAO_Simu/SA_CAO/install/motion_msgs/share/motion_msgs/msg/RobotStatus.idl
[0.322s] -- Up-to-date: /home/y/SA_CAO_Simu/SA_CAO/install/motion_msgs/share/motion_msgs/msg/MovementCtrlData.idl
[0.322s] -- Up-to-date: /home/y/SA_CAO_Simu/SA_CAO/install/motion_msgs/share/motion_msgs/msg/MovementCtrlMode.idl
[0.322s] -- Up-to-date: /home/y/SA_CAO_Simu/SA_CAO/install/motion_msgs/share/motion_msgs/msg/CtrlPlot.msg
[0.322s] -- Up-to-date: /home/y/SA_CAO_Simu/SA_CAO/install/motion_msgs/share/motion_msgs/msg/LegMotors.msg
[0.322s] -- Up-to-date: /home/y/SA_CAO_Simu/SA_CAO/install/motion_msgs/share/motion_msgs/msg/MotionCtrl.msg
[0.323s] -- Up-to-date: /home/y/SA_CAO_Simu/SA_CAO/install/motion_msgs/share/motion_msgs/msg/RobotStatus.msg
[0.323s] -- Up-to-date: /home/y/SA_CAO_Simu/SA_CAO/install/motion_msgs/share/motion_msgs/msg/MovementCtrlData.msg
[0.323s] -- Up-to-date: /home/y/SA_CAO_Simu/SA_CAO/install/motion_msgs/share/motion_msgs/msg/MovementCtrlMode.msg
[0.323s] -- Up-to-date: /home/y/SA_CAO_Simu/SA_CAO/install/motion_msgs/share/ament_index/resource_index/package_run_dependencies/motion_msgs
[0.323s] -- Up-to-date: /home/y/SA_CAO_Simu/SA_CAO/install/motion_msgs/share/ament_index/resource_index/parent_prefix_path/motion_msgs
[0.323s] -- Up-to-date: /home/y/SA_CAO_Simu/SA_CAO/install/motion_msgs/share/motion_msgs/environment/ament_prefix_path.sh
[0.323s] -- Up-to-date: /home/y/SA_CAO_Simu/SA_CAO/install/motion_msgs/share/motion_msgs/environment/ament_prefix_path.dsv
[0.323s] -- Up-to-date: /home/y/SA_CAO_Simu/SA_CAO/install/motion_msgs/share/motion_msgs/environment/path.sh
[0.323s] -- Up-to-date: /home/y/SA_CAO_Simu/SA_CAO/install/motion_msgs/share/motion_msgs/environment/path.dsv
[0.323s] -- Up-to-date: /home/y/SA_CAO_Simu/SA_CAO/install/motion_msgs/share/motion_msgs/local_setup.bash
[0.323s] -- Up-to-date: /home/y/SA_CAO_Simu/SA_CAO/install/motion_msgs/share/motion_msgs/local_setup.sh
[0.323s] -- Up-to-date: /home/y/SA_CAO_Simu/SA_CAO/install/motion_msgs/share/motion_msgs/local_setup.zsh
[0.324s] -- Up-to-date: /home/y/SA_CAO_Simu/SA_CAO/install/motion_msgs/share/motion_msgs/local_setup.dsv
[0.324s] -- Installing: /home/y/SA_CAO_Simu/SA_CAO/install/motion_msgs/share/motion_msgs/package.dsv
[0.324s] -- Up-to-date: /home/y/SA_CAO_Simu/SA_CAO/install/motion_msgs/share/ament_index/resource_index/packages/motion_msgs
[0.324s] -- Up-to-date: /home/y/SA_CAO_Simu/SA_CAO/install/motion_msgs/share/motion_msgs/cmake/motion_msgs__rosidl_generator_cExport.cmake
[0.324s] -- Up-to-date: /home/y/SA_CAO_Simu/SA_CAO/install/motion_msgs/share/motion_msgs/cmake/motion_msgs__rosidl_generator_cExport-noconfig.cmake
[0.324s] -- Up-to-date: /home/y/SA_CAO_Simu/SA_CAO/install/motion_msgs/share/motion_msgs/cmake/motion_msgs__rosidl_typesupport_introspection_cExport.cmake
[0.324s] -- Up-to-date: /home/y/SA_CAO_Simu/SA_CAO/install/motion_msgs/share/motion_msgs/cmake/motion_msgs__rosidl_typesupport_introspection_cExport-noconfig.cmake
[0.324s] -- Up-to-date: /home/y/SA_CAO_Simu/SA_CAO/install/motion_msgs/share/motion_msgs/cmake/motion_msgs__rosidl_typesupport_cExport.cmake
[0.325s] -- Up-to-date: /home/y/SA_CAO_Simu/SA_CAO/install/motion_msgs/share/motion_msgs/cmake/motion_msgs__rosidl_typesupport_cExport-noconfig.cmake
[0.325s] -- Up-to-date: /home/y/SA_CAO_Simu/SA_CAO/install/motion_msgs/share/motion_msgs/cmake/motion_msgs__rosidl_generator_cppExport.cmake
[0.325s] -- Up-to-date: /home/y/SA_CAO_Simu/SA_CAO/install/motion_msgs/share/motion_msgs/cmake/motion_msgs__rosidl_typesupport_introspection_cppExport.cmake
[0.325s] -- Up-to-date: /home/y/SA_CAO_Simu/SA_CAO/install/motion_msgs/share/motion_msgs/cmake/motion_msgs__rosidl_typesupport_introspection_cppExport-noconfig.cmake
[0.325s] -- Up-to-date: /home/y/SA_CAO_Simu/SA_CAO/install/motion_msgs/share/motion_msgs/cmake/motion_msgs__rosidl_typesupport_cppExport.cmake
[0.325s] -- Up-to-date: /home/y/SA_CAO_Simu/SA_CAO/install/motion_msgs/share/motion_msgs/cmake/motion_msgs__rosidl_typesupport_cppExport-noconfig.cmake
[0.325s] -- Up-to-date: /home/y/SA_CAO_Simu/SA_CAO/install/motion_msgs/share/motion_msgs/cmake/rosidl_cmake-extras.cmake
[0.325s] -- Up-to-date: /home/y/SA_CAO_Simu/SA_CAO/install/motion_msgs/share/motion_msgs/cmake/ament_cmake_export_dependencies-extras.cmake
[0.326s] -- Up-to-date: /home/y/SA_CAO_Simu/SA_CAO/install/motion_msgs/share/motion_msgs/cmake/ament_cmake_export_libraries-extras.cmake
[0.326s] -- Up-to-date: /home/y/SA_CAO_Simu/SA_CAO/install/motion_msgs/share/motion_msgs/cmake/ament_cmake_export_targets-extras.cmake
[0.326s] -- Up-to-date: /home/y/SA_CAO_Simu/SA_CAO/install/motion_msgs/share/motion_msgs/cmake/ament_cmake_export_include_directories-extras.cmake
[0.326s] -- Up-to-date: /home/y/SA_CAO_Simu/SA_CAO/install/motion_msgs/share/motion_msgs/cmake/rosidl_cmake_export_typesupport_libraries-extras.cmake
[0.326s] -- Up-to-date: /home/y/SA_CAO_Simu/SA_CAO/install/motion_msgs/share/motion_msgs/cmake/rosidl_cmake_export_typesupport_targets-extras.cmake
[0.326s] -- Up-to-date: /home/y/SA_CAO_Simu/SA_CAO/install/motion_msgs/share/motion_msgs/cmake/motion_msgsConfig.cmake
[0.326s] -- Up-to-date: /home/y/SA_CAO_Simu/SA_CAO/install/motion_msgs/share/motion_msgs/cmake/motion_msgsConfig-version.cmake
[0.326s] -- Up-to-date: /home/y/SA_CAO_Simu/SA_CAO/install/motion_msgs/share/motion_msgs/package.xml
[0.327s] Invoked command in '/home/y/SA_CAO_Simu/SA_CAO/build/motion_msgs' returned '0': CMAKE_PREFIX_PATH=${CMAKE_PREFIX_PATH}:/home/y/SA_CAO_Simu/SA_CAO/install/turtlebot3_teleop:/home/y/SA_CAO_Simu/SA_CAO/install/turtlebot3_example:/home/y/SA_CAO_Simu/SA_CAO/install/pure_pursuit:/home/y/SA_CAO_Simu/SA_CAO/install/my_balance_pkg:/home/y/SA_CAO_Simu/SA_CAO/install/launch_diablo:/opt/ros/foxy /usr/bin/cmake --install /home/y/SA_CAO_Simu/SA_CAO/build/motion_msgs
