[0.017s] Invoking command in '/home/y/SA_CAO_test_ws/build/turtlebot3_msgs': CMAKE_PREFIX_PATH=/home/y/SA_CAO_test_ws/install/turtlebot3:/home/y/SA_CAO_test_ws/install/turtlebot3_simulations:/home/y/SA_CAO_test_ws/install/turtlebot3_bringup:/home/y/SA_CAO_test_ws/install/turtlebot3_node:/home/y/SA_CAO_test_ws/install/turtlebot3_navigation2:/home/y/SA_CAO_test_ws/install/turtlebot3_fake_node:/home/y/SA_CAO_test_ws/install/turtlebot3_msgs:/home/y/SA_CAO_test_ws/install/turtlebot3_gazebo:/home/y/SA_CAO_test_ws/install/turtlebot3_description:/home/y/SA_CAO_test_ws/install/turtlebot3_cartographer:/home/y/SA_CAO_test_ws/install/sub_diablo2023a:/home/y/SA_CAO_test_ws/install/motion_msgs:/home/y/SA_CAO_test_ws/install/hls_lfcd_lds_driver:/home/y/SA_CAO_test_ws/install/dynamixel_sdk_examples:/home/y/SA_CAO_test_ws/install/dynamixel_sdk_custom_interfaces:/home/y/SA_CAO_test_ws/install/dynamixel_sdk:/home/y/SA_CAO_test_ws/install/turtlebot3_teleop:/home/y/SA_CAO_test_ws/install/turtlebot3_example:/home/y/SA_CAO_test_ws/install/my_joystick:/home/y/SA_CAO_test_ws/install/launch_diablo:/opt/ros/foxy:/home/y/oradar_ros/install/oradar_lidar /usr/bin/cmake /home/y/SA_CAO_test_ws/src/turtlebot3/turtlebot3_msgs -DCMAKE_INSTALL_PREFIX=/home/y/SA_CAO_test_ws/install/turtlebot3_msgs
[0.080s] -- The C compiler identification is GNU 9.4.0
[0.141s] -- The CXX compiler identification is GNU 9.4.0
[0.146s] -- Check for working C compiler: /usr/bin/cc
[0.225s] -- Check for working C compiler: /usr/bin/cc -- works
[0.225s] -- Detecting C compiler ABI info
[0.292s] -- Detecting C compiler ABI info - done
[0.305s] -- Detecting C compile features
[0.306s] -- Detecting C compile features - done
[0.309s] -- Check for working CXX compiler: /usr/bin/c++
[0.379s] -- Check for working CXX compiler: /usr/bin/c++ -- works
[0.385s] -- Detecting CXX compiler ABI info
[0.458s] -- Detecting CXX compiler ABI info - done
[0.466s] -- Detecting CXX compile features
[0.467s] -- Detecting CXX compile features - done
[0.469s] -- Found action_msgs: 1.0.0 (/opt/ros/foxy/share/action_msgs/cmake)
[0.491s] -- Found PythonInterp: /usr/bin/python3 (found suitable version "3.8.10", minimum required is "3") 
[0.491s] -- Using PYTHON_EXECUTABLE: /usr/bin/python3
[0.700s] -- Using all available rosidl_typesupport_c: rosidl_typesupport_fastrtps_c;rosidl_typesupport_introspection_c
[0.707s] -- Found rosidl_adapter: 1.3.1 (/opt/ros/foxy/share/rosidl_adapter/cmake)
[0.836s] -- Found OpenSSL: /usr/lib/x86_64-linux-gnu/libcrypto.so (found version "1.1.1f")  
[0.890s] -- Found FastRTPS: /opt/ros/foxy/include  
[1.061s] -- Using all available rosidl_typesupport_cpp: rosidl_typesupport_fastrtps_cpp;rosidl_typesupport_introspection_cpp
[1.204s] -- Found rosidl_default_generators: 1.0.1 (/opt/ros/foxy/share/rosidl_default_generators/cmake)
[1.231s] -- Found std_msgs: 2.0.5 (/opt/ros/foxy/share/std_msgs/cmake)
[1.316s] -- Found PythonInterp: /usr/bin/python3 (found version "3.8.10") 
[1.691s] -- Found ament_cmake_cppcheck: 0.9.8 (/opt/ros/foxy/share/ament_cmake_cppcheck/cmake)
[1.693s] -- Found ament_cmake_cpplint: 0.9.8 (/opt/ros/foxy/share/ament_cmake_cpplint/cmake)
[1.695s] -- Found ament_cmake_uncrustify: 0.9.8 (/opt/ros/foxy/share/ament_cmake_uncrustify/cmake)
[1.698s] -- Found ament_cmake_ros: 0.9.2 (/opt/ros/foxy/share/ament_cmake_ros/cmake)
[2.209s] -- Using all available rosidl_typesupport_c: rosidl_typesupport_fastrtps_c;rosidl_typesupport_introspection_c
[2.344s] -- Using all available rosidl_typesupport_cpp: rosidl_typesupport_fastrtps_cpp;rosidl_typesupport_introspection_cpp
[2.394s] -- Found PythonInterp: /usr/bin/python3 (found suitable version "3.8.10", minimum required is "3.5") 
[2.395s] -- Found python_cmake_module: 0.8.1 (/opt/ros/foxy/share/python_cmake_module/cmake)
[2.449s] -- Found PythonLibs: /usr/lib/x86_64-linux-gnu/libpython3.8.so (found suitable version "3.8.10", minimum required is "3.5") 
[2.449s] -- Using PYTHON_EXECUTABLE: /usr/bin/python3
[2.449s] -- Using PYTHON_INCLUDE_DIRS: /usr/include/python3.8
[2.450s] -- Using PYTHON_LIBRARIES: /usr/lib/x86_64-linux-gnu/libpython3.8.so
[2.483s] -- Found PythonExtra: .so  
[2.566s] -- Found ament_cmake_flake8: 0.9.8 (/opt/ros/foxy/share/ament_cmake_flake8/cmake)
[2.568s] -- Found ament_cmake_pep257: 0.9.8 (/opt/ros/foxy/share/ament_cmake_pep257/cmake)
[2.578s] -- Configuring done
[2.662s] -- Generating done
[2.689s] -- Build files have been written to: /home/y/SA_CAO_test_ws/build/turtlebot3_msgs
[2.745s] Invoked command in '/home/y/SA_CAO_test_ws/build/turtlebot3_msgs' returned '0': CMAKE_PREFIX_PATH=/home/y/SA_CAO_test_ws/install/turtlebot3:/home/y/SA_CAO_test_ws/install/turtlebot3_simulations:/home/y/SA_CAO_test_ws/install/turtlebot3_bringup:/home/y/SA_CAO_test_ws/install/turtlebot3_node:/home/y/SA_CAO_test_ws/install/turtlebot3_navigation2:/home/y/SA_CAO_test_ws/install/turtlebot3_fake_node:/home/y/SA_CAO_test_ws/install/turtlebot3_msgs:/home/y/SA_CAO_test_ws/install/turtlebot3_gazebo:/home/y/SA_CAO_test_ws/install/turtlebot3_description:/home/y/SA_CAO_test_ws/install/turtlebot3_cartographer:/home/y/SA_CAO_test_ws/install/sub_diablo2023a:/home/y/SA_CAO_test_ws/install/motion_msgs:/home/y/SA_CAO_test_ws/install/hls_lfcd_lds_driver:/home/y/SA_CAO_test_ws/install/dynamixel_sdk_examples:/home/y/SA_CAO_test_ws/install/dynamixel_sdk_custom_interfaces:/home/y/SA_CAO_test_ws/install/dynamixel_sdk:/home/y/SA_CAO_test_ws/install/turtlebot3_teleop:/home/y/SA_CAO_test_ws/install/turtlebot3_example:/home/y/SA_CAO_test_ws/install/my_joystick:/home/y/SA_CAO_test_ws/install/launch_diablo:/opt/ros/foxy:/home/y/oradar_ros/install/oradar_lidar /usr/bin/cmake /home/y/SA_CAO_test_ws/src/turtlebot3/turtlebot3_msgs -DCMAKE_INSTALL_PREFIX=/home/y/SA_CAO_test_ws/install/turtlebot3_msgs
[2.746s] Invoking command in '/home/y/SA_CAO_test_ws/build/turtlebot3_msgs': CMAKE_PREFIX_PATH=/home/y/SA_CAO_test_ws/install/turtlebot3:/home/y/SA_CAO_test_ws/install/turtlebot3_simulations:/home/y/SA_CAO_test_ws/install/turtlebot3_bringup:/home/y/SA_CAO_test_ws/install/turtlebot3_node:/home/y/SA_CAO_test_ws/install/turtlebot3_navigation2:/home/y/SA_CAO_test_ws/install/turtlebot3_fake_node:/home/y/SA_CAO_test_ws/install/turtlebot3_msgs:/home/y/SA_CAO_test_ws/install/turtlebot3_gazebo:/home/y/SA_CAO_test_ws/install/turtlebot3_description:/home/y/SA_CAO_test_ws/install/turtlebot3_cartographer:/home/y/SA_CAO_test_ws/install/sub_diablo2023a:/home/y/SA_CAO_test_ws/install/motion_msgs:/home/y/SA_CAO_test_ws/install/hls_lfcd_lds_driver:/home/y/SA_CAO_test_ws/install/dynamixel_sdk_examples:/home/y/SA_CAO_test_ws/install/dynamixel_sdk_custom_interfaces:/home/y/SA_CAO_test_ws/install/dynamixel_sdk:/home/y/SA_CAO_test_ws/install/turtlebot3_teleop:/home/y/SA_CAO_test_ws/install/turtlebot3_example:/home/y/SA_CAO_test_ws/install/my_joystick:/home/y/SA_CAO_test_ws/install/launch_diablo:/opt/ros/foxy:/home/y/oradar_ros/install/oradar_lidar /usr/bin/cmake --build /home/y/SA_CAO_test_ws/build/turtlebot3_msgs -- -j2 -l2
[2.797s] [35m[1mScanning dependencies of target turtlebot3_msgs__cpp[0m
[2.800s] [  1%] [34m[1mGenerating C code for ROS interfaces[0m
[2.823s] [  2%] [34m[1mGenerating C++ code for ROS interfaces[0m
[4.145s] [35m[1mScanning dependencies of target turtlebot3_msgs__rosidl_generator_c[0m
[4.178s] [  4%] [32mBuilding C object CMakeFiles/turtlebot3_msgs__rosidl_generator_c.dir/rosidl_generator_c/turtlebot3_msgs/msg/detail/sensor_state__functions.c.o[0m
[4.222s] [  5%] [32mBuilding C object CMakeFiles/turtlebot3_msgs__rosidl_generator_c.dir/rosidl_generator_c/turtlebot3_msgs/msg/detail/sound__functions.c.o[0m
[4.291s] [  7%] [32mBuilding C object CMakeFiles/turtlebot3_msgs__rosidl_generator_c.dir/rosidl_generator_c/turtlebot3_msgs/msg/detail/version_info__functions.c.o[0m
[4.336s] [  7%] Built target turtlebot3_msgs__cpp
[4.385s] [  8%] [34m[1mGenerating C++ type support dispatch for ROS interfaces[0m
[4.402s] [  9%] [32mBuilding C object CMakeFiles/turtlebot3_msgs__rosidl_generator_c.dir/rosidl_generator_c/turtlebot3_msgs/srv/detail/sound__functions.c.o[0m
[4.479s] [ 11%] [32mBuilding C object CMakeFiles/turtlebot3_msgs__rosidl_generator_c.dir/rosidl_generator_c/turtlebot3_msgs/srv/detail/dqn__functions.c.o[0m
[4.600s] [ 12%] [32mBuilding C object CMakeFiles/turtlebot3_msgs__rosidl_generator_c.dir/rosidl_generator_c/turtlebot3_msgs/action/detail/patrol__functions.c.o[0m
[4.779s] [ 14%] [32m[1mLinking C shared library libturtlebot3_msgs__rosidl_generator_c.so[0m
[4.843s] [ 14%] Built target turtlebot3_msgs__rosidl_generator_c
[4.880s] [ 15%] [34m[1mGenerating C++ type support for eProsima Fast-RTPS[0m
[5.055s] [35m[1mScanning dependencies of target turtlebot3_msgs__rosidl_typesupport_cpp[0m
[5.094s] [ 16%] [32mBuilding CXX object CMakeFiles/turtlebot3_msgs__rosidl_typesupport_cpp.dir/rosidl_typesupport_cpp/turtlebot3_msgs/msg/sensor_state__type_support.cpp.o[0m
[5.427s] [ 18%] [32mBuilding CXX object CMakeFiles/turtlebot3_msgs__rosidl_typesupport_cpp.dir/rosidl_typesupport_cpp/turtlebot3_msgs/msg/sound__type_support.cpp.o[0m
[5.790s] [ 19%] [32mBuilding CXX object CMakeFiles/turtlebot3_msgs__rosidl_typesupport_cpp.dir/rosidl_typesupport_cpp/turtlebot3_msgs/msg/version_info__type_support.cpp.o[0m
[5.799s] [35m[1mScanning dependencies of target turtlebot3_msgs__rosidl_typesupport_fastrtps_cpp[0m
[5.857s] [ 21%] [32mBuilding CXX object CMakeFiles/turtlebot3_msgs__rosidl_typesupport_fastrtps_cpp.dir/rosidl_typesupport_fastrtps_cpp/turtlebot3_msgs/msg/detail/dds_fastrtps/sensor_state__type_support.cpp.o[0m
[6.089s] [ 22%] [32mBuilding CXX object CMakeFiles/turtlebot3_msgs__rosidl_typesupport_cpp.dir/rosidl_typesupport_cpp/turtlebot3_msgs/srv/sound__type_support.cpp.o[0m
[6.379s] [ 23%] [32mBuilding CXX object CMakeFiles/turtlebot3_msgs__rosidl_typesupport_cpp.dir/rosidl_typesupport_cpp/turtlebot3_msgs/srv/dqn__type_support.cpp.o[0m
[6.434s] [ 25%] [32mBuilding CXX object CMakeFiles/turtlebot3_msgs__rosidl_typesupport_fastrtps_cpp.dir/rosidl_typesupport_fastrtps_cpp/turtlebot3_msgs/msg/detail/dds_fastrtps/sound__type_support.cpp.o[0m
[6.795s] [ 26%] [32mBuilding CXX object CMakeFiles/turtlebot3_msgs__rosidl_typesupport_cpp.dir/rosidl_typesupport_cpp/turtlebot3_msgs/action/patrol__type_support.cpp.o[0m
[6.827s] [ 28%] [32mBuilding CXX object CMakeFiles/turtlebot3_msgs__rosidl_typesupport_fastrtps_cpp.dir/rosidl_typesupport_fastrtps_cpp/turtlebot3_msgs/msg/detail/dds_fastrtps/version_info__type_support.cpp.o[0m
[7.136s] [ 29%] [32m[1mLinking CXX shared library libturtlebot3_msgs__rosidl_typesupport_cpp.so[0m
[7.197s] [ 29%] Built target turtlebot3_msgs__rosidl_typesupport_cpp
[7.209s] [ 30%] [34m[1mGenerating C++ introspection for ROS interfaces[0m
[7.432s] [ 32%] [32mBuilding CXX object CMakeFiles/turtlebot3_msgs__rosidl_typesupport_fastrtps_cpp.dir/rosidl_typesupport_fastrtps_cpp/turtlebot3_msgs/srv/detail/dds_fastrtps/sound__type_support.cpp.o[0m
[7.965s] [35m[1mScanning dependencies of target turtlebot3_msgs__rosidl_typesupport_introspection_cpp[0m
[8.002s] [ 33%] [32mBuilding CXX object CMakeFiles/turtlebot3_msgs__rosidl_typesupport_introspection_cpp.dir/rosidl_typesupport_introspection_cpp/turtlebot3_msgs/msg/detail/sensor_state__type_support.cpp.o[0m
[8.020s] [ 35%] [32mBuilding CXX object CMakeFiles/turtlebot3_msgs__rosidl_typesupport_fastrtps_cpp.dir/rosidl_typesupport_fastrtps_cpp/turtlebot3_msgs/srv/detail/dds_fastrtps/dqn__type_support.cpp.o[0m
[8.518s] [ 36%] [32mBuilding CXX object CMakeFiles/turtlebot3_msgs__rosidl_typesupport_introspection_cpp.dir/rosidl_typesupport_introspection_cpp/turtlebot3_msgs/msg/detail/sound__type_support.cpp.o[0m
[8.820s] [ 38%] [32mBuilding CXX object CMakeFiles/turtlebot3_msgs__rosidl_typesupport_fastrtps_cpp.dir/rosidl_typesupport_fastrtps_cpp/turtlebot3_msgs/action/detail/dds_fastrtps/patrol__type_support.cpp.o[0m
[9.006s] [ 39%] [32mBuilding CXX object CMakeFiles/turtlebot3_msgs__rosidl_typesupport_introspection_cpp.dir/rosidl_typesupport_introspection_cpp/turtlebot3_msgs/msg/detail/version_info__type_support.cpp.o[0m
[9.567s] [ 40%] [32mBuilding CXX object CMakeFiles/turtlebot3_msgs__rosidl_typesupport_introspection_cpp.dir/rosidl_typesupport_introspection_cpp/turtlebot3_msgs/srv/detail/sound__type_support.cpp.o[0m
[9.839s] [ 42%] [32m[1mLinking CXX shared library libturtlebot3_msgs__rosidl_typesupport_fastrtps_cpp.so[0m
[10.084s] [ 42%] Built target turtlebot3_msgs__rosidl_typesupport_fastrtps_cpp
[10.131s] [ 43%] [34m[1mGenerating C type support dispatch for ROS interfaces[0m
[10.242s] [ 45%] [32mBuilding CXX object CMakeFiles/turtlebot3_msgs__rosidl_typesupport_introspection_cpp.dir/rosidl_typesupport_introspection_cpp/turtlebot3_msgs/srv/detail/dqn__type_support.cpp.o[0m
[10.873s] [ 46%] [32mBuilding CXX object CMakeFiles/turtlebot3_msgs__rosidl_typesupport_introspection_cpp.dir/rosidl_typesupport_introspection_cpp/turtlebot3_msgs/action/detail/patrol__type_support.cpp.o[0m
[11.237s] [35m[1mScanning dependencies of target turtlebot3_msgs__rosidl_typesupport_c[0m
[11.299s] [ 47%] [32mBuilding CXX object CMakeFiles/turtlebot3_msgs__rosidl_typesupport_c.dir/rosidl_typesupport_c/turtlebot3_msgs/msg/sensor_state__type_support.cpp.o[0m
[11.363s] [ 49%] [32mBuilding CXX object CMakeFiles/turtlebot3_msgs__rosidl_typesupport_c.dir/rosidl_typesupport_c/turtlebot3_msgs/msg/sound__type_support.cpp.o[0m
[11.425s] [ 50%] [32mBuilding CXX object CMakeFiles/turtlebot3_msgs__rosidl_typesupport_c.dir/rosidl_typesupport_c/turtlebot3_msgs/msg/version_info__type_support.cpp.o[0m
[11.470s] [ 52%] [32m[1mLinking CXX shared library libturtlebot3_msgs__rosidl_typesupport_introspection_cpp.so[0m
[11.481s] [ 53%] [32mBuilding CXX object CMakeFiles/turtlebot3_msgs__rosidl_typesupport_c.dir/rosidl_typesupport_c/turtlebot3_msgs/srv/sound__type_support.cpp.o[0m
[11.554s] [ 54%] [32mBuilding CXX object CMakeFiles/turtlebot3_msgs__rosidl_typesupport_c.dir/rosidl_typesupport_c/turtlebot3_msgs/srv/dqn__type_support.cpp.o[0m
[11.558s] [ 54%] Built target turtlebot3_msgs__rosidl_typesupport_introspection_cpp
[11.588s] [ 56%] [34m[1mGenerating C introspection for ROS interfaces[0m
[11.604s] [ 57%] [32mBuilding CXX object CMakeFiles/turtlebot3_msgs__rosidl_typesupport_c.dir/rosidl_typesupport_c/turtlebot3_msgs/action/patrol__type_support.cpp.o[0m
[11.668s] [ 59%] [32m[1mLinking CXX shared library libturtlebot3_msgs__rosidl_typesupport_c.so[0m
[11.846s] [ 59%] Built target turtlebot3_msgs__rosidl_typesupport_c
[11.883s] [ 60%] [34m[1mGenerating C type support for eProsima Fast-RTPS[0m
[12.695s] [35m[1mScanning dependencies of target turtlebot3_msgs__rosidl_typesupport_fastrtps_c[0m
[12.725s] [ 61%] [32mBuilding CXX object CMakeFiles/turtlebot3_msgs__rosidl_typesupport_fastrtps_c.dir/rosidl_typesupport_fastrtps_c/turtlebot3_msgs/msg/detail/sensor_state__type_support_c.cpp.o[0m
[12.985s] [35m[1mScanning dependencies of target turtlebot3_msgs__rosidl_typesupport_introspection_c[0m
[13.035s] [ 63%] [32mBuilding C object CMakeFiles/turtlebot3_msgs__rosidl_typesupport_introspection_c.dir/rosidl_typesupport_introspection_c/turtlebot3_msgs/msg/detail/sensor_state__type_support.c.o[0m
[13.074s] [ 64%] [32mBuilding CXX object CMakeFiles/turtlebot3_msgs__rosidl_typesupport_fastrtps_c.dir/rosidl_typesupport_fastrtps_c/turtlebot3_msgs/msg/detail/sound__type_support_c.cpp.o[0m
[13.121s] [ 66%] [32mBuilding C object CMakeFiles/turtlebot3_msgs__rosidl_typesupport_introspection_c.dir/rosidl_typesupport_introspection_c/turtlebot3_msgs/msg/detail/sound__type_support.c.o[0m
[13.198s] [ 67%] [32mBuilding C object CMakeFiles/turtlebot3_msgs__rosidl_typesupport_introspection_c.dir/rosidl_typesupport_introspection_c/turtlebot3_msgs/msg/detail/version_info__type_support.c.o[0m
[13.231s] [ 69%] [32mBuilding C object CMakeFiles/turtlebot3_msgs__rosidl_typesupport_introspection_c.dir/rosidl_typesupport_introspection_c/turtlebot3_msgs/srv/detail/sound__type_support.c.o[0m
[13.279s] [ 70%] [32mBuilding C object CMakeFiles/turtlebot3_msgs__rosidl_typesupport_introspection_c.dir/rosidl_typesupport_introspection_c/turtlebot3_msgs/srv/detail/dqn__type_support.c.o[0m
[13.394s] [ 71%] [32mBuilding C object CMakeFiles/turtlebot3_msgs__rosidl_typesupport_introspection_c.dir/rosidl_typesupport_introspection_c/turtlebot3_msgs/action/detail/patrol__type_support.c.o[0m
[13.490s] [ 73%] [32m[1mLinking C shared library libturtlebot3_msgs__rosidl_typesupport_introspection_c.so[0m
[13.501s] [ 74%] [32mBuilding CXX object CMakeFiles/turtlebot3_msgs__rosidl_typesupport_fastrtps_c.dir/rosidl_typesupport_fastrtps_c/turtlebot3_msgs/msg/detail/version_info__type_support_c.cpp.o[0m
[13.584s] [ 74%] Built target turtlebot3_msgs__rosidl_typesupport_introspection_c
[13.607s] [ 76%] [32mBuilding CXX object CMakeFiles/turtlebot3_msgs__rosidl_typesupport_fastrtps_c.dir/rosidl_typesupport_fastrtps_c/turtlebot3_msgs/srv/detail/sound__type_support_c.cpp.o[0m
[14.077s] [ 77%] [32mBuilding CXX object CMakeFiles/turtlebot3_msgs__rosidl_typesupport_fastrtps_c.dir/rosidl_typesupport_fastrtps_c/turtlebot3_msgs/srv/detail/dqn__type_support_c.cpp.o[0m
[14.178s] [ 78%] [32mBuilding CXX object CMakeFiles/turtlebot3_msgs__rosidl_typesupport_fastrtps_c.dir/rosidl_typesupport_fastrtps_c/turtlebot3_msgs/action/detail/patrol__type_support_c.cpp.o[0m
[14.639s] [ 80%] [32m[1mLinking CXX shared library libturtlebot3_msgs__rosidl_typesupport_fastrtps_c.so[0m
[14.723s] [ 80%] Built target turtlebot3_msgs__rosidl_typesupport_fastrtps_c
[14.735s] [35m[1mScanning dependencies of target turtlebot3_msgs[0m
[14.747s] [ 80%] Built target turtlebot3_msgs
[14.761s] [35m[1mScanning dependencies of target turtlebot3_msgs__py[0m
[14.773s] [ 81%] [34m[1mGenerating Python code for ROS interfaces[0m
[16.766s] [ 81%] Built target turtlebot3_msgs__py
[16.806s] [35m[1mScanning dependencies of target turtlebot3_msgs__python[0m
[16.841s] [ 83%] [32mBuilding C object CMakeFiles/turtlebot3_msgs__python.dir/rosidl_generator_py/turtlebot3_msgs/msg/_sensor_state_s.c.o[0m
[16.845s] [ 84%] [32mBuilding C object CMakeFiles/turtlebot3_msgs__python.dir/rosidl_generator_py/turtlebot3_msgs/msg/_sound_s.c.o[0m
[17.009s] [ 85%] [32mBuilding C object CMakeFiles/turtlebot3_msgs__python.dir/rosidl_generator_py/turtlebot3_msgs/msg/_version_info_s.c.o[0m
[17.047s] [ 87%] [32mBuilding C object CMakeFiles/turtlebot3_msgs__python.dir/rosidl_generator_py/turtlebot3_msgs/srv/_sound_s.c.o[0m
[17.197s] [ 88%] [32mBuilding C object CMakeFiles/turtlebot3_msgs__python.dir/rosidl_generator_py/turtlebot3_msgs/srv/_dqn_s.c.o[0m
[17.214s] [ 90%] [32mBuilding C object CMakeFiles/turtlebot3_msgs__python.dir/rosidl_generator_py/turtlebot3_msgs/action/_patrol_s.c.o[0m
[17.410s] [ 91%] [32m[1mLinking C shared library rosidl_generator_py/turtlebot3_msgs/libturtlebot3_msgs__python.so[0m
[17.529s] [ 91%] Built target turtlebot3_msgs__python
[17.568s] [35m[1mScanning dependencies of target turtlebot3_msgs__rosidl_typesupport_fastrtps_c__pyext[0m
[17.597s] [35m[1mScanning dependencies of target turtlebot3_msgs__rosidl_typesupport_introspection_c__pyext[0m
[17.623s] [ 92%] [32mBuilding C object CMakeFiles/turtlebot3_msgs__rosidl_typesupport_fastrtps_c__pyext.dir/rosidl_generator_py/turtlebot3_msgs/_turtlebot3_msgs_s.ep.rosidl_typesupport_fastrtps_c.c.o[0m
[17.645s] [ 94%] [32mBuilding C object CMakeFiles/turtlebot3_msgs__rosidl_typesupport_introspection_c__pyext.dir/rosidl_generator_py/turtlebot3_msgs/_turtlebot3_msgs_s.ep.rosidl_typesupport_introspection_c.c.o[0m
[17.863s] [ 95%] [32m[1mLinking CXX shared library rosidl_generator_py/turtlebot3_msgs/turtlebot3_msgs_s__rosidl_typesupport_fastrtps_c.cpython-38-x86_64-linux-gnu.so[0m
[17.895s] [ 97%] [32m[1mLinking C shared library rosidl_generator_py/turtlebot3_msgs/turtlebot3_msgs_s__rosidl_typesupport_introspection_c.cpython-38-x86_64-linux-gnu.so[0m
[17.989s] [ 97%] Built target turtlebot3_msgs__rosidl_typesupport_introspection_c__pyext
[18.003s] [ 97%] Built target turtlebot3_msgs__rosidl_typesupport_fastrtps_c__pyext
[18.009s] [35m[1mScanning dependencies of target turtlebot3_msgs__rosidl_typesupport_c__pyext[0m
[18.032s] [ 98%] [32mBuilding C object CMakeFiles/turtlebot3_msgs__rosidl_typesupport_c__pyext.dir/rosidl_generator_py/turtlebot3_msgs/_turtlebot3_msgs_s.ep.rosidl_typesupport_c.c.o[0m
[18.250s] [100%] [32m[1mLinking C shared library rosidl_generator_py/turtlebot3_msgs/turtlebot3_msgs_s__rosidl_typesupport_c.cpython-38-x86_64-linux-gnu.so[0m
[18.334s] [100%] Built target turtlebot3_msgs__rosidl_typesupport_c__pyext
[18.357s] Invoked command in '/home/y/SA_CAO_test_ws/build/turtlebot3_msgs' returned '0': CMAKE_PREFIX_PATH=/home/y/SA_CAO_test_ws/install/turtlebot3:/home/y/SA_CAO_test_ws/install/turtlebot3_simulations:/home/y/SA_CAO_test_ws/install/turtlebot3_bringup:/home/y/SA_CAO_test_ws/install/turtlebot3_node:/home/y/SA_CAO_test_ws/install/turtlebot3_navigation2:/home/y/SA_CAO_test_ws/install/turtlebot3_fake_node:/home/y/SA_CAO_test_ws/install/turtlebot3_msgs:/home/y/SA_CAO_test_ws/install/turtlebot3_gazebo:/home/y/SA_CAO_test_ws/install/turtlebot3_description:/home/y/SA_CAO_test_ws/install/turtlebot3_cartographer:/home/y/SA_CAO_test_ws/install/sub_diablo2023a:/home/y/SA_CAO_test_ws/install/motion_msgs:/home/y/SA_CAO_test_ws/install/hls_lfcd_lds_driver:/home/y/SA_CAO_test_ws/install/dynamixel_sdk_examples:/home/y/SA_CAO_test_ws/install/dynamixel_sdk_custom_interfaces:/home/y/SA_CAO_test_ws/install/dynamixel_sdk:/home/y/SA_CAO_test_ws/install/turtlebot3_teleop:/home/y/SA_CAO_test_ws/install/turtlebot3_example:/home/y/SA_CAO_test_ws/install/my_joystick:/home/y/SA_CAO_test_ws/install/launch_diablo:/opt/ros/foxy:/home/y/oradar_ros/install/oradar_lidar /usr/bin/cmake --build /home/y/SA_CAO_test_ws/build/turtlebot3_msgs -- -j2 -l2
[18.358s] Invoking command in '/home/y/SA_CAO_test_ws/build/turtlebot3_msgs': CMAKE_PREFIX_PATH=/home/y/SA_CAO_test_ws/install/turtlebot3:/home/y/SA_CAO_test_ws/install/turtlebot3_simulations:/home/y/SA_CAO_test_ws/install/turtlebot3_bringup:/home/y/SA_CAO_test_ws/install/turtlebot3_node:/home/y/SA_CAO_test_ws/install/turtlebot3_navigation2:/home/y/SA_CAO_test_ws/install/turtlebot3_fake_node:/home/y/SA_CAO_test_ws/install/turtlebot3_msgs:/home/y/SA_CAO_test_ws/install/turtlebot3_gazebo:/home/y/SA_CAO_test_ws/install/turtlebot3_description:/home/y/SA_CAO_test_ws/install/turtlebot3_cartographer:/home/y/SA_CAO_test_ws/install/sub_diablo2023a:/home/y/SA_CAO_test_ws/install/motion_msgs:/home/y/SA_CAO_test_ws/install/hls_lfcd_lds_driver:/home/y/SA_CAO_test_ws/install/dynamixel_sdk_examples:/home/y/SA_CAO_test_ws/install/dynamixel_sdk_custom_interfaces:/home/y/SA_CAO_test_ws/install/dynamixel_sdk:/home/y/SA_CAO_test_ws/install/turtlebot3_teleop:/home/y/SA_CAO_test_ws/install/turtlebot3_example:/home/y/SA_CAO_test_ws/install/my_joystick:/home/y/SA_CAO_test_ws/install/launch_diablo:/opt/ros/foxy:/home/y/oradar_ros/install/oradar_lidar /usr/bin/cmake --install /home/y/SA_CAO_test_ws/build/turtlebot3_msgs
[18.368s] -- Install configuration: ""
[18.368s] -- Installing: /home/y/SA_CAO_test_ws/install/turtlebot3_msgs/share/ament_index/resource_index/rosidl_interfaces/turtlebot3_msgs
[18.368s] -- Installing: /home/y/SA_CAO_test_ws/install/turtlebot3_msgs/include/turtlebot3_msgs
[18.371s] -- Installing: /home/y/SA_CAO_test_ws/install/turtlebot3_msgs/include/turtlebot3_msgs/srv
[18.371s] -- Installing: /home/y/SA_CAO_test_ws/install/turtlebot3_msgs/include/turtlebot3_msgs/srv/sound.h
[18.371s] -- Installing: /home/y/SA_CAO_test_ws/install/turtlebot3_msgs/include/turtlebot3_msgs/srv/detail
[18.371s] -- Installing: /home/y/SA_CAO_test_ws/install/turtlebot3_msgs/include/turtlebot3_msgs/srv/detail/sound__type_support.h
[18.371s] -- Installing: /home/y/SA_CAO_test_ws/install/turtlebot3_msgs/include/turtlebot3_msgs/srv/detail/sound__functions.c
[18.372s] -- Installing: /home/y/SA_CAO_test_ws/install/turtlebot3_msgs/include/turtlebot3_msgs/srv/detail/dqn__struct.h
[18.372s] -- Installing: /home/y/SA_CAO_test_ws/install/turtlebot3_msgs/include/turtlebot3_msgs/srv/detail/sound__struct.h
[18.372s] -- Installing: /home/y/SA_CAO_test_ws/install/turtlebot3_msgs/include/turtlebot3_msgs/srv/detail/dqn__type_support.h
[18.372s] -- Installing: /home/y/SA_CAO_test_ws/install/turtlebot3_msgs/include/turtlebot3_msgs/srv/detail/sound__functions.h
[18.372s] -- Installing: /home/y/SA_CAO_test_ws/install/turtlebot3_msgs/include/turtlebot3_msgs/srv/detail/dqn__functions.h
[18.372s] -- Installing: /home/y/SA_CAO_test_ws/install/turtlebot3_msgs/include/turtlebot3_msgs/srv/detail/dqn__functions.c
[18.373s] -- Installing: /home/y/SA_CAO_test_ws/install/turtlebot3_msgs/include/turtlebot3_msgs/srv/dqn.h
[18.373s] -- Installing: /home/y/SA_CAO_test_ws/install/turtlebot3_msgs/include/turtlebot3_msgs/action
[18.373s] -- Installing: /home/y/SA_CAO_test_ws/install/turtlebot3_msgs/include/turtlebot3_msgs/action/patrol.h
[18.373s] -- Installing: /home/y/SA_CAO_test_ws/install/turtlebot3_msgs/include/turtlebot3_msgs/action/detail
[18.373s] -- Installing: /home/y/SA_CAO_test_ws/install/turtlebot3_msgs/include/turtlebot3_msgs/action/detail/patrol__struct.h
[18.374s] -- Installing: /home/y/SA_CAO_test_ws/install/turtlebot3_msgs/include/turtlebot3_msgs/action/detail/patrol__type_support.h
[18.374s] -- Installing: /home/y/SA_CAO_test_ws/install/turtlebot3_msgs/include/turtlebot3_msgs/action/detail/patrol__functions.c
[18.374s] -- Installing: /home/y/SA_CAO_test_ws/install/turtlebot3_msgs/include/turtlebot3_msgs/action/detail/patrol__functions.h
[18.374s] -- Installing: /home/y/SA_CAO_test_ws/install/turtlebot3_msgs/include/turtlebot3_msgs/msg
[18.374s] -- Installing: /home/y/SA_CAO_test_ws/install/turtlebot3_msgs/include/turtlebot3_msgs/msg/sound.h
[18.375s] -- Installing: /home/y/SA_CAO_test_ws/install/turtlebot3_msgs/include/turtlebot3_msgs/msg/rosidl_generator_c__visibility_control.h
[18.375s] -- Installing: /home/y/SA_CAO_test_ws/install/turtlebot3_msgs/include/turtlebot3_msgs/msg/sensor_state.h
[18.375s] -- Installing: /home/y/SA_CAO_test_ws/install/turtlebot3_msgs/include/turtlebot3_msgs/msg/version_info.h
[18.375s] -- Installing: /home/y/SA_CAO_test_ws/install/turtlebot3_msgs/include/turtlebot3_msgs/msg/detail
[18.375s] -- Installing: /home/y/SA_CAO_test_ws/install/turtlebot3_msgs/include/turtlebot3_msgs/msg/detail/sound__type_support.h
[18.376s] -- Installing: /home/y/SA_CAO_test_ws/install/turtlebot3_msgs/include/turtlebot3_msgs/msg/detail/version_info__functions.c
[18.376s] -- Installing: /home/y/SA_CAO_test_ws/install/turtlebot3_msgs/include/turtlebot3_msgs/msg/detail/sound__functions.c
[18.376s] -- Installing: /home/y/SA_CAO_test_ws/install/turtlebot3_msgs/include/turtlebot3_msgs/msg/detail/sensor_state__type_support.h
[18.378s] -- Installing: /home/y/SA_CAO_test_ws/install/turtlebot3_msgs/include/turtlebot3_msgs/msg/detail/version_info__struct.h
[18.378s] -- Installing: /home/y/SA_CAO_test_ws/install/turtlebot3_msgs/include/turtlebot3_msgs/msg/detail/version_info__functions.h
[18.379s] -- Installing: /home/y/SA_CAO_test_ws/install/turtlebot3_msgs/include/turtlebot3_msgs/msg/detail/sound__struct.h
[18.379s] -- Installing: /home/y/SA_CAO_test_ws/install/turtlebot3_msgs/include/turtlebot3_msgs/msg/detail/sensor_state__functions.c
[18.379s] -- Installing: /home/y/SA_CAO_test_ws/install/turtlebot3_msgs/include/turtlebot3_msgs/msg/detail/sound__functions.h
[18.379s] -- Installing: /home/y/SA_CAO_test_ws/install/turtlebot3_msgs/include/turtlebot3_msgs/msg/detail/sensor_state__struct.h
[18.379s] -- Installing: /home/y/SA_CAO_test_ws/install/turtlebot3_msgs/include/turtlebot3_msgs/msg/detail/version_info__type_support.h
[18.380s] -- Installing: /home/y/SA_CAO_test_ws/install/turtlebot3_msgs/include/turtlebot3_msgs/msg/detail/sensor_state__functions.h
[18.380s] -- Installing: /home/y/SA_CAO_test_ws/install/turtlebot3_msgs/share/turtlebot3_msgs/environment/library_path.sh
[18.380s] -- Installing: /home/y/SA_CAO_test_ws/install/turtlebot3_msgs/share/turtlebot3_msgs/environment/library_path.dsv
[18.380s] -- Installing: /home/y/SA_CAO_test_ws/install/turtlebot3_msgs/lib/libturtlebot3_msgs__rosidl_generator_c.so
[18.381s] -- Set runtime path of "/home/y/SA_CAO_test_ws/install/turtlebot3_msgs/lib/libturtlebot3_msgs__rosidl_generator_c.so" to ""
[18.381s] -- Up-to-date: /home/y/SA_CAO_test_ws/install/turtlebot3_msgs/include/turtlebot3_msgs
[18.381s] -- Up-to-date: /home/y/SA_CAO_test_ws/install/turtlebot3_msgs/include/turtlebot3_msgs/srv
[18.381s] -- Up-to-date: /home/y/SA_CAO_test_ws/install/turtlebot3_msgs/include/turtlebot3_msgs/srv/detail
[18.381s] -- Installing: /home/y/SA_CAO_test_ws/install/turtlebot3_msgs/include/turtlebot3_msgs/srv/detail/sound__rosidl_typesupport_fastrtps_c.h
[18.382s] -- Installing: /home/y/SA_CAO_test_ws/install/turtlebot3_msgs/include/turtlebot3_msgs/srv/detail/dqn__rosidl_typesupport_fastrtps_c.h
[18.382s] -- Up-to-date: /home/y/SA_CAO_test_ws/install/turtlebot3_msgs/include/turtlebot3_msgs/action
[18.384s] -- Up-to-date: /home/y/SA_CAO_test_ws/install/turtlebot3_msgs/include/turtlebot3_msgs/action/detail
[18.385s] -- Installing: /home/y/SA_CAO_test_ws/install/turtlebot3_msgs/include/turtlebot3_msgs/action/detail/patrol__rosidl_typesupport_fastrtps_c.h
[18.385s] -- Up-to-date: /home/y/SA_CAO_test_ws/install/turtlebot3_msgs/include/turtlebot3_msgs/msg
[18.385s] -- Up-to-date: /home/y/SA_CAO_test_ws/install/turtlebot3_msgs/include/turtlebot3_msgs/msg/detail
[18.385s] -- Installing: /home/y/SA_CAO_test_ws/install/turtlebot3_msgs/include/turtlebot3_msgs/msg/detail/sound__rosidl_typesupport_fastrtps_c.h
[18.385s] -- Installing: /home/y/SA_CAO_test_ws/install/turtlebot3_msgs/include/turtlebot3_msgs/msg/detail/sensor_state__rosidl_typesupport_fastrtps_c.h
[18.385s] -- Installing: /home/y/SA_CAO_test_ws/install/turtlebot3_msgs/include/turtlebot3_msgs/msg/detail/version_info__rosidl_typesupport_fastrtps_c.h
[18.386s] -- Installing: /home/y/SA_CAO_test_ws/install/turtlebot3_msgs/include/turtlebot3_msgs/msg/rosidl_typesupport_fastrtps_c__visibility_control.h
[18.386s] -- Installing: /home/y/SA_CAO_test_ws/install/turtlebot3_msgs/lib/libturtlebot3_msgs__rosidl_typesupport_fastrtps_c.so
[18.386s] -- Set runtime path of "/home/y/SA_CAO_test_ws/install/turtlebot3_msgs/lib/libturtlebot3_msgs__rosidl_typesupport_fastrtps_c.so" to ""
[18.386s] -- Up-to-date: /home/y/SA_CAO_test_ws/install/turtlebot3_msgs/include/turtlebot3_msgs
[18.387s] -- Up-to-date: /home/y/SA_CAO_test_ws/install/turtlebot3_msgs/include/turtlebot3_msgs/srv
[18.387s] -- Up-to-date: /home/y/SA_CAO_test_ws/install/turtlebot3_msgs/include/turtlebot3_msgs/srv/detail
[18.387s] -- Installing: /home/y/SA_CAO_test_ws/install/turtlebot3_msgs/include/turtlebot3_msgs/srv/detail/dds_fastrtps
[18.387s] -- Installing: /home/y/SA_CAO_test_ws/install/turtlebot3_msgs/include/turtlebot3_msgs/srv/detail/sound__rosidl_typesupport_fastrtps_cpp.hpp
[18.387s] -- Installing: /home/y/SA_CAO_test_ws/install/turtlebot3_msgs/include/turtlebot3_msgs/srv/detail/dqn__rosidl_typesupport_fastrtps_cpp.hpp
[18.387s] -- Up-to-date: /home/y/SA_CAO_test_ws/install/turtlebot3_msgs/include/turtlebot3_msgs/action
[18.388s] -- Up-to-date: /home/y/SA_CAO_test_ws/install/turtlebot3_msgs/include/turtlebot3_msgs/action/detail
[18.388s] -- Installing: /home/y/SA_CAO_test_ws/install/turtlebot3_msgs/include/turtlebot3_msgs/action/detail/dds_fastrtps
[18.388s] -- Installing: /home/y/SA_CAO_test_ws/install/turtlebot3_msgs/include/turtlebot3_msgs/action/detail/patrol__rosidl_typesupport_fastrtps_cpp.hpp
[18.388s] -- Up-to-date: /home/y/SA_CAO_test_ws/install/turtlebot3_msgs/include/turtlebot3_msgs/msg
[18.388s] -- Installing: /home/y/SA_CAO_test_ws/install/turtlebot3_msgs/include/turtlebot3_msgs/msg/rosidl_typesupport_fastrtps_cpp__visibility_control.h
[18.388s] -- Up-to-date: /home/y/SA_CAO_test_ws/install/turtlebot3_msgs/include/turtlebot3_msgs/msg/detail
[18.389s] -- Installing: /home/y/SA_CAO_test_ws/install/turtlebot3_msgs/include/turtlebot3_msgs/msg/detail/dds_fastrtps
[18.389s] -- Installing: /home/y/SA_CAO_test_ws/install/turtlebot3_msgs/include/turtlebot3_msgs/msg/detail/sound__rosidl_typesupport_fastrtps_cpp.hpp
[18.389s] -- Installing: /home/y/SA_CAO_test_ws/install/turtlebot3_msgs/include/turtlebot3_msgs/msg/detail/sensor_state__rosidl_typesupport_fastrtps_cpp.hpp
[18.389s] -- Installing: /home/y/SA_CAO_test_ws/install/turtlebot3_msgs/include/turtlebot3_msgs/msg/detail/version_info__rosidl_typesupport_fastrtps_cpp.hpp
[18.389s] -- Installing: /home/y/SA_CAO_test_ws/install/turtlebot3_msgs/lib/libturtlebot3_msgs__rosidl_typesupport_fastrtps_cpp.so
[18.390s] -- Set runtime path of "/home/y/SA_CAO_test_ws/install/turtlebot3_msgs/lib/libturtlebot3_msgs__rosidl_typesupport_fastrtps_cpp.so" to ""
[18.391s] -- Up-to-date: /home/y/SA_CAO_test_ws/install/turtlebot3_msgs/include/turtlebot3_msgs
[18.391s] -- Up-to-date: /home/y/SA_CAO_test_ws/install/turtlebot3_msgs/include/turtlebot3_msgs/srv
[18.391s] -- Up-to-date: /home/y/SA_CAO_test_ws/install/turtlebot3_msgs/include/turtlebot3_msgs/srv/detail
[18.391s] -- Installing: /home/y/SA_CAO_test_ws/install/turtlebot3_msgs/include/turtlebot3_msgs/srv/detail/dqn__rosidl_typesupport_introspection_c.h
[18.391s] -- Installing: /home/y/SA_CAO_test_ws/install/turtlebot3_msgs/include/turtlebot3_msgs/srv/detail/sound__rosidl_typesupport_introspection_c.h
[18.391s] -- Installing: /home/y/SA_CAO_test_ws/install/turtlebot3_msgs/include/turtlebot3_msgs/srv/detail/dqn__type_support.c
[18.392s] -- Installing: /home/y/SA_CAO_test_ws/install/turtlebot3_msgs/include/turtlebot3_msgs/srv/detail/sound__type_support.c
[18.392s] -- Up-to-date: /home/y/SA_CAO_test_ws/install/turtlebot3_msgs/include/turtlebot3_msgs/action
[18.392s] -- Up-to-date: /home/y/SA_CAO_test_ws/install/turtlebot3_msgs/include/turtlebot3_msgs/action/detail
[18.393s] -- Installing: /home/y/SA_CAO_test_ws/install/turtlebot3_msgs/include/turtlebot3_msgs/action/detail/patrol__rosidl_typesupport_introspection_c.h
[18.393s] -- Installing: /home/y/SA_CAO_test_ws/install/turtlebot3_msgs/include/turtlebot3_msgs/action/detail/patrol__type_support.c
[18.393s] -- Up-to-date: /home/y/SA_CAO_test_ws/install/turtlebot3_msgs/include/turtlebot3_msgs/msg
[18.393s] -- Installing: /home/y/SA_CAO_test_ws/install/turtlebot3_msgs/include/turtlebot3_msgs/msg/rosidl_typesupport_introspection_c__visibility_control.h
[18.393s] -- Up-to-date: /home/y/SA_CAO_test_ws/install/turtlebot3_msgs/include/turtlebot3_msgs/msg/detail
[18.393s] -- Installing: /home/y/SA_CAO_test_ws/install/turtlebot3_msgs/include/turtlebot3_msgs/msg/detail/sound__rosidl_typesupport_introspection_c.h
[18.394s] -- Installing: /home/y/SA_CAO_test_ws/install/turtlebot3_msgs/include/turtlebot3_msgs/msg/detail/version_info__type_support.c
[18.394s] -- Installing: /home/y/SA_CAO_test_ws/install/turtlebot3_msgs/include/turtlebot3_msgs/msg/detail/sensor_state__rosidl_typesupport_introspection_c.h
[18.394s] -- Installing: /home/y/SA_CAO_test_ws/install/turtlebot3_msgs/include/turtlebot3_msgs/msg/detail/version_info__rosidl_typesupport_introspection_c.h
[18.395s] -- Installing: /home/y/SA_CAO_test_ws/install/turtlebot3_msgs/include/turtlebot3_msgs/msg/detail/sound__type_support.c
[18.395s] -- Installing: /home/y/SA_CAO_test_ws/install/turtlebot3_msgs/include/turtlebot3_msgs/msg/detail/sensor_state__type_support.c
[18.395s] -- Installing: /home/y/SA_CAO_test_ws/install/turtlebot3_msgs/lib/libturtlebot3_msgs__rosidl_typesupport_introspection_c.so
[18.396s] -- Set runtime path of "/home/y/SA_CAO_test_ws/install/turtlebot3_msgs/lib/libturtlebot3_msgs__rosidl_typesupport_introspection_c.so" to ""
[18.396s] -- Installing: /home/y/SA_CAO_test_ws/install/turtlebot3_msgs/lib/libturtlebot3_msgs__rosidl_typesupport_c.so
[18.396s] -- Set runtime path of "/home/y/SA_CAO_test_ws/install/turtlebot3_msgs/lib/libturtlebot3_msgs__rosidl_typesupport_c.so" to ""
[18.396s] -- Up-to-date: /home/y/SA_CAO_test_ws/install/turtlebot3_msgs/include/turtlebot3_msgs
[18.397s] -- Up-to-date: /home/y/SA_CAO_test_ws/install/turtlebot3_msgs/include/turtlebot3_msgs/srv
[18.397s] -- Installing: /home/y/SA_CAO_test_ws/install/turtlebot3_msgs/include/turtlebot3_msgs/srv/sound.hpp
[18.397s] -- Installing: /home/y/SA_CAO_test_ws/install/turtlebot3_msgs/include/turtlebot3_msgs/srv/dqn.hpp
[18.397s] -- Up-to-date: /home/y/SA_CAO_test_ws/install/turtlebot3_msgs/include/turtlebot3_msgs/srv/detail
[18.397s] -- Installing: /home/y/SA_CAO_test_ws/install/turtlebot3_msgs/include/turtlebot3_msgs/srv/detail/sound__type_support.hpp
[18.397s] -- Installing: /home/y/SA_CAO_test_ws/install/turtlebot3_msgs/include/turtlebot3_msgs/srv/detail/dqn__builder.hpp
[18.398s] -- Installing: /home/y/SA_CAO_test_ws/install/turtlebot3_msgs/include/turtlebot3_msgs/srv/detail/dqn__type_support.hpp
[18.398s] -- Installing: /home/y/SA_CAO_test_ws/install/turtlebot3_msgs/include/turtlebot3_msgs/srv/detail/sound__builder.hpp
[18.398s] -- Installing: /home/y/SA_CAO_test_ws/install/turtlebot3_msgs/include/turtlebot3_msgs/srv/detail/sound__traits.hpp
[18.398s] -- Installing: /home/y/SA_CAO_test_ws/install/turtlebot3_msgs/include/turtlebot3_msgs/srv/detail/dqn__struct.hpp
[18.398s] -- Installing: /home/y/SA_CAO_test_ws/install/turtlebot3_msgs/include/turtlebot3_msgs/srv/detail/sound__struct.hpp
[18.398s] -- Installing: /home/y/SA_CAO_test_ws/install/turtlebot3_msgs/include/turtlebot3_msgs/srv/detail/dqn__traits.hpp
[18.399s] -- Up-to-date: /home/y/SA_CAO_test_ws/install/turtlebot3_msgs/include/turtlebot3_msgs/action
[18.399s] -- Installing: /home/y/SA_CAO_test_ws/install/turtlebot3_msgs/include/turtlebot3_msgs/action/patrol.hpp
[18.399s] -- Up-to-date: /home/y/SA_CAO_test_ws/install/turtlebot3_msgs/include/turtlebot3_msgs/action/detail
[18.399s] -- Installing: /home/y/SA_CAO_test_ws/install/turtlebot3_msgs/include/turtlebot3_msgs/action/detail/patrol__builder.hpp
[18.399s] -- Installing: /home/y/SA_CAO_test_ws/install/turtlebot3_msgs/include/turtlebot3_msgs/action/detail/patrol__type_support.hpp
[18.400s] -- Installing: /home/y/SA_CAO_test_ws/install/turtlebot3_msgs/include/turtlebot3_msgs/action/detail/patrol__traits.hpp
[18.400s] -- Installing: /home/y/SA_CAO_test_ws/install/turtlebot3_msgs/include/turtlebot3_msgs/action/detail/patrol__struct.hpp
[18.400s] -- Up-to-date: /home/y/SA_CAO_test_ws/install/turtlebot3_msgs/include/turtlebot3_msgs/msg
[18.400s] -- Installing: /home/y/SA_CAO_test_ws/install/turtlebot3_msgs/include/turtlebot3_msgs/msg/sound.hpp
[18.400s] -- Installing: /home/y/SA_CAO_test_ws/install/turtlebot3_msgs/include/turtlebot3_msgs/msg/rosidl_generator_cpp__visibility_control.hpp
[18.401s] -- Installing: /home/y/SA_CAO_test_ws/install/turtlebot3_msgs/include/turtlebot3_msgs/msg/sensor_state.hpp
[18.401s] -- Installing: /home/y/SA_CAO_test_ws/install/turtlebot3_msgs/include/turtlebot3_msgs/msg/version_info.hpp
[18.401s] -- Up-to-date: /home/y/SA_CAO_test_ws/install/turtlebot3_msgs/include/turtlebot3_msgs/msg/detail
[18.401s] -- Installing: /home/y/SA_CAO_test_ws/install/turtlebot3_msgs/include/turtlebot3_msgs/msg/detail/version_info__traits.hpp
[18.401s] -- Installing: /home/y/SA_CAO_test_ws/install/turtlebot3_msgs/include/turtlebot3_msgs/msg/detail/sound__type_support.hpp
[18.401s] -- Installing: /home/y/SA_CAO_test_ws/install/turtlebot3_msgs/include/turtlebot3_msgs/msg/detail/version_info__struct.hpp
[18.402s] -- Installing: /home/y/SA_CAO_test_ws/install/turtlebot3_msgs/include/turtlebot3_msgs/msg/detail/sensor_state__struct.hpp
[18.402s] -- Installing: /home/y/SA_CAO_test_ws/install/turtlebot3_msgs/include/turtlebot3_msgs/msg/detail/sensor_state__traits.hpp
[18.402s] -- Installing: /home/y/SA_CAO_test_ws/install/turtlebot3_msgs/include/turtlebot3_msgs/msg/detail/sound__builder.hpp
[18.402s] -- Installing: /home/y/SA_CAO_test_ws/install/turtlebot3_msgs/include/turtlebot3_msgs/msg/detail/sound__traits.hpp
[18.402s] -- Installing: /home/y/SA_CAO_test_ws/install/turtlebot3_msgs/include/turtlebot3_msgs/msg/detail/sensor_state__type_support.hpp
[18.402s] -- Installing: /home/y/SA_CAO_test_ws/install/turtlebot3_msgs/include/turtlebot3_msgs/msg/detail/sound__struct.hpp
[18.403s] -- Installing: /home/y/SA_CAO_test_ws/install/turtlebot3_msgs/include/turtlebot3_msgs/msg/detail/sensor_state__builder.hpp
[18.403s] -- Installing: /home/y/SA_CAO_test_ws/install/turtlebot3_msgs/include/turtlebot3_msgs/msg/detail/version_info__builder.hpp
[18.403s] -- Installing: /home/y/SA_CAO_test_ws/install/turtlebot3_msgs/include/turtlebot3_msgs/msg/detail/version_info__type_support.hpp
[18.403s] -- Up-to-date: /home/y/SA_CAO_test_ws/install/turtlebot3_msgs/include/turtlebot3_msgs
[18.404s] -- Up-to-date: /home/y/SA_CAO_test_ws/install/turtlebot3_msgs/include/turtlebot3_msgs/srv
[18.404s] -- Up-to-date: /home/y/SA_CAO_test_ws/install/turtlebot3_msgs/include/turtlebot3_msgs/srv/detail
[18.404s] -- Installing: /home/y/SA_CAO_test_ws/install/turtlebot3_msgs/include/turtlebot3_msgs/srv/detail/sound__rosidl_typesupport_introspection_cpp.hpp
[18.404s] -- Installing: /home/y/SA_CAO_test_ws/install/turtlebot3_msgs/include/turtlebot3_msgs/srv/detail/dqn__type_support.cpp
[18.404s] -- Installing: /home/y/SA_CAO_test_ws/install/turtlebot3_msgs/include/turtlebot3_msgs/srv/detail/sound__type_support.cpp
[18.404s] -- Installing: /home/y/SA_CAO_test_ws/install/turtlebot3_msgs/include/turtlebot3_msgs/srv/detail/dqn__rosidl_typesupport_introspection_cpp.hpp
[18.405s] -- Up-to-date: /home/y/SA_CAO_test_ws/install/turtlebot3_msgs/include/turtlebot3_msgs/action
[18.405s] -- Up-to-date: /home/y/SA_CAO_test_ws/install/turtlebot3_msgs/include/turtlebot3_msgs/action/detail
[18.405s] -- Installing: /home/y/SA_CAO_test_ws/install/turtlebot3_msgs/include/turtlebot3_msgs/action/detail/patrol__rosidl_typesupport_introspection_cpp.hpp
[18.405s] -- Installing: /home/y/SA_CAO_test_ws/install/turtlebot3_msgs/include/turtlebot3_msgs/action/detail/patrol__type_support.cpp
[18.405s] -- Up-to-date: /home/y/SA_CAO_test_ws/install/turtlebot3_msgs/include/turtlebot3_msgs/msg
[18.405s] -- Up-to-date: /home/y/SA_CAO_test_ws/install/turtlebot3_msgs/include/turtlebot3_msgs/msg/detail
[18.405s] -- Installing: /home/y/SA_CAO_test_ws/install/turtlebot3_msgs/include/turtlebot3_msgs/msg/detail/sound__rosidl_typesupport_introspection_cpp.hpp
[18.406s] -- Installing: /home/y/SA_CAO_test_ws/install/turtlebot3_msgs/include/turtlebot3_msgs/msg/detail/sound__type_support.cpp
[18.406s] -- Installing: /home/y/SA_CAO_test_ws/install/turtlebot3_msgs/include/turtlebot3_msgs/msg/detail/sensor_state__rosidl_typesupport_introspection_cpp.hpp
[18.406s] -- Installing: /home/y/SA_CAO_test_ws/install/turtlebot3_msgs/include/turtlebot3_msgs/msg/detail/version_info__type_support.cpp
[18.406s] -- Installing: /home/y/SA_CAO_test_ws/install/turtlebot3_msgs/include/turtlebot3_msgs/msg/detail/sensor_state__type_support.cpp
[18.406s] -- Installing: /home/y/SA_CAO_test_ws/install/turtlebot3_msgs/include/turtlebot3_msgs/msg/detail/version_info__rosidl_typesupport_introspection_cpp.hpp
[18.407s] -- Installing: /home/y/SA_CAO_test_ws/install/turtlebot3_msgs/lib/libturtlebot3_msgs__rosidl_typesupport_introspection_cpp.so
[18.407s] -- Set runtime path of "/home/y/SA_CAO_test_ws/install/turtlebot3_msgs/lib/libturtlebot3_msgs__rosidl_typesupport_introspection_cpp.so" to ""
[18.408s] -- Installing: /home/y/SA_CAO_test_ws/install/turtlebot3_msgs/lib/libturtlebot3_msgs__rosidl_typesupport_cpp.so
[18.408s] -- Set runtime path of "/home/y/SA_CAO_test_ws/install/turtlebot3_msgs/lib/libturtlebot3_msgs__rosidl_typesupport_cpp.so" to ""
[18.408s] -- Installing: /home/y/SA_CAO_test_ws/install/turtlebot3_msgs/share/turtlebot3_msgs/environment/pythonpath.sh
[18.408s] -- Installing: /home/y/SA_CAO_test_ws/install/turtlebot3_msgs/share/turtlebot3_msgs/environment/pythonpath.dsv
[18.409s] -- Installing: /home/y/SA_CAO_test_ws/install/turtlebot3_msgs/lib/python3.8/site-packages/turtlebot3_msgs/__init__.py
[18.460s] Compiling '/home/y/SA_CAO_test_ws/install/turtlebot3_msgs/lib/python3.8/site-packages/turtlebot3_msgs/__init__.py'...
[18.463s] -- Installing: /home/y/SA_CAO_test_ws/install/turtlebot3_msgs/lib/python3.8/site-packages/turtlebot3_msgs/msg
[18.463s] -- Installing: /home/y/SA_CAO_test_ws/install/turtlebot3_msgs/lib/python3.8/site-packages/turtlebot3_msgs/msg/_version_info_s.c
[18.464s] -- Installing: /home/y/SA_CAO_test_ws/install/turtlebot3_msgs/lib/python3.8/site-packages/turtlebot3_msgs/msg/_version_info.py
[18.464s] -- Installing: /home/y/SA_CAO_test_ws/install/turtlebot3_msgs/lib/python3.8/site-packages/turtlebot3_msgs/msg/__init__.py
[18.464s] -- Installing: /home/y/SA_CAO_test_ws/install/turtlebot3_msgs/lib/python3.8/site-packages/turtlebot3_msgs/msg/_sound.py
[18.464s] -- Installing: /home/y/SA_CAO_test_ws/install/turtlebot3_msgs/lib/python3.8/site-packages/turtlebot3_msgs/msg/_sensor_state_s.c
[18.465s] -- Installing: /home/y/SA_CAO_test_ws/install/turtlebot3_msgs/lib/python3.8/site-packages/turtlebot3_msgs/msg/_sensor_state.py
[18.465s] -- Installing: /home/y/SA_CAO_test_ws/install/turtlebot3_msgs/lib/python3.8/site-packages/turtlebot3_msgs/msg/_sound_s.c
[18.465s] -- Installing: /home/y/SA_CAO_test_ws/install/turtlebot3_msgs/lib/python3.8/site-packages/turtlebot3_msgs/srv
[18.465s] -- Installing: /home/y/SA_CAO_test_ws/install/turtlebot3_msgs/lib/python3.8/site-packages/turtlebot3_msgs/srv/_dqn_s.c
[18.465s] -- Installing: /home/y/SA_CAO_test_ws/install/turtlebot3_msgs/lib/python3.8/site-packages/turtlebot3_msgs/srv/_dqn.py
[18.466s] -- Installing: /home/y/SA_CAO_test_ws/install/turtlebot3_msgs/lib/python3.8/site-packages/turtlebot3_msgs/srv/__init__.py
[18.466s] -- Installing: /home/y/SA_CAO_test_ws/install/turtlebot3_msgs/lib/python3.8/site-packages/turtlebot3_msgs/srv/_sound.py
[18.466s] -- Installing: /home/y/SA_CAO_test_ws/install/turtlebot3_msgs/lib/python3.8/site-packages/turtlebot3_msgs/srv/_sound_s.c
[18.466s] -- Installing: /home/y/SA_CAO_test_ws/install/turtlebot3_msgs/lib/python3.8/site-packages/turtlebot3_msgs/action
[18.466s] -- Installing: /home/y/SA_CAO_test_ws/install/turtlebot3_msgs/lib/python3.8/site-packages/turtlebot3_msgs/action/_patrol_s.c
[18.467s] -- Installing: /home/y/SA_CAO_test_ws/install/turtlebot3_msgs/lib/python3.8/site-packages/turtlebot3_msgs/action/__init__.py
[18.467s] -- Installing: /home/y/SA_CAO_test_ws/install/turtlebot3_msgs/lib/python3.8/site-packages/turtlebot3_msgs/action/_patrol.py
[18.467s] -- Installing: /home/y/SA_CAO_test_ws/install/turtlebot3_msgs/lib/python3.8/site-packages/turtlebot3_msgs/turtlebot3_msgs_s__rosidl_typesupport_fastrtps_c.cpython-38-x86_64-linux-gnu.so
[18.468s] -- Set runtime path of "/home/y/SA_CAO_test_ws/install/turtlebot3_msgs/lib/python3.8/site-packages/turtlebot3_msgs/turtlebot3_msgs_s__rosidl_typesupport_fastrtps_c.cpython-38-x86_64-linux-gnu.so" to ""
[18.468s] -- Installing: /home/y/SA_CAO_test_ws/install/turtlebot3_msgs/lib/python3.8/site-packages/turtlebot3_msgs/turtlebot3_msgs_s__rosidl_typesupport_introspection_c.cpython-38-x86_64-linux-gnu.so
[18.469s] -- Set runtime path of "/home/y/SA_CAO_test_ws/install/turtlebot3_msgs/lib/python3.8/site-packages/turtlebot3_msgs/turtlebot3_msgs_s__rosidl_typesupport_introspection_c.cpython-38-x86_64-linux-gnu.so" to ""
[18.469s] -- Installing: /home/y/SA_CAO_test_ws/install/turtlebot3_msgs/lib/python3.8/site-packages/turtlebot3_msgs/turtlebot3_msgs_s__rosidl_typesupport_c.cpython-38-x86_64-linux-gnu.so
[18.469s] -- Set runtime path of "/home/y/SA_CAO_test_ws/install/turtlebot3_msgs/lib/python3.8/site-packages/turtlebot3_msgs/turtlebot3_msgs_s__rosidl_typesupport_c.cpython-38-x86_64-linux-gnu.so" to ""
[18.470s] -- Installing: /home/y/SA_CAO_test_ws/install/turtlebot3_msgs/lib/libturtlebot3_msgs__python.so
[18.470s] -- Set runtime path of "/home/y/SA_CAO_test_ws/install/turtlebot3_msgs/lib/libturtlebot3_msgs__python.so" to ""
[18.471s] -- Installing: /home/y/SA_CAO_test_ws/install/turtlebot3_msgs/share/turtlebot3_msgs/msg/SensorState.idl
[18.471s] -- Installing: /home/y/SA_CAO_test_ws/install/turtlebot3_msgs/share/turtlebot3_msgs/msg/Sound.idl
[18.471s] -- Installing: /home/y/SA_CAO_test_ws/install/turtlebot3_msgs/share/turtlebot3_msgs/msg/VersionInfo.idl
[18.471s] -- Installing: /home/y/SA_CAO_test_ws/install/turtlebot3_msgs/share/turtlebot3_msgs/srv/Sound.idl
[18.472s] -- Installing: /home/y/SA_CAO_test_ws/install/turtlebot3_msgs/share/turtlebot3_msgs/srv/Dqn.idl
[18.472s] -- Installing: /home/y/SA_CAO_test_ws/install/turtlebot3_msgs/share/turtlebot3_msgs/action/Patrol.idl
[18.472s] -- Installing: /home/y/SA_CAO_test_ws/install/turtlebot3_msgs/share/turtlebot3_msgs/msg/SensorState.msg
[18.472s] -- Installing: /home/y/SA_CAO_test_ws/install/turtlebot3_msgs/share/turtlebot3_msgs/msg/Sound.msg
[18.473s] -- Installing: /home/y/SA_CAO_test_ws/install/turtlebot3_msgs/share/turtlebot3_msgs/msg/VersionInfo.msg
[18.473s] -- Installing: /home/y/SA_CAO_test_ws/install/turtlebot3_msgs/share/turtlebot3_msgs/srv/Sound.srv
[18.475s] -- Installing: /home/y/SA_CAO_test_ws/install/turtlebot3_msgs/share/turtlebot3_msgs/srv/Sound_Request.msg
[18.475s] -- Installing: /home/y/SA_CAO_test_ws/install/turtlebot3_msgs/share/turtlebot3_msgs/srv/Sound_Response.msg
[18.475s] -- Installing: /home/y/SA_CAO_test_ws/install/turtlebot3_msgs/share/turtlebot3_msgs/srv/Dqn.srv
[18.475s] -- Installing: /home/y/SA_CAO_test_ws/install/turtlebot3_msgs/share/turtlebot3_msgs/srv/Dqn_Request.msg
[18.476s] -- Installing: /home/y/SA_CAO_test_ws/install/turtlebot3_msgs/share/turtlebot3_msgs/srv/Dqn_Response.msg
[18.476s] -- Installing: /home/y/SA_CAO_test_ws/install/turtlebot3_msgs/share/turtlebot3_msgs/action/Patrol.action
[18.476s] -- Installing: /home/y/SA_CAO_test_ws/install/turtlebot3_msgs/share/ament_index/resource_index/package_run_dependencies/turtlebot3_msgs
[18.476s] -- Installing: /home/y/SA_CAO_test_ws/install/turtlebot3_msgs/share/ament_index/resource_index/parent_prefix_path/turtlebot3_msgs
[18.477s] -- Installing: /home/y/SA_CAO_test_ws/install/turtlebot3_msgs/share/turtlebot3_msgs/environment/ament_prefix_path.sh
[18.477s] -- Installing: /home/y/SA_CAO_test_ws/install/turtlebot3_msgs/share/turtlebot3_msgs/environment/ament_prefix_path.dsv
[18.477s] -- Installing: /home/y/SA_CAO_test_ws/install/turtlebot3_msgs/share/turtlebot3_msgs/environment/path.sh
[18.479s] -- Installing: /home/y/SA_CAO_test_ws/install/turtlebot3_msgs/share/turtlebot3_msgs/environment/path.dsv
[18.479s] -- Installing: /home/y/SA_CAO_test_ws/install/turtlebot3_msgs/share/turtlebot3_msgs/local_setup.bash
[18.479s] -- Installing: /home/y/SA_CAO_test_ws/install/turtlebot3_msgs/share/turtlebot3_msgs/local_setup.sh
[18.479s] -- Installing: /home/y/SA_CAO_test_ws/install/turtlebot3_msgs/share/turtlebot3_msgs/local_setup.zsh
[18.480s] -- Installing: /home/y/SA_CAO_test_ws/install/turtlebot3_msgs/share/turtlebot3_msgs/local_setup.dsv
[18.480s] -- Installing: /home/y/SA_CAO_test_ws/install/turtlebot3_msgs/share/turtlebot3_msgs/package.dsv
[18.480s] -- Installing: /home/y/SA_CAO_test_ws/install/turtlebot3_msgs/share/ament_index/resource_index/packages/turtlebot3_msgs
[18.480s] -- Installing: /home/y/SA_CAO_test_ws/install/turtlebot3_msgs/share/turtlebot3_msgs/cmake/turtlebot3_msgs__rosidl_generator_cExport.cmake
[18.481s] -- Installing: /home/y/SA_CAO_test_ws/install/turtlebot3_msgs/share/turtlebot3_msgs/cmake/turtlebot3_msgs__rosidl_generator_cExport-noconfig.cmake
[18.481s] -- Installing: /home/y/SA_CAO_test_ws/install/turtlebot3_msgs/share/turtlebot3_msgs/cmake/turtlebot3_msgs__rosidl_typesupport_introspection_cExport.cmake
[18.481s] -- Installing: /home/y/SA_CAO_test_ws/install/turtlebot3_msgs/share/turtlebot3_msgs/cmake/turtlebot3_msgs__rosidl_typesupport_introspection_cExport-noconfig.cmake
[18.483s] -- Installing: /home/y/SA_CAO_test_ws/install/turtlebot3_msgs/share/turtlebot3_msgs/cmake/turtlebot3_msgs__rosidl_typesupport_cExport.cmake
[18.483s] -- Installing: /home/y/SA_CAO_test_ws/install/turtlebot3_msgs/share/turtlebot3_msgs/cmake/turtlebot3_msgs__rosidl_typesupport_cExport-noconfig.cmake
[18.483s] -- Installing: /home/y/SA_CAO_test_ws/install/turtlebot3_msgs/share/turtlebot3_msgs/cmake/turtlebot3_msgs__rosidl_generator_cppExport.cmake
[18.484s] -- Installing: /home/y/SA_CAO_test_ws/install/turtlebot3_msgs/share/turtlebot3_msgs/cmake/turtlebot3_msgs__rosidl_typesupport_introspection_cppExport.cmake
[18.484s] -- Installing: /home/y/SA_CAO_test_ws/install/turtlebot3_msgs/share/turtlebot3_msgs/cmake/turtlebot3_msgs__rosidl_typesupport_introspection_cppExport-noconfig.cmake
[18.484s] -- Installing: /home/y/SA_CAO_test_ws/install/turtlebot3_msgs/share/turtlebot3_msgs/cmake/turtlebot3_msgs__rosidl_typesupport_cppExport.cmake
[18.484s] -- Installing: /home/y/SA_CAO_test_ws/install/turtlebot3_msgs/share/turtlebot3_msgs/cmake/turtlebot3_msgs__rosidl_typesupport_cppExport-noconfig.cmake
[18.485s] -- Installing: /home/y/SA_CAO_test_ws/install/turtlebot3_msgs/share/turtlebot3_msgs/cmake/rosidl_cmake-extras.cmake
[18.485s] -- Installing: /home/y/SA_CAO_test_ws/install/turtlebot3_msgs/share/turtlebot3_msgs/cmake/ament_cmake_export_dependencies-extras.cmake
[18.487s] -- Installing: /home/y/SA_CAO_test_ws/install/turtlebot3_msgs/share/turtlebot3_msgs/cmake/ament_cmake_export_libraries-extras.cmake
[18.487s] -- Installing: /home/y/SA_CAO_test_ws/install/turtlebot3_msgs/share/turtlebot3_msgs/cmake/ament_cmake_export_targets-extras.cmake
[18.487s] -- Installing: /home/y/SA_CAO_test_ws/install/turtlebot3_msgs/share/turtlebot3_msgs/cmake/ament_cmake_export_include_directories-extras.cmake
[18.487s] -- Installing: /home/y/SA_CAO_test_ws/install/turtlebot3_msgs/share/turtlebot3_msgs/cmake/rosidl_cmake_export_typesupport_libraries-extras.cmake
[18.488s] -- Installing: /home/y/SA_CAO_test_ws/install/turtlebot3_msgs/share/turtlebot3_msgs/cmake/rosidl_cmake_export_typesupport_targets-extras.cmake
[18.488s] -- Installing: /home/y/SA_CAO_test_ws/install/turtlebot3_msgs/share/turtlebot3_msgs/cmake/turtlebot3_msgsConfig.cmake
[18.488s] -- Installing: /home/y/SA_CAO_test_ws/install/turtlebot3_msgs/share/turtlebot3_msgs/cmake/turtlebot3_msgsConfig-version.cmake
[18.488s] -- Installing: /home/y/SA_CAO_test_ws/install/turtlebot3_msgs/share/turtlebot3_msgs/package.xml
[18.491s] Invoked command in '/home/y/SA_CAO_test_ws/build/turtlebot3_msgs' returned '0': CMAKE_PREFIX_PATH=/home/y/SA_CAO_test_ws/install/turtlebot3:/home/y/SA_CAO_test_ws/install/turtlebot3_simulations:/home/y/SA_CAO_test_ws/install/turtlebot3_bringup:/home/y/SA_CAO_test_ws/install/turtlebot3_node:/home/y/SA_CAO_test_ws/install/turtlebot3_navigation2:/home/y/SA_CAO_test_ws/install/turtlebot3_fake_node:/home/y/SA_CAO_test_ws/install/turtlebot3_msgs:/home/y/SA_CAO_test_ws/install/turtlebot3_gazebo:/home/y/SA_CAO_test_ws/install/turtlebot3_description:/home/y/SA_CAO_test_ws/install/turtlebot3_cartographer:/home/y/SA_CAO_test_ws/install/sub_diablo2023a:/home/y/SA_CAO_test_ws/install/motion_msgs:/home/y/SA_CAO_test_ws/install/hls_lfcd_lds_driver:/home/y/SA_CAO_test_ws/install/dynamixel_sdk_examples:/home/y/SA_CAO_test_ws/install/dynamixel_sdk_custom_interfaces:/home/y/SA_CAO_test_ws/install/dynamixel_sdk:/home/y/SA_CAO_test_ws/install/turtlebot3_teleop:/home/y/SA_CAO_test_ws/install/turtlebot3_example:/home/y/SA_CAO_test_ws/install/my_joystick:/home/y/SA_CAO_test_ws/install/launch_diablo:/opt/ros/foxy:/home/y/oradar_ros/install/oradar_lidar /usr/bin/cmake --install /home/y/SA_CAO_test_ws/build/turtlebot3_msgs
