[0.584s] Invoking command in '/home/y/SA_CAO_test_ws/src/turtlebot3/turtlebot3/turtlebot3_teleop': PYTHONPATH=/home/y/SA_CAO_test_ws/build/turtlebot3_teleop/prefix_override:/usr/lib/python3/dist-packages/colcon_core/task/python/colcon_distutils_commands:/home/y/SA_CAO_test_ws/install/turtlebot3_teleop/lib/python3.8/site-packages:${PYTHONPATH} /usr/bin/python3 -W ignore:setup.py install is deprecated -W ignore:easy_install command is deprecated setup.py egg_info --egg-base ../../../../build/turtlebot3_teleop build --build-base /home/y/SA_CAO_test_ws/build/turtlebot3_teleop/build install --record /home/y/SA_CAO_test_ws/build/turtlebot3_teleop/install.log --single-version-externally-managed install_data
[0.765s] running egg_info
[0.765s] creating ../../../../build/turtlebot3_teleop/turtlebot3_teleop.egg-info
[0.766s] writing ../../../../build/turtlebot3_teleop/turtlebot3_teleop.egg-info/PKG-INFO
[0.767s] writing dependency_links to ../../../../build/turtlebot3_teleop/turtlebot3_teleop.egg-info/dependency_links.txt
[0.767s] writing entry points to ../../../../build/turtlebot3_teleop/turtlebot3_teleop.egg-info/entry_points.txt
[0.767s] writing requirements to ../../../../build/turtlebot3_teleop/turtlebot3_teleop.egg-info/requires.txt
[0.768s] writing top-level names to ../../../../build/turtlebot3_teleop/turtlebot3_teleop.egg-info/top_level.txt
[0.769s] writing manifest file '../../../../build/turtlebot3_teleop/turtlebot3_teleop.egg-info/SOURCES.txt'
[0.798s] reading manifest file '../../../../build/turtlebot3_teleop/turtlebot3_teleop.egg-info/SOURCES.txt'
[0.799s] writing manifest file '../../../../build/turtlebot3_teleop/turtlebot3_teleop.egg-info/SOURCES.txt'
[0.799s] running build
[0.800s] running build_py
[0.800s] creating /home/y/SA_CAO_test_ws/build/turtlebot3_teleop/build
[0.800s] creating /home/y/SA_CAO_test_ws/build/turtlebot3_teleop/build/lib
[0.800s] creating /home/y/SA_CAO_test_ws/build/turtlebot3_teleop/build/lib/turtlebot3_teleop
[0.800s] copying turtlebot3_teleop/__init__.py -> /home/y/SA_CAO_test_ws/build/turtlebot3_teleop/build/lib/turtlebot3_teleop
[0.802s] creating /home/y/SA_CAO_test_ws/build/turtlebot3_teleop/build/lib/turtlebot3_teleop/script
[0.802s] copying turtlebot3_teleop/script/__init__.py -> /home/y/SA_CAO_test_ws/build/turtlebot3_teleop/build/lib/turtlebot3_teleop/script
[0.802s] copying turtlebot3_teleop/script/teleop_keyboard.py -> /home/y/SA_CAO_test_ws/build/turtlebot3_teleop/build/lib/turtlebot3_teleop/script
[0.803s] running install
[0.804s] running install_lib
[0.804s] creating /home/y/SA_CAO_test_ws/install/turtlebot3_teleop/lib/python3.8/site-packages/turtlebot3_teleop
[0.805s] copying /home/y/SA_CAO_test_ws/build/turtlebot3_teleop/build/lib/turtlebot3_teleop/__init__.py -> /home/y/SA_CAO_test_ws/install/turtlebot3_teleop/lib/python3.8/site-packages/turtlebot3_teleop
[0.805s] creating /home/y/SA_CAO_test_ws/install/turtlebot3_teleop/lib/python3.8/site-packages/turtlebot3_teleop/script
[0.805s] copying /home/y/SA_CAO_test_ws/build/turtlebot3_teleop/build/lib/turtlebot3_teleop/script/__init__.py -> /home/y/SA_CAO_test_ws/install/turtlebot3_teleop/lib/python3.8/site-packages/turtlebot3_teleop/script
[0.805s] copying /home/y/SA_CAO_test_ws/build/turtlebot3_teleop/build/lib/turtlebot3_teleop/script/teleop_keyboard.py -> /home/y/SA_CAO_test_ws/install/turtlebot3_teleop/lib/python3.8/site-packages/turtlebot3_teleop/script
[0.806s] byte-compiling /home/y/SA_CAO_test_ws/install/turtlebot3_teleop/lib/python3.8/site-packages/turtlebot3_teleop/__init__.py to __init__.cpython-38.pyc
[0.807s] byte-compiling /home/y/SA_CAO_test_ws/install/turtlebot3_teleop/lib/python3.8/site-packages/turtlebot3_teleop/script/__init__.py to __init__.cpython-38.pyc
[0.807s] byte-compiling /home/y/SA_CAO_test_ws/install/turtlebot3_teleop/lib/python3.8/site-packages/turtlebot3_teleop/script/teleop_keyboard.py to teleop_keyboard.cpython-38.pyc
[0.808s] running install_data
[0.809s] creating /home/y/SA_CAO_test_ws/install/turtlebot3_teleop/share/ament_index
[0.809s] creating /home/y/SA_CAO_test_ws/install/turtlebot3_teleop/share/ament_index/resource_index
[0.810s] creating /home/y/SA_CAO_test_ws/install/turtlebot3_teleop/share/ament_index/resource_index/packages
[0.810s] copying resource/turtlebot3_teleop -> /home/y/SA_CAO_test_ws/install/turtlebot3_teleop/share/ament_index/resource_index/packages
[0.810s] copying package.xml -> /home/y/SA_CAO_test_ws/install/turtlebot3_teleop/share/turtlebot3_teleop
[0.811s] running install_egg_info
[0.812s] Copying ../../../../build/turtlebot3_teleop/turtlebot3_teleop.egg-info to /home/y/SA_CAO_test_ws/install/turtlebot3_teleop/lib/python3.8/site-packages/turtlebot3_teleop-2.1.4-py3.8.egg-info
[0.813s] running install_scripts
[0.830s] Installing teleop_keyboard script to /home/y/SA_CAO_test_ws/install/turtlebot3_teleop/lib/turtlebot3_teleop
[0.830s] writing list of installed files to '/home/y/SA_CAO_test_ws/build/turtlebot3_teleop/install.log'
[0.850s] Invoked command in '/home/y/SA_CAO_test_ws/src/turtlebot3/turtlebot3/turtlebot3_teleop' returned '0': PYTHONPATH=/home/y/SA_CAO_test_ws/build/turtlebot3_teleop/prefix_override:/usr/lib/python3/dist-packages/colcon_core/task/python/colcon_distutils_commands:/home/y/SA_CAO_test_ws/install/turtlebot3_teleop/lib/python3.8/site-packages:${PYTHONPATH} /usr/bin/python3 -W ignore:setup.py install is deprecated -W ignore:easy_install command is deprecated setup.py egg_info --egg-base ../../../../build/turtlebot3_teleop build --build-base /home/y/SA_CAO_test_ws/build/turtlebot3_teleop/build install --record /home/y/SA_CAO_test_ws/build/turtlebot3_teleop/install.log --single-version-externally-managed install_data
