running egg_info
creating build/ultrasound_package/ultrasound_package.egg-info
writing build/ultrasound_package/ultrasound_package.egg-info/PKG-INFO
writing dependency_links to build/ultrasound_package/ultrasound_package.egg-info/dependency_links.txt
writing entry points to build/ultrasound_package/ultrasound_package.egg-info/entry_points.txt
writing requirements to build/ultrasound_package/ultrasound_package.egg-info/requires.txt
writing top-level names to build/ultrasound_package/ultrasound_package.egg-info/top_level.txt
writing manifest file 'build/ultrasound_package/ultrasound_package.egg-info/SOURCES.txt'
reading manifest file 'build/ultrasound_package/ultrasound_package.egg-info/SOURCES.txt'
writing manifest file 'build/ultrasound_package/ultrasound_package.egg-info/SOURCES.txt'
running build
running build_py
creating /home/momo/ultrasound_package/build/ultrasound_package/build
creating /home/momo/ultrasound_package/build/ultrasound_package/build/lib
creating /home/momo/ultrasound_package/build/ultrasound_package/build/lib/ultrasound_package
copying ultrasound_package/ultrasonic_range_publisher.py -> /home/momo/ultrasound_package/build/ultrasound_package/build/lib/ultrasound_package
copying ultrasound_package/__init__.py -> /home/momo/ultrasound_package/build/ultrasound_package/build/lib/ultrasound_package
running install
running install_lib
creating /home/momo/ultrasound_package/install/ultrasound_package/lib/python3.8/site-packages/ultrasound_package
copying /home/momo/ultrasound_package/build/ultrasound_package/build/lib/ultrasound_package/ultrasonic_range_publisher.py -> /home/momo/ultrasound_package/install/ultrasound_package/lib/python3.8/site-packages/ultrasound_package
copying /home/momo/ultrasound_package/build/ultrasound_package/build/lib/ultrasound_package/__init__.py -> /home/momo/ultrasound_package/install/ultrasound_package/lib/python3.8/site-packages/ultrasound_package
byte-compiling /home/momo/ultrasound_package/install/ultrasound_package/lib/python3.8/site-packages/ultrasound_package/ultrasonic_range_publisher.py to ultrasonic_range_publisher.cpython-38.pyc
byte-compiling /home/momo/ultrasound_package/install/ultrasound_package/lib/python3.8/site-packages/ultrasound_package/__init__.py to __init__.cpython-38.pyc
running install_data
creating /home/momo/ultrasound_package/install/ultrasound_package/share/ament_index
creating /home/momo/ultrasound_package/install/ultrasound_package/share/ament_index/resource_index
creating /home/momo/ultrasound_package/install/ultrasound_package/share/ament_index/resource_index/packages
copying resource/ultrasound_package -> /home/momo/ultrasound_package/install/ultrasound_package/share/ament_index/resource_index/packages
copying package.xml -> /home/momo/ultrasound_package/install/ultrasound_package/share/ultrasound_package
running install_egg_info
Copying build/ultrasound_package/ultrasound_package.egg-info to /home/momo/ultrasound_package/install/ultrasound_package/lib/python3.8/site-packages/ultrasound_package-0.0.0-py3.8.egg-info
running install_scripts
Installing ultrasonic_range_publisher script to /home/momo/ultrasound_package/install/ultrasound_package/lib/ultrasound_package
writing list of installed files to '/home/momo/ultrasound_package/build/ultrasound_package/install.log'
