[0.048s] Invoking command in '/home/y/SA_CAO_Simu/SA_CAO/build/ception_msgs': CMAKE_PREFIX_PATH=/opt/ros/foxy /usr/bin/cmake /home/y/SA_CAO_Simu/SA_CAO/src/diablo_interfaces/ception_msgs -DCMAKE_INSTALL_PREFIX=/home/y/SA_CAO_Simu/SA_CAO/install/ception_msgs
[0.101s] -- The C compiler identification is GNU 9.4.0
[0.145s] -- The CXX compiler identification is GNU 9.4.0
[0.146s] -- Check for working C compiler: /usr/bin/cc
[0.209s] -- Check for working C compiler: /usr/bin/cc -- works
[0.210s] -- Detecting C compiler ABI info
[0.259s] -- Detecting C compiler ABI info - done
[0.262s] -- Detecting C compile features
[0.262s] -- Detecting C compile features - done
[0.263s] -- Check for working CXX compiler: /usr/bin/c++
[0.311s] -- Check for working CXX compiler: /usr/bin/c++ -- works
[0.311s] -- Detecting CXX compiler ABI info
[0.375s] -- Detecting CXX compiler ABI info - done
[0.380s] -- Detecting CXX compile features
[0.381s] -- Detecting CXX compile features - done
[0.382s] -- Found ament_cmake: 0.9.12 (/opt/ros/foxy/share/ament_cmake/cmake)
[0.395s] -- Found PythonInterp: /usr/bin/python3 (found suitable version "3.8.10", minimum required is "3") 
[0.395s] -- Using PYTHON_EXECUTABLE: /usr/bin/python3
[0.469s] -- Found rosidl_default_generators: 1.0.1 (/opt/ros/foxy/share/rosidl_default_generators/cmake)
[0.471s] -- Using all available rosidl_typesupport_c: rosidl_typesupport_fastrtps_c;rosidl_typesupport_introspection_c
[0.473s] -- Found rosidl_adapter: 1.3.1 (/opt/ros/foxy/share/rosidl_adapter/cmake)
[0.529s] -- Found OpenSSL: /usr/lib/aarch64-linux-gnu/libcrypto.so (found version "1.1.1f")  
[0.550s] -- Found FastRTPS: /opt/ros/foxy/include  
[0.590s] -- Using all available rosidl_typesupport_cpp: rosidl_typesupport_fastrtps_cpp;rosidl_typesupport_introspection_cpp
[0.600s] -- Found std_msgs: 2.0.5 (/opt/ros/foxy/share/std_msgs/cmake)
[0.623s] -- Found PythonInterp: /usr/bin/python3 (found version "3.8.10") 
[0.691s] -- Found ament_cmake_ros: 0.9.2 (/opt/ros/foxy/share/ament_cmake_ros/cmake)
[0.773s] -- Using all available rosidl_typesupport_c: rosidl_typesupport_fastrtps_c;rosidl_typesupport_introspection_c
[0.798s] -- Using all available rosidl_typesupport_cpp: rosidl_typesupport_fastrtps_cpp;rosidl_typesupport_introspection_cpp
[0.811s] -- Found PythonInterp: /usr/bin/python3 (found suitable version "3.8.10", minimum required is "3.5") 
[0.812s] -- Found python_cmake_module: 0.8.1 (/opt/ros/foxy/share/python_cmake_module/cmake)
[0.822s] -- Found PythonLibs: /usr/lib/aarch64-linux-gnu/libpython3.8.so (found suitable version "3.8.10", minimum required is "3.5") 
[0.822s] -- Using PYTHON_EXECUTABLE: /usr/bin/python3
[0.822s] -- Using PYTHON_INCLUDE_DIRS: /usr/include/python3.8
[0.822s] -- Using PYTHON_LIBRARIES: /usr/lib/aarch64-linux-gnu/libpython3.8.so
[0.830s] -- Found PythonExtra: .so  
[0.866s] -- Configuring done
[0.882s] -- Generating done
[0.888s] -- Build files have been written to: /home/y/SA_CAO_Simu/SA_CAO/build/ception_msgs
[0.891s] Invoked command in '/home/y/SA_CAO_Simu/SA_CAO/build/ception_msgs' returned '0': CMAKE_PREFIX_PATH=/opt/ros/foxy /usr/bin/cmake /home/y/SA_CAO_Simu/SA_CAO/src/diablo_interfaces/ception_msgs -DCMAKE_INSTALL_PREFIX=/home/y/SA_CAO_Simu/SA_CAO/install/ception_msgs
[0.892s] Invoking command in '/home/y/SA_CAO_Simu/SA_CAO/build/ception_msgs': CMAKE_PREFIX_PATH=/opt/ros/foxy /usr/bin/cmake --build /home/y/SA_CAO_Simu/SA_CAO/build/ception_msgs -- -j2 -l2
[0.917s] [35m[1mScanning dependencies of target ception_msgs__cpp[0m
[0.920s] [  3%] [34m[1mGenerating C code for ROS interfaces[0m
[0.923s] [  6%] [34m[1mGenerating C++ code for ROS interfaces[0m
[1.064s] [  6%] Built target ception_msgs__cpp
[1.068s] [  9%] [34m[1mGenerating C++ type support dispatch for ROS interfaces[0m
[1.073s] [35m[1mScanning dependencies of target ception_msgs__rosidl_generator_c[0m
[1.084s] [ 12%] [32mBuilding C object CMakeFiles/ception_msgs__rosidl_generator_c.dir/rosidl_generator_c/ception_msgs/msg/detail/imu_euler__functions.c.o[0m
[1.123s] [ 16%] [32m[1mLinking C shared library libception_msgs__rosidl_generator_c.so[0m
[1.148s] [ 16%] Built target ception_msgs__rosidl_generator_c
[1.154s] [ 19%] [34m[1mGenerating C++ introspection for ROS interfaces[0m
[1.159s] [35m[1mScanning dependencies of target ception_msgs__rosidl_typesupport_cpp[0m
[1.164s] [ 22%] [32mBuilding CXX object CMakeFiles/ception_msgs__rosidl_typesupport_cpp.dir/rosidl_typesupport_cpp/ception_msgs/msg/imu_euler__type_support.cpp.o[0m
[1.257s] [35m[1mScanning dependencies of target ception_msgs__rosidl_typesupport_introspection_cpp[0m
[1.267s] [ 25%] [32mBuilding CXX object CMakeFiles/ception_msgs__rosidl_typesupport_introspection_cpp.dir/rosidl_typesupport_introspection_cpp/ception_msgs/msg/detail/imu_euler__type_support.cpp.o[0m
[1.288s] [ 29%] [32m[1mLinking CXX shared library libception_msgs__rosidl_typesupport_cpp.so[0m
[1.334s] [ 29%] Built target ception_msgs__rosidl_typesupport_cpp
[1.357s] [ 32%] [34m[1mGenerating C introspection for ROS interfaces[0m
[1.388s] [ 35%] [32m[1mLinking CXX shared library libception_msgs__rosidl_typesupport_introspection_cpp.so[0m
[1.457s] [ 35%] Built target ception_msgs__rosidl_typesupport_introspection_cpp
[1.471s] [ 38%] [34m[1mGenerating C type support dispatch for ROS interfaces[0m
[1.513s] [35m[1mScanning dependencies of target ception_msgs__rosidl_typesupport_introspection_c[0m
[1.565s] [ 41%] [32mBuilding C object CMakeFiles/ception_msgs__rosidl_typesupport_introspection_c.dir/rosidl_typesupport_introspection_c/ception_msgs/msg/detail/imu_euler__type_support.c.o[0m
[1.610s] [35m[1mScanning dependencies of target ception_msgs__rosidl_typesupport_c[0m
[1.626s] [ 45%] [32mBuilding CXX object CMakeFiles/ception_msgs__rosidl_typesupport_c.dir/rosidl_typesupport_c/ception_msgs/msg/imu_euler__type_support.cpp.o[0m
[1.657s] [ 48%] [32m[1mLinking C shared library libception_msgs__rosidl_typesupport_introspection_c.so[0m
[1.667s] [ 51%] [32m[1mLinking CXX shared library libception_msgs__rosidl_typesupport_c.so[0m
[1.682s] [ 51%] Built target ception_msgs__rosidl_typesupport_introspection_c
[1.691s] [ 54%] [34m[1mGenerating C++ type support for eProsima Fast-RTPS[0m
[1.718s] [ 54%] Built target ception_msgs__rosidl_typesupport_c
[1.796s] [35m[1mScanning dependencies of target ception_msgs__rosidl_typesupport_fastrtps_cpp[0m
[1.805s] [ 58%] [32mBuilding CXX object CMakeFiles/ception_msgs__rosidl_typesupport_fastrtps_cpp.dir/rosidl_typesupport_fastrtps_cpp/ception_msgs/msg/detail/dds_fastrtps/imu_euler__type_support.cpp.o[0m
[1.988s] [ 61%] [32m[1mLinking CXX shared library libception_msgs__rosidl_typesupport_fastrtps_cpp.so[0m
[2.024s] [ 61%] Built target ception_msgs__rosidl_typesupport_fastrtps_cpp
[2.029s] [ 64%] [34m[1mGenerating C type support for eProsima Fast-RTPS[0m
[2.112s] [35m[1mScanning dependencies of target ception_msgs__rosidl_typesupport_fastrtps_c[0m
[2.120s] [ 67%] [32mBuilding CXX object CMakeFiles/ception_msgs__rosidl_typesupport_fastrtps_c.dir/rosidl_typesupport_fastrtps_c/ception_msgs/msg/detail/imu_euler__type_support_c.cpp.o[0m
[2.241s] [ 70%] [32m[1mLinking CXX shared library libception_msgs__rosidl_typesupport_fastrtps_c.so[0m
[2.288s] [ 70%] Built target ception_msgs__rosidl_typesupport_fastrtps_c
[2.312s] [35m[1mScanning dependencies of target ception_msgs[0m
[2.322s] [ 70%] Built target ception_msgs
[2.327s] [35m[1mScanning dependencies of target ception_msgs__py[0m
[2.333s] [ 74%] [34m[1mGenerating Python code for ROS interfaces[0m
[2.707s] [ 74%] Built target ception_msgs__py
[2.717s] [35m[1mScanning dependencies of target ception_msgs__python[0m
[2.730s] [ 77%] [32mBuilding C object CMakeFiles/ception_msgs__python.dir/rosidl_generator_py/ception_msgs/msg/_imu_euler_s.c.o[0m
[2.768s] [ 80%] [32m[1mLinking C shared library rosidl_generator_py/ception_msgs/libception_msgs__python.so[0m
[2.785s] [ 80%] Built target ception_msgs__python
[2.791s] [35m[1mScanning dependencies of target ception_msgs__rosidl_typesupport_fastrtps_c__pyext[0m
[2.799s] [35m[1mScanning dependencies of target ception_msgs__rosidl_typesupport_introspection_c__pyext[0m
[2.809s] [ 83%] [32mBuilding C object CMakeFiles/ception_msgs__rosidl_typesupport_fastrtps_c__pyext.dir/rosidl_generator_py/ception_msgs/_ception_msgs_s.ep.rosidl_typesupport_fastrtps_c.c.o[0m
[2.816s] [ 87%] [32mBuilding C object CMakeFiles/ception_msgs__rosidl_typesupport_introspection_c__pyext.dir/rosidl_generator_py/ception_msgs/_ception_msgs_s.ep.rosidl_typesupport_introspection_c.c.o[0m
[2.874s] [ 90%] [32m[1mLinking CXX shared library rosidl_generator_py/ception_msgs/ception_msgs_s__rosidl_typesupport_fastrtps_c.cpython-38-aarch64-linux-gnu.so[0m
[2.904s] [ 93%] [32m[1mLinking C shared library rosidl_generator_py/ception_msgs/ception_msgs_s__rosidl_typesupport_introspection_c.cpython-38-aarch64-linux-gnu.so[0m
[2.907s] [ 93%] Built target ception_msgs__rosidl_typesupport_fastrtps_c__pyext
[2.914s] [35m[1mScanning dependencies of target ception_msgs__rosidl_typesupport_c__pyext[0m
[2.931s] [ 96%] [32mBuilding C object CMakeFiles/ception_msgs__rosidl_typesupport_c__pyext.dir/rosidl_generator_py/ception_msgs/_ception_msgs_s.ep.rosidl_typesupport_c.c.o[0m
[2.946s] [ 96%] Built target ception_msgs__rosidl_typesupport_introspection_c__pyext
[2.966s] [100%] [32m[1mLinking C shared library rosidl_generator_py/ception_msgs/ception_msgs_s__rosidl_typesupport_c.cpython-38-aarch64-linux-gnu.so[0m
[2.980s] [100%] Built target ception_msgs__rosidl_typesupport_c__pyext
[2.985s] Invoked command in '/home/y/SA_CAO_Simu/SA_CAO/build/ception_msgs' returned '0': CMAKE_PREFIX_PATH=/opt/ros/foxy /usr/bin/cmake --build /home/y/SA_CAO_Simu/SA_CAO/build/ception_msgs -- -j2 -l2
[2.986s] Invoking command in '/home/y/SA_CAO_Simu/SA_CAO/build/ception_msgs': CMAKE_PREFIX_PATH=/opt/ros/foxy /usr/bin/cmake --install /home/y/SA_CAO_Simu/SA_CAO/build/ception_msgs
[2.992s] -- Install configuration: ""
[2.992s] -- Installing: /home/y/SA_CAO_Simu/SA_CAO/install/ception_msgs/share/ament_index/resource_index/rosidl_interfaces/ception_msgs
[2.992s] -- Installing: /home/y/SA_CAO_Simu/SA_CAO/install/ception_msgs/include/ception_msgs
[2.992s] -- Installing: /home/y/SA_CAO_Simu/SA_CAO/install/ception_msgs/include/ception_msgs/msg
[2.992s] -- Installing: /home/y/SA_CAO_Simu/SA_CAO/install/ception_msgs/include/ception_msgs/msg/detail
[2.992s] -- Installing: /home/y/SA_CAO_Simu/SA_CAO/install/ception_msgs/include/ception_msgs/msg/detail/imu_euler__type_support.h
[2.992s] -- Installing: /home/y/SA_CAO_Simu/SA_CAO/install/ception_msgs/include/ception_msgs/msg/detail/imu_euler__struct.h
[2.992s] -- Installing: /home/y/SA_CAO_Simu/SA_CAO/install/ception_msgs/include/ception_msgs/msg/detail/imu_euler__functions.h
[2.992s] -- Installing: /home/y/SA_CAO_Simu/SA_CAO/install/ception_msgs/include/ception_msgs/msg/detail/imu_euler__functions.c
[2.992s] -- Installing: /home/y/SA_CAO_Simu/SA_CAO/install/ception_msgs/include/ception_msgs/msg/rosidl_generator_c__visibility_control.h
[2.992s] -- Installing: /home/y/SA_CAO_Simu/SA_CAO/install/ception_msgs/include/ception_msgs/msg/imu_euler.h
[2.992s] -- Installing: /home/y/SA_CAO_Simu/SA_CAO/install/ception_msgs/share/ception_msgs/environment/library_path.sh
[2.992s] -- Installing: /home/y/SA_CAO_Simu/SA_CAO/install/ception_msgs/share/ception_msgs/environment/library_path.dsv
[2.992s] -- Installing: /home/y/SA_CAO_Simu/SA_CAO/install/ception_msgs/lib/libception_msgs__rosidl_generator_c.so
[2.992s] -- Set runtime path of "/home/y/SA_CAO_Simu/SA_CAO/install/ception_msgs/lib/libception_msgs__rosidl_generator_c.so" to ""
[2.992s] -- Up-to-date: /home/y/SA_CAO_Simu/SA_CAO/install/ception_msgs/include/ception_msgs
[2.992s] -- Up-to-date: /home/y/SA_CAO_Simu/SA_CAO/install/ception_msgs/include/ception_msgs/msg
[2.992s] -- Installing: /home/y/SA_CAO_Simu/SA_CAO/install/ception_msgs/include/ception_msgs/msg/rosidl_typesupport_fastrtps_c__visibility_control.h
[2.992s] -- Up-to-date: /home/y/SA_CAO_Simu/SA_CAO/install/ception_msgs/include/ception_msgs/msg/detail
[2.992s] -- Installing: /home/y/SA_CAO_Simu/SA_CAO/install/ception_msgs/include/ception_msgs/msg/detail/imu_euler__rosidl_typesupport_fastrtps_c.h
[2.992s] -- Installing: /home/y/SA_CAO_Simu/SA_CAO/install/ception_msgs/lib/libception_msgs__rosidl_typesupport_fastrtps_c.so
[2.992s] -- Set runtime path of "/home/y/SA_CAO_Simu/SA_CAO/install/ception_msgs/lib/libception_msgs__rosidl_typesupport_fastrtps_c.so" to ""
[2.992s] -- Up-to-date: /home/y/SA_CAO_Simu/SA_CAO/install/ception_msgs/include/ception_msgs
[2.992s] -- Up-to-date: /home/y/SA_CAO_Simu/SA_CAO/install/ception_msgs/include/ception_msgs/msg
[2.992s] -- Up-to-date: /home/y/SA_CAO_Simu/SA_CAO/install/ception_msgs/include/ception_msgs/msg/detail
[2.992s] -- Installing: /home/y/SA_CAO_Simu/SA_CAO/install/ception_msgs/include/ception_msgs/msg/detail/imu_euler__rosidl_typesupport_fastrtps_cpp.hpp
[2.992s] -- Installing: /home/y/SA_CAO_Simu/SA_CAO/install/ception_msgs/include/ception_msgs/msg/detail/dds_fastrtps
[2.992s] -- Installing: /home/y/SA_CAO_Simu/SA_CAO/install/ception_msgs/include/ception_msgs/msg/rosidl_typesupport_fastrtps_cpp__visibility_control.h
[2.992s] -- Installing: /home/y/SA_CAO_Simu/SA_CAO/install/ception_msgs/lib/libception_msgs__rosidl_typesupport_fastrtps_cpp.so
[2.992s] -- Set runtime path of "/home/y/SA_CAO_Simu/SA_CAO/install/ception_msgs/lib/libception_msgs__rosidl_typesupport_fastrtps_cpp.so" to ""
[2.993s] -- Up-to-date: /home/y/SA_CAO_Simu/SA_CAO/install/ception_msgs/include/ception_msgs
[2.993s] -- Up-to-date: /home/y/SA_CAO_Simu/SA_CAO/install/ception_msgs/include/ception_msgs/msg
[2.993s] -- Up-to-date: /home/y/SA_CAO_Simu/SA_CAO/install/ception_msgs/include/ception_msgs/msg/detail
[2.993s] -- Installing: /home/y/SA_CAO_Simu/SA_CAO/install/ception_msgs/include/ception_msgs/msg/detail/imu_euler__type_support.c
[2.993s] -- Installing: /home/y/SA_CAO_Simu/SA_CAO/install/ception_msgs/include/ception_msgs/msg/detail/imu_euler__rosidl_typesupport_introspection_c.h
[2.993s] -- Installing: /home/y/SA_CAO_Simu/SA_CAO/install/ception_msgs/include/ception_msgs/msg/rosidl_typesupport_introspection_c__visibility_control.h
[2.993s] -- Installing: /home/y/SA_CAO_Simu/SA_CAO/install/ception_msgs/lib/libception_msgs__rosidl_typesupport_introspection_c.so
[2.993s] -- Set runtime path of "/home/y/SA_CAO_Simu/SA_CAO/install/ception_msgs/lib/libception_msgs__rosidl_typesupport_introspection_c.so" to ""
[2.993s] -- Installing: /home/y/SA_CAO_Simu/SA_CAO/install/ception_msgs/lib/libception_msgs__rosidl_typesupport_c.so
[2.993s] -- Set runtime path of "/home/y/SA_CAO_Simu/SA_CAO/install/ception_msgs/lib/libception_msgs__rosidl_typesupport_c.so" to ""
[2.993s] -- Up-to-date: /home/y/SA_CAO_Simu/SA_CAO/install/ception_msgs/include/ception_msgs
[2.993s] -- Up-to-date: /home/y/SA_CAO_Simu/SA_CAO/install/ception_msgs/include/ception_msgs/msg
[2.993s] -- Up-to-date: /home/y/SA_CAO_Simu/SA_CAO/install/ception_msgs/include/ception_msgs/msg/detail
[2.993s] -- Installing: /home/y/SA_CAO_Simu/SA_CAO/install/ception_msgs/include/ception_msgs/msg/detail/imu_euler__struct.hpp
[2.993s] -- Installing: /home/y/SA_CAO_Simu/SA_CAO/install/ception_msgs/include/ception_msgs/msg/detail/imu_euler__type_support.hpp
[2.993s] -- Installing: /home/y/SA_CAO_Simu/SA_CAO/install/ception_msgs/include/ception_msgs/msg/detail/imu_euler__builder.hpp
[2.994s] -- Installing: /home/y/SA_CAO_Simu/SA_CAO/install/ception_msgs/include/ception_msgs/msg/detail/imu_euler__traits.hpp
[2.994s] -- Installing: /home/y/SA_CAO_Simu/SA_CAO/install/ception_msgs/include/ception_msgs/msg/imu_euler.hpp
[2.994s] -- Installing: /home/y/SA_CAO_Simu/SA_CAO/install/ception_msgs/include/ception_msgs/msg/rosidl_generator_cpp__visibility_control.hpp
[2.994s] -- Up-to-date: /home/y/SA_CAO_Simu/SA_CAO/install/ception_msgs/include/ception_msgs
[2.994s] -- Up-to-date: /home/y/SA_CAO_Simu/SA_CAO/install/ception_msgs/include/ception_msgs/msg
[2.994s] -- Up-to-date: /home/y/SA_CAO_Simu/SA_CAO/install/ception_msgs/include/ception_msgs/msg/detail
[2.994s] -- Installing: /home/y/SA_CAO_Simu/SA_CAO/install/ception_msgs/include/ception_msgs/msg/detail/imu_euler__type_support.cpp
[2.994s] -- Installing: /home/y/SA_CAO_Simu/SA_CAO/install/ception_msgs/include/ception_msgs/msg/detail/imu_euler__rosidl_typesupport_introspection_cpp.hpp
[2.994s] -- Installing: /home/y/SA_CAO_Simu/SA_CAO/install/ception_msgs/lib/libception_msgs__rosidl_typesupport_introspection_cpp.so
[2.994s] -- Set runtime path of "/home/y/SA_CAO_Simu/SA_CAO/install/ception_msgs/lib/libception_msgs__rosidl_typesupport_introspection_cpp.so" to ""
[2.994s] -- Installing: /home/y/SA_CAO_Simu/SA_CAO/install/ception_msgs/lib/libception_msgs__rosidl_typesupport_cpp.so
[2.994s] -- Set runtime path of "/home/y/SA_CAO_Simu/SA_CAO/install/ception_msgs/lib/libception_msgs__rosidl_typesupport_cpp.so" to ""
[2.994s] -- Installing: /home/y/SA_CAO_Simu/SA_CAO/install/ception_msgs/share/ception_msgs/environment/pythonpath.sh
[2.995s] -- Installing: /home/y/SA_CAO_Simu/SA_CAO/install/ception_msgs/share/ception_msgs/environment/pythonpath.dsv
[2.995s] -- Installing: /home/y/SA_CAO_Simu/SA_CAO/install/ception_msgs/lib/python3.8/site-packages/ception_msgs/__init__.py
[3.010s] Compiling '/home/y/SA_CAO_Simu/SA_CAO/install/ception_msgs/lib/python3.8/site-packages/ception_msgs/__init__.py'...
[3.013s] -- Installing: /home/y/SA_CAO_Simu/SA_CAO/install/ception_msgs/lib/python3.8/site-packages/ception_msgs/msg
[3.013s] -- Installing: /home/y/SA_CAO_Simu/SA_CAO/install/ception_msgs/lib/python3.8/site-packages/ception_msgs/msg/_imu_euler_s.c
[3.013s] -- Installing: /home/y/SA_CAO_Simu/SA_CAO/install/ception_msgs/lib/python3.8/site-packages/ception_msgs/msg/_imu_euler.py
[3.013s] -- Installing: /home/y/SA_CAO_Simu/SA_CAO/install/ception_msgs/lib/python3.8/site-packages/ception_msgs/msg/__init__.py
[3.013s] -- Installing: /home/y/SA_CAO_Simu/SA_CAO/install/ception_msgs/lib/python3.8/site-packages/ception_msgs/ception_msgs_s__rosidl_typesupport_fastrtps_c.cpython-38-aarch64-linux-gnu.so
[3.014s] -- Set runtime path of "/home/y/SA_CAO_Simu/SA_CAO/install/ception_msgs/lib/python3.8/site-packages/ception_msgs/ception_msgs_s__rosidl_typesupport_fastrtps_c.cpython-38-aarch64-linux-gnu.so" to ""
[3.014s] -- Installing: /home/y/SA_CAO_Simu/SA_CAO/install/ception_msgs/lib/python3.8/site-packages/ception_msgs/ception_msgs_s__rosidl_typesupport_introspection_c.cpython-38-aarch64-linux-gnu.so
[3.014s] -- Set runtime path of "/home/y/SA_CAO_Simu/SA_CAO/install/ception_msgs/lib/python3.8/site-packages/ception_msgs/ception_msgs_s__rosidl_typesupport_introspection_c.cpython-38-aarch64-linux-gnu.so" to ""
[3.014s] -- Installing: /home/y/SA_CAO_Simu/SA_CAO/install/ception_msgs/lib/python3.8/site-packages/ception_msgs/ception_msgs_s__rosidl_typesupport_c.cpython-38-aarch64-linux-gnu.so
[3.014s] -- Set runtime path of "/home/y/SA_CAO_Simu/SA_CAO/install/ception_msgs/lib/python3.8/site-packages/ception_msgs/ception_msgs_s__rosidl_typesupport_c.cpython-38-aarch64-linux-gnu.so" to ""
[3.014s] -- Installing: /home/y/SA_CAO_Simu/SA_CAO/install/ception_msgs/lib/libception_msgs__python.so
[3.014s] -- Set runtime path of "/home/y/SA_CAO_Simu/SA_CAO/install/ception_msgs/lib/libception_msgs__python.so" to ""
[3.015s] -- Installing: /home/y/SA_CAO_Simu/SA_CAO/install/ception_msgs/share/ception_msgs/msg/IMUEuler.idl
[3.015s] -- Installing: /home/y/SA_CAO_Simu/SA_CAO/install/ception_msgs/share/ception_msgs/msg/IMUEuler.msg
[3.015s] -- Installing: /home/y/SA_CAO_Simu/SA_CAO/install/ception_msgs/share/ament_index/resource_index/package_run_dependencies/ception_msgs
[3.015s] -- Installing: /home/y/SA_CAO_Simu/SA_CAO/install/ception_msgs/share/ament_index/resource_index/parent_prefix_path/ception_msgs
[3.015s] -- Installing: /home/y/SA_CAO_Simu/SA_CAO/install/ception_msgs/share/ception_msgs/environment/ament_prefix_path.sh
[3.015s] -- Installing: /home/y/SA_CAO_Simu/SA_CAO/install/ception_msgs/share/ception_msgs/environment/ament_prefix_path.dsv
[3.015s] -- Installing: /home/y/SA_CAO_Simu/SA_CAO/install/ception_msgs/share/ception_msgs/environment/path.sh
[3.015s] -- Installing: /home/y/SA_CAO_Simu/SA_CAO/install/ception_msgs/share/ception_msgs/environment/path.dsv
[3.015s] -- Installing: /home/y/SA_CAO_Simu/SA_CAO/install/ception_msgs/share/ception_msgs/local_setup.bash
[3.015s] -- Installing: /home/y/SA_CAO_Simu/SA_CAO/install/ception_msgs/share/ception_msgs/local_setup.sh
[3.015s] -- Installing: /home/y/SA_CAO_Simu/SA_CAO/install/ception_msgs/share/ception_msgs/local_setup.zsh
[3.015s] -- Installing: /home/y/SA_CAO_Simu/SA_CAO/install/ception_msgs/share/ception_msgs/local_setup.dsv
[3.016s] -- Installing: /home/y/SA_CAO_Simu/SA_CAO/install/ception_msgs/share/ception_msgs/package.dsv
[3.016s] -- Installing: /home/y/SA_CAO_Simu/SA_CAO/install/ception_msgs/share/ament_index/resource_index/packages/ception_msgs
[3.016s] -- Installing: /home/y/SA_CAO_Simu/SA_CAO/install/ception_msgs/share/ception_msgs/cmake/ception_msgs__rosidl_generator_cExport.cmake
[3.016s] -- Installing: /home/y/SA_CAO_Simu/SA_CAO/install/ception_msgs/share/ception_msgs/cmake/ception_msgs__rosidl_generator_cExport-noconfig.cmake
[3.016s] -- Installing: /home/y/SA_CAO_Simu/SA_CAO/install/ception_msgs/share/ception_msgs/cmake/ception_msgs__rosidl_typesupport_introspection_cExport.cmake
[3.016s] -- Installing: /home/y/SA_CAO_Simu/SA_CAO/install/ception_msgs/share/ception_msgs/cmake/ception_msgs__rosidl_typesupport_introspection_cExport-noconfig.cmake
[3.016s] -- Installing: /home/y/SA_CAO_Simu/SA_CAO/install/ception_msgs/share/ception_msgs/cmake/ception_msgs__rosidl_typesupport_cExport.cmake
[3.016s] -- Installing: /home/y/SA_CAO_Simu/SA_CAO/install/ception_msgs/share/ception_msgs/cmake/ception_msgs__rosidl_typesupport_cExport-noconfig.cmake
[3.016s] -- Installing: /home/y/SA_CAO_Simu/SA_CAO/install/ception_msgs/share/ception_msgs/cmake/ception_msgs__rosidl_generator_cppExport.cmake
[3.016s] -- Installing: /home/y/SA_CAO_Simu/SA_CAO/install/ception_msgs/share/ception_msgs/cmake/ception_msgs__rosidl_typesupport_introspection_cppExport.cmake
[3.016s] -- Installing: /home/y/SA_CAO_Simu/SA_CAO/install/ception_msgs/share/ception_msgs/cmake/ception_msgs__rosidl_typesupport_introspection_cppExport-noconfig.cmake
[3.016s] -- Installing: /home/y/SA_CAO_Simu/SA_CAO/install/ception_msgs/share/ception_msgs/cmake/ception_msgs__rosidl_typesupport_cppExport.cmake
[3.017s] -- Installing: /home/y/SA_CAO_Simu/SA_CAO/install/ception_msgs/share/ception_msgs/cmake/ception_msgs__rosidl_typesupport_cppExport-noconfig.cmake
[3.017s] -- Installing: /home/y/SA_CAO_Simu/SA_CAO/install/ception_msgs/share/ception_msgs/cmake/rosidl_cmake-extras.cmake
[3.017s] -- Installing: /home/y/SA_CAO_Simu/SA_CAO/install/ception_msgs/share/ception_msgs/cmake/ament_cmake_export_dependencies-extras.cmake
[3.017s] -- Installing: /home/y/SA_CAO_Simu/SA_CAO/install/ception_msgs/share/ception_msgs/cmake/ament_cmake_export_libraries-extras.cmake
[3.017s] -- Installing: /home/y/SA_CAO_Simu/SA_CAO/install/ception_msgs/share/ception_msgs/cmake/ament_cmake_export_targets-extras.cmake
[3.017s] -- Installing: /home/y/SA_CAO_Simu/SA_CAO/install/ception_msgs/share/ception_msgs/cmake/ament_cmake_export_include_directories-extras.cmake
[3.017s] -- Installing: /home/y/SA_CAO_Simu/SA_CAO/install/ception_msgs/share/ception_msgs/cmake/rosidl_cmake_export_typesupport_libraries-extras.cmake
[3.017s] -- Installing: /home/y/SA_CAO_Simu/SA_CAO/install/ception_msgs/share/ception_msgs/cmake/rosidl_cmake_export_typesupport_targets-extras.cmake
[3.018s] -- Installing: /home/y/SA_CAO_Simu/SA_CAO/install/ception_msgs/share/ception_msgs/cmake/ception_msgsConfig.cmake
[3.018s] -- Installing: /home/y/SA_CAO_Simu/SA_CAO/install/ception_msgs/share/ception_msgs/cmake/ception_msgsConfig-version.cmake
[3.018s] -- Installing: /home/y/SA_CAO_Simu/SA_CAO/install/ception_msgs/share/ception_msgs/package.xml
[3.019s] Invoked command in '/home/y/SA_CAO_Simu/SA_CAO/build/ception_msgs' returned '0': CMAKE_PREFIX_PATH=/opt/ros/foxy /usr/bin/cmake --install /home/y/SA_CAO_Simu/SA_CAO/build/ception_msgs
