[0.005s] Invoking command in '/home/y/SA_CAO_Simu/SA_CAO/build/diablo_rviz2_control_plugin': AMENT_PREFIX_PATH=/home/y/SA_CAO_Simu/SA_CAO/install/motion_msgs:${AMENT_PREFIX_PATH} CMAKE_PREFIX_PATH=/home/y/SA_CAO_Simu/SA_CAO/install/motion_msgs:/opt/ros/foxy LD_LIBRARY_PATH=/home/y/SA_CAO_Simu/SA_CAO/install/motion_msgs/lib:${LD_LIBRARY_PATH} PYTHONPATH=/home/y/SA_CAO_Simu/SA_CAO/install/motion_msgs/lib/python3.8/site-packages:${PYTHONPATH} /usr/bin/cmake --build /home/y/SA_CAO_Simu/SA_CAO/build/diablo_rviz2_control_plugin -- -j2 -l2
[0.038s] [ 16%] [34m[1mAutomatic MOC for target diablo_rviz2_control_plugin[0m
[0.047s] [ 16%] Built target diablo_rviz2_control_plugin_autogen
[0.071s] [100%] Built target diablo_rviz2_control_plugin
[0.076s] Invoked command in '/home/y/SA_CAO_Simu/SA_CAO/build/diablo_rviz2_control_plugin' returned '0': AMENT_PREFIX_PATH=/home/y/SA_CAO_Simu/SA_CAO/install/motion_msgs:${AMENT_PREFIX_PATH} CMAKE_PREFIX_PATH=/home/y/SA_CAO_Simu/SA_CAO/install/motion_msgs:/opt/ros/foxy LD_LIBRARY_PATH=/home/y/SA_CAO_Simu/SA_CAO/install/motion_msgs/lib:${LD_LIBRARY_PATH} PYTHONPATH=/home/y/SA_CAO_Simu/SA_CAO/install/motion_msgs/lib/python3.8/site-packages:${PYTHONPATH} /usr/bin/cmake --build /home/y/SA_CAO_Simu/SA_CAO/build/diablo_rviz2_control_plugin -- -j2 -l2
[0.076s] Invoking command in '/home/y/SA_CAO_Simu/SA_CAO/build/diablo_rviz2_control_plugin': AMENT_PREFIX_PATH=/home/y/SA_CAO_Simu/SA_CAO/install/motion_msgs:${AMENT_PREFIX_PATH} CMAKE_PREFIX_PATH=/home/y/SA_CAO_Simu/SA_CAO/install/motion_msgs:/opt/ros/foxy LD_LIBRARY_PATH=/home/y/SA_CAO_Simu/SA_CAO/install/motion_msgs/lib:${LD_LIBRARY_PATH} PYTHONPATH=/home/y/SA_CAO_Simu/SA_CAO/install/motion_msgs/lib/python3.8/site-packages:${PYTHONPATH} /usr/bin/cmake --install /home/y/SA_CAO_Simu/SA_CAO/build/diablo_rviz2_control_plugin
[0.083s] -- Install configuration: ""
[0.083s] -- Up-to-date: /home/y/SA_CAO_Simu/SA_CAO/install/diablo_rviz2_control_plugin/lib/diablo_rviz2_control_plugin/libdiablo_rviz2_control_plugin.so
[0.083s] -- Up-to-date: /home/y/SA_CAO_Simu/SA_CAO/install/diablo_rviz2_control_plugin/share/diablo_rviz2_control_plugin/data
[0.083s] -- Up-to-date: /home/y/SA_CAO_Simu/SA_CAO/install/diablo_rviz2_control_plugin/share/diablo_rviz2_control_plugin/data/ddt_on_64.png
[0.083s] -- Up-to-date: /home/y/SA_CAO_Simu/SA_CAO/install/diablo_rviz2_control_plugin/share/diablo_rviz2_control_plugin/data/title.png
[0.083s] -- Up-to-date: /home/y/SA_CAO_Simu/SA_CAO/install/diablo_rviz2_control_plugin/share/diablo_rviz2_control_plugin/data/ddt_off_64.png
[0.083s] -- Up-to-date: /home/y/SA_CAO_Simu/SA_CAO/install/diablo_rviz2_control_plugin/share/diablo_rviz2_control_plugin/icons
[0.083s] -- Up-to-date: /home/y/SA_CAO_Simu/SA_CAO/install/diablo_rviz2_control_plugin/share/diablo_rviz2_control_plugin/icons/classes
[0.084s] -- Up-to-date: /home/y/SA_CAO_Simu/SA_CAO/install/diablo_rviz2_control_plugin/share/diablo_rviz2_control_plugin/icons/classes/MissionPanel.png
[0.084s] -- Up-to-date: /home/y/SA_CAO_Simu/SA_CAO/install/diablo_rviz2_control_plugin/share/diablo_rviz2_control_plugin/plugins_description.xml
[0.084s] -- Up-to-date: /home/y/SA_CAO_Simu/SA_CAO/install/diablo_rviz2_control_plugin/share/diablo_rviz2_control_plugin/environment/library_path.sh
[0.084s] -- Up-to-date: /home/y/SA_CAO_Simu/SA_CAO/install/diablo_rviz2_control_plugin/share/diablo_rviz2_control_plugin/environment/library_path.dsv
[0.084s] -- Up-to-date: /home/y/SA_CAO_Simu/SA_CAO/install/diablo_rviz2_control_plugin/share/ament_index/resource_index/package_run_dependencies/diablo_rviz2_control_plugin
[0.084s] -- Up-to-date: /home/y/SA_CAO_Simu/SA_CAO/install/diablo_rviz2_control_plugin/share/ament_index/resource_index/parent_prefix_path/diablo_rviz2_control_plugin
[0.084s] -- Up-to-date: /home/y/SA_CAO_Simu/SA_CAO/install/diablo_rviz2_control_plugin/share/diablo_rviz2_control_plugin/environment/ament_prefix_path.sh
[0.084s] -- Up-to-date: /home/y/SA_CAO_Simu/SA_CAO/install/diablo_rviz2_control_plugin/share/diablo_rviz2_control_plugin/environment/ament_prefix_path.dsv
[0.084s] -- Up-to-date: /home/y/SA_CAO_Simu/SA_CAO/install/diablo_rviz2_control_plugin/share/diablo_rviz2_control_plugin/environment/path.sh
[0.084s] -- Up-to-date: /home/y/SA_CAO_Simu/SA_CAO/install/diablo_rviz2_control_plugin/share/diablo_rviz2_control_plugin/environment/path.dsv
[0.084s] -- Up-to-date: /home/y/SA_CAO_Simu/SA_CAO/install/diablo_rviz2_control_plugin/share/diablo_rviz2_control_plugin/local_setup.bash
[0.084s] -- Up-to-date: /home/y/SA_CAO_Simu/SA_CAO/install/diablo_rviz2_control_plugin/share/diablo_rviz2_control_plugin/local_setup.sh
[0.084s] -- Up-to-date: /home/y/SA_CAO_Simu/SA_CAO/install/diablo_rviz2_control_plugin/share/diablo_rviz2_control_plugin/local_setup.zsh
[0.084s] -- Up-to-date: /home/y/SA_CAO_Simu/SA_CAO/install/diablo_rviz2_control_plugin/share/diablo_rviz2_control_plugin/local_setup.dsv
[0.084s] -- Installing: /home/y/SA_CAO_Simu/SA_CAO/install/diablo_rviz2_control_plugin/share/diablo_rviz2_control_plugin/package.dsv
[0.084s] -- Up-to-date: /home/y/SA_CAO_Simu/SA_CAO/install/diablo_rviz2_control_plugin/share/ament_index/resource_index/packages/diablo_rviz2_control_plugin
[0.084s] -- Up-to-date: /home/y/SA_CAO_Simu/SA_CAO/install/diablo_rviz2_control_plugin/share/ament_index/resource_index/rviz_common__pluginlib__plugin/diablo_rviz2_control_plugin
[0.084s] -- Up-to-date: /home/y/SA_CAO_Simu/SA_CAO/install/diablo_rviz2_control_plugin/share/diablo_rviz2_control_plugin/cmake/ament_cmake_export_libraries-extras.cmake
[0.084s] -- Up-to-date: /home/y/SA_CAO_Simu/SA_CAO/install/diablo_rviz2_control_plugin/share/diablo_rviz2_control_plugin/cmake/diablo_rviz2_control_pluginConfig.cmake
[0.084s] -- Up-to-date: /home/y/SA_CAO_Simu/SA_CAO/install/diablo_rviz2_control_plugin/share/diablo_rviz2_control_plugin/cmake/diablo_rviz2_control_pluginConfig-version.cmake
[0.084s] -- Up-to-date: /home/y/SA_CAO_Simu/SA_CAO/install/diablo_rviz2_control_plugin/share/diablo_rviz2_control_plugin/package.xml
[0.085s] Invoked command in '/home/y/SA_CAO_Simu/SA_CAO/build/diablo_rviz2_control_plugin' returned '0': AMENT_PREFIX_PATH=/home/y/SA_CAO_Simu/SA_CAO/install/motion_msgs:${AMENT_PREFIX_PATH} CMAKE_PREFIX_PATH=/home/y/SA_CAO_Simu/SA_CAO/install/motion_msgs:/opt/ros/foxy LD_LIBRARY_PATH=/home/y/SA_CAO_Simu/SA_CAO/install/motion_msgs/lib:${LD_LIBRARY_PATH} PYTHONPATH=/home/y/SA_CAO_Simu/SA_CAO/install/motion_msgs/lib/python3.8/site-packages:${PYTHONPATH} /usr/bin/cmake --install /home/y/SA_CAO_Simu/SA_CAO/build/diablo_rviz2_control_plugin
