[0.010s] Invoking command in '/home/y/SA_CAO_Simu/SA_CAO/build/motion_msgs': CMAKE_PREFIX_PATH=${CMAKE_PREFIX_PATH}:/home/y/SA_CAO_Simu/SA_CAO/install/turtlebot3_teleop:/home/y/SA_CAO_Simu/SA_CAO/install/turtlebot3_example:/home/y/SA_CAO_Simu/SA_CAO/install/pure_pursuit:/home/y/SA_CAO_Simu/SA_CAO/install/my_balance_pkg:/home/y/SA_CAO_Simu/SA_CAO/install/launch_diablo:/opt/ros/foxy /usr/bin/cmake /home/y/SA_CAO_Simu/SA_CAO/src/motion_msgs -DCMAKE_INSTALL_PREFIX=/home/y/SA_CAO_Simu/SA_CAO/install/motion_msgs
[0.054s] -- The C compiler identification is GNU 9.4.0
[0.082s] -- The CXX compiler identification is GNU 9.4.0
[0.082s] -- Check for working C compiler: /usr/bin/cc
[0.130s] -- Check for working C compiler: /usr/bin/cc -- works
[0.130s] -- Detecting C compiler ABI info
[0.199s] -- Detecting C compiler ABI info - done
[0.204s] -- Detecting C compile features
[0.204s] -- Detecting C compile features - done
[0.205s] -- Check for working CXX compiler: /usr/bin/c++
[0.335s] -- Check for working CXX compiler: /usr/bin/c++ -- works
[0.335s] -- Detecting CXX compiler ABI info
[0.463s] -- Detecting CXX compiler ABI info - done
[0.468s] -- Detecting CXX compile features
[0.468s] -- Detecting CXX compile features - done
[0.470s] -- Found ament_cmake: 0.9.12 (/opt/ros/foxy/share/ament_cmake/cmake)
[0.496s] -- Found PythonInterp: /usr/bin/python3 (found suitable version "3.8.10", minimum required is "3") 
[0.496s] -- Using PYTHON_EXECUTABLE: /usr/bin/python3
[0.651s] -- Found rosidl_default_generators: 1.0.1 (/opt/ros/foxy/share/rosidl_default_generators/cmake)
[0.653s] -- Using all available rosidl_typesupport_c: rosidl_typesupport_fastrtps_c;rosidl_typesupport_introspection_c
[0.659s] -- Found rosidl_adapter: 1.3.1 (/opt/ros/foxy/share/rosidl_adapter/cmake)
[0.857s] -- Found OpenSSL: /usr/lib/aarch64-linux-gnu/libcrypto.so (found version "1.1.1f")  
[0.887s] -- Found FastRTPS: /opt/ros/foxy/include  
[0.946s] -- Using all available rosidl_typesupport_cpp: rosidl_typesupport_fastrtps_cpp;rosidl_typesupport_introspection_cpp
[0.957s] -- Found std_msgs: 2.0.5 (/opt/ros/foxy/share/std_msgs/cmake)
[0.981s] -- Found PythonInterp: /usr/bin/python3 (found version "3.8.10") 
[1.054s] -- Found ament_cmake_ros: 0.9.2 (/opt/ros/foxy/share/ament_cmake_ros/cmake)
[1.177s] -- Using all available rosidl_typesupport_c: rosidl_typesupport_fastrtps_c;rosidl_typesupport_introspection_c
[1.233s] -- Using all available rosidl_typesupport_cpp: rosidl_typesupport_fastrtps_cpp;rosidl_typesupport_introspection_cpp
[1.263s] -- Found PythonInterp: /usr/bin/python3 (found suitable version "3.8.10", minimum required is "3.5") 
[1.264s] -- Found python_cmake_module: 0.8.1 (/opt/ros/foxy/share/python_cmake_module/cmake)
[1.293s] -- Found PythonLibs: /usr/lib/aarch64-linux-gnu/libpython3.8.so (found suitable version "3.8.10", minimum required is "3.5") 
[1.293s] -- Using PYTHON_EXECUTABLE: /usr/bin/python3
[1.293s] -- Using PYTHON_INCLUDE_DIRS: /usr/include/python3.8
[1.293s] -- Using PYTHON_LIBRARIES: /usr/lib/aarch64-linux-gnu/libpython3.8.so
[1.308s] -- Found PythonExtra: .so  
[1.365s] -- Configuring done
[1.411s] -- Generating done
[1.422s] -- Build files have been written to: /home/y/SA_CAO_Simu/SA_CAO/build/motion_msgs
[1.430s] Invoked command in '/home/y/SA_CAO_Simu/SA_CAO/build/motion_msgs' returned '0': CMAKE_PREFIX_PATH=${CMAKE_PREFIX_PATH}:/home/y/SA_CAO_Simu/SA_CAO/install/turtlebot3_teleop:/home/y/SA_CAO_Simu/SA_CAO/install/turtlebot3_example:/home/y/SA_CAO_Simu/SA_CAO/install/pure_pursuit:/home/y/SA_CAO_Simu/SA_CAO/install/my_balance_pkg:/home/y/SA_CAO_Simu/SA_CAO/install/launch_diablo:/opt/ros/foxy /usr/bin/cmake /home/y/SA_CAO_Simu/SA_CAO/src/motion_msgs -DCMAKE_INSTALL_PREFIX=/home/y/SA_CAO_Simu/SA_CAO/install/motion_msgs
[1.430s] Invoking command in '/home/y/SA_CAO_Simu/SA_CAO/build/motion_msgs': CMAKE_PREFIX_PATH=${CMAKE_PREFIX_PATH}:/home/y/SA_CAO_Simu/SA_CAO/install/turtlebot3_teleop:/home/y/SA_CAO_Simu/SA_CAO/install/turtlebot3_example:/home/y/SA_CAO_Simu/SA_CAO/install/pure_pursuit:/home/y/SA_CAO_Simu/SA_CAO/install/my_balance_pkg:/home/y/SA_CAO_Simu/SA_CAO/install/launch_diablo:/opt/ros/foxy /usr/bin/cmake --build /home/y/SA_CAO_Simu/SA_CAO/build/motion_msgs -- -j2 -l2
[1.523s] [35m[1mScanning dependencies of target motion_msgs__cpp[0m
[1.532s] [  1%] [34m[1mGenerating C code for ROS interfaces[0m
[1.553s] [  2%] [34m[1mGenerating C++ code for ROS interfaces[0m
[2.208s] [35m[1mScanning dependencies of target motion_msgs__rosidl_generator_c[0m
[2.245s] [  4%] [32mBuilding C object CMakeFiles/motion_msgs__rosidl_generator_c.dir/rosidl_generator_c/motion_msgs/msg/detail/ctrl_plot__functions.c.o[0m
[2.257s] [  4%] Built target motion_msgs__cpp
[2.288s] [  5%] [34m[1mGenerating C++ type support dispatch for ROS interfaces[0m
[2.344s] [  7%] [32mBuilding C object CMakeFiles/motion_msgs__rosidl_generator_c.dir/rosidl_generator_c/motion_msgs/msg/detail/leg_motors__functions.c.o[0m
[2.424s] [  8%] [32mBuilding C object CMakeFiles/motion_msgs__rosidl_generator_c.dir/rosidl_generator_c/motion_msgs/msg/detail/motion_ctrl__functions.c.o[0m
[2.476s] [  9%] [32mBuilding C object CMakeFiles/motion_msgs__rosidl_generator_c.dir/rosidl_generator_c/motion_msgs/msg/detail/robot_status__functions.c.o[0m
[2.561s] [ 11%] [32mBuilding C object CMakeFiles/motion_msgs__rosidl_generator_c.dir/rosidl_generator_c/motion_msgs/msg/detail/movement_ctrl_data__functions.c.o[0m
[2.639s] [ 12%] [32mBuilding C object CMakeFiles/motion_msgs__rosidl_generator_c.dir/rosidl_generator_c/motion_msgs/msg/detail/movement_ctrl_mode__functions.c.o[0m
[2.640s] [35m[1mScanning dependencies of target motion_msgs__rosidl_typesupport_cpp[0m
[2.665s] [ 14%] [32mBuilding CXX object CMakeFiles/motion_msgs__rosidl_typesupport_cpp.dir/rosidl_typesupport_cpp/motion_msgs/msg/ctrl_plot__type_support.cpp.o[0m
[2.709s] [ 15%] [32m[1mLinking C shared library libmotion_msgs__rosidl_generator_c.so[0m
[2.797s] [ 15%] Built target motion_msgs__rosidl_generator_c
[2.828s] [ 16%] [34m[1mGenerating C++ type support for eProsima Fast-RTPS[0m
[2.897s] [ 18%] [32mBuilding CXX object CMakeFiles/motion_msgs__rosidl_typesupport_cpp.dir/rosidl_typesupport_cpp/motion_msgs/msg/leg_motors__type_support.cpp.o[0m
[3.129s] [ 19%] [32mBuilding CXX object CMakeFiles/motion_msgs__rosidl_typesupport_cpp.dir/rosidl_typesupport_cpp/motion_msgs/msg/motion_ctrl__type_support.cpp.o[0m
[3.264s] [35m[1mScanning dependencies of target motion_msgs__rosidl_typesupport_fastrtps_cpp[0m
[3.305s] [ 21%] [32mBuilding CXX object CMakeFiles/motion_msgs__rosidl_typesupport_fastrtps_cpp.dir/rosidl_typesupport_fastrtps_cpp/motion_msgs/msg/detail/dds_fastrtps/ctrl_plot__type_support.cpp.o[0m
[3.388s] [ 22%] [32mBuilding CXX object CMakeFiles/motion_msgs__rosidl_typesupport_cpp.dir/rosidl_typesupport_cpp/motion_msgs/msg/robot_status__type_support.cpp.o[0m
[3.617s] [ 23%] [32mBuilding CXX object CMakeFiles/motion_msgs__rosidl_typesupport_fastrtps_cpp.dir/rosidl_typesupport_fastrtps_cpp/motion_msgs/msg/detail/dds_fastrtps/leg_motors__type_support.cpp.o[0m
[3.647s] [ 25%] [32mBuilding CXX object CMakeFiles/motion_msgs__rosidl_typesupport_cpp.dir/rosidl_typesupport_cpp/motion_msgs/msg/movement_ctrl_data__type_support.cpp.o[0m
[3.890s] [ 26%] [32mBuilding CXX object CMakeFiles/motion_msgs__rosidl_typesupport_cpp.dir/rosidl_typesupport_cpp/motion_msgs/msg/movement_ctrl_mode__type_support.cpp.o[0m
[4.013s] [ 28%] [32mBuilding CXX object CMakeFiles/motion_msgs__rosidl_typesupport_fastrtps_cpp.dir/rosidl_typesupport_fastrtps_cpp/motion_msgs/msg/detail/dds_fastrtps/motion_ctrl__type_support.cpp.o[0m
[4.107s] [ 29%] [32m[1mLinking CXX shared library libmotion_msgs__rosidl_typesupport_cpp.so[0m
[4.177s] [ 29%] Built target motion_msgs__rosidl_typesupport_cpp
[4.210s] [ 30%] [34m[1mGenerating C introspection for ROS interfaces[0m
[4.400s] [ 32%] [32mBuilding CXX object CMakeFiles/motion_msgs__rosidl_typesupport_fastrtps_cpp.dir/rosidl_typesupport_fastrtps_cpp/motion_msgs/msg/detail/dds_fastrtps/robot_status__type_support.cpp.o[0m
[4.625s] [35m[1mScanning dependencies of target motion_msgs__rosidl_typesupport_introspection_c[0m
[4.644s] [ 33%] [32mBuilding CXX object CMakeFiles/motion_msgs__rosidl_typesupport_fastrtps_cpp.dir/rosidl_typesupport_fastrtps_cpp/motion_msgs/msg/detail/dds_fastrtps/movement_ctrl_data__type_support.cpp.o[0m
[4.653s] [ 35%] [32mBuilding C object CMakeFiles/motion_msgs__rosidl_typesupport_introspection_c.dir/rosidl_typesupport_introspection_c/motion_msgs/msg/detail/ctrl_plot__type_support.c.o[0m
[4.732s] [ 36%] [32mBuilding C object CMakeFiles/motion_msgs__rosidl_typesupport_introspection_c.dir/rosidl_typesupport_introspection_c/motion_msgs/msg/detail/leg_motors__type_support.c.o[0m
[4.794s] [ 38%] [32mBuilding C object CMakeFiles/motion_msgs__rosidl_typesupport_introspection_c.dir/rosidl_typesupport_introspection_c/motion_msgs/msg/detail/motion_ctrl__type_support.c.o[0m
[4.825s] [ 39%] [32mBuilding C object CMakeFiles/motion_msgs__rosidl_typesupport_introspection_c.dir/rosidl_typesupport_introspection_c/motion_msgs/msg/detail/robot_status__type_support.c.o[0m
[4.843s] [ 40%] [32mBuilding CXX object CMakeFiles/motion_msgs__rosidl_typesupport_fastrtps_cpp.dir/rosidl_typesupport_fastrtps_cpp/motion_msgs/msg/detail/dds_fastrtps/movement_ctrl_mode__type_support.cpp.o[0m
[4.880s] [ 42%] [32mBuilding C object CMakeFiles/motion_msgs__rosidl_typesupport_introspection_c.dir/rosidl_typesupport_introspection_c/motion_msgs/msg/detail/movement_ctrl_data__type_support.c.o[0m
[4.944s] [ 43%] [32mBuilding C object CMakeFiles/motion_msgs__rosidl_typesupport_introspection_c.dir/rosidl_typesupport_introspection_c/motion_msgs/msg/detail/movement_ctrl_mode__type_support.c.o[0m
[5.005s] [ 45%] [32m[1mLinking C shared library libmotion_msgs__rosidl_typesupport_introspection_c.so[0m
[5.071s] [ 45%] Built target motion_msgs__rosidl_typesupport_introspection_c
[5.101s] [ 46%] [34m[1mGenerating C type support dispatch for ROS interfaces[0m
[5.125s] [ 47%] [32m[1mLinking CXX shared library libmotion_msgs__rosidl_typesupport_fastrtps_cpp.so[0m
[5.259s] [ 47%] Built target motion_msgs__rosidl_typesupport_fastrtps_cpp
[5.282s] [ 49%] [34m[1mGenerating C++ introspection for ROS interfaces[0m
[5.497s] [35m[1mScanning dependencies of target motion_msgs__rosidl_typesupport_c[0m
[5.529s] [ 50%] [32mBuilding CXX object CMakeFiles/motion_msgs__rosidl_typesupport_c.dir/rosidl_typesupport_c/motion_msgs/msg/ctrl_plot__type_support.cpp.o[0m
[5.577s] [ 52%] [32mBuilding CXX object CMakeFiles/motion_msgs__rosidl_typesupport_c.dir/rosidl_typesupport_c/motion_msgs/msg/leg_motors__type_support.cpp.o[0m
[5.648s] [ 53%] [32mBuilding CXX object CMakeFiles/motion_msgs__rosidl_typesupport_c.dir/rosidl_typesupport_c/motion_msgs/msg/motion_ctrl__type_support.cpp.o[0m
[5.698s] [ 54%] [32mBuilding CXX object CMakeFiles/motion_msgs__rosidl_typesupport_c.dir/rosidl_typesupport_c/motion_msgs/msg/robot_status__type_support.cpp.o[0m
[5.725s] [35m[1mScanning dependencies of target motion_msgs__rosidl_typesupport_introspection_cpp[0m
[5.735s] [ 56%] [32mBuilding CXX object CMakeFiles/motion_msgs__rosidl_typesupport_introspection_cpp.dir/rosidl_typesupport_introspection_cpp/motion_msgs/msg/detail/ctrl_plot__type_support.cpp.o[0m
[5.763s] [ 57%] [32mBuilding CXX object CMakeFiles/motion_msgs__rosidl_typesupport_c.dir/rosidl_typesupport_c/motion_msgs/msg/movement_ctrl_data__type_support.cpp.o[0m
[5.835s] [ 59%] [32mBuilding CXX object CMakeFiles/motion_msgs__rosidl_typesupport_c.dir/rosidl_typesupport_c/motion_msgs/msg/movement_ctrl_mode__type_support.cpp.o[0m
[5.888s] [ 60%] [32m[1mLinking CXX shared library libmotion_msgs__rosidl_typesupport_c.so[0m
[5.911s] [ 61%] [32mBuilding CXX object CMakeFiles/motion_msgs__rosidl_typesupport_introspection_cpp.dir/rosidl_typesupport_introspection_cpp/motion_msgs/msg/detail/leg_motors__type_support.cpp.o[0m
[5.930s] [ 61%] Built target motion_msgs__rosidl_typesupport_c
[5.953s] [ 63%] [32mBuilding CXX object CMakeFiles/motion_msgs__rosidl_typesupport_introspection_cpp.dir/rosidl_typesupport_introspection_cpp/motion_msgs/msg/detail/motion_ctrl__type_support.cpp.o[0m
[6.136s] [ 64%] [32mBuilding CXX object CMakeFiles/motion_msgs__rosidl_typesupport_introspection_cpp.dir/rosidl_typesupport_introspection_cpp/motion_msgs/msg/detail/robot_status__type_support.cpp.o[0m
[6.185s] [ 66%] [32mBuilding CXX object CMakeFiles/motion_msgs__rosidl_typesupport_introspection_cpp.dir/rosidl_typesupport_introspection_cpp/motion_msgs/msg/detail/movement_ctrl_data__type_support.cpp.o[0m
[6.387s] [ 67%] [32mBuilding CXX object CMakeFiles/motion_msgs__rosidl_typesupport_introspection_cpp.dir/rosidl_typesupport_introspection_cpp/motion_msgs/msg/detail/movement_ctrl_mode__type_support.cpp.o[0m
[6.449s] [ 69%] [34m[1mGenerating C type support for eProsima Fast-RTPS[0m
[6.629s] [ 70%] [32m[1mLinking CXX shared library libmotion_msgs__rosidl_typesupport_introspection_cpp.so[0m
[6.747s] [ 70%] Built target motion_msgs__rosidl_typesupport_introspection_cpp
[6.817s] [35m[1mScanning dependencies of target motion_msgs__rosidl_typesupport_fastrtps_c[0m
[6.827s] [ 71%] [32mBuilding CXX object CMakeFiles/motion_msgs__rosidl_typesupport_fastrtps_c.dir/rosidl_typesupport_fastrtps_c/motion_msgs/msg/detail/ctrl_plot__type_support_c.cpp.o[0m
[6.831s] [ 73%] [32mBuilding CXX object CMakeFiles/motion_msgs__rosidl_typesupport_fastrtps_c.dir/rosidl_typesupport_fastrtps_c/motion_msgs/msg/detail/leg_motors__type_support_c.cpp.o[0m
[7.160s] [ 74%] [32mBuilding CXX object CMakeFiles/motion_msgs__rosidl_typesupport_fastrtps_c.dir/rosidl_typesupport_fastrtps_c/motion_msgs/msg/detail/motion_ctrl__type_support_c.cpp.o[0m
[7.167s] [ 76%] [32mBuilding CXX object CMakeFiles/motion_msgs__rosidl_typesupport_fastrtps_c.dir/rosidl_typesupport_fastrtps_c/motion_msgs/msg/detail/robot_status__type_support_c.cpp.o[0m
[7.459s] [ 77%] [32mBuilding CXX object CMakeFiles/motion_msgs__rosidl_typesupport_fastrtps_c.dir/rosidl_typesupport_fastrtps_c/motion_msgs/msg/detail/movement_ctrl_data__type_support_c.cpp.o[0m
[7.501s] [ 78%] [32mBuilding CXX object CMakeFiles/motion_msgs__rosidl_typesupport_fastrtps_c.dir/rosidl_typesupport_fastrtps_c/motion_msgs/msg/detail/movement_ctrl_mode__type_support_c.cpp.o[0m
[7.766s] [ 80%] [32m[1mLinking CXX shared library libmotion_msgs__rosidl_typesupport_fastrtps_c.so[0m
[7.819s] [ 80%] Built target motion_msgs__rosidl_typesupport_fastrtps_c
[7.827s] [35m[1mScanning dependencies of target motion_msgs[0m
[7.850s] [ 80%] Built target motion_msgs
[7.873s] [35m[1mScanning dependencies of target motion_msgs__py[0m
[7.899s] [ 81%] [34m[1mGenerating Python code for ROS interfaces[0m
[8.554s] [ 81%] Built target motion_msgs__py
[8.559s] [35m[1mScanning dependencies of target motion_msgs__python[0m
[8.572s] [ 83%] [32mBuilding C object CMakeFiles/motion_msgs__python.dir/rosidl_generator_py/motion_msgs/msg/_ctrl_plot_s.c.o[0m
[8.586s] [ 84%] [32mBuilding C object CMakeFiles/motion_msgs__python.dir/rosidl_generator_py/motion_msgs/msg/_leg_motors_s.c.o[0m
[8.663s] [ 85%] [32mBuilding C object CMakeFiles/motion_msgs__python.dir/rosidl_generator_py/motion_msgs/msg/_motion_ctrl_s.c.o[0m
[8.675s] [ 87%] [32mBuilding C object CMakeFiles/motion_msgs__python.dir/rosidl_generator_py/motion_msgs/msg/_robot_status_s.c.o[0m
[8.754s] [ 88%] [32mBuilding C object CMakeFiles/motion_msgs__python.dir/rosidl_generator_py/motion_msgs/msg/_movement_ctrl_data_s.c.o[0m
[8.782s] [ 90%] [32mBuilding C object CMakeFiles/motion_msgs__python.dir/rosidl_generator_py/motion_msgs/msg/_movement_ctrl_mode_s.c.o[0m
[8.845s] [ 91%] [32m[1mLinking C shared library rosidl_generator_py/motion_msgs/libmotion_msgs__python.so[0m
[8.898s] [ 91%] Built target motion_msgs__python
[8.927s] [35m[1mScanning dependencies of target motion_msgs__rosidl_typesupport_introspection_c__pyext[0m
[8.927s] [35m[1mScanning dependencies of target motion_msgs__rosidl_typesupport_c__pyext[0m
[8.956s] [ 92%] [32mBuilding C object CMakeFiles/motion_msgs__rosidl_typesupport_introspection_c__pyext.dir/rosidl_generator_py/motion_msgs/_motion_msgs_s.ep.rosidl_typesupport_introspection_c.c.o[0m
[8.963s] [ 94%] [32mBuilding C object CMakeFiles/motion_msgs__rosidl_typesupport_c__pyext.dir/rosidl_generator_py/motion_msgs/_motion_msgs_s.ep.rosidl_typesupport_c.c.o[0m
[9.075s] [ 95%] [32m[1mLinking C shared library rosidl_generator_py/motion_msgs/motion_msgs_s__rosidl_typesupport_c.cpython-38-aarch64-linux-gnu.so[0m
[9.076s] [ 97%] [32m[1mLinking C shared library rosidl_generator_py/motion_msgs/motion_msgs_s__rosidl_typesupport_introspection_c.cpython-38-aarch64-linux-gnu.so[0m
[9.133s] [ 97%] Built target motion_msgs__rosidl_typesupport_c__pyext
[9.141s] [ 97%] Built target motion_msgs__rosidl_typesupport_introspection_c__pyext
[9.163s] [35m[1mScanning dependencies of target motion_msgs__rosidl_typesupport_fastrtps_c__pyext[0m
[9.195s] [ 98%] [32mBuilding C object CMakeFiles/motion_msgs__rosidl_typesupport_fastrtps_c__pyext.dir/rosidl_generator_py/motion_msgs/_motion_msgs_s.ep.rosidl_typesupport_fastrtps_c.c.o[0m
[9.306s] [100%] [32m[1mLinking CXX shared library rosidl_generator_py/motion_msgs/motion_msgs_s__rosidl_typesupport_fastrtps_c.cpython-38-aarch64-linux-gnu.so[0m
[9.385s] [100%] Built target motion_msgs__rosidl_typesupport_fastrtps_c__pyext
[9.391s] Invoked command in '/home/y/SA_CAO_Simu/SA_CAO/build/motion_msgs' returned '0': CMAKE_PREFIX_PATH=${CMAKE_PREFIX_PATH}:/home/y/SA_CAO_Simu/SA_CAO/install/turtlebot3_teleop:/home/y/SA_CAO_Simu/SA_CAO/install/turtlebot3_example:/home/y/SA_CAO_Simu/SA_CAO/install/pure_pursuit:/home/y/SA_CAO_Simu/SA_CAO/install/my_balance_pkg:/home/y/SA_CAO_Simu/SA_CAO/install/launch_diablo:/opt/ros/foxy /usr/bin/cmake --build /home/y/SA_CAO_Simu/SA_CAO/build/motion_msgs -- -j2 -l2
[9.392s] Invoking command in '/home/y/SA_CAO_Simu/SA_CAO/build/motion_msgs': CMAKE_PREFIX_PATH=${CMAKE_PREFIX_PATH}:/home/y/SA_CAO_Simu/SA_CAO/install/turtlebot3_teleop:/home/y/SA_CAO_Simu/SA_CAO/install/turtlebot3_example:/home/y/SA_CAO_Simu/SA_CAO/install/pure_pursuit:/home/y/SA_CAO_Simu/SA_CAO/install/my_balance_pkg:/home/y/SA_CAO_Simu/SA_CAO/install/launch_diablo:/opt/ros/foxy /usr/bin/cmake --install /home/y/SA_CAO_Simu/SA_CAO/build/motion_msgs
[9.398s] -- Install configuration: ""
[9.398s] -- Installing: /home/y/SA_CAO_Simu/SA_CAO/install/motion_msgs/share/ament_index/resource_index/rosidl_interfaces/motion_msgs
[9.398s] -- Installing: /home/y/SA_CAO_Simu/SA_CAO/install/motion_msgs/include/motion_msgs
[9.398s] -- Installing: /home/y/SA_CAO_Simu/SA_CAO/install/motion_msgs/include/motion_msgs/msg
[9.398s] -- Installing: /home/y/SA_CAO_Simu/SA_CAO/install/motion_msgs/include/motion_msgs/msg/robot_status.h
[9.398s] -- Installing: /home/y/SA_CAO_Simu/SA_CAO/install/motion_msgs/include/motion_msgs/msg/movement_ctrl_data.h
[9.399s] -- Installing: /home/y/SA_CAO_Simu/SA_CAO/install/motion_msgs/include/motion_msgs/msg/motion_ctrl.h
[9.399s] -- Installing: /home/y/SA_CAO_Simu/SA_CAO/install/motion_msgs/include/motion_msgs/msg/detail
[9.399s] -- Installing: /home/y/SA_CAO_Simu/SA_CAO/install/motion_msgs/include/motion_msgs/msg/detail/ctrl_plot__functions.h
[9.399s] -- Installing: /home/y/SA_CAO_Simu/SA_CAO/install/motion_msgs/include/motion_msgs/msg/detail/movement_ctrl_data__functions.h
[9.399s] -- Installing: /home/y/SA_CAO_Simu/SA_CAO/install/motion_msgs/include/motion_msgs/msg/detail/ctrl_plot__struct.h
[9.399s] -- Installing: /home/y/SA_CAO_Simu/SA_CAO/install/motion_msgs/include/motion_msgs/msg/detail/movement_ctrl_mode__functions.h
[9.399s] -- Installing: /home/y/SA_CAO_Simu/SA_CAO/install/motion_msgs/include/motion_msgs/msg/detail/leg_motors__functions.h
[9.399s] -- Installing: /home/y/SA_CAO_Simu/SA_CAO/install/motion_msgs/include/motion_msgs/msg/detail/robot_status__functions.c
[9.399s] -- Installing: /home/y/SA_CAO_Simu/SA_CAO/install/motion_msgs/include/motion_msgs/msg/detail/robot_status__functions.h
[9.399s] -- Installing: /home/y/SA_CAO_Simu/SA_CAO/install/motion_msgs/include/motion_msgs/msg/detail/movement_ctrl_mode__functions.c
[9.399s] -- Installing: /home/y/SA_CAO_Simu/SA_CAO/install/motion_msgs/include/motion_msgs/msg/detail/movement_ctrl_data__struct.h
[9.399s] -- Installing: /home/y/SA_CAO_Simu/SA_CAO/install/motion_msgs/include/motion_msgs/msg/detail/motion_ctrl__functions.h
[9.399s] -- Installing: /home/y/SA_CAO_Simu/SA_CAO/install/motion_msgs/include/motion_msgs/msg/detail/ctrl_plot__functions.c
[9.399s] -- Installing: /home/y/SA_CAO_Simu/SA_CAO/install/motion_msgs/include/motion_msgs/msg/detail/robot_status__struct.h
[9.399s] -- Installing: /home/y/SA_CAO_Simu/SA_CAO/install/motion_msgs/include/motion_msgs/msg/detail/robot_status__type_support.h
[9.400s] -- Installing: /home/y/SA_CAO_Simu/SA_CAO/install/motion_msgs/include/motion_msgs/msg/detail/movement_ctrl_data__type_support.h
[9.400s] -- Installing: /home/y/SA_CAO_Simu/SA_CAO/install/motion_msgs/include/motion_msgs/msg/detail/movement_ctrl_data__functions.c
[9.400s] -- Installing: /home/y/SA_CAO_Simu/SA_CAO/install/motion_msgs/include/motion_msgs/msg/detail/motion_ctrl__functions.c
[9.400s] -- Installing: /home/y/SA_CAO_Simu/SA_CAO/install/motion_msgs/include/motion_msgs/msg/detail/leg_motors__type_support.h
[9.400s] -- Installing: /home/y/SA_CAO_Simu/SA_CAO/install/motion_msgs/include/motion_msgs/msg/detail/leg_motors__functions.c
[9.400s] -- Installing: /home/y/SA_CAO_Simu/SA_CAO/install/motion_msgs/include/motion_msgs/msg/detail/leg_motors__struct.h
[9.400s] -- Installing: /home/y/SA_CAO_Simu/SA_CAO/install/motion_msgs/include/motion_msgs/msg/detail/motion_ctrl__type_support.h
[9.400s] -- Installing: /home/y/SA_CAO_Simu/SA_CAO/install/motion_msgs/include/motion_msgs/msg/detail/movement_ctrl_mode__type_support.h
[9.400s] -- Installing: /home/y/SA_CAO_Simu/SA_CAO/install/motion_msgs/include/motion_msgs/msg/detail/motion_ctrl__struct.h
[9.400s] -- Installing: /home/y/SA_CAO_Simu/SA_CAO/install/motion_msgs/include/motion_msgs/msg/detail/movement_ctrl_mode__struct.h
[9.400s] -- Installing: /home/y/SA_CAO_Simu/SA_CAO/install/motion_msgs/include/motion_msgs/msg/detail/ctrl_plot__type_support.h
[9.400s] -- Installing: /home/y/SA_CAO_Simu/SA_CAO/install/motion_msgs/include/motion_msgs/msg/rosidl_generator_c__visibility_control.h
[9.400s] -- Installing: /home/y/SA_CAO_Simu/SA_CAO/install/motion_msgs/include/motion_msgs/msg/movement_ctrl_mode.h
[9.400s] -- Installing: /home/y/SA_CAO_Simu/SA_CAO/install/motion_msgs/include/motion_msgs/msg/leg_motors.h
[9.400s] -- Installing: /home/y/SA_CAO_Simu/SA_CAO/install/motion_msgs/include/motion_msgs/msg/ctrl_plot.h
[9.401s] -- Installing: /home/y/SA_CAO_Simu/SA_CAO/install/motion_msgs/share/motion_msgs/environment/library_path.sh
[9.401s] -- Installing: /home/y/SA_CAO_Simu/SA_CAO/install/motion_msgs/share/motion_msgs/environment/library_path.dsv
[9.401s] -- Installing: /home/y/SA_CAO_Simu/SA_CAO/install/motion_msgs/lib/libmotion_msgs__rosidl_generator_c.so
[9.401s] -- Set runtime path of "/home/y/SA_CAO_Simu/SA_CAO/install/motion_msgs/lib/libmotion_msgs__rosidl_generator_c.so" to ""
[9.401s] -- Up-to-date: /home/y/SA_CAO_Simu/SA_CAO/install/motion_msgs/include/motion_msgs
[9.401s] -- Up-to-date: /home/y/SA_CAO_Simu/SA_CAO/install/motion_msgs/include/motion_msgs/msg
[9.401s] -- Installing: /home/y/SA_CAO_Simu/SA_CAO/install/motion_msgs/include/motion_msgs/msg/rosidl_typesupport_fastrtps_c__visibility_control.h
[9.401s] -- Up-to-date: /home/y/SA_CAO_Simu/SA_CAO/install/motion_msgs/include/motion_msgs/msg/detail
[9.401s] -- Installing: /home/y/SA_CAO_Simu/SA_CAO/install/motion_msgs/include/motion_msgs/msg/detail/motion_ctrl__rosidl_typesupport_fastrtps_c.h
[9.401s] -- Installing: /home/y/SA_CAO_Simu/SA_CAO/install/motion_msgs/include/motion_msgs/msg/detail/movement_ctrl_mode__rosidl_typesupport_fastrtps_c.h
[9.401s] -- Installing: /home/y/SA_CAO_Simu/SA_CAO/install/motion_msgs/include/motion_msgs/msg/detail/robot_status__rosidl_typesupport_fastrtps_c.h
[9.401s] -- Installing: /home/y/SA_CAO_Simu/SA_CAO/install/motion_msgs/include/motion_msgs/msg/detail/ctrl_plot__rosidl_typesupport_fastrtps_c.h
[9.402s] -- Installing: /home/y/SA_CAO_Simu/SA_CAO/install/motion_msgs/include/motion_msgs/msg/detail/movement_ctrl_data__rosidl_typesupport_fastrtps_c.h
[9.402s] -- Installing: /home/y/SA_CAO_Simu/SA_CAO/install/motion_msgs/include/motion_msgs/msg/detail/leg_motors__rosidl_typesupport_fastrtps_c.h
[9.402s] -- Installing: /home/y/SA_CAO_Simu/SA_CAO/install/motion_msgs/lib/libmotion_msgs__rosidl_typesupport_fastrtps_c.so
[9.402s] -- Set runtime path of "/home/y/SA_CAO_Simu/SA_CAO/install/motion_msgs/lib/libmotion_msgs__rosidl_typesupport_fastrtps_c.so" to ""
[9.402s] -- Up-to-date: /home/y/SA_CAO_Simu/SA_CAO/install/motion_msgs/include/motion_msgs
[9.402s] -- Up-to-date: /home/y/SA_CAO_Simu/SA_CAO/install/motion_msgs/include/motion_msgs/msg
[9.402s] -- Up-to-date: /home/y/SA_CAO_Simu/SA_CAO/install/motion_msgs/include/motion_msgs/msg/detail
[9.402s] -- Installing: /home/y/SA_CAO_Simu/SA_CAO/install/motion_msgs/include/motion_msgs/msg/detail/motion_ctrl__rosidl_typesupport_fastrtps_cpp.hpp
[9.402s] -- Installing: /home/y/SA_CAO_Simu/SA_CAO/install/motion_msgs/include/motion_msgs/msg/detail/robot_status__rosidl_typesupport_fastrtps_cpp.hpp
[9.402s] -- Installing: /home/y/SA_CAO_Simu/SA_CAO/install/motion_msgs/include/motion_msgs/msg/detail/movement_ctrl_mode__rosidl_typesupport_fastrtps_cpp.hpp
[9.402s] -- Installing: /home/y/SA_CAO_Simu/SA_CAO/install/motion_msgs/include/motion_msgs/msg/detail/movement_ctrl_data__rosidl_typesupport_fastrtps_cpp.hpp
[9.402s] -- Installing: /home/y/SA_CAO_Simu/SA_CAO/install/motion_msgs/include/motion_msgs/msg/detail/dds_fastrtps
[9.403s] -- Installing: /home/y/SA_CAO_Simu/SA_CAO/install/motion_msgs/include/motion_msgs/msg/detail/ctrl_plot__rosidl_typesupport_fastrtps_cpp.hpp
[9.403s] -- Installing: /home/y/SA_CAO_Simu/SA_CAO/install/motion_msgs/include/motion_msgs/msg/detail/leg_motors__rosidl_typesupport_fastrtps_cpp.hpp
[9.403s] -- Installing: /home/y/SA_CAO_Simu/SA_CAO/install/motion_msgs/include/motion_msgs/msg/rosidl_typesupport_fastrtps_cpp__visibility_control.h
[9.403s] -- Installing: /home/y/SA_CAO_Simu/SA_CAO/install/motion_msgs/lib/libmotion_msgs__rosidl_typesupport_fastrtps_cpp.so
[9.403s] -- Set runtime path of "/home/y/SA_CAO_Simu/SA_CAO/install/motion_msgs/lib/libmotion_msgs__rosidl_typesupport_fastrtps_cpp.so" to ""
[9.403s] -- Up-to-date: /home/y/SA_CAO_Simu/SA_CAO/install/motion_msgs/include/motion_msgs
[9.403s] -- Up-to-date: /home/y/SA_CAO_Simu/SA_CAO/install/motion_msgs/include/motion_msgs/msg
[9.403s] -- Up-to-date: /home/y/SA_CAO_Simu/SA_CAO/install/motion_msgs/include/motion_msgs/msg/detail
[9.404s] -- Installing: /home/y/SA_CAO_Simu/SA_CAO/install/motion_msgs/include/motion_msgs/msg/detail/movement_ctrl_data__type_support.c
[9.404s] -- Installing: /home/y/SA_CAO_Simu/SA_CAO/install/motion_msgs/include/motion_msgs/msg/detail/movement_ctrl_mode__rosidl_typesupport_introspection_c.h
[9.404s] -- Installing: /home/y/SA_CAO_Simu/SA_CAO/install/motion_msgs/include/motion_msgs/msg/detail/motion_ctrl__type_support.c
[9.404s] -- Installing: /home/y/SA_CAO_Simu/SA_CAO/install/motion_msgs/include/motion_msgs/msg/detail/leg_motors__type_support.c
[9.404s] -- Installing: /home/y/SA_CAO_Simu/SA_CAO/install/motion_msgs/include/motion_msgs/msg/detail/movement_ctrl_data__rosidl_typesupport_introspection_c.h
[9.404s] -- Installing: /home/y/SA_CAO_Simu/SA_CAO/install/motion_msgs/include/motion_msgs/msg/detail/leg_motors__rosidl_typesupport_introspection_c.h
[9.405s] -- Installing: /home/y/SA_CAO_Simu/SA_CAO/install/motion_msgs/include/motion_msgs/msg/detail/movement_ctrl_mode__type_support.c
[9.405s] -- Installing: /home/y/SA_CAO_Simu/SA_CAO/install/motion_msgs/include/motion_msgs/msg/detail/ctrl_plot__type_support.c
[9.405s] -- Installing: /home/y/SA_CAO_Simu/SA_CAO/install/motion_msgs/include/motion_msgs/msg/detail/robot_status__type_support.c
[9.405s] -- Installing: /home/y/SA_CAO_Simu/SA_CAO/install/motion_msgs/include/motion_msgs/msg/detail/robot_status__rosidl_typesupport_introspection_c.h
[9.405s] -- Installing: /home/y/SA_CAO_Simu/SA_CAO/install/motion_msgs/include/motion_msgs/msg/detail/ctrl_plot__rosidl_typesupport_introspection_c.h
[9.405s] -- Installing: /home/y/SA_CAO_Simu/SA_CAO/install/motion_msgs/include/motion_msgs/msg/detail/motion_ctrl__rosidl_typesupport_introspection_c.h
[9.405s] -- Installing: /home/y/SA_CAO_Simu/SA_CAO/install/motion_msgs/include/motion_msgs/msg/rosidl_typesupport_introspection_c__visibility_control.h
[9.405s] -- Installing: /home/y/SA_CAO_Simu/SA_CAO/install/motion_msgs/lib/libmotion_msgs__rosidl_typesupport_introspection_c.so
[9.405s] -- Set runtime path of "/home/y/SA_CAO_Simu/SA_CAO/install/motion_msgs/lib/libmotion_msgs__rosidl_typesupport_introspection_c.so" to ""
[9.405s] -- Installing: /home/y/SA_CAO_Simu/SA_CAO/install/motion_msgs/lib/libmotion_msgs__rosidl_typesupport_c.so
[9.405s] -- Set runtime path of "/home/y/SA_CAO_Simu/SA_CAO/install/motion_msgs/lib/libmotion_msgs__rosidl_typesupport_c.so" to ""
[9.406s] -- Up-to-date: /home/y/SA_CAO_Simu/SA_CAO/install/motion_msgs/include/motion_msgs
[9.406s] -- Up-to-date: /home/y/SA_CAO_Simu/SA_CAO/install/motion_msgs/include/motion_msgs/msg
[9.406s] -- Installing: /home/y/SA_CAO_Simu/SA_CAO/install/motion_msgs/include/motion_msgs/msg/leg_motors.hpp
[9.406s] -- Up-to-date: /home/y/SA_CAO_Simu/SA_CAO/install/motion_msgs/include/motion_msgs/msg/detail
[9.406s] -- Installing: /home/y/SA_CAO_Simu/SA_CAO/install/motion_msgs/include/motion_msgs/msg/detail/ctrl_plot__traits.hpp
[9.406s] -- Installing: /home/y/SA_CAO_Simu/SA_CAO/install/motion_msgs/include/motion_msgs/msg/detail/robot_status__type_support.hpp
[9.406s] -- Installing: /home/y/SA_CAO_Simu/SA_CAO/install/motion_msgs/include/motion_msgs/msg/detail/movement_ctrl_mode__builder.hpp
[9.406s] -- Installing: /home/y/SA_CAO_Simu/SA_CAO/install/motion_msgs/include/motion_msgs/msg/detail/ctrl_plot__builder.hpp
[9.406s] -- Installing: /home/y/SA_CAO_Simu/SA_CAO/install/motion_msgs/include/motion_msgs/msg/detail/robot_status__builder.hpp
[9.406s] -- Installing: /home/y/SA_CAO_Simu/SA_CAO/install/motion_msgs/include/motion_msgs/msg/detail/leg_motors__builder.hpp
[9.406s] -- Installing: /home/y/SA_CAO_Simu/SA_CAO/install/motion_msgs/include/motion_msgs/msg/detail/movement_ctrl_data__builder.hpp
[9.406s] -- Installing: /home/y/SA_CAO_Simu/SA_CAO/install/motion_msgs/include/motion_msgs/msg/detail/leg_motors__type_support.hpp
[9.406s] -- Installing: /home/y/SA_CAO_Simu/SA_CAO/install/motion_msgs/include/motion_msgs/msg/detail/leg_motors__struct.hpp
[9.406s] -- Installing: /home/y/SA_CAO_Simu/SA_CAO/install/motion_msgs/include/motion_msgs/msg/detail/motion_ctrl__builder.hpp
[9.406s] -- Installing: /home/y/SA_CAO_Simu/SA_CAO/install/motion_msgs/include/motion_msgs/msg/detail/motion_ctrl__type_support.hpp
[9.406s] -- Installing: /home/y/SA_CAO_Simu/SA_CAO/install/motion_msgs/include/motion_msgs/msg/detail/motion_ctrl__traits.hpp
[9.407s] -- Installing: /home/y/SA_CAO_Simu/SA_CAO/install/motion_msgs/include/motion_msgs/msg/detail/leg_motors__traits.hpp
[9.407s] -- Installing: /home/y/SA_CAO_Simu/SA_CAO/install/motion_msgs/include/motion_msgs/msg/detail/movement_ctrl_data__traits.hpp
[9.407s] -- Installing: /home/y/SA_CAO_Simu/SA_CAO/install/motion_msgs/include/motion_msgs/msg/detail/motion_ctrl__struct.hpp
[9.407s] -- Installing: /home/y/SA_CAO_Simu/SA_CAO/install/motion_msgs/include/motion_msgs/msg/detail/robot_status__struct.hpp
[9.407s] -- Installing: /home/y/SA_CAO_Simu/SA_CAO/install/motion_msgs/include/motion_msgs/msg/detail/movement_ctrl_data__type_support.hpp
[9.407s] -- Installing: /home/y/SA_CAO_Simu/SA_CAO/install/motion_msgs/include/motion_msgs/msg/detail/robot_status__traits.hpp
[9.407s] -- Installing: /home/y/SA_CAO_Simu/SA_CAO/install/motion_msgs/include/motion_msgs/msg/detail/movement_ctrl_mode__struct.hpp
[9.407s] -- Installing: /home/y/SA_CAO_Simu/SA_CAO/install/motion_msgs/include/motion_msgs/msg/detail/movement_ctrl_data__struct.hpp
[9.407s] -- Installing: /home/y/SA_CAO_Simu/SA_CAO/install/motion_msgs/include/motion_msgs/msg/detail/ctrl_plot__type_support.hpp
[9.407s] -- Installing: /home/y/SA_CAO_Simu/SA_CAO/install/motion_msgs/include/motion_msgs/msg/detail/movement_ctrl_mode__type_support.hpp
[9.407s] -- Installing: /home/y/SA_CAO_Simu/SA_CAO/install/motion_msgs/include/motion_msgs/msg/detail/movement_ctrl_mode__traits.hpp
[9.407s] -- Installing: /home/y/SA_CAO_Simu/SA_CAO/install/motion_msgs/include/motion_msgs/msg/detail/ctrl_plot__struct.hpp
[9.407s] -- Installing: /home/y/SA_CAO_Simu/SA_CAO/install/motion_msgs/include/motion_msgs/msg/ctrl_plot.hpp
[9.407s] -- Installing: /home/y/SA_CAO_Simu/SA_CAO/install/motion_msgs/include/motion_msgs/msg/movement_ctrl_mode.hpp
[9.407s] -- Installing: /home/y/SA_CAO_Simu/SA_CAO/install/motion_msgs/include/motion_msgs/msg/rosidl_generator_cpp__visibility_control.hpp
[9.407s] -- Installing: /home/y/SA_CAO_Simu/SA_CAO/install/motion_msgs/include/motion_msgs/msg/motion_ctrl.hpp
[9.408s] -- Installing: /home/y/SA_CAO_Simu/SA_CAO/install/motion_msgs/include/motion_msgs/msg/movement_ctrl_data.hpp
[9.408s] -- Installing: /home/y/SA_CAO_Simu/SA_CAO/install/motion_msgs/include/motion_msgs/msg/robot_status.hpp
[9.408s] -- Up-to-date: /home/y/SA_CAO_Simu/SA_CAO/install/motion_msgs/include/motion_msgs
[9.408s] -- Up-to-date: /home/y/SA_CAO_Simu/SA_CAO/install/motion_msgs/include/motion_msgs/msg
[9.408s] -- Up-to-date: /home/y/SA_CAO_Simu/SA_CAO/install/motion_msgs/include/motion_msgs/msg/detail
[9.408s] -- Installing: /home/y/SA_CAO_Simu/SA_CAO/install/motion_msgs/include/motion_msgs/msg/detail/movement_ctrl_mode__type_support.cpp
[9.408s] -- Installing: /home/y/SA_CAO_Simu/SA_CAO/install/motion_msgs/include/motion_msgs/msg/detail/leg_motors__type_support.cpp
[9.408s] -- Installing: /home/y/SA_CAO_Simu/SA_CAO/install/motion_msgs/include/motion_msgs/msg/detail/robot_status__type_support.cpp
[9.408s] -- Installing: /home/y/SA_CAO_Simu/SA_CAO/install/motion_msgs/include/motion_msgs/msg/detail/ctrl_plot__rosidl_typesupport_introspection_cpp.hpp
[9.408s] -- Installing: /home/y/SA_CAO_Simu/SA_CAO/install/motion_msgs/include/motion_msgs/msg/detail/movement_ctrl_mode__rosidl_typesupport_introspection_cpp.hpp
[9.408s] -- Installing: /home/y/SA_CAO_Simu/SA_CAO/install/motion_msgs/include/motion_msgs/msg/detail/movement_ctrl_data__rosidl_typesupport_introspection_cpp.hpp
[9.408s] -- Installing: /home/y/SA_CAO_Simu/SA_CAO/install/motion_msgs/include/motion_msgs/msg/detail/ctrl_plot__type_support.cpp
[9.408s] -- Installing: /home/y/SA_CAO_Simu/SA_CAO/install/motion_msgs/include/motion_msgs/msg/detail/leg_motors__rosidl_typesupport_introspection_cpp.hpp
[9.408s] -- Installing: /home/y/SA_CAO_Simu/SA_CAO/install/motion_msgs/include/motion_msgs/msg/detail/motion_ctrl__rosidl_typesupport_introspection_cpp.hpp
[9.408s] -- Installing: /home/y/SA_CAO_Simu/SA_CAO/install/motion_msgs/include/motion_msgs/msg/detail/robot_status__rosidl_typesupport_introspection_cpp.hpp
[9.409s] -- Installing: /home/y/SA_CAO_Simu/SA_CAO/install/motion_msgs/include/motion_msgs/msg/detail/movement_ctrl_data__type_support.cpp
[9.409s] -- Installing: /home/y/SA_CAO_Simu/SA_CAO/install/motion_msgs/include/motion_msgs/msg/detail/motion_ctrl__type_support.cpp
[9.409s] -- Installing: /home/y/SA_CAO_Simu/SA_CAO/install/motion_msgs/lib/libmotion_msgs__rosidl_typesupport_introspection_cpp.so
[9.409s] -- Set runtime path of "/home/y/SA_CAO_Simu/SA_CAO/install/motion_msgs/lib/libmotion_msgs__rosidl_typesupport_introspection_cpp.so" to ""
[9.409s] -- Installing: /home/y/SA_CAO_Simu/SA_CAO/install/motion_msgs/lib/libmotion_msgs__rosidl_typesupport_cpp.so
[9.409s] -- Set runtime path of "/home/y/SA_CAO_Simu/SA_CAO/install/motion_msgs/lib/libmotion_msgs__rosidl_typesupport_cpp.so" to ""
[9.409s] -- Installing: /home/y/SA_CAO_Simu/SA_CAO/install/motion_msgs/share/motion_msgs/environment/pythonpath.sh
[9.409s] -- Installing: /home/y/SA_CAO_Simu/SA_CAO/install/motion_msgs/share/motion_msgs/environment/pythonpath.dsv
[9.409s] -- Installing: /home/y/SA_CAO_Simu/SA_CAO/install/motion_msgs/lib/python3.8/site-packages/motion_msgs/__init__.py
[9.425s] Compiling '/home/y/SA_CAO_Simu/SA_CAO/install/motion_msgs/lib/python3.8/site-packages/motion_msgs/__init__.py'...
[9.428s] -- Installing: /home/y/SA_CAO_Simu/SA_CAO/install/motion_msgs/lib/python3.8/site-packages/motion_msgs/msg
[9.428s] -- Installing: /home/y/SA_CAO_Simu/SA_CAO/install/motion_msgs/lib/python3.8/site-packages/motion_msgs/msg/_leg_motors_s.c
[9.428s] -- Installing: /home/y/SA_CAO_Simu/SA_CAO/install/motion_msgs/lib/python3.8/site-packages/motion_msgs/msg/_movement_ctrl_mode.py
[9.428s] -- Installing: /home/y/SA_CAO_Simu/SA_CAO/install/motion_msgs/lib/python3.8/site-packages/motion_msgs/msg/_leg_motors.py
[9.428s] -- Installing: /home/y/SA_CAO_Simu/SA_CAO/install/motion_msgs/lib/python3.8/site-packages/motion_msgs/msg/__init__.py
[9.428s] -- Installing: /home/y/SA_CAO_Simu/SA_CAO/install/motion_msgs/lib/python3.8/site-packages/motion_msgs/msg/_ctrl_plot_s.c
[9.428s] -- Installing: /home/y/SA_CAO_Simu/SA_CAO/install/motion_msgs/lib/python3.8/site-packages/motion_msgs/msg/_robot_status.py
[9.428s] -- Installing: /home/y/SA_CAO_Simu/SA_CAO/install/motion_msgs/lib/python3.8/site-packages/motion_msgs/msg/_motion_ctrl_s.c
[9.428s] -- Installing: /home/y/SA_CAO_Simu/SA_CAO/install/motion_msgs/lib/python3.8/site-packages/motion_msgs/msg/_motion_ctrl.py
[9.429s] -- Installing: /home/y/SA_CAO_Simu/SA_CAO/install/motion_msgs/lib/python3.8/site-packages/motion_msgs/msg/_movement_ctrl_data.py
[9.429s] -- Installing: /home/y/SA_CAO_Simu/SA_CAO/install/motion_msgs/lib/python3.8/site-packages/motion_msgs/msg/_movement_ctrl_data_s.c
[9.429s] -- Installing: /home/y/SA_CAO_Simu/SA_CAO/install/motion_msgs/lib/python3.8/site-packages/motion_msgs/msg/_movement_ctrl_mode_s.c
[9.429s] -- Installing: /home/y/SA_CAO_Simu/SA_CAO/install/motion_msgs/lib/python3.8/site-packages/motion_msgs/msg/_ctrl_plot.py
[9.429s] -- Installing: /home/y/SA_CAO_Simu/SA_CAO/install/motion_msgs/lib/python3.8/site-packages/motion_msgs/msg/_robot_status_s.c
[9.429s] -- Installing: /home/y/SA_CAO_Simu/SA_CAO/install/motion_msgs/lib/python3.8/site-packages/motion_msgs/motion_msgs_s__rosidl_typesupport_fastrtps_c.cpython-38-aarch64-linux-gnu.so
[9.429s] -- Set runtime path of "/home/y/SA_CAO_Simu/SA_CAO/install/motion_msgs/lib/python3.8/site-packages/motion_msgs/motion_msgs_s__rosidl_typesupport_fastrtps_c.cpython-38-aarch64-linux-gnu.so" to ""
[9.430s] -- Installing: /home/y/SA_CAO_Simu/SA_CAO/install/motion_msgs/lib/python3.8/site-packages/motion_msgs/motion_msgs_s__rosidl_typesupport_introspection_c.cpython-38-aarch64-linux-gnu.so
[9.430s] -- Set runtime path of "/home/y/SA_CAO_Simu/SA_CAO/install/motion_msgs/lib/python3.8/site-packages/motion_msgs/motion_msgs_s__rosidl_typesupport_introspection_c.cpython-38-aarch64-linux-gnu.so" to ""
[9.430s] -- Installing: /home/y/SA_CAO_Simu/SA_CAO/install/motion_msgs/lib/python3.8/site-packages/motion_msgs/motion_msgs_s__rosidl_typesupport_c.cpython-38-aarch64-linux-gnu.so
[9.430s] -- Set runtime path of "/home/y/SA_CAO_Simu/SA_CAO/install/motion_msgs/lib/python3.8/site-packages/motion_msgs/motion_msgs_s__rosidl_typesupport_c.cpython-38-aarch64-linux-gnu.so" to ""
[9.430s] -- Installing: /home/y/SA_CAO_Simu/SA_CAO/install/motion_msgs/lib/libmotion_msgs__python.so
[9.431s] -- Set runtime path of "/home/y/SA_CAO_Simu/SA_CAO/install/motion_msgs/lib/libmotion_msgs__python.so" to ""
[9.431s] -- Installing: /home/y/SA_CAO_Simu/SA_CAO/install/motion_msgs/share/motion_msgs/msg/CtrlPlot.idl
[9.431s] -- Installing: /home/y/SA_CAO_Simu/SA_CAO/install/motion_msgs/share/motion_msgs/msg/LegMotors.idl
[9.431s] -- Installing: /home/y/SA_CAO_Simu/SA_CAO/install/motion_msgs/share/motion_msgs/msg/MotionCtrl.idl
[9.431s] -- Installing: /home/y/SA_CAO_Simu/SA_CAO/install/motion_msgs/share/motion_msgs/msg/RobotStatus.idl
[9.431s] -- Installing: /home/y/SA_CAO_Simu/SA_CAO/install/motion_msgs/share/motion_msgs/msg/MovementCtrlData.idl
[9.431s] -- Installing: /home/y/SA_CAO_Simu/SA_CAO/install/motion_msgs/share/motion_msgs/msg/MovementCtrlMode.idl
[9.431s] -- Installing: /home/y/SA_CAO_Simu/SA_CAO/install/motion_msgs/share/motion_msgs/msg/CtrlPlot.msg
[9.431s] -- Installing: /home/y/SA_CAO_Simu/SA_CAO/install/motion_msgs/share/motion_msgs/msg/LegMotors.msg
[9.431s] -- Installing: /home/y/SA_CAO_Simu/SA_CAO/install/motion_msgs/share/motion_msgs/msg/MotionCtrl.msg
[9.431s] -- Installing: /home/y/SA_CAO_Simu/SA_CAO/install/motion_msgs/share/motion_msgs/msg/RobotStatus.msg
[9.431s] -- Installing: /home/y/SA_CAO_Simu/SA_CAO/install/motion_msgs/share/motion_msgs/msg/MovementCtrlData.msg
[9.432s] -- Installing: /home/y/SA_CAO_Simu/SA_CAO/install/motion_msgs/share/motion_msgs/msg/MovementCtrlMode.msg
[9.432s] -- Installing: /home/y/SA_CAO_Simu/SA_CAO/install/motion_msgs/share/ament_index/resource_index/package_run_dependencies/motion_msgs
[9.432s] -- Installing: /home/y/SA_CAO_Simu/SA_CAO/install/motion_msgs/share/ament_index/resource_index/parent_prefix_path/motion_msgs
[9.432s] -- Installing: /home/y/SA_CAO_Simu/SA_CAO/install/motion_msgs/share/motion_msgs/environment/ament_prefix_path.sh
[9.432s] -- Installing: /home/y/SA_CAO_Simu/SA_CAO/install/motion_msgs/share/motion_msgs/environment/ament_prefix_path.dsv
[9.432s] -- Installing: /home/y/SA_CAO_Simu/SA_CAO/install/motion_msgs/share/motion_msgs/environment/path.sh
[9.432s] -- Installing: /home/y/SA_CAO_Simu/SA_CAO/install/motion_msgs/share/motion_msgs/environment/path.dsv
[9.432s] -- Installing: /home/y/SA_CAO_Simu/SA_CAO/install/motion_msgs/share/motion_msgs/local_setup.bash
[9.432s] -- Installing: /home/y/SA_CAO_Simu/SA_CAO/install/motion_msgs/share/motion_msgs/local_setup.sh
[9.432s] -- Installing: /home/y/SA_CAO_Simu/SA_CAO/install/motion_msgs/share/motion_msgs/local_setup.zsh
[9.432s] -- Installing: /home/y/SA_CAO_Simu/SA_CAO/install/motion_msgs/share/motion_msgs/local_setup.dsv
[9.433s] -- Installing: /home/y/SA_CAO_Simu/SA_CAO/install/motion_msgs/share/motion_msgs/package.dsv
[9.433s] -- Installing: /home/y/SA_CAO_Simu/SA_CAO/install/motion_msgs/share/ament_index/resource_index/packages/motion_msgs
[9.433s] -- Installing: /home/y/SA_CAO_Simu/SA_CAO/install/motion_msgs/share/motion_msgs/cmake/motion_msgs__rosidl_generator_cExport.cmake
[9.433s] -- Installing: /home/y/SA_CAO_Simu/SA_CAO/install/motion_msgs/share/motion_msgs/cmake/motion_msgs__rosidl_generator_cExport-noconfig.cmake
[9.433s] -- Installing: /home/y/SA_CAO_Simu/SA_CAO/install/motion_msgs/share/motion_msgs/cmake/motion_msgs__rosidl_typesupport_introspection_cExport.cmake
[9.433s] -- Installing: /home/y/SA_CAO_Simu/SA_CAO/install/motion_msgs/share/motion_msgs/cmake/motion_msgs__rosidl_typesupport_introspection_cExport-noconfig.cmake
[9.433s] -- Installing: /home/y/SA_CAO_Simu/SA_CAO/install/motion_msgs/share/motion_msgs/cmake/motion_msgs__rosidl_typesupport_cExport.cmake
[9.433s] -- Installing: /home/y/SA_CAO_Simu/SA_CAO/install/motion_msgs/share/motion_msgs/cmake/motion_msgs__rosidl_typesupport_cExport-noconfig.cmake
[9.433s] -- Installing: /home/y/SA_CAO_Simu/SA_CAO/install/motion_msgs/share/motion_msgs/cmake/motion_msgs__rosidl_generator_cppExport.cmake
[9.434s] -- Installing: /home/y/SA_CAO_Simu/SA_CAO/install/motion_msgs/share/motion_msgs/cmake/motion_msgs__rosidl_typesupport_introspection_cppExport.cmake
[9.434s] -- Installing: /home/y/SA_CAO_Simu/SA_CAO/install/motion_msgs/share/motion_msgs/cmake/motion_msgs__rosidl_typesupport_introspection_cppExport-noconfig.cmake
[9.434s] -- Installing: /home/y/SA_CAO_Simu/SA_CAO/install/motion_msgs/share/motion_msgs/cmake/motion_msgs__rosidl_typesupport_cppExport.cmake
[9.434s] -- Installing: /home/y/SA_CAO_Simu/SA_CAO/install/motion_msgs/share/motion_msgs/cmake/motion_msgs__rosidl_typesupport_cppExport-noconfig.cmake
[9.434s] -- Installing: /home/y/SA_CAO_Simu/SA_CAO/install/motion_msgs/share/motion_msgs/cmake/rosidl_cmake-extras.cmake
[9.434s] -- Installing: /home/y/SA_CAO_Simu/SA_CAO/install/motion_msgs/share/motion_msgs/cmake/ament_cmake_export_dependencies-extras.cmake
[9.434s] -- Installing: /home/y/SA_CAO_Simu/SA_CAO/install/motion_msgs/share/motion_msgs/cmake/ament_cmake_export_libraries-extras.cmake
[9.434s] -- Installing: /home/y/SA_CAO_Simu/SA_CAO/install/motion_msgs/share/motion_msgs/cmake/ament_cmake_export_targets-extras.cmake
[9.434s] -- Installing: /home/y/SA_CAO_Simu/SA_CAO/install/motion_msgs/share/motion_msgs/cmake/ament_cmake_export_include_directories-extras.cmake
[9.434s] -- Installing: /home/y/SA_CAO_Simu/SA_CAO/install/motion_msgs/share/motion_msgs/cmake/rosidl_cmake_export_typesupport_libraries-extras.cmake
[9.434s] -- Installing: /home/y/SA_CAO_Simu/SA_CAO/install/motion_msgs/share/motion_msgs/cmake/rosidl_cmake_export_typesupport_targets-extras.cmake
[9.434s] -- Installing: /home/y/SA_CAO_Simu/SA_CAO/install/motion_msgs/share/motion_msgs/cmake/motion_msgsConfig.cmake
[9.435s] -- Installing: /home/y/SA_CAO_Simu/SA_CAO/install/motion_msgs/share/motion_msgs/cmake/motion_msgsConfig-version.cmake
[9.435s] -- Installing: /home/y/SA_CAO_Simu/SA_CAO/install/motion_msgs/share/motion_msgs/package.xml
[9.436s] Invoked command in '/home/y/SA_CAO_Simu/SA_CAO/build/motion_msgs' returned '0': CMAKE_PREFIX_PATH=${CMAKE_PREFIX_PATH}:/home/y/SA_CAO_Simu/SA_CAO/install/turtlebot3_teleop:/home/y/SA_CAO_Simu/SA_CAO/install/turtlebot3_example:/home/y/SA_CAO_Simu/SA_CAO/install/pure_pursuit:/home/y/SA_CAO_Simu/SA_CAO/install/my_balance_pkg:/home/y/SA_CAO_Simu/SA_CAO/install/launch_diablo:/opt/ros/foxy /usr/bin/cmake --install /home/y/SA_CAO_Simu/SA_CAO/build/motion_msgs
