[0.763s] Invoking command in '/home/y/SA_CAO/src/diablo_ros2/diablo_visualise/diablo_simulation': PYTHONPATH=/home/y/SA_CAO/build/diablo_simulation/prefix_override:/usr/lib/python3/dist-packages/colcon_core/task/python/colcon_distutils_commands:/home/y/SA_CAO/install/diablo_simulation/lib/python3.8/site-packages:${PYTHONPATH} /usr/bin/python3 -W ignore:setup.py install is deprecated -W ignore:easy_install command is deprecated setup.py egg_info --egg-base ../../../../build/diablo_simulation build --build-base /home/y/SA_CAO/build/diablo_simulation/build install --record /home/y/SA_CAO/build/diablo_simulation/install.log --single-version-externally-managed install_data
[1.004s] running egg_info
[1.005s] writing ../../../../build/diablo_simulation/diablo_simulation.egg-info/PKG-INFO
[1.006s] writing dependency_links to ../../../../build/diablo_simulation/diablo_simulation.egg-info/dependency_links.txt
[1.006s] writing entry points to ../../../../build/diablo_simulation/diablo_simulation.egg-info/entry_points.txt
[1.007s] writing requirements to ../../../../build/diablo_simulation/diablo_simulation.egg-info/requires.txt
[1.007s] writing top-level names to ../../../../build/diablo_simulation/diablo_simulation.egg-info/top_level.txt
[1.037s] reading manifest file '../../../../build/diablo_simulation/diablo_simulation.egg-info/SOURCES.txt'
[1.038s] writing manifest file '../../../../build/diablo_simulation/diablo_simulation.egg-info/SOURCES.txt'
[1.039s] running build
[1.039s] running build_py
[1.039s] running install
[1.040s] running install_lib
[1.042s] running install_data
[1.042s] running install_egg_info
[1.045s] removing '/home/y/SA_CAO/install/diablo_simulation/lib/python3.8/site-packages/diablo_simulation-1.0.0-py3.8.egg-info' (and everything under it)
[1.046s] Copying ../../../../build/diablo_simulation/diablo_simulation.egg-info to /home/y/SA_CAO/install/diablo_simulation/lib/python3.8/site-packages/diablo_simulation-1.0.0-py3.8.egg-info
[1.047s] running install_scripts
[1.064s] writing list of installed files to '/home/y/SA_CAO/build/diablo_simulation/install.log'
[1.085s] Invoked command in '/home/y/SA_CAO/src/diablo_ros2/diablo_visualise/diablo_simulation' returned '0': PYTHONPATH=/home/y/SA_CAO/build/diablo_simulation/prefix_override:/usr/lib/python3/dist-packages/colcon_core/task/python/colcon_distutils_commands:/home/y/SA_CAO/install/diablo_simulation/lib/python3.8/site-packages:${PYTHONPATH} /usr/bin/python3 -W ignore:setup.py install is deprecated -W ignore:easy_install command is deprecated setup.py egg_info --egg-base ../../../../build/diablo_simulation build --build-base /home/y/SA_CAO/build/diablo_simulation/build install --record /home/y/SA_CAO/build/diablo_simulation/install.log --single-version-externally-managed install_data
