[0.008s] Invoking command in '/home/y/SA_CAO_Simu/SA_CAO/build/turtlebot3_cartographer': CMAKE_PREFIX_PATH=${CMAKE_PREFIX_PATH}:/home/y/SA_CAO_Simu/SA_CAO/install/turtlebot3_teleop:/home/y/SA_CAO_Simu/SA_CAO/install/turtlebot3_example:/home/y/SA_CAO_Simu/SA_CAO/install/pure_pursuit:/home/y/SA_CAO_Simu/SA_CAO/install/my_balance_pkg:/home/y/SA_CAO_Simu/SA_CAO/install/launch_diablo:/home/y/SA_CAO_Simu/SA_CAO/install/diablo_simulation:/opt/ros/foxy /usr/bin/cmake --build /home/y/SA_CAO_Simu/SA_CAO/build/turtlebot3_cartographer -- -j2 -l2
[0.040s] Invoked command in '/home/y/SA_CAO_Simu/SA_CAO/build/turtlebot3_cartographer' returned '0': CMAKE_PREFIX_PATH=${CMAKE_PREFIX_PATH}:/home/y/SA_CAO_Simu/SA_CAO/install/turtlebot3_teleop:/home/y/SA_CAO_Simu/SA_CAO/install/turtlebot3_example:/home/y/SA_CAO_Simu/SA_CAO/install/pure_pursuit:/home/y/SA_CAO_Simu/SA_CAO/install/my_balance_pkg:/home/y/SA_CAO_Simu/SA_CAO/install/launch_diablo:/home/y/SA_CAO_Simu/SA_CAO/install/diablo_simulation:/opt/ros/foxy /usr/bin/cmake --build /home/y/SA_CAO_Simu/SA_CAO/build/turtlebot3_cartographer -- -j2 -l2
[0.042s] Invoking command in '/home/y/SA_CAO_Simu/SA_CAO/build/turtlebot3_cartographer': CMAKE_PREFIX_PATH=${CMAKE_PREFIX_PATH}:/home/y/SA_CAO_Simu/SA_CAO/install/turtlebot3_teleop:/home/y/SA_CAO_Simu/SA_CAO/install/turtlebot3_example:/home/y/SA_CAO_Simu/SA_CAO/install/pure_pursuit:/home/y/SA_CAO_Simu/SA_CAO/install/my_balance_pkg:/home/y/SA_CAO_Simu/SA_CAO/install/launch_diablo:/home/y/SA_CAO_Simu/SA_CAO/install/diablo_simulation:/opt/ros/foxy /usr/bin/cmake --install /home/y/SA_CAO_Simu/SA_CAO/build/turtlebot3_cartographer
[0.045s] -- Install configuration: ""
[0.045s] -- Up-to-date: /home/y/SA_CAO_Simu/SA_CAO/install/turtlebot3_cartographer/share/turtlebot3_cartographer/config
[0.046s] -- Up-to-date: /home/y/SA_CAO_Simu/SA_CAO/install/turtlebot3_cartographer/share/turtlebot3_cartographer/config/turtlebot3_lds_2dv1.lua
[0.046s] -- Up-to-date: /home/y/SA_CAO_Simu/SA_CAO/install/turtlebot3_cartographer/share/turtlebot3_cartographer/config/turtlebot3_lds_2d.lua
[0.046s] -- Up-to-date: /home/y/SA_CAO_Simu/SA_CAO/install/turtlebot3_cartographer/share/turtlebot3_cartographer/launch
[0.046s] -- Up-to-date: /home/y/SA_CAO_Simu/SA_CAO/install/turtlebot3_cartographer/share/turtlebot3_cartographer/launch/cartographerV1.launch.py
[0.046s] -- Up-to-date: /home/y/SA_CAO_Simu/SA_CAO/install/turtlebot3_cartographer/share/turtlebot3_cartographer/launch/occupancy_grid.launch.py
[0.046s] -- Up-to-date: /home/y/SA_CAO_Simu/SA_CAO/install/turtlebot3_cartographer/share/turtlebot3_cartographer/launch/cartographer.launch.py
[0.046s] -- Installing: /home/y/SA_CAO_Simu/SA_CAO/install/turtlebot3_cartographer/share/turtlebot3_cartographer/launch/cartographer.launchV1.py
[0.046s] -- Up-to-date: /home/y/SA_CAO_Simu/SA_CAO/install/turtlebot3_cartographer/share/turtlebot3_cartographer/rviz
[0.046s] -- Up-to-date: /home/y/SA_CAO_Simu/SA_CAO/install/turtlebot3_cartographer/share/turtlebot3_cartographer/rviz/tb3_cartographer.rviz
[0.046s] -- Up-to-date: /home/y/SA_CAO_Simu/SA_CAO/install/turtlebot3_cartographer/share/ament_index/resource_index/package_run_dependencies/turtlebot3_cartographer
[0.046s] -- Up-to-date: /home/y/SA_CAO_Simu/SA_CAO/install/turtlebot3_cartographer/share/ament_index/resource_index/parent_prefix_path/turtlebot3_cartographer
[0.046s] -- Up-to-date: /home/y/SA_CAO_Simu/SA_CAO/install/turtlebot3_cartographer/share/turtlebot3_cartographer/environment/ament_prefix_path.sh
[0.046s] -- Up-to-date: /home/y/SA_CAO_Simu/SA_CAO/install/turtlebot3_cartographer/share/turtlebot3_cartographer/environment/ament_prefix_path.dsv
[0.046s] -- Up-to-date: /home/y/SA_CAO_Simu/SA_CAO/install/turtlebot3_cartographer/share/turtlebot3_cartographer/environment/path.sh
[0.046s] -- Up-to-date: /home/y/SA_CAO_Simu/SA_CAO/install/turtlebot3_cartographer/share/turtlebot3_cartographer/environment/path.dsv
[0.046s] -- Up-to-date: /home/y/SA_CAO_Simu/SA_CAO/install/turtlebot3_cartographer/share/turtlebot3_cartographer/local_setup.bash
[0.046s] -- Up-to-date: /home/y/SA_CAO_Simu/SA_CAO/install/turtlebot3_cartographer/share/turtlebot3_cartographer/local_setup.sh
[0.046s] -- Up-to-date: /home/y/SA_CAO_Simu/SA_CAO/install/turtlebot3_cartographer/share/turtlebot3_cartographer/local_setup.zsh
[0.046s] -- Up-to-date: /home/y/SA_CAO_Simu/SA_CAO/install/turtlebot3_cartographer/share/turtlebot3_cartographer/local_setup.dsv
[0.047s] -- Installing: /home/y/SA_CAO_Simu/SA_CAO/install/turtlebot3_cartographer/share/turtlebot3_cartographer/package.dsv
[0.047s] -- Up-to-date: /home/y/SA_CAO_Simu/SA_CAO/install/turtlebot3_cartographer/share/ament_index/resource_index/packages/turtlebot3_cartographer
[0.047s] -- Up-to-date: /home/y/SA_CAO_Simu/SA_CAO/install/turtlebot3_cartographer/share/turtlebot3_cartographer/cmake/turtlebot3_cartographerConfig.cmake
[0.047s] -- Up-to-date: /home/y/SA_CAO_Simu/SA_CAO/install/turtlebot3_cartographer/share/turtlebot3_cartographer/cmake/turtlebot3_cartographerConfig-version.cmake
[0.047s] -- Up-to-date: /home/y/SA_CAO_Simu/SA_CAO/install/turtlebot3_cartographer/share/turtlebot3_cartographer/package.xml
[0.047s] Invoked command in '/home/y/SA_CAO_Simu/SA_CAO/build/turtlebot3_cartographer' returned '0': CMAKE_PREFIX_PATH=${CMAKE_PREFIX_PATH}:/home/y/SA_CAO_Simu/SA_CAO/install/turtlebot3_teleop:/home/y/SA_CAO_Simu/SA_CAO/install/turtlebot3_example:/home/y/SA_CAO_Simu/SA_CAO/install/pure_pursuit:/home/y/SA_CAO_Simu/SA_CAO/install/my_balance_pkg:/home/y/SA_CAO_Simu/SA_CAO/install/launch_diablo:/home/y/SA_CAO_Simu/SA_CAO/install/diablo_simulation:/opt/ros/foxy /usr/bin/cmake --install /home/y/SA_CAO_Simu/SA_CAO/build/turtlebot3_cartographer
