[0.084s] Invoking command in '/home/y/SA_CAO_test_ws/build/turtlebot3_node': CMAKE_PREFIX_PATH=/home/y/SA_CAO_test_ws/install/turtlebot3_msgs:/home/y/SA_CAO_test_ws/install/dynamixel_sdk:/home/y/SA_CAO_test_ws/install/turtlebot3:/home/y/SA_CAO_test_ws/install/turtlebot3_simulations:/home/y/SA_CAO_test_ws/install/turtlebot3_bringup:/home/y/SA_CAO_test_ws/install/turtlebot3_node:/home/y/SA_CAO_test_ws/install/turtlebot3_navigation2:/home/y/SA_CAO_test_ws/install/turtlebot3_fake_node:/home/y/SA_CAO_test_ws/install/turtlebot3_gazebo:/home/y/SA_CAO_test_ws/install/turtlebot3_description:/home/y/SA_CAO_test_ws/install/turtlebot3_cartographer:/home/y/SA_CAO_test_ws/install/sub_diablo2023a:/home/y/SA_CAO_test_ws/install/motion_msgs:/home/y/SA_CAO_test_ws/install/hls_lfcd_lds_driver:/home/y/SA_CAO_test_ws/install/dynamixel_sdk_examples:/home/y/SA_CAO_test_ws/install/dynamixel_sdk_custom_interfaces:/home/y/SA_CAO_test_ws/install/turtlebot3_teleop:/home/y/SA_CAO_test_ws/install/turtlebot3_example:/home/y/SA_CAO_test_ws/install/my_joystick:/home/y/SA_CAO_test_ws/install/launch_diablo:/opt/ros/foxy:/home/y/oradar_ros/install/oradar_lidar LD_LIBRARY_PATH=/home/y/SA_CAO_test_ws/install/turtlebot3_msgs/lib:/home/y/SA_CAO_test_ws/install/dynamixel_sdk/lib:/home/y/SA_CAO_test_ws/install/motion_msgs/lib:/home/y/SA_CAO_test_ws/install/dynamixel_sdk_custom_interfaces/lib:/usr/lib/x86_64-linux-gnu/gazebo-11/plugins:/opt/ros/foxy/opt/yaml_cpp_vendor/lib:/opt/ros/foxy/opt/rviz_ogre_vendor/lib:/opt/ros/foxy/lib/x86_64-linux-gnu:/opt/ros/foxy/lib PYTHONPATH=/home/y/SA_CAO_test_ws/install/turtlebot3_msgs/lib/python3.8/site-packages:/home/y/SA_CAO_test_ws/install/turtlebot3_teleop/lib/python3.8/site-packages:/home/y/SA_CAO_test_ws/install/turtlebot3_example/lib/python3.8/site-packages:/home/y/SA_CAO_test_ws/install/my_joystick/lib/python3.8/site-packages:/home/y/SA_CAO_test_ws/install/motion_msgs/lib/python3.8/site-packages:/home/y/SA_CAO_test_ws/install/launch_diablo/lib/python3.8/site-packages:/home/y/SA_CAO_test_ws/install/dynamixel_sdk_custom_interfaces/lib/python3.8/site-packages:/opt/ros/foxy/lib/python3.8/site-packages /usr/bin/cmake /home/y/SA_CAO_test_ws/src/turtlebot3/turtlebot3/turtlebot3_node -DCMAKE_INSTALL_PREFIX=/home/y/SA_CAO_test_ws/install/turtlebot3_node
[0.175s] -- The C compiler identification is GNU 9.4.0
[0.267s] -- The CXX compiler identification is GNU 9.4.0
[0.273s] -- Check for working C compiler: /usr/bin/cc
[0.431s] -- Check for working C compiler: /usr/bin/cc -- works
[0.432s] -- Detecting C compiler ABI info
[0.518s] -- Detecting C compiler ABI info - done
[0.532s] -- Detecting C compile features
[0.533s] -- Detecting C compile features - done
[0.535s] -- Check for working CXX compiler: /usr/bin/c++
[0.614s] -- Check for working CXX compiler: /usr/bin/c++ -- works
[0.615s] -- Detecting CXX compiler ABI info
[0.691s] -- Detecting CXX compiler ABI info - done
[0.704s] -- Detecting CXX compile features
[0.705s] -- Detecting CXX compile features - done
[0.708s] -- Found ament_cmake: 0.9.12 (/opt/ros/foxy/share/ament_cmake/cmake)
[0.733s] -- Found PythonInterp: /usr/bin/python3 (found suitable version "3.8.10", minimum required is "3") 
[0.734s] -- Using PYTHON_EXECUTABLE: /usr/bin/python3
[1.072s] -- Found dynamixel_sdk: 3.7.40 (/home/y/SA_CAO_test_ws/install/dynamixel_sdk/share/dynamixel_sdk/cmake)
[1.074s] -- Found geometry_msgs: 2.0.5 (/opt/ros/foxy/share/geometry_msgs/cmake)
[1.108s] -- Using all available rosidl_typesupport_c: rosidl_typesupport_fastrtps_c;rosidl_typesupport_introspection_c
[1.115s] -- Found rosidl_adapter: 1.3.1 (/opt/ros/foxy/share/rosidl_adapter/cmake)
[1.191s] -- Found OpenSSL: /usr/lib/x86_64-linux-gnu/libcrypto.so (found version "1.1.1f")  
[1.218s] -- Found FastRTPS: /opt/ros/foxy/include  
[1.292s] -- Using all available rosidl_typesupport_cpp: rosidl_typesupport_fastrtps_cpp;rosidl_typesupport_introspection_cpp
[1.387s] -- Found message_filters: 3.2.7 (/opt/ros/foxy/share/message_filters/cmake)
[1.392s] -- Found nav_msgs: 2.0.5 (/opt/ros/foxy/share/nav_msgs/cmake)
[1.463s] -- Found rclcpp: 2.4.3 (/opt/ros/foxy/share/rclcpp/cmake)
[1.506s] -- Found rmw_implementation_cmake: 1.0.4 (/opt/ros/foxy/share/rmw_implementation_cmake/cmake)
[1.508s] -- Using RMW implementation 'rmw_fastrtps_cpp' as default
[1.509s] -- Looking for pthread.h
[1.580s] -- Looking for pthread.h - found
[1.580s] -- Performing Test CMAKE_HAVE_LIBC_PTHREAD
[1.648s] -- Performing Test CMAKE_HAVE_LIBC_PTHREAD - Failed
[1.649s] -- Looking for pthread_create in pthreads
[1.712s] -- Looking for pthread_create in pthreads - not found
[1.712s] -- Looking for pthread_create in pthread
[1.780s] -- Looking for pthread_create in pthread - found
[1.781s] -- Found Threads: TRUE  
[1.924s] -- Found sensor_msgs: 2.0.5 (/opt/ros/foxy/share/sensor_msgs/cmake)
[2.016s] -- Found std_srvs: 2.0.5 (/opt/ros/foxy/share/std_srvs/cmake)
[2.030s] -- Found tf2: 0.13.14 (/opt/ros/foxy/share/tf2/cmake)
[2.045s] -- Found tf2_ros: 0.13.14 (/opt/ros/foxy/share/tf2_ros/cmake)
[2.464s] -- Found turtlebot3_msgs: 2.2.1 (/home/y/SA_CAO_test_ws/install/turtlebot3_msgs/share/turtlebot3_msgs/cmake)
[2.665s] -- Configuring done
[2.687s] -- Generating done
[2.697s] -- Build files have been written to: /home/y/SA_CAO_test_ws/build/turtlebot3_node
[2.707s] Invoked command in '/home/y/SA_CAO_test_ws/build/turtlebot3_node' returned '0': CMAKE_PREFIX_PATH=/home/y/SA_CAO_test_ws/install/turtlebot3_msgs:/home/y/SA_CAO_test_ws/install/dynamixel_sdk:/home/y/SA_CAO_test_ws/install/turtlebot3:/home/y/SA_CAO_test_ws/install/turtlebot3_simulations:/home/y/SA_CAO_test_ws/install/turtlebot3_bringup:/home/y/SA_CAO_test_ws/install/turtlebot3_node:/home/y/SA_CAO_test_ws/install/turtlebot3_navigation2:/home/y/SA_CAO_test_ws/install/turtlebot3_fake_node:/home/y/SA_CAO_test_ws/install/turtlebot3_gazebo:/home/y/SA_CAO_test_ws/install/turtlebot3_description:/home/y/SA_CAO_test_ws/install/turtlebot3_cartographer:/home/y/SA_CAO_test_ws/install/sub_diablo2023a:/home/y/SA_CAO_test_ws/install/motion_msgs:/home/y/SA_CAO_test_ws/install/hls_lfcd_lds_driver:/home/y/SA_CAO_test_ws/install/dynamixel_sdk_examples:/home/y/SA_CAO_test_ws/install/dynamixel_sdk_custom_interfaces:/home/y/SA_CAO_test_ws/install/turtlebot3_teleop:/home/y/SA_CAO_test_ws/install/turtlebot3_example:/home/y/SA_CAO_test_ws/install/my_joystick:/home/y/SA_CAO_test_ws/install/launch_diablo:/opt/ros/foxy:/home/y/oradar_ros/install/oradar_lidar LD_LIBRARY_PATH=/home/y/SA_CAO_test_ws/install/turtlebot3_msgs/lib:/home/y/SA_CAO_test_ws/install/dynamixel_sdk/lib:/home/y/SA_CAO_test_ws/install/motion_msgs/lib:/home/y/SA_CAO_test_ws/install/dynamixel_sdk_custom_interfaces/lib:/usr/lib/x86_64-linux-gnu/gazebo-11/plugins:/opt/ros/foxy/opt/yaml_cpp_vendor/lib:/opt/ros/foxy/opt/rviz_ogre_vendor/lib:/opt/ros/foxy/lib/x86_64-linux-gnu:/opt/ros/foxy/lib PYTHONPATH=/home/y/SA_CAO_test_ws/install/turtlebot3_msgs/lib/python3.8/site-packages:/home/y/SA_CAO_test_ws/install/turtlebot3_teleop/lib/python3.8/site-packages:/home/y/SA_CAO_test_ws/install/turtlebot3_example/lib/python3.8/site-packages:/home/y/SA_CAO_test_ws/install/my_joystick/lib/python3.8/site-packages:/home/y/SA_CAO_test_ws/install/motion_msgs/lib/python3.8/site-packages:/home/y/SA_CAO_test_ws/install/launch_diablo/lib/python3.8/site-packages:/home/y/SA_CAO_test_ws/install/dynamixel_sdk_custom_interfaces/lib/python3.8/site-packages:/opt/ros/foxy/lib/python3.8/site-packages /usr/bin/cmake /home/y/SA_CAO_test_ws/src/turtlebot3/turtlebot3/turtlebot3_node -DCMAKE_INSTALL_PREFIX=/home/y/SA_CAO_test_ws/install/turtlebot3_node
[2.708s] Invoking command in '/home/y/SA_CAO_test_ws/build/turtlebot3_node': CMAKE_PREFIX_PATH=/home/y/SA_CAO_test_ws/install/turtlebot3_msgs:/home/y/SA_CAO_test_ws/install/dynamixel_sdk:/home/y/SA_CAO_test_ws/install/turtlebot3:/home/y/SA_CAO_test_ws/install/turtlebot3_simulations:/home/y/SA_CAO_test_ws/install/turtlebot3_bringup:/home/y/SA_CAO_test_ws/install/turtlebot3_node:/home/y/SA_CAO_test_ws/install/turtlebot3_navigation2:/home/y/SA_CAO_test_ws/install/turtlebot3_fake_node:/home/y/SA_CAO_test_ws/install/turtlebot3_gazebo:/home/y/SA_CAO_test_ws/install/turtlebot3_description:/home/y/SA_CAO_test_ws/install/turtlebot3_cartographer:/home/y/SA_CAO_test_ws/install/sub_diablo2023a:/home/y/SA_CAO_test_ws/install/motion_msgs:/home/y/SA_CAO_test_ws/install/hls_lfcd_lds_driver:/home/y/SA_CAO_test_ws/install/dynamixel_sdk_examples:/home/y/SA_CAO_test_ws/install/dynamixel_sdk_custom_interfaces:/home/y/SA_CAO_test_ws/install/turtlebot3_teleop:/home/y/SA_CAO_test_ws/install/turtlebot3_example:/home/y/SA_CAO_test_ws/install/my_joystick:/home/y/SA_CAO_test_ws/install/launch_diablo:/opt/ros/foxy:/home/y/oradar_ros/install/oradar_lidar LD_LIBRARY_PATH=/home/y/SA_CAO_test_ws/install/turtlebot3_msgs/lib:/home/y/SA_CAO_test_ws/install/dynamixel_sdk/lib:/home/y/SA_CAO_test_ws/install/motion_msgs/lib:/home/y/SA_CAO_test_ws/install/dynamixel_sdk_custom_interfaces/lib:/usr/lib/x86_64-linux-gnu/gazebo-11/plugins:/opt/ros/foxy/opt/yaml_cpp_vendor/lib:/opt/ros/foxy/opt/rviz_ogre_vendor/lib:/opt/ros/foxy/lib/x86_64-linux-gnu:/opt/ros/foxy/lib PYTHONPATH=/home/y/SA_CAO_test_ws/install/turtlebot3_msgs/lib/python3.8/site-packages:/home/y/SA_CAO_test_ws/install/turtlebot3_teleop/lib/python3.8/site-packages:/home/y/SA_CAO_test_ws/install/turtlebot3_example/lib/python3.8/site-packages:/home/y/SA_CAO_test_ws/install/my_joystick/lib/python3.8/site-packages:/home/y/SA_CAO_test_ws/install/motion_msgs/lib/python3.8/site-packages:/home/y/SA_CAO_test_ws/install/launch_diablo/lib/python3.8/site-packages:/home/y/SA_CAO_test_ws/install/dynamixel_sdk_custom_interfaces/lib/python3.8/site-packages:/opt/ros/foxy/lib/python3.8/site-packages /usr/bin/cmake --build /home/y/SA_CAO_test_ws/build/turtlebot3_node -- -j2 -l2
[2.748s] [35m[1mScanning dependencies of target turtlebot3_node_lib[0m
[2.819s] [  7%] [32mBuilding CXX object CMakeFiles/turtlebot3_node_lib.dir/src/devices/motor_power.cpp.o[0m
[2.826s] [ 14%] [32mBuilding CXX object CMakeFiles/turtlebot3_node_lib.dir/src/devices/sound.cpp.o[0m
[5.469s] [ 21%] [32mBuilding CXX object CMakeFiles/turtlebot3_node_lib.dir/src/devices/reset.cpp.o[0m
[7.265s] [ 28%] [32mBuilding CXX object CMakeFiles/turtlebot3_node_lib.dir/src/diff_drive_controller.cpp.o[0m
[10.599s] [ 35%] [32mBuilding CXX object CMakeFiles/turtlebot3_node_lib.dir/src/dynamixel_sdk_wrapper.cpp.o[0m
[11.166s] [ 42%] [32mBuilding CXX object CMakeFiles/turtlebot3_node_lib.dir/src/odometry.cpp.o[0m
[11.474s] [ 50%] [32mBuilding CXX object CMakeFiles/turtlebot3_node_lib.dir/src/turtlebot3.cpp.o[0m
[23.899s] [ 57%] [32mBuilding CXX object CMakeFiles/turtlebot3_node_lib.dir/src/sensors/battery_state.cpp.o[0m
[26.854s] [ 64%] [32mBuilding CXX object CMakeFiles/turtlebot3_node_lib.dir/src/sensors/imu.cpp.o[0m
[30.051s] [ 71%] [32mBuilding CXX object CMakeFiles/turtlebot3_node_lib.dir/src/sensors/joint_state.cpp.o[0m
[32.711s] [ 78%] [32mBuilding CXX object CMakeFiles/turtlebot3_node_lib.dir/src/sensors/sensor_state.cpp.o[0m
[35.272s] [ 85%] [32m[1mLinking CXX static library libturtlebot3_node_lib.a[0m
[35.544s] [ 85%] Built target turtlebot3_node_lib
[35.556s] [35m[1mScanning dependencies of target turtlebot3_ros[0m
[35.609s] [ 92%] [32mBuilding CXX object CMakeFiles/turtlebot3_ros.dir/src/node_main.cpp.o[0m
[37.883s] [100%] [32m[1mLinking CXX executable turtlebot3_ros[0m
[38.774s] [100%] Built target turtlebot3_ros
[38.784s] Invoked command in '/home/y/SA_CAO_test_ws/build/turtlebot3_node' returned '0': CMAKE_PREFIX_PATH=/home/y/SA_CAO_test_ws/install/turtlebot3_msgs:/home/y/SA_CAO_test_ws/install/dynamixel_sdk:/home/y/SA_CAO_test_ws/install/turtlebot3:/home/y/SA_CAO_test_ws/install/turtlebot3_simulations:/home/y/SA_CAO_test_ws/install/turtlebot3_bringup:/home/y/SA_CAO_test_ws/install/turtlebot3_node:/home/y/SA_CAO_test_ws/install/turtlebot3_navigation2:/home/y/SA_CAO_test_ws/install/turtlebot3_fake_node:/home/y/SA_CAO_test_ws/install/turtlebot3_gazebo:/home/y/SA_CAO_test_ws/install/turtlebot3_description:/home/y/SA_CAO_test_ws/install/turtlebot3_cartographer:/home/y/SA_CAO_test_ws/install/sub_diablo2023a:/home/y/SA_CAO_test_ws/install/motion_msgs:/home/y/SA_CAO_test_ws/install/hls_lfcd_lds_driver:/home/y/SA_CAO_test_ws/install/dynamixel_sdk_examples:/home/y/SA_CAO_test_ws/install/dynamixel_sdk_custom_interfaces:/home/y/SA_CAO_test_ws/install/turtlebot3_teleop:/home/y/SA_CAO_test_ws/install/turtlebot3_example:/home/y/SA_CAO_test_ws/install/my_joystick:/home/y/SA_CAO_test_ws/install/launch_diablo:/opt/ros/foxy:/home/y/oradar_ros/install/oradar_lidar LD_LIBRARY_PATH=/home/y/SA_CAO_test_ws/install/turtlebot3_msgs/lib:/home/y/SA_CAO_test_ws/install/dynamixel_sdk/lib:/home/y/SA_CAO_test_ws/install/motion_msgs/lib:/home/y/SA_CAO_test_ws/install/dynamixel_sdk_custom_interfaces/lib:/usr/lib/x86_64-linux-gnu/gazebo-11/plugins:/opt/ros/foxy/opt/yaml_cpp_vendor/lib:/opt/ros/foxy/opt/rviz_ogre_vendor/lib:/opt/ros/foxy/lib/x86_64-linux-gnu:/opt/ros/foxy/lib PYTHONPATH=/home/y/SA_CAO_test_ws/install/turtlebot3_msgs/lib/python3.8/site-packages:/home/y/SA_CAO_test_ws/install/turtlebot3_teleop/lib/python3.8/site-packages:/home/y/SA_CAO_test_ws/install/turtlebot3_example/lib/python3.8/site-packages:/home/y/SA_CAO_test_ws/install/my_joystick/lib/python3.8/site-packages:/home/y/SA_CAO_test_ws/install/motion_msgs/lib/python3.8/site-packages:/home/y/SA_CAO_test_ws/install/launch_diablo/lib/python3.8/site-packages:/home/y/SA_CAO_test_ws/install/dynamixel_sdk_custom_interfaces/lib/python3.8/site-packages:/opt/ros/foxy/lib/python3.8/site-packages /usr/bin/cmake --build /home/y/SA_CAO_test_ws/build/turtlebot3_node -- -j2 -l2
[38.787s] Invoking command in '/home/y/SA_CAO_test_ws/build/turtlebot3_node': CMAKE_PREFIX_PATH=/home/y/SA_CAO_test_ws/install/turtlebot3_msgs:/home/y/SA_CAO_test_ws/install/dynamixel_sdk:/home/y/SA_CAO_test_ws/install/turtlebot3:/home/y/SA_CAO_test_ws/install/turtlebot3_simulations:/home/y/SA_CAO_test_ws/install/turtlebot3_bringup:/home/y/SA_CAO_test_ws/install/turtlebot3_node:/home/y/SA_CAO_test_ws/install/turtlebot3_navigation2:/home/y/SA_CAO_test_ws/install/turtlebot3_fake_node:/home/y/SA_CAO_test_ws/install/turtlebot3_gazebo:/home/y/SA_CAO_test_ws/install/turtlebot3_description:/home/y/SA_CAO_test_ws/install/turtlebot3_cartographer:/home/y/SA_CAO_test_ws/install/sub_diablo2023a:/home/y/SA_CAO_test_ws/install/motion_msgs:/home/y/SA_CAO_test_ws/install/hls_lfcd_lds_driver:/home/y/SA_CAO_test_ws/install/dynamixel_sdk_examples:/home/y/SA_CAO_test_ws/install/dynamixel_sdk_custom_interfaces:/home/y/SA_CAO_test_ws/install/turtlebot3_teleop:/home/y/SA_CAO_test_ws/install/turtlebot3_example:/home/y/SA_CAO_test_ws/install/my_joystick:/home/y/SA_CAO_test_ws/install/launch_diablo:/opt/ros/foxy:/home/y/oradar_ros/install/oradar_lidar LD_LIBRARY_PATH=/home/y/SA_CAO_test_ws/install/turtlebot3_msgs/lib:/home/y/SA_CAO_test_ws/install/dynamixel_sdk/lib:/home/y/SA_CAO_test_ws/install/motion_msgs/lib:/home/y/SA_CAO_test_ws/install/dynamixel_sdk_custom_interfaces/lib:/usr/lib/x86_64-linux-gnu/gazebo-11/plugins:/opt/ros/foxy/opt/yaml_cpp_vendor/lib:/opt/ros/foxy/opt/rviz_ogre_vendor/lib:/opt/ros/foxy/lib/x86_64-linux-gnu:/opt/ros/foxy/lib PYTHONPATH=/home/y/SA_CAO_test_ws/install/turtlebot3_msgs/lib/python3.8/site-packages:/home/y/SA_CAO_test_ws/install/turtlebot3_teleop/lib/python3.8/site-packages:/home/y/SA_CAO_test_ws/install/turtlebot3_example/lib/python3.8/site-packages:/home/y/SA_CAO_test_ws/install/my_joystick/lib/python3.8/site-packages:/home/y/SA_CAO_test_ws/install/motion_msgs/lib/python3.8/site-packages:/home/y/SA_CAO_test_ws/install/launch_diablo/lib/python3.8/site-packages:/home/y/SA_CAO_test_ws/install/dynamixel_sdk_custom_interfaces/lib/python3.8/site-packages:/opt/ros/foxy/lib/python3.8/site-packages /usr/bin/cmake --install /home/y/SA_CAO_test_ws/build/turtlebot3_node
[38.797s] -- Install configuration: ""
[38.797s] -- Installing: /home/y/SA_CAO_test_ws/install/turtlebot3_node/share/turtlebot3_node/param
[38.797s] -- Installing: /home/y/SA_CAO_test_ws/install/turtlebot3_node/share/turtlebot3_node/param/waffle.yaml
[38.797s] -- Installing: /home/y/SA_CAO_test_ws/install/turtlebot3_node/share/turtlebot3_node/param/burger.yaml
[38.798s] -- Installing: /home/y/SA_CAO_test_ws/install/turtlebot3_node/share/turtlebot3_node/param/waffle_pi.yaml
[38.798s] -- Installing: /home/y/SA_CAO_test_ws/install/turtlebot3_node/lib/turtlebot3_node/turtlebot3_ros
[38.804s] -- Set runtime path of "/home/y/SA_CAO_test_ws/install/turtlebot3_node/lib/turtlebot3_node/turtlebot3_ros" to ""
[38.804s] -- Installing: /home/y/SA_CAO_test_ws/install/turtlebot3_node/share/ament_index/resource_index/package_run_dependencies/turtlebot3_node
[38.805s] -- Installing: /home/y/SA_CAO_test_ws/install/turtlebot3_node/share/ament_index/resource_index/parent_prefix_path/turtlebot3_node
[38.805s] -- Installing: /home/y/SA_CAO_test_ws/install/turtlebot3_node/share/turtlebot3_node/environment/ament_prefix_path.sh
[38.805s] -- Installing: /home/y/SA_CAO_test_ws/install/turtlebot3_node/share/turtlebot3_node/environment/ament_prefix_path.dsv
[38.805s] -- Installing: /home/y/SA_CAO_test_ws/install/turtlebot3_node/share/turtlebot3_node/environment/path.sh
[38.806s] -- Installing: /home/y/SA_CAO_test_ws/install/turtlebot3_node/share/turtlebot3_node/environment/path.dsv
[38.806s] -- Installing: /home/y/SA_CAO_test_ws/install/turtlebot3_node/share/turtlebot3_node/local_setup.bash
[38.806s] -- Installing: /home/y/SA_CAO_test_ws/install/turtlebot3_node/share/turtlebot3_node/local_setup.sh
[38.806s] -- Installing: /home/y/SA_CAO_test_ws/install/turtlebot3_node/share/turtlebot3_node/local_setup.zsh
[38.807s] -- Installing: /home/y/SA_CAO_test_ws/install/turtlebot3_node/share/turtlebot3_node/local_setup.dsv
[38.807s] -- Installing: /home/y/SA_CAO_test_ws/install/turtlebot3_node/share/turtlebot3_node/package.dsv
[38.807s] -- Installing: /home/y/SA_CAO_test_ws/install/turtlebot3_node/share/ament_index/resource_index/packages/turtlebot3_node
[38.807s] -- Installing: /home/y/SA_CAO_test_ws/install/turtlebot3_node/share/turtlebot3_node/cmake/ament_cmake_export_include_directories-extras.cmake
[38.807s] -- Installing: /home/y/SA_CAO_test_ws/install/turtlebot3_node/share/turtlebot3_node/cmake/turtlebot3_nodeConfig.cmake
[38.808s] -- Installing: /home/y/SA_CAO_test_ws/install/turtlebot3_node/share/turtlebot3_node/cmake/turtlebot3_nodeConfig-version.cmake
[38.808s] -- Installing: /home/y/SA_CAO_test_ws/install/turtlebot3_node/share/turtlebot3_node/package.xml
[38.810s] Invoked command in '/home/y/SA_CAO_test_ws/build/turtlebot3_node' returned '0': CMAKE_PREFIX_PATH=/home/y/SA_CAO_test_ws/install/turtlebot3_msgs:/home/y/SA_CAO_test_ws/install/dynamixel_sdk:/home/y/SA_CAO_test_ws/install/turtlebot3:/home/y/SA_CAO_test_ws/install/turtlebot3_simulations:/home/y/SA_CAO_test_ws/install/turtlebot3_bringup:/home/y/SA_CAO_test_ws/install/turtlebot3_node:/home/y/SA_CAO_test_ws/install/turtlebot3_navigation2:/home/y/SA_CAO_test_ws/install/turtlebot3_fake_node:/home/y/SA_CAO_test_ws/install/turtlebot3_gazebo:/home/y/SA_CAO_test_ws/install/turtlebot3_description:/home/y/SA_CAO_test_ws/install/turtlebot3_cartographer:/home/y/SA_CAO_test_ws/install/sub_diablo2023a:/home/y/SA_CAO_test_ws/install/motion_msgs:/home/y/SA_CAO_test_ws/install/hls_lfcd_lds_driver:/home/y/SA_CAO_test_ws/install/dynamixel_sdk_examples:/home/y/SA_CAO_test_ws/install/dynamixel_sdk_custom_interfaces:/home/y/SA_CAO_test_ws/install/turtlebot3_teleop:/home/y/SA_CAO_test_ws/install/turtlebot3_example:/home/y/SA_CAO_test_ws/install/my_joystick:/home/y/SA_CAO_test_ws/install/launch_diablo:/opt/ros/foxy:/home/y/oradar_ros/install/oradar_lidar LD_LIBRARY_PATH=/home/y/SA_CAO_test_ws/install/turtlebot3_msgs/lib:/home/y/SA_CAO_test_ws/install/dynamixel_sdk/lib:/home/y/SA_CAO_test_ws/install/motion_msgs/lib:/home/y/SA_CAO_test_ws/install/dynamixel_sdk_custom_interfaces/lib:/usr/lib/x86_64-linux-gnu/gazebo-11/plugins:/opt/ros/foxy/opt/yaml_cpp_vendor/lib:/opt/ros/foxy/opt/rviz_ogre_vendor/lib:/opt/ros/foxy/lib/x86_64-linux-gnu:/opt/ros/foxy/lib PYTHONPATH=/home/y/SA_CAO_test_ws/install/turtlebot3_msgs/lib/python3.8/site-packages:/home/y/SA_CAO_test_ws/install/turtlebot3_teleop/lib/python3.8/site-packages:/home/y/SA_CAO_test_ws/install/turtlebot3_example/lib/python3.8/site-packages:/home/y/SA_CAO_test_ws/install/my_joystick/lib/python3.8/site-packages:/home/y/SA_CAO_test_ws/install/motion_msgs/lib/python3.8/site-packages:/home/y/SA_CAO_test_ws/install/launch_diablo/lib/python3.8/site-packages:/home/y/SA_CAO_test_ws/install/dynamixel_sdk_custom_interfaces/lib/python3.8/site-packages:/opt/ros/foxy/lib/python3.8/site-packages /usr/bin/cmake --install /home/y/SA_CAO_test_ws/build/turtlebot3_node
