[0.496s] Invoking command in '/home/y/SA_CAO/src/my_xbox_joystick': PYTHONPATH=/home/y/SA_CAO/build/my_xbox_joystick/prefix_override:/usr/lib/python3/dist-packages/colcon_core/task/python/colcon_distutils_commands:/home/y/SA_CAO/install/my_xbox_joystick/lib/python3.8/site-packages:${PYTHONPATH} /usr/bin/python3 -W ignore:setup.py install is deprecated -W ignore:easy_install command is deprecated setup.py egg_info --egg-base ../../build/my_xbox_joystick build --build-base /home/y/SA_CAO/build/my_xbox_joystick/build install --record /home/y/SA_CAO/build/my_xbox_joystick/install.log --install-scripts $base/lib/my_xbox_joystick --single-version-externally-managed install_data
[0.653s] running egg_info
[0.654s] creating ../../build/my_xbox_joystick/my_xbox_joystick.egg-info
[0.654s] writing ../../build/my_xbox_joystick/my_xbox_joystick.egg-info/PKG-INFO
[0.654s] writing dependency_links to ../../build/my_xbox_joystick/my_xbox_joystick.egg-info/dependency_links.txt
[0.655s] writing entry points to ../../build/my_xbox_joystick/my_xbox_joystick.egg-info/entry_points.txt
[0.655s] writing requirements to ../../build/my_xbox_joystick/my_xbox_joystick.egg-info/requires.txt
[0.655s] writing top-level names to ../../build/my_xbox_joystick/my_xbox_joystick.egg-info/top_level.txt
[0.656s] writing manifest file '../../build/my_xbox_joystick/my_xbox_joystick.egg-info/SOURCES.txt'
[0.690s] reading manifest file '../../build/my_xbox_joystick/my_xbox_joystick.egg-info/SOURCES.txt'
[0.690s] writing manifest file '../../build/my_xbox_joystick/my_xbox_joystick.egg-info/SOURCES.txt'
[0.690s] running build
[0.690s] running build_py
[0.690s] creating /home/y/SA_CAO/build/my_xbox_joystick/build
[0.690s] creating /home/y/SA_CAO/build/my_xbox_joystick/build/lib
[0.690s] creating /home/y/SA_CAO/build/my_xbox_joystick/build/lib/my_xbox_joystick
[0.690s] copying my_xbox_joystick/__init__.py -> /home/y/SA_CAO/build/my_xbox_joystick/build/lib/my_xbox_joystick
[0.690s] copying my_xbox_joystick/xbox_joystick_node.py -> /home/y/SA_CAO/build/my_xbox_joystick/build/lib/my_xbox_joystick
[0.690s] running install
[0.690s] running install_lib
[0.690s] creating /home/y/SA_CAO/install/my_xbox_joystick/lib/python3.8/site-packages/my_xbox_joystick
[0.690s] copying /home/y/SA_CAO/build/my_xbox_joystick/build/lib/my_xbox_joystick/__init__.py -> /home/y/SA_CAO/install/my_xbox_joystick/lib/python3.8/site-packages/my_xbox_joystick
[0.690s] copying /home/y/SA_CAO/build/my_xbox_joystick/build/lib/my_xbox_joystick/xbox_joystick_node.py -> /home/y/SA_CAO/install/my_xbox_joystick/lib/python3.8/site-packages/my_xbox_joystick
[0.690s] byte-compiling /home/y/SA_CAO/install/my_xbox_joystick/lib/python3.8/site-packages/my_xbox_joystick/__init__.py to __init__.cpython-38.pyc
[0.691s] byte-compiling /home/y/SA_CAO/install/my_xbox_joystick/lib/python3.8/site-packages/my_xbox_joystick/xbox_joystick_node.py to xbox_joystick_node.cpython-38.pyc
[0.691s] running install_data
[0.691s] creating /home/y/SA_CAO/install/my_xbox_joystick/share/ament_index
[0.691s] creating /home/y/SA_CAO/install/my_xbox_joystick/share/ament_index/resource_index
[0.691s] creating /home/y/SA_CAO/install/my_xbox_joystick/share/ament_index/resource_index/packages
[0.691s] copying resource/my_xbox_joystick -> /home/y/SA_CAO/install/my_xbox_joystick/share/ament_index/resource_index/packages
[0.691s] copying package.xml -> /home/y/SA_CAO/install/my_xbox_joystick/share/my_xbox_joystick
[0.691s] running install_egg_info
[0.691s] Copying ../../build/my_xbox_joystick/my_xbox_joystick.egg-info to /home/y/SA_CAO/install/my_xbox_joystick/lib/python3.8/site-packages/my_xbox_joystick-0.0.0-py3.8.egg-info
[0.691s] running install_scripts
[0.701s] Installing xbox_joystick script to /home/y/SA_CAO/install/my_xbox_joystick/lib/my_xbox_joystick
[0.701s] writing list of installed files to '/home/y/SA_CAO/build/my_xbox_joystick/install.log'
[0.717s] Invoked command in '/home/y/SA_CAO/src/my_xbox_joystick' returned '0': PYTHONPATH=/home/y/SA_CAO/build/my_xbox_joystick/prefix_override:/usr/lib/python3/dist-packages/colcon_core/task/python/colcon_distutils_commands:/home/y/SA_CAO/install/my_xbox_joystick/lib/python3.8/site-packages:${PYTHONPATH} /usr/bin/python3 -W ignore:setup.py install is deprecated -W ignore:easy_install command is deprecated setup.py egg_info --egg-base ../../build/my_xbox_joystick build --build-base /home/y/SA_CAO/build/my_xbox_joystick/build install --record /home/y/SA_CAO/build/my_xbox_joystick/install.log --install-scripts $base/lib/my_xbox_joystick --single-version-externally-managed install_data
