[0.480s] Invoking command in '/home/y/SA_CAO/src/cmd_vel2motionctrl': CMAKE_PREFIX_PATH=/home/y/SA_CAO/install/motion_msgs:/home/y/SA_CAO/install/sub_diablo:/home/y/oradar_ros/install/oradar_lidar PYTHONPATH=/home/y/SA_CAO/build/cmd_vel2motionctrl/prefix_override:/usr/lib/python3/dist-packages/colcon_core/task/python/colcon_distutils_commands:/home/y/SA_CAO/install/cmd_vel2motionctrl/lib/python3.8/site-packages:/home/y/SA_CAO/install/motion_msgs/lib/python3.8/site-packages:/home/y/SA_CAO/install/robot_launch/lib/python3.8/site-packages:/home/y/SA_CAO/install/my_xbox_joystick/lib/python3.8/site-packages:/home/y/SA_CAO/install/cmd_vel2motionctrl/lib/python3.8/site-packages:/home/y/SA_CAO/install/cmd_vel2MotionCtrl/lib/python3.8/site-packages:/opt/ros/foxy/lib/python3.8/site-packages /usr/bin/python3 -W ignore:setup.py install is deprecated -W ignore:easy_install command is deprecated setup.py egg_info --egg-base ../../build/cmd_vel2motionctrl build --build-base /home/y/SA_CAO/build/cmd_vel2motionctrl/build install --record /home/y/SA_CAO/build/cmd_vel2motionctrl/install.log --install-scripts $base/lib/cmd_vel2MotionCtrl --single-version-externally-managed install_data
[0.638s] running egg_info
[0.638s] writing ../../build/cmd_vel2motionctrl/cmd_vel2motionctrl.egg-info/PKG-INFO
[0.639s] writing dependency_links to ../../build/cmd_vel2motionctrl/cmd_vel2motionctrl.egg-info/dependency_links.txt
[0.639s] writing entry points to ../../build/cmd_vel2motionctrl/cmd_vel2motionctrl.egg-info/entry_points.txt
[0.640s] writing requirements to ../../build/cmd_vel2motionctrl/cmd_vel2motionctrl.egg-info/requires.txt
[0.640s] writing top-level names to ../../build/cmd_vel2motionctrl/cmd_vel2motionctrl.egg-info/top_level.txt
[0.667s] reading manifest file '../../build/cmd_vel2motionctrl/cmd_vel2motionctrl.egg-info/SOURCES.txt'
[0.669s] writing manifest file '../../build/cmd_vel2motionctrl/cmd_vel2motionctrl.egg-info/SOURCES.txt'
[0.669s] running build
[0.669s] running build_py
[0.669s] running install
[0.670s] running install_lib
[0.671s] running install_data
[0.671s] running install_egg_info
[0.673s] removing '/home/y/SA_CAO/install/cmd_vel2motionctrl/lib/python3.8/site-packages/cmd_vel2motionctrl-0.0.0-py3.8.egg-info' (and everything under it)
[0.673s] Copying ../../build/cmd_vel2motionctrl/cmd_vel2motionctrl.egg-info to /home/y/SA_CAO/install/cmd_vel2motionctrl/lib/python3.8/site-packages/cmd_vel2motionctrl-0.0.0-py3.8.egg-info
[0.674s] running install_scripts
[0.689s] Installing cmd_vel2motionctrl script to /home/y/SA_CAO/install/cmd_vel2motionctrl/lib/cmd_vel2MotionCtrl
[0.689s] writing list of installed files to '/home/y/SA_CAO/build/cmd_vel2motionctrl/install.log'
[0.708s] Invoked command in '/home/y/SA_CAO/src/cmd_vel2motionctrl' returned '0': CMAKE_PREFIX_PATH=/home/y/SA_CAO/install/motion_msgs:/home/y/SA_CAO/install/sub_diablo:/home/y/oradar_ros/install/oradar_lidar PYTHONPATH=/home/y/SA_CAO/build/cmd_vel2motionctrl/prefix_override:/usr/lib/python3/dist-packages/colcon_core/task/python/colcon_distutils_commands:/home/y/SA_CAO/install/cmd_vel2motionctrl/lib/python3.8/site-packages:/home/y/SA_CAO/install/motion_msgs/lib/python3.8/site-packages:/home/y/SA_CAO/install/robot_launch/lib/python3.8/site-packages:/home/y/SA_CAO/install/my_xbox_joystick/lib/python3.8/site-packages:/home/y/SA_CAO/install/cmd_vel2motionctrl/lib/python3.8/site-packages:/home/y/SA_CAO/install/cmd_vel2MotionCtrl/lib/python3.8/site-packages:/opt/ros/foxy/lib/python3.8/site-packages /usr/bin/python3 -W ignore:setup.py install is deprecated -W ignore:easy_install command is deprecated setup.py egg_info --egg-base ../../build/cmd_vel2motionctrl build --build-base /home/y/SA_CAO/build/cmd_vel2motionctrl/build install --record /home/y/SA_CAO/build/cmd_vel2motionctrl/install.log --install-scripts $base/lib/cmd_vel2MotionCtrl --single-version-externally-managed install_data
