[0.015s] Invoking command in '/home/y/SA_CAO_Simu/SA_CAO/build/dynamixel_sdk': CMAKE_PREFIX_PATH=${CMAKE_PREFIX_PATH}:/home/y/SA_CAO_Simu/SA_CAO/install/turtlebot3_teleop:/home/y/SA_CAO_Simu/SA_CAO/install/turtlebot3_example:/home/y/SA_CAO_Simu/SA_CAO/install/pure_pursuit:/home/y/SA_CAO_Simu/SA_CAO/install/my_balance_pkg:/home/y/SA_CAO_Simu/SA_CAO/install/launch_diablo:/opt/ros/foxy /usr/bin/cmake /home/y/SA_CAO_Simu/SA_CAO/src/utils/DynamixelSDK/dynamixel_sdk -DCMAKE_INSTALL_PREFIX=/home/y/SA_CAO_Simu/SA_CAO/install/dynamixel_sdk
[0.057s] -- The C compiler identification is GNU 9.4.0
[0.081s] -- The CXX compiler identification is GNU 9.4.0
[0.082s] -- Check for working C compiler: /usr/bin/cc
[0.114s] -- Check for working C compiler: /usr/bin/cc -- works
[0.116s] -- Detecting C compiler ABI info
[0.153s] -- Detecting C compiler ABI info - done
[0.153s] -- Detecting C compile features
[0.154s] -- Detecting C compile features - done
[0.155s] -- Check for working CXX compiler: /usr/bin/c++
[0.210s] -- Check for working CXX compiler: /usr/bin/c++ -- works
[0.211s] -- Detecting CXX compiler ABI info
[0.261s] -- Detecting CXX compiler ABI info - done
[0.263s] -- Detecting CXX compile features
[0.264s] -- Detecting CXX compile features - done
[0.265s] -- Found ament_cmake: 0.9.12 (/opt/ros/foxy/share/ament_cmake/cmake)
[0.280s] -- Found PythonInterp: /usr/bin/python3 (found suitable version "3.8.10", minimum required is "3") 
[0.281s] -- Using PYTHON_EXECUTABLE: /usr/bin/python3
[0.375s] -- Configuring done
[0.377s] -- Generating done
[0.377s] -- Build files have been written to: /home/y/SA_CAO_Simu/SA_CAO/build/dynamixel_sdk
[0.380s] Invoked command in '/home/y/SA_CAO_Simu/SA_CAO/build/dynamixel_sdk' returned '0': CMAKE_PREFIX_PATH=${CMAKE_PREFIX_PATH}:/home/y/SA_CAO_Simu/SA_CAO/install/turtlebot3_teleop:/home/y/SA_CAO_Simu/SA_CAO/install/turtlebot3_example:/home/y/SA_CAO_Simu/SA_CAO/install/pure_pursuit:/home/y/SA_CAO_Simu/SA_CAO/install/my_balance_pkg:/home/y/SA_CAO_Simu/SA_CAO/install/launch_diablo:/opt/ros/foxy /usr/bin/cmake /home/y/SA_CAO_Simu/SA_CAO/src/utils/DynamixelSDK/dynamixel_sdk -DCMAKE_INSTALL_PREFIX=/home/y/SA_CAO_Simu/SA_CAO/install/dynamixel_sdk
[0.380s] Invoking command in '/home/y/SA_CAO_Simu/SA_CAO/build/dynamixel_sdk': CMAKE_PREFIX_PATH=${CMAKE_PREFIX_PATH}:/home/y/SA_CAO_Simu/SA_CAO/install/turtlebot3_teleop:/home/y/SA_CAO_Simu/SA_CAO/install/turtlebot3_example:/home/y/SA_CAO_Simu/SA_CAO/install/pure_pursuit:/home/y/SA_CAO_Simu/SA_CAO/install/my_balance_pkg:/home/y/SA_CAO_Simu/SA_CAO/install/launch_diablo:/opt/ros/foxy /usr/bin/cmake --build /home/y/SA_CAO_Simu/SA_CAO/build/dynamixel_sdk -- -j2 -l2
[0.410s] [35m[1mScanning dependencies of target dynamixel_sdk[0m
[0.425s] [ 10%] [32mBuilding CXX object CMakeFiles/dynamixel_sdk.dir/src/dynamixel_sdk/protocol1_packet_handler.cpp.o[0m
[0.426s] [ 20%] [32mBuilding CXX object CMakeFiles/dynamixel_sdk.dir/src/dynamixel_sdk/packet_handler.cpp.o[0m
[0.490s] [ 30%] [32mBuilding CXX object CMakeFiles/dynamixel_sdk.dir/src/dynamixel_sdk/protocol2_packet_handler.cpp.o[0m
[0.490s] [ 40%] [32mBuilding CXX object CMakeFiles/dynamixel_sdk.dir/src/dynamixel_sdk/group_sync_read.cpp.o[0m
[0.663s] [ 50%] [32mBuilding CXX object CMakeFiles/dynamixel_sdk.dir/src/dynamixel_sdk/group_sync_write.cpp.o[0m
[0.743s] [ 60%] [32mBuilding CXX object CMakeFiles/dynamixel_sdk.dir/src/dynamixel_sdk/group_bulk_read.cpp.o[0m
[0.881s] [ 70%] [32mBuilding CXX object CMakeFiles/dynamixel_sdk.dir/src/dynamixel_sdk/group_bulk_write.cpp.o[0m
[1.018s] [ 80%] [32mBuilding CXX object CMakeFiles/dynamixel_sdk.dir/src/dynamixel_sdk/port_handler.cpp.o[0m
[1.034s] [ 90%] [32mBuilding CXX object CMakeFiles/dynamixel_sdk.dir/src/dynamixel_sdk/port_handler_linux.cpp.o[0m
[1.123s] [100%] [32m[1mLinking CXX shared library libdynamixel_sdk.so[0m
[1.177s] [100%] Built target dynamixel_sdk
[1.183s] Invoked command in '/home/y/SA_CAO_Simu/SA_CAO/build/dynamixel_sdk' returned '0': CMAKE_PREFIX_PATH=${CMAKE_PREFIX_PATH}:/home/y/SA_CAO_Simu/SA_CAO/install/turtlebot3_teleop:/home/y/SA_CAO_Simu/SA_CAO/install/turtlebot3_example:/home/y/SA_CAO_Simu/SA_CAO/install/pure_pursuit:/home/y/SA_CAO_Simu/SA_CAO/install/my_balance_pkg:/home/y/SA_CAO_Simu/SA_CAO/install/launch_diablo:/opt/ros/foxy /usr/bin/cmake --build /home/y/SA_CAO_Simu/SA_CAO/build/dynamixel_sdk -- -j2 -l2
[1.188s] Invoking command in '/home/y/SA_CAO_Simu/SA_CAO/build/dynamixel_sdk': CMAKE_PREFIX_PATH=${CMAKE_PREFIX_PATH}:/home/y/SA_CAO_Simu/SA_CAO/install/turtlebot3_teleop:/home/y/SA_CAO_Simu/SA_CAO/install/turtlebot3_example:/home/y/SA_CAO_Simu/SA_CAO/install/pure_pursuit:/home/y/SA_CAO_Simu/SA_CAO/install/my_balance_pkg:/home/y/SA_CAO_Simu/SA_CAO/install/launch_diablo:/opt/ros/foxy /usr/bin/cmake --install /home/y/SA_CAO_Simu/SA_CAO/build/dynamixel_sdk
[1.193s] -- Install configuration: ""
[1.193s] -- Installing: /home/y/SA_CAO_Simu/SA_CAO/install/dynamixel_sdk/include/
[1.193s] -- Installing: /home/y/SA_CAO_Simu/SA_CAO/install/dynamixel_sdk/include//dynamixel_sdk
[1.193s] -- Installing: /home/y/SA_CAO_Simu/SA_CAO/install/dynamixel_sdk/include//dynamixel_sdk/group_bulk_read.h
[1.193s] -- Installing: /home/y/SA_CAO_Simu/SA_CAO/install/dynamixel_sdk/include//dynamixel_sdk/protocol1_packet_handler.h
[1.193s] -- Installing: /home/y/SA_CAO_Simu/SA_CAO/install/dynamixel_sdk/include//dynamixel_sdk/group_bulk_write.h
[1.193s] -- Installing: /home/y/SA_CAO_Simu/SA_CAO/install/dynamixel_sdk/include//dynamixel_sdk/port_handler_linux.h
[1.193s] -- Installing: /home/y/SA_CAO_Simu/SA_CAO/install/dynamixel_sdk/include//dynamixel_sdk/group_sync_read.h
[1.193s] -- Installing: /home/y/SA_CAO_Simu/SA_CAO/install/dynamixel_sdk/include//dynamixel_sdk/dynamixel_sdk.h
[1.193s] -- Installing: /home/y/SA_CAO_Simu/SA_CAO/install/dynamixel_sdk/include//dynamixel_sdk/packet_handler.h
[1.193s] -- Installing: /home/y/SA_CAO_Simu/SA_CAO/install/dynamixel_sdk/include//dynamixel_sdk/port_handler_arduino.h
[1.194s] -- Installing: /home/y/SA_CAO_Simu/SA_CAO/install/dynamixel_sdk/include//dynamixel_sdk/group_sync_write.h
[1.194s] -- Installing: /home/y/SA_CAO_Simu/SA_CAO/install/dynamixel_sdk/include//dynamixel_sdk/port_handler_mac.h
[1.194s] -- Installing: /home/y/SA_CAO_Simu/SA_CAO/install/dynamixel_sdk/include//dynamixel_sdk/protocol2_packet_handler.h
[1.194s] -- Installing: /home/y/SA_CAO_Simu/SA_CAO/install/dynamixel_sdk/include//dynamixel_sdk/port_handler_windows.h
[1.194s] -- Installing: /home/y/SA_CAO_Simu/SA_CAO/install/dynamixel_sdk/include//dynamixel_sdk/port_handler.h
[1.194s] -- Installing: /home/y/SA_CAO_Simu/SA_CAO/install/dynamixel_sdk/lib/libdynamixel_sdk.so
[1.194s] -- Installing: /home/y/SA_CAO_Simu/SA_CAO/install/dynamixel_sdk/share/dynamixel_sdk/environment/library_path.sh
[1.194s] -- Installing: /home/y/SA_CAO_Simu/SA_CAO/install/dynamixel_sdk/share/dynamixel_sdk/environment/library_path.dsv
[1.194s] -- Installing: /home/y/SA_CAO_Simu/SA_CAO/install/dynamixel_sdk/share/ament_index/resource_index/package_run_dependencies/dynamixel_sdk
[1.194s] -- Installing: /home/y/SA_CAO_Simu/SA_CAO/install/dynamixel_sdk/share/ament_index/resource_index/parent_prefix_path/dynamixel_sdk
[1.194s] -- Installing: /home/y/SA_CAO_Simu/SA_CAO/install/dynamixel_sdk/share/dynamixel_sdk/environment/ament_prefix_path.sh
[1.195s] -- Installing: /home/y/SA_CAO_Simu/SA_CAO/install/dynamixel_sdk/share/dynamixel_sdk/environment/ament_prefix_path.dsv
[1.195s] -- Installing: /home/y/SA_CAO_Simu/SA_CAO/install/dynamixel_sdk/share/dynamixel_sdk/environment/path.sh
[1.195s] -- Installing: /home/y/SA_CAO_Simu/SA_CAO/install/dynamixel_sdk/share/dynamixel_sdk/environment/path.dsv
[1.195s] -- Installing: /home/y/SA_CAO_Simu/SA_CAO/install/dynamixel_sdk/share/dynamixel_sdk/local_setup.bash
[1.195s] -- Installing: /home/y/SA_CAO_Simu/SA_CAO/install/dynamixel_sdk/share/dynamixel_sdk/local_setup.sh
[1.195s] -- Installing: /home/y/SA_CAO_Simu/SA_CAO/install/dynamixel_sdk/share/dynamixel_sdk/local_setup.zsh
[1.195s] -- Installing: /home/y/SA_CAO_Simu/SA_CAO/install/dynamixel_sdk/share/dynamixel_sdk/local_setup.dsv
[1.195s] -- Installing: /home/y/SA_CAO_Simu/SA_CAO/install/dynamixel_sdk/share/dynamixel_sdk/package.dsv
[1.195s] -- Installing: /home/y/SA_CAO_Simu/SA_CAO/install/dynamixel_sdk/share/ament_index/resource_index/packages/dynamixel_sdk
[1.195s] -- Installing: /home/y/SA_CAO_Simu/SA_CAO/install/dynamixel_sdk/share/dynamixel_sdk/cmake/ament_cmake_export_include_directories-extras.cmake
[1.195s] -- Installing: /home/y/SA_CAO_Simu/SA_CAO/install/dynamixel_sdk/share/dynamixel_sdk/cmake/ament_cmake_export_libraries-extras.cmake
[1.195s] -- Installing: /home/y/SA_CAO_Simu/SA_CAO/install/dynamixel_sdk/share/dynamixel_sdk/cmake/dynamixel_sdkConfig.cmake
[1.196s] -- Installing: /home/y/SA_CAO_Simu/SA_CAO/install/dynamixel_sdk/share/dynamixel_sdk/cmake/dynamixel_sdkConfig-version.cmake
[1.196s] -- Installing: /home/y/SA_CAO_Simu/SA_CAO/install/dynamixel_sdk/share/dynamixel_sdk/package.xml
[1.201s] Invoked command in '/home/y/SA_CAO_Simu/SA_CAO/build/dynamixel_sdk' returned '0': CMAKE_PREFIX_PATH=${CMAKE_PREFIX_PATH}:/home/y/SA_CAO_Simu/SA_CAO/install/turtlebot3_teleop:/home/y/SA_CAO_Simu/SA_CAO/install/turtlebot3_example:/home/y/SA_CAO_Simu/SA_CAO/install/pure_pursuit:/home/y/SA_CAO_Simu/SA_CAO/install/my_balance_pkg:/home/y/SA_CAO_Simu/SA_CAO/install/launch_diablo:/opt/ros/foxy /usr/bin/cmake --install /home/y/SA_CAO_Simu/SA_CAO/build/dynamixel_sdk
