[0.009s] Invoking command in '/home/y/SA_CAO_Simu/SA_CAO/build/turtlebot3_gazebo': CMAKE_PREFIX_PATH=/home/y/SA_CAO_Simu/SA_CAO/install/turtlebot3_description:/home/y/SA_CAO_Simu/SA_CAO/install/turtlebot3:/home/y/SA_CAO_Simu/SA_CAO/install/turtlebot3_simulations:/home/y/SA_CAO_Simu/SA_CAO/install/turtlebot3_bringup:/home/y/SA_CAO_Simu/SA_CAO/install/turtlebot3_node:/home/y/SA_CAO_Simu/SA_CAO/install/turtlebot3_navigation2:/home/y/SA_CAO_Simu/SA_CAO/install/turtlebot3_fake_node:/home/y/SA_CAO_Simu/SA_CAO/install/turtlebot3_msgs:/home/y/SA_CAO_Simu/SA_CAO/install/turtlebot3_gazebo:/home/y/SA_CAO_Simu/SA_CAO/install/turtlebot3_cartographer:/home/y/SA_CAO_Simu/SA_CAO/install/sub_dwav15:/home/y/SA_CAO_Simu/SA_CAO/install/motion_msgs:/home/y/SA_CAO_Simu/SA_CAO/install/hls_lfcd_lds_driver:/home/y/SA_CAO_Simu/SA_CAO/install/dynamixel_sdk_examples:/home/y/SA_CAO_Simu/SA_CAO/install/dynamixel_sdk_custom_interfaces:/home/y/SA_CAO_Simu/SA_CAO/install/dynamixel_sdk:/home/y/SA_CAO_Simu/SA_CAO/install/turtlebot3_teleop:/home/y/SA_CAO_Simu/SA_CAO/install/turtlebot3_example:/home/y/SA_CAO_Simu/SA_CAO/install/pure_pursuit:/home/y/SA_CAO_Simu/SA_CAO/install/my_balance_pkg:/home/y/SA_CAO_Simu/SA_CAO/install/launch_diablo:/opt/ros/foxy /usr/bin/cmake /home/y/SA_CAO_Simu/SA_CAO/src/turtlebot3/turtlebot3_simulations/turtlebot3_gazebo -DCMAKE_INSTALL_PREFIX=/home/y/SA_CAO_Simu/SA_CAO/install/turtlebot3_gazebo
[0.062s] -- The C compiler identification is GNU 9.4.0
[0.099s] -- The CXX compiler identification is GNU 9.4.0
[0.101s] -- Check for working C compiler: /usr/bin/cc
[0.164s] -- Check for working C compiler: /usr/bin/cc -- works
[0.164s] -- Detecting C compiler ABI info
[0.194s] -- Detecting C compiler ABI info - done
[0.199s] -- Detecting C compile features
[0.199s] -- Detecting C compile features - done
[0.200s] -- Check for working CXX compiler: /usr/bin/c++
[0.244s] -- Check for working CXX compiler: /usr/bin/c++ -- works
[0.244s] -- Detecting CXX compiler ABI info
[0.308s] -- Detecting CXX compiler ABI info - done
[0.311s] -- Detecting CXX compile features
[0.311s] -- Detecting CXX compile features - done
[0.313s] -- Found ament_cmake: 0.9.12 (/opt/ros/foxy/share/ament_cmake/cmake)
[0.325s] -- Found PythonInterp: /usr/bin/python3 (found suitable version "3.8.10", minimum required is "3") 
[0.325s] -- Using PYTHON_EXECUTABLE: /usr/bin/python3
[0.421s] -- Found PkgConfig: /usr/bin/pkg-config (found version "0.29.1") 
[0.421s] -- Checking for module 'bullet>=2.82'
[0.438s] --   Found bullet, version 2.88
[0.523s] -- Found ccd: /usr/include (found suitable version "2.0", minimum required is "2.0") 
[0.562s] -- Found fcl: /usr/include (found suitable version "0.5.0", minimum required is "0.3.2") 
[0.598s] -- Found assimp: /usr/include (found version "5.0.0") 
[0.616s] -- Found DART: /usr/include (Required is at least version "6.6") found components: dart 
[0.807s] -- Found Boost: /usr/lib/aarch64-linux-gnu/cmake/Boost-1.71.0/BoostConfig.cmake (found suitable version "1.71.0", minimum required is "1.40.0") found components: thread system filesystem program_options regex iostreams date_time 
[0.862s] -- Found Protobuf: /usr/lib/aarch64-linux-gnu/libprotobuf.so;-lpthread (found version "3.6.1") 
[0.864s] -- Looking for ignition-math6 -- found version 6.15.1
[0.878s] -- Searching for dependencies of ignition-math6
[0.881s] -- Looking for OGRE...
[0.881s] -- OGRE_PREFIX_WATCH changed.
[0.883s] -- Checking for module 'OGRE'
[0.896s] --   Found OGRE, version 1.9.0
[0.912s] -- Found Ogre Ghadamon (1.9.0)
[0.917s] -- Found OGRE: optimized;/usr/lib/aarch64-linux-gnu/libOgreMain.so;debug;/usr/lib/aarch64-linux-gnu/libOgreMain.so
[0.922s] -- Looking for OGRE_Paging...
[0.925s] -- Found OGRE_Paging: optimized;/usr/lib/aarch64-linux-gnu/libOgrePaging.so;debug;/usr/lib/aarch64-linux-gnu/libOgrePaging.so
[0.925s] -- Looking for OGRE_Terrain...
[0.929s] -- Found OGRE_Terrain: optimized;/usr/lib/aarch64-linux-gnu/libOgreTerrain.so;debug;/usr/lib/aarch64-linux-gnu/libOgreTerrain.so
[0.929s] -- Looking for OGRE_Property...
[0.932s] -- Found OGRE_Property: optimized;/usr/lib/aarch64-linux-gnu/libOgreProperty.so;debug;/usr/lib/aarch64-linux-gnu/libOgreProperty.so
[0.932s] -- Looking for OGRE_RTShaderSystem...
[0.936s] -- Found OGRE_RTShaderSystem: optimized;/usr/lib/aarch64-linux-gnu/libOgreRTShaderSystem.so;debug;/usr/lib/aarch64-linux-gnu/libOgreRTShaderSystem.so
[0.936s] -- Looking for OGRE_Volume...
[0.941s] -- Found OGRE_Volume: optimized;/usr/lib/aarch64-linux-gnu/libOgreVolume.so;debug;/usr/lib/aarch64-linux-gnu/libOgreVolume.so
[0.941s] -- Looking for OGRE_Overlay...
[0.945s] -- Found OGRE_Overlay: optimized;/usr/lib/aarch64-linux-gnu/libOgreOverlay.so;debug;/usr/lib/aarch64-linux-gnu/libOgreOverlay.so
[1.028s] -- Looking for ignition-math6 -- found version 6.15.1
[1.030s] -- Looking for ignition-transport8 -- found version 8.5.0
[1.030s] -- Searching for dependencies of ignition-transport8
[1.049s] -- Config-file not installed for ZeroMQ -- checking for pkg-config
[1.051s] -- Checking for module 'libzmq >= 4'
[1.065s] --   Found libzmq , version 4.3.2
[1.081s] -- Found ZeroMQ: TRUE (Required is at least version "4") 
[1.084s] -- Checking for module 'uuid'
[1.093s] --   Found uuid, version 2.34.0
[1.109s] -- Found UUID: TRUE  
[1.110s] -- Looking for ignition-msgs5 -- found version 5.11.0
[1.110s] -- Searching for dependencies of ignition-msgs5
[1.121s] -- Found Protobuf: /usr/lib/aarch64-linux-gnu/libprotobuf.so;-lpthread (found suitable version "3.6.1", minimum required is "3") 
[1.121s] -- Looking for ignition-math6 -- found version 6.15.1
[1.124s] -- Checking for module 'tinyxml2'
[1.133s] --   Found tinyxml2, version 6.2.0
[1.151s] -- Looking for ignition-msgs5 -- found version 5.11.0
[1.153s] -- Looking for ignition-common3 -- found version 3.17.0
[1.154s] -- Searching for dependencies of ignition-common3
[1.154s] -- Looking for dlfcn.h - found
[1.154s] -- Looking for libdl - found
[1.155s] -- Found DL: TRUE  
[1.166s] -- Searching for <ignition-common3> component [graphics]
[1.169s] -- Looking for ignition-common3-graphics -- found version 3.17.0
[1.169s] -- Searching for dependencies of ignition-common3-graphics
[1.169s] -- Looking for ignition-math6 -- found version 6.15.1
[1.172s] -- Looking for ignition-fuel_tools4 -- found version 4.9.1
[1.172s] -- Searching for dependencies of ignition-fuel_tools4
[1.220s] -- Found CURL: /usr/lib/aarch64-linux-gnu/libcurl.so (found version "7.68.0")  
[1.226s] -- Checking for module 'jsoncpp'
[1.237s] --   Found jsoncpp, version 1.7.4
[1.265s] -- Found JSONCPP: TRUE  
[1.269s] -- Checking for module 'libzip'
[1.294s] --   Found libzip, version 1.5.1
[1.334s] -- Found ZIP: TRUE  
[1.335s] -- Looking for ignition-common3 -- found version 3.17.0
[1.335s] -- Looking for ignition-math6 -- found version 6.15.1
[1.335s] -- Looking for ignition-msgs5 -- found version 5.11.0
[1.337s] -- Found gazebo_ros_pkgs: 3.5.3 (/opt/ros/foxy/share/gazebo_ros_pkgs/cmake)
[1.339s] -- Found geometry_msgs: 2.0.5 (/opt/ros/foxy/share/geometry_msgs/cmake)
[1.359s] -- Using all available rosidl_typesupport_c: rosidl_typesupport_fastrtps_c;rosidl_typesupport_introspection_c
[1.363s] -- Found rosidl_adapter: 1.3.1 (/opt/ros/foxy/share/rosidl_adapter/cmake)
[1.447s] -- Found OpenSSL: /usr/lib/aarch64-linux-gnu/libcrypto.so (found version "1.1.1f")  
[1.461s] -- Found FastRTPS: /opt/ros/foxy/include  
[1.499s] -- Using all available rosidl_typesupport_cpp: rosidl_typesupport_fastrtps_cpp;rosidl_typesupport_introspection_cpp
[1.538s] -- Found nav_msgs: 2.0.5 (/opt/ros/foxy/share/nav_msgs/cmake)
[1.572s] -- Found rclcpp: 2.4.3 (/opt/ros/foxy/share/rclcpp/cmake)
[1.592s] -- Found rmw_implementation_cmake: 1.0.4 (/opt/ros/foxy/share/rmw_implementation_cmake/cmake)
[1.593s] -- Using RMW implementation 'rmw_fastrtps_cpp' as default
[1.594s] -- Found Threads: TRUE  
[1.665s] -- Found sensor_msgs: 2.0.5 (/opt/ros/foxy/share/sensor_msgs/cmake)
[1.709s] -- Found tf2: 0.13.14 (/opt/ros/foxy/share/tf2/cmake)
[1.755s] -- Configuring done
[1.787s] -- Generating done
[1.792s] -- Build files have been written to: /home/y/SA_CAO_Simu/SA_CAO/build/turtlebot3_gazebo
[1.799s] Invoked command in '/home/y/SA_CAO_Simu/SA_CAO/build/turtlebot3_gazebo' returned '0': CMAKE_PREFIX_PATH=/home/y/SA_CAO_Simu/SA_CAO/install/turtlebot3_description:/home/y/SA_CAO_Simu/SA_CAO/install/turtlebot3:/home/y/SA_CAO_Simu/SA_CAO/install/turtlebot3_simulations:/home/y/SA_CAO_Simu/SA_CAO/install/turtlebot3_bringup:/home/y/SA_CAO_Simu/SA_CAO/install/turtlebot3_node:/home/y/SA_CAO_Simu/SA_CAO/install/turtlebot3_navigation2:/home/y/SA_CAO_Simu/SA_CAO/install/turtlebot3_fake_node:/home/y/SA_CAO_Simu/SA_CAO/install/turtlebot3_msgs:/home/y/SA_CAO_Simu/SA_CAO/install/turtlebot3_gazebo:/home/y/SA_CAO_Simu/SA_CAO/install/turtlebot3_cartographer:/home/y/SA_CAO_Simu/SA_CAO/install/sub_dwav15:/home/y/SA_CAO_Simu/SA_CAO/install/motion_msgs:/home/y/SA_CAO_Simu/SA_CAO/install/hls_lfcd_lds_driver:/home/y/SA_CAO_Simu/SA_CAO/install/dynamixel_sdk_examples:/home/y/SA_CAO_Simu/SA_CAO/install/dynamixel_sdk_custom_interfaces:/home/y/SA_CAO_Simu/SA_CAO/install/dynamixel_sdk:/home/y/SA_CAO_Simu/SA_CAO/install/turtlebot3_teleop:/home/y/SA_CAO_Simu/SA_CAO/install/turtlebot3_example:/home/y/SA_CAO_Simu/SA_CAO/install/pure_pursuit:/home/y/SA_CAO_Simu/SA_CAO/install/my_balance_pkg:/home/y/SA_CAO_Simu/SA_CAO/install/launch_diablo:/opt/ros/foxy /usr/bin/cmake /home/y/SA_CAO_Simu/SA_CAO/src/turtlebot3/turtlebot3_simulations/turtlebot3_gazebo -DCMAKE_INSTALL_PREFIX=/home/y/SA_CAO_Simu/SA_CAO/install/turtlebot3_gazebo
[1.799s] Invoking command in '/home/y/SA_CAO_Simu/SA_CAO/build/turtlebot3_gazebo': CMAKE_PREFIX_PATH=/home/y/SA_CAO_Simu/SA_CAO/install/turtlebot3_description:/home/y/SA_CAO_Simu/SA_CAO/install/turtlebot3:/home/y/SA_CAO_Simu/SA_CAO/install/turtlebot3_simulations:/home/y/SA_CAO_Simu/SA_CAO/install/turtlebot3_bringup:/home/y/SA_CAO_Simu/SA_CAO/install/turtlebot3_node:/home/y/SA_CAO_Simu/SA_CAO/install/turtlebot3_navigation2:/home/y/SA_CAO_Simu/SA_CAO/install/turtlebot3_fake_node:/home/y/SA_CAO_Simu/SA_CAO/install/turtlebot3_msgs:/home/y/SA_CAO_Simu/SA_CAO/install/turtlebot3_gazebo:/home/y/SA_CAO_Simu/SA_CAO/install/turtlebot3_cartographer:/home/y/SA_CAO_Simu/SA_CAO/install/sub_dwav15:/home/y/SA_CAO_Simu/SA_CAO/install/motion_msgs:/home/y/SA_CAO_Simu/SA_CAO/install/hls_lfcd_lds_driver:/home/y/SA_CAO_Simu/SA_CAO/install/dynamixel_sdk_examples:/home/y/SA_CAO_Simu/SA_CAO/install/dynamixel_sdk_custom_interfaces:/home/y/SA_CAO_Simu/SA_CAO/install/dynamixel_sdk:/home/y/SA_CAO_Simu/SA_CAO/install/turtlebot3_teleop:/home/y/SA_CAO_Simu/SA_CAO/install/turtlebot3_example:/home/y/SA_CAO_Simu/SA_CAO/install/pure_pursuit:/home/y/SA_CAO_Simu/SA_CAO/install/my_balance_pkg:/home/y/SA_CAO_Simu/SA_CAO/install/launch_diablo:/opt/ros/foxy /usr/bin/cmake --build /home/y/SA_CAO_Simu/SA_CAO/build/turtlebot3_gazebo -- -j2 -l2
[1.831s] [35m[1mScanning dependencies of target obstacles[0m
[1.876s] [ 12%] [32mBuilding CXX object CMakeFiles/obstacles.dir/models/turtlebot3_dqn_world/obstacle_plugin/obstacles.cc.o[0m
[6.067s] [ 25%] [32m[1mLinking CXX shared library libobstacles.so[0m
[6.179s] [ 25%] Built target obstacles
[6.188s] [35m[1mScanning dependencies of target obstacle2[0m
[6.228s] [ 37%] [32mBuilding CXX object CMakeFiles/obstacle2.dir/models/turtlebot3_dqn_world/obstacle_plugin/obstacle2.cc.o[0m
[9.957s] [ 50%] [32m[1mLinking CXX shared library libobstacle2.so[0m
[10.101s] [ 50%] Built target obstacle2
[10.107s] [35m[1mScanning dependencies of target turtlebot3_drive[0m
[10.180s] [ 62%] [32mBuilding CXX object CMakeFiles/turtlebot3_drive.dir/src/turtlebot3_drive.cpp.o[0m
[12.510s] [ 75%] [32m[1mLinking CXX executable turtlebot3_drive[0m
[12.669s] [ 75%] Built target turtlebot3_drive
[12.680s] [35m[1mScanning dependencies of target obstacle1[0m
[12.767s] [ 87%] [32mBuilding CXX object CMakeFiles/obstacle1.dir/models/turtlebot3_dqn_world/obstacle_plugin/obstacle1.cc.o[0m
[16.507s] [100%] [32m[1mLinking CXX shared library libobstacle1.so[0m
[16.634s] [100%] Built target obstacle1
[16.639s] Invoked command in '/home/y/SA_CAO_Simu/SA_CAO/build/turtlebot3_gazebo' returned '0': CMAKE_PREFIX_PATH=/home/y/SA_CAO_Simu/SA_CAO/install/turtlebot3_description:/home/y/SA_CAO_Simu/SA_CAO/install/turtlebot3:/home/y/SA_CAO_Simu/SA_CAO/install/turtlebot3_simulations:/home/y/SA_CAO_Simu/SA_CAO/install/turtlebot3_bringup:/home/y/SA_CAO_Simu/SA_CAO/install/turtlebot3_node:/home/y/SA_CAO_Simu/SA_CAO/install/turtlebot3_navigation2:/home/y/SA_CAO_Simu/SA_CAO/install/turtlebot3_fake_node:/home/y/SA_CAO_Simu/SA_CAO/install/turtlebot3_msgs:/home/y/SA_CAO_Simu/SA_CAO/install/turtlebot3_gazebo:/home/y/SA_CAO_Simu/SA_CAO/install/turtlebot3_cartographer:/home/y/SA_CAO_Simu/SA_CAO/install/sub_dwav15:/home/y/SA_CAO_Simu/SA_CAO/install/motion_msgs:/home/y/SA_CAO_Simu/SA_CAO/install/hls_lfcd_lds_driver:/home/y/SA_CAO_Simu/SA_CAO/install/dynamixel_sdk_examples:/home/y/SA_CAO_Simu/SA_CAO/install/dynamixel_sdk_custom_interfaces:/home/y/SA_CAO_Simu/SA_CAO/install/dynamixel_sdk:/home/y/SA_CAO_Simu/SA_CAO/install/turtlebot3_teleop:/home/y/SA_CAO_Simu/SA_CAO/install/turtlebot3_example:/home/y/SA_CAO_Simu/SA_CAO/install/pure_pursuit:/home/y/SA_CAO_Simu/SA_CAO/install/my_balance_pkg:/home/y/SA_CAO_Simu/SA_CAO/install/launch_diablo:/opt/ros/foxy /usr/bin/cmake --build /home/y/SA_CAO_Simu/SA_CAO/build/turtlebot3_gazebo -- -j2 -l2
[16.640s] Invoking command in '/home/y/SA_CAO_Simu/SA_CAO/build/turtlebot3_gazebo': CMAKE_PREFIX_PATH=/home/y/SA_CAO_Simu/SA_CAO/install/turtlebot3_description:/home/y/SA_CAO_Simu/SA_CAO/install/turtlebot3:/home/y/SA_CAO_Simu/SA_CAO/install/turtlebot3_simulations:/home/y/SA_CAO_Simu/SA_CAO/install/turtlebot3_bringup:/home/y/SA_CAO_Simu/SA_CAO/install/turtlebot3_node:/home/y/SA_CAO_Simu/SA_CAO/install/turtlebot3_navigation2:/home/y/SA_CAO_Simu/SA_CAO/install/turtlebot3_fake_node:/home/y/SA_CAO_Simu/SA_CAO/install/turtlebot3_msgs:/home/y/SA_CAO_Simu/SA_CAO/install/turtlebot3_gazebo:/home/y/SA_CAO_Simu/SA_CAO/install/turtlebot3_cartographer:/home/y/SA_CAO_Simu/SA_CAO/install/sub_dwav15:/home/y/SA_CAO_Simu/SA_CAO/install/motion_msgs:/home/y/SA_CAO_Simu/SA_CAO/install/hls_lfcd_lds_driver:/home/y/SA_CAO_Simu/SA_CAO/install/dynamixel_sdk_examples:/home/y/SA_CAO_Simu/SA_CAO/install/dynamixel_sdk_custom_interfaces:/home/y/SA_CAO_Simu/SA_CAO/install/dynamixel_sdk:/home/y/SA_CAO_Simu/SA_CAO/install/turtlebot3_teleop:/home/y/SA_CAO_Simu/SA_CAO/install/turtlebot3_example:/home/y/SA_CAO_Simu/SA_CAO/install/pure_pursuit:/home/y/SA_CAO_Simu/SA_CAO/install/my_balance_pkg:/home/y/SA_CAO_Simu/SA_CAO/install/launch_diablo:/opt/ros/foxy /usr/bin/cmake --install /home/y/SA_CAO_Simu/SA_CAO/build/turtlebot3_gazebo
[16.645s] -- Install configuration: ""
[16.645s] -- Installing: /home/y/SA_CAO_Simu/SA_CAO/install/turtlebot3_gazebo/lib/turtlebot3_gazebo/turtlebot3_drive
[16.646s] -- Set runtime path of "/home/y/SA_CAO_Simu/SA_CAO/install/turtlebot3_gazebo/lib/turtlebot3_gazebo/turtlebot3_drive" to ""
[16.646s] -- Installing: /home/y/SA_CAO_Simu/SA_CAO/install/turtlebot3_gazebo/share/turtlebot3_gazebo//launch
[16.646s] -- Installing: /home/y/SA_CAO_Simu/SA_CAO/install/turtlebot3_gazebo/share/turtlebot3_gazebo//launch/turtlebot3_dqn_stage1.launch.py
[16.646s] -- Installing: /home/y/SA_CAO_Simu/SA_CAO/install/turtlebot3_gazebo/share/turtlebot3_gazebo//launch/empty_world.launch.py
[16.646s] -- Installing: /home/y/SA_CAO_Simu/SA_CAO/install/turtlebot3_gazebo/share/turtlebot3_gazebo//launch/turtlebot3_dqn_stage3.launch.py
[16.646s] -- Installing: /home/y/SA_CAO_Simu/SA_CAO/install/turtlebot3_gazebo/share/turtlebot3_gazebo//launch/turtlebot3_house.launch.py
[16.646s] -- Installing: /home/y/SA_CAO_Simu/SA_CAO/install/turtlebot3_gazebo/share/turtlebot3_gazebo//launch/turtlebot3_world.launch.py
[16.646s] -- Installing: /home/y/SA_CAO_Simu/SA_CAO/install/turtlebot3_gazebo/share/turtlebot3_gazebo//launch/turtlebot3_dqn_stage4.launch.py
[16.646s] -- Installing: /home/y/SA_CAO_Simu/SA_CAO/install/turtlebot3_gazebo/share/turtlebot3_gazebo//launch/turtlebot3_autorace.launch.py
[16.646s] -- Installing: /home/y/SA_CAO_Simu/SA_CAO/install/turtlebot3_gazebo/share/turtlebot3_gazebo//launch/robot_state_publisher.launch.py
[16.646s] -- Installing: /home/y/SA_CAO_Simu/SA_CAO/install/turtlebot3_gazebo/share/turtlebot3_gazebo//launch/turtlebot3_dqn_stage2.launch.py
[16.646s] -- Installing: /home/y/SA_CAO_Simu/SA_CAO/install/turtlebot3_gazebo/share/turtlebot3_gazebo//models
[16.647s] -- Installing: /home/y/SA_CAO_Simu/SA_CAO/install/turtlebot3_gazebo/share/turtlebot3_gazebo//models/turtlebot3_burger
[16.647s] -- Installing: /home/y/SA_CAO_Simu/SA_CAO/install/turtlebot3_gazebo/share/turtlebot3_gazebo//models/turtlebot3_burger/model.config
[16.647s] -- Installing: /home/y/SA_CAO_Simu/SA_CAO/install/turtlebot3_gazebo/share/turtlebot3_gazebo//models/turtlebot3_burger/model-1_4.sdf
[16.648s] -- Installing: /home/y/SA_CAO_Simu/SA_CAO/install/turtlebot3_gazebo/share/turtlebot3_gazebo//models/turtlebot3_burger/meshes
[16.648s] -- Installing: /home/y/SA_CAO_Simu/SA_CAO/install/turtlebot3_gazebo/share/turtlebot3_gazebo//models/turtlebot3_burger/meshes/tire.dae
[16.649s] -- Installing: /home/y/SA_CAO_Simu/SA_CAO/install/turtlebot3_gazebo/share/turtlebot3_gazebo//models/turtlebot3_burger/meshes/burger_base.dae
[16.649s] -- Installing: /home/y/SA_CAO_Simu/SA_CAO/install/turtlebot3_gazebo/share/turtlebot3_gazebo//models/turtlebot3_burger/meshes/lds.dae
[16.651s] -- Installing: /home/y/SA_CAO_Simu/SA_CAO/install/turtlebot3_gazebo/share/turtlebot3_gazebo//models/turtlebot3_burger/model.sdf
[16.653s] -- Installing: /home/y/SA_CAO_Simu/SA_CAO/install/turtlebot3_gazebo/share/turtlebot3_gazebo//models/turtlebot3_burger_Ultrasonic
[16.654s] -- Installing: /home/y/SA_CAO_Simu/SA_CAO/install/turtlebot3_gazebo/share/turtlebot3_gazebo//models/turtlebot3_burger_Ultrasonic/model.config
[16.654s] -- Installing: /home/y/SA_CAO_Simu/SA_CAO/install/turtlebot3_gazebo/share/turtlebot3_gazebo//models/turtlebot3_burger_Ultrasonic/model-1_4.sdf
[16.654s] -- Installing: /home/y/SA_CAO_Simu/SA_CAO/install/turtlebot3_gazebo/share/turtlebot3_gazebo//models/turtlebot3_burger_Ultrasonic/meshes
[16.654s] -- Installing: /home/y/SA_CAO_Simu/SA_CAO/install/turtlebot3_gazebo/share/turtlebot3_gazebo//models/turtlebot3_burger_Ultrasonic/meshes/tire.dae
[16.655s] -- Installing: /home/y/SA_CAO_Simu/SA_CAO/install/turtlebot3_gazebo/share/turtlebot3_gazebo//models/turtlebot3_burger_Ultrasonic/meshes/burger_base.dae
[16.655s] -- Installing: /home/y/SA_CAO_Simu/SA_CAO/install/turtlebot3_gazebo/share/turtlebot3_gazebo//models/turtlebot3_burger_Ultrasonic/meshes/lds.dae
[16.657s] -- Installing: /home/y/SA_CAO_Simu/SA_CAO/install/turtlebot3_gazebo/share/turtlebot3_gazebo//models/turtlebot3_burger_Ultrasonic/model.sdf
[16.657s] -- Installing: /home/y/SA_CAO_Simu/SA_CAO/install/turtlebot3_gazebo/share/turtlebot3_gazebo//models/turtlebot3_dqn_world
[16.657s] -- Installing: /home/y/SA_CAO_Simu/SA_CAO/install/turtlebot3_gazebo/share/turtlebot3_gazebo//models/turtlebot3_dqn_world/obstacles
[16.657s] -- Installing: /home/y/SA_CAO_Simu/SA_CAO/install/turtlebot3_gazebo/share/turtlebot3_gazebo//models/turtlebot3_dqn_world/obstacles/model.config
[16.657s] -- Installing: /home/y/SA_CAO_Simu/SA_CAO/install/turtlebot3_gazebo/share/turtlebot3_gazebo//models/turtlebot3_dqn_world/obstacles/model.sdf
[16.658s] -- Installing: /home/y/SA_CAO_Simu/SA_CAO/install/turtlebot3_gazebo/share/turtlebot3_gazebo//models/turtlebot3_dqn_world/model.config
[16.658s] -- Installing: /home/y/SA_CAO_Simu/SA_CAO/install/turtlebot3_gazebo/share/turtlebot3_gazebo//models/turtlebot3_dqn_world/obstacle_plugin
[16.658s] -- Installing: /home/y/SA_CAO_Simu/SA_CAO/install/turtlebot3_gazebo/share/turtlebot3_gazebo//models/turtlebot3_dqn_world/obstacle_plugin/obstacle2.cc
[16.658s] -- Installing: /home/y/SA_CAO_Simu/SA_CAO/install/turtlebot3_gazebo/share/turtlebot3_gazebo//models/turtlebot3_dqn_world/obstacle_plugin/CMakeLists.txt
[16.658s] -- Installing: /home/y/SA_CAO_Simu/SA_CAO/install/turtlebot3_gazebo/share/turtlebot3_gazebo//models/turtlebot3_dqn_world/obstacle_plugin/obstacle1.cc
[16.658s] -- Installing: /home/y/SA_CAO_Simu/SA_CAO/install/turtlebot3_gazebo/share/turtlebot3_gazebo//models/turtlebot3_dqn_world/obstacle_plugin/obstacles.cc
[16.658s] -- Installing: /home/y/SA_CAO_Simu/SA_CAO/install/turtlebot3_gazebo/share/turtlebot3_gazebo//models/turtlebot3_dqn_world/inner_walls
[16.658s] -- Installing: /home/y/SA_CAO_Simu/SA_CAO/install/turtlebot3_gazebo/share/turtlebot3_gazebo//models/turtlebot3_dqn_world/inner_walls/model.config
[16.658s] -- Installing: /home/y/SA_CAO_Simu/SA_CAO/install/turtlebot3_gazebo/share/turtlebot3_gazebo//models/turtlebot3_dqn_world/inner_walls/model.sdf
[16.658s] -- Installing: /home/y/SA_CAO_Simu/SA_CAO/install/turtlebot3_gazebo/share/turtlebot3_gazebo//models/turtlebot3_dqn_world/obstacle1
[16.658s] -- Installing: /home/y/SA_CAO_Simu/SA_CAO/install/turtlebot3_gazebo/share/turtlebot3_gazebo//models/turtlebot3_dqn_world/obstacle1/model.config
[16.658s] -- Installing: /home/y/SA_CAO_Simu/SA_CAO/install/turtlebot3_gazebo/share/turtlebot3_gazebo//models/turtlebot3_dqn_world/obstacle1/model.sdf
[16.658s] -- Installing: /home/y/SA_CAO_Simu/SA_CAO/install/turtlebot3_gazebo/share/turtlebot3_gazebo//models/turtlebot3_dqn_world/goal_box
[16.658s] -- Installing: /home/y/SA_CAO_Simu/SA_CAO/install/turtlebot3_gazebo/share/turtlebot3_gazebo//models/turtlebot3_dqn_world/goal_box/model.config
[16.658s] -- Installing: /home/y/SA_CAO_Simu/SA_CAO/install/turtlebot3_gazebo/share/turtlebot3_gazebo//models/turtlebot3_dqn_world/goal_box/model.sdf
[16.658s] -- Installing: /home/y/SA_CAO_Simu/SA_CAO/install/turtlebot3_gazebo/share/turtlebot3_gazebo//models/turtlebot3_dqn_world/obstacle2
[16.659s] -- Installing: /home/y/SA_CAO_Simu/SA_CAO/install/turtlebot3_gazebo/share/turtlebot3_gazebo//models/turtlebot3_dqn_world/obstacle2/model.config
[16.659s] -- Installing: /home/y/SA_CAO_Simu/SA_CAO/install/turtlebot3_gazebo/share/turtlebot3_gazebo//models/turtlebot3_dqn_world/obstacle2/model.sdf
[16.659s] -- Installing: /home/y/SA_CAO_Simu/SA_CAO/install/turtlebot3_gazebo/share/turtlebot3_gazebo//models/turtlebot3_dqn_world/model.sdf
[16.659s] -- Installing: /home/y/SA_CAO_Simu/SA_CAO/install/turtlebot3_gazebo/share/turtlebot3_gazebo//models/turtlebot3_autorace
[16.659s] -- Installing: /home/y/SA_CAO_Simu/SA_CAO/install/turtlebot3_gazebo/share/turtlebot3_gazebo//models/turtlebot3_autorace/traffic_parking
[16.659s] -- Installing: /home/y/SA_CAO_Simu/SA_CAO/install/turtlebot3_gazebo/share/turtlebot3_gazebo//models/turtlebot3_autorace/traffic_parking/model.config
[16.659s] -- Installing: /home/y/SA_CAO_Simu/SA_CAO/install/turtlebot3_gazebo/share/turtlebot3_gazebo//models/turtlebot3_autorace/traffic_parking/materials
[16.659s] -- Installing: /home/y/SA_CAO_Simu/SA_CAO/install/turtlebot3_gazebo/share/turtlebot3_gazebo//models/turtlebot3_autorace/traffic_parking/materials/scripts
[16.659s] -- Installing: /home/y/SA_CAO_Simu/SA_CAO/install/turtlebot3_gazebo/share/turtlebot3_gazebo//models/turtlebot3_autorace/traffic_parking/materials/scripts/traffic_parking.material
[16.659s] -- Installing: /home/y/SA_CAO_Simu/SA_CAO/install/turtlebot3_gazebo/share/turtlebot3_gazebo//models/turtlebot3_autorace/traffic_parking/materials/textures
[16.659s] -- Installing: /home/y/SA_CAO_Simu/SA_CAO/install/turtlebot3_gazebo/share/turtlebot3_gazebo//models/turtlebot3_autorace/traffic_parking/materials/textures/traffic_parking.png
[16.660s] -- Installing: /home/y/SA_CAO_Simu/SA_CAO/install/turtlebot3_gazebo/share/turtlebot3_gazebo//models/turtlebot3_autorace/traffic_parking/model.sdf
[16.660s] -- Installing: /home/y/SA_CAO_Simu/SA_CAO/install/turtlebot3_gazebo/share/turtlebot3_gazebo//models/turtlebot3_autorace/ground
[16.660s] -- Installing: /home/y/SA_CAO_Simu/SA_CAO/install/turtlebot3_gazebo/share/turtlebot3_gazebo//models/turtlebot3_autorace/ground/model.config
[16.660s] -- Installing: /home/y/SA_CAO_Simu/SA_CAO/install/turtlebot3_gazebo/share/turtlebot3_gazebo//models/turtlebot3_autorace/ground/model.sdf
[16.660s] -- Installing: /home/y/SA_CAO_Simu/SA_CAO/install/turtlebot3_gazebo/share/turtlebot3_gazebo//models/turtlebot3_autorace/tunnel_wall
[16.660s] -- Installing: /home/y/SA_CAO_Simu/SA_CAO/install/turtlebot3_gazebo/share/turtlebot3_gazebo//models/turtlebot3_autorace/tunnel_wall/model.config
[16.660s] -- Installing: /home/y/SA_CAO_Simu/SA_CAO/install/turtlebot3_gazebo/share/turtlebot3_gazebo//models/turtlebot3_autorace/tunnel_wall/model.sdf
[16.660s] -- Installing: /home/y/SA_CAO_Simu/SA_CAO/install/turtlebot3_gazebo/share/turtlebot3_gazebo//models/turtlebot3_autorace/model.config
[16.660s] -- Installing: /home/y/SA_CAO_Simu/SA_CAO/install/turtlebot3_gazebo/share/turtlebot3_gazebo//models/turtlebot3_autorace/course
[16.661s] -- Installing: /home/y/SA_CAO_Simu/SA_CAO/install/turtlebot3_gazebo/share/turtlebot3_gazebo//models/turtlebot3_autorace/course/model.config
[16.661s] -- Installing: /home/y/SA_CAO_Simu/SA_CAO/install/turtlebot3_gazebo/share/turtlebot3_gazebo//models/turtlebot3_autorace/course/materials
[16.661s] -- Installing: /home/y/SA_CAO_Simu/SA_CAO/install/turtlebot3_gazebo/share/turtlebot3_gazebo//models/turtlebot3_autorace/course/materials/scripts
[16.661s] -- Installing: /home/y/SA_CAO_Simu/SA_CAO/install/turtlebot3_gazebo/share/turtlebot3_gazebo//models/turtlebot3_autorace/course/materials/scripts/course.material
[16.661s] -- Installing: /home/y/SA_CAO_Simu/SA_CAO/install/turtlebot3_gazebo/share/turtlebot3_gazebo//models/turtlebot3_autorace/course/materials/textures
[16.661s] -- Installing: /home/y/SA_CAO_Simu/SA_CAO/install/turtlebot3_gazebo/share/turtlebot3_gazebo//models/turtlebot3_autorace/course/materials/textures/course.png
[16.662s] -- Installing: /home/y/SA_CAO_Simu/SA_CAO/install/turtlebot3_gazebo/share/turtlebot3_gazebo//models/turtlebot3_autorace/course/model.sdf
[16.662s] -- Installing: /home/y/SA_CAO_Simu/SA_CAO/install/turtlebot3_gazebo/share/turtlebot3_gazebo//models/turtlebot3_autorace/traffic_bar_down
[16.662s] -- Installing: /home/y/SA_CAO_Simu/SA_CAO/install/turtlebot3_gazebo/share/turtlebot3_gazebo//models/turtlebot3_autorace/traffic_bar_down/model.config
[16.662s] -- Installing: /home/y/SA_CAO_Simu/SA_CAO/install/turtlebot3_gazebo/share/turtlebot3_gazebo//models/turtlebot3_autorace/traffic_bar_down/materials
[16.662s] -- Installing: /home/y/SA_CAO_Simu/SA_CAO/install/turtlebot3_gazebo/share/turtlebot3_gazebo//models/turtlebot3_autorace/traffic_bar_down/materials/scripts
[16.662s] -- Installing: /home/y/SA_CAO_Simu/SA_CAO/install/turtlebot3_gazebo/share/turtlebot3_gazebo//models/turtlebot3_autorace/traffic_bar_down/materials/scripts/traffic_bar.material
[16.662s] -- Installing: /home/y/SA_CAO_Simu/SA_CAO/install/turtlebot3_gazebo/share/turtlebot3_gazebo//models/turtlebot3_autorace/traffic_bar_down/materials/textures
[16.662s] -- Installing: /home/y/SA_CAO_Simu/SA_CAO/install/turtlebot3_gazebo/share/turtlebot3_gazebo//models/turtlebot3_autorace/traffic_bar_down/materials/textures/traffic_bar.png
[16.662s] -- Installing: /home/y/SA_CAO_Simu/SA_CAO/install/turtlebot3_gazebo/share/turtlebot3_gazebo//models/turtlebot3_autorace/traffic_bar_down/model.sdf
[16.662s] -- Installing: /home/y/SA_CAO_Simu/SA_CAO/install/turtlebot3_gazebo/share/turtlebot3_gazebo//models/turtlebot3_autorace/traffic_bar_up
[16.662s] -- Installing: /home/y/SA_CAO_Simu/SA_CAO/install/turtlebot3_gazebo/share/turtlebot3_gazebo//models/turtlebot3_autorace/traffic_bar_up/model.config
[16.663s] -- Installing: /home/y/SA_CAO_Simu/SA_CAO/install/turtlebot3_gazebo/share/turtlebot3_gazebo//models/turtlebot3_autorace/traffic_bar_up/materials
[16.663s] -- Installing: /home/y/SA_CAO_Simu/SA_CAO/install/turtlebot3_gazebo/share/turtlebot3_gazebo//models/turtlebot3_autorace/traffic_bar_up/materials/scripts
[16.663s] -- Installing: /home/y/SA_CAO_Simu/SA_CAO/install/turtlebot3_gazebo/share/turtlebot3_gazebo//models/turtlebot3_autorace/traffic_bar_up/materials/scripts/traffic_bar.material
[16.663s] -- Installing: /home/y/SA_CAO_Simu/SA_CAO/install/turtlebot3_gazebo/share/turtlebot3_gazebo//models/turtlebot3_autorace/traffic_bar_up/materials/textures
[16.663s] -- Installing: /home/y/SA_CAO_Simu/SA_CAO/install/turtlebot3_gazebo/share/turtlebot3_gazebo//models/turtlebot3_autorace/traffic_bar_up/materials/textures/traffic_bar.png
[16.663s] -- Installing: /home/y/SA_CAO_Simu/SA_CAO/install/turtlebot3_gazebo/share/turtlebot3_gazebo//models/turtlebot3_autorace/traffic_bar_up/model.sdf
[16.664s] -- Installing: /home/y/SA_CAO_Simu/SA_CAO/install/turtlebot3_gazebo/share/turtlebot3_gazebo//models/turtlebot3_autorace/tunnel_obstacles
[16.664s] -- Installing: /home/y/SA_CAO_Simu/SA_CAO/install/turtlebot3_gazebo/share/turtlebot3_gazebo//models/turtlebot3_autorace/tunnel_obstacles/model.config
[16.664s] -- Installing: /home/y/SA_CAO_Simu/SA_CAO/install/turtlebot3_gazebo/share/turtlebot3_gazebo//models/turtlebot3_autorace/tunnel_obstacles/model.sdf
[16.664s] -- Installing: /home/y/SA_CAO_Simu/SA_CAO/install/turtlebot3_gazebo/share/turtlebot3_gazebo//models/turtlebot3_autorace/traffic_stop
[16.664s] -- Installing: /home/y/SA_CAO_Simu/SA_CAO/install/turtlebot3_gazebo/share/turtlebot3_gazebo//models/turtlebot3_autorace/traffic_stop/model.config
[16.664s] -- Installing: /home/y/SA_CAO_Simu/SA_CAO/install/turtlebot3_gazebo/share/turtlebot3_gazebo//models/turtlebot3_autorace/traffic_stop/materials
[16.664s] -- Installing: /home/y/SA_CAO_Simu/SA_CAO/install/turtlebot3_gazebo/share/turtlebot3_gazebo//models/turtlebot3_autorace/traffic_stop/materials/scripts
[16.664s] -- Installing: /home/y/SA_CAO_Simu/SA_CAO/install/turtlebot3_gazebo/share/turtlebot3_gazebo//models/turtlebot3_autorace/traffic_stop/materials/scripts/traffic_stop.material
[16.664s] -- Installing: /home/y/SA_CAO_Simu/SA_CAO/install/turtlebot3_gazebo/share/turtlebot3_gazebo//models/turtlebot3_autorace/traffic_stop/materials/textures
[16.664s] -- Installing: /home/y/SA_CAO_Simu/SA_CAO/install/turtlebot3_gazebo/share/turtlebot3_gazebo//models/turtlebot3_autorace/traffic_stop/materials/textures/traffic_stop.png
[16.664s] -- Installing: /home/y/SA_CAO_Simu/SA_CAO/install/turtlebot3_gazebo/share/turtlebot3_gazebo//models/turtlebot3_autorace/traffic_stop/model.sdf
[16.665s] -- Installing: /home/y/SA_CAO_Simu/SA_CAO/install/turtlebot3_gazebo/share/turtlebot3_gazebo//models/turtlebot3_autorace/traffic_light_yellow
[16.665s] -- Installing: /home/y/SA_CAO_Simu/SA_CAO/install/turtlebot3_gazebo/share/turtlebot3_gazebo//models/turtlebot3_autorace/traffic_light_yellow/model.config
[16.665s] -- Installing: /home/y/SA_CAO_Simu/SA_CAO/install/turtlebot3_gazebo/share/turtlebot3_gazebo//models/turtlebot3_autorace/traffic_light_yellow/model.sdf
[16.665s] -- Installing: /home/y/SA_CAO_Simu/SA_CAO/install/turtlebot3_gazebo/share/turtlebot3_gazebo//models/turtlebot3_autorace/traffic_light_green
[16.665s] -- Installing: /home/y/SA_CAO_Simu/SA_CAO/install/turtlebot3_gazebo/share/turtlebot3_gazebo//models/turtlebot3_autorace/traffic_light_green/model.config
[16.665s] -- Installing: /home/y/SA_CAO_Simu/SA_CAO/install/turtlebot3_gazebo/share/turtlebot3_gazebo//models/turtlebot3_autorace/traffic_light_green/model.sdf
[16.665s] -- Installing: /home/y/SA_CAO_Simu/SA_CAO/install/turtlebot3_gazebo/share/turtlebot3_gazebo//models/turtlebot3_autorace/traffic_light_red
[16.665s] -- Installing: /home/y/SA_CAO_Simu/SA_CAO/install/turtlebot3_gazebo/share/turtlebot3_gazebo//models/turtlebot3_autorace/traffic_light_red/model.config
[16.665s] -- Installing: /home/y/SA_CAO_Simu/SA_CAO/install/turtlebot3_gazebo/share/turtlebot3_gazebo//models/turtlebot3_autorace/traffic_light_red/model.sdf
[16.665s] -- Installing: /home/y/SA_CAO_Simu/SA_CAO/install/turtlebot3_gazebo/share/turtlebot3_gazebo//models/turtlebot3_autorace/traffic_tunnel
[16.665s] -- Installing: /home/y/SA_CAO_Simu/SA_CAO/install/turtlebot3_gazebo/share/turtlebot3_gazebo//models/turtlebot3_autorace/traffic_tunnel/model.config
[16.665s] -- Installing: /home/y/SA_CAO_Simu/SA_CAO/install/turtlebot3_gazebo/share/turtlebot3_gazebo//models/turtlebot3_autorace/traffic_tunnel/materials
[16.665s] -- Installing: /home/y/SA_CAO_Simu/SA_CAO/install/turtlebot3_gazebo/share/turtlebot3_gazebo//models/turtlebot3_autorace/traffic_tunnel/materials/scripts
[16.665s] -- Installing: /home/y/SA_CAO_Simu/SA_CAO/install/turtlebot3_gazebo/share/turtlebot3_gazebo//models/turtlebot3_autorace/traffic_tunnel/materials/scripts/tunnel.material
[16.665s] -- Installing: /home/y/SA_CAO_Simu/SA_CAO/install/turtlebot3_gazebo/share/turtlebot3_gazebo//models/turtlebot3_autorace/traffic_tunnel/materials/textures
[16.665s] -- Installing: /home/y/SA_CAO_Simu/SA_CAO/install/turtlebot3_gazebo/share/turtlebot3_gazebo//models/turtlebot3_autorace/traffic_tunnel/materials/textures/tunnel.png
[16.666s] -- Installing: /home/y/SA_CAO_Simu/SA_CAO/install/turtlebot3_gazebo/share/turtlebot3_gazebo//models/turtlebot3_autorace/traffic_tunnel/model.sdf
[16.666s] -- Installing: /home/y/SA_CAO_Simu/SA_CAO/install/turtlebot3_gazebo/share/turtlebot3_gazebo//models/turtlebot3_autorace/lights
[16.666s] -- Installing: /home/y/SA_CAO_Simu/SA_CAO/install/turtlebot3_gazebo/share/turtlebot3_gazebo//models/turtlebot3_autorace/lights/model.config
[16.666s] -- Installing: /home/y/SA_CAO_Simu/SA_CAO/install/turtlebot3_gazebo/share/turtlebot3_gazebo//models/turtlebot3_autorace/lights/model.sdf
[16.666s] -- Installing: /home/y/SA_CAO_Simu/SA_CAO/install/turtlebot3_gazebo/share/turtlebot3_gazebo//models/turtlebot3_house
[16.666s] -- Installing: /home/y/SA_CAO_Simu/SA_CAO/install/turtlebot3_gazebo/share/turtlebot3_gazebo//models/turtlebot3_house/model.config
[16.666s] -- Installing: /home/y/SA_CAO_Simu/SA_CAO/install/turtlebot3_gazebo/share/turtlebot3_gazebo//models/turtlebot3_house/model.sdf
[16.667s] -- Installing: /home/y/SA_CAO_Simu/SA_CAO/install/turtlebot3_gazebo/share/turtlebot3_gazebo//models/turtlebot3_diablo
[16.668s] -- Installing: /home/y/SA_CAO_Simu/SA_CAO/install/turtlebot3_gazebo/share/turtlebot3_gazebo//models/turtlebot3_diablo/model.config
[16.668s] -- Installing: /home/y/SA_CAO_Simu/SA_CAO/install/turtlebot3_gazebo/share/turtlebot3_gazebo//models/turtlebot3_diablo/model-1_4.sdf
[16.668s] -- Installing: /home/y/SA_CAO_Simu/SA_CAO/install/turtlebot3_gazebo/share/turtlebot3_gazebo//models/turtlebot3_diablo/meshes
[16.668s] -- Installing: /home/y/SA_CAO_Simu/SA_CAO/install/turtlebot3_gazebo/share/turtlebot3_gazebo//models/turtlebot3_diablo/meshes/tire.dae
[16.669s] -- Installing: /home/y/SA_CAO_Simu/SA_CAO/install/turtlebot3_gazebo/share/turtlebot3_gazebo//models/turtlebot3_diablo/meshes/burger_base.dae
[16.669s] -- Installing: /home/y/SA_CAO_Simu/SA_CAO/install/turtlebot3_gazebo/share/turtlebot3_gazebo//models/turtlebot3_diablo/meshes/lds.dae
[16.670s] -- Installing: /home/y/SA_CAO_Simu/SA_CAO/install/turtlebot3_gazebo/share/turtlebot3_gazebo//models/turtlebot3_diablo/model.sdf
[16.671s] -- Installing: /home/y/SA_CAO_Simu/SA_CAO/install/turtlebot3_gazebo/share/turtlebot3_gazebo//models/turtlebot3_waffle_pi
[16.671s] -- Installing: /home/y/SA_CAO_Simu/SA_CAO/install/turtlebot3_gazebo/share/turtlebot3_gazebo//models/turtlebot3_waffle_pi/model.config
[16.671s] -- Installing: /home/y/SA_CAO_Simu/SA_CAO/install/turtlebot3_gazebo/share/turtlebot3_gazebo//models/turtlebot3_waffle_pi/model-1_4_.sdf
[16.671s] -- Installing: /home/y/SA_CAO_Simu/SA_CAO/install/turtlebot3_gazebo/share/turtlebot3_gazebo//models/turtlebot3_waffle_pi/meshes
[16.672s] -- Installing: /home/y/SA_CAO_Simu/SA_CAO/install/turtlebot3_gazebo/share/turtlebot3_gazebo//models/turtlebot3_waffle_pi/meshes/tire.dae
[16.672s] -- Installing: /home/y/SA_CAO_Simu/SA_CAO/install/turtlebot3_gazebo/share/turtlebot3_gazebo//models/turtlebot3_waffle_pi/meshes/waffle_pi_base.dae
[16.672s] -- Installing: /home/y/SA_CAO_Simu/SA_CAO/install/turtlebot3_gazebo/share/turtlebot3_gazebo//models/turtlebot3_waffle_pi/meshes/lds.dae
[16.673s] -- Installing: /home/y/SA_CAO_Simu/SA_CAO/install/turtlebot3_gazebo/share/turtlebot3_gazebo//models/turtlebot3_waffle_pi/model.sdf
[16.673s] -- Installing: /home/y/SA_CAO_Simu/SA_CAO/install/turtlebot3_gazebo/share/turtlebot3_gazebo//models/turtlebot3_world
[16.673s] -- Installing: /home/y/SA_CAO_Simu/SA_CAO/install/turtlebot3_gazebo/share/turtlebot3_gazebo//models/turtlebot3_world/model.config
[16.673s] -- Installing: /home/y/SA_CAO_Simu/SA_CAO/install/turtlebot3_gazebo/share/turtlebot3_gazebo//models/turtlebot3_world/model-1_4.sdf
[16.673s] -- Installing: /home/y/SA_CAO_Simu/SA_CAO/install/turtlebot3_gazebo/share/turtlebot3_gazebo//models/turtlebot3_world/meshes
[16.673s] -- Installing: /home/y/SA_CAO_Simu/SA_CAO/install/turtlebot3_gazebo/share/turtlebot3_gazebo//models/turtlebot3_world/meshes/wall.dae
[16.673s] -- Installing: /home/y/SA_CAO_Simu/SA_CAO/install/turtlebot3_gazebo/share/turtlebot3_gazebo//models/turtlebot3_world/meshes/hexagon.dae
[16.673s] -- Installing: /home/y/SA_CAO_Simu/SA_CAO/install/turtlebot3_gazebo/share/turtlebot3_gazebo//models/turtlebot3_world/model.sdf
[16.674s] -- Installing: /home/y/SA_CAO_Simu/SA_CAO/install/turtlebot3_gazebo/share/turtlebot3_gazebo//models/turtlebot3_waffle
[16.674s] -- Installing: /home/y/SA_CAO_Simu/SA_CAO/install/turtlebot3_gazebo/share/turtlebot3_gazebo//models/turtlebot3_waffle/model.config
[16.674s] -- Installing: /home/y/SA_CAO_Simu/SA_CAO/install/turtlebot3_gazebo/share/turtlebot3_gazebo//models/turtlebot3_waffle/model-1_4.sdf
[16.674s] -- Installing: /home/y/SA_CAO_Simu/SA_CAO/install/turtlebot3_gazebo/share/turtlebot3_gazebo//models/turtlebot3_waffle/meshes
[16.674s] -- Installing: /home/y/SA_CAO_Simu/SA_CAO/install/turtlebot3_gazebo/share/turtlebot3_gazebo//models/turtlebot3_waffle/meshes/r200.dae
[16.674s] -- Installing: /home/y/SA_CAO_Simu/SA_CAO/install/turtlebot3_gazebo/share/turtlebot3_gazebo//models/turtlebot3_waffle/meshes/tire.dae
[16.674s] -- Installing: /home/y/SA_CAO_Simu/SA_CAO/install/turtlebot3_gazebo/share/turtlebot3_gazebo//models/turtlebot3_waffle/meshes/waffle_base.dae
[16.674s] -- Installing: /home/y/SA_CAO_Simu/SA_CAO/install/turtlebot3_gazebo/share/turtlebot3_gazebo//models/turtlebot3_waffle/meshes/lds.dae
[16.675s] -- Installing: /home/y/SA_CAO_Simu/SA_CAO/install/turtlebot3_gazebo/share/turtlebot3_gazebo//models/turtlebot3_waffle/model.sdf
[16.675s] -- Installing: /home/y/SA_CAO_Simu/SA_CAO/install/turtlebot3_gazebo/share/turtlebot3_gazebo//models/turtlebot3_burger_original
[16.675s] -- Installing: /home/y/SA_CAO_Simu/SA_CAO/install/turtlebot3_gazebo/share/turtlebot3_gazebo//models/turtlebot3_burger_original/model.config
[16.675s] -- Installing: /home/y/SA_CAO_Simu/SA_CAO/install/turtlebot3_gazebo/share/turtlebot3_gazebo//models/turtlebot3_burger_original/model-1_4.sdf
[16.676s] -- Installing: /home/y/SA_CAO_Simu/SA_CAO/install/turtlebot3_gazebo/share/turtlebot3_gazebo//models/turtlebot3_burger_original/meshes
[16.676s] -- Installing: /home/y/SA_CAO_Simu/SA_CAO/install/turtlebot3_gazebo/share/turtlebot3_gazebo//models/turtlebot3_burger_original/meshes/tire.dae
[16.676s] -- Installing: /home/y/SA_CAO_Simu/SA_CAO/install/turtlebot3_gazebo/share/turtlebot3_gazebo//models/turtlebot3_burger_original/meshes/burger_base.dae
[16.676s] -- Installing: /home/y/SA_CAO_Simu/SA_CAO/install/turtlebot3_gazebo/share/turtlebot3_gazebo//models/turtlebot3_burger_original/meshes/lds.dae
[16.677s] -- Installing: /home/y/SA_CAO_Simu/SA_CAO/install/turtlebot3_gazebo/share/turtlebot3_gazebo//models/turtlebot3_burger_original/model.sdf
[16.677s] -- Installing: /home/y/SA_CAO_Simu/SA_CAO/install/turtlebot3_gazebo/share/turtlebot3_gazebo//rviz
[16.677s] -- Installing: /home/y/SA_CAO_Simu/SA_CAO/install/turtlebot3_gazebo/share/turtlebot3_gazebo//rviz/tb3_gazebo.rviz
[16.677s] -- Installing: /home/y/SA_CAO_Simu/SA_CAO/install/turtlebot3_gazebo/share/turtlebot3_gazebo//worlds
[16.677s] -- Installing: /home/y/SA_CAO_Simu/SA_CAO/install/turtlebot3_gazebo/share/turtlebot3_gazebo//worlds/turtlebot3_dqn_stage2
[16.677s] -- Installing: /home/y/SA_CAO_Simu/SA_CAO/install/turtlebot3_gazebo/share/turtlebot3_gazebo//worlds/turtlebot3_dqn_stage2/waffle_pi.model
[16.677s] -- Installing: /home/y/SA_CAO_Simu/SA_CAO/install/turtlebot3_gazebo/share/turtlebot3_gazebo//worlds/turtlebot3_dqn_stage2/waffle.model
[16.677s] -- Installing: /home/y/SA_CAO_Simu/SA_CAO/install/turtlebot3_gazebo/share/turtlebot3_gazebo//worlds/turtlebot3_dqn_stage2/burger.model
[16.678s] -- Installing: /home/y/SA_CAO_Simu/SA_CAO/install/turtlebot3_gazebo/share/turtlebot3_gazebo//worlds/turtlebot3_dqn_stage4
[16.678s] -- Installing: /home/y/SA_CAO_Simu/SA_CAO/install/turtlebot3_gazebo/share/turtlebot3_gazebo//worlds/turtlebot3_dqn_stage4/waffle_pi.model
[16.678s] -- Installing: /home/y/SA_CAO_Simu/SA_CAO/install/turtlebot3_gazebo/share/turtlebot3_gazebo//worlds/turtlebot3_dqn_stage4/waffle.model
[16.678s] -- Installing: /home/y/SA_CAO_Simu/SA_CAO/install/turtlebot3_gazebo/share/turtlebot3_gazebo//worlds/turtlebot3_dqn_stage4/burger.model
[16.678s] -- Installing: /home/y/SA_CAO_Simu/SA_CAO/install/turtlebot3_gazebo/share/turtlebot3_gazebo//worlds/turtlebot3_autoraces
[16.678s] -- Installing: /home/y/SA_CAO_Simu/SA_CAO/install/turtlebot3_gazebo/share/turtlebot3_gazebo//worlds/turtlebot3_autoraces/waffle_pi.model
[16.678s] -- Installing: /home/y/SA_CAO_Simu/SA_CAO/install/turtlebot3_gazebo/share/turtlebot3_gazebo//worlds/turtlebot3_autoraces/waffle.model
[16.678s] -- Installing: /home/y/SA_CAO_Simu/SA_CAO/install/turtlebot3_gazebo/share/turtlebot3_gazebo//worlds/turtlebot3_autoraces/burger.model
[16.678s] -- Installing: /home/y/SA_CAO_Simu/SA_CAO/install/turtlebot3_gazebo/share/turtlebot3_gazebo//worlds/turtlebot3_dqn_stage3
[16.678s] -- Installing: /home/y/SA_CAO_Simu/SA_CAO/install/turtlebot3_gazebo/share/turtlebot3_gazebo//worlds/turtlebot3_dqn_stage3/waffle_pi.model
[16.679s] -- Installing: /home/y/SA_CAO_Simu/SA_CAO/install/turtlebot3_gazebo/share/turtlebot3_gazebo//worlds/turtlebot3_dqn_stage3/waffle.model
[16.679s] -- Installing: /home/y/SA_CAO_Simu/SA_CAO/install/turtlebot3_gazebo/share/turtlebot3_gazebo//worlds/turtlebot3_dqn_stage3/burger.model
[16.679s] -- Installing: /home/y/SA_CAO_Simu/SA_CAO/install/turtlebot3_gazebo/share/turtlebot3_gazebo//worlds/empty_worlds
[16.679s] -- Installing: /home/y/SA_CAO_Simu/SA_CAO/install/turtlebot3_gazebo/share/turtlebot3_gazebo//worlds/empty_worlds/waffle_pi.model
[16.679s] -- Installing: /home/y/SA_CAO_Simu/SA_CAO/install/turtlebot3_gazebo/share/turtlebot3_gazebo//worlds/empty_worlds/waffle.model
[16.679s] -- Installing: /home/y/SA_CAO_Simu/SA_CAO/install/turtlebot3_gazebo/share/turtlebot3_gazebo//worlds/empty_worlds/burger.model
[16.679s] -- Installing: /home/y/SA_CAO_Simu/SA_CAO/install/turtlebot3_gazebo/share/turtlebot3_gazebo//worlds/turtlebot3_worlds
[16.679s] -- Installing: /home/y/SA_CAO_Simu/SA_CAO/install/turtlebot3_gazebo/share/turtlebot3_gazebo//worlds/turtlebot3_worlds/waffle_pi.model
[16.679s] -- Installing: /home/y/SA_CAO_Simu/SA_CAO/install/turtlebot3_gazebo/share/turtlebot3_gazebo//worlds/turtlebot3_worlds/waffle.model
[16.679s] -- Installing: /home/y/SA_CAO_Simu/SA_CAO/install/turtlebot3_gazebo/share/turtlebot3_gazebo//worlds/turtlebot3_worlds/burger.model
[16.679s] -- Installing: /home/y/SA_CAO_Simu/SA_CAO/install/turtlebot3_gazebo/share/turtlebot3_gazebo//worlds/turtlebot3_dqn_stage1
[16.679s] -- Installing: /home/y/SA_CAO_Simu/SA_CAO/install/turtlebot3_gazebo/share/turtlebot3_gazebo//worlds/turtlebot3_dqn_stage1/waffle_pi.model
[16.679s] -- Installing: /home/y/SA_CAO_Simu/SA_CAO/install/turtlebot3_gazebo/share/turtlebot3_gazebo//worlds/turtlebot3_dqn_stage1/waffle.model
[16.679s] -- Installing: /home/y/SA_CAO_Simu/SA_CAO/install/turtlebot3_gazebo/share/turtlebot3_gazebo//worlds/turtlebot3_dqn_stage1/burger.model
[16.679s] -- Installing: /home/y/SA_CAO_Simu/SA_CAO/install/turtlebot3_gazebo/share/turtlebot3_gazebo//worlds/turtlebot3_houses
[16.679s] -- Installing: /home/y/SA_CAO_Simu/SA_CAO/install/turtlebot3_gazebo/share/turtlebot3_gazebo//worlds/turtlebot3_houses/waffle_pi.model
[16.679s] -- Installing: /home/y/SA_CAO_Simu/SA_CAO/install/turtlebot3_gazebo/share/turtlebot3_gazebo//worlds/turtlebot3_houses/waffle.model
[16.679s] -- Installing: /home/y/SA_CAO_Simu/SA_CAO/install/turtlebot3_gazebo/share/turtlebot3_gazebo//worlds/turtlebot3_houses/burger.model
[16.679s] -- Installing: /home/y/SA_CAO_Simu/SA_CAO/install/turtlebot3_gazebo/include/
[16.679s] -- Installing: /home/y/SA_CAO_Simu/SA_CAO/install/turtlebot3_gazebo/include//turtlebot3_gazebo
[16.679s] -- Installing: /home/y/SA_CAO_Simu/SA_CAO/install/turtlebot3_gazebo/include//turtlebot3_gazebo/turtlebot3_drive.hpp
[16.680s] -- Installing: /home/y/SA_CAO_Simu/SA_CAO/install/turtlebot3_gazebo/share/ament_index/resource_index/package_run_dependencies/turtlebot3_gazebo
[16.680s] -- Installing: /home/y/SA_CAO_Simu/SA_CAO/install/turtlebot3_gazebo/share/ament_index/resource_index/parent_prefix_path/turtlebot3_gazebo
[16.680s] -- Installing: /home/y/SA_CAO_Simu/SA_CAO/install/turtlebot3_gazebo/share/turtlebot3_gazebo/environment/ament_prefix_path.sh
[16.680s] -- Installing: /home/y/SA_CAO_Simu/SA_CAO/install/turtlebot3_gazebo/share/turtlebot3_gazebo/environment/ament_prefix_path.dsv
[16.680s] -- Installing: /home/y/SA_CAO_Simu/SA_CAO/install/turtlebot3_gazebo/share/turtlebot3_gazebo/environment/path.sh
[16.680s] -- Installing: /home/y/SA_CAO_Simu/SA_CAO/install/turtlebot3_gazebo/share/turtlebot3_gazebo/environment/path.dsv
[16.680s] -- Installing: /home/y/SA_CAO_Simu/SA_CAO/install/turtlebot3_gazebo/share/turtlebot3_gazebo/local_setup.bash
[16.680s] -- Installing: /home/y/SA_CAO_Simu/SA_CAO/install/turtlebot3_gazebo/share/turtlebot3_gazebo/local_setup.sh
[16.680s] -- Installing: /home/y/SA_CAO_Simu/SA_CAO/install/turtlebot3_gazebo/share/turtlebot3_gazebo/local_setup.zsh
[16.680s] -- Installing: /home/y/SA_CAO_Simu/SA_CAO/install/turtlebot3_gazebo/share/turtlebot3_gazebo/local_setup.dsv
[16.680s] -- Installing: /home/y/SA_CAO_Simu/SA_CAO/install/turtlebot3_gazebo/share/turtlebot3_gazebo/package.dsv
[16.681s] -- Installing: /home/y/SA_CAO_Simu/SA_CAO/install/turtlebot3_gazebo/share/ament_index/resource_index/packages/turtlebot3_gazebo
[16.681s] -- Installing: /home/y/SA_CAO_Simu/SA_CAO/install/turtlebot3_gazebo/share/turtlebot3_gazebo/cmake/ament_cmake_export_include_directories-extras.cmake
[16.681s] -- Installing: /home/y/SA_CAO_Simu/SA_CAO/install/turtlebot3_gazebo/share/turtlebot3_gazebo/cmake/ament_cmake_export_dependencies-extras.cmake
[16.681s] -- Installing: /home/y/SA_CAO_Simu/SA_CAO/install/turtlebot3_gazebo/share/turtlebot3_gazebo/cmake/turtlebot3_gazeboConfig.cmake
[16.681s] -- Installing: /home/y/SA_CAO_Simu/SA_CAO/install/turtlebot3_gazebo/share/turtlebot3_gazebo/cmake/turtlebot3_gazeboConfig-version.cmake
[16.681s] -- Installing: /home/y/SA_CAO_Simu/SA_CAO/install/turtlebot3_gazebo/share/turtlebot3_gazebo/package.xml
[16.682s] Invoked command in '/home/y/SA_CAO_Simu/SA_CAO/build/turtlebot3_gazebo' returned '0': CMAKE_PREFIX_PATH=/home/y/SA_CAO_Simu/SA_CAO/install/turtlebot3_description:/home/y/SA_CAO_Simu/SA_CAO/install/turtlebot3:/home/y/SA_CAO_Simu/SA_CAO/install/turtlebot3_simulations:/home/y/SA_CAO_Simu/SA_CAO/install/turtlebot3_bringup:/home/y/SA_CAO_Simu/SA_CAO/install/turtlebot3_node:/home/y/SA_CAO_Simu/SA_CAO/install/turtlebot3_navigation2:/home/y/SA_CAO_Simu/SA_CAO/install/turtlebot3_fake_node:/home/y/SA_CAO_Simu/SA_CAO/install/turtlebot3_msgs:/home/y/SA_CAO_Simu/SA_CAO/install/turtlebot3_gazebo:/home/y/SA_CAO_Simu/SA_CAO/install/turtlebot3_cartographer:/home/y/SA_CAO_Simu/SA_CAO/install/sub_dwav15:/home/y/SA_CAO_Simu/SA_CAO/install/motion_msgs:/home/y/SA_CAO_Simu/SA_CAO/install/hls_lfcd_lds_driver:/home/y/SA_CAO_Simu/SA_CAO/install/dynamixel_sdk_examples:/home/y/SA_CAO_Simu/SA_CAO/install/dynamixel_sdk_custom_interfaces:/home/y/SA_CAO_Simu/SA_CAO/install/dynamixel_sdk:/home/y/SA_CAO_Simu/SA_CAO/install/turtlebot3_teleop:/home/y/SA_CAO_Simu/SA_CAO/install/turtlebot3_example:/home/y/SA_CAO_Simu/SA_CAO/install/pure_pursuit:/home/y/SA_CAO_Simu/SA_CAO/install/my_balance_pkg:/home/y/SA_CAO_Simu/SA_CAO/install/launch_diablo:/opt/ros/foxy /usr/bin/cmake --install /home/y/SA_CAO_Simu/SA_CAO/build/turtlebot3_gazebo
