[0.035s] Invoking command in '/home/y/SA_CAO/build/ception_msgs': CMAKE_PREFIX_PATH=/home/y/SA_CAO/install/diablo_simpose_trans:/home/y/SA_CAO/install/diablo_ctrl:/home/y/SA_CAO/install/diablo_body:/home/y/SA_CAO/install/diablo_utils:/home/y/SA_CAO/install/diablo_rviz2_control_plugin:/home/y/SA_CAO/install/motion_msgs:/home/y/SA_CAO/install/ception_msgs:/home/y/SA_CAO/install/my_xbox_joystick:/home/y/SA_CAO/install/diablo_teleop:/home/y/SA_CAO/install/diablo_simulation:/opt/ros/foxy:/home/y/oradar_ros/install/oradar_lidar /usr/bin/cmake --build /home/y/SA_CAO/build/ception_msgs -- -j2 -l2
[0.109s] [  3%] Built target ception_msgs__cpp
[0.116s] [ 12%] Built target ception_msgs__rosidl_generator_c
[0.143s] [ 22%] Built target ception_msgs__rosidl_typesupport_cpp
[0.162s] [ 32%] Built target ception_msgs__rosidl_typesupport_introspection_cpp
[0.188s] [ 41%] Built target ception_msgs__rosidl_typesupport_introspection_c
[0.205s] [ 51%] Built target ception_msgs__rosidl_typesupport_c
[0.225s] [ 61%] Built target ception_msgs__rosidl_typesupport_fastrtps_cpp
[0.249s] [ 70%] Built target ception_msgs__rosidl_typesupport_fastrtps_c
[0.266s] [ 70%] Built target ception_msgs
[0.286s] [ 74%] Built target ception_msgs__py
[0.311s] [ 80%] Built target ception_msgs__python
[0.341s] [ 87%] Built target ception_msgs__rosidl_typesupport_fastrtps_c__pyext
[0.359s] [ 93%] Built target ception_msgs__rosidl_typesupport_introspection_c__pyext
[0.377s] [100%] Built target ception_msgs__rosidl_typesupport_c__pyext
[0.387s] Invoked command in '/home/y/SA_CAO/build/ception_msgs' returned '0': CMAKE_PREFIX_PATH=/home/y/SA_CAO/install/diablo_simpose_trans:/home/y/SA_CAO/install/diablo_ctrl:/home/y/SA_CAO/install/diablo_body:/home/y/SA_CAO/install/diablo_utils:/home/y/SA_CAO/install/diablo_rviz2_control_plugin:/home/y/SA_CAO/install/motion_msgs:/home/y/SA_CAO/install/ception_msgs:/home/y/SA_CAO/install/my_xbox_joystick:/home/y/SA_CAO/install/diablo_teleop:/home/y/SA_CAO/install/diablo_simulation:/opt/ros/foxy:/home/y/oradar_ros/install/oradar_lidar /usr/bin/cmake --build /home/y/SA_CAO/build/ception_msgs -- -j2 -l2
[0.398s] Invoking command in '/home/y/SA_CAO/build/ception_msgs': CMAKE_PREFIX_PATH=/home/y/SA_CAO/install/diablo_simpose_trans:/home/y/SA_CAO/install/diablo_ctrl:/home/y/SA_CAO/install/diablo_body:/home/y/SA_CAO/install/diablo_utils:/home/y/SA_CAO/install/diablo_rviz2_control_plugin:/home/y/SA_CAO/install/motion_msgs:/home/y/SA_CAO/install/ception_msgs:/home/y/SA_CAO/install/my_xbox_joystick:/home/y/SA_CAO/install/diablo_teleop:/home/y/SA_CAO/install/diablo_simulation:/opt/ros/foxy:/home/y/oradar_ros/install/oradar_lidar /usr/bin/cmake --install /home/y/SA_CAO/build/ception_msgs
[0.409s] -- Install configuration: ""
[0.410s] -- Up-to-date: /home/y/SA_CAO/install/ception_msgs/share/ament_index/resource_index/rosidl_interfaces/ception_msgs
[0.410s] -- Up-to-date: /home/y/SA_CAO/install/ception_msgs/include/ception_msgs
[0.410s] -- Up-to-date: /home/y/SA_CAO/install/ception_msgs/include/ception_msgs/msg
[0.410s] -- Up-to-date: /home/y/SA_CAO/install/ception_msgs/include/ception_msgs/msg/imu_euler.h
[0.410s] -- Up-to-date: /home/y/SA_CAO/install/ception_msgs/include/ception_msgs/msg/rosidl_generator_c__visibility_control.h
[0.410s] -- Up-to-date: /home/y/SA_CAO/install/ception_msgs/include/ception_msgs/msg/detail
[0.410s] -- Up-to-date: /home/y/SA_CAO/install/ception_msgs/include/ception_msgs/msg/detail/imu_euler__functions.h
[0.410s] -- Up-to-date: /home/y/SA_CAO/install/ception_msgs/include/ception_msgs/msg/detail/imu_euler__functions.c
[0.411s] -- Up-to-date: /home/y/SA_CAO/install/ception_msgs/include/ception_msgs/msg/detail/imu_euler__struct.h
[0.411s] -- Up-to-date: /home/y/SA_CAO/install/ception_msgs/include/ception_msgs/msg/detail/imu_euler__type_support.h
[0.411s] -- Up-to-date: /home/y/SA_CAO/install/ception_msgs/share/ception_msgs/environment/library_path.sh
[0.411s] -- Up-to-date: /home/y/SA_CAO/install/ception_msgs/share/ception_msgs/environment/library_path.dsv
[0.411s] -- Up-to-date: /home/y/SA_CAO/install/ception_msgs/lib/libception_msgs__rosidl_generator_c.so
[0.411s] -- Up-to-date: /home/y/SA_CAO/install/ception_msgs/include/ception_msgs
[0.411s] -- Up-to-date: /home/y/SA_CAO/install/ception_msgs/include/ception_msgs/msg
[0.411s] -- Up-to-date: /home/y/SA_CAO/install/ception_msgs/include/ception_msgs/msg/detail
[0.411s] -- Up-to-date: /home/y/SA_CAO/install/ception_msgs/include/ception_msgs/msg/detail/imu_euler__rosidl_typesupport_fastrtps_c.h
[0.412s] -- Up-to-date: /home/y/SA_CAO/install/ception_msgs/include/ception_msgs/msg/rosidl_typesupport_fastrtps_c__visibility_control.h
[0.412s] -- Up-to-date: /home/y/SA_CAO/install/ception_msgs/lib/libception_msgs__rosidl_typesupport_fastrtps_c.so
[0.412s] -- Up-to-date: /home/y/SA_CAO/install/ception_msgs/include/ception_msgs
[0.412s] -- Up-to-date: /home/y/SA_CAO/install/ception_msgs/include/ception_msgs/msg
[0.412s] -- Up-to-date: /home/y/SA_CAO/install/ception_msgs/include/ception_msgs/msg/rosidl_typesupport_fastrtps_cpp__visibility_control.h
[0.412s] -- Up-to-date: /home/y/SA_CAO/install/ception_msgs/include/ception_msgs/msg/detail
[0.413s] -- Up-to-date: /home/y/SA_CAO/install/ception_msgs/include/ception_msgs/msg/detail/dds_fastrtps
[0.413s] -- Up-to-date: /home/y/SA_CAO/install/ception_msgs/include/ception_msgs/msg/detail/imu_euler__rosidl_typesupport_fastrtps_cpp.hpp
[0.413s] -- Up-to-date: /home/y/SA_CAO/install/ception_msgs/lib/libception_msgs__rosidl_typesupport_fastrtps_cpp.so
[0.413s] -- Up-to-date: /home/y/SA_CAO/install/ception_msgs/include/ception_msgs
[0.413s] -- Up-to-date: /home/y/SA_CAO/install/ception_msgs/include/ception_msgs/msg
[0.413s] -- Up-to-date: /home/y/SA_CAO/install/ception_msgs/include/ception_msgs/msg/rosidl_typesupport_introspection_c__visibility_control.h
[0.413s] -- Up-to-date: /home/y/SA_CAO/install/ception_msgs/include/ception_msgs/msg/detail
[0.413s] -- Up-to-date: /home/y/SA_CAO/install/ception_msgs/include/ception_msgs/msg/detail/imu_euler__type_support.c
[0.413s] -- Up-to-date: /home/y/SA_CAO/install/ception_msgs/include/ception_msgs/msg/detail/imu_euler__rosidl_typesupport_introspection_c.h
[0.413s] -- Up-to-date: /home/y/SA_CAO/install/ception_msgs/lib/libception_msgs__rosidl_typesupport_introspection_c.so
[0.413s] -- Up-to-date: /home/y/SA_CAO/install/ception_msgs/lib/libception_msgs__rosidl_typesupport_c.so
[0.414s] -- Up-to-date: /home/y/SA_CAO/install/ception_msgs/include/ception_msgs
[0.414s] -- Up-to-date: /home/y/SA_CAO/install/ception_msgs/include/ception_msgs/msg
[0.414s] -- Up-to-date: /home/y/SA_CAO/install/ception_msgs/include/ception_msgs/msg/rosidl_generator_cpp__visibility_control.hpp
[0.414s] -- Up-to-date: /home/y/SA_CAO/install/ception_msgs/include/ception_msgs/msg/imu_euler.hpp
[0.414s] -- Up-to-date: /home/y/SA_CAO/install/ception_msgs/include/ception_msgs/msg/detail
[0.414s] -- Up-to-date: /home/y/SA_CAO/install/ception_msgs/include/ception_msgs/msg/detail/imu_euler__builder.hpp
[0.414s] -- Up-to-date: /home/y/SA_CAO/install/ception_msgs/include/ception_msgs/msg/detail/imu_euler__traits.hpp
[0.414s] -- Up-to-date: /home/y/SA_CAO/install/ception_msgs/include/ception_msgs/msg/detail/imu_euler__type_support.hpp
[0.414s] -- Up-to-date: /home/y/SA_CAO/install/ception_msgs/include/ception_msgs/msg/detail/imu_euler__struct.hpp
[0.415s] -- Up-to-date: /home/y/SA_CAO/install/ception_msgs/include/ception_msgs
[0.415s] -- Up-to-date: /home/y/SA_CAO/install/ception_msgs/include/ception_msgs/msg
[0.415s] -- Up-to-date: /home/y/SA_CAO/install/ception_msgs/include/ception_msgs/msg/detail
[0.415s] -- Up-to-date: /home/y/SA_CAO/install/ception_msgs/include/ception_msgs/msg/detail/imu_euler__type_support.cpp
[0.415s] -- Up-to-date: /home/y/SA_CAO/install/ception_msgs/include/ception_msgs/msg/detail/imu_euler__rosidl_typesupport_introspection_cpp.hpp
[0.415s] -- Up-to-date: /home/y/SA_CAO/install/ception_msgs/lib/libception_msgs__rosidl_typesupport_introspection_cpp.so
[0.415s] -- Up-to-date: /home/y/SA_CAO/install/ception_msgs/lib/libception_msgs__rosidl_typesupport_cpp.so
[0.415s] -- Up-to-date: /home/y/SA_CAO/install/ception_msgs/share/ception_msgs/environment/pythonpath.sh
[0.415s] -- Up-to-date: /home/y/SA_CAO/install/ception_msgs/share/ception_msgs/environment/pythonpath.dsv
[0.415s] -- Up-to-date: /home/y/SA_CAO/install/ception_msgs/lib/python3.8/site-packages/ception_msgs/__init__.py
[0.441s] -- Up-to-date: /home/y/SA_CAO/install/ception_msgs/lib/python3.8/site-packages/ception_msgs/msg
[0.441s] -- Up-to-date: /home/y/SA_CAO/install/ception_msgs/lib/python3.8/site-packages/ception_msgs/msg/_imu_euler_s.c
[0.441s] -- Up-to-date: /home/y/SA_CAO/install/ception_msgs/lib/python3.8/site-packages/ception_msgs/msg/__init__.py
[0.442s] -- Up-to-date: /home/y/SA_CAO/install/ception_msgs/lib/python3.8/site-packages/ception_msgs/msg/_imu_euler.py
[0.442s] -- Up-to-date: /home/y/SA_CAO/install/ception_msgs/lib/python3.8/site-packages/ception_msgs/ception_msgs_s__rosidl_typesupport_fastrtps_c.cpython-38-x86_64-linux-gnu.so
[0.442s] -- Up-to-date: /home/y/SA_CAO/install/ception_msgs/lib/python3.8/site-packages/ception_msgs/ception_msgs_s__rosidl_typesupport_introspection_c.cpython-38-x86_64-linux-gnu.so
[0.443s] -- Up-to-date: /home/y/SA_CAO/install/ception_msgs/lib/python3.8/site-packages/ception_msgs/ception_msgs_s__rosidl_typesupport_c.cpython-38-x86_64-linux-gnu.so
[0.443s] -- Up-to-date: /home/y/SA_CAO/install/ception_msgs/lib/libception_msgs__python.so
[0.444s] -- Up-to-date: /home/y/SA_CAO/install/ception_msgs/share/ception_msgs/msg/IMUEuler.idl
[0.444s] -- Up-to-date: /home/y/SA_CAO/install/ception_msgs/share/ception_msgs/msg/IMUEuler.msg
[0.444s] -- Up-to-date: /home/y/SA_CAO/install/ception_msgs/share/ament_index/resource_index/package_run_dependencies/ception_msgs
[0.444s] -- Up-to-date: /home/y/SA_CAO/install/ception_msgs/share/ament_index/resource_index/parent_prefix_path/ception_msgs
[0.444s] -- Up-to-date: /home/y/SA_CAO/install/ception_msgs/share/ception_msgs/environment/ament_prefix_path.sh
[0.444s] -- Up-to-date: /home/y/SA_CAO/install/ception_msgs/share/ception_msgs/environment/ament_prefix_path.dsv
[0.445s] -- Up-to-date: /home/y/SA_CAO/install/ception_msgs/share/ception_msgs/environment/path.sh
[0.445s] -- Up-to-date: /home/y/SA_CAO/install/ception_msgs/share/ception_msgs/environment/path.dsv
[0.445s] -- Up-to-date: /home/y/SA_CAO/install/ception_msgs/share/ception_msgs/local_setup.bash
[0.445s] -- Up-to-date: /home/y/SA_CAO/install/ception_msgs/share/ception_msgs/local_setup.sh
[0.445s] -- Up-to-date: /home/y/SA_CAO/install/ception_msgs/share/ception_msgs/local_setup.zsh
[0.445s] -- Up-to-date: /home/y/SA_CAO/install/ception_msgs/share/ception_msgs/local_setup.dsv
[0.445s] -- Installing: /home/y/SA_CAO/install/ception_msgs/share/ception_msgs/package.dsv
[0.445s] -- Up-to-date: /home/y/SA_CAO/install/ception_msgs/share/ament_index/resource_index/packages/ception_msgs
[0.445s] -- Up-to-date: /home/y/SA_CAO/install/ception_msgs/share/ception_msgs/cmake/ception_msgs__rosidl_generator_cExport.cmake
[0.446s] -- Up-to-date: /home/y/SA_CAO/install/ception_msgs/share/ception_msgs/cmake/ception_msgs__rosidl_generator_cExport-noconfig.cmake
[0.446s] -- Up-to-date: /home/y/SA_CAO/install/ception_msgs/share/ception_msgs/cmake/ception_msgs__rosidl_typesupport_introspection_cExport.cmake
[0.446s] -- Up-to-date: /home/y/SA_CAO/install/ception_msgs/share/ception_msgs/cmake/ception_msgs__rosidl_typesupport_introspection_cExport-noconfig.cmake
[0.446s] -- Up-to-date: /home/y/SA_CAO/install/ception_msgs/share/ception_msgs/cmake/ception_msgs__rosidl_typesupport_cExport.cmake
[0.446s] -- Up-to-date: /home/y/SA_CAO/install/ception_msgs/share/ception_msgs/cmake/ception_msgs__rosidl_typesupport_cExport-noconfig.cmake
[0.447s] -- Up-to-date: /home/y/SA_CAO/install/ception_msgs/share/ception_msgs/cmake/ception_msgs__rosidl_generator_cppExport.cmake
[0.447s] -- Up-to-date: /home/y/SA_CAO/install/ception_msgs/share/ception_msgs/cmake/ception_msgs__rosidl_typesupport_introspection_cppExport.cmake
[0.447s] -- Up-to-date: /home/y/SA_CAO/install/ception_msgs/share/ception_msgs/cmake/ception_msgs__rosidl_typesupport_introspection_cppExport-noconfig.cmake
[0.447s] -- Up-to-date: /home/y/SA_CAO/install/ception_msgs/share/ception_msgs/cmake/ception_msgs__rosidl_typesupport_cppExport.cmake
[0.447s] -- Up-to-date: /home/y/SA_CAO/install/ception_msgs/share/ception_msgs/cmake/ception_msgs__rosidl_typesupport_cppExport-noconfig.cmake
[0.447s] -- Up-to-date: /home/y/SA_CAO/install/ception_msgs/share/ception_msgs/cmake/rosidl_cmake-extras.cmake
[0.447s] -- Up-to-date: /home/y/SA_CAO/install/ception_msgs/share/ception_msgs/cmake/ament_cmake_export_dependencies-extras.cmake
[0.447s] -- Up-to-date: /home/y/SA_CAO/install/ception_msgs/share/ception_msgs/cmake/ament_cmake_export_libraries-extras.cmake
[0.447s] -- Up-to-date: /home/y/SA_CAO/install/ception_msgs/share/ception_msgs/cmake/ament_cmake_export_targets-extras.cmake
[0.448s] -- Up-to-date: /home/y/SA_CAO/install/ception_msgs/share/ception_msgs/cmake/ament_cmake_export_include_directories-extras.cmake
[0.448s] -- Up-to-date: /home/y/SA_CAO/install/ception_msgs/share/ception_msgs/cmake/rosidl_cmake_export_typesupport_libraries-extras.cmake
[0.448s] -- Up-to-date: /home/y/SA_CAO/install/ception_msgs/share/ception_msgs/cmake/rosidl_cmake_export_typesupport_targets-extras.cmake
[0.448s] -- Up-to-date: /home/y/SA_CAO/install/ception_msgs/share/ception_msgs/cmake/ception_msgsConfig.cmake
[0.448s] -- Up-to-date: /home/y/SA_CAO/install/ception_msgs/share/ception_msgs/cmake/ception_msgsConfig-version.cmake
[0.448s] -- Up-to-date: /home/y/SA_CAO/install/ception_msgs/share/ception_msgs/package.xml
[0.450s] Invoked command in '/home/y/SA_CAO/build/ception_msgs' returned '0': CMAKE_PREFIX_PATH=/home/y/SA_CAO/install/diablo_simpose_trans:/home/y/SA_CAO/install/diablo_ctrl:/home/y/SA_CAO/install/diablo_body:/home/y/SA_CAO/install/diablo_utils:/home/y/SA_CAO/install/diablo_rviz2_control_plugin:/home/y/SA_CAO/install/motion_msgs:/home/y/SA_CAO/install/ception_msgs:/home/y/SA_CAO/install/my_xbox_joystick:/home/y/SA_CAO/install/diablo_teleop:/home/y/SA_CAO/install/diablo_simulation:/opt/ros/foxy:/home/y/oradar_ros/install/oradar_lidar /usr/bin/cmake --install /home/y/SA_CAO/build/ception_msgs
