[0.035s] Invoking command in '/home/y/SA_CAO/build/diablo_ctrl': CMAKE_PREFIX_PATH=/home/y/SA_CAO/install/diablo_body:/home/y/SA_CAO/install/diablo_utils:/home/y/SA_CAO/install/motion_msgs:/home/y/SA_CAO/install/ception_msgs:/home/y/SA_CAO/install/diablo_simpose_trans:/home/y/SA_CAO/install/diablo_ctrl:/home/y/SA_CAO/install/diablo_rviz2_control_plugin:/home/y/SA_CAO/install/my_xbox_joystick:/home/y/SA_CAO/install/diablo_teleop:/home/y/SA_CAO/install/diablo_simulation:/opt/ros/foxy:/home/y/oradar_ros/install/oradar_lidar LD_LIBRARY_PATH=/home/y/SA_CAO/install/diablo_body/lib:/home/y/SA_CAO/install/diablo_utils/lib:/home/y/SA_CAO/install/motion_msgs/lib:/home/y/SA_CAO/install/ception_msgs/lib:/home/y/SA_CAO/install/diablo_rviz2_control_plugin/lib:/usr/lib/x86_64-linux-gnu/gazebo-11/plugins:/opt/ros/foxy/opt/yaml_cpp_vendor/lib:/opt/ros/foxy/opt/rviz_ogre_vendor/lib:/opt/ros/foxy/lib/x86_64-linux-gnu:/opt/ros/foxy/lib PYTHONPATH=/home/y/SA_CAO/install/motion_msgs/lib/python3.8/site-packages:/home/y/SA_CAO/install/ception_msgs/lib/python3.8/site-packages:/home/y/SA_CAO/install/my_xbox_joystick/lib/python3.8/site-packages:/home/y/SA_CAO/install/diablo_teleop/lib/python3.8/site-packages:/home/y/SA_CAO/install/diablo_simulation/lib/python3.8/site-packages:/opt/ros/foxy/lib/python3.8/site-packages /usr/bin/cmake --build /home/y/SA_CAO/build/diablo_ctrl -- -j2 -l2
[0.090s] [35m[1mScanning dependencies of target diablo_ctrl_node[0m
[0.135s] [ 50%] [32mBuilding CXX object CMakeFiles/diablo_ctrl_node.dir/src/diablo_ctrl.cpp.o[0m
[5.032s] [100%] [32m[1mLinking CXX executable diablo_ctrl_node[0m
[5.259s] [100%] Built target diablo_ctrl_node
[5.278s] Invoked command in '/home/y/SA_CAO/build/diablo_ctrl' returned '0': CMAKE_PREFIX_PATH=/home/y/SA_CAO/install/diablo_body:/home/y/SA_CAO/install/diablo_utils:/home/y/SA_CAO/install/motion_msgs:/home/y/SA_CAO/install/ception_msgs:/home/y/SA_CAO/install/diablo_simpose_trans:/home/y/SA_CAO/install/diablo_ctrl:/home/y/SA_CAO/install/diablo_rviz2_control_plugin:/home/y/SA_CAO/install/my_xbox_joystick:/home/y/SA_CAO/install/diablo_teleop:/home/y/SA_CAO/install/diablo_simulation:/opt/ros/foxy:/home/y/oradar_ros/install/oradar_lidar LD_LIBRARY_PATH=/home/y/SA_CAO/install/diablo_body/lib:/home/y/SA_CAO/install/diablo_utils/lib:/home/y/SA_CAO/install/motion_msgs/lib:/home/y/SA_CAO/install/ception_msgs/lib:/home/y/SA_CAO/install/diablo_rviz2_control_plugin/lib:/usr/lib/x86_64-linux-gnu/gazebo-11/plugins:/opt/ros/foxy/opt/yaml_cpp_vendor/lib:/opt/ros/foxy/opt/rviz_ogre_vendor/lib:/opt/ros/foxy/lib/x86_64-linux-gnu:/opt/ros/foxy/lib PYTHONPATH=/home/y/SA_CAO/install/motion_msgs/lib/python3.8/site-packages:/home/y/SA_CAO/install/ception_msgs/lib/python3.8/site-packages:/home/y/SA_CAO/install/my_xbox_joystick/lib/python3.8/site-packages:/home/y/SA_CAO/install/diablo_teleop/lib/python3.8/site-packages:/home/y/SA_CAO/install/diablo_simulation/lib/python3.8/site-packages:/opt/ros/foxy/lib/python3.8/site-packages /usr/bin/cmake --build /home/y/SA_CAO/build/diablo_ctrl -- -j2 -l2
[5.278s] Invoking command in '/home/y/SA_CAO/build/diablo_ctrl': CMAKE_PREFIX_PATH=/home/y/SA_CAO/install/diablo_body:/home/y/SA_CAO/install/diablo_utils:/home/y/SA_CAO/install/motion_msgs:/home/y/SA_CAO/install/ception_msgs:/home/y/SA_CAO/install/diablo_simpose_trans:/home/y/SA_CAO/install/diablo_ctrl:/home/y/SA_CAO/install/diablo_rviz2_control_plugin:/home/y/SA_CAO/install/my_xbox_joystick:/home/y/SA_CAO/install/diablo_teleop:/home/y/SA_CAO/install/diablo_simulation:/opt/ros/foxy:/home/y/oradar_ros/install/oradar_lidar LD_LIBRARY_PATH=/home/y/SA_CAO/install/diablo_body/lib:/home/y/SA_CAO/install/diablo_utils/lib:/home/y/SA_CAO/install/motion_msgs/lib:/home/y/SA_CAO/install/ception_msgs/lib:/home/y/SA_CAO/install/diablo_rviz2_control_plugin/lib:/usr/lib/x86_64-linux-gnu/gazebo-11/plugins:/opt/ros/foxy/opt/yaml_cpp_vendor/lib:/opt/ros/foxy/opt/rviz_ogre_vendor/lib:/opt/ros/foxy/lib/x86_64-linux-gnu:/opt/ros/foxy/lib PYTHONPATH=/home/y/SA_CAO/install/motion_msgs/lib/python3.8/site-packages:/home/y/SA_CAO/install/ception_msgs/lib/python3.8/site-packages:/home/y/SA_CAO/install/my_xbox_joystick/lib/python3.8/site-packages:/home/y/SA_CAO/install/diablo_teleop/lib/python3.8/site-packages:/home/y/SA_CAO/install/diablo_simulation/lib/python3.8/site-packages:/opt/ros/foxy/lib/python3.8/site-packages /usr/bin/cmake --install /home/y/SA_CAO/build/diablo_ctrl
[5.306s] -- Install configuration: ""
[5.306s] -- Installing: /home/y/SA_CAO/install/diablo_ctrl/lib/diablo_ctrl/diablo_ctrl_node
[5.306s] -- Set runtime path of "/home/y/SA_CAO/install/diablo_ctrl/lib/diablo_ctrl/diablo_ctrl_node" to ""
[5.306s] -- Up-to-date: /home/y/SA_CAO/install/diablo_ctrl/include/diablo_ctrl
[5.307s] -- Installing: /home/y/SA_CAO/install/diablo_ctrl/include/diablo_ctrl/diablo_ctrl.hpp
[5.307s] -- Up-to-date: /home/y/SA_CAO/install/diablo_ctrl/share/ament_index/resource_index/package_run_dependencies/diablo_ctrl
[5.307s] -- Up-to-date: /home/y/SA_CAO/install/diablo_ctrl/share/ament_index/resource_index/parent_prefix_path/diablo_ctrl
[5.307s] -- Up-to-date: /home/y/SA_CAO/install/diablo_ctrl/share/diablo_ctrl/environment/ament_prefix_path.sh
[5.307s] -- Up-to-date: /home/y/SA_CAO/install/diablo_ctrl/share/diablo_ctrl/environment/ament_prefix_path.dsv
[5.307s] -- Up-to-date: /home/y/SA_CAO/install/diablo_ctrl/share/diablo_ctrl/environment/path.sh
[5.308s] -- Up-to-date: /home/y/SA_CAO/install/diablo_ctrl/share/diablo_ctrl/environment/path.dsv
[5.308s] -- Up-to-date: /home/y/SA_CAO/install/diablo_ctrl/share/diablo_ctrl/local_setup.bash
[5.308s] -- Up-to-date: /home/y/SA_CAO/install/diablo_ctrl/share/diablo_ctrl/local_setup.sh
[5.308s] -- Up-to-date: /home/y/SA_CAO/install/diablo_ctrl/share/diablo_ctrl/local_setup.zsh
[5.308s] -- Up-to-date: /home/y/SA_CAO/install/diablo_ctrl/share/diablo_ctrl/local_setup.dsv
[5.309s] -- Installing: /home/y/SA_CAO/install/diablo_ctrl/share/diablo_ctrl/package.dsv
[5.309s] -- Up-to-date: /home/y/SA_CAO/install/diablo_ctrl/share/ament_index/resource_index/packages/diablo_ctrl
[5.309s] -- Up-to-date: /home/y/SA_CAO/install/diablo_ctrl/share/diablo_ctrl/cmake/ament_cmake_export_include_directories-extras.cmake
[5.309s] -- Up-to-date: /home/y/SA_CAO/install/diablo_ctrl/share/diablo_ctrl/cmake/ament_cmake_export_dependencies-extras.cmake
[5.310s] -- Up-to-date: /home/y/SA_CAO/install/diablo_ctrl/share/diablo_ctrl/cmake/diablo_ctrlConfig.cmake
[5.310s] -- Up-to-date: /home/y/SA_CAO/install/diablo_ctrl/share/diablo_ctrl/cmake/diablo_ctrlConfig-version.cmake
[5.310s] -- Up-to-date: /home/y/SA_CAO/install/diablo_ctrl/share/diablo_ctrl/package.xml
[5.315s] Invoked command in '/home/y/SA_CAO/build/diablo_ctrl' returned '0': CMAKE_PREFIX_PATH=/home/y/SA_CAO/install/diablo_body:/home/y/SA_CAO/install/diablo_utils:/home/y/SA_CAO/install/motion_msgs:/home/y/SA_CAO/install/ception_msgs:/home/y/SA_CAO/install/diablo_simpose_trans:/home/y/SA_CAO/install/diablo_ctrl:/home/y/SA_CAO/install/diablo_rviz2_control_plugin:/home/y/SA_CAO/install/my_xbox_joystick:/home/y/SA_CAO/install/diablo_teleop:/home/y/SA_CAO/install/diablo_simulation:/opt/ros/foxy:/home/y/oradar_ros/install/oradar_lidar LD_LIBRARY_PATH=/home/y/SA_CAO/install/diablo_body/lib:/home/y/SA_CAO/install/diablo_utils/lib:/home/y/SA_CAO/install/motion_msgs/lib:/home/y/SA_CAO/install/ception_msgs/lib:/home/y/SA_CAO/install/diablo_rviz2_control_plugin/lib:/usr/lib/x86_64-linux-gnu/gazebo-11/plugins:/opt/ros/foxy/opt/yaml_cpp_vendor/lib:/opt/ros/foxy/opt/rviz_ogre_vendor/lib:/opt/ros/foxy/lib/x86_64-linux-gnu:/opt/ros/foxy/lib PYTHONPATH=/home/y/SA_CAO/install/motion_msgs/lib/python3.8/site-packages:/home/y/SA_CAO/install/ception_msgs/lib/python3.8/site-packages:/home/y/SA_CAO/install/my_xbox_joystick/lib/python3.8/site-packages:/home/y/SA_CAO/install/diablo_teleop/lib/python3.8/site-packages:/home/y/SA_CAO/install/diablo_simulation/lib/python3.8/site-packages:/opt/ros/foxy/lib/python3.8/site-packages /usr/bin/cmake --install /home/y/SA_CAO/build/diablo_ctrl
