[0.010s] Invoking command in '/home/y/SA_CAO_Simu/SA_CAO/build/turtlebot3_description': CMAKE_PREFIX_PATH=/opt/ros/foxy /usr/bin/cmake /home/y/SA_CAO_Simu/SA_CAO/src/turtlebot3/turtlebot3/turtlebot3_description -DCMAKE_INSTALL_PREFIX=/home/y/SA_CAO_Simu/SA_CAO/install/turtlebot3_description
[0.055s] -- The C compiler identification is GNU 9.4.0
[0.086s] -- The CXX compiler identification is GNU 9.4.0
[0.086s] -- Check for working C compiler: /usr/bin/cc
[0.114s] -- Check for working C compiler: /usr/bin/cc -- works
[0.115s] -- Detecting C compiler ABI info
[0.232s] -- Detecting C compiler ABI info - done
[0.234s] -- Detecting C compile features
[0.234s] -- Detecting C compile features - done
[0.238s] -- Check for working CXX compiler: /usr/bin/c++
[0.355s] -- Check for working CXX compiler: /usr/bin/c++ -- works
[0.355s] -- Detecting CXX compiler ABI info
[0.423s] -- Detecting CXX compiler ABI info - done
[0.429s] -- Detecting CXX compile features
[0.429s] -- Detecting CXX compile features - done
[0.429s] -- Found ament_cmake: 0.9.12 (/opt/ros/foxy/share/ament_cmake/cmake)
[0.448s] -- Found PythonInterp: /usr/bin/python3 (found suitable version "3.8.10", minimum required is "3") 
[0.448s] -- Using PYTHON_EXECUTABLE: /usr/bin/python3
[0.547s] -- Found urdf: 2.4.0 (/opt/ros/foxy/share/urdf/cmake)
[0.603s] -- Configuring done
[0.603s] -- Generating done
[0.603s] -- Build files have been written to: /home/y/SA_CAO_Simu/SA_CAO/build/turtlebot3_description
[0.609s] Invoked command in '/home/y/SA_CAO_Simu/SA_CAO/build/turtlebot3_description' returned '0': CMAKE_PREFIX_PATH=/opt/ros/foxy /usr/bin/cmake /home/y/SA_CAO_Simu/SA_CAO/src/turtlebot3/turtlebot3/turtlebot3_description -DCMAKE_INSTALL_PREFIX=/home/y/SA_CAO_Simu/SA_CAO/install/turtlebot3_description
[0.609s] Invoking command in '/home/y/SA_CAO_Simu/SA_CAO/build/turtlebot3_description': CMAKE_PREFIX_PATH=/opt/ros/foxy /usr/bin/cmake --build /home/y/SA_CAO_Simu/SA_CAO/build/turtlebot3_description -- -j2 -l2
[0.627s] Invoked command in '/home/y/SA_CAO_Simu/SA_CAO/build/turtlebot3_description' returned '0': CMAKE_PREFIX_PATH=/opt/ros/foxy /usr/bin/cmake --build /home/y/SA_CAO_Simu/SA_CAO/build/turtlebot3_description -- -j2 -l2
[0.627s] Invoking command in '/home/y/SA_CAO_Simu/SA_CAO/build/turtlebot3_description': CMAKE_PREFIX_PATH=/opt/ros/foxy /usr/bin/cmake --install /home/y/SA_CAO_Simu/SA_CAO/build/turtlebot3_description
[0.630s] -- Install configuration: ""
[0.630s] -- Installing: /home/y/SA_CAO_Simu/SA_CAO/install/turtlebot3_description/share/turtlebot3_description/meshes
[0.630s] -- Installing: /home/y/SA_CAO_Simu/SA_CAO/install/turtlebot3_description/share/turtlebot3_description/meshes/wheels
[0.630s] -- Installing: /home/y/SA_CAO_Simu/SA_CAO/install/turtlebot3_description/share/turtlebot3_description/meshes/wheels/right_tire.stl
[0.638s] -- Installing: /home/y/SA_CAO_Simu/SA_CAO/install/turtlebot3_description/share/turtlebot3_description/meshes/wheels/left_tire.stl
[0.643s] -- Installing: /home/y/SA_CAO_Simu/SA_CAO/install/turtlebot3_description/share/turtlebot3_description/meshes/sensors
[0.643s] -- Installing: /home/y/SA_CAO_Simu/SA_CAO/install/turtlebot3_description/share/turtlebot3_description/meshes/sensors/r200.dae
[0.645s] -- Installing: /home/y/SA_CAO_Simu/SA_CAO/install/turtlebot3_description/share/turtlebot3_description/meshes/sensors/astra.dae
[0.671s] -- Installing: /home/y/SA_CAO_Simu/SA_CAO/install/turtlebot3_description/share/turtlebot3_description/meshes/sensors/r200.jpg
[0.672s] -- Installing: /home/y/SA_CAO_Simu/SA_CAO/install/turtlebot3_description/share/turtlebot3_description/meshes/sensors/lds.stl
[0.675s] -- Installing: /home/y/SA_CAO_Simu/SA_CAO/install/turtlebot3_description/share/turtlebot3_description/meshes/sensors/astra.jpg
[0.676s] -- Installing: /home/y/SA_CAO_Simu/SA_CAO/install/turtlebot3_description/share/turtlebot3_description/meshes/bases
[0.676s] -- Installing: /home/y/SA_CAO_Simu/SA_CAO/install/turtlebot3_description/share/turtlebot3_description/meshes/bases/burger_base.stl
[0.684s] -- Installing: /home/y/SA_CAO_Simu/SA_CAO/install/turtlebot3_description/share/turtlebot3_description/meshes/bases/waffle_pi_base.stl
[0.710s] -- Installing: /home/y/SA_CAO_Simu/SA_CAO/install/turtlebot3_description/share/turtlebot3_description/meshes/bases/waffle_base.stl
[0.751s] -- Installing: /home/y/SA_CAO_Simu/SA_CAO/install/turtlebot3_description/share/turtlebot3_description/rviz
[0.751s] -- Installing: /home/y/SA_CAO_Simu/SA_CAO/install/turtlebot3_description/share/turtlebot3_description/rviz/model.rviz
[0.752s] -- Installing: /home/y/SA_CAO_Simu/SA_CAO/install/turtlebot3_description/share/turtlebot3_description/urdf
[0.753s] -- Installing: /home/y/SA_CAO_Simu/SA_CAO/install/turtlebot3_description/share/turtlebot3_description/urdf/turtlebot3_burger.urdf
[0.753s] -- Installing: /home/y/SA_CAO_Simu/SA_CAO/install/turtlebot3_description/share/turtlebot3_description/urdf/turtlebot3_waffle.urdf
[0.753s] -- Installing: /home/y/SA_CAO_Simu/SA_CAO/install/turtlebot3_description/share/turtlebot3_description/urdf/common_properties.urdf
[0.753s] -- Installing: /home/y/SA_CAO_Simu/SA_CAO/install/turtlebot3_description/share/turtlebot3_description/urdf/turtlebot3_waffle_pi.urdf
[0.753s] -- Installing: /home/y/SA_CAO_Simu/SA_CAO/install/turtlebot3_description/share/ament_index/resource_index/package_run_dependencies/turtlebot3_description
[0.753s] -- Installing: /home/y/SA_CAO_Simu/SA_CAO/install/turtlebot3_description/share/ament_index/resource_index/parent_prefix_path/turtlebot3_description
[0.753s] -- Installing: /home/y/SA_CAO_Simu/SA_CAO/install/turtlebot3_description/share/turtlebot3_description/environment/ament_prefix_path.sh
[0.753s] -- Installing: /home/y/SA_CAO_Simu/SA_CAO/install/turtlebot3_description/share/turtlebot3_description/environment/ament_prefix_path.dsv
[0.753s] -- Installing: /home/y/SA_CAO_Simu/SA_CAO/install/turtlebot3_description/share/turtlebot3_description/environment/path.sh
[0.754s] -- Installing: /home/y/SA_CAO_Simu/SA_CAO/install/turtlebot3_description/share/turtlebot3_description/environment/path.dsv
[0.754s] -- Installing: /home/y/SA_CAO_Simu/SA_CAO/install/turtlebot3_description/share/turtlebot3_description/local_setup.bash
[0.754s] -- Installing: /home/y/SA_CAO_Simu/SA_CAO/install/turtlebot3_description/share/turtlebot3_description/local_setup.sh
[0.754s] -- Installing: /home/y/SA_CAO_Simu/SA_CAO/install/turtlebot3_description/share/turtlebot3_description/local_setup.zsh
[0.754s] -- Installing: /home/y/SA_CAO_Simu/SA_CAO/install/turtlebot3_description/share/turtlebot3_description/local_setup.dsv
[0.754s] -- Installing: /home/y/SA_CAO_Simu/SA_CAO/install/turtlebot3_description/share/turtlebot3_description/package.dsv
[0.754s] -- Installing: /home/y/SA_CAO_Simu/SA_CAO/install/turtlebot3_description/share/ament_index/resource_index/packages/turtlebot3_description
[0.754s] -- Installing: /home/y/SA_CAO_Simu/SA_CAO/install/turtlebot3_description/share/turtlebot3_description/cmake/turtlebot3_descriptionConfig.cmake
[0.754s] -- Installing: /home/y/SA_CAO_Simu/SA_CAO/install/turtlebot3_description/share/turtlebot3_description/cmake/turtlebot3_descriptionConfig-version.cmake
[0.754s] -- Installing: /home/y/SA_CAO_Simu/SA_CAO/install/turtlebot3_description/share/turtlebot3_description/package.xml
[0.755s] Invoked command in '/home/y/SA_CAO_Simu/SA_CAO/build/turtlebot3_description' returned '0': CMAKE_PREFIX_PATH=/opt/ros/foxy /usr/bin/cmake --install /home/y/SA_CAO_Simu/SA_CAO/build/turtlebot3_description
