[0.009s] Invoking command in '/home/y/SA_CAO_Simu/SA_CAO/build/turtlebot3_description': CMAKE_PREFIX_PATH=${CMAKE_PREFIX_PATH}:/home/y/SA_CAO_Simu/SA_CAO/install/turtlebot3_teleop:/home/y/SA_CAO_Simu/SA_CAO/install/turtlebot3_example:/home/y/SA_CAO_Simu/SA_CAO/install/pure_pursuit:/home/y/SA_CAO_Simu/SA_CAO/install/my_balance_pkg:/home/y/SA_CAO_Simu/SA_CAO/install/launch_diablo:/opt/ros/foxy /usr/bin/cmake --build /home/y/SA_CAO_Simu/SA_CAO/build/turtlebot3_description -- -j2 -l2
[0.039s] Invoked command in '/home/y/SA_CAO_Simu/SA_CAO/build/turtlebot3_description' returned '0': CMAKE_PREFIX_PATH=${CMAKE_PREFIX_PATH}:/home/y/SA_CAO_Simu/SA_CAO/install/turtlebot3_teleop:/home/y/SA_CAO_Simu/SA_CAO/install/turtlebot3_example:/home/y/SA_CAO_Simu/SA_CAO/install/pure_pursuit:/home/y/SA_CAO_Simu/SA_CAO/install/my_balance_pkg:/home/y/SA_CAO_Simu/SA_CAO/install/launch_diablo:/opt/ros/foxy /usr/bin/cmake --build /home/y/SA_CAO_Simu/SA_CAO/build/turtlebot3_description -- -j2 -l2
[0.040s] Invoking command in '/home/y/SA_CAO_Simu/SA_CAO/build/turtlebot3_description': CMAKE_PREFIX_PATH=${CMAKE_PREFIX_PATH}:/home/y/SA_CAO_Simu/SA_CAO/install/turtlebot3_teleop:/home/y/SA_CAO_Simu/SA_CAO/install/turtlebot3_example:/home/y/SA_CAO_Simu/SA_CAO/install/pure_pursuit:/home/y/SA_CAO_Simu/SA_CAO/install/my_balance_pkg:/home/y/SA_CAO_Simu/SA_CAO/install/launch_diablo:/opt/ros/foxy /usr/bin/cmake --install /home/y/SA_CAO_Simu/SA_CAO/build/turtlebot3_description
[0.044s] -- Install configuration: ""
[0.044s] -- Up-to-date: /home/y/SA_CAO_Simu/SA_CAO/install/turtlebot3_description/share/turtlebot3_description/meshes
[0.044s] -- Up-to-date: /home/y/SA_CAO_Simu/SA_CAO/install/turtlebot3_description/share/turtlebot3_description/meshes/wheels
[0.044s] -- Up-to-date: /home/y/SA_CAO_Simu/SA_CAO/install/turtlebot3_description/share/turtlebot3_description/meshes/wheels/right_tire.stl
[0.045s] -- Up-to-date: /home/y/SA_CAO_Simu/SA_CAO/install/turtlebot3_description/share/turtlebot3_description/meshes/wheels/left_tire.stl
[0.045s] -- Up-to-date: /home/y/SA_CAO_Simu/SA_CAO/install/turtlebot3_description/share/turtlebot3_description/meshes/sensors
[0.045s] -- Up-to-date: /home/y/SA_CAO_Simu/SA_CAO/install/turtlebot3_description/share/turtlebot3_description/meshes/sensors/r200.dae
[0.045s] -- Up-to-date: /home/y/SA_CAO_Simu/SA_CAO/install/turtlebot3_description/share/turtlebot3_description/meshes/sensors/astra.dae
[0.045s] -- Up-to-date: /home/y/SA_CAO_Simu/SA_CAO/install/turtlebot3_description/share/turtlebot3_description/meshes/sensors/r200.jpg
[0.045s] -- Up-to-date: /home/y/SA_CAO_Simu/SA_CAO/install/turtlebot3_description/share/turtlebot3_description/meshes/sensors/lds.stl
[0.045s] -- Up-to-date: /home/y/SA_CAO_Simu/SA_CAO/install/turtlebot3_description/share/turtlebot3_description/meshes/sensors/astra.jpg
[0.045s] -- Up-to-date: /home/y/SA_CAO_Simu/SA_CAO/install/turtlebot3_description/share/turtlebot3_description/meshes/bases
[0.045s] -- Up-to-date: /home/y/SA_CAO_Simu/SA_CAO/install/turtlebot3_description/share/turtlebot3_description/meshes/bases/burger_base.stl
[0.045s] -- Up-to-date: /home/y/SA_CAO_Simu/SA_CAO/install/turtlebot3_description/share/turtlebot3_description/meshes/bases/waffle_pi_base.stl
[0.045s] -- Up-to-date: /home/y/SA_CAO_Simu/SA_CAO/install/turtlebot3_description/share/turtlebot3_description/meshes/bases/waffle_base.stl
[0.045s] -- Up-to-date: /home/y/SA_CAO_Simu/SA_CAO/install/turtlebot3_description/share/turtlebot3_description/rviz
[0.045s] -- Up-to-date: /home/y/SA_CAO_Simu/SA_CAO/install/turtlebot3_description/share/turtlebot3_description/rviz/model.rviz
[0.045s] -- Up-to-date: /home/y/SA_CAO_Simu/SA_CAO/install/turtlebot3_description/share/turtlebot3_description/urdf
[0.045s] -- Up-to-date: /home/y/SA_CAO_Simu/SA_CAO/install/turtlebot3_description/share/turtlebot3_description/urdf/turtlebot3_burger.urdf
[0.045s] -- Up-to-date: /home/y/SA_CAO_Simu/SA_CAO/install/turtlebot3_description/share/turtlebot3_description/urdf/turtlebot3_waffle.urdf
[0.045s] -- Up-to-date: /home/y/SA_CAO_Simu/SA_CAO/install/turtlebot3_description/share/turtlebot3_description/urdf/common_properties.urdf
[0.045s] -- Up-to-date: /home/y/SA_CAO_Simu/SA_CAO/install/turtlebot3_description/share/turtlebot3_description/urdf/turtlebot3_waffle_pi.urdf
[0.045s] -- Up-to-date: /home/y/SA_CAO_Simu/SA_CAO/install/turtlebot3_description/share/ament_index/resource_index/package_run_dependencies/turtlebot3_description
[0.045s] -- Up-to-date: /home/y/SA_CAO_Simu/SA_CAO/install/turtlebot3_description/share/ament_index/resource_index/parent_prefix_path/turtlebot3_description
[0.045s] -- Up-to-date: /home/y/SA_CAO_Simu/SA_CAO/install/turtlebot3_description/share/turtlebot3_description/environment/ament_prefix_path.sh
[0.045s] -- Up-to-date: /home/y/SA_CAO_Simu/SA_CAO/install/turtlebot3_description/share/turtlebot3_description/environment/ament_prefix_path.dsv
[0.045s] -- Up-to-date: /home/y/SA_CAO_Simu/SA_CAO/install/turtlebot3_description/share/turtlebot3_description/environment/path.sh
[0.045s] -- Up-to-date: /home/y/SA_CAO_Simu/SA_CAO/install/turtlebot3_description/share/turtlebot3_description/environment/path.dsv
[0.045s] -- Up-to-date: /home/y/SA_CAO_Simu/SA_CAO/install/turtlebot3_description/share/turtlebot3_description/local_setup.bash
[0.045s] -- Up-to-date: /home/y/SA_CAO_Simu/SA_CAO/install/turtlebot3_description/share/turtlebot3_description/local_setup.sh
[0.045s] -- Up-to-date: /home/y/SA_CAO_Simu/SA_CAO/install/turtlebot3_description/share/turtlebot3_description/local_setup.zsh
[0.045s] -- Up-to-date: /home/y/SA_CAO_Simu/SA_CAO/install/turtlebot3_description/share/turtlebot3_description/local_setup.dsv
[0.045s] -- Installing: /home/y/SA_CAO_Simu/SA_CAO/install/turtlebot3_description/share/turtlebot3_description/package.dsv
[0.046s] -- Up-to-date: /home/y/SA_CAO_Simu/SA_CAO/install/turtlebot3_description/share/ament_index/resource_index/packages/turtlebot3_description
[0.046s] -- Up-to-date: /home/y/SA_CAO_Simu/SA_CAO/install/turtlebot3_description/share/turtlebot3_description/cmake/turtlebot3_descriptionConfig.cmake
[0.046s] -- Up-to-date: /home/y/SA_CAO_Simu/SA_CAO/install/turtlebot3_description/share/turtlebot3_description/cmake/turtlebot3_descriptionConfig-version.cmake
[0.046s] -- Up-to-date: /home/y/SA_CAO_Simu/SA_CAO/install/turtlebot3_description/share/turtlebot3_description/package.xml
[0.047s] Invoked command in '/home/y/SA_CAO_Simu/SA_CAO/build/turtlebot3_description' returned '0': CMAKE_PREFIX_PATH=${CMAKE_PREFIX_PATH}:/home/y/SA_CAO_Simu/SA_CAO/install/turtlebot3_teleop:/home/y/SA_CAO_Simu/SA_CAO/install/turtlebot3_example:/home/y/SA_CAO_Simu/SA_CAO/install/pure_pursuit:/home/y/SA_CAO_Simu/SA_CAO/install/my_balance_pkg:/home/y/SA_CAO_Simu/SA_CAO/install/launch_diablo:/opt/ros/foxy /usr/bin/cmake --install /home/y/SA_CAO_Simu/SA_CAO/build/turtlebot3_description
