[0.248s] Invoking command in '/home/y/SA_CAO_Simu/SA_CAO/src/turtlebot3/turtlebot3/turtlebot3_teleop': PYTHONPATH=/home/y/SA_CAO_Simu/SA_CAO/build/turtlebot3_teleop/prefix_override:/usr/lib/python3/dist-packages/colcon_core/task/python/colcon_distutils_commands:/home/y/SA_CAO_Simu/SA_CAO/install/turtlebot3_teleop/lib/python3.8/site-packages:${PYTHONPATH} /usr/bin/python3 -W ignore:setup.py install is deprecated -W ignore:easy_install command is deprecated setup.py egg_info --egg-base ../../../../build/turtlebot3_teleop build --build-base /home/y/SA_CAO_Simu/SA_CAO/build/turtlebot3_teleop/build install --record /home/y/SA_CAO_Simu/SA_CAO/build/turtlebot3_teleop/install.log --single-version-externally-managed install_data
[0.320s] running egg_info
[0.320s] writing ../../../../build/turtlebot3_teleop/turtlebot3_teleop.egg-info/PKG-INFO
[0.320s] writing dependency_links to ../../../../build/turtlebot3_teleop/turtlebot3_teleop.egg-info/dependency_links.txt
[0.320s] writing entry points to ../../../../build/turtlebot3_teleop/turtlebot3_teleop.egg-info/entry_points.txt
[0.320s] writing requirements to ../../../../build/turtlebot3_teleop/turtlebot3_teleop.egg-info/requires.txt
[0.320s] writing top-level names to ../../../../build/turtlebot3_teleop/turtlebot3_teleop.egg-info/top_level.txt
[0.332s] reading manifest file '../../../../build/turtlebot3_teleop/turtlebot3_teleop.egg-info/SOURCES.txt'
[0.333s] writing manifest file '../../../../build/turtlebot3_teleop/turtlebot3_teleop.egg-info/SOURCES.txt'
[0.333s] running build
[0.333s] running build_py
[0.333s] running install
[0.333s] running install_lib
[0.334s] running install_data
[0.334s] running install_egg_info
[0.334s] removing '/home/y/SA_CAO_Simu/SA_CAO/install/turtlebot3_teleop/lib/python3.8/site-packages/turtlebot3_teleop-2.1.4-py3.8.egg-info' (and everything under it)
[0.334s] Copying ../../../../build/turtlebot3_teleop/turtlebot3_teleop.egg-info to /home/y/SA_CAO_Simu/SA_CAO/install/turtlebot3_teleop/lib/python3.8/site-packages/turtlebot3_teleop-2.1.4-py3.8.egg-info
[0.335s] running install_scripts
[0.341s] Installing teleop_keyboard script to /home/y/SA_CAO_Simu/SA_CAO/install/turtlebot3_teleop/lib/turtlebot3_teleop
[0.341s] writing list of installed files to '/home/y/SA_CAO_Simu/SA_CAO/build/turtlebot3_teleop/install.log'
[0.355s] Invoked command in '/home/y/SA_CAO_Simu/SA_CAO/src/turtlebot3/turtlebot3/turtlebot3_teleop' returned '0': PYTHONPATH=/home/y/SA_CAO_Simu/SA_CAO/build/turtlebot3_teleop/prefix_override:/usr/lib/python3/dist-packages/colcon_core/task/python/colcon_distutils_commands:/home/y/SA_CAO_Simu/SA_CAO/install/turtlebot3_teleop/lib/python3.8/site-packages:${PYTHONPATH} /usr/bin/python3 -W ignore:setup.py install is deprecated -W ignore:easy_install command is deprecated setup.py egg_info --egg-base ../../../../build/turtlebot3_teleop build --build-base /home/y/SA_CAO_Simu/SA_CAO/build/turtlebot3_teleop/build install --record /home/y/SA_CAO_Simu/SA_CAO/build/turtlebot3_teleop/install.log --single-version-externally-managed install_data
