[0.005s] Invoking command in '/home/y/SA_CAO_Simu/SA_CAO/build/hls_lfcd_lds_driver': CMAKE_PREFIX_PATH=/opt/ros/foxy /usr/bin/cmake /home/y/SA_CAO_Simu/SA_CAO/src/utils/hls_lfcd_lds_driver -DCMAKE_INSTALL_PREFIX=/home/y/SA_CAO_Simu/SA_CAO/install/hls_lfcd_lds_driver
[0.039s] -- The C compiler identification is GNU 9.4.0
[0.063s] -- The CXX compiler identification is GNU 9.4.0
[0.063s] -- Check for working C compiler: /usr/bin/cc
[0.099s] -- Check for working C compiler: /usr/bin/cc -- works
[0.099s] -- Detecting C compiler ABI info
[0.131s] -- Detecting C compiler ABI info - done
[0.136s] -- Detecting C compile features
[0.137s] -- Detecting C compile features - done
[0.137s] -- Check for working CXX compiler: /usr/bin/c++
[0.171s] -- Check for working CXX compiler: /usr/bin/c++ -- works
[0.172s] -- Detecting CXX compiler ABI info
[0.211s] -- Detecting CXX compiler ABI info - done
[0.214s] -- Detecting CXX compile features
[0.214s] -- Detecting CXX compile features - done
[0.215s] -- Found ament_cmake: 0.9.12 (/opt/ros/foxy/share/ament_cmake/cmake)
[0.231s] -- Found PythonInterp: /usr/bin/python3 (found suitable version "3.8.10", minimum required is "3") 
[0.231s] -- Using PYTHON_EXECUTABLE: /usr/bin/python3
[0.305s] -- Found rclcpp: 2.4.3 (/opt/ros/foxy/share/rclcpp/cmake)
[0.329s] -- Using all available rosidl_typesupport_c: rosidl_typesupport_fastrtps_c;rosidl_typesupport_introspection_c
[0.332s] -- Found rosidl_adapter: 1.3.1 (/opt/ros/foxy/share/rosidl_adapter/cmake)
[0.375s] -- Found OpenSSL: /usr/lib/aarch64-linux-gnu/libcrypto.so (found version "1.1.1f")  
[0.391s] -- Found FastRTPS: /opt/ros/foxy/include  
[0.427s] -- Using all available rosidl_typesupport_cpp: rosidl_typesupport_fastrtps_cpp;rosidl_typesupport_introspection_cpp
[0.463s] -- Found rmw_implementation_cmake: 1.0.4 (/opt/ros/foxy/share/rmw_implementation_cmake/cmake)
[0.464s] -- Using RMW implementation 'rmw_fastrtps_cpp' as default
[0.466s] -- Looking for pthread.h
[0.535s] -- Looking for pthread.h - found
[0.536s] -- Performing Test CMAKE_HAVE_LIBC_PTHREAD
[0.603s] -- Performing Test CMAKE_HAVE_LIBC_PTHREAD - Failed
[0.604s] -- Looking for pthread_create in pthreads
[0.699s] -- Looking for pthread_create in pthreads - not found
[0.699s] -- Looking for pthread_create in pthread
[0.743s] -- Looking for pthread_create in pthread - found
[0.743s] -- Found Threads: TRUE  
[0.834s] -- Found sensor_msgs: 2.0.5 (/opt/ros/foxy/share/sensor_msgs/cmake)
[0.911s] -- Found Boost: /usr/lib/aarch64-linux-gnu/cmake/Boost-1.71.0/BoostConfig.cmake (found version "1.71.0") found components: system 
[0.990s] -- Configuring done
[0.999s] -- Generating done
[1.011s] -- Build files have been written to: /home/y/SA_CAO_Simu/SA_CAO/build/hls_lfcd_lds_driver
[1.031s] Invoked command in '/home/y/SA_CAO_Simu/SA_CAO/build/hls_lfcd_lds_driver' returned '0': CMAKE_PREFIX_PATH=/opt/ros/foxy /usr/bin/cmake /home/y/SA_CAO_Simu/SA_CAO/src/utils/hls_lfcd_lds_driver -DCMAKE_INSTALL_PREFIX=/home/y/SA_CAO_Simu/SA_CAO/install/hls_lfcd_lds_driver
[1.032s] Invoking command in '/home/y/SA_CAO_Simu/SA_CAO/build/hls_lfcd_lds_driver': CMAKE_PREFIX_PATH=/opt/ros/foxy /usr/bin/cmake --build /home/y/SA_CAO_Simu/SA_CAO/build/hls_lfcd_lds_driver -- -j2 -l2
[1.091s] [35m[1mScanning dependencies of target hlds_laser_publisher[0m
[1.195s] [ 50%] [32mBuilding CXX object CMakeFiles/hlds_laser_publisher.dir/src/hlds_laser_publisher.cpp.o[0m
[3.051s] [100%] [32m[1mLinking CXX executable hlds_laser_publisher[0m
[3.152s] [100%] Built target hlds_laser_publisher
[3.156s] Invoked command in '/home/y/SA_CAO_Simu/SA_CAO/build/hls_lfcd_lds_driver' returned '0': CMAKE_PREFIX_PATH=/opt/ros/foxy /usr/bin/cmake --build /home/y/SA_CAO_Simu/SA_CAO/build/hls_lfcd_lds_driver -- -j2 -l2
[3.156s] Invoking command in '/home/y/SA_CAO_Simu/SA_CAO/build/hls_lfcd_lds_driver': CMAKE_PREFIX_PATH=/opt/ros/foxy /usr/bin/cmake --install /home/y/SA_CAO_Simu/SA_CAO/build/hls_lfcd_lds_driver
[3.160s] -- Install configuration: ""
[3.160s] -- Installing: /home/y/SA_CAO_Simu/SA_CAO/install/hls_lfcd_lds_driver/share/hls_lfcd_lds_driver/launch
[3.161s] -- Installing: /home/y/SA_CAO_Simu/SA_CAO/install/hls_lfcd_lds_driver/share/hls_lfcd_lds_driver/launch/view_hlds_laser.launch.py
[3.161s] -- Installing: /home/y/SA_CAO_Simu/SA_CAO/install/hls_lfcd_lds_driver/share/hls_lfcd_lds_driver/launch/hlds_laser.launch.py
[3.161s] -- Installing: /home/y/SA_CAO_Simu/SA_CAO/install/hls_lfcd_lds_driver/share/hls_lfcd_lds_driver/rviz
[3.161s] -- Installing: /home/y/SA_CAO_Simu/SA_CAO/install/hls_lfcd_lds_driver/share/hls_lfcd_lds_driver/rviz/hlds_laser.rviz
[3.161s] -- Installing: /home/y/SA_CAO_Simu/SA_CAO/install/hls_lfcd_lds_driver/lib/hls_lfcd_lds_driver/hlds_laser_publisher
[3.162s] -- Set runtime path of "/home/y/SA_CAO_Simu/SA_CAO/install/hls_lfcd_lds_driver/lib/hls_lfcd_lds_driver/hlds_laser_publisher" to ""
[3.162s] -- Installing: /home/y/SA_CAO_Simu/SA_CAO/install/hls_lfcd_lds_driver/share/ament_index/resource_index/package_run_dependencies/hls_lfcd_lds_driver
[3.162s] -- Installing: /home/y/SA_CAO_Simu/SA_CAO/install/hls_lfcd_lds_driver/share/ament_index/resource_index/parent_prefix_path/hls_lfcd_lds_driver
[3.162s] -- Installing: /home/y/SA_CAO_Simu/SA_CAO/install/hls_lfcd_lds_driver/share/hls_lfcd_lds_driver/environment/ament_prefix_path.sh
[3.162s] -- Installing: /home/y/SA_CAO_Simu/SA_CAO/install/hls_lfcd_lds_driver/share/hls_lfcd_lds_driver/environment/ament_prefix_path.dsv
[3.162s] -- Installing: /home/y/SA_CAO_Simu/SA_CAO/install/hls_lfcd_lds_driver/share/hls_lfcd_lds_driver/environment/path.sh
[3.162s] -- Installing: /home/y/SA_CAO_Simu/SA_CAO/install/hls_lfcd_lds_driver/share/hls_lfcd_lds_driver/environment/path.dsv
[3.162s] -- Installing: /home/y/SA_CAO_Simu/SA_CAO/install/hls_lfcd_lds_driver/share/hls_lfcd_lds_driver/local_setup.bash
[3.162s] -- Installing: /home/y/SA_CAO_Simu/SA_CAO/install/hls_lfcd_lds_driver/share/hls_lfcd_lds_driver/local_setup.sh
[3.162s] -- Installing: /home/y/SA_CAO_Simu/SA_CAO/install/hls_lfcd_lds_driver/share/hls_lfcd_lds_driver/local_setup.zsh
[3.162s] -- Installing: /home/y/SA_CAO_Simu/SA_CAO/install/hls_lfcd_lds_driver/share/hls_lfcd_lds_driver/local_setup.dsv
[3.162s] -- Installing: /home/y/SA_CAO_Simu/SA_CAO/install/hls_lfcd_lds_driver/share/hls_lfcd_lds_driver/package.dsv
[3.162s] -- Installing: /home/y/SA_CAO_Simu/SA_CAO/install/hls_lfcd_lds_driver/share/ament_index/resource_index/packages/hls_lfcd_lds_driver
[3.162s] -- Installing: /home/y/SA_CAO_Simu/SA_CAO/install/hls_lfcd_lds_driver/share/hls_lfcd_lds_driver/cmake/ament_cmake_export_dependencies-extras.cmake
[3.162s] -- Installing: /home/y/SA_CAO_Simu/SA_CAO/install/hls_lfcd_lds_driver/share/hls_lfcd_lds_driver/cmake/ament_cmake_export_include_directories-extras.cmake
[3.162s] -- Installing: /home/y/SA_CAO_Simu/SA_CAO/install/hls_lfcd_lds_driver/share/hls_lfcd_lds_driver/cmake/hls_lfcd_lds_driverConfig.cmake
[3.162s] -- Installing: /home/y/SA_CAO_Simu/SA_CAO/install/hls_lfcd_lds_driver/share/hls_lfcd_lds_driver/cmake/hls_lfcd_lds_driverConfig-version.cmake
[3.163s] -- Installing: /home/y/SA_CAO_Simu/SA_CAO/install/hls_lfcd_lds_driver/share/hls_lfcd_lds_driver/package.xml
[3.164s] Invoked command in '/home/y/SA_CAO_Simu/SA_CAO/build/hls_lfcd_lds_driver' returned '0': CMAKE_PREFIX_PATH=/opt/ros/foxy /usr/bin/cmake --install /home/y/SA_CAO_Simu/SA_CAO/build/hls_lfcd_lds_driver
