[2.388s] Invoking command in '/home/y/SA_CAO/src/my_joystick': PYTHONPATH=/home/y/SA_CAO/build/my_joystick/prefix_override:/usr/lib/python3/dist-packages/colcon_core/task/python/colcon_distutils_commands:/home/y/SA_CAO/install/my_joystick/lib/python3.8/site-packages:${PYTHONPATH} /usr/bin/python3 -W ignore:setup.py install is deprecated -W ignore:easy_install command is deprecated setup.py egg_info --egg-base ../../build/my_joystick build --build-base /home/y/SA_CAO/build/my_joystick/build install --record /home/y/SA_CAO/build/my_joystick/install.log --install-scripts $base/lib/my_joystick --single-version-externally-managed install_data
[2.835s] running egg_info
[2.835s] creating ../../build/my_joystick/my_joystick.egg-info
[2.835s] writing ../../build/my_joystick/my_joystick.egg-info/PKG-INFO
[2.836s] writing dependency_links to ../../build/my_joystick/my_joystick.egg-info/dependency_links.txt
[2.836s] writing entry points to ../../build/my_joystick/my_joystick.egg-info/entry_points.txt
[2.836s] writing requirements to ../../build/my_joystick/my_joystick.egg-info/requires.txt
[2.836s] writing top-level names to ../../build/my_joystick/my_joystick.egg-info/top_level.txt
[2.836s] writing manifest file '../../build/my_joystick/my_joystick.egg-info/SOURCES.txt'
[2.879s] reading manifest file '../../build/my_joystick/my_joystick.egg-info/SOURCES.txt'
[2.883s] writing manifest file '../../build/my_joystick/my_joystick.egg-info/SOURCES.txt'
[2.883s] running build
[2.884s] running build_py
[2.884s] creating /home/y/SA_CAO/build/my_joystick/build
[2.885s] creating /home/y/SA_CAO/build/my_joystick/build/lib
[2.885s] creating /home/y/SA_CAO/build/my_joystick/build/lib/my_joystick
[2.886s] copying my_joystick/__init__.py -> /home/y/SA_CAO/build/my_joystick/build/lib/my_joystick
[2.886s] copying my_joystick/my_joystick_node.py -> /home/y/SA_CAO/build/my_joystick/build/lib/my_joystick
[2.886s] running install
[2.891s] running install_lib
[2.893s] creating /home/y/SA_CAO/install/my_joystick/lib/python3.8/site-packages/my_joystick
[2.893s] copying /home/y/SA_CAO/build/my_joystick/build/lib/my_joystick/__init__.py -> /home/y/SA_CAO/install/my_joystick/lib/python3.8/site-packages/my_joystick
[2.894s] copying /home/y/SA_CAO/build/my_joystick/build/lib/my_joystick/my_joystick_node.py -> /home/y/SA_CAO/install/my_joystick/lib/python3.8/site-packages/my_joystick
[2.895s] byte-compiling /home/y/SA_CAO/install/my_joystick/lib/python3.8/site-packages/my_joystick/__init__.py to __init__.cpython-38.pyc
[2.897s] byte-compiling /home/y/SA_CAO/install/my_joystick/lib/python3.8/site-packages/my_joystick/my_joystick_node.py to my_joystick_node.cpython-38.pyc
[2.897s] running install_data
[2.897s] creating /home/y/SA_CAO/install/my_joystick/share/ament_index
[2.898s] creating /home/y/SA_CAO/install/my_joystick/share/ament_index/resource_index
[2.899s] creating /home/y/SA_CAO/install/my_joystick/share/ament_index/resource_index/packages
[2.900s] copying resource/my_joystick -> /home/y/SA_CAO/install/my_joystick/share/ament_index/resource_index/packages
[2.900s] copying package.xml -> /home/y/SA_CAO/install/my_joystick/share/my_joystick
[2.900s] running install_egg_info
[2.901s] Copying ../../build/my_joystick/my_joystick.egg-info to /home/y/SA_CAO/install/my_joystick/lib/python3.8/site-packages/my_joystick-0.0.0-py3.8.egg-info
[2.903s] running install_scripts
[2.932s] Installing my_joystick script to /home/y/SA_CAO/install/my_joystick/lib/my_joystick
[2.932s] writing list of installed files to '/home/y/SA_CAO/build/my_joystick/install.log'
[3.002s] Invoked command in '/home/y/SA_CAO/src/my_joystick' returned '0': PYTHONPATH=/home/y/SA_CAO/build/my_joystick/prefix_override:/usr/lib/python3/dist-packages/colcon_core/task/python/colcon_distutils_commands:/home/y/SA_CAO/install/my_joystick/lib/python3.8/site-packages:${PYTHONPATH} /usr/bin/python3 -W ignore:setup.py install is deprecated -W ignore:easy_install command is deprecated setup.py egg_info --egg-base ../../build/my_joystick build --build-base /home/y/SA_CAO/build/my_joystick/build install --record /home/y/SA_CAO/build/my_joystick/install.log --install-scripts $base/lib/my_joystick --single-version-externally-managed install_data
