[0.013s] Invoking command in '/home/y/SA_CAO_Simu/SA_CAO/build/turtlebot3_node': AMENT_PREFIX_PATH=/home/y/SA_CAO_Simu/SA_CAO/install/turtlebot3_msgs:/home/y/SA_CAO_Simu/SA_CAO/install/dynamixel_sdk:${AMENT_PREFIX_PATH} CMAKE_PREFIX_PATH=/home/y/SA_CAO_Simu/SA_CAO/install/turtlebot3_msgs:/home/y/SA_CAO_Simu/SA_CAO/install/dynamixel_sdk:/opt/ros/foxy LD_LIBRARY_PATH=/home/y/SA_CAO_Simu/SA_CAO/install/turtlebot3_msgs/lib:/home/y/SA_CAO_Simu/SA_CAO/install/dynamixel_sdk/lib:${LD_LIBRARY_PATH} PYTHONPATH=/home/y/SA_CAO_Simu/SA_CAO/install/turtlebot3_msgs/lib/python3.8/site-packages:${PYTHONPATH} /usr/bin/cmake --build /home/y/SA_CAO_Simu/SA_CAO/build/turtlebot3_node -- -j2 -l2
[0.067s] [ 85%] Built target turtlebot3_node_lib
[0.087s] [100%] Built target turtlebot3_ros
[0.092s] Invoked command in '/home/y/SA_CAO_Simu/SA_CAO/build/turtlebot3_node' returned '0': AMENT_PREFIX_PATH=/home/y/SA_CAO_Simu/SA_CAO/install/turtlebot3_msgs:/home/y/SA_CAO_Simu/SA_CAO/install/dynamixel_sdk:${AMENT_PREFIX_PATH} CMAKE_PREFIX_PATH=/home/y/SA_CAO_Simu/SA_CAO/install/turtlebot3_msgs:/home/y/SA_CAO_Simu/SA_CAO/install/dynamixel_sdk:/opt/ros/foxy LD_LIBRARY_PATH=/home/y/SA_CAO_Simu/SA_CAO/install/turtlebot3_msgs/lib:/home/y/SA_CAO_Simu/SA_CAO/install/dynamixel_sdk/lib:${LD_LIBRARY_PATH} PYTHONPATH=/home/y/SA_CAO_Simu/SA_CAO/install/turtlebot3_msgs/lib/python3.8/site-packages:${PYTHONPATH} /usr/bin/cmake --build /home/y/SA_CAO_Simu/SA_CAO/build/turtlebot3_node -- -j2 -l2
[0.093s] Invoking command in '/home/y/SA_CAO_Simu/SA_CAO/build/turtlebot3_node': AMENT_PREFIX_PATH=/home/y/SA_CAO_Simu/SA_CAO/install/turtlebot3_msgs:/home/y/SA_CAO_Simu/SA_CAO/install/dynamixel_sdk:${AMENT_PREFIX_PATH} CMAKE_PREFIX_PATH=/home/y/SA_CAO_Simu/SA_CAO/install/turtlebot3_msgs:/home/y/SA_CAO_Simu/SA_CAO/install/dynamixel_sdk:/opt/ros/foxy LD_LIBRARY_PATH=/home/y/SA_CAO_Simu/SA_CAO/install/turtlebot3_msgs/lib:/home/y/SA_CAO_Simu/SA_CAO/install/dynamixel_sdk/lib:${LD_LIBRARY_PATH} PYTHONPATH=/home/y/SA_CAO_Simu/SA_CAO/install/turtlebot3_msgs/lib/python3.8/site-packages:${PYTHONPATH} /usr/bin/cmake --install /home/y/SA_CAO_Simu/SA_CAO/build/turtlebot3_node
[0.102s] -- Install configuration: ""
[0.102s] -- Up-to-date: /home/y/SA_CAO_Simu/SA_CAO/install/turtlebot3_node/share/turtlebot3_node/param
[0.102s] -- Up-to-date: /home/y/SA_CAO_Simu/SA_CAO/install/turtlebot3_node/share/turtlebot3_node/param/waffle.yaml
[0.102s] -- Up-to-date: /home/y/SA_CAO_Simu/SA_CAO/install/turtlebot3_node/share/turtlebot3_node/param/waffle_pi.yaml
[0.102s] -- Up-to-date: /home/y/SA_CAO_Simu/SA_CAO/install/turtlebot3_node/share/turtlebot3_node/param/burger.yaml
[0.103s] -- Up-to-date: /home/y/SA_CAO_Simu/SA_CAO/install/turtlebot3_node/lib/turtlebot3_node/turtlebot3_ros
[0.103s] -- Up-to-date: /home/y/SA_CAO_Simu/SA_CAO/install/turtlebot3_node/share/ament_index/resource_index/package_run_dependencies/turtlebot3_node
[0.103s] -- Up-to-date: /home/y/SA_CAO_Simu/SA_CAO/install/turtlebot3_node/share/ament_index/resource_index/parent_prefix_path/turtlebot3_node
[0.103s] -- Up-to-date: /home/y/SA_CAO_Simu/SA_CAO/install/turtlebot3_node/share/turtlebot3_node/environment/ament_prefix_path.sh
[0.103s] -- Up-to-date: /home/y/SA_CAO_Simu/SA_CAO/install/turtlebot3_node/share/turtlebot3_node/environment/ament_prefix_path.dsv
[0.103s] -- Up-to-date: /home/y/SA_CAO_Simu/SA_CAO/install/turtlebot3_node/share/turtlebot3_node/environment/path.sh
[0.103s] -- Up-to-date: /home/y/SA_CAO_Simu/SA_CAO/install/turtlebot3_node/share/turtlebot3_node/environment/path.dsv
[0.103s] -- Up-to-date: /home/y/SA_CAO_Simu/SA_CAO/install/turtlebot3_node/share/turtlebot3_node/local_setup.bash
[0.103s] -- Up-to-date: /home/y/SA_CAO_Simu/SA_CAO/install/turtlebot3_node/share/turtlebot3_node/local_setup.sh
[0.103s] -- Up-to-date: /home/y/SA_CAO_Simu/SA_CAO/install/turtlebot3_node/share/turtlebot3_node/local_setup.zsh
[0.103s] -- Up-to-date: /home/y/SA_CAO_Simu/SA_CAO/install/turtlebot3_node/share/turtlebot3_node/local_setup.dsv
[0.103s] -- Installing: /home/y/SA_CAO_Simu/SA_CAO/install/turtlebot3_node/share/turtlebot3_node/package.dsv
[0.103s] -- Up-to-date: /home/y/SA_CAO_Simu/SA_CAO/install/turtlebot3_node/share/ament_index/resource_index/packages/turtlebot3_node
[0.103s] -- Up-to-date: /home/y/SA_CAO_Simu/SA_CAO/install/turtlebot3_node/share/turtlebot3_node/cmake/ament_cmake_export_include_directories-extras.cmake
[0.104s] -- Up-to-date: /home/y/SA_CAO_Simu/SA_CAO/install/turtlebot3_node/share/turtlebot3_node/cmake/turtlebot3_nodeConfig.cmake
[0.104s] -- Up-to-date: /home/y/SA_CAO_Simu/SA_CAO/install/turtlebot3_node/share/turtlebot3_node/cmake/turtlebot3_nodeConfig-version.cmake
[0.104s] -- Up-to-date: /home/y/SA_CAO_Simu/SA_CAO/install/turtlebot3_node/share/turtlebot3_node/package.xml
[0.104s] Invoked command in '/home/y/SA_CAO_Simu/SA_CAO/build/turtlebot3_node' returned '0': AMENT_PREFIX_PATH=/home/y/SA_CAO_Simu/SA_CAO/install/turtlebot3_msgs:/home/y/SA_CAO_Simu/SA_CAO/install/dynamixel_sdk:${AMENT_PREFIX_PATH} CMAKE_PREFIX_PATH=/home/y/SA_CAO_Simu/SA_CAO/install/turtlebot3_msgs:/home/y/SA_CAO_Simu/SA_CAO/install/dynamixel_sdk:/opt/ros/foxy LD_LIBRARY_PATH=/home/y/SA_CAO_Simu/SA_CAO/install/turtlebot3_msgs/lib:/home/y/SA_CAO_Simu/SA_CAO/install/dynamixel_sdk/lib:${LD_LIBRARY_PATH} PYTHONPATH=/home/y/SA_CAO_Simu/SA_CAO/install/turtlebot3_msgs/lib/python3.8/site-packages:${PYTHONPATH} /usr/bin/cmake --install /home/y/SA_CAO_Simu/SA_CAO/build/turtlebot3_node
