[0.010s] Invoking command in '/home/y/SA_CAO_Simu/SA_CAO/build/dynamixel_sdk': CMAKE_PREFIX_PATH=/opt/ros/foxy /usr/bin/cmake /home/y/SA_CAO_Simu/SA_CAO/src/utils/DynamixelSDK/dynamixel_sdk -DCMAKE_INSTALL_PREFIX=/home/y/SA_CAO_Simu/SA_CAO/install/dynamixel_sdk
[0.039s] -- The C compiler identification is GNU 9.4.0
[0.062s] -- The CXX compiler identification is GNU 9.4.0
[0.063s] -- Check for working C compiler: /usr/bin/cc
[0.191s] -- Check for working C compiler: /usr/bin/cc -- works
[0.191s] -- Detecting C compiler ABI info
[0.249s] -- Detecting C compiler ABI info - done
[0.252s] -- Detecting C compile features
[0.252s] -- Detecting C compile features - done
[0.253s] -- Check for working CXX compiler: /usr/bin/c++
[0.295s] -- Check for working CXX compiler: /usr/bin/c++ -- works
[0.296s] -- Detecting CXX compiler ABI info
[0.327s] -- Detecting CXX compiler ABI info - done
[0.332s] -- Detecting CXX compile features
[0.333s] -- Detecting CXX compile features - done
[0.334s] -- Found ament_cmake: 0.9.12 (/opt/ros/foxy/share/ament_cmake/cmake)
[0.345s] -- Found PythonInterp: /usr/bin/python3 (found suitable version "3.8.10", minimum required is "3") 
[0.345s] -- Using PYTHON_EXECUTABLE: /usr/bin/python3
[0.446s] -- Configuring done
[0.446s] -- Generating done
[0.446s] -- Build files have been written to: /home/y/SA_CAO_Simu/SA_CAO/build/dynamixel_sdk
[0.447s] Invoked command in '/home/y/SA_CAO_Simu/SA_CAO/build/dynamixel_sdk' returned '0': CMAKE_PREFIX_PATH=/opt/ros/foxy /usr/bin/cmake /home/y/SA_CAO_Simu/SA_CAO/src/utils/DynamixelSDK/dynamixel_sdk -DCMAKE_INSTALL_PREFIX=/home/y/SA_CAO_Simu/SA_CAO/install/dynamixel_sdk
[0.448s] Invoking command in '/home/y/SA_CAO_Simu/SA_CAO/build/dynamixel_sdk': CMAKE_PREFIX_PATH=/opt/ros/foxy /usr/bin/cmake --build /home/y/SA_CAO_Simu/SA_CAO/build/dynamixel_sdk -- -j2 -l2
[0.470s] [35m[1mScanning dependencies of target dynamixel_sdk[0m
[0.487s] [ 10%] [32mBuilding CXX object CMakeFiles/dynamixel_sdk.dir/src/dynamixel_sdk/packet_handler.cpp.o[0m
[0.490s] [ 20%] [32mBuilding CXX object CMakeFiles/dynamixel_sdk.dir/src/dynamixel_sdk/protocol1_packet_handler.cpp.o[0m
[0.565s] [ 30%] [32mBuilding CXX object CMakeFiles/dynamixel_sdk.dir/src/dynamixel_sdk/protocol2_packet_handler.cpp.o[0m
[0.585s] [ 40%] [32mBuilding CXX object CMakeFiles/dynamixel_sdk.dir/src/dynamixel_sdk/group_sync_read.cpp.o[0m
[0.674s] [ 50%] [32mBuilding CXX object CMakeFiles/dynamixel_sdk.dir/src/dynamixel_sdk/group_sync_write.cpp.o[0m
[0.779s] [ 60%] [32mBuilding CXX object CMakeFiles/dynamixel_sdk.dir/src/dynamixel_sdk/group_bulk_read.cpp.o[0m
[0.899s] [ 70%] [32mBuilding CXX object CMakeFiles/dynamixel_sdk.dir/src/dynamixel_sdk/group_bulk_write.cpp.o[0m
[1.025s] [ 80%] [32mBuilding CXX object CMakeFiles/dynamixel_sdk.dir/src/dynamixel_sdk/port_handler.cpp.o[0m
[1.071s] [ 90%] [32mBuilding CXX object CMakeFiles/dynamixel_sdk.dir/src/dynamixel_sdk/port_handler_linux.cpp.o[0m
[1.146s] [100%] [32m[1mLinking CXX shared library libdynamixel_sdk.so[0m
[1.185s] [100%] Built target dynamixel_sdk
[1.189s] Invoked command in '/home/y/SA_CAO_Simu/SA_CAO/build/dynamixel_sdk' returned '0': CMAKE_PREFIX_PATH=/opt/ros/foxy /usr/bin/cmake --build /home/y/SA_CAO_Simu/SA_CAO/build/dynamixel_sdk -- -j2 -l2
[1.190s] Invoking command in '/home/y/SA_CAO_Simu/SA_CAO/build/dynamixel_sdk': CMAKE_PREFIX_PATH=/opt/ros/foxy /usr/bin/cmake --install /home/y/SA_CAO_Simu/SA_CAO/build/dynamixel_sdk
[1.204s] -- Install configuration: ""
[1.207s] -- Installing: /home/y/SA_CAO_Simu/SA_CAO/install/dynamixel_sdk/include/
[1.207s] -- Installing: /home/y/SA_CAO_Simu/SA_CAO/install/dynamixel_sdk/include//dynamixel_sdk
[1.208s] -- Installing: /home/y/SA_CAO_Simu/SA_CAO/install/dynamixel_sdk/include//dynamixel_sdk/group_bulk_read.h
[1.208s] -- Installing: /home/y/SA_CAO_Simu/SA_CAO/install/dynamixel_sdk/include//dynamixel_sdk/protocol1_packet_handler.h
[1.208s] -- Installing: /home/y/SA_CAO_Simu/SA_CAO/install/dynamixel_sdk/include//dynamixel_sdk/group_bulk_write.h
[1.208s] -- Installing: /home/y/SA_CAO_Simu/SA_CAO/install/dynamixel_sdk/include//dynamixel_sdk/port_handler_linux.h
[1.208s] -- Installing: /home/y/SA_CAO_Simu/SA_CAO/install/dynamixel_sdk/include//dynamixel_sdk/group_sync_read.h
[1.208s] -- Installing: /home/y/SA_CAO_Simu/SA_CAO/install/dynamixel_sdk/include//dynamixel_sdk/dynamixel_sdk.h
[1.208s] -- Installing: /home/y/SA_CAO_Simu/SA_CAO/install/dynamixel_sdk/include//dynamixel_sdk/packet_handler.h
[1.208s] -- Installing: /home/y/SA_CAO_Simu/SA_CAO/install/dynamixel_sdk/include//dynamixel_sdk/port_handler_arduino.h
[1.208s] -- Installing: /home/y/SA_CAO_Simu/SA_CAO/install/dynamixel_sdk/include//dynamixel_sdk/group_sync_write.h
[1.208s] -- Installing: /home/y/SA_CAO_Simu/SA_CAO/install/dynamixel_sdk/include//dynamixel_sdk/port_handler_mac.h
[1.208s] -- Installing: /home/y/SA_CAO_Simu/SA_CAO/install/dynamixel_sdk/include//dynamixel_sdk/protocol2_packet_handler.h
[1.208s] -- Installing: /home/y/SA_CAO_Simu/SA_CAO/install/dynamixel_sdk/include//dynamixel_sdk/port_handler_windows.h
[1.208s] -- Installing: /home/y/SA_CAO_Simu/SA_CAO/install/dynamixel_sdk/include//dynamixel_sdk/port_handler.h
[1.208s] -- Installing: /home/y/SA_CAO_Simu/SA_CAO/install/dynamixel_sdk/lib/libdynamixel_sdk.so
[1.209s] -- Installing: /home/y/SA_CAO_Simu/SA_CAO/install/dynamixel_sdk/share/dynamixel_sdk/environment/library_path.sh
[1.209s] -- Installing: /home/y/SA_CAO_Simu/SA_CAO/install/dynamixel_sdk/share/dynamixel_sdk/environment/library_path.dsv
[1.209s] -- Installing: /home/y/SA_CAO_Simu/SA_CAO/install/dynamixel_sdk/share/ament_index/resource_index/package_run_dependencies/dynamixel_sdk
[1.209s] -- Installing: /home/y/SA_CAO_Simu/SA_CAO/install/dynamixel_sdk/share/ament_index/resource_index/parent_prefix_path/dynamixel_sdk
[1.209s] -- Installing: /home/y/SA_CAO_Simu/SA_CAO/install/dynamixel_sdk/share/dynamixel_sdk/environment/ament_prefix_path.sh
[1.209s] -- Installing: /home/y/SA_CAO_Simu/SA_CAO/install/dynamixel_sdk/share/dynamixel_sdk/environment/ament_prefix_path.dsv
[1.209s] -- Installing: /home/y/SA_CAO_Simu/SA_CAO/install/dynamixel_sdk/share/dynamixel_sdk/environment/path.sh
[1.209s] -- Installing: /home/y/SA_CAO_Simu/SA_CAO/install/dynamixel_sdk/share/dynamixel_sdk/environment/path.dsv
[1.209s] -- Installing: /home/y/SA_CAO_Simu/SA_CAO/install/dynamixel_sdk/share/dynamixel_sdk/local_setup.bash
[1.209s] -- Installing: /home/y/SA_CAO_Simu/SA_CAO/install/dynamixel_sdk/share/dynamixel_sdk/local_setup.sh
[1.209s] -- Installing: /home/y/SA_CAO_Simu/SA_CAO/install/dynamixel_sdk/share/dynamixel_sdk/local_setup.zsh
[1.209s] -- Installing: /home/y/SA_CAO_Simu/SA_CAO/install/dynamixel_sdk/share/dynamixel_sdk/local_setup.dsv
[1.209s] -- Installing: /home/y/SA_CAO_Simu/SA_CAO/install/dynamixel_sdk/share/dynamixel_sdk/package.dsv
[1.209s] -- Installing: /home/y/SA_CAO_Simu/SA_CAO/install/dynamixel_sdk/share/ament_index/resource_index/packages/dynamixel_sdk
[1.209s] -- Installing: /home/y/SA_CAO_Simu/SA_CAO/install/dynamixel_sdk/share/dynamixel_sdk/cmake/ament_cmake_export_include_directories-extras.cmake
[1.209s] -- Installing: /home/y/SA_CAO_Simu/SA_CAO/install/dynamixel_sdk/share/dynamixel_sdk/cmake/ament_cmake_export_libraries-extras.cmake
[1.210s] -- Installing: /home/y/SA_CAO_Simu/SA_CAO/install/dynamixel_sdk/share/dynamixel_sdk/cmake/dynamixel_sdkConfig.cmake
[1.210s] -- Installing: /home/y/SA_CAO_Simu/SA_CAO/install/dynamixel_sdk/share/dynamixel_sdk/cmake/dynamixel_sdkConfig-version.cmake
[1.210s] -- Installing: /home/y/SA_CAO_Simu/SA_CAO/install/dynamixel_sdk/share/dynamixel_sdk/package.xml
[1.211s] Invoked command in '/home/y/SA_CAO_Simu/SA_CAO/build/dynamixel_sdk' returned '0': CMAKE_PREFIX_PATH=/opt/ros/foxy /usr/bin/cmake --install /home/y/SA_CAO_Simu/SA_CAO/build/dynamixel_sdk
