[0.088s] Invoking command in '/home/y/SA_CAO_test_ws/build/turtlebot3_description': CMAKE_PREFIX_PATH=/home/y/SA_CAO_test_ws/install/turtlebot3:/home/y/SA_CAO_test_ws/install/turtlebot3_simulations:/home/y/SA_CAO_test_ws/install/turtlebot3_bringup:/home/y/SA_CAO_test_ws/install/turtlebot3_node:/home/y/SA_CAO_test_ws/install/turtlebot3_navigation2:/home/y/SA_CAO_test_ws/install/turtlebot3_fake_node:/home/y/SA_CAO_test_ws/install/turtlebot3_msgs:/home/y/SA_CAO_test_ws/install/turtlebot3_gazebo:/home/y/SA_CAO_test_ws/install/turtlebot3_description:/home/y/SA_CAO_test_ws/install/turtlebot3_cartographer:/home/y/SA_CAO_test_ws/install/sub_diablo2023a:/home/y/SA_CAO_test_ws/install/motion_msgs:/home/y/SA_CAO_test_ws/install/hls_lfcd_lds_driver:/home/y/SA_CAO_test_ws/install/dynamixel_sdk_examples:/home/y/SA_CAO_test_ws/install/dynamixel_sdk_custom_interfaces:/home/y/SA_CAO_test_ws/install/dynamixel_sdk:/home/y/SA_CAO_test_ws/install/turtlebot3_teleop:/home/y/SA_CAO_test_ws/install/turtlebot3_example:/home/y/SA_CAO_test_ws/install/my_joystick:/home/y/SA_CAO_test_ws/install/launch_diablo:/opt/ros/foxy:/home/y/oradar_ros/install/oradar_lidar /usr/bin/cmake /home/y/SA_CAO_test_ws/src/turtlebot3/turtlebot3/turtlebot3_description -DCMAKE_INSTALL_PREFIX=/home/y/SA_CAO_test_ws/install/turtlebot3_description
[0.453s] -- The C compiler identification is GNU 9.4.0
[0.758s] -- The CXX compiler identification is GNU 9.4.0
[0.779s] -- Check for working C compiler: /usr/bin/cc
[1.396s] -- Check for working C compiler: /usr/bin/cc -- works
[1.398s] -- Detecting C compiler ABI info
[1.996s] -- Detecting C compiler ABI info - done
[2.021s] -- Detecting C compile features
[2.022s] -- Detecting C compile features - done
[2.027s] -- Check for working CXX compiler: /usr/bin/c++
[2.463s] -- Check for working CXX compiler: /usr/bin/c++ -- works
[2.473s] -- Detecting CXX compiler ABI info
[3.092s] -- Detecting CXX compiler ABI info - done
[3.118s] -- Detecting CXX compile features
[3.121s] -- Detecting CXX compile features - done
[3.136s] -- Found ament_cmake: 0.9.12 (/opt/ros/foxy/share/ament_cmake/cmake)
[3.253s] -- Found PythonInterp: /usr/bin/python3 (found suitable version "3.8.10", minimum required is "3") 
[3.253s] -- Using PYTHON_EXECUTABLE: /usr/bin/python3
[3.896s] -- Found urdf: 2.4.0 (/opt/ros/foxy/share/urdf/cmake)
[4.306s] -- Configuring done
[4.323s] -- Generating done
[4.332s] -- Build files have been written to: /home/y/SA_CAO_test_ws/build/turtlebot3_description
[4.357s] Invoked command in '/home/y/SA_CAO_test_ws/build/turtlebot3_description' returned '0': CMAKE_PREFIX_PATH=/home/y/SA_CAO_test_ws/install/turtlebot3:/home/y/SA_CAO_test_ws/install/turtlebot3_simulations:/home/y/SA_CAO_test_ws/install/turtlebot3_bringup:/home/y/SA_CAO_test_ws/install/turtlebot3_node:/home/y/SA_CAO_test_ws/install/turtlebot3_navigation2:/home/y/SA_CAO_test_ws/install/turtlebot3_fake_node:/home/y/SA_CAO_test_ws/install/turtlebot3_msgs:/home/y/SA_CAO_test_ws/install/turtlebot3_gazebo:/home/y/SA_CAO_test_ws/install/turtlebot3_description:/home/y/SA_CAO_test_ws/install/turtlebot3_cartographer:/home/y/SA_CAO_test_ws/install/sub_diablo2023a:/home/y/SA_CAO_test_ws/install/motion_msgs:/home/y/SA_CAO_test_ws/install/hls_lfcd_lds_driver:/home/y/SA_CAO_test_ws/install/dynamixel_sdk_examples:/home/y/SA_CAO_test_ws/install/dynamixel_sdk_custom_interfaces:/home/y/SA_CAO_test_ws/install/dynamixel_sdk:/home/y/SA_CAO_test_ws/install/turtlebot3_teleop:/home/y/SA_CAO_test_ws/install/turtlebot3_example:/home/y/SA_CAO_test_ws/install/my_joystick:/home/y/SA_CAO_test_ws/install/launch_diablo:/opt/ros/foxy:/home/y/oradar_ros/install/oradar_lidar /usr/bin/cmake /home/y/SA_CAO_test_ws/src/turtlebot3/turtlebot3/turtlebot3_description -DCMAKE_INSTALL_PREFIX=/home/y/SA_CAO_test_ws/install/turtlebot3_description
[4.368s] Invoking command in '/home/y/SA_CAO_test_ws/build/turtlebot3_description': CMAKE_PREFIX_PATH=/home/y/SA_CAO_test_ws/install/turtlebot3:/home/y/SA_CAO_test_ws/install/turtlebot3_simulations:/home/y/SA_CAO_test_ws/install/turtlebot3_bringup:/home/y/SA_CAO_test_ws/install/turtlebot3_node:/home/y/SA_CAO_test_ws/install/turtlebot3_navigation2:/home/y/SA_CAO_test_ws/install/turtlebot3_fake_node:/home/y/SA_CAO_test_ws/install/turtlebot3_msgs:/home/y/SA_CAO_test_ws/install/turtlebot3_gazebo:/home/y/SA_CAO_test_ws/install/turtlebot3_description:/home/y/SA_CAO_test_ws/install/turtlebot3_cartographer:/home/y/SA_CAO_test_ws/install/sub_diablo2023a:/home/y/SA_CAO_test_ws/install/motion_msgs:/home/y/SA_CAO_test_ws/install/hls_lfcd_lds_driver:/home/y/SA_CAO_test_ws/install/dynamixel_sdk_examples:/home/y/SA_CAO_test_ws/install/dynamixel_sdk_custom_interfaces:/home/y/SA_CAO_test_ws/install/dynamixel_sdk:/home/y/SA_CAO_test_ws/install/turtlebot3_teleop:/home/y/SA_CAO_test_ws/install/turtlebot3_example:/home/y/SA_CAO_test_ws/install/my_joystick:/home/y/SA_CAO_test_ws/install/launch_diablo:/opt/ros/foxy:/home/y/oradar_ros/install/oradar_lidar /usr/bin/cmake --build /home/y/SA_CAO_test_ws/build/turtlebot3_description -- -j2 -l2
[4.714s] Invoked command in '/home/y/SA_CAO_test_ws/build/turtlebot3_description' returned '0': CMAKE_PREFIX_PATH=/home/y/SA_CAO_test_ws/install/turtlebot3:/home/y/SA_CAO_test_ws/install/turtlebot3_simulations:/home/y/SA_CAO_test_ws/install/turtlebot3_bringup:/home/y/SA_CAO_test_ws/install/turtlebot3_node:/home/y/SA_CAO_test_ws/install/turtlebot3_navigation2:/home/y/SA_CAO_test_ws/install/turtlebot3_fake_node:/home/y/SA_CAO_test_ws/install/turtlebot3_msgs:/home/y/SA_CAO_test_ws/install/turtlebot3_gazebo:/home/y/SA_CAO_test_ws/install/turtlebot3_description:/home/y/SA_CAO_test_ws/install/turtlebot3_cartographer:/home/y/SA_CAO_test_ws/install/sub_diablo2023a:/home/y/SA_CAO_test_ws/install/motion_msgs:/home/y/SA_CAO_test_ws/install/hls_lfcd_lds_driver:/home/y/SA_CAO_test_ws/install/dynamixel_sdk_examples:/home/y/SA_CAO_test_ws/install/dynamixel_sdk_custom_interfaces:/home/y/SA_CAO_test_ws/install/dynamixel_sdk:/home/y/SA_CAO_test_ws/install/turtlebot3_teleop:/home/y/SA_CAO_test_ws/install/turtlebot3_example:/home/y/SA_CAO_test_ws/install/my_joystick:/home/y/SA_CAO_test_ws/install/launch_diablo:/opt/ros/foxy:/home/y/oradar_ros/install/oradar_lidar /usr/bin/cmake --build /home/y/SA_CAO_test_ws/build/turtlebot3_description -- -j2 -l2
[4.725s] Invoking command in '/home/y/SA_CAO_test_ws/build/turtlebot3_description': CMAKE_PREFIX_PATH=/home/y/SA_CAO_test_ws/install/turtlebot3:/home/y/SA_CAO_test_ws/install/turtlebot3_simulations:/home/y/SA_CAO_test_ws/install/turtlebot3_bringup:/home/y/SA_CAO_test_ws/install/turtlebot3_node:/home/y/SA_CAO_test_ws/install/turtlebot3_navigation2:/home/y/SA_CAO_test_ws/install/turtlebot3_fake_node:/home/y/SA_CAO_test_ws/install/turtlebot3_msgs:/home/y/SA_CAO_test_ws/install/turtlebot3_gazebo:/home/y/SA_CAO_test_ws/install/turtlebot3_description:/home/y/SA_CAO_test_ws/install/turtlebot3_cartographer:/home/y/SA_CAO_test_ws/install/sub_diablo2023a:/home/y/SA_CAO_test_ws/install/motion_msgs:/home/y/SA_CAO_test_ws/install/hls_lfcd_lds_driver:/home/y/SA_CAO_test_ws/install/dynamixel_sdk_examples:/home/y/SA_CAO_test_ws/install/dynamixel_sdk_custom_interfaces:/home/y/SA_CAO_test_ws/install/dynamixel_sdk:/home/y/SA_CAO_test_ws/install/turtlebot3_teleop:/home/y/SA_CAO_test_ws/install/turtlebot3_example:/home/y/SA_CAO_test_ws/install/my_joystick:/home/y/SA_CAO_test_ws/install/launch_diablo:/opt/ros/foxy:/home/y/oradar_ros/install/oradar_lidar /usr/bin/cmake --install /home/y/SA_CAO_test_ws/build/turtlebot3_description
[4.798s] -- Install configuration: ""
[4.799s] -- Installing: /home/y/SA_CAO_test_ws/install/turtlebot3_description/share/turtlebot3_description/meshes
[4.801s] -- Installing: /home/y/SA_CAO_test_ws/install/turtlebot3_description/share/turtlebot3_description/meshes/wheels
[4.802s] -- Installing: /home/y/SA_CAO_test_ws/install/turtlebot3_description/share/turtlebot3_description/meshes/wheels/right_tire.stl
[4.833s] -- Installing: /home/y/SA_CAO_test_ws/install/turtlebot3_description/share/turtlebot3_description/meshes/wheels/left_tire.stl
[4.853s] -- Installing: /home/y/SA_CAO_test_ws/install/turtlebot3_description/share/turtlebot3_description/meshes/bases
[4.854s] -- Installing: /home/y/SA_CAO_test_ws/install/turtlebot3_description/share/turtlebot3_description/meshes/bases/waffle_pi_base.stl
[5.036s] -- Installing: /home/y/SA_CAO_test_ws/install/turtlebot3_description/share/turtlebot3_description/meshes/bases/burger_base.stl
[5.158s] -- Installing: /home/y/SA_CAO_test_ws/install/turtlebot3_description/share/turtlebot3_description/meshes/bases/waffle_base.stl
[5.587s] -- Installing: /home/y/SA_CAO_test_ws/install/turtlebot3_description/share/turtlebot3_description/meshes/sensors
[5.589s] -- Installing: /home/y/SA_CAO_test_ws/install/turtlebot3_description/share/turtlebot3_description/meshes/sensors/astra.dae
[5.807s] -- Installing: /home/y/SA_CAO_test_ws/install/turtlebot3_description/share/turtlebot3_description/meshes/sensors/r200.jpg
[5.809s] -- Installing: /home/y/SA_CAO_test_ws/install/turtlebot3_description/share/turtlebot3_description/meshes/sensors/r200.dae
[5.817s] -- Installing: /home/y/SA_CAO_test_ws/install/turtlebot3_description/share/turtlebot3_description/meshes/sensors/astra.jpg
[5.819s] -- Installing: /home/y/SA_CAO_test_ws/install/turtlebot3_description/share/turtlebot3_description/meshes/sensors/lds.stl
[5.840s] -- Installing: /home/y/SA_CAO_test_ws/install/turtlebot3_description/share/turtlebot3_description/rviz
[5.841s] -- Installing: /home/y/SA_CAO_test_ws/install/turtlebot3_description/share/turtlebot3_description/rviz/model.rviz
[5.843s] -- Installing: /home/y/SA_CAO_test_ws/install/turtlebot3_description/share/turtlebot3_description/urdf
[5.843s] -- Installing: /home/y/SA_CAO_test_ws/install/turtlebot3_description/share/turtlebot3_description/urdf/turtlebot3_waffle_pi.urdf
[5.844s] -- Installing: /home/y/SA_CAO_test_ws/install/turtlebot3_description/share/turtlebot3_description/urdf/turtlebot3_burger.urdf
[5.844s] -- Installing: /home/y/SA_CAO_test_ws/install/turtlebot3_description/share/turtlebot3_description/urdf/turtlebot3_waffle.urdf
[5.852s] -- Installing: /home/y/SA_CAO_test_ws/install/turtlebot3_description/share/turtlebot3_description/urdf/common_properties.urdf
[5.853s] -- Installing: /home/y/SA_CAO_test_ws/install/turtlebot3_description/share/ament_index/resource_index/package_run_dependencies/turtlebot3_description
[5.854s] -- Installing: /home/y/SA_CAO_test_ws/install/turtlebot3_description/share/ament_index/resource_index/parent_prefix_path/turtlebot3_description
[5.855s] -- Installing: /home/y/SA_CAO_test_ws/install/turtlebot3_description/share/turtlebot3_description/environment/ament_prefix_path.sh
[5.856s] -- Installing: /home/y/SA_CAO_test_ws/install/turtlebot3_description/share/turtlebot3_description/environment/ament_prefix_path.dsv
[5.857s] -- Installing: /home/y/SA_CAO_test_ws/install/turtlebot3_description/share/turtlebot3_description/environment/path.sh
[5.858s] -- Installing: /home/y/SA_CAO_test_ws/install/turtlebot3_description/share/turtlebot3_description/environment/path.dsv
[5.860s] -- Installing: /home/y/SA_CAO_test_ws/install/turtlebot3_description/share/turtlebot3_description/local_setup.bash
[5.865s] -- Installing: /home/y/SA_CAO_test_ws/install/turtlebot3_description/share/turtlebot3_description/local_setup.sh
[5.866s] -- Installing: /home/y/SA_CAO_test_ws/install/turtlebot3_description/share/turtlebot3_description/local_setup.zsh
[5.867s] -- Installing: /home/y/SA_CAO_test_ws/install/turtlebot3_description/share/turtlebot3_description/local_setup.dsv
[5.868s] -- Installing: /home/y/SA_CAO_test_ws/install/turtlebot3_description/share/turtlebot3_description/package.dsv
[5.869s] -- Installing: /home/y/SA_CAO_test_ws/install/turtlebot3_description/share/ament_index/resource_index/packages/turtlebot3_description
[5.875s] -- Installing: /home/y/SA_CAO_test_ws/install/turtlebot3_description/share/turtlebot3_description/cmake/turtlebot3_descriptionConfig.cmake
[5.876s] -- Installing: /home/y/SA_CAO_test_ws/install/turtlebot3_description/share/turtlebot3_description/cmake/turtlebot3_descriptionConfig-version.cmake
[5.877s] -- Installing: /home/y/SA_CAO_test_ws/install/turtlebot3_description/share/turtlebot3_description/package.xml
[5.887s] Invoked command in '/home/y/SA_CAO_test_ws/build/turtlebot3_description' returned '0': CMAKE_PREFIX_PATH=/home/y/SA_CAO_test_ws/install/turtlebot3:/home/y/SA_CAO_test_ws/install/turtlebot3_simulations:/home/y/SA_CAO_test_ws/install/turtlebot3_bringup:/home/y/SA_CAO_test_ws/install/turtlebot3_node:/home/y/SA_CAO_test_ws/install/turtlebot3_navigation2:/home/y/SA_CAO_test_ws/install/turtlebot3_fake_node:/home/y/SA_CAO_test_ws/install/turtlebot3_msgs:/home/y/SA_CAO_test_ws/install/turtlebot3_gazebo:/home/y/SA_CAO_test_ws/install/turtlebot3_description:/home/y/SA_CAO_test_ws/install/turtlebot3_cartographer:/home/y/SA_CAO_test_ws/install/sub_diablo2023a:/home/y/SA_CAO_test_ws/install/motion_msgs:/home/y/SA_CAO_test_ws/install/hls_lfcd_lds_driver:/home/y/SA_CAO_test_ws/install/dynamixel_sdk_examples:/home/y/SA_CAO_test_ws/install/dynamixel_sdk_custom_interfaces:/home/y/SA_CAO_test_ws/install/dynamixel_sdk:/home/y/SA_CAO_test_ws/install/turtlebot3_teleop:/home/y/SA_CAO_test_ws/install/turtlebot3_example:/home/y/SA_CAO_test_ws/install/my_joystick:/home/y/SA_CAO_test_ws/install/launch_diablo:/opt/ros/foxy:/home/y/oradar_ros/install/oradar_lidar /usr/bin/cmake --install /home/y/SA_CAO_test_ws/build/turtlebot3_description
