[0.363s] Invoking command in '/home/y/SA_CAO_Simu/SA_CAO/src/launch_diablo': PYTHONPATH=/home/y/SA_CAO_Simu/SA_CAO/build/launch_diablo/prefix_override:/usr/lib/python3/dist-packages/colcon_core/task/python/colcon_distutils_commands:/home/y/SA_CAO_Simu/SA_CAO/install/launch_diablo/lib/python3.8/site-packages:${PYTHONPATH} /usr/bin/python3 -W ignore:setup.py install is deprecated -W ignore:easy_install command is deprecated setup.py egg_info --egg-base ../../build/launch_diablo build --build-base /home/y/SA_CAO_Simu/SA_CAO/build/launch_diablo/build install --record /home/y/SA_CAO_Simu/SA_CAO/build/launch_diablo/install.log --install-scripts $base/lib/robot_launch --single-version-externally-managed install_data
[0.438s] running egg_info
[0.438s] writing ../../build/launch_diablo/launch_diablo.egg-info/PKG-INFO
[0.439s] writing dependency_links to ../../build/launch_diablo/launch_diablo.egg-info/dependency_links.txt
[0.439s] writing entry points to ../../build/launch_diablo/launch_diablo.egg-info/entry_points.txt
[0.439s] writing requirements to ../../build/launch_diablo/launch_diablo.egg-info/requires.txt
[0.439s] writing top-level names to ../../build/launch_diablo/launch_diablo.egg-info/top_level.txt
[0.453s] reading manifest file '../../build/launch_diablo/launch_diablo.egg-info/SOURCES.txt'
[0.453s] writing manifest file '../../build/launch_diablo/launch_diablo.egg-info/SOURCES.txt'
[0.453s] running build
[0.453s] running build_py
[0.453s] running install
[0.453s] running install_lib
[0.454s] running install_data
[0.455s] copying launch/launch_diablo.py -> /home/y/SA_CAO_Simu/SA_CAO/install/launch_diablo/share/launch_diablo/launch
[0.455s] running install_egg_info
[0.456s] removing '/home/y/SA_CAO_Simu/SA_CAO/install/launch_diablo/lib/python3.8/site-packages/launch_diablo-0.0.0-py3.8.egg-info' (and everything under it)
[0.456s] Copying ../../build/launch_diablo/launch_diablo.egg-info to /home/y/SA_CAO_Simu/SA_CAO/install/launch_diablo/lib/python3.8/site-packages/launch_diablo-0.0.0-py3.8.egg-info
[0.456s] running install_scripts
[0.464s] writing list of installed files to '/home/y/SA_CAO_Simu/SA_CAO/build/launch_diablo/install.log'
[0.478s] Invoked command in '/home/y/SA_CAO_Simu/SA_CAO/src/launch_diablo' returned '0': PYTHONPATH=/home/y/SA_CAO_Simu/SA_CAO/build/launch_diablo/prefix_override:/usr/lib/python3/dist-packages/colcon_core/task/python/colcon_distutils_commands:/home/y/SA_CAO_Simu/SA_CAO/install/launch_diablo/lib/python3.8/site-packages:${PYTHONPATH} /usr/bin/python3 -W ignore:setup.py install is deprecated -W ignore:easy_install command is deprecated setup.py egg_info --egg-base ../../build/launch_diablo build --build-base /home/y/SA_CAO_Simu/SA_CAO/build/launch_diablo/build install --record /home/y/SA_CAO_Simu/SA_CAO/build/launch_diablo/install.log --install-scripts $base/lib/robot_launch --single-version-externally-managed install_data
