[0.006s] Invoking command in '/home/y/SA_CAO_Simu/SA_CAO/build/ception_msgs': CMAKE_PREFIX_PATH=${CMAKE_PREFIX_PATH}:/home/y/SA_CAO_Simu/SA_CAO/install/turtlebot3_teleop:/home/y/SA_CAO_Simu/SA_CAO/install/turtlebot3_example:/home/y/SA_CAO_Simu/SA_CAO/install/pure_pursuit:/home/y/SA_CAO_Simu/SA_CAO/install/my_balance_pkg:/home/y/SA_CAO_Simu/SA_CAO/install/launch_diablo:/home/y/SA_CAO_Simu/SA_CAO/install/diablo_simulation:/opt/ros/foxy /usr/bin/cmake --build /home/y/SA_CAO_Simu/SA_CAO/build/ception_msgs -- -j2 -l2
[0.041s] [  3%] Built target ception_msgs__cpp
[0.045s] [ 12%] Built target ception_msgs__rosidl_generator_c
[0.059s] [ 22%] Built target ception_msgs__rosidl_typesupport_cpp
[0.077s] [ 32%] Built target ception_msgs__rosidl_typesupport_introspection_c
[0.081s] [ 41%] Built target ception_msgs__rosidl_typesupport_introspection_cpp
[0.093s] [ 51%] Built target ception_msgs__rosidl_typesupport_c
[0.098s] [ 61%] Built target ception_msgs__rosidl_typesupport_fastrtps_cpp
[0.110s] [ 70%] Built target ception_msgs__rosidl_typesupport_fastrtps_c
[0.121s] [ 70%] Built target ception_msgs
[0.131s] [ 74%] Built target ception_msgs__py
[0.149s] [ 80%] Built target ception_msgs__python
[0.176s] [ 87%] Built target ception_msgs__rosidl_typesupport_introspection_c__pyext
[0.182s] [ 93%] Built target ception_msgs__rosidl_typesupport_fastrtps_c__pyext
[0.196s] [100%] Built target ception_msgs__rosidl_typesupport_c__pyext
[0.204s] Invoked command in '/home/y/SA_CAO_Simu/SA_CAO/build/ception_msgs' returned '0': CMAKE_PREFIX_PATH=${CMAKE_PREFIX_PATH}:/home/y/SA_CAO_Simu/SA_CAO/install/turtlebot3_teleop:/home/y/SA_CAO_Simu/SA_CAO/install/turtlebot3_example:/home/y/SA_CAO_Simu/SA_CAO/install/pure_pursuit:/home/y/SA_CAO_Simu/SA_CAO/install/my_balance_pkg:/home/y/SA_CAO_Simu/SA_CAO/install/launch_diablo:/home/y/SA_CAO_Simu/SA_CAO/install/diablo_simulation:/opt/ros/foxy /usr/bin/cmake --build /home/y/SA_CAO_Simu/SA_CAO/build/ception_msgs -- -j2 -l2
[0.205s] Invoking command in '/home/y/SA_CAO_Simu/SA_CAO/build/ception_msgs': CMAKE_PREFIX_PATH=${CMAKE_PREFIX_PATH}:/home/y/SA_CAO_Simu/SA_CAO/install/turtlebot3_teleop:/home/y/SA_CAO_Simu/SA_CAO/install/turtlebot3_example:/home/y/SA_CAO_Simu/SA_CAO/install/pure_pursuit:/home/y/SA_CAO_Simu/SA_CAO/install/my_balance_pkg:/home/y/SA_CAO_Simu/SA_CAO/install/launch_diablo:/home/y/SA_CAO_Simu/SA_CAO/install/diablo_simulation:/opt/ros/foxy /usr/bin/cmake --install /home/y/SA_CAO_Simu/SA_CAO/build/ception_msgs
[0.211s] -- Install configuration: ""
[0.211s] -- Up-to-date: /home/y/SA_CAO_Simu/SA_CAO/install/ception_msgs/share/ament_index/resource_index/rosidl_interfaces/ception_msgs
[0.211s] -- Up-to-date: /home/y/SA_CAO_Simu/SA_CAO/install/ception_msgs/include/ception_msgs
[0.212s] -- Up-to-date: /home/y/SA_CAO_Simu/SA_CAO/install/ception_msgs/include/ception_msgs/msg
[0.212s] -- Up-to-date: /home/y/SA_CAO_Simu/SA_CAO/install/ception_msgs/include/ception_msgs/msg/detail
[0.212s] -- Up-to-date: /home/y/SA_CAO_Simu/SA_CAO/install/ception_msgs/include/ception_msgs/msg/detail/imu_euler__type_support.h
[0.212s] -- Up-to-date: /home/y/SA_CAO_Simu/SA_CAO/install/ception_msgs/include/ception_msgs/msg/detail/imu_euler__struct.h
[0.212s] -- Up-to-date: /home/y/SA_CAO_Simu/SA_CAO/install/ception_msgs/include/ception_msgs/msg/detail/imu_euler__functions.h
[0.212s] -- Up-to-date: /home/y/SA_CAO_Simu/SA_CAO/install/ception_msgs/include/ception_msgs/msg/detail/imu_euler__functions.c
[0.212s] -- Up-to-date: /home/y/SA_CAO_Simu/SA_CAO/install/ception_msgs/include/ception_msgs/msg/rosidl_generator_c__visibility_control.h
[0.212s] -- Up-to-date: /home/y/SA_CAO_Simu/SA_CAO/install/ception_msgs/include/ception_msgs/msg/imu_euler.h
[0.212s] -- Up-to-date: /home/y/SA_CAO_Simu/SA_CAO/install/ception_msgs/share/ception_msgs/environment/library_path.sh
[0.212s] -- Up-to-date: /home/y/SA_CAO_Simu/SA_CAO/install/ception_msgs/share/ception_msgs/environment/library_path.dsv
[0.212s] -- Up-to-date: /home/y/SA_CAO_Simu/SA_CAO/install/ception_msgs/lib/libception_msgs__rosidl_generator_c.so
[0.212s] -- Up-to-date: /home/y/SA_CAO_Simu/SA_CAO/install/ception_msgs/include/ception_msgs
[0.212s] -- Up-to-date: /home/y/SA_CAO_Simu/SA_CAO/install/ception_msgs/include/ception_msgs/msg
[0.212s] -- Up-to-date: /home/y/SA_CAO_Simu/SA_CAO/install/ception_msgs/include/ception_msgs/msg/rosidl_typesupport_fastrtps_c__visibility_control.h
[0.212s] -- Up-to-date: /home/y/SA_CAO_Simu/SA_CAO/install/ception_msgs/include/ception_msgs/msg/detail
[0.212s] -- Up-to-date: /home/y/SA_CAO_Simu/SA_CAO/install/ception_msgs/include/ception_msgs/msg/detail/imu_euler__rosidl_typesupport_fastrtps_c.h
[0.212s] -- Up-to-date: /home/y/SA_CAO_Simu/SA_CAO/install/ception_msgs/lib/libception_msgs__rosidl_typesupport_fastrtps_c.so
[0.212s] -- Up-to-date: /home/y/SA_CAO_Simu/SA_CAO/install/ception_msgs/include/ception_msgs
[0.212s] -- Up-to-date: /home/y/SA_CAO_Simu/SA_CAO/install/ception_msgs/include/ception_msgs/msg
[0.212s] -- Up-to-date: /home/y/SA_CAO_Simu/SA_CAO/install/ception_msgs/include/ception_msgs/msg/detail
[0.212s] -- Up-to-date: /home/y/SA_CAO_Simu/SA_CAO/install/ception_msgs/include/ception_msgs/msg/detail/imu_euler__rosidl_typesupport_fastrtps_cpp.hpp
[0.212s] -- Up-to-date: /home/y/SA_CAO_Simu/SA_CAO/install/ception_msgs/include/ception_msgs/msg/detail/dds_fastrtps
[0.212s] -- Up-to-date: /home/y/SA_CAO_Simu/SA_CAO/install/ception_msgs/include/ception_msgs/msg/rosidl_typesupport_fastrtps_cpp__visibility_control.h
[0.212s] -- Up-to-date: /home/y/SA_CAO_Simu/SA_CAO/install/ception_msgs/lib/libception_msgs__rosidl_typesupport_fastrtps_cpp.so
[0.213s] -- Up-to-date: /home/y/SA_CAO_Simu/SA_CAO/install/ception_msgs/include/ception_msgs
[0.213s] -- Up-to-date: /home/y/SA_CAO_Simu/SA_CAO/install/ception_msgs/include/ception_msgs/msg
[0.213s] -- Up-to-date: /home/y/SA_CAO_Simu/SA_CAO/install/ception_msgs/include/ception_msgs/msg/detail
[0.213s] -- Up-to-date: /home/y/SA_CAO_Simu/SA_CAO/install/ception_msgs/include/ception_msgs/msg/detail/imu_euler__type_support.c
[0.213s] -- Up-to-date: /home/y/SA_CAO_Simu/SA_CAO/install/ception_msgs/include/ception_msgs/msg/detail/imu_euler__rosidl_typesupport_introspection_c.h
[0.213s] -- Up-to-date: /home/y/SA_CAO_Simu/SA_CAO/install/ception_msgs/include/ception_msgs/msg/rosidl_typesupport_introspection_c__visibility_control.h
[0.213s] -- Up-to-date: /home/y/SA_CAO_Simu/SA_CAO/install/ception_msgs/lib/libception_msgs__rosidl_typesupport_introspection_c.so
[0.213s] -- Up-to-date: /home/y/SA_CAO_Simu/SA_CAO/install/ception_msgs/lib/libception_msgs__rosidl_typesupport_c.so
[0.213s] -- Up-to-date: /home/y/SA_CAO_Simu/SA_CAO/install/ception_msgs/include/ception_msgs
[0.213s] -- Up-to-date: /home/y/SA_CAO_Simu/SA_CAO/install/ception_msgs/include/ception_msgs/msg
[0.213s] -- Up-to-date: /home/y/SA_CAO_Simu/SA_CAO/install/ception_msgs/include/ception_msgs/msg/detail
[0.213s] -- Up-to-date: /home/y/SA_CAO_Simu/SA_CAO/install/ception_msgs/include/ception_msgs/msg/detail/imu_euler__struct.hpp
[0.213s] -- Up-to-date: /home/y/SA_CAO_Simu/SA_CAO/install/ception_msgs/include/ception_msgs/msg/detail/imu_euler__type_support.hpp
[0.213s] -- Up-to-date: /home/y/SA_CAO_Simu/SA_CAO/install/ception_msgs/include/ception_msgs/msg/detail/imu_euler__builder.hpp
[0.213s] -- Up-to-date: /home/y/SA_CAO_Simu/SA_CAO/install/ception_msgs/include/ception_msgs/msg/detail/imu_euler__traits.hpp
[0.213s] -- Up-to-date: /home/y/SA_CAO_Simu/SA_CAO/install/ception_msgs/include/ception_msgs/msg/imu_euler.hpp
[0.213s] -- Up-to-date: /home/y/SA_CAO_Simu/SA_CAO/install/ception_msgs/include/ception_msgs/msg/rosidl_generator_cpp__visibility_control.hpp
[0.213s] -- Up-to-date: /home/y/SA_CAO_Simu/SA_CAO/install/ception_msgs/include/ception_msgs
[0.213s] -- Up-to-date: /home/y/SA_CAO_Simu/SA_CAO/install/ception_msgs/include/ception_msgs/msg
[0.213s] -- Up-to-date: /home/y/SA_CAO_Simu/SA_CAO/install/ception_msgs/include/ception_msgs/msg/detail
[0.213s] -- Up-to-date: /home/y/SA_CAO_Simu/SA_CAO/install/ception_msgs/include/ception_msgs/msg/detail/imu_euler__type_support.cpp
[0.213s] -- Up-to-date: /home/y/SA_CAO_Simu/SA_CAO/install/ception_msgs/include/ception_msgs/msg/detail/imu_euler__rosidl_typesupport_introspection_cpp.hpp
[0.213s] -- Up-to-date: /home/y/SA_CAO_Simu/SA_CAO/install/ception_msgs/lib/libception_msgs__rosidl_typesupport_introspection_cpp.so
[0.213s] -- Up-to-date: /home/y/SA_CAO_Simu/SA_CAO/install/ception_msgs/lib/libception_msgs__rosidl_typesupport_cpp.so
[0.213s] -- Up-to-date: /home/y/SA_CAO_Simu/SA_CAO/install/ception_msgs/share/ception_msgs/environment/pythonpath.sh
[0.213s] -- Up-to-date: /home/y/SA_CAO_Simu/SA_CAO/install/ception_msgs/share/ception_msgs/environment/pythonpath.dsv
[0.213s] -- Up-to-date: /home/y/SA_CAO_Simu/SA_CAO/install/ception_msgs/lib/python3.8/site-packages/ception_msgs/__init__.py
[0.230s] -- Up-to-date: /home/y/SA_CAO_Simu/SA_CAO/install/ception_msgs/lib/python3.8/site-packages/ception_msgs/msg
[0.230s] -- Up-to-date: /home/y/SA_CAO_Simu/SA_CAO/install/ception_msgs/lib/python3.8/site-packages/ception_msgs/msg/_imu_euler_s.c
[0.230s] -- Up-to-date: /home/y/SA_CAO_Simu/SA_CAO/install/ception_msgs/lib/python3.8/site-packages/ception_msgs/msg/_imu_euler.py
[0.230s] -- Up-to-date: /home/y/SA_CAO_Simu/SA_CAO/install/ception_msgs/lib/python3.8/site-packages/ception_msgs/msg/__init__.py
[0.230s] -- Up-to-date: /home/y/SA_CAO_Simu/SA_CAO/install/ception_msgs/lib/python3.8/site-packages/ception_msgs/ception_msgs_s__rosidl_typesupport_fastrtps_c.cpython-38-aarch64-linux-gnu.so
[0.230s] -- Up-to-date: /home/y/SA_CAO_Simu/SA_CAO/install/ception_msgs/lib/python3.8/site-packages/ception_msgs/ception_msgs_s__rosidl_typesupport_introspection_c.cpython-38-aarch64-linux-gnu.so
[0.230s] -- Up-to-date: /home/y/SA_CAO_Simu/SA_CAO/install/ception_msgs/lib/python3.8/site-packages/ception_msgs/ception_msgs_s__rosidl_typesupport_c.cpython-38-aarch64-linux-gnu.so
[0.230s] -- Up-to-date: /home/y/SA_CAO_Simu/SA_CAO/install/ception_msgs/lib/libception_msgs__python.so
[0.230s] -- Up-to-date: /home/y/SA_CAO_Simu/SA_CAO/install/ception_msgs/share/ception_msgs/msg/IMUEuler.idl
[0.230s] -- Up-to-date: /home/y/SA_CAO_Simu/SA_CAO/install/ception_msgs/share/ception_msgs/msg/IMUEuler.msg
[0.230s] -- Up-to-date: /home/y/SA_CAO_Simu/SA_CAO/install/ception_msgs/share/ament_index/resource_index/package_run_dependencies/ception_msgs
[0.230s] -- Up-to-date: /home/y/SA_CAO_Simu/SA_CAO/install/ception_msgs/share/ament_index/resource_index/parent_prefix_path/ception_msgs
[0.230s] -- Up-to-date: /home/y/SA_CAO_Simu/SA_CAO/install/ception_msgs/share/ception_msgs/environment/ament_prefix_path.sh
[0.230s] -- Up-to-date: /home/y/SA_CAO_Simu/SA_CAO/install/ception_msgs/share/ception_msgs/environment/ament_prefix_path.dsv
[0.231s] -- Up-to-date: /home/y/SA_CAO_Simu/SA_CAO/install/ception_msgs/share/ception_msgs/environment/path.sh
[0.231s] -- Up-to-date: /home/y/SA_CAO_Simu/SA_CAO/install/ception_msgs/share/ception_msgs/environment/path.dsv
[0.231s] -- Up-to-date: /home/y/SA_CAO_Simu/SA_CAO/install/ception_msgs/share/ception_msgs/local_setup.bash
[0.231s] -- Up-to-date: /home/y/SA_CAO_Simu/SA_CAO/install/ception_msgs/share/ception_msgs/local_setup.sh
[0.231s] -- Up-to-date: /home/y/SA_CAO_Simu/SA_CAO/install/ception_msgs/share/ception_msgs/local_setup.zsh
[0.231s] -- Up-to-date: /home/y/SA_CAO_Simu/SA_CAO/install/ception_msgs/share/ception_msgs/local_setup.dsv
[0.231s] -- Installing: /home/y/SA_CAO_Simu/SA_CAO/install/ception_msgs/share/ception_msgs/package.dsv
[0.231s] -- Up-to-date: /home/y/SA_CAO_Simu/SA_CAO/install/ception_msgs/share/ament_index/resource_index/packages/ception_msgs
[0.231s] -- Up-to-date: /home/y/SA_CAO_Simu/SA_CAO/install/ception_msgs/share/ception_msgs/cmake/ception_msgs__rosidl_generator_cExport.cmake
[0.231s] -- Up-to-date: /home/y/SA_CAO_Simu/SA_CAO/install/ception_msgs/share/ception_msgs/cmake/ception_msgs__rosidl_generator_cExport-noconfig.cmake
[0.231s] -- Up-to-date: /home/y/SA_CAO_Simu/SA_CAO/install/ception_msgs/share/ception_msgs/cmake/ception_msgs__rosidl_typesupport_introspection_cExport.cmake
[0.231s] -- Up-to-date: /home/y/SA_CAO_Simu/SA_CAO/install/ception_msgs/share/ception_msgs/cmake/ception_msgs__rosidl_typesupport_introspection_cExport-noconfig.cmake
[0.231s] -- Up-to-date: /home/y/SA_CAO_Simu/SA_CAO/install/ception_msgs/share/ception_msgs/cmake/ception_msgs__rosidl_typesupport_cExport.cmake
[0.231s] -- Up-to-date: /home/y/SA_CAO_Simu/SA_CAO/install/ception_msgs/share/ception_msgs/cmake/ception_msgs__rosidl_typesupport_cExport-noconfig.cmake
[0.231s] -- Up-to-date: /home/y/SA_CAO_Simu/SA_CAO/install/ception_msgs/share/ception_msgs/cmake/ception_msgs__rosidl_generator_cppExport.cmake
[0.231s] -- Up-to-date: /home/y/SA_CAO_Simu/SA_CAO/install/ception_msgs/share/ception_msgs/cmake/ception_msgs__rosidl_typesupport_introspection_cppExport.cmake
[0.231s] -- Up-to-date: /home/y/SA_CAO_Simu/SA_CAO/install/ception_msgs/share/ception_msgs/cmake/ception_msgs__rosidl_typesupport_introspection_cppExport-noconfig.cmake
[0.231s] -- Up-to-date: /home/y/SA_CAO_Simu/SA_CAO/install/ception_msgs/share/ception_msgs/cmake/ception_msgs__rosidl_typesupport_cppExport.cmake
[0.231s] -- Up-to-date: /home/y/SA_CAO_Simu/SA_CAO/install/ception_msgs/share/ception_msgs/cmake/ception_msgs__rosidl_typesupport_cppExport-noconfig.cmake
[0.231s] -- Up-to-date: /home/y/SA_CAO_Simu/SA_CAO/install/ception_msgs/share/ception_msgs/cmake/rosidl_cmake-extras.cmake
[0.231s] -- Up-to-date: /home/y/SA_CAO_Simu/SA_CAO/install/ception_msgs/share/ception_msgs/cmake/ament_cmake_export_dependencies-extras.cmake
[0.231s] -- Up-to-date: /home/y/SA_CAO_Simu/SA_CAO/install/ception_msgs/share/ception_msgs/cmake/ament_cmake_export_libraries-extras.cmake
[0.231s] -- Up-to-date: /home/y/SA_CAO_Simu/SA_CAO/install/ception_msgs/share/ception_msgs/cmake/ament_cmake_export_targets-extras.cmake
[0.231s] -- Up-to-date: /home/y/SA_CAO_Simu/SA_CAO/install/ception_msgs/share/ception_msgs/cmake/ament_cmake_export_include_directories-extras.cmake
[0.231s] -- Up-to-date: /home/y/SA_CAO_Simu/SA_CAO/install/ception_msgs/share/ception_msgs/cmake/rosidl_cmake_export_typesupport_libraries-extras.cmake
[0.231s] -- Up-to-date: /home/y/SA_CAO_Simu/SA_CAO/install/ception_msgs/share/ception_msgs/cmake/rosidl_cmake_export_typesupport_targets-extras.cmake
[0.231s] -- Up-to-date: /home/y/SA_CAO_Simu/SA_CAO/install/ception_msgs/share/ception_msgs/cmake/ception_msgsConfig.cmake
[0.231s] -- Up-to-date: /home/y/SA_CAO_Simu/SA_CAO/install/ception_msgs/share/ception_msgs/cmake/ception_msgsConfig-version.cmake
[0.231s] -- Up-to-date: /home/y/SA_CAO_Simu/SA_CAO/install/ception_msgs/share/ception_msgs/package.xml
[0.233s] Invoked command in '/home/y/SA_CAO_Simu/SA_CAO/build/ception_msgs' returned '0': CMAKE_PREFIX_PATH=${CMAKE_PREFIX_PATH}:/home/y/SA_CAO_Simu/SA_CAO/install/turtlebot3_teleop:/home/y/SA_CAO_Simu/SA_CAO/install/turtlebot3_example:/home/y/SA_CAO_Simu/SA_CAO/install/pure_pursuit:/home/y/SA_CAO_Simu/SA_CAO/install/my_balance_pkg:/home/y/SA_CAO_Simu/SA_CAO/install/launch_diablo:/home/y/SA_CAO_Simu/SA_CAO/install/diablo_simulation:/opt/ros/foxy /usr/bin/cmake --install /home/y/SA_CAO_Simu/SA_CAO/build/ception_msgs
