[0.013s] Invoking command in '/home/y/SA_CAO/build/diablo_utils': AMENT_PREFIX_PATH=/home/y/SA_CAO/install/motion_msgs:${AMENT_PREFIX_PATH} CMAKE_PREFIX_PATH=/home/y/SA_CAO/install/motion_msgs:/opt/ros/foxy:${CMAKE_PREFIX_PATH} LD_LIBRARY_PATH=/home/y/SA_CAO/install/motion_msgs/lib:${LD_LIBRARY_PATH} PYTHONPATH=/home/y/SA_CAO/install/motion_msgs/lib/python3.8/site-packages:${PYTHONPATH} /usr/bin/cmake /home/y/SA_CAO/src/diablo_ros2/diablo_common/diablo_utils -DCMAKE_INSTALL_PREFIX=/home/y/SA_CAO/install/diablo_utils
[0.074s] -- The C compiler identification is GNU 9.4.0
[0.116s] -- The CXX compiler identification is GNU 9.4.0
[0.119s] -- Check for working C compiler: /usr/bin/cc
[0.191s] -- Check for working C compiler: /usr/bin/cc -- works
[0.192s] -- Detecting C compiler ABI info
[0.254s] -- Detecting C compiler ABI info - done
[0.262s] -- Detecting C compile features
[0.262s] -- Detecting C compile features - done
[0.265s] -- Check for working CXX compiler: /usr/bin/c++
[0.334s] -- Check for working CXX compiler: /usr/bin/c++ -- works
[0.334s] -- Detecting CXX compiler ABI info
[0.402s] -- Detecting CXX compiler ABI info - done
[0.413s] -- Detecting CXX compile features
[0.414s] -- Detecting CXX compile features - done
[0.416s] -- Found ament_cmake: 0.9.12 (/opt/ros/foxy/share/ament_cmake/cmake)
[0.435s] -- Found PythonInterp: /usr/bin/python3 (found suitable version "3.8.10", minimum required is "3") 
[0.435s] -- Using PYTHON_EXECUTABLE: /usr/bin/python3
[0.587s] -- Found motion_msgs: 1.0.0 (/home/y/SA_CAO/install/motion_msgs/share/motion_msgs/cmake)
[0.615s] -- Using all available rosidl_typesupport_c: rosidl_typesupport_fastrtps_c;rosidl_typesupport_introspection_c
[0.620s] -- Found rosidl_adapter: 1.3.1 (/opt/ros/foxy/share/rosidl_adapter/cmake)
[0.693s] -- Found OpenSSL: /usr/lib/x86_64-linux-gnu/libcrypto.so (found version "1.1.1f")  
[0.719s] -- Found FastRTPS: /opt/ros/foxy/include  
[0.784s] -- Using all available rosidl_typesupport_cpp: rosidl_typesupport_fastrtps_cpp;rosidl_typesupport_introspection_cpp
[0.865s] -- Found rclcpp: 2.4.3 (/opt/ros/foxy/share/rclcpp/cmake)
[0.903s] -- Found rmw_implementation_cmake: 1.0.4 (/opt/ros/foxy/share/rmw_implementation_cmake/cmake)
[0.904s] -- Using RMW implementation 'rmw_fastrtps_cpp' as default
[0.905s] -- Looking for pthread.h
[0.967s] -- Looking for pthread.h - found
[0.967s] -- Performing Test CMAKE_HAVE_LIBC_PTHREAD
[1.031s] -- Performing Test CMAKE_HAVE_LIBC_PTHREAD - Failed
[1.031s] -- Looking for pthread_create in pthreads
[1.081s] -- Looking for pthread_create in pthreads - not found
[1.081s] -- Looking for pthread_create in pthread
[1.137s] -- Looking for pthread_create in pthread - found
[1.138s] -- Found Threads: TRUE  
[1.297s] -- Found ament_lint_auto: 0.9.8 (/opt/ros/foxy/share/ament_lint_auto/cmake)
[1.372s] -- Found ament_cmake_gtest: 0.9.12 (/opt/ros/foxy/share/ament_cmake_gtest/cmake)
[1.377s] -- Added test 'copyright' to check source files copyright and LICENSE
[1.379s] -- Added test 'cppcheck' to perform static code analysis on C / C++ code
[1.379s] -- Configured cppcheck include dirs: /home/y/SA_CAO/src/diablo_ros2/diablo_common/diablo_utils/include
[1.379s] -- Configured cppcheck exclude dirs and/or files: 
[1.380s] -- Added test 'cpplint' to check C / C++ code against the Google style
[1.380s] -- Configured cpplint exclude dirs and/or files: 
[1.382s] -- Added test 'lint_cmake' to check CMake code style
[1.384s] -- Added test 'uncrustify' to check C / C++ code style
[1.384s] -- Configured uncrustify additional arguments: 
[1.385s] -- Added test 'xmllint' to check XML markup files
[1.389s] -- Configuring done
[1.397s] -- Generating done
[1.400s] -- Build files have been written to: /home/y/SA_CAO/build/diablo_utils
[1.406s] Invoked command in '/home/y/SA_CAO/build/diablo_utils' returned '0': AMENT_PREFIX_PATH=/home/y/SA_CAO/install/motion_msgs:${AMENT_PREFIX_PATH} CMAKE_PREFIX_PATH=/home/y/SA_CAO/install/motion_msgs:/opt/ros/foxy:${CMAKE_PREFIX_PATH} LD_LIBRARY_PATH=/home/y/SA_CAO/install/motion_msgs/lib:${LD_LIBRARY_PATH} PYTHONPATH=/home/y/SA_CAO/install/motion_msgs/lib/python3.8/site-packages:${PYTHONPATH} /usr/bin/cmake /home/y/SA_CAO/src/diablo_ros2/diablo_common/diablo_utils -DCMAKE_INSTALL_PREFIX=/home/y/SA_CAO/install/diablo_utils
[1.408s] Invoking command in '/home/y/SA_CAO/build/diablo_utils': AMENT_PREFIX_PATH=/home/y/SA_CAO/install/motion_msgs:${AMENT_PREFIX_PATH} CMAKE_PREFIX_PATH=/home/y/SA_CAO/install/motion_msgs:/opt/ros/foxy:${CMAKE_PREFIX_PATH} LD_LIBRARY_PATH=/home/y/SA_CAO/install/motion_msgs/lib:${LD_LIBRARY_PATH} PYTHONPATH=/home/y/SA_CAO/install/motion_msgs/lib/python3.8/site-packages:${PYTHONPATH} /usr/bin/cmake --build /home/y/SA_CAO/build/diablo_utils -- -j2 -l2
[1.457s] [35m[1mScanning dependencies of target diablo_utils_core[0m
[1.471s] [ 12%] [32mBuilding CXX object CMakeFiles/diablo_utils_core.dir/src/SerialPort/SerialPort.cpp.o[0m
[1.474s] [ 25%] [32mBuilding CXX object CMakeFiles/diablo_utils_core.dir/src/diablo_tools/osdk_crc.cpp.o[0m
[1.741s] [ 37%] [32mBuilding CXX object CMakeFiles/diablo_utils_core.dir/src/diablo_tools/osdk_hal.cpp.o[0m
[1.944s] [ 50%] [32mBuilding CXX object CMakeFiles/diablo_utils_core.dir/src/diablo_tools/osdk_log.cpp.o[0m
[2.737s] [ 62%] [32mBuilding CXX object CMakeFiles/diablo_utils_core.dir/src/diablo_tools/osdk_movement.cpp.o[0m
[2.765s] [ 75%] [32mBuilding CXX object CMakeFiles/diablo_utils_core.dir/src/diablo_tools/osdk_telemetry.cpp.o[0m
[3.619s] [ 87%] [32mBuilding CXX object CMakeFiles/diablo_utils_core.dir/src/diablo_tools/osdk_vehicle.cpp.o[0m
[4.075s] [100%] [32m[1mLinking CXX shared library libdiablo_utils_core.so[0m
[4.228s] [100%] Built target diablo_utils_core
[4.250s] Invoked command in '/home/y/SA_CAO/build/diablo_utils' returned '0': AMENT_PREFIX_PATH=/home/y/SA_CAO/install/motion_msgs:${AMENT_PREFIX_PATH} CMAKE_PREFIX_PATH=/home/y/SA_CAO/install/motion_msgs:/opt/ros/foxy:${CMAKE_PREFIX_PATH} LD_LIBRARY_PATH=/home/y/SA_CAO/install/motion_msgs/lib:${LD_LIBRARY_PATH} PYTHONPATH=/home/y/SA_CAO/install/motion_msgs/lib/python3.8/site-packages:${PYTHONPATH} /usr/bin/cmake --build /home/y/SA_CAO/build/diablo_utils -- -j2 -l2
[4.250s] Invoking command in '/home/y/SA_CAO/build/diablo_utils': AMENT_PREFIX_PATH=/home/y/SA_CAO/install/motion_msgs:${AMENT_PREFIX_PATH} CMAKE_PREFIX_PATH=/home/y/SA_CAO/install/motion_msgs:/opt/ros/foxy:${CMAKE_PREFIX_PATH} LD_LIBRARY_PATH=/home/y/SA_CAO/install/motion_msgs/lib:${LD_LIBRARY_PATH} PYTHONPATH=/home/y/SA_CAO/install/motion_msgs/lib/python3.8/site-packages:${PYTHONPATH} /usr/bin/cmake --install /home/y/SA_CAO/build/diablo_utils
[4.300s] -- Install configuration: ""
[4.302s] -- Installing: /home/y/SA_CAO/install/diablo_utils/include/
[4.302s] -- Installing: /home/y/SA_CAO/install/diablo_utils/include//diablo_utils
[4.302s] -- Installing: /home/y/SA_CAO/install/diablo_utils/include//diablo_utils/VulcanSerial
[4.303s] -- Installing: /home/y/SA_CAO/install/diablo_utils/include//diablo_utils/VulcanSerial/Exception.hpp
[4.304s] -- Installing: /home/y/SA_CAO/install/diablo_utils/include//diablo_utils/VulcanSerial/SerialPort.hpp
[4.306s] -- Installing: /home/y/SA_CAO/install/diablo_utils/include//diablo_utils/diablo_tools
[4.306s] -- Installing: /home/y/SA_CAO/install/diablo_utils/include//diablo_utils/diablo_tools/osdk_crc.hpp
[4.306s] -- Installing: /home/y/SA_CAO/install/diablo_utils/include//diablo_utils/diablo_tools/osdk_header.hpp
[4.316s] -- Installing: /home/y/SA_CAO/install/diablo_utils/include//diablo_utils/diablo_tools/osdk_vehicle.hpp
[4.316s] -- Installing: /home/y/SA_CAO/install/diablo_utils/include//diablo_utils/diablo_tools/osdk_virtual_rc.hpp
[4.316s] -- Installing: /home/y/SA_CAO/install/diablo_utils/include//diablo_utils/diablo_tools/osdk_ddj_m15.hpp
[4.316s] -- Installing: /home/y/SA_CAO/install/diablo_utils/include//diablo_utils/diablo_tools/osdk_hal.hpp
[4.316s] -- Installing: /home/y/SA_CAO/install/diablo_utils/include//diablo_utils/diablo_tools/osdk_movement.hpp
[4.316s] -- Installing: /home/y/SA_CAO/install/diablo_utils/include//diablo_utils/diablo_tools/onboard_sdk_uart_protocol.h
[4.316s] -- Installing: /home/y/SA_CAO/install/diablo_utils/include//diablo_utils/diablo_tools/osdk_telemetry.hpp
[4.316s] -- Installing: /home/y/SA_CAO/install/diablo_utils/lib/libdiablo_utils_core.so
[4.316s] -- Set runtime path of "/home/y/SA_CAO/install/diablo_utils/lib/libdiablo_utils_core.so" to ""
[4.316s] -- Installing: /home/y/SA_CAO/install/diablo_utils/share/diablo_utils/environment/library_path.sh
[4.316s] -- Installing: /home/y/SA_CAO/install/diablo_utils/share/diablo_utils/environment/library_path.dsv
[4.316s] -- Installing: /home/y/SA_CAO/install/diablo_utils/share/ament_index/resource_index/package_run_dependencies/diablo_utils
[4.316s] -- Installing: /home/y/SA_CAO/install/diablo_utils/share/ament_index/resource_index/parent_prefix_path/diablo_utils
[4.316s] -- Installing: /home/y/SA_CAO/install/diablo_utils/share/diablo_utils/environment/ament_prefix_path.sh
[4.316s] -- Installing: /home/y/SA_CAO/install/diablo_utils/share/diablo_utils/environment/ament_prefix_path.dsv
[4.316s] -- Installing: /home/y/SA_CAO/install/diablo_utils/share/diablo_utils/environment/path.sh
[4.316s] -- Installing: /home/y/SA_CAO/install/diablo_utils/share/diablo_utils/environment/path.dsv
[4.316s] -- Installing: /home/y/SA_CAO/install/diablo_utils/share/diablo_utils/local_setup.bash
[4.317s] -- Installing: /home/y/SA_CAO/install/diablo_utils/share/diablo_utils/local_setup.sh
[4.317s] -- Installing: /home/y/SA_CAO/install/diablo_utils/share/diablo_utils/local_setup.zsh
[4.317s] -- Installing: /home/y/SA_CAO/install/diablo_utils/share/diablo_utils/local_setup.dsv
[4.317s] -- Installing: /home/y/SA_CAO/install/diablo_utils/share/diablo_utils/package.dsv
[4.317s] -- Installing: /home/y/SA_CAO/install/diablo_utils/share/ament_index/resource_index/packages/diablo_utils
[4.317s] -- Installing: /home/y/SA_CAO/install/diablo_utils/share/diablo_utils/cmake/ament_cmake_export_include_directories-extras.cmake
[4.317s] -- Installing: /home/y/SA_CAO/install/diablo_utils/share/diablo_utils/cmake/ament_cmake_export_libraries-extras.cmake
[4.317s] -- Installing: /home/y/SA_CAO/install/diablo_utils/share/diablo_utils/cmake/ament_cmake_export_dependencies-extras.cmake
[4.317s] -- Installing: /home/y/SA_CAO/install/diablo_utils/share/diablo_utils/cmake/diablo_utilsConfig.cmake
[4.319s] -- Installing: /home/y/SA_CAO/install/diablo_utils/share/diablo_utils/cmake/diablo_utilsConfig-version.cmake
[4.320s] -- Installing: /home/y/SA_CAO/install/diablo_utils/share/diablo_utils/package.xml
[4.338s] Invoked command in '/home/y/SA_CAO/build/diablo_utils' returned '0': AMENT_PREFIX_PATH=/home/y/SA_CAO/install/motion_msgs:${AMENT_PREFIX_PATH} CMAKE_PREFIX_PATH=/home/y/SA_CAO/install/motion_msgs:/opt/ros/foxy:${CMAKE_PREFIX_PATH} LD_LIBRARY_PATH=/home/y/SA_CAO/install/motion_msgs/lib:${LD_LIBRARY_PATH} PYTHONPATH=/home/y/SA_CAO/install/motion_msgs/lib/python3.8/site-packages:${PYTHONPATH} /usr/bin/cmake --install /home/y/SA_CAO/build/diablo_utils
