[0.032s] Invoking command in '/home/y/SA_CAO_test_ws/build/dynamixel_sdk': CMAKE_PREFIX_PATH=/home/y/SA_CAO_test_ws/install/turtlebot3:/home/y/SA_CAO_test_ws/install/turtlebot3_simulations:/home/y/SA_CAO_test_ws/install/turtlebot3_bringup:/home/y/SA_CAO_test_ws/install/turtlebot3_node:/home/y/SA_CAO_test_ws/install/turtlebot3_navigation2:/home/y/SA_CAO_test_ws/install/turtlebot3_fake_node:/home/y/SA_CAO_test_ws/install/turtlebot3_msgs:/home/y/SA_CAO_test_ws/install/turtlebot3_gazebo:/home/y/SA_CAO_test_ws/install/turtlebot3_description:/home/y/SA_CAO_test_ws/install/turtlebot3_cartographer:/home/y/SA_CAO_test_ws/install/sub_diablo2023a:/home/y/SA_CAO_test_ws/install/motion_msgs:/home/y/SA_CAO_test_ws/install/hls_lfcd_lds_driver:/home/y/SA_CAO_test_ws/install/dynamixel_sdk_examples:/home/y/SA_CAO_test_ws/install/dynamixel_sdk_custom_interfaces:/home/y/SA_CAO_test_ws/install/dynamixel_sdk:/home/y/SA_CAO_test_ws/install/turtlebot3_teleop:/home/y/SA_CAO_test_ws/install/turtlebot3_example:/home/y/SA_CAO_test_ws/install/my_joystick:/home/y/SA_CAO_test_ws/install/launch_diablo:/opt/ros/foxy:/home/y/oradar_ros/install/oradar_lidar /usr/bin/cmake /home/y/SA_CAO_test_ws/src/utils/DynamixelSDK/dynamixel_sdk -DCMAKE_INSTALL_PREFIX=/home/y/SA_CAO_test_ws/install/dynamixel_sdk
[0.086s] -- The C compiler identification is GNU 9.4.0
[0.147s] -- The CXX compiler identification is GNU 9.4.0
[0.158s] -- Check for working C compiler: /usr/bin/cc
[0.220s] -- Check for working C compiler: /usr/bin/cc -- works
[0.221s] -- Detecting C compiler ABI info
[0.290s] -- Detecting C compiler ABI info - done
[0.300s] -- Detecting C compile features
[0.301s] -- Detecting C compile features - done
[0.303s] -- Check for working CXX compiler: /usr/bin/c++
[0.372s] -- Check for working CXX compiler: /usr/bin/c++ -- works
[0.373s] -- Detecting CXX compiler ABI info
[0.444s] -- Detecting CXX compiler ABI info - done
[0.455s] -- Detecting CXX compile features
[0.456s] -- Detecting CXX compile features - done
[0.458s] -- Found ament_cmake: 0.9.12 (/opt/ros/foxy/share/ament_cmake/cmake)
[0.478s] -- Found PythonInterp: /usr/bin/python3 (found suitable version "3.8.10", minimum required is "3") 
[0.479s] -- Using PYTHON_EXECUTABLE: /usr/bin/python3
[0.699s] -- Configuring done
[0.703s] -- Generating done
[0.705s] -- Build files have been written to: /home/y/SA_CAO_test_ws/build/dynamixel_sdk
[0.708s] Invoked command in '/home/y/SA_CAO_test_ws/build/dynamixel_sdk' returned '0': CMAKE_PREFIX_PATH=/home/y/SA_CAO_test_ws/install/turtlebot3:/home/y/SA_CAO_test_ws/install/turtlebot3_simulations:/home/y/SA_CAO_test_ws/install/turtlebot3_bringup:/home/y/SA_CAO_test_ws/install/turtlebot3_node:/home/y/SA_CAO_test_ws/install/turtlebot3_navigation2:/home/y/SA_CAO_test_ws/install/turtlebot3_fake_node:/home/y/SA_CAO_test_ws/install/turtlebot3_msgs:/home/y/SA_CAO_test_ws/install/turtlebot3_gazebo:/home/y/SA_CAO_test_ws/install/turtlebot3_description:/home/y/SA_CAO_test_ws/install/turtlebot3_cartographer:/home/y/SA_CAO_test_ws/install/sub_diablo2023a:/home/y/SA_CAO_test_ws/install/motion_msgs:/home/y/SA_CAO_test_ws/install/hls_lfcd_lds_driver:/home/y/SA_CAO_test_ws/install/dynamixel_sdk_examples:/home/y/SA_CAO_test_ws/install/dynamixel_sdk_custom_interfaces:/home/y/SA_CAO_test_ws/install/dynamixel_sdk:/home/y/SA_CAO_test_ws/install/turtlebot3_teleop:/home/y/SA_CAO_test_ws/install/turtlebot3_example:/home/y/SA_CAO_test_ws/install/my_joystick:/home/y/SA_CAO_test_ws/install/launch_diablo:/opt/ros/foxy:/home/y/oradar_ros/install/oradar_lidar /usr/bin/cmake /home/y/SA_CAO_test_ws/src/utils/DynamixelSDK/dynamixel_sdk -DCMAKE_INSTALL_PREFIX=/home/y/SA_CAO_test_ws/install/dynamixel_sdk
[0.710s] Invoking command in '/home/y/SA_CAO_test_ws/build/dynamixel_sdk': CMAKE_PREFIX_PATH=/home/y/SA_CAO_test_ws/install/turtlebot3:/home/y/SA_CAO_test_ws/install/turtlebot3_simulations:/home/y/SA_CAO_test_ws/install/turtlebot3_bringup:/home/y/SA_CAO_test_ws/install/turtlebot3_node:/home/y/SA_CAO_test_ws/install/turtlebot3_navigation2:/home/y/SA_CAO_test_ws/install/turtlebot3_fake_node:/home/y/SA_CAO_test_ws/install/turtlebot3_msgs:/home/y/SA_CAO_test_ws/install/turtlebot3_gazebo:/home/y/SA_CAO_test_ws/install/turtlebot3_description:/home/y/SA_CAO_test_ws/install/turtlebot3_cartographer:/home/y/SA_CAO_test_ws/install/sub_diablo2023a:/home/y/SA_CAO_test_ws/install/motion_msgs:/home/y/SA_CAO_test_ws/install/hls_lfcd_lds_driver:/home/y/SA_CAO_test_ws/install/dynamixel_sdk_examples:/home/y/SA_CAO_test_ws/install/dynamixel_sdk_custom_interfaces:/home/y/SA_CAO_test_ws/install/dynamixel_sdk:/home/y/SA_CAO_test_ws/install/turtlebot3_teleop:/home/y/SA_CAO_test_ws/install/turtlebot3_example:/home/y/SA_CAO_test_ws/install/my_joystick:/home/y/SA_CAO_test_ws/install/launch_diablo:/opt/ros/foxy:/home/y/oradar_ros/install/oradar_lidar /usr/bin/cmake --build /home/y/SA_CAO_test_ws/build/dynamixel_sdk -- -j2 -l2
[0.753s] [35m[1mScanning dependencies of target dynamixel_sdk[0m
[0.774s] [ 10%] [32mBuilding CXX object CMakeFiles/dynamixel_sdk.dir/src/dynamixel_sdk/packet_handler.cpp.o[0m
[0.776s] [ 20%] [32mBuilding CXX object CMakeFiles/dynamixel_sdk.dir/src/dynamixel_sdk/protocol1_packet_handler.cpp.o[0m
[0.906s] [ 30%] [32mBuilding CXX object CMakeFiles/dynamixel_sdk.dir/src/dynamixel_sdk/protocol2_packet_handler.cpp.o[0m
[0.983s] [ 40%] [32mBuilding CXX object CMakeFiles/dynamixel_sdk.dir/src/dynamixel_sdk/group_sync_read.cpp.o[0m
[1.363s] [ 50%] [32mBuilding CXX object CMakeFiles/dynamixel_sdk.dir/src/dynamixel_sdk/group_sync_write.cpp.o[0m
[1.409s] [ 60%] [32mBuilding CXX object CMakeFiles/dynamixel_sdk.dir/src/dynamixel_sdk/group_bulk_read.cpp.o[0m
[1.942s] [ 70%] [32mBuilding CXX object CMakeFiles/dynamixel_sdk.dir/src/dynamixel_sdk/group_bulk_write.cpp.o[0m
[2.287s] [ 80%] [32mBuilding CXX object CMakeFiles/dynamixel_sdk.dir/src/dynamixel_sdk/port_handler.cpp.o[0m
[2.375s] [ 90%] [32mBuilding CXX object CMakeFiles/dynamixel_sdk.dir/src/dynamixel_sdk/port_handler_linux.cpp.o[0m
[2.565s] [100%] [32m[1mLinking CXX shared library libdynamixel_sdk.so[0m
[2.654s] [100%] Built target dynamixel_sdk
[2.666s] Invoked command in '/home/y/SA_CAO_test_ws/build/dynamixel_sdk' returned '0': CMAKE_PREFIX_PATH=/home/y/SA_CAO_test_ws/install/turtlebot3:/home/y/SA_CAO_test_ws/install/turtlebot3_simulations:/home/y/SA_CAO_test_ws/install/turtlebot3_bringup:/home/y/SA_CAO_test_ws/install/turtlebot3_node:/home/y/SA_CAO_test_ws/install/turtlebot3_navigation2:/home/y/SA_CAO_test_ws/install/turtlebot3_fake_node:/home/y/SA_CAO_test_ws/install/turtlebot3_msgs:/home/y/SA_CAO_test_ws/install/turtlebot3_gazebo:/home/y/SA_CAO_test_ws/install/turtlebot3_description:/home/y/SA_CAO_test_ws/install/turtlebot3_cartographer:/home/y/SA_CAO_test_ws/install/sub_diablo2023a:/home/y/SA_CAO_test_ws/install/motion_msgs:/home/y/SA_CAO_test_ws/install/hls_lfcd_lds_driver:/home/y/SA_CAO_test_ws/install/dynamixel_sdk_examples:/home/y/SA_CAO_test_ws/install/dynamixel_sdk_custom_interfaces:/home/y/SA_CAO_test_ws/install/dynamixel_sdk:/home/y/SA_CAO_test_ws/install/turtlebot3_teleop:/home/y/SA_CAO_test_ws/install/turtlebot3_example:/home/y/SA_CAO_test_ws/install/my_joystick:/home/y/SA_CAO_test_ws/install/launch_diablo:/opt/ros/foxy:/home/y/oradar_ros/install/oradar_lidar /usr/bin/cmake --build /home/y/SA_CAO_test_ws/build/dynamixel_sdk -- -j2 -l2
[2.679s] Invoking command in '/home/y/SA_CAO_test_ws/build/dynamixel_sdk': CMAKE_PREFIX_PATH=/home/y/SA_CAO_test_ws/install/turtlebot3:/home/y/SA_CAO_test_ws/install/turtlebot3_simulations:/home/y/SA_CAO_test_ws/install/turtlebot3_bringup:/home/y/SA_CAO_test_ws/install/turtlebot3_node:/home/y/SA_CAO_test_ws/install/turtlebot3_navigation2:/home/y/SA_CAO_test_ws/install/turtlebot3_fake_node:/home/y/SA_CAO_test_ws/install/turtlebot3_msgs:/home/y/SA_CAO_test_ws/install/turtlebot3_gazebo:/home/y/SA_CAO_test_ws/install/turtlebot3_description:/home/y/SA_CAO_test_ws/install/turtlebot3_cartographer:/home/y/SA_CAO_test_ws/install/sub_diablo2023a:/home/y/SA_CAO_test_ws/install/motion_msgs:/home/y/SA_CAO_test_ws/install/hls_lfcd_lds_driver:/home/y/SA_CAO_test_ws/install/dynamixel_sdk_examples:/home/y/SA_CAO_test_ws/install/dynamixel_sdk_custom_interfaces:/home/y/SA_CAO_test_ws/install/dynamixel_sdk:/home/y/SA_CAO_test_ws/install/turtlebot3_teleop:/home/y/SA_CAO_test_ws/install/turtlebot3_example:/home/y/SA_CAO_test_ws/install/my_joystick:/home/y/SA_CAO_test_ws/install/launch_diablo:/opt/ros/foxy:/home/y/oradar_ros/install/oradar_lidar /usr/bin/cmake --install /home/y/SA_CAO_test_ws/build/dynamixel_sdk
[2.691s] -- Install configuration: ""
[2.692s] -- Installing: /home/y/SA_CAO_test_ws/install/dynamixel_sdk/include/
[2.692s] -- Installing: /home/y/SA_CAO_test_ws/install/dynamixel_sdk/include//dynamixel_sdk
[2.692s] -- Installing: /home/y/SA_CAO_test_ws/install/dynamixel_sdk/include//dynamixel_sdk/port_handler_windows.h
[2.693s] -- Installing: /home/y/SA_CAO_test_ws/install/dynamixel_sdk/include//dynamixel_sdk/dynamixel_sdk.h
[2.693s] -- Installing: /home/y/SA_CAO_test_ws/install/dynamixel_sdk/include//dynamixel_sdk/port_handler_mac.h
[2.694s] -- Installing: /home/y/SA_CAO_test_ws/install/dynamixel_sdk/include//dynamixel_sdk/port_handler.h
[2.694s] -- Installing: /home/y/SA_CAO_test_ws/install/dynamixel_sdk/include//dynamixel_sdk/packet_handler.h
[2.694s] -- Installing: /home/y/SA_CAO_test_ws/install/dynamixel_sdk/include//dynamixel_sdk/group_bulk_read.h
[2.695s] -- Installing: /home/y/SA_CAO_test_ws/install/dynamixel_sdk/include//dynamixel_sdk/protocol2_packet_handler.h
[2.695s] -- Installing: /home/y/SA_CAO_test_ws/install/dynamixel_sdk/include//dynamixel_sdk/group_bulk_write.h
[2.695s] -- Installing: /home/y/SA_CAO_test_ws/install/dynamixel_sdk/include//dynamixel_sdk/group_sync_write.h
[2.695s] -- Installing: /home/y/SA_CAO_test_ws/install/dynamixel_sdk/include//dynamixel_sdk/port_handler_linux.h
[2.696s] -- Installing: /home/y/SA_CAO_test_ws/install/dynamixel_sdk/include//dynamixel_sdk/group_sync_read.h
[2.696s] -- Installing: /home/y/SA_CAO_test_ws/install/dynamixel_sdk/include//dynamixel_sdk/port_handler_arduino.h
[2.696s] -- Installing: /home/y/SA_CAO_test_ws/install/dynamixel_sdk/include//dynamixel_sdk/protocol1_packet_handler.h
[2.697s] -- Installing: /home/y/SA_CAO_test_ws/install/dynamixel_sdk/lib/libdynamixel_sdk.so
[2.697s] -- Installing: /home/y/SA_CAO_test_ws/install/dynamixel_sdk/share/dynamixel_sdk/environment/library_path.sh
[2.697s] -- Installing: /home/y/SA_CAO_test_ws/install/dynamixel_sdk/share/dynamixel_sdk/environment/library_path.dsv
[2.698s] -- Installing: /home/y/SA_CAO_test_ws/install/dynamixel_sdk/share/ament_index/resource_index/package_run_dependencies/dynamixel_sdk
[2.698s] -- Installing: /home/y/SA_CAO_test_ws/install/dynamixel_sdk/share/ament_index/resource_index/parent_prefix_path/dynamixel_sdk
[2.698s] -- Installing: /home/y/SA_CAO_test_ws/install/dynamixel_sdk/share/dynamixel_sdk/environment/ament_prefix_path.sh
[2.699s] -- Installing: /home/y/SA_CAO_test_ws/install/dynamixel_sdk/share/dynamixel_sdk/environment/ament_prefix_path.dsv
[2.699s] -- Installing: /home/y/SA_CAO_test_ws/install/dynamixel_sdk/share/dynamixel_sdk/environment/path.sh
[2.699s] -- Installing: /home/y/SA_CAO_test_ws/install/dynamixel_sdk/share/dynamixel_sdk/environment/path.dsv
[2.699s] -- Installing: /home/y/SA_CAO_test_ws/install/dynamixel_sdk/share/dynamixel_sdk/local_setup.bash
[2.699s] -- Installing: /home/y/SA_CAO_test_ws/install/dynamixel_sdk/share/dynamixel_sdk/local_setup.sh
[2.700s] -- Installing: /home/y/SA_CAO_test_ws/install/dynamixel_sdk/share/dynamixel_sdk/local_setup.zsh
[2.700s] -- Installing: /home/y/SA_CAO_test_ws/install/dynamixel_sdk/share/dynamixel_sdk/local_setup.dsv
[2.700s] -- Installing: /home/y/SA_CAO_test_ws/install/dynamixel_sdk/share/dynamixel_sdk/package.dsv
[2.701s] -- Installing: /home/y/SA_CAO_test_ws/install/dynamixel_sdk/share/ament_index/resource_index/packages/dynamixel_sdk
[2.701s] -- Installing: /home/y/SA_CAO_test_ws/install/dynamixel_sdk/share/dynamixel_sdk/cmake/ament_cmake_export_include_directories-extras.cmake
[2.701s] -- Installing: /home/y/SA_CAO_test_ws/install/dynamixel_sdk/share/dynamixel_sdk/cmake/ament_cmake_export_libraries-extras.cmake
[2.702s] -- Installing: /home/y/SA_CAO_test_ws/install/dynamixel_sdk/share/dynamixel_sdk/cmake/dynamixel_sdkConfig.cmake
[2.702s] -- Installing: /home/y/SA_CAO_test_ws/install/dynamixel_sdk/share/dynamixel_sdk/cmake/dynamixel_sdkConfig-version.cmake
[2.702s] -- Installing: /home/y/SA_CAO_test_ws/install/dynamixel_sdk/share/dynamixel_sdk/package.xml
[2.706s] Invoked command in '/home/y/SA_CAO_test_ws/build/dynamixel_sdk' returned '0': CMAKE_PREFIX_PATH=/home/y/SA_CAO_test_ws/install/turtlebot3:/home/y/SA_CAO_test_ws/install/turtlebot3_simulations:/home/y/SA_CAO_test_ws/install/turtlebot3_bringup:/home/y/SA_CAO_test_ws/install/turtlebot3_node:/home/y/SA_CAO_test_ws/install/turtlebot3_navigation2:/home/y/SA_CAO_test_ws/install/turtlebot3_fake_node:/home/y/SA_CAO_test_ws/install/turtlebot3_msgs:/home/y/SA_CAO_test_ws/install/turtlebot3_gazebo:/home/y/SA_CAO_test_ws/install/turtlebot3_description:/home/y/SA_CAO_test_ws/install/turtlebot3_cartographer:/home/y/SA_CAO_test_ws/install/sub_diablo2023a:/home/y/SA_CAO_test_ws/install/motion_msgs:/home/y/SA_CAO_test_ws/install/hls_lfcd_lds_driver:/home/y/SA_CAO_test_ws/install/dynamixel_sdk_examples:/home/y/SA_CAO_test_ws/install/dynamixel_sdk_custom_interfaces:/home/y/SA_CAO_test_ws/install/dynamixel_sdk:/home/y/SA_CAO_test_ws/install/turtlebot3_teleop:/home/y/SA_CAO_test_ws/install/turtlebot3_example:/home/y/SA_CAO_test_ws/install/my_joystick:/home/y/SA_CAO_test_ws/install/launch_diablo:/opt/ros/foxy:/home/y/oradar_ros/install/oradar_lidar /usr/bin/cmake --install /home/y/SA_CAO_test_ws/build/dynamixel_sdk
