[0.009s] Invoking command in '/home/y/SA_CAO_Simu/SA_CAO/build/turtlebot3_cartographer': CMAKE_PREFIX_PATH=${CMAKE_PREFIX_PATH}:/home/y/SA_CAO_Simu/SA_CAO/install/turtlebot3_teleop:/home/y/SA_CAO_Simu/SA_CAO/install/turtlebot3_example:/home/y/SA_CAO_Simu/SA_CAO/install/pure_pursuit:/home/y/SA_CAO_Simu/SA_CAO/install/my_balance_pkg:/home/y/SA_CAO_Simu/SA_CAO/install/launch_diablo:/opt/ros/foxy /usr/bin/cmake /home/y/SA_CAO_Simu/SA_CAO/src/turtlebot3/turtlebot3/turtlebot3_cartographer -DCMAKE_INSTALL_PREFIX=/home/y/SA_CAO_Simu/SA_CAO/install/turtlebot3_cartographer
[0.050s] -- The C compiler identification is GNU 9.4.0
[0.075s] -- The CXX compiler identification is GNU 9.4.0
[0.077s] -- Check for working C compiler: /usr/bin/cc
[0.152s] -- Check for working C compiler: /usr/bin/cc -- works
[0.152s] -- Detecting C compiler ABI info
[0.239s] -- Detecting C compiler ABI info - done
[0.239s] -- Detecting C compile features
[0.239s] -- Detecting C compile features - done
[0.239s] -- Check for working CXX compiler: /usr/bin/c++
[0.327s] -- Check for working CXX compiler: /usr/bin/c++ -- works
[0.327s] -- Detecting CXX compiler ABI info
[0.415s] -- Detecting CXX compiler ABI info - done
[0.418s] -- Detecting CXX compile features
[0.418s] -- Detecting CXX compile features - done
[0.419s] -- Found ament_cmake: 0.9.12 (/opt/ros/foxy/share/ament_cmake/cmake)
[0.432s] -- Found PythonInterp: /usr/bin/python3 (found suitable version "3.8.10", minimum required is "3") 
[0.432s] -- Using PYTHON_EXECUTABLE: /usr/bin/python3
[0.532s] -- Configuring done
[0.532s] -- Generating done
[0.532s] -- Build files have been written to: /home/y/SA_CAO_Simu/SA_CAO/build/turtlebot3_cartographer
[0.533s] Invoked command in '/home/y/SA_CAO_Simu/SA_CAO/build/turtlebot3_cartographer' returned '0': CMAKE_PREFIX_PATH=${CMAKE_PREFIX_PATH}:/home/y/SA_CAO_Simu/SA_CAO/install/turtlebot3_teleop:/home/y/SA_CAO_Simu/SA_CAO/install/turtlebot3_example:/home/y/SA_CAO_Simu/SA_CAO/install/pure_pursuit:/home/y/SA_CAO_Simu/SA_CAO/install/my_balance_pkg:/home/y/SA_CAO_Simu/SA_CAO/install/launch_diablo:/opt/ros/foxy /usr/bin/cmake /home/y/SA_CAO_Simu/SA_CAO/src/turtlebot3/turtlebot3/turtlebot3_cartographer -DCMAKE_INSTALL_PREFIX=/home/y/SA_CAO_Simu/SA_CAO/install/turtlebot3_cartographer
[0.534s] Invoking command in '/home/y/SA_CAO_Simu/SA_CAO/build/turtlebot3_cartographer': CMAKE_PREFIX_PATH=${CMAKE_PREFIX_PATH}:/home/y/SA_CAO_Simu/SA_CAO/install/turtlebot3_teleop:/home/y/SA_CAO_Simu/SA_CAO/install/turtlebot3_example:/home/y/SA_CAO_Simu/SA_CAO/install/pure_pursuit:/home/y/SA_CAO_Simu/SA_CAO/install/my_balance_pkg:/home/y/SA_CAO_Simu/SA_CAO/install/launch_diablo:/opt/ros/foxy /usr/bin/cmake --build /home/y/SA_CAO_Simu/SA_CAO/build/turtlebot3_cartographer -- -j2 -l2
[0.575s] Invoked command in '/home/y/SA_CAO_Simu/SA_CAO/build/turtlebot3_cartographer' returned '0': CMAKE_PREFIX_PATH=${CMAKE_PREFIX_PATH}:/home/y/SA_CAO_Simu/SA_CAO/install/turtlebot3_teleop:/home/y/SA_CAO_Simu/SA_CAO/install/turtlebot3_example:/home/y/SA_CAO_Simu/SA_CAO/install/pure_pursuit:/home/y/SA_CAO_Simu/SA_CAO/install/my_balance_pkg:/home/y/SA_CAO_Simu/SA_CAO/install/launch_diablo:/opt/ros/foxy /usr/bin/cmake --build /home/y/SA_CAO_Simu/SA_CAO/build/turtlebot3_cartographer -- -j2 -l2
[0.576s] Invoking command in '/home/y/SA_CAO_Simu/SA_CAO/build/turtlebot3_cartographer': CMAKE_PREFIX_PATH=${CMAKE_PREFIX_PATH}:/home/y/SA_CAO_Simu/SA_CAO/install/turtlebot3_teleop:/home/y/SA_CAO_Simu/SA_CAO/install/turtlebot3_example:/home/y/SA_CAO_Simu/SA_CAO/install/pure_pursuit:/home/y/SA_CAO_Simu/SA_CAO/install/my_balance_pkg:/home/y/SA_CAO_Simu/SA_CAO/install/launch_diablo:/opt/ros/foxy /usr/bin/cmake --install /home/y/SA_CAO_Simu/SA_CAO/build/turtlebot3_cartographer
[0.582s] -- Install configuration: ""
[0.582s] -- Installing: /home/y/SA_CAO_Simu/SA_CAO/install/turtlebot3_cartographer/share/turtlebot3_cartographer/config
[0.582s] -- Installing: /home/y/SA_CAO_Simu/SA_CAO/install/turtlebot3_cartographer/share/turtlebot3_cartographer/config/turtlebot3_lds_2d.lua
[0.582s] -- Installing: /home/y/SA_CAO_Simu/SA_CAO/install/turtlebot3_cartographer/share/turtlebot3_cartographer/launch
[0.582s] -- Installing: /home/y/SA_CAO_Simu/SA_CAO/install/turtlebot3_cartographer/share/turtlebot3_cartographer/launch/occupancy_grid.launch.py
[0.582s] -- Installing: /home/y/SA_CAO_Simu/SA_CAO/install/turtlebot3_cartographer/share/turtlebot3_cartographer/launch/cartographer.launch.py
[0.582s] -- Installing: /home/y/SA_CAO_Simu/SA_CAO/install/turtlebot3_cartographer/share/turtlebot3_cartographer/rviz
[0.582s] -- Installing: /home/y/SA_CAO_Simu/SA_CAO/install/turtlebot3_cartographer/share/turtlebot3_cartographer/rviz/tb3_cartographer.rviz
[0.582s] -- Installing: /home/y/SA_CAO_Simu/SA_CAO/install/turtlebot3_cartographer/share/ament_index/resource_index/package_run_dependencies/turtlebot3_cartographer
[0.582s] -- Installing: /home/y/SA_CAO_Simu/SA_CAO/install/turtlebot3_cartographer/share/ament_index/resource_index/parent_prefix_path/turtlebot3_cartographer
[0.582s] -- Installing: /home/y/SA_CAO_Simu/SA_CAO/install/turtlebot3_cartographer/share/turtlebot3_cartographer/environment/ament_prefix_path.sh
[0.582s] -- Installing: /home/y/SA_CAO_Simu/SA_CAO/install/turtlebot3_cartographer/share/turtlebot3_cartographer/environment/ament_prefix_path.dsv
[0.582s] -- Installing: /home/y/SA_CAO_Simu/SA_CAO/install/turtlebot3_cartographer/share/turtlebot3_cartographer/environment/path.sh
[0.582s] -- Installing: /home/y/SA_CAO_Simu/SA_CAO/install/turtlebot3_cartographer/share/turtlebot3_cartographer/environment/path.dsv
[0.582s] -- Installing: /home/y/SA_CAO_Simu/SA_CAO/install/turtlebot3_cartographer/share/turtlebot3_cartographer/local_setup.bash
[0.582s] -- Installing: /home/y/SA_CAO_Simu/SA_CAO/install/turtlebot3_cartographer/share/turtlebot3_cartographer/local_setup.sh
[0.582s] -- Installing: /home/y/SA_CAO_Simu/SA_CAO/install/turtlebot3_cartographer/share/turtlebot3_cartographer/local_setup.zsh
[0.582s] -- Installing: /home/y/SA_CAO_Simu/SA_CAO/install/turtlebot3_cartographer/share/turtlebot3_cartographer/local_setup.dsv
[0.582s] -- Installing: /home/y/SA_CAO_Simu/SA_CAO/install/turtlebot3_cartographer/share/turtlebot3_cartographer/package.dsv
[0.582s] -- Installing: /home/y/SA_CAO_Simu/SA_CAO/install/turtlebot3_cartographer/share/ament_index/resource_index/packages/turtlebot3_cartographer
[0.582s] -- Installing: /home/y/SA_CAO_Simu/SA_CAO/install/turtlebot3_cartographer/share/turtlebot3_cartographer/cmake/turtlebot3_cartographerConfig.cmake
[0.582s] -- Installing: /home/y/SA_CAO_Simu/SA_CAO/install/turtlebot3_cartographer/share/turtlebot3_cartographer/cmake/turtlebot3_cartographerConfig-version.cmake
[0.583s] -- Installing: /home/y/SA_CAO_Simu/SA_CAO/install/turtlebot3_cartographer/share/turtlebot3_cartographer/package.xml
[0.583s] Invoked command in '/home/y/SA_CAO_Simu/SA_CAO/build/turtlebot3_cartographer' returned '0': CMAKE_PREFIX_PATH=${CMAKE_PREFIX_PATH}:/home/y/SA_CAO_Simu/SA_CAO/install/turtlebot3_teleop:/home/y/SA_CAO_Simu/SA_CAO/install/turtlebot3_example:/home/y/SA_CAO_Simu/SA_CAO/install/pure_pursuit:/home/y/SA_CAO_Simu/SA_CAO/install/my_balance_pkg:/home/y/SA_CAO_Simu/SA_CAO/install/launch_diablo:/opt/ros/foxy /usr/bin/cmake --install /home/y/SA_CAO_Simu/SA_CAO/build/turtlebot3_cartographer
