running egg_info
creating ../../build/pure_pursuit/pure_pursuit.egg-info
writing ../../build/pure_pursuit/pure_pursuit.egg-info/PKG-INFO
writing dependency_links to ../../build/pure_pursuit/pure_pursuit.egg-info/dependency_links.txt
writing entry points to ../../build/pure_pursuit/pure_pursuit.egg-info/entry_points.txt
writing requirements to ../../build/pure_pursuit/pure_pursuit.egg-info/requires.txt
writing top-level names to ../../build/pure_pursuit/pure_pursuit.egg-info/top_level.txt
writing manifest file '../../build/pure_pursuit/pure_pursuit.egg-info/SOURCES.txt'
reading manifest file '../../build/pure_pursuit/pure_pursuit.egg-info/SOURCES.txt'
writing manifest file '../../build/pure_pursuit/pure_pursuit.egg-info/SOURCES.txt'
running build
running build_py
creating /home/y/SA_CAO_Simu/SA_CAO/build/pure_pursuit/build
creating /home/y/SA_CAO_Simu/SA_CAO/build/pure_pursuit/build/lib
creating /home/y/SA_CAO_Simu/SA_CAO/build/pure_pursuit/build/lib/pure_pursuit
copying pure_pursuit/__init__.py -> /home/y/SA_CAO_Simu/SA_CAO/build/pure_pursuit/build/lib/pure_pursuit
copying pure_pursuit/marker_relay_node.py -> /home/y/SA_CAO_Simu/SA_CAO/build/pure_pursuit/build/lib/pure_pursuit
copying pure_pursuit/get_pose.py -> /home/y/SA_CAO_Simu/SA_CAO/build/pure_pursuit/build/lib/pure_pursuit
running install
running install_lib
creating /home/y/SA_CAO_Simu/SA_CAO/install/pure_pursuit/lib/python3.8/site-packages/pure_pursuit
copying /home/y/SA_CAO_Simu/SA_CAO/build/pure_pursuit/build/lib/pure_pursuit/__init__.py -> /home/y/SA_CAO_Simu/SA_CAO/install/pure_pursuit/lib/python3.8/site-packages/pure_pursuit
copying /home/y/SA_CAO_Simu/SA_CAO/build/pure_pursuit/build/lib/pure_pursuit/marker_relay_node.py -> /home/y/SA_CAO_Simu/SA_CAO/install/pure_pursuit/lib/python3.8/site-packages/pure_pursuit
copying /home/y/SA_CAO_Simu/SA_CAO/build/pure_pursuit/build/lib/pure_pursuit/get_pose.py -> /home/y/SA_CAO_Simu/SA_CAO/install/pure_pursuit/lib/python3.8/site-packages/pure_pursuit
byte-compiling /home/y/SA_CAO_Simu/SA_CAO/install/pure_pursuit/lib/python3.8/site-packages/pure_pursuit/__init__.py to __init__.cpython-38.pyc
byte-compiling /home/y/SA_CAO_Simu/SA_CAO/install/pure_pursuit/lib/python3.8/site-packages/pure_pursuit/marker_relay_node.py to marker_relay_node.cpython-38.pyc
byte-compiling /home/y/SA_CAO_Simu/SA_CAO/install/pure_pursuit/lib/python3.8/site-packages/pure_pursuit/get_pose.py to get_pose.cpython-38.pyc
running install_data
creating /home/y/SA_CAO_Simu/SA_CAO/install/pure_pursuit/share/ament_index
creating /home/y/SA_CAO_Simu/SA_CAO/install/pure_pursuit/share/ament_index/resource_index
creating /home/y/SA_CAO_Simu/SA_CAO/install/pure_pursuit/share/ament_index/resource_index/packages
copying resource/pure_pursuit -> /home/y/SA_CAO_Simu/SA_CAO/install/pure_pursuit/share/ament_index/resource_index/packages
copying package.xml -> /home/y/SA_CAO_Simu/SA_CAO/install/pure_pursuit/share/pure_pursuit
running install_egg_info
Copying ../../build/pure_pursuit/pure_pursuit.egg-info to /home/y/SA_CAO_Simu/SA_CAO/install/pure_pursuit/lib/python3.8/site-packages/pure_pursuit-0.0.0-py3.8.egg-info
running install_scripts
Installing get_pose script to /home/y/SA_CAO_Simu/SA_CAO/install/pure_pursuit/lib/pure_pursuit
Installing marker_relay_node script to /home/y/SA_CAO_Simu/SA_CAO/install/pure_pursuit/lib/pure_pursuit
writing list of installed files to '/home/y/SA_CAO_Simu/SA_CAO/build/pure_pursuit/install.log'
