[0.558s] Invoking command in '/home/y/SA_CAO_test_ws/src/my_joystick': PYTHONPATH=/home/y/SA_CAO_test_ws/build/my_joystick/prefix_override:/usr/lib/python3/dist-packages/colcon_core/task/python/colcon_distutils_commands:/home/y/SA_CAO_test_ws/install/my_joystick/lib/python3.8/site-packages:${PYTHONPATH} /usr/bin/python3 -W ignore:setup.py install is deprecated -W ignore:easy_install command is deprecated setup.py egg_info --egg-base ../../build/my_joystick build --build-base /home/y/SA_CAO_test_ws/build/my_joystick/build install --record /home/y/SA_CAO_test_ws/build/my_joystick/install.log --install-scripts $base/lib/my_joystick --single-version-externally-managed install_data
[0.743s] running egg_info
[0.744s] creating ../../build/my_joystick/my_joystick.egg-info
[0.744s] writing ../../build/my_joystick/my_joystick.egg-info/PKG-INFO
[0.745s] writing dependency_links to ../../build/my_joystick/my_joystick.egg-info/dependency_links.txt
[0.745s] writing entry points to ../../build/my_joystick/my_joystick.egg-info/entry_points.txt
[0.745s] writing requirements to ../../build/my_joystick/my_joystick.egg-info/requires.txt
[0.745s] writing top-level names to ../../build/my_joystick/my_joystick.egg-info/top_level.txt
[0.747s] writing manifest file '../../build/my_joystick/my_joystick.egg-info/SOURCES.txt'
[0.776s] reading manifest file '../../build/my_joystick/my_joystick.egg-info/SOURCES.txt'
[0.777s] writing manifest file '../../build/my_joystick/my_joystick.egg-info/SOURCES.txt'
[0.778s] running build
[0.778s] running build_py
[0.778s] creating /home/y/SA_CAO_test_ws/build/my_joystick/build
[0.779s] creating /home/y/SA_CAO_test_ws/build/my_joystick/build/lib
[0.779s] creating /home/y/SA_CAO_test_ws/build/my_joystick/build/lib/my_joystick
[0.779s] copying my_joystick/__init__.py -> /home/y/SA_CAO_test_ws/build/my_joystick/build/lib/my_joystick
[0.779s] copying my_joystick/my_joystick_node.py -> /home/y/SA_CAO_test_ws/build/my_joystick/build/lib/my_joystick
[0.780s] running install
[0.781s] running install_lib
[0.782s] creating /home/y/SA_CAO_test_ws/install/my_joystick/lib/python3.8/site-packages/my_joystick
[0.782s] copying /home/y/SA_CAO_test_ws/build/my_joystick/build/lib/my_joystick/__init__.py -> /home/y/SA_CAO_test_ws/install/my_joystick/lib/python3.8/site-packages/my_joystick
[0.782s] copying /home/y/SA_CAO_test_ws/build/my_joystick/build/lib/my_joystick/my_joystick_node.py -> /home/y/SA_CAO_test_ws/install/my_joystick/lib/python3.8/site-packages/my_joystick
[0.783s] byte-compiling /home/y/SA_CAO_test_ws/install/my_joystick/lib/python3.8/site-packages/my_joystick/__init__.py to __init__.cpython-38.pyc
[0.784s] byte-compiling /home/y/SA_CAO_test_ws/install/my_joystick/lib/python3.8/site-packages/my_joystick/my_joystick_node.py to my_joystick_node.cpython-38.pyc
[0.784s] running install_data
[0.785s] creating /home/y/SA_CAO_test_ws/install/my_joystick/share/ament_index
[0.785s] creating /home/y/SA_CAO_test_ws/install/my_joystick/share/ament_index/resource_index
[0.785s] creating /home/y/SA_CAO_test_ws/install/my_joystick/share/ament_index/resource_index/packages
[0.785s] copying resource/my_joystick -> /home/y/SA_CAO_test_ws/install/my_joystick/share/ament_index/resource_index/packages
[0.786s] copying package.xml -> /home/y/SA_CAO_test_ws/install/my_joystick/share/my_joystick
[0.786s] running install_egg_info
[0.788s] Copying ../../build/my_joystick/my_joystick.egg-info to /home/y/SA_CAO_test_ws/install/my_joystick/lib/python3.8/site-packages/my_joystick-0.0.0-py3.8.egg-info
[0.788s] running install_scripts
[0.803s] Installing my_joystick script to /home/y/SA_CAO_test_ws/install/my_joystick/lib/my_joystick
[0.803s] writing list of installed files to '/home/y/SA_CAO_test_ws/build/my_joystick/install.log'
[0.823s] Invoked command in '/home/y/SA_CAO_test_ws/src/my_joystick' returned '0': PYTHONPATH=/home/y/SA_CAO_test_ws/build/my_joystick/prefix_override:/usr/lib/python3/dist-packages/colcon_core/task/python/colcon_distutils_commands:/home/y/SA_CAO_test_ws/install/my_joystick/lib/python3.8/site-packages:${PYTHONPATH} /usr/bin/python3 -W ignore:setup.py install is deprecated -W ignore:easy_install command is deprecated setup.py egg_info --egg-base ../../build/my_joystick build --build-base /home/y/SA_CAO_test_ws/build/my_joystick/build install --record /home/y/SA_CAO_test_ws/build/my_joystick/install.log --install-scripts $base/lib/my_joystick --single-version-externally-managed install_data
