[0.008s] Invoking command in '/home/y/SA_CAO_Simu/SA_CAO/build/turtlebot3_gazebo': AMENT_PREFIX_PATH=/home/y/SA_CAO_Simu/SA_CAO/install/turtlebot3_description:${AMENT_PREFIX_PATH} CMAKE_PREFIX_PATH=/home/y/SA_CAO_Simu/SA_CAO/install/turtlebot3_description:/opt/ros/foxy /usr/bin/cmake /home/y/SA_CAO_Simu/SA_CAO/src/turtlebot3/turtlebot3_simulations/turtlebot3_gazebo -DCMAKE_INSTALL_PREFIX=/home/y/SA_CAO_Simu/SA_CAO/install/turtlebot3_gazebo
[0.045s] -- The C compiler identification is GNU 9.4.0
[0.070s] -- The CXX compiler identification is GNU 9.4.0
[0.071s] -- Check for working C compiler: /usr/bin/cc
[0.094s] -- Check for working C compiler: /usr/bin/cc -- works
[0.097s] -- Detecting C compiler ABI info
[0.126s] -- Detecting C compiler ABI info - done
[0.129s] -- Detecting C compile features
[0.129s] -- Detecting C compile features - done
[0.130s] -- Check for working CXX compiler: /usr/bin/c++
[0.166s] -- Check for working CXX compiler: /usr/bin/c++ -- works
[0.167s] -- Detecting CXX compiler ABI info
[0.199s] -- Detecting CXX compiler ABI info - done
[0.203s] -- Detecting CXX compile features
[0.203s] -- Detecting CXX compile features - done
[0.204s] -- Found ament_cmake: 0.9.12 (/opt/ros/foxy/share/ament_cmake/cmake)
[0.216s] -- Found PythonInterp: /usr/bin/python3 (found suitable version "3.8.10", minimum required is "3") 
[0.216s] -- Using PYTHON_EXECUTABLE: /usr/bin/python3
[0.304s] -- Found PkgConfig: /usr/bin/pkg-config (found version "0.29.1") 
[0.307s] -- Checking for module 'bullet>=2.82'
[0.315s] --   Found bullet, version 2.88
[0.376s] -- Found ccd: /usr/include (found suitable version "2.0", minimum required is "2.0") 
[0.407s] -- Found fcl: /usr/include (found suitable version "0.5.0", minimum required is "0.3.2") 
[0.446s] -- Found assimp: /usr/include (found version "5.0.0") 
[0.460s] -- Found DART: /usr/include (Required is at least version "6.6") found components: dart 
[0.622s] -- Found Boost: /usr/lib/aarch64-linux-gnu/cmake/Boost-1.71.0/BoostConfig.cmake (found suitable version "1.71.0", minimum required is "1.40.0") found components: thread system filesystem program_options regex iostreams date_time 
[0.646s] -- Found Protobuf: /usr/lib/aarch64-linux-gnu/libprotobuf.so;-lpthread (found version "3.6.1") 
[0.648s] -- Looking for ignition-math6 -- found version 6.15.1
[0.657s] -- Searching for dependencies of ignition-math6
[0.658s] -- Looking for OGRE...
[0.658s] -- OGRE_PREFIX_WATCH changed.
[0.661s] -- Checking for module 'OGRE'
[0.669s] --   Found OGRE, version 1.9.0
[0.686s] -- Found Ogre Ghadamon (1.9.0)
[0.689s] -- Found OGRE: optimized;/usr/lib/aarch64-linux-gnu/libOgreMain.so;debug;/usr/lib/aarch64-linux-gnu/libOgreMain.so
[0.694s] -- Looking for OGRE_Paging...
[0.697s] -- Found OGRE_Paging: optimized;/usr/lib/aarch64-linux-gnu/libOgrePaging.so;debug;/usr/lib/aarch64-linux-gnu/libOgrePaging.so
[0.697s] -- Looking for OGRE_Terrain...
[0.700s] -- Found OGRE_Terrain: optimized;/usr/lib/aarch64-linux-gnu/libOgreTerrain.so;debug;/usr/lib/aarch64-linux-gnu/libOgreTerrain.so
[0.700s] -- Looking for OGRE_Property...
[0.703s] -- Found OGRE_Property: optimized;/usr/lib/aarch64-linux-gnu/libOgreProperty.so;debug;/usr/lib/aarch64-linux-gnu/libOgreProperty.so
[0.703s] -- Looking for OGRE_RTShaderSystem...
[0.706s] -- Found OGRE_RTShaderSystem: optimized;/usr/lib/aarch64-linux-gnu/libOgreRTShaderSystem.so;debug;/usr/lib/aarch64-linux-gnu/libOgreRTShaderSystem.so
[0.706s] -- Looking for OGRE_Volume...
[0.709s] -- Found OGRE_Volume: optimized;/usr/lib/aarch64-linux-gnu/libOgreVolume.so;debug;/usr/lib/aarch64-linux-gnu/libOgreVolume.so
[0.709s] -- Looking for OGRE_Overlay...
[0.712s] -- Found OGRE_Overlay: optimized;/usr/lib/aarch64-linux-gnu/libOgreOverlay.so;debug;/usr/lib/aarch64-linux-gnu/libOgreOverlay.so
[0.769s] -- Looking for ignition-math6 -- found version 6.15.1
[0.770s] -- Looking for ignition-transport8 -- found version 8.5.0
[0.771s] -- Searching for dependencies of ignition-transport8
[0.795s] -- Config-file not installed for ZeroMQ -- checking for pkg-config
[0.800s] -- Checking for module 'libzmq >= 4'
[0.811s] --   Found libzmq , version 4.3.2
[0.825s] -- Found ZeroMQ: TRUE (Required is at least version "4") 
[0.829s] -- Checking for module 'uuid'
[0.834s] --   Found uuid, version 2.34.0
[0.855s] -- Found UUID: TRUE  
[0.857s] -- Looking for ignition-msgs5 -- found version 5.11.0
[0.857s] -- Searching for dependencies of ignition-msgs5
[0.869s] -- Found Protobuf: /usr/lib/aarch64-linux-gnu/libprotobuf.so;-lpthread (found suitable version "3.6.1", minimum required is "3") 
[0.870s] -- Looking for ignition-math6 -- found version 6.15.1
[0.872s] -- Checking for module 'tinyxml2'
[0.886s] --   Found tinyxml2, version 6.2.0
[0.919s] -- Looking for ignition-msgs5 -- found version 5.11.0
[0.921s] -- Looking for ignition-common3 -- found version 3.17.0
[0.921s] -- Searching for dependencies of ignition-common3
[0.921s] -- Looking for dlfcn.h - found
[0.922s] -- Looking for libdl - found
[0.922s] -- Found DL: TRUE  
[0.927s] -- Searching for <ignition-common3> component [graphics]
[0.928s] -- Looking for ignition-common3-graphics -- found version 3.17.0
[0.928s] -- Searching for dependencies of ignition-common3-graphics
[0.929s] -- Looking for ignition-math6 -- found version 6.15.1
[0.930s] -- Looking for ignition-fuel_tools4 -- found version 4.9.1
[0.930s] -- Searching for dependencies of ignition-fuel_tools4
[0.967s] -- Found CURL: /usr/lib/aarch64-linux-gnu/libcurl.so (found version "7.68.0")  
[0.970s] -- Checking for module 'jsoncpp'
[0.976s] --   Found jsoncpp, version 1.7.4
[1.000s] -- Found JSONCPP: TRUE  
[1.002s] -- Checking for module 'libzip'
[1.009s] --   Found libzip, version 1.5.1
[1.023s] -- Found ZIP: TRUE  
[1.023s] -- Looking for ignition-common3 -- found version 3.17.0
[1.023s] -- Looking for ignition-math6 -- found version 6.15.1
[1.023s] -- Looking for ignition-msgs5 -- found version 5.11.0
[1.025s] -- Found gazebo_ros_pkgs: 3.5.3 (/opt/ros/foxy/share/gazebo_ros_pkgs/cmake)
[1.026s] -- Found geometry_msgs: 2.0.5 (/opt/ros/foxy/share/geometry_msgs/cmake)
[1.037s] -- Using all available rosidl_typesupport_c: rosidl_typesupport_fastrtps_c;rosidl_typesupport_introspection_c
[1.040s] -- Found rosidl_adapter: 1.3.1 (/opt/ros/foxy/share/rosidl_adapter/cmake)
[1.071s] -- Found OpenSSL: /usr/lib/aarch64-linux-gnu/libcrypto.so (found version "1.1.1f")  
[1.084s] -- Found FastRTPS: /opt/ros/foxy/include  
[1.118s] -- Using all available rosidl_typesupport_cpp: rosidl_typesupport_fastrtps_cpp;rosidl_typesupport_introspection_cpp
[1.153s] -- Found nav_msgs: 2.0.5 (/opt/ros/foxy/share/nav_msgs/cmake)
[1.187s] -- Found rclcpp: 2.4.3 (/opt/ros/foxy/share/rclcpp/cmake)
[1.204s] -- Found rmw_implementation_cmake: 1.0.4 (/opt/ros/foxy/share/rmw_implementation_cmake/cmake)
[1.205s] -- Using RMW implementation 'rmw_fastrtps_cpp' as default
[1.206s] -- Found Threads: TRUE  
[1.268s] -- Found sensor_msgs: 2.0.5 (/opt/ros/foxy/share/sensor_msgs/cmake)
[1.302s] -- Found tf2: 0.13.14 (/opt/ros/foxy/share/tf2/cmake)
[1.356s] -- Configuring done
[1.402s] -- Generating done
[1.412s] -- Build files have been written to: /home/y/SA_CAO_Simu/SA_CAO/build/turtlebot3_gazebo
[1.420s] Invoked command in '/home/y/SA_CAO_Simu/SA_CAO/build/turtlebot3_gazebo' returned '0': AMENT_PREFIX_PATH=/home/y/SA_CAO_Simu/SA_CAO/install/turtlebot3_description:${AMENT_PREFIX_PATH} CMAKE_PREFIX_PATH=/home/y/SA_CAO_Simu/SA_CAO/install/turtlebot3_description:/opt/ros/foxy /usr/bin/cmake /home/y/SA_CAO_Simu/SA_CAO/src/turtlebot3/turtlebot3_simulations/turtlebot3_gazebo -DCMAKE_INSTALL_PREFIX=/home/y/SA_CAO_Simu/SA_CAO/install/turtlebot3_gazebo
[1.422s] Invoking command in '/home/y/SA_CAO_Simu/SA_CAO/build/turtlebot3_gazebo': AMENT_PREFIX_PATH=/home/y/SA_CAO_Simu/SA_CAO/install/turtlebot3_description:${AMENT_PREFIX_PATH} CMAKE_PREFIX_PATH=/home/y/SA_CAO_Simu/SA_CAO/install/turtlebot3_description:/opt/ros/foxy /usr/bin/cmake --build /home/y/SA_CAO_Simu/SA_CAO/build/turtlebot3_gazebo -- -j2 -l2
[1.522s] [35m[1mScanning dependencies of target obstacles[0m
[1.537s] [35m[1mScanning dependencies of target obstacle2[0m
[1.661s] [ 12%] [32mBuilding CXX object CMakeFiles/obstacle2.dir/models/turtlebot3_dqn_world/obstacle_plugin/obstacle2.cc.o[0m
[1.678s] [ 25%] [32mBuilding CXX object CMakeFiles/obstacles.dir/models/turtlebot3_dqn_world/obstacle_plugin/obstacles.cc.o[0m
[7.970s] [ 37%] [32m[1mLinking CXX shared library libobstacle2.so[0m
[8.123s] [ 50%] [32m[1mLinking CXX shared library libobstacles.so[0m
[8.398s] [ 50%] Built target obstacles
[8.411s] [35m[1mScanning dependencies of target turtlebot3_drive[0m
[8.414s] [ 50%] Built target obstacle2
[8.422s] [35m[1mScanning dependencies of target obstacle1[0m
[8.602s] [ 62%] [32mBuilding CXX object CMakeFiles/turtlebot3_drive.dir/src/turtlebot3_drive.cpp.o[0m
[8.654s] [ 75%] [32mBuilding CXX object CMakeFiles/obstacle1.dir/models/turtlebot3_dqn_world/obstacle_plugin/obstacle1.cc.o[0m
[11.780s] [ 87%] [32m[1mLinking CXX executable turtlebot3_drive[0m
[12.026s] [ 87%] Built target turtlebot3_drive
[13.327s] [100%] [32m[1mLinking CXX shared library libobstacle1.so[0m
[13.520s] [100%] Built target obstacle1
[13.544s] Invoked command in '/home/y/SA_CAO_Simu/SA_CAO/build/turtlebot3_gazebo' returned '0': AMENT_PREFIX_PATH=/home/y/SA_CAO_Simu/SA_CAO/install/turtlebot3_description:${AMENT_PREFIX_PATH} CMAKE_PREFIX_PATH=/home/y/SA_CAO_Simu/SA_CAO/install/turtlebot3_description:/opt/ros/foxy /usr/bin/cmake --build /home/y/SA_CAO_Simu/SA_CAO/build/turtlebot3_gazebo -- -j2 -l2
[13.547s] Invoking command in '/home/y/SA_CAO_Simu/SA_CAO/build/turtlebot3_gazebo': AMENT_PREFIX_PATH=/home/y/SA_CAO_Simu/SA_CAO/install/turtlebot3_description:${AMENT_PREFIX_PATH} CMAKE_PREFIX_PATH=/home/y/SA_CAO_Simu/SA_CAO/install/turtlebot3_description:/opt/ros/foxy /usr/bin/cmake --install /home/y/SA_CAO_Simu/SA_CAO/build/turtlebot3_gazebo
[13.563s] -- Install configuration: ""
[13.563s] -- Installing: /home/y/SA_CAO_Simu/SA_CAO/install/turtlebot3_gazebo/lib/turtlebot3_gazebo/turtlebot3_drive
[13.564s] -- Set runtime path of "/home/y/SA_CAO_Simu/SA_CAO/install/turtlebot3_gazebo/lib/turtlebot3_gazebo/turtlebot3_drive" to ""
[13.564s] -- Installing: /home/y/SA_CAO_Simu/SA_CAO/install/turtlebot3_gazebo/share/turtlebot3_gazebo//launch
[13.565s] -- Installing: /home/y/SA_CAO_Simu/SA_CAO/install/turtlebot3_gazebo/share/turtlebot3_gazebo//launch/turtlebot3_dqn_stage1.launch.py
[13.566s] -- Installing: /home/y/SA_CAO_Simu/SA_CAO/install/turtlebot3_gazebo/share/turtlebot3_gazebo//launch/empty_world.launch.py
[13.566s] -- Installing: /home/y/SA_CAO_Simu/SA_CAO/install/turtlebot3_gazebo/share/turtlebot3_gazebo//launch/turtlebot3_dqn_stage3.launch.py
[13.567s] -- Installing: /home/y/SA_CAO_Simu/SA_CAO/install/turtlebot3_gazebo/share/turtlebot3_gazebo//launch/turtlebot3_house.launch.py
[13.567s] -- Installing: /home/y/SA_CAO_Simu/SA_CAO/install/turtlebot3_gazebo/share/turtlebot3_gazebo//launch/turtlebot3_world.launch.py
[13.567s] -- Installing: /home/y/SA_CAO_Simu/SA_CAO/install/turtlebot3_gazebo/share/turtlebot3_gazebo//launch/turtlebot3_dqn_stage4.launch.py
[13.567s] -- Installing: /home/y/SA_CAO_Simu/SA_CAO/install/turtlebot3_gazebo/share/turtlebot3_gazebo//launch/turtlebot3_autorace.launch.py
[13.567s] -- Installing: /home/y/SA_CAO_Simu/SA_CAO/install/turtlebot3_gazebo/share/turtlebot3_gazebo//launch/robot_state_publisher.launch.py
[13.567s] -- Installing: /home/y/SA_CAO_Simu/SA_CAO/install/turtlebot3_gazebo/share/turtlebot3_gazebo//launch/turtlebot3_dqn_stage2.launch.py
[13.567s] -- Installing: /home/y/SA_CAO_Simu/SA_CAO/install/turtlebot3_gazebo/share/turtlebot3_gazebo//models
[13.567s] -- Installing: /home/y/SA_CAO_Simu/SA_CAO/install/turtlebot3_gazebo/share/turtlebot3_gazebo//models/turtlebot3_burger
[13.568s] -- Installing: /home/y/SA_CAO_Simu/SA_CAO/install/turtlebot3_gazebo/share/turtlebot3_gazebo//models/turtlebot3_burger/model.config
[13.569s] -- Installing: /home/y/SA_CAO_Simu/SA_CAO/install/turtlebot3_gazebo/share/turtlebot3_gazebo//models/turtlebot3_burger/model-1_4.sdf
[13.569s] -- Installing: /home/y/SA_CAO_Simu/SA_CAO/install/turtlebot3_gazebo/share/turtlebot3_gazebo//models/turtlebot3_burger/meshes
[13.569s] -- Installing: /home/y/SA_CAO_Simu/SA_CAO/install/turtlebot3_gazebo/share/turtlebot3_gazebo//models/turtlebot3_burger/meshes/leg2_right_link_1.stl
[13.570s] -- Installing: /home/y/SA_CAO_Simu/SA_CAO/install/turtlebot3_gazebo/share/turtlebot3_gazebo//models/turtlebot3_burger/meshes/leg_left_link_1.stl
[13.571s] -- Installing: /home/y/SA_CAO_Simu/SA_CAO/install/turtlebot3_gazebo/share/turtlebot3_gazebo//models/turtlebot3_burger/meshes/tire.dae
[13.572s] -- Installing: /home/y/SA_CAO_Simu/SA_CAO/install/turtlebot3_gazebo/share/turtlebot3_gazebo//models/turtlebot3_burger/meshes/burger_base.dae
[13.572s] -- Installing: /home/y/SA_CAO_Simu/SA_CAO/install/turtlebot3_gazebo/share/turtlebot3_gazebo//models/turtlebot3_burger/meshes/wheel_left_link_1.stl
[13.573s] -- Installing: /home/y/SA_CAO_Simu/SA_CAO/install/turtlebot3_gazebo/share/turtlebot3_gazebo//models/turtlebot3_burger/meshes/leg2_left_link_1.stl
[13.574s] -- Installing: /home/y/SA_CAO_Simu/SA_CAO/install/turtlebot3_gazebo/share/turtlebot3_gazebo//models/turtlebot3_burger/meshes/leg_right_link_1.stl
[13.574s] -- Installing: /home/y/SA_CAO_Simu/SA_CAO/install/turtlebot3_gazebo/share/turtlebot3_gazebo//models/turtlebot3_burger/meshes/base_link.stl
[13.575s] -- Installing: /home/y/SA_CAO_Simu/SA_CAO/install/turtlebot3_gazebo/share/turtlebot3_gazebo//models/turtlebot3_burger/meshes/motor_left_link_1.stl
[13.576s] -- Installing: /home/y/SA_CAO_Simu/SA_CAO/install/turtlebot3_gazebo/share/turtlebot3_gazebo//models/turtlebot3_burger/meshes/lds.dae
[13.576s] -- Installing: /home/y/SA_CAO_Simu/SA_CAO/install/turtlebot3_gazebo/share/turtlebot3_gazebo//models/turtlebot3_burger/meshes/motor_right_link_1.stl
[13.577s] -- Installing: /home/y/SA_CAO_Simu/SA_CAO/install/turtlebot3_gazebo/share/turtlebot3_gazebo//models/turtlebot3_burger/meshes/wheel_right_link_1.stl
[13.579s] -- Installing: /home/y/SA_CAO_Simu/SA_CAO/install/turtlebot3_gazebo/share/turtlebot3_gazebo//models/turtlebot3_burger/model.sdf
[13.579s] -- Installing: /home/y/SA_CAO_Simu/SA_CAO/install/turtlebot3_gazebo/share/turtlebot3_gazebo//models/turtlebot3_burger_Ultrasonic
[13.581s] -- Installing: /home/y/SA_CAO_Simu/SA_CAO/install/turtlebot3_gazebo/share/turtlebot3_gazebo//models/turtlebot3_burger_Ultrasonic/model.config
[13.581s] -- Installing: /home/y/SA_CAO_Simu/SA_CAO/install/turtlebot3_gazebo/share/turtlebot3_gazebo//models/turtlebot3_burger_Ultrasonic/model-1_4.sdf
[13.582s] -- Installing: /home/y/SA_CAO_Simu/SA_CAO/install/turtlebot3_gazebo/share/turtlebot3_gazebo//models/turtlebot3_burger_Ultrasonic/meshes
[13.582s] -- Installing: /home/y/SA_CAO_Simu/SA_CAO/install/turtlebot3_gazebo/share/turtlebot3_gazebo//models/turtlebot3_burger_Ultrasonic/meshes/tire.dae
[13.582s] -- Installing: /home/y/SA_CAO_Simu/SA_CAO/install/turtlebot3_gazebo/share/turtlebot3_gazebo//models/turtlebot3_burger_Ultrasonic/meshes/burger_base.dae
[13.583s] -- Installing: /home/y/SA_CAO_Simu/SA_CAO/install/turtlebot3_gazebo/share/turtlebot3_gazebo//models/turtlebot3_burger_Ultrasonic/meshes/lds.dae
[13.584s] -- Installing: /home/y/SA_CAO_Simu/SA_CAO/install/turtlebot3_gazebo/share/turtlebot3_gazebo//models/turtlebot3_burger_Ultrasonic/model.sdf
[13.585s] -- Installing: /home/y/SA_CAO_Simu/SA_CAO/install/turtlebot3_gazebo/share/turtlebot3_gazebo//models/turtlebot3_dqn_world
[13.585s] -- Installing: /home/y/SA_CAO_Simu/SA_CAO/install/turtlebot3_gazebo/share/turtlebot3_gazebo//models/turtlebot3_dqn_world/obstacles
[13.585s] -- Installing: /home/y/SA_CAO_Simu/SA_CAO/install/turtlebot3_gazebo/share/turtlebot3_gazebo//models/turtlebot3_dqn_world/obstacles/model.config
[13.585s] -- Installing: /home/y/SA_CAO_Simu/SA_CAO/install/turtlebot3_gazebo/share/turtlebot3_gazebo//models/turtlebot3_dqn_world/obstacles/model.sdf
[13.586s] -- Installing: /home/y/SA_CAO_Simu/SA_CAO/install/turtlebot3_gazebo/share/turtlebot3_gazebo//models/turtlebot3_dqn_world/model.config
[13.586s] -- Installing: /home/y/SA_CAO_Simu/SA_CAO/install/turtlebot3_gazebo/share/turtlebot3_gazebo//models/turtlebot3_dqn_world/obstacle_plugin
[13.586s] -- Installing: /home/y/SA_CAO_Simu/SA_CAO/install/turtlebot3_gazebo/share/turtlebot3_gazebo//models/turtlebot3_dqn_world/obstacle_plugin/obstacle2.cc
[13.586s] -- Installing: /home/y/SA_CAO_Simu/SA_CAO/install/turtlebot3_gazebo/share/turtlebot3_gazebo//models/turtlebot3_dqn_world/obstacle_plugin/CMakeLists.txt
[13.586s] -- Installing: /home/y/SA_CAO_Simu/SA_CAO/install/turtlebot3_gazebo/share/turtlebot3_gazebo//models/turtlebot3_dqn_world/obstacle_plugin/obstacle1.cc
[13.586s] -- Installing: /home/y/SA_CAO_Simu/SA_CAO/install/turtlebot3_gazebo/share/turtlebot3_gazebo//models/turtlebot3_dqn_world/obstacle_plugin/obstacles.cc
[13.586s] -- Installing: /home/y/SA_CAO_Simu/SA_CAO/install/turtlebot3_gazebo/share/turtlebot3_gazebo//models/turtlebot3_dqn_world/inner_walls
[13.586s] -- Installing: /home/y/SA_CAO_Simu/SA_CAO/install/turtlebot3_gazebo/share/turtlebot3_gazebo//models/turtlebot3_dqn_world/inner_walls/model.config
[13.586s] -- Installing: /home/y/SA_CAO_Simu/SA_CAO/install/turtlebot3_gazebo/share/turtlebot3_gazebo//models/turtlebot3_dqn_world/inner_walls/model.sdf
[13.587s] -- Installing: /home/y/SA_CAO_Simu/SA_CAO/install/turtlebot3_gazebo/share/turtlebot3_gazebo//models/turtlebot3_dqn_world/obstacle1
[13.587s] -- Installing: /home/y/SA_CAO_Simu/SA_CAO/install/turtlebot3_gazebo/share/turtlebot3_gazebo//models/turtlebot3_dqn_world/obstacle1/model.config
[13.587s] -- Installing: /home/y/SA_CAO_Simu/SA_CAO/install/turtlebot3_gazebo/share/turtlebot3_gazebo//models/turtlebot3_dqn_world/obstacle1/model.sdf
[13.587s] -- Installing: /home/y/SA_CAO_Simu/SA_CAO/install/turtlebot3_gazebo/share/turtlebot3_gazebo//models/turtlebot3_dqn_world/goal_box
[13.587s] -- Installing: /home/y/SA_CAO_Simu/SA_CAO/install/turtlebot3_gazebo/share/turtlebot3_gazebo//models/turtlebot3_dqn_world/goal_box/model.config
[13.587s] -- Installing: /home/y/SA_CAO_Simu/SA_CAO/install/turtlebot3_gazebo/share/turtlebot3_gazebo//models/turtlebot3_dqn_world/goal_box/model.sdf
[13.587s] -- Installing: /home/y/SA_CAO_Simu/SA_CAO/install/turtlebot3_gazebo/share/turtlebot3_gazebo//models/turtlebot3_dqn_world/obstacle2
[13.587s] -- Installing: /home/y/SA_CAO_Simu/SA_CAO/install/turtlebot3_gazebo/share/turtlebot3_gazebo//models/turtlebot3_dqn_world/obstacle2/model.config
[13.587s] -- Installing: /home/y/SA_CAO_Simu/SA_CAO/install/turtlebot3_gazebo/share/turtlebot3_gazebo//models/turtlebot3_dqn_world/obstacle2/model.sdf
[13.587s] -- Installing: /home/y/SA_CAO_Simu/SA_CAO/install/turtlebot3_gazebo/share/turtlebot3_gazebo//models/turtlebot3_dqn_world/model.sdf
[13.587s] -- Installing: /home/y/SA_CAO_Simu/SA_CAO/install/turtlebot3_gazebo/share/turtlebot3_gazebo//models/turtlebot3_autorace
[13.588s] -- Installing: /home/y/SA_CAO_Simu/SA_CAO/install/turtlebot3_gazebo/share/turtlebot3_gazebo//models/turtlebot3_autorace/traffic_parking
[13.588s] -- Installing: /home/y/SA_CAO_Simu/SA_CAO/install/turtlebot3_gazebo/share/turtlebot3_gazebo//models/turtlebot3_autorace/traffic_parking/model.config
[13.588s] -- Installing: /home/y/SA_CAO_Simu/SA_CAO/install/turtlebot3_gazebo/share/turtlebot3_gazebo//models/turtlebot3_autorace/traffic_parking/materials
[13.588s] -- Installing: /home/y/SA_CAO_Simu/SA_CAO/install/turtlebot3_gazebo/share/turtlebot3_gazebo//models/turtlebot3_autorace/traffic_parking/materials/scripts
[13.588s] -- Installing: /home/y/SA_CAO_Simu/SA_CAO/install/turtlebot3_gazebo/share/turtlebot3_gazebo//models/turtlebot3_autorace/traffic_parking/materials/scripts/traffic_parking.material
[13.589s] -- Installing: /home/y/SA_CAO_Simu/SA_CAO/install/turtlebot3_gazebo/share/turtlebot3_gazebo//models/turtlebot3_autorace/traffic_parking/materials/textures
[13.589s] -- Installing: /home/y/SA_CAO_Simu/SA_CAO/install/turtlebot3_gazebo/share/turtlebot3_gazebo//models/turtlebot3_autorace/traffic_parking/materials/textures/traffic_parking.png
[13.590s] -- Installing: /home/y/SA_CAO_Simu/SA_CAO/install/turtlebot3_gazebo/share/turtlebot3_gazebo//models/turtlebot3_autorace/traffic_parking/model.sdf
[13.590s] -- Installing: /home/y/SA_CAO_Simu/SA_CAO/install/turtlebot3_gazebo/share/turtlebot3_gazebo//models/turtlebot3_autorace/ground
[13.590s] -- Installing: /home/y/SA_CAO_Simu/SA_CAO/install/turtlebot3_gazebo/share/turtlebot3_gazebo//models/turtlebot3_autorace/ground/model.config
[13.590s] -- Installing: /home/y/SA_CAO_Simu/SA_CAO/install/turtlebot3_gazebo/share/turtlebot3_gazebo//models/turtlebot3_autorace/ground/model.sdf
[13.590s] -- Installing: /home/y/SA_CAO_Simu/SA_CAO/install/turtlebot3_gazebo/share/turtlebot3_gazebo//models/turtlebot3_autorace/tunnel_wall
[13.591s] -- Installing: /home/y/SA_CAO_Simu/SA_CAO/install/turtlebot3_gazebo/share/turtlebot3_gazebo//models/turtlebot3_autorace/tunnel_wall/model.config
[13.591s] -- Installing: /home/y/SA_CAO_Simu/SA_CAO/install/turtlebot3_gazebo/share/turtlebot3_gazebo//models/turtlebot3_autorace/tunnel_wall/model.sdf
[13.591s] -- Installing: /home/y/SA_CAO_Simu/SA_CAO/install/turtlebot3_gazebo/share/turtlebot3_gazebo//models/turtlebot3_autorace/model.config
[13.592s] -- Installing: /home/y/SA_CAO_Simu/SA_CAO/install/turtlebot3_gazebo/share/turtlebot3_gazebo//models/turtlebot3_autorace/course
[13.592s] -- Installing: /home/y/SA_CAO_Simu/SA_CAO/install/turtlebot3_gazebo/share/turtlebot3_gazebo//models/turtlebot3_autorace/course/model.config
[13.592s] -- Installing: /home/y/SA_CAO_Simu/SA_CAO/install/turtlebot3_gazebo/share/turtlebot3_gazebo//models/turtlebot3_autorace/course/materials
[13.592s] -- Installing: /home/y/SA_CAO_Simu/SA_CAO/install/turtlebot3_gazebo/share/turtlebot3_gazebo//models/turtlebot3_autorace/course/materials/scripts
[13.592s] -- Installing: /home/y/SA_CAO_Simu/SA_CAO/install/turtlebot3_gazebo/share/turtlebot3_gazebo//models/turtlebot3_autorace/course/materials/scripts/course.material
[13.592s] -- Installing: /home/y/SA_CAO_Simu/SA_CAO/install/turtlebot3_gazebo/share/turtlebot3_gazebo//models/turtlebot3_autorace/course/materials/textures
[13.592s] -- Installing: /home/y/SA_CAO_Simu/SA_CAO/install/turtlebot3_gazebo/share/turtlebot3_gazebo//models/turtlebot3_autorace/course/materials/textures/course.png
[13.594s] -- Installing: /home/y/SA_CAO_Simu/SA_CAO/install/turtlebot3_gazebo/share/turtlebot3_gazebo//models/turtlebot3_autorace/course/model.sdf
[13.594s] -- Installing: /home/y/SA_CAO_Simu/SA_CAO/install/turtlebot3_gazebo/share/turtlebot3_gazebo//models/turtlebot3_autorace/traffic_bar_down
[13.594s] -- Installing: /home/y/SA_CAO_Simu/SA_CAO/install/turtlebot3_gazebo/share/turtlebot3_gazebo//models/turtlebot3_autorace/traffic_bar_down/model.config
[13.594s] -- Installing: /home/y/SA_CAO_Simu/SA_CAO/install/turtlebot3_gazebo/share/turtlebot3_gazebo//models/turtlebot3_autorace/traffic_bar_down/materials
[13.595s] -- Installing: /home/y/SA_CAO_Simu/SA_CAO/install/turtlebot3_gazebo/share/turtlebot3_gazebo//models/turtlebot3_autorace/traffic_bar_down/materials/scripts
[13.595s] -- Installing: /home/y/SA_CAO_Simu/SA_CAO/install/turtlebot3_gazebo/share/turtlebot3_gazebo//models/turtlebot3_autorace/traffic_bar_down/materials/scripts/traffic_bar.material
[13.595s] -- Installing: /home/y/SA_CAO_Simu/SA_CAO/install/turtlebot3_gazebo/share/turtlebot3_gazebo//models/turtlebot3_autorace/traffic_bar_down/materials/textures
[13.595s] -- Installing: /home/y/SA_CAO_Simu/SA_CAO/install/turtlebot3_gazebo/share/turtlebot3_gazebo//models/turtlebot3_autorace/traffic_bar_down/materials/textures/traffic_bar.png
[13.595s] -- Installing: /home/y/SA_CAO_Simu/SA_CAO/install/turtlebot3_gazebo/share/turtlebot3_gazebo//models/turtlebot3_autorace/traffic_bar_down/model.sdf
[13.596s] -- Installing: /home/y/SA_CAO_Simu/SA_CAO/install/turtlebot3_gazebo/share/turtlebot3_gazebo//models/turtlebot3_autorace/traffic_bar_up
[13.596s] -- Installing: /home/y/SA_CAO_Simu/SA_CAO/install/turtlebot3_gazebo/share/turtlebot3_gazebo//models/turtlebot3_autorace/traffic_bar_up/model.config
[13.596s] -- Installing: /home/y/SA_CAO_Simu/SA_CAO/install/turtlebot3_gazebo/share/turtlebot3_gazebo//models/turtlebot3_autorace/traffic_bar_up/materials
[13.596s] -- Installing: /home/y/SA_CAO_Simu/SA_CAO/install/turtlebot3_gazebo/share/turtlebot3_gazebo//models/turtlebot3_autorace/traffic_bar_up/materials/scripts
[13.596s] -- Installing: /home/y/SA_CAO_Simu/SA_CAO/install/turtlebot3_gazebo/share/turtlebot3_gazebo//models/turtlebot3_autorace/traffic_bar_up/materials/scripts/traffic_bar.material
[13.597s] -- Installing: /home/y/SA_CAO_Simu/SA_CAO/install/turtlebot3_gazebo/share/turtlebot3_gazebo//models/turtlebot3_autorace/traffic_bar_up/materials/textures
[13.597s] -- Installing: /home/y/SA_CAO_Simu/SA_CAO/install/turtlebot3_gazebo/share/turtlebot3_gazebo//models/turtlebot3_autorace/traffic_bar_up/materials/textures/traffic_bar.png
[13.597s] -- Installing: /home/y/SA_CAO_Simu/SA_CAO/install/turtlebot3_gazebo/share/turtlebot3_gazebo//models/turtlebot3_autorace/traffic_bar_up/model.sdf
[13.597s] -- Installing: /home/y/SA_CAO_Simu/SA_CAO/install/turtlebot3_gazebo/share/turtlebot3_gazebo//models/turtlebot3_autorace/tunnel_obstacles
[13.597s] -- Installing: /home/y/SA_CAO_Simu/SA_CAO/install/turtlebot3_gazebo/share/turtlebot3_gazebo//models/turtlebot3_autorace/tunnel_obstacles/model.config
[13.597s] -- Installing: /home/y/SA_CAO_Simu/SA_CAO/install/turtlebot3_gazebo/share/turtlebot3_gazebo//models/turtlebot3_autorace/tunnel_obstacles/model.sdf
[13.597s] -- Installing: /home/y/SA_CAO_Simu/SA_CAO/install/turtlebot3_gazebo/share/turtlebot3_gazebo//models/turtlebot3_autorace/traffic_stop
[13.597s] -- Installing: /home/y/SA_CAO_Simu/SA_CAO/install/turtlebot3_gazebo/share/turtlebot3_gazebo//models/turtlebot3_autorace/traffic_stop/model.config
[13.597s] -- Installing: /home/y/SA_CAO_Simu/SA_CAO/install/turtlebot3_gazebo/share/turtlebot3_gazebo//models/turtlebot3_autorace/traffic_stop/materials
[13.597s] -- Installing: /home/y/SA_CAO_Simu/SA_CAO/install/turtlebot3_gazebo/share/turtlebot3_gazebo//models/turtlebot3_autorace/traffic_stop/materials/scripts
[13.597s] -- Installing: /home/y/SA_CAO_Simu/SA_CAO/install/turtlebot3_gazebo/share/turtlebot3_gazebo//models/turtlebot3_autorace/traffic_stop/materials/scripts/traffic_stop.material
[13.597s] -- Installing: /home/y/SA_CAO_Simu/SA_CAO/install/turtlebot3_gazebo/share/turtlebot3_gazebo//models/turtlebot3_autorace/traffic_stop/materials/textures
[13.598s] -- Installing: /home/y/SA_CAO_Simu/SA_CAO/install/turtlebot3_gazebo/share/turtlebot3_gazebo//models/turtlebot3_autorace/traffic_stop/materials/textures/traffic_stop.png
[13.598s] -- Installing: /home/y/SA_CAO_Simu/SA_CAO/install/turtlebot3_gazebo/share/turtlebot3_gazebo//models/turtlebot3_autorace/traffic_stop/model.sdf
[13.598s] -- Installing: /home/y/SA_CAO_Simu/SA_CAO/install/turtlebot3_gazebo/share/turtlebot3_gazebo//models/turtlebot3_autorace/traffic_light_yellow
[13.598s] -- Installing: /home/y/SA_CAO_Simu/SA_CAO/install/turtlebot3_gazebo/share/turtlebot3_gazebo//models/turtlebot3_autorace/traffic_light_yellow/model.config
[13.599s] -- Installing: /home/y/SA_CAO_Simu/SA_CAO/install/turtlebot3_gazebo/share/turtlebot3_gazebo//models/turtlebot3_autorace/traffic_light_yellow/model.sdf
[13.599s] -- Installing: /home/y/SA_CAO_Simu/SA_CAO/install/turtlebot3_gazebo/share/turtlebot3_gazebo//models/turtlebot3_autorace/traffic_light_green
[13.599s] -- Installing: /home/y/SA_CAO_Simu/SA_CAO/install/turtlebot3_gazebo/share/turtlebot3_gazebo//models/turtlebot3_autorace/traffic_light_green/model.config
[13.599s] -- Installing: /home/y/SA_CAO_Simu/SA_CAO/install/turtlebot3_gazebo/share/turtlebot3_gazebo//models/turtlebot3_autorace/traffic_light_green/model.sdf
[13.599s] -- Installing: /home/y/SA_CAO_Simu/SA_CAO/install/turtlebot3_gazebo/share/turtlebot3_gazebo//models/turtlebot3_autorace/traffic_light_red
[13.599s] -- Installing: /home/y/SA_CAO_Simu/SA_CAO/install/turtlebot3_gazebo/share/turtlebot3_gazebo//models/turtlebot3_autorace/traffic_light_red/model.config
[13.599s] -- Installing: /home/y/SA_CAO_Simu/SA_CAO/install/turtlebot3_gazebo/share/turtlebot3_gazebo//models/turtlebot3_autorace/traffic_light_red/model.sdf
[13.599s] -- Installing: /home/y/SA_CAO_Simu/SA_CAO/install/turtlebot3_gazebo/share/turtlebot3_gazebo//models/turtlebot3_autorace/traffic_tunnel
[13.599s] -- Installing: /home/y/SA_CAO_Simu/SA_CAO/install/turtlebot3_gazebo/share/turtlebot3_gazebo//models/turtlebot3_autorace/traffic_tunnel/model.config
[13.599s] -- Installing: /home/y/SA_CAO_Simu/SA_CAO/install/turtlebot3_gazebo/share/turtlebot3_gazebo//models/turtlebot3_autorace/traffic_tunnel/materials
[13.599s] -- Installing: /home/y/SA_CAO_Simu/SA_CAO/install/turtlebot3_gazebo/share/turtlebot3_gazebo//models/turtlebot3_autorace/traffic_tunnel/materials/scripts
[13.600s] -- Installing: /home/y/SA_CAO_Simu/SA_CAO/install/turtlebot3_gazebo/share/turtlebot3_gazebo//models/turtlebot3_autorace/traffic_tunnel/materials/scripts/tunnel.material
[13.600s] -- Installing: /home/y/SA_CAO_Simu/SA_CAO/install/turtlebot3_gazebo/share/turtlebot3_gazebo//models/turtlebot3_autorace/traffic_tunnel/materials/textures
[13.600s] -- Installing: /home/y/SA_CAO_Simu/SA_CAO/install/turtlebot3_gazebo/share/turtlebot3_gazebo//models/turtlebot3_autorace/traffic_tunnel/materials/textures/tunnel.png
[13.600s] -- Installing: /home/y/SA_CAO_Simu/SA_CAO/install/turtlebot3_gazebo/share/turtlebot3_gazebo//models/turtlebot3_autorace/traffic_tunnel/model.sdf
[13.600s] -- Installing: /home/y/SA_CAO_Simu/SA_CAO/install/turtlebot3_gazebo/share/turtlebot3_gazebo//models/turtlebot3_autorace/lights
[13.600s] -- Installing: /home/y/SA_CAO_Simu/SA_CAO/install/turtlebot3_gazebo/share/turtlebot3_gazebo//models/turtlebot3_autorace/lights/model.config
[13.600s] -- Installing: /home/y/SA_CAO_Simu/SA_CAO/install/turtlebot3_gazebo/share/turtlebot3_gazebo//models/turtlebot3_autorace/lights/model.sdf
[13.601s] -- Installing: /home/y/SA_CAO_Simu/SA_CAO/install/turtlebot3_gazebo/share/turtlebot3_gazebo//models/turtlebot3_house
[13.601s] -- Installing: /home/y/SA_CAO_Simu/SA_CAO/install/turtlebot3_gazebo/share/turtlebot3_gazebo//models/turtlebot3_house/model.config
[13.601s] -- Installing: /home/y/SA_CAO_Simu/SA_CAO/install/turtlebot3_gazebo/share/turtlebot3_gazebo//models/turtlebot3_house/model.sdf
[13.602s] -- Installing: /home/y/SA_CAO_Simu/SA_CAO/install/turtlebot3_gazebo/share/turtlebot3_gazebo//models/turtlebot3_diablo (copy)
[13.603s] -- Installing: /home/y/SA_CAO_Simu/SA_CAO/install/turtlebot3_gazebo/share/turtlebot3_gazebo//models/turtlebot3_diablo (copy)/model.config
[13.603s] -- Installing: /home/y/SA_CAO_Simu/SA_CAO/install/turtlebot3_gazebo/share/turtlebot3_gazebo//models/turtlebot3_diablo (copy)/model-1_4.sdf
[13.603s] -- Installing: /home/y/SA_CAO_Simu/SA_CAO/install/turtlebot3_gazebo/share/turtlebot3_gazebo//models/turtlebot3_diablo (copy)/meshes
[13.603s] -- Installing: /home/y/SA_CAO_Simu/SA_CAO/install/turtlebot3_gazebo/share/turtlebot3_gazebo//models/turtlebot3_diablo (copy)/meshes/tire.dae
[13.603s] -- Installing: /home/y/SA_CAO_Simu/SA_CAO/install/turtlebot3_gazebo/share/turtlebot3_gazebo//models/turtlebot3_diablo (copy)/meshes/burger_base.dae
[13.604s] -- Installing: /home/y/SA_CAO_Simu/SA_CAO/install/turtlebot3_gazebo/share/turtlebot3_gazebo//models/turtlebot3_diablo (copy)/meshes/lds.dae
[13.604s] -- Installing: /home/y/SA_CAO_Simu/SA_CAO/install/turtlebot3_gazebo/share/turtlebot3_gazebo//models/turtlebot3_diablo (copy)/model.sdf
[13.605s] -- Installing: /home/y/SA_CAO_Simu/SA_CAO/install/turtlebot3_gazebo/share/turtlebot3_gazebo//models/turtlebot3_diablo
[13.606s] -- Installing: /home/y/SA_CAO_Simu/SA_CAO/install/turtlebot3_gazebo/share/turtlebot3_gazebo//models/turtlebot3_diablo/model.config
[13.607s] -- Installing: /home/y/SA_CAO_Simu/SA_CAO/install/turtlebot3_gazebo/share/turtlebot3_gazebo//models/turtlebot3_diablo/model-1_4.sdf
[13.607s] -- Installing: /home/y/SA_CAO_Simu/SA_CAO/install/turtlebot3_gazebo/share/turtlebot3_gazebo//models/turtlebot3_diablo/meshes
[13.607s] -- Installing: /home/y/SA_CAO_Simu/SA_CAO/install/turtlebot3_gazebo/share/turtlebot3_gazebo//models/turtlebot3_diablo/meshes/tire.dae
[13.608s] -- Installing: /home/y/SA_CAO_Simu/SA_CAO/install/turtlebot3_gazebo/share/turtlebot3_gazebo//models/turtlebot3_diablo/meshes/burger_base.dae
[13.608s] -- Installing: /home/y/SA_CAO_Simu/SA_CAO/install/turtlebot3_gazebo/share/turtlebot3_gazebo//models/turtlebot3_diablo/meshes/lds.dae
[13.610s] -- Installing: /home/y/SA_CAO_Simu/SA_CAO/install/turtlebot3_gazebo/share/turtlebot3_gazebo//models/turtlebot3_diablo/model.sdf
[13.611s] -- Installing: /home/y/SA_CAO_Simu/SA_CAO/install/turtlebot3_gazebo/share/turtlebot3_gazebo//models/turtlebot3_waffle_pi
[13.611s] -- Installing: /home/y/SA_CAO_Simu/SA_CAO/install/turtlebot3_gazebo/share/turtlebot3_gazebo//models/turtlebot3_waffle_pi/model.config
[13.611s] -- Installing: /home/y/SA_CAO_Simu/SA_CAO/install/turtlebot3_gazebo/share/turtlebot3_gazebo//models/turtlebot3_waffle_pi/model-1_4_.sdf
[13.611s] -- Installing: /home/y/SA_CAO_Simu/SA_CAO/install/turtlebot3_gazebo/share/turtlebot3_gazebo//models/turtlebot3_waffle_pi/meshes
[13.611s] -- Installing: /home/y/SA_CAO_Simu/SA_CAO/install/turtlebot3_gazebo/share/turtlebot3_gazebo//models/turtlebot3_waffle_pi/meshes/tire.dae
[13.612s] -- Installing: /home/y/SA_CAO_Simu/SA_CAO/install/turtlebot3_gazebo/share/turtlebot3_gazebo//models/turtlebot3_waffle_pi/meshes/waffle_pi_base.dae
[13.612s] -- Installing: /home/y/SA_CAO_Simu/SA_CAO/install/turtlebot3_gazebo/share/turtlebot3_gazebo//models/turtlebot3_waffle_pi/meshes/lds.dae
[13.613s] -- Installing: /home/y/SA_CAO_Simu/SA_CAO/install/turtlebot3_gazebo/share/turtlebot3_gazebo//models/turtlebot3_waffle_pi/model.sdf
[13.613s] -- Installing: /home/y/SA_CAO_Simu/SA_CAO/install/turtlebot3_gazebo/share/turtlebot3_gazebo//models/turtlebot3_world
[13.613s] -- Installing: /home/y/SA_CAO_Simu/SA_CAO/install/turtlebot3_gazebo/share/turtlebot3_gazebo//models/turtlebot3_world/model.config
[13.613s] -- Installing: /home/y/SA_CAO_Simu/SA_CAO/install/turtlebot3_gazebo/share/turtlebot3_gazebo//models/turtlebot3_world/model-1_4.sdf
[13.613s] -- Installing: /home/y/SA_CAO_Simu/SA_CAO/install/turtlebot3_gazebo/share/turtlebot3_gazebo//models/turtlebot3_world/meshes
[13.614s] -- Installing: /home/y/SA_CAO_Simu/SA_CAO/install/turtlebot3_gazebo/share/turtlebot3_gazebo//models/turtlebot3_world/meshes/wall.dae
[13.614s] -- Installing: /home/y/SA_CAO_Simu/SA_CAO/install/turtlebot3_gazebo/share/turtlebot3_gazebo//models/turtlebot3_world/meshes/hexagon.dae
[13.614s] -- Installing: /home/y/SA_CAO_Simu/SA_CAO/install/turtlebot3_gazebo/share/turtlebot3_gazebo//models/turtlebot3_world/model.sdf
[13.615s] -- Installing: /home/y/SA_CAO_Simu/SA_CAO/install/turtlebot3_gazebo/share/turtlebot3_gazebo//models/turtlebot3_waffle
[13.615s] -- Installing: /home/y/SA_CAO_Simu/SA_CAO/install/turtlebot3_gazebo/share/turtlebot3_gazebo//models/turtlebot3_waffle/model.config
[13.615s] -- Installing: /home/y/SA_CAO_Simu/SA_CAO/install/turtlebot3_gazebo/share/turtlebot3_gazebo//models/turtlebot3_waffle/model-1_4.sdf
[13.615s] -- Installing: /home/y/SA_CAO_Simu/SA_CAO/install/turtlebot3_gazebo/share/turtlebot3_gazebo//models/turtlebot3_waffle/meshes
[13.615s] -- Installing: /home/y/SA_CAO_Simu/SA_CAO/install/turtlebot3_gazebo/share/turtlebot3_gazebo//models/turtlebot3_waffle/meshes/r200.dae
[13.616s] -- Installing: /home/y/SA_CAO_Simu/SA_CAO/install/turtlebot3_gazebo/share/turtlebot3_gazebo//models/turtlebot3_waffle/meshes/tire.dae
[13.616s] -- Installing: /home/y/SA_CAO_Simu/SA_CAO/install/turtlebot3_gazebo/share/turtlebot3_gazebo//models/turtlebot3_waffle/meshes/waffle_base.dae
[13.616s] -- Installing: /home/y/SA_CAO_Simu/SA_CAO/install/turtlebot3_gazebo/share/turtlebot3_gazebo//models/turtlebot3_waffle/meshes/lds.dae
[13.616s] -- Installing: /home/y/SA_CAO_Simu/SA_CAO/install/turtlebot3_gazebo/share/turtlebot3_gazebo//models/turtlebot3_waffle/model.sdf
[13.617s] -- Installing: /home/y/SA_CAO_Simu/SA_CAO/install/turtlebot3_gazebo/share/turtlebot3_gazebo//models/turtlebot3_burger_original
[13.617s] -- Installing: /home/y/SA_CAO_Simu/SA_CAO/install/turtlebot3_gazebo/share/turtlebot3_gazebo//models/turtlebot3_burger_original/model.config
[13.618s] -- Installing: /home/y/SA_CAO_Simu/SA_CAO/install/turtlebot3_gazebo/share/turtlebot3_gazebo//models/turtlebot3_burger_original/model-1_4.sdf
[13.618s] -- Installing: /home/y/SA_CAO_Simu/SA_CAO/install/turtlebot3_gazebo/share/turtlebot3_gazebo//models/turtlebot3_burger_original/meshes
[13.618s] -- Installing: /home/y/SA_CAO_Simu/SA_CAO/install/turtlebot3_gazebo/share/turtlebot3_gazebo//models/turtlebot3_burger_original/meshes/tire.dae
[13.619s] -- Installing: /home/y/SA_CAO_Simu/SA_CAO/install/turtlebot3_gazebo/share/turtlebot3_gazebo//models/turtlebot3_burger_original/meshes/burger_base.dae
[13.619s] -- Installing: /home/y/SA_CAO_Simu/SA_CAO/install/turtlebot3_gazebo/share/turtlebot3_gazebo//models/turtlebot3_burger_original/meshes/lds.dae
[13.619s] -- Installing: /home/y/SA_CAO_Simu/SA_CAO/install/turtlebot3_gazebo/share/turtlebot3_gazebo//models/turtlebot3_burger_original/model.sdf
[13.620s] -- Installing: /home/y/SA_CAO_Simu/SA_CAO/install/turtlebot3_gazebo/share/turtlebot3_gazebo//rviz
[13.620s] -- Installing: /home/y/SA_CAO_Simu/SA_CAO/install/turtlebot3_gazebo/share/turtlebot3_gazebo//rviz/tb3_gazebo.rviz
[13.620s] -- Installing: /home/y/SA_CAO_Simu/SA_CAO/install/turtlebot3_gazebo/share/turtlebot3_gazebo//worlds
[13.620s] -- Installing: /home/y/SA_CAO_Simu/SA_CAO/install/turtlebot3_gazebo/share/turtlebot3_gazebo//worlds/turtlebot3_dqn_stage2
[13.620s] -- Installing: /home/y/SA_CAO_Simu/SA_CAO/install/turtlebot3_gazebo/share/turtlebot3_gazebo//worlds/turtlebot3_dqn_stage2/waffle_pi.model
[13.621s] -- Installing: /home/y/SA_CAO_Simu/SA_CAO/install/turtlebot3_gazebo/share/turtlebot3_gazebo//worlds/turtlebot3_dqn_stage2/waffle.model
[13.621s] -- Installing: /home/y/SA_CAO_Simu/SA_CAO/install/turtlebot3_gazebo/share/turtlebot3_gazebo//worlds/turtlebot3_dqn_stage2/burger.model
[13.621s] -- Installing: /home/y/SA_CAO_Simu/SA_CAO/install/turtlebot3_gazebo/share/turtlebot3_gazebo//worlds/turtlebot3_dqn_stage4
[13.621s] -- Installing: /home/y/SA_CAO_Simu/SA_CAO/install/turtlebot3_gazebo/share/turtlebot3_gazebo//worlds/turtlebot3_dqn_stage4/waffle_pi.model
[13.621s] -- Installing: /home/y/SA_CAO_Simu/SA_CAO/install/turtlebot3_gazebo/share/turtlebot3_gazebo//worlds/turtlebot3_dqn_stage4/waffle.model
[13.621s] -- Installing: /home/y/SA_CAO_Simu/SA_CAO/install/turtlebot3_gazebo/share/turtlebot3_gazebo//worlds/turtlebot3_dqn_stage4/burger.model
[13.621s] -- Installing: /home/y/SA_CAO_Simu/SA_CAO/install/turtlebot3_gazebo/share/turtlebot3_gazebo//worlds/turtlebot3_autoraces
[13.622s] -- Installing: /home/y/SA_CAO_Simu/SA_CAO/install/turtlebot3_gazebo/share/turtlebot3_gazebo//worlds/turtlebot3_autoraces/waffle_pi.model
[13.622s] -- Installing: /home/y/SA_CAO_Simu/SA_CAO/install/turtlebot3_gazebo/share/turtlebot3_gazebo//worlds/turtlebot3_autoraces/waffle.model
[13.622s] -- Installing: /home/y/SA_CAO_Simu/SA_CAO/install/turtlebot3_gazebo/share/turtlebot3_gazebo//worlds/turtlebot3_autoraces/burger.model
[13.622s] -- Installing: /home/y/SA_CAO_Simu/SA_CAO/install/turtlebot3_gazebo/share/turtlebot3_gazebo//worlds/turtlebot3_dqn_stage3
[13.622s] -- Installing: /home/y/SA_CAO_Simu/SA_CAO/install/turtlebot3_gazebo/share/turtlebot3_gazebo//worlds/turtlebot3_dqn_stage3/waffle_pi.model
[13.622s] -- Installing: /home/y/SA_CAO_Simu/SA_CAO/install/turtlebot3_gazebo/share/turtlebot3_gazebo//worlds/turtlebot3_dqn_stage3/waffle.model
[13.622s] -- Installing: /home/y/SA_CAO_Simu/SA_CAO/install/turtlebot3_gazebo/share/turtlebot3_gazebo//worlds/turtlebot3_dqn_stage3/burger.model
[13.622s] -- Installing: /home/y/SA_CAO_Simu/SA_CAO/install/turtlebot3_gazebo/share/turtlebot3_gazebo//worlds/empty_worlds
[13.622s] -- Installing: /home/y/SA_CAO_Simu/SA_CAO/install/turtlebot3_gazebo/share/turtlebot3_gazebo//worlds/empty_worlds/waffle_pi.model
[13.622s] -- Installing: /home/y/SA_CAO_Simu/SA_CAO/install/turtlebot3_gazebo/share/turtlebot3_gazebo//worlds/empty_worlds/waffle.model
[13.622s] -- Installing: /home/y/SA_CAO_Simu/SA_CAO/install/turtlebot3_gazebo/share/turtlebot3_gazebo//worlds/empty_worlds/burger.model
[13.623s] -- Installing: /home/y/SA_CAO_Simu/SA_CAO/install/turtlebot3_gazebo/share/turtlebot3_gazebo//worlds/turtlebot3_worlds
[13.623s] -- Installing: /home/y/SA_CAO_Simu/SA_CAO/install/turtlebot3_gazebo/share/turtlebot3_gazebo//worlds/turtlebot3_worlds/waffle_pi.model
[13.623s] -- Installing: /home/y/SA_CAO_Simu/SA_CAO/install/turtlebot3_gazebo/share/turtlebot3_gazebo//worlds/turtlebot3_worlds/waffle.model
[13.623s] -- Installing: /home/y/SA_CAO_Simu/SA_CAO/install/turtlebot3_gazebo/share/turtlebot3_gazebo//worlds/turtlebot3_worlds/burger.model
[13.623s] -- Installing: /home/y/SA_CAO_Simu/SA_CAO/install/turtlebot3_gazebo/share/turtlebot3_gazebo//worlds/turtlebot3_dqn_stage1
[13.624s] -- Installing: /home/y/SA_CAO_Simu/SA_CAO/install/turtlebot3_gazebo/share/turtlebot3_gazebo//worlds/turtlebot3_dqn_stage1/waffle_pi.model
[13.624s] -- Installing: /home/y/SA_CAO_Simu/SA_CAO/install/turtlebot3_gazebo/share/turtlebot3_gazebo//worlds/turtlebot3_dqn_stage1/waffle.model
[13.624s] -- Installing: /home/y/SA_CAO_Simu/SA_CAO/install/turtlebot3_gazebo/share/turtlebot3_gazebo//worlds/turtlebot3_dqn_stage1/burger.model
[13.624s] -- Installing: /home/y/SA_CAO_Simu/SA_CAO/install/turtlebot3_gazebo/share/turtlebot3_gazebo//worlds/turtlebot3_houses
[13.624s] -- Installing: /home/y/SA_CAO_Simu/SA_CAO/install/turtlebot3_gazebo/share/turtlebot3_gazebo//worlds/turtlebot3_houses/waffle_pi.model
[13.624s] -- Installing: /home/y/SA_CAO_Simu/SA_CAO/install/turtlebot3_gazebo/share/turtlebot3_gazebo//worlds/turtlebot3_houses/waffle.model
[13.624s] -- Installing: /home/y/SA_CAO_Simu/SA_CAO/install/turtlebot3_gazebo/share/turtlebot3_gazebo//worlds/turtlebot3_houses/burger.model
[13.624s] -- Installing: /home/y/SA_CAO_Simu/SA_CAO/install/turtlebot3_gazebo/include/
[13.624s] -- Installing: /home/y/SA_CAO_Simu/SA_CAO/install/turtlebot3_gazebo/include//turtlebot3_gazebo
[13.624s] -- Installing: /home/y/SA_CAO_Simu/SA_CAO/install/turtlebot3_gazebo/include//turtlebot3_gazebo/turtlebot3_drive.hpp
[13.625s] -- Installing: /home/y/SA_CAO_Simu/SA_CAO/install/turtlebot3_gazebo/share/ament_index/resource_index/package_run_dependencies/turtlebot3_gazebo
[13.625s] -- Installing: /home/y/SA_CAO_Simu/SA_CAO/install/turtlebot3_gazebo/share/ament_index/resource_index/parent_prefix_path/turtlebot3_gazebo
[13.625s] -- Installing: /home/y/SA_CAO_Simu/SA_CAO/install/turtlebot3_gazebo/share/turtlebot3_gazebo/environment/ament_prefix_path.sh
[13.625s] -- Installing: /home/y/SA_CAO_Simu/SA_CAO/install/turtlebot3_gazebo/share/turtlebot3_gazebo/environment/ament_prefix_path.dsv
[13.626s] -- Installing: /home/y/SA_CAO_Simu/SA_CAO/install/turtlebot3_gazebo/share/turtlebot3_gazebo/environment/path.sh
[13.626s] -- Installing: /home/y/SA_CAO_Simu/SA_CAO/install/turtlebot3_gazebo/share/turtlebot3_gazebo/environment/path.dsv
[13.626s] -- Installing: /home/y/SA_CAO_Simu/SA_CAO/install/turtlebot3_gazebo/share/turtlebot3_gazebo/local_setup.bash
[13.626s] -- Installing: /home/y/SA_CAO_Simu/SA_CAO/install/turtlebot3_gazebo/share/turtlebot3_gazebo/local_setup.sh
[13.626s] -- Installing: /home/y/SA_CAO_Simu/SA_CAO/install/turtlebot3_gazebo/share/turtlebot3_gazebo/local_setup.zsh
[13.626s] -- Installing: /home/y/SA_CAO_Simu/SA_CAO/install/turtlebot3_gazebo/share/turtlebot3_gazebo/local_setup.dsv
[13.626s] -- Installing: /home/y/SA_CAO_Simu/SA_CAO/install/turtlebot3_gazebo/share/turtlebot3_gazebo/package.dsv
[13.626s] -- Installing: /home/y/SA_CAO_Simu/SA_CAO/install/turtlebot3_gazebo/share/ament_index/resource_index/packages/turtlebot3_gazebo
[13.627s] -- Installing: /home/y/SA_CAO_Simu/SA_CAO/install/turtlebot3_gazebo/share/turtlebot3_gazebo/cmake/ament_cmake_export_include_directories-extras.cmake
[13.627s] -- Installing: /home/y/SA_CAO_Simu/SA_CAO/install/turtlebot3_gazebo/share/turtlebot3_gazebo/cmake/ament_cmake_export_dependencies-extras.cmake
[13.627s] -- Installing: /home/y/SA_CAO_Simu/SA_CAO/install/turtlebot3_gazebo/share/turtlebot3_gazebo/cmake/turtlebot3_gazeboConfig.cmake
[13.627s] -- Installing: /home/y/SA_CAO_Simu/SA_CAO/install/turtlebot3_gazebo/share/turtlebot3_gazebo/cmake/turtlebot3_gazeboConfig-version.cmake
[13.627s] -- Installing: /home/y/SA_CAO_Simu/SA_CAO/install/turtlebot3_gazebo/share/turtlebot3_gazebo/package.xml
[13.628s] Invoked command in '/home/y/SA_CAO_Simu/SA_CAO/build/turtlebot3_gazebo' returned '0': AMENT_PREFIX_PATH=/home/y/SA_CAO_Simu/SA_CAO/install/turtlebot3_description:${AMENT_PREFIX_PATH} CMAKE_PREFIX_PATH=/home/y/SA_CAO_Simu/SA_CAO/install/turtlebot3_description:/opt/ros/foxy /usr/bin/cmake --install /home/y/SA_CAO_Simu/SA_CAO/build/turtlebot3_gazebo
