[0.007s] Invoking command in '/home/y/SA_CAO_Simu/SA_CAO/build/diablo_utils': AMENT_PREFIX_PATH=/home/y/SA_CAO_Simu/SA_CAO/install/motion_msgs:${AMENT_PREFIX_PATH} CMAKE_PREFIX_PATH=/home/y/SA_CAO_Simu/SA_CAO/install/motion_msgs:/opt/ros/foxy LD_LIBRARY_PATH=/home/y/SA_CAO_Simu/SA_CAO/install/motion_msgs/lib:${LD_LIBRARY_PATH} PYTHONPATH=/home/y/SA_CAO_Simu/SA_CAO/install/motion_msgs/lib/python3.8/site-packages:${PYTHONPATH} /usr/bin/cmake /home/y/SA_CAO_Simu/SA_CAO/src/diablo_common/diablo_utils -DCMAKE_INSTALL_PREFIX=/home/y/SA_CAO_Simu/SA_CAO/install/diablo_utils
[0.037s] -- The C compiler identification is GNU 9.4.0
[0.062s] -- The CXX compiler identification is GNU 9.4.0
[0.064s] -- Check for working C compiler: /usr/bin/cc
[0.093s] -- Check for working C compiler: /usr/bin/cc -- works
[0.093s] -- Detecting C compiler ABI info
[0.121s] -- Detecting C compiler ABI info - done
[0.126s] -- Detecting C compile features
[0.126s] -- Detecting C compile features - done
[0.127s] -- Check for working CXX compiler: /usr/bin/c++
[0.159s] -- Check for working CXX compiler: /usr/bin/c++ -- works
[0.159s] -- Detecting CXX compiler ABI info
[0.198s] -- Detecting CXX compiler ABI info - done
[0.199s] -- Detecting CXX compile features
[0.199s] -- Detecting CXX compile features - done
[0.200s] -- Found ament_cmake: 0.9.12 (/opt/ros/foxy/share/ament_cmake/cmake)
[0.211s] -- Found PythonInterp: /usr/bin/python3 (found suitable version "3.8.10", minimum required is "3") 
[0.211s] -- Using PYTHON_EXECUTABLE: /usr/bin/python3
[0.285s] -- Found motion_msgs: 1.0.0 (/home/y/SA_CAO_Simu/SA_CAO/install/motion_msgs/share/motion_msgs/cmake)
[0.296s] -- Using all available rosidl_typesupport_c: rosidl_typesupport_fastrtps_c;rosidl_typesupport_introspection_c
[0.298s] -- Found rosidl_adapter: 1.3.1 (/opt/ros/foxy/share/rosidl_adapter/cmake)
[0.329s] -- Found OpenSSL: /usr/lib/aarch64-linux-gnu/libcrypto.so (found version "1.1.1f")  
[0.344s] -- Found FastRTPS: /opt/ros/foxy/include  
[0.378s] -- Using all available rosidl_typesupport_cpp: rosidl_typesupport_fastrtps_cpp;rosidl_typesupport_introspection_cpp
[0.415s] -- Found rclcpp: 2.4.3 (/opt/ros/foxy/share/rclcpp/cmake)
[0.433s] -- Found rmw_implementation_cmake: 1.0.4 (/opt/ros/foxy/share/rmw_implementation_cmake/cmake)
[0.433s] -- Using RMW implementation 'rmw_fastrtps_cpp' as default
[0.433s] -- Looking for pthread.h
[0.464s] -- Looking for pthread.h - found
[0.464s] -- Performing Test CMAKE_HAVE_LIBC_PTHREAD
[0.515s] -- Performing Test CMAKE_HAVE_LIBC_PTHREAD - Failed
[0.515s] -- Looking for pthread_create in pthreads
[0.538s] -- Looking for pthread_create in pthreads - not found
[0.538s] -- Looking for pthread_create in pthread
[0.569s] -- Looking for pthread_create in pthread - found
[0.569s] -- Found Threads: TRUE  
[0.632s] -- Found ament_lint_auto: 0.9.8 (/opt/ros/foxy/share/ament_lint_auto/cmake)
[0.665s] -- Found ament_cmake_gtest: 0.9.12 (/opt/ros/foxy/share/ament_cmake_gtest/cmake)
[0.666s] -- Added test 'copyright' to check source files copyright and LICENSE
[0.667s] -- Added test 'cppcheck' to perform static code analysis on C / C++ code
[0.667s] -- Configured cppcheck include dirs: /home/y/SA_CAO_Simu/SA_CAO/src/diablo_common/diablo_utils/include
[0.667s] -- Configured cppcheck exclude dirs and/or files: 
[0.668s] -- Added test 'cpplint' to check C / C++ code against the Google style
[0.668s] -- Configured cpplint exclude dirs and/or files: 
[0.669s] -- Added test 'lint_cmake' to check CMake code style
[0.670s] -- Added test 'uncrustify' to check C / C++ code style
[0.670s] -- Configured uncrustify additional arguments: 
[0.670s] -- Added test 'xmllint' to check XML markup files
[0.672s] -- Configuring done
[0.677s] -- Generating done
[0.678s] -- Build files have been written to: /home/y/SA_CAO_Simu/SA_CAO/build/diablo_utils
[0.689s] Invoked command in '/home/y/SA_CAO_Simu/SA_CAO/build/diablo_utils' returned '0': AMENT_PREFIX_PATH=/home/y/SA_CAO_Simu/SA_CAO/install/motion_msgs:${AMENT_PREFIX_PATH} CMAKE_PREFIX_PATH=/home/y/SA_CAO_Simu/SA_CAO/install/motion_msgs:/opt/ros/foxy LD_LIBRARY_PATH=/home/y/SA_CAO_Simu/SA_CAO/install/motion_msgs/lib:${LD_LIBRARY_PATH} PYTHONPATH=/home/y/SA_CAO_Simu/SA_CAO/install/motion_msgs/lib/python3.8/site-packages:${PYTHONPATH} /usr/bin/cmake /home/y/SA_CAO_Simu/SA_CAO/src/diablo_common/diablo_utils -DCMAKE_INSTALL_PREFIX=/home/y/SA_CAO_Simu/SA_CAO/install/diablo_utils
[0.690s] Invoking command in '/home/y/SA_CAO_Simu/SA_CAO/build/diablo_utils': AMENT_PREFIX_PATH=/home/y/SA_CAO_Simu/SA_CAO/install/motion_msgs:${AMENT_PREFIX_PATH} CMAKE_PREFIX_PATH=/home/y/SA_CAO_Simu/SA_CAO/install/motion_msgs:/opt/ros/foxy LD_LIBRARY_PATH=/home/y/SA_CAO_Simu/SA_CAO/install/motion_msgs/lib:${LD_LIBRARY_PATH} PYTHONPATH=/home/y/SA_CAO_Simu/SA_CAO/install/motion_msgs/lib/python3.8/site-packages:${PYTHONPATH} /usr/bin/cmake --build /home/y/SA_CAO_Simu/SA_CAO/build/diablo_utils -- -j2 -l2
[0.713s] [35m[1mScanning dependencies of target diablo_utils_core[0m
[0.723s] [ 12%] [32mBuilding CXX object CMakeFiles/diablo_utils_core.dir/src/SerialPort/SerialPort.cpp.o[0m
[0.726s] [ 25%] [32mBuilding CXX object CMakeFiles/diablo_utils_core.dir/src/diablo_tools/osdk_crc.cpp.o[0m
[0.827s] [ 37%] [32mBuilding CXX object CMakeFiles/diablo_utils_core.dir/src/diablo_tools/osdk_hal.cpp.o[0m
[0.923s] [ 50%] [32mBuilding CXX object CMakeFiles/diablo_utils_core.dir/src/diablo_tools/osdk_log.cpp.o[0m
[1.079s] [ 62%] [32mBuilding CXX object CMakeFiles/diablo_utils_core.dir/src/diablo_tools/osdk_movement.cpp.o[0m
[1.134s] [ 75%] [32mBuilding CXX object CMakeFiles/diablo_utils_core.dir/src/diablo_tools/osdk_telemetry.cpp.o[0m
[1.267s] [ 87%] [32mBuilding CXX object CMakeFiles/diablo_utils_core.dir/src/diablo_tools/osdk_vehicle.cpp.o[0m
[1.477s] [100%] [32m[1mLinking CXX shared library libdiablo_utils_core.so[0m
[1.519s] [100%] Built target diablo_utils_core
[1.523s] Invoked command in '/home/y/SA_CAO_Simu/SA_CAO/build/diablo_utils' returned '0': AMENT_PREFIX_PATH=/home/y/SA_CAO_Simu/SA_CAO/install/motion_msgs:${AMENT_PREFIX_PATH} CMAKE_PREFIX_PATH=/home/y/SA_CAO_Simu/SA_CAO/install/motion_msgs:/opt/ros/foxy LD_LIBRARY_PATH=/home/y/SA_CAO_Simu/SA_CAO/install/motion_msgs/lib:${LD_LIBRARY_PATH} PYTHONPATH=/home/y/SA_CAO_Simu/SA_CAO/install/motion_msgs/lib/python3.8/site-packages:${PYTHONPATH} /usr/bin/cmake --build /home/y/SA_CAO_Simu/SA_CAO/build/diablo_utils -- -j2 -l2
[1.524s] Invoking command in '/home/y/SA_CAO_Simu/SA_CAO/build/diablo_utils': AMENT_PREFIX_PATH=/home/y/SA_CAO_Simu/SA_CAO/install/motion_msgs:${AMENT_PREFIX_PATH} CMAKE_PREFIX_PATH=/home/y/SA_CAO_Simu/SA_CAO/install/motion_msgs:/opt/ros/foxy LD_LIBRARY_PATH=/home/y/SA_CAO_Simu/SA_CAO/install/motion_msgs/lib:${LD_LIBRARY_PATH} PYTHONPATH=/home/y/SA_CAO_Simu/SA_CAO/install/motion_msgs/lib/python3.8/site-packages:${PYTHONPATH} /usr/bin/cmake --install /home/y/SA_CAO_Simu/SA_CAO/build/diablo_utils
[1.529s] -- Install configuration: ""
[1.529s] -- Installing: /home/y/SA_CAO_Simu/SA_CAO/install/diablo_utils/include/
[1.529s] -- Installing: /home/y/SA_CAO_Simu/SA_CAO/install/diablo_utils/include//diablo_utils
[1.529s] -- Installing: /home/y/SA_CAO_Simu/SA_CAO/install/diablo_utils/include//diablo_utils/VulcanSerial
[1.529s] -- Installing: /home/y/SA_CAO_Simu/SA_CAO/install/diablo_utils/include//diablo_utils/VulcanSerial/Exception.hpp
[1.529s] -- Installing: /home/y/SA_CAO_Simu/SA_CAO/install/diablo_utils/include//diablo_utils/VulcanSerial/SerialPort.hpp
[1.529s] -- Installing: /home/y/SA_CAO_Simu/SA_CAO/install/diablo_utils/include//diablo_utils/diablo_tools
[1.529s] -- Installing: /home/y/SA_CAO_Simu/SA_CAO/install/diablo_utils/include//diablo_utils/diablo_tools/osdk_crc.hpp
[1.529s] -- Installing: /home/y/SA_CAO_Simu/SA_CAO/install/diablo_utils/include//diablo_utils/diablo_tools/osdk_header.hpp
[1.529s] -- Installing: /home/y/SA_CAO_Simu/SA_CAO/install/diablo_utils/include//diablo_utils/diablo_tools/osdk_hal.hpp
[1.529s] -- Installing: /home/y/SA_CAO_Simu/SA_CAO/install/diablo_utils/include//diablo_utils/diablo_tools/onboard_sdk_uart_protocol.h
[1.529s] -- Installing: /home/y/SA_CAO_Simu/SA_CAO/install/diablo_utils/include//diablo_utils/diablo_tools/osdk_vehicle.hpp
[1.529s] -- Installing: /home/y/SA_CAO_Simu/SA_CAO/install/diablo_utils/include//diablo_utils/diablo_tools/osdk_virtual_rc.hpp
[1.529s] -- Installing: /home/y/SA_CAO_Simu/SA_CAO/install/diablo_utils/include//diablo_utils/diablo_tools/osdk_telemetry.hpp
[1.529s] -- Installing: /home/y/SA_CAO_Simu/SA_CAO/install/diablo_utils/include//diablo_utils/diablo_tools/osdk_ddj_m15.hpp
[1.529s] -- Installing: /home/y/SA_CAO_Simu/SA_CAO/install/diablo_utils/include//diablo_utils/diablo_tools/osdk_movement.hpp
[1.529s] -- Installing: /home/y/SA_CAO_Simu/SA_CAO/install/diablo_utils/lib/libdiablo_utils_core.so
[1.529s] -- Set runtime path of "/home/y/SA_CAO_Simu/SA_CAO/install/diablo_utils/lib/libdiablo_utils_core.so" to ""
[1.529s] -- Installing: /home/y/SA_CAO_Simu/SA_CAO/install/diablo_utils/share/diablo_utils/environment/library_path.sh
[1.529s] -- Installing: /home/y/SA_CAO_Simu/SA_CAO/install/diablo_utils/share/diablo_utils/environment/library_path.dsv
[1.529s] -- Installing: /home/y/SA_CAO_Simu/SA_CAO/install/diablo_utils/share/ament_index/resource_index/package_run_dependencies/diablo_utils
[1.529s] -- Installing: /home/y/SA_CAO_Simu/SA_CAO/install/diablo_utils/share/ament_index/resource_index/parent_prefix_path/diablo_utils
[1.529s] -- Installing: /home/y/SA_CAO_Simu/SA_CAO/install/diablo_utils/share/diablo_utils/environment/ament_prefix_path.sh
[1.529s] -- Installing: /home/y/SA_CAO_Simu/SA_CAO/install/diablo_utils/share/diablo_utils/environment/ament_prefix_path.dsv
[1.529s] -- Installing: /home/y/SA_CAO_Simu/SA_CAO/install/diablo_utils/share/diablo_utils/environment/path.sh
[1.529s] -- Installing: /home/y/SA_CAO_Simu/SA_CAO/install/diablo_utils/share/diablo_utils/environment/path.dsv
[1.529s] -- Installing: /home/y/SA_CAO_Simu/SA_CAO/install/diablo_utils/share/diablo_utils/local_setup.bash
[1.529s] -- Installing: /home/y/SA_CAO_Simu/SA_CAO/install/diablo_utils/share/diablo_utils/local_setup.sh
[1.529s] -- Installing: /home/y/SA_CAO_Simu/SA_CAO/install/diablo_utils/share/diablo_utils/local_setup.zsh
[1.529s] -- Installing: /home/y/SA_CAO_Simu/SA_CAO/install/diablo_utils/share/diablo_utils/local_setup.dsv
[1.529s] -- Installing: /home/y/SA_CAO_Simu/SA_CAO/install/diablo_utils/share/diablo_utils/package.dsv
[1.529s] -- Installing: /home/y/SA_CAO_Simu/SA_CAO/install/diablo_utils/share/ament_index/resource_index/packages/diablo_utils
[1.529s] -- Installing: /home/y/SA_CAO_Simu/SA_CAO/install/diablo_utils/share/diablo_utils/cmake/ament_cmake_export_include_directories-extras.cmake
[1.529s] -- Installing: /home/y/SA_CAO_Simu/SA_CAO/install/diablo_utils/share/diablo_utils/cmake/ament_cmake_export_libraries-extras.cmake
[1.529s] -- Installing: /home/y/SA_CAO_Simu/SA_CAO/install/diablo_utils/share/diablo_utils/cmake/ament_cmake_export_dependencies-extras.cmake
[1.529s] -- Installing: /home/y/SA_CAO_Simu/SA_CAO/install/diablo_utils/share/diablo_utils/cmake/diablo_utilsConfig.cmake
[1.529s] -- Installing: /home/y/SA_CAO_Simu/SA_CAO/install/diablo_utils/share/diablo_utils/cmake/diablo_utilsConfig-version.cmake
[1.529s] -- Installing: /home/y/SA_CAO_Simu/SA_CAO/install/diablo_utils/share/diablo_utils/package.xml
[1.530s] Invoked command in '/home/y/SA_CAO_Simu/SA_CAO/build/diablo_utils' returned '0': AMENT_PREFIX_PATH=/home/y/SA_CAO_Simu/SA_CAO/install/motion_msgs:${AMENT_PREFIX_PATH} CMAKE_PREFIX_PATH=/home/y/SA_CAO_Simu/SA_CAO/install/motion_msgs:/opt/ros/foxy LD_LIBRARY_PATH=/home/y/SA_CAO_Simu/SA_CAO/install/motion_msgs/lib:${LD_LIBRARY_PATH} PYTHONPATH=/home/y/SA_CAO_Simu/SA_CAO/install/motion_msgs/lib/python3.8/site-packages:${PYTHONPATH} /usr/bin/cmake --install /home/y/SA_CAO_Simu/SA_CAO/build/diablo_utils
