[0.076s] Invoking command in '/home/y/SA_CAO_test_ws/build/dynamixel_sdk_examples': CMAKE_PREFIX_PATH=/home/y/SA_CAO_test_ws/install/dynamixel_sdk_custom_interfaces:/home/y/SA_CAO_test_ws/install/dynamixel_sdk:/home/y/SA_CAO_test_ws/install/turtlebot3:/home/y/SA_CAO_test_ws/install/turtlebot3_simulations:/home/y/SA_CAO_test_ws/install/turtlebot3_bringup:/home/y/SA_CAO_test_ws/install/turtlebot3_node:/home/y/SA_CAO_test_ws/install/turtlebot3_navigation2:/home/y/SA_CAO_test_ws/install/turtlebot3_fake_node:/home/y/SA_CAO_test_ws/install/turtlebot3_msgs:/home/y/SA_CAO_test_ws/install/turtlebot3_gazebo:/home/y/SA_CAO_test_ws/install/turtlebot3_description:/home/y/SA_CAO_test_ws/install/turtlebot3_cartographer:/home/y/SA_CAO_test_ws/install/sub_diablo2023a:/home/y/SA_CAO_test_ws/install/motion_msgs:/home/y/SA_CAO_test_ws/install/hls_lfcd_lds_driver:/home/y/SA_CAO_test_ws/install/dynamixel_sdk_examples:/home/y/SA_CAO_test_ws/install/turtlebot3_teleop:/home/y/SA_CAO_test_ws/install/turtlebot3_example:/home/y/SA_CAO_test_ws/install/my_joystick:/home/y/SA_CAO_test_ws/install/launch_diablo:/opt/ros/foxy:/home/y/oradar_ros/install/oradar_lidar LD_LIBRARY_PATH=/home/y/SA_CAO_test_ws/install/dynamixel_sdk_custom_interfaces/lib:/home/y/SA_CAO_test_ws/install/dynamixel_sdk/lib:/home/y/SA_CAO_test_ws/install/turtlebot3_msgs/lib:/home/y/SA_CAO_test_ws/install/motion_msgs/lib:/usr/lib/x86_64-linux-gnu/gazebo-11/plugins:/opt/ros/foxy/opt/yaml_cpp_vendor/lib:/opt/ros/foxy/opt/rviz_ogre_vendor/lib:/opt/ros/foxy/lib/x86_64-linux-gnu:/opt/ros/foxy/lib PYTHONPATH=/home/y/SA_CAO_test_ws/install/dynamixel_sdk_custom_interfaces/lib/python3.8/site-packages:/home/y/SA_CAO_test_ws/install/turtlebot3_teleop/lib/python3.8/site-packages:/home/y/SA_CAO_test_ws/install/turtlebot3_example/lib/python3.8/site-packages:/home/y/SA_CAO_test_ws/install/turtlebot3_msgs/lib/python3.8/site-packages:/home/y/SA_CAO_test_ws/install/my_joystick/lib/python3.8/site-packages:/home/y/SA_CAO_test_ws/install/motion_msgs/lib/python3.8/site-packages:/home/y/SA_CAO_test_ws/install/launch_diablo/lib/python3.8/site-packages:/opt/ros/foxy/lib/python3.8/site-packages /usr/bin/cmake /home/y/SA_CAO_test_ws/src/utils/DynamixelSDK/dynamixel_sdk_examples -DCMAKE_INSTALL_PREFIX=/home/y/SA_CAO_test_ws/install/dynamixel_sdk_examples
[0.302s] -- The C compiler identification is GNU 9.4.0
[0.510s] -- The CXX compiler identification is GNU 9.4.0
[0.528s] -- Check for working C compiler: /usr/bin/cc
[0.805s] -- Check for working C compiler: /usr/bin/cc -- works
[0.808s] -- Detecting C compiler ABI info
[1.083s] -- Detecting C compiler ABI info - done
[1.095s] -- Detecting C compile features
[1.096s] -- Detecting C compile features - done
[1.101s] -- Check for working CXX compiler: /usr/bin/c++
[1.408s] -- Check for working CXX compiler: /usr/bin/c++ -- works
[1.412s] -- Detecting CXX compiler ABI info
[1.730s] -- Detecting CXX compiler ABI info - done
[1.745s] -- Detecting CXX compile features
[1.746s] -- Detecting CXX compile features - done
[1.769s] -- Found ament_cmake: 0.9.12 (/opt/ros/foxy/share/ament_cmake/cmake)
[1.853s] -- Found PythonInterp: /usr/bin/python3 (found suitable version "3.8.10", minimum required is "3") 
[1.854s] -- Using PYTHON_EXECUTABLE: /usr/bin/python3
[2.474s] -- Found dynamixel_sdk: 3.7.40 (/home/y/SA_CAO_test_ws/install/dynamixel_sdk/share/dynamixel_sdk/cmake)
[2.479s] -- Found dynamixel_sdk_custom_interfaces: 3.7.40 (/home/y/SA_CAO_test_ws/install/dynamixel_sdk_custom_interfaces/share/dynamixel_sdk_custom_interfaces/cmake)
[2.643s] -- Using all available rosidl_typesupport_c: rosidl_typesupport_fastrtps_c;rosidl_typesupport_introspection_c
[2.697s] -- Found rosidl_adapter: 1.3.1 (/opt/ros/foxy/share/rosidl_adapter/cmake)
[3.169s] -- Found OpenSSL: /usr/lib/x86_64-linux-gnu/libcrypto.so (found version "1.1.1f")  
[3.263s] -- Found FastRTPS: /opt/ros/foxy/include  
[3.539s] -- Using all available rosidl_typesupport_cpp: rosidl_typesupport_fastrtps_cpp;rosidl_typesupport_introspection_cpp
[3.683s] -- Found rclcpp: 2.4.3 (/opt/ros/foxy/share/rclcpp/cmake)
[3.888s] -- Found rmw_implementation_cmake: 1.0.4 (/opt/ros/foxy/share/rmw_implementation_cmake/cmake)
[3.893s] -- Using RMW implementation 'rmw_fastrtps_cpp' as default
[3.895s] -- Looking for pthread.h
[4.219s] -- Looking for pthread.h - found
[4.220s] -- Performing Test CMAKE_HAVE_LIBC_PTHREAD
[4.532s] -- Performing Test CMAKE_HAVE_LIBC_PTHREAD - Failed
[4.533s] -- Looking for pthread_create in pthreads
[4.798s] -- Looking for pthread_create in pthreads - not found
[4.798s] -- Looking for pthread_create in pthread
[5.096s] -- Looking for pthread_create in pthread - found
[5.100s] -- Found Threads: TRUE  
[5.532s] -- Found ament_lint_auto: 0.9.8 (/opt/ros/foxy/share/ament_lint_auto/cmake)
[5.819s] -- Added test 'copyright' to check source files copyright and LICENSE
[5.826s] -- Added test 'cppcheck' to perform static code analysis on C / C++ code
[5.827s] -- Configured cppcheck include dirs: /home/y/SA_CAO_test_ws/src/utils/DynamixelSDK/dynamixel_sdk_examples/include
[5.827s] -- Configured cppcheck exclude dirs and/or files: 
[5.834s] -- Added test 'cpplint' to check C / C++ code against the Google style
[5.834s] -- Configured cpplint exclude dirs and/or files: 
[5.839s] -- Added test 'lint_cmake' to check CMake code style
[5.847s] -- Added test 'uncrustify' to check C / C++ code style
[5.848s] -- Configured uncrustify additional arguments: 
[5.853s] -- Added test 'xmllint' to check XML markup files
[5.879s] -- Configuring done
[5.903s] -- Generating done
[5.911s] -- Build files have been written to: /home/y/SA_CAO_test_ws/build/dynamixel_sdk_examples
[5.933s] Invoked command in '/home/y/SA_CAO_test_ws/build/dynamixel_sdk_examples' returned '0': CMAKE_PREFIX_PATH=/home/y/SA_CAO_test_ws/install/dynamixel_sdk_custom_interfaces:/home/y/SA_CAO_test_ws/install/dynamixel_sdk:/home/y/SA_CAO_test_ws/install/turtlebot3:/home/y/SA_CAO_test_ws/install/turtlebot3_simulations:/home/y/SA_CAO_test_ws/install/turtlebot3_bringup:/home/y/SA_CAO_test_ws/install/turtlebot3_node:/home/y/SA_CAO_test_ws/install/turtlebot3_navigation2:/home/y/SA_CAO_test_ws/install/turtlebot3_fake_node:/home/y/SA_CAO_test_ws/install/turtlebot3_msgs:/home/y/SA_CAO_test_ws/install/turtlebot3_gazebo:/home/y/SA_CAO_test_ws/install/turtlebot3_description:/home/y/SA_CAO_test_ws/install/turtlebot3_cartographer:/home/y/SA_CAO_test_ws/install/sub_diablo2023a:/home/y/SA_CAO_test_ws/install/motion_msgs:/home/y/SA_CAO_test_ws/install/hls_lfcd_lds_driver:/home/y/SA_CAO_test_ws/install/dynamixel_sdk_examples:/home/y/SA_CAO_test_ws/install/turtlebot3_teleop:/home/y/SA_CAO_test_ws/install/turtlebot3_example:/home/y/SA_CAO_test_ws/install/my_joystick:/home/y/SA_CAO_test_ws/install/launch_diablo:/opt/ros/foxy:/home/y/oradar_ros/install/oradar_lidar LD_LIBRARY_PATH=/home/y/SA_CAO_test_ws/install/dynamixel_sdk_custom_interfaces/lib:/home/y/SA_CAO_test_ws/install/dynamixel_sdk/lib:/home/y/SA_CAO_test_ws/install/turtlebot3_msgs/lib:/home/y/SA_CAO_test_ws/install/motion_msgs/lib:/usr/lib/x86_64-linux-gnu/gazebo-11/plugins:/opt/ros/foxy/opt/yaml_cpp_vendor/lib:/opt/ros/foxy/opt/rviz_ogre_vendor/lib:/opt/ros/foxy/lib/x86_64-linux-gnu:/opt/ros/foxy/lib PYTHONPATH=/home/y/SA_CAO_test_ws/install/dynamixel_sdk_custom_interfaces/lib/python3.8/site-packages:/home/y/SA_CAO_test_ws/install/turtlebot3_teleop/lib/python3.8/site-packages:/home/y/SA_CAO_test_ws/install/turtlebot3_example/lib/python3.8/site-packages:/home/y/SA_CAO_test_ws/install/turtlebot3_msgs/lib/python3.8/site-packages:/home/y/SA_CAO_test_ws/install/my_joystick/lib/python3.8/site-packages:/home/y/SA_CAO_test_ws/install/motion_msgs/lib/python3.8/site-packages:/home/y/SA_CAO_test_ws/install/launch_diablo/lib/python3.8/site-packages:/opt/ros/foxy/lib/python3.8/site-packages /usr/bin/cmake /home/y/SA_CAO_test_ws/src/utils/DynamixelSDK/dynamixel_sdk_examples -DCMAKE_INSTALL_PREFIX=/home/y/SA_CAO_test_ws/install/dynamixel_sdk_examples
[5.942s] Invoking command in '/home/y/SA_CAO_test_ws/build/dynamixel_sdk_examples': CMAKE_PREFIX_PATH=/home/y/SA_CAO_test_ws/install/dynamixel_sdk_custom_interfaces:/home/y/SA_CAO_test_ws/install/dynamixel_sdk:/home/y/SA_CAO_test_ws/install/turtlebot3:/home/y/SA_CAO_test_ws/install/turtlebot3_simulations:/home/y/SA_CAO_test_ws/install/turtlebot3_bringup:/home/y/SA_CAO_test_ws/install/turtlebot3_node:/home/y/SA_CAO_test_ws/install/turtlebot3_navigation2:/home/y/SA_CAO_test_ws/install/turtlebot3_fake_node:/home/y/SA_CAO_test_ws/install/turtlebot3_msgs:/home/y/SA_CAO_test_ws/install/turtlebot3_gazebo:/home/y/SA_CAO_test_ws/install/turtlebot3_description:/home/y/SA_CAO_test_ws/install/turtlebot3_cartographer:/home/y/SA_CAO_test_ws/install/sub_diablo2023a:/home/y/SA_CAO_test_ws/install/motion_msgs:/home/y/SA_CAO_test_ws/install/hls_lfcd_lds_driver:/home/y/SA_CAO_test_ws/install/dynamixel_sdk_examples:/home/y/SA_CAO_test_ws/install/turtlebot3_teleop:/home/y/SA_CAO_test_ws/install/turtlebot3_example:/home/y/SA_CAO_test_ws/install/my_joystick:/home/y/SA_CAO_test_ws/install/launch_diablo:/opt/ros/foxy:/home/y/oradar_ros/install/oradar_lidar LD_LIBRARY_PATH=/home/y/SA_CAO_test_ws/install/dynamixel_sdk_custom_interfaces/lib:/home/y/SA_CAO_test_ws/install/dynamixel_sdk/lib:/home/y/SA_CAO_test_ws/install/turtlebot3_msgs/lib:/home/y/SA_CAO_test_ws/install/motion_msgs/lib:/usr/lib/x86_64-linux-gnu/gazebo-11/plugins:/opt/ros/foxy/opt/yaml_cpp_vendor/lib:/opt/ros/foxy/opt/rviz_ogre_vendor/lib:/opt/ros/foxy/lib/x86_64-linux-gnu:/opt/ros/foxy/lib PYTHONPATH=/home/y/SA_CAO_test_ws/install/dynamixel_sdk_custom_interfaces/lib/python3.8/site-packages:/home/y/SA_CAO_test_ws/install/turtlebot3_teleop/lib/python3.8/site-packages:/home/y/SA_CAO_test_ws/install/turtlebot3_example/lib/python3.8/site-packages:/home/y/SA_CAO_test_ws/install/turtlebot3_msgs/lib/python3.8/site-packages:/home/y/SA_CAO_test_ws/install/my_joystick/lib/python3.8/site-packages:/home/y/SA_CAO_test_ws/install/motion_msgs/lib/python3.8/site-packages:/home/y/SA_CAO_test_ws/install/launch_diablo/lib/python3.8/site-packages:/opt/ros/foxy/lib/python3.8/site-packages /usr/bin/cmake --build /home/y/SA_CAO_test_ws/build/dynamixel_sdk_examples -- -j2 -l2
[6.128s] [35m[1mScanning dependencies of target read_write_node[0m
[6.353s] [ 50%] [32mBuilding CXX object CMakeFiles/read_write_node.dir/src/read_write_node.cpp.o[0m
[14.353s] [100%] [32m[1mLinking CXX executable read_write_node[0m
[15.370s] [100%] Built target read_write_node
[15.418s] Invoked command in '/home/y/SA_CAO_test_ws/build/dynamixel_sdk_examples' returned '0': CMAKE_PREFIX_PATH=/home/y/SA_CAO_test_ws/install/dynamixel_sdk_custom_interfaces:/home/y/SA_CAO_test_ws/install/dynamixel_sdk:/home/y/SA_CAO_test_ws/install/turtlebot3:/home/y/SA_CAO_test_ws/install/turtlebot3_simulations:/home/y/SA_CAO_test_ws/install/turtlebot3_bringup:/home/y/SA_CAO_test_ws/install/turtlebot3_node:/home/y/SA_CAO_test_ws/install/turtlebot3_navigation2:/home/y/SA_CAO_test_ws/install/turtlebot3_fake_node:/home/y/SA_CAO_test_ws/install/turtlebot3_msgs:/home/y/SA_CAO_test_ws/install/turtlebot3_gazebo:/home/y/SA_CAO_test_ws/install/turtlebot3_description:/home/y/SA_CAO_test_ws/install/turtlebot3_cartographer:/home/y/SA_CAO_test_ws/install/sub_diablo2023a:/home/y/SA_CAO_test_ws/install/motion_msgs:/home/y/SA_CAO_test_ws/install/hls_lfcd_lds_driver:/home/y/SA_CAO_test_ws/install/dynamixel_sdk_examples:/home/y/SA_CAO_test_ws/install/turtlebot3_teleop:/home/y/SA_CAO_test_ws/install/turtlebot3_example:/home/y/SA_CAO_test_ws/install/my_joystick:/home/y/SA_CAO_test_ws/install/launch_diablo:/opt/ros/foxy:/home/y/oradar_ros/install/oradar_lidar LD_LIBRARY_PATH=/home/y/SA_CAO_test_ws/install/dynamixel_sdk_custom_interfaces/lib:/home/y/SA_CAO_test_ws/install/dynamixel_sdk/lib:/home/y/SA_CAO_test_ws/install/turtlebot3_msgs/lib:/home/y/SA_CAO_test_ws/install/motion_msgs/lib:/usr/lib/x86_64-linux-gnu/gazebo-11/plugins:/opt/ros/foxy/opt/yaml_cpp_vendor/lib:/opt/ros/foxy/opt/rviz_ogre_vendor/lib:/opt/ros/foxy/lib/x86_64-linux-gnu:/opt/ros/foxy/lib PYTHONPATH=/home/y/SA_CAO_test_ws/install/dynamixel_sdk_custom_interfaces/lib/python3.8/site-packages:/home/y/SA_CAO_test_ws/install/turtlebot3_teleop/lib/python3.8/site-packages:/home/y/SA_CAO_test_ws/install/turtlebot3_example/lib/python3.8/site-packages:/home/y/SA_CAO_test_ws/install/turtlebot3_msgs/lib/python3.8/site-packages:/home/y/SA_CAO_test_ws/install/my_joystick/lib/python3.8/site-packages:/home/y/SA_CAO_test_ws/install/motion_msgs/lib/python3.8/site-packages:/home/y/SA_CAO_test_ws/install/launch_diablo/lib/python3.8/site-packages:/opt/ros/foxy/lib/python3.8/site-packages /usr/bin/cmake --build /home/y/SA_CAO_test_ws/build/dynamixel_sdk_examples -- -j2 -l2
[15.428s] Invoking command in '/home/y/SA_CAO_test_ws/build/dynamixel_sdk_examples': CMAKE_PREFIX_PATH=/home/y/SA_CAO_test_ws/install/dynamixel_sdk_custom_interfaces:/home/y/SA_CAO_test_ws/install/dynamixel_sdk:/home/y/SA_CAO_test_ws/install/turtlebot3:/home/y/SA_CAO_test_ws/install/turtlebot3_simulations:/home/y/SA_CAO_test_ws/install/turtlebot3_bringup:/home/y/SA_CAO_test_ws/install/turtlebot3_node:/home/y/SA_CAO_test_ws/install/turtlebot3_navigation2:/home/y/SA_CAO_test_ws/install/turtlebot3_fake_node:/home/y/SA_CAO_test_ws/install/turtlebot3_msgs:/home/y/SA_CAO_test_ws/install/turtlebot3_gazebo:/home/y/SA_CAO_test_ws/install/turtlebot3_description:/home/y/SA_CAO_test_ws/install/turtlebot3_cartographer:/home/y/SA_CAO_test_ws/install/sub_diablo2023a:/home/y/SA_CAO_test_ws/install/motion_msgs:/home/y/SA_CAO_test_ws/install/hls_lfcd_lds_driver:/home/y/SA_CAO_test_ws/install/dynamixel_sdk_examples:/home/y/SA_CAO_test_ws/install/turtlebot3_teleop:/home/y/SA_CAO_test_ws/install/turtlebot3_example:/home/y/SA_CAO_test_ws/install/my_joystick:/home/y/SA_CAO_test_ws/install/launch_diablo:/opt/ros/foxy:/home/y/oradar_ros/install/oradar_lidar LD_LIBRARY_PATH=/home/y/SA_CAO_test_ws/install/dynamixel_sdk_custom_interfaces/lib:/home/y/SA_CAO_test_ws/install/dynamixel_sdk/lib:/home/y/SA_CAO_test_ws/install/turtlebot3_msgs/lib:/home/y/SA_CAO_test_ws/install/motion_msgs/lib:/usr/lib/x86_64-linux-gnu/gazebo-11/plugins:/opt/ros/foxy/opt/yaml_cpp_vendor/lib:/opt/ros/foxy/opt/rviz_ogre_vendor/lib:/opt/ros/foxy/lib/x86_64-linux-gnu:/opt/ros/foxy/lib PYTHONPATH=/home/y/SA_CAO_test_ws/install/dynamixel_sdk_custom_interfaces/lib/python3.8/site-packages:/home/y/SA_CAO_test_ws/install/turtlebot3_teleop/lib/python3.8/site-packages:/home/y/SA_CAO_test_ws/install/turtlebot3_example/lib/python3.8/site-packages:/home/y/SA_CAO_test_ws/install/turtlebot3_msgs/lib/python3.8/site-packages:/home/y/SA_CAO_test_ws/install/my_joystick/lib/python3.8/site-packages:/home/y/SA_CAO_test_ws/install/motion_msgs/lib/python3.8/site-packages:/home/y/SA_CAO_test_ws/install/launch_diablo/lib/python3.8/site-packages:/opt/ros/foxy/lib/python3.8/site-packages /usr/bin/cmake --install /home/y/SA_CAO_test_ws/build/dynamixel_sdk_examples
[15.464s] -- Install configuration: ""
[15.465s] -- Installing: /home/y/SA_CAO_test_ws/install/dynamixel_sdk_examples/lib/dynamixel_sdk_examples/read_write_node
[15.481s] -- Set runtime path of "/home/y/SA_CAO_test_ws/install/dynamixel_sdk_examples/lib/dynamixel_sdk_examples/read_write_node" to ""
[15.481s] -- Installing: /home/y/SA_CAO_test_ws/install/dynamixel_sdk_examples/share/ament_index/resource_index/package_run_dependencies/dynamixel_sdk_examples
[15.482s] -- Installing: /home/y/SA_CAO_test_ws/install/dynamixel_sdk_examples/share/ament_index/resource_index/parent_prefix_path/dynamixel_sdk_examples
[15.483s] -- Installing: /home/y/SA_CAO_test_ws/install/dynamixel_sdk_examples/share/dynamixel_sdk_examples/environment/ament_prefix_path.sh
[15.484s] -- Installing: /home/y/SA_CAO_test_ws/install/dynamixel_sdk_examples/share/dynamixel_sdk_examples/environment/ament_prefix_path.dsv
[15.485s] -- Installing: /home/y/SA_CAO_test_ws/install/dynamixel_sdk_examples/share/dynamixel_sdk_examples/environment/path.sh
[15.486s] -- Installing: /home/y/SA_CAO_test_ws/install/dynamixel_sdk_examples/share/dynamixel_sdk_examples/environment/path.dsv
[15.487s] -- Installing: /home/y/SA_CAO_test_ws/install/dynamixel_sdk_examples/share/dynamixel_sdk_examples/local_setup.bash
[15.488s] -- Installing: /home/y/SA_CAO_test_ws/install/dynamixel_sdk_examples/share/dynamixel_sdk_examples/local_setup.sh
[15.489s] -- Installing: /home/y/SA_CAO_test_ws/install/dynamixel_sdk_examples/share/dynamixel_sdk_examples/local_setup.zsh
[15.490s] -- Installing: /home/y/SA_CAO_test_ws/install/dynamixel_sdk_examples/share/dynamixel_sdk_examples/local_setup.dsv
[15.491s] -- Installing: /home/y/SA_CAO_test_ws/install/dynamixel_sdk_examples/share/dynamixel_sdk_examples/package.dsv
[15.492s] -- Installing: /home/y/SA_CAO_test_ws/install/dynamixel_sdk_examples/share/ament_index/resource_index/packages/dynamixel_sdk_examples
[15.495s] -- Installing: /home/y/SA_CAO_test_ws/install/dynamixel_sdk_examples/share/dynamixel_sdk_examples/cmake/dynamixel_sdk_examplesConfig.cmake
[15.495s] -- Installing: /home/y/SA_CAO_test_ws/install/dynamixel_sdk_examples/share/dynamixel_sdk_examples/cmake/dynamixel_sdk_examplesConfig-version.cmake
[15.497s] -- Installing: /home/y/SA_CAO_test_ws/install/dynamixel_sdk_examples/share/dynamixel_sdk_examples/package.xml
[15.504s] Invoked command in '/home/y/SA_CAO_test_ws/build/dynamixel_sdk_examples' returned '0': CMAKE_PREFIX_PATH=/home/y/SA_CAO_test_ws/install/dynamixel_sdk_custom_interfaces:/home/y/SA_CAO_test_ws/install/dynamixel_sdk:/home/y/SA_CAO_test_ws/install/turtlebot3:/home/y/SA_CAO_test_ws/install/turtlebot3_simulations:/home/y/SA_CAO_test_ws/install/turtlebot3_bringup:/home/y/SA_CAO_test_ws/install/turtlebot3_node:/home/y/SA_CAO_test_ws/install/turtlebot3_navigation2:/home/y/SA_CAO_test_ws/install/turtlebot3_fake_node:/home/y/SA_CAO_test_ws/install/turtlebot3_msgs:/home/y/SA_CAO_test_ws/install/turtlebot3_gazebo:/home/y/SA_CAO_test_ws/install/turtlebot3_description:/home/y/SA_CAO_test_ws/install/turtlebot3_cartographer:/home/y/SA_CAO_test_ws/install/sub_diablo2023a:/home/y/SA_CAO_test_ws/install/motion_msgs:/home/y/SA_CAO_test_ws/install/hls_lfcd_lds_driver:/home/y/SA_CAO_test_ws/install/dynamixel_sdk_examples:/home/y/SA_CAO_test_ws/install/turtlebot3_teleop:/home/y/SA_CAO_test_ws/install/turtlebot3_example:/home/y/SA_CAO_test_ws/install/my_joystick:/home/y/SA_CAO_test_ws/install/launch_diablo:/opt/ros/foxy:/home/y/oradar_ros/install/oradar_lidar LD_LIBRARY_PATH=/home/y/SA_CAO_test_ws/install/dynamixel_sdk_custom_interfaces/lib:/home/y/SA_CAO_test_ws/install/dynamixel_sdk/lib:/home/y/SA_CAO_test_ws/install/turtlebot3_msgs/lib:/home/y/SA_CAO_test_ws/install/motion_msgs/lib:/usr/lib/x86_64-linux-gnu/gazebo-11/plugins:/opt/ros/foxy/opt/yaml_cpp_vendor/lib:/opt/ros/foxy/opt/rviz_ogre_vendor/lib:/opt/ros/foxy/lib/x86_64-linux-gnu:/opt/ros/foxy/lib PYTHONPATH=/home/y/SA_CAO_test_ws/install/dynamixel_sdk_custom_interfaces/lib/python3.8/site-packages:/home/y/SA_CAO_test_ws/install/turtlebot3_teleop/lib/python3.8/site-packages:/home/y/SA_CAO_test_ws/install/turtlebot3_example/lib/python3.8/site-packages:/home/y/SA_CAO_test_ws/install/turtlebot3_msgs/lib/python3.8/site-packages:/home/y/SA_CAO_test_ws/install/my_joystick/lib/python3.8/site-packages:/home/y/SA_CAO_test_ws/install/motion_msgs/lib/python3.8/site-packages:/home/y/SA_CAO_test_ws/install/launch_diablo/lib/python3.8/site-packages:/opt/ros/foxy/lib/python3.8/site-packages /usr/bin/cmake --install /home/y/SA_CAO_test_ws/build/dynamixel_sdk_examples
