[1.455s] Invoking command in '/home/y/SA_CAO_test_ws/src/my_joystick': PYTHONPATH=/home/y/SA_CAO_test_ws/build/my_joystick/prefix_override:/usr/lib/python3/dist-packages/colcon_core/task/python/colcon_distutils_commands:/home/y/SA_CAO_test_ws/install/my_joystick/lib/python3.8/site-packages:${PYTHONPATH} /usr/bin/python3 -W ignore:setup.py install is deprecated -W ignore:easy_install command is deprecated setup.py egg_info --egg-base ../../build/my_joystick build --build-base /home/y/SA_CAO_test_ws/build/my_joystick/build install --record /home/y/SA_CAO_test_ws/build/my_joystick/install.log --install-scripts $base/lib/my_joystick --single-version-externally-managed install_data
[1.967s] running egg_info
[1.969s] creating ../../build/my_joystick/my_joystick.egg-info
[1.969s] writing ../../build/my_joystick/my_joystick.egg-info/PKG-INFO
[1.973s] writing dependency_links to ../../build/my_joystick/my_joystick.egg-info/dependency_links.txt
[1.973s] writing entry points to ../../build/my_joystick/my_joystick.egg-info/entry_points.txt
[1.974s] writing requirements to ../../build/my_joystick/my_joystick.egg-info/requires.txt
[1.975s] writing top-level names to ../../build/my_joystick/my_joystick.egg-info/top_level.txt
[1.979s] writing manifest file '../../build/my_joystick/my_joystick.egg-info/SOURCES.txt'
[2.025s] reading manifest file '../../build/my_joystick/my_joystick.egg-info/SOURCES.txt'
[2.027s] writing manifest file '../../build/my_joystick/my_joystick.egg-info/SOURCES.txt'
[2.028s] running build
[2.028s] running build_py
[2.029s] creating /home/y/SA_CAO_test_ws/build/my_joystick/build
[2.030s] creating /home/y/SA_CAO_test_ws/build/my_joystick/build/lib
[2.030s] creating /home/y/SA_CAO_test_ws/build/my_joystick/build/lib/my_joystick
[2.031s] copying my_joystick/__init__.py -> /home/y/SA_CAO_test_ws/build/my_joystick/build/lib/my_joystick
[2.031s] copying my_joystick/my_joystick_node.py -> /home/y/SA_CAO_test_ws/build/my_joystick/build/lib/my_joystick
[2.032s] running install
[2.034s] running install_lib
[2.036s] creating /home/y/SA_CAO_test_ws/install/my_joystick/lib/python3.8/site-packages/my_joystick
[2.037s] copying /home/y/SA_CAO_test_ws/build/my_joystick/build/lib/my_joystick/__init__.py -> /home/y/SA_CAO_test_ws/install/my_joystick/lib/python3.8/site-packages/my_joystick
[2.037s] copying /home/y/SA_CAO_test_ws/build/my_joystick/build/lib/my_joystick/my_joystick_node.py -> /home/y/SA_CAO_test_ws/install/my_joystick/lib/python3.8/site-packages/my_joystick
[2.039s] byte-compiling /home/y/SA_CAO_test_ws/install/my_joystick/lib/python3.8/site-packages/my_joystick/__init__.py to __init__.cpython-38.pyc
[2.041s] byte-compiling /home/y/SA_CAO_test_ws/install/my_joystick/lib/python3.8/site-packages/my_joystick/my_joystick_node.py to my_joystick_node.cpython-38.pyc
[2.043s] running install_data
[2.043s] creating /home/y/SA_CAO_test_ws/install/my_joystick/share/ament_index
[2.044s] creating /home/y/SA_CAO_test_ws/install/my_joystick/share/ament_index/resource_index
[2.044s] creating /home/y/SA_CAO_test_ws/install/my_joystick/share/ament_index/resource_index/packages
[2.045s] copying resource/my_joystick -> /home/y/SA_CAO_test_ws/install/my_joystick/share/ament_index/resource_index/packages
[2.046s] copying package.xml -> /home/y/SA_CAO_test_ws/install/my_joystick/share/my_joystick
[2.047s] running install_egg_info
[2.050s] Copying ../../build/my_joystick/my_joystick.egg-info to /home/y/SA_CAO_test_ws/install/my_joystick/lib/python3.8/site-packages/my_joystick-0.0.0-py3.8.egg-info
[2.054s] running install_scripts
[2.085s] Installing my_joystick script to /home/y/SA_CAO_test_ws/install/my_joystick/lib/my_joystick
[2.086s] writing list of installed files to '/home/y/SA_CAO_test_ws/build/my_joystick/install.log'
[2.122s] Invoked command in '/home/y/SA_CAO_test_ws/src/my_joystick' returned '0': PYTHONPATH=/home/y/SA_CAO_test_ws/build/my_joystick/prefix_override:/usr/lib/python3/dist-packages/colcon_core/task/python/colcon_distutils_commands:/home/y/SA_CAO_test_ws/install/my_joystick/lib/python3.8/site-packages:${PYTHONPATH} /usr/bin/python3 -W ignore:setup.py install is deprecated -W ignore:easy_install command is deprecated setup.py egg_info --egg-base ../../build/my_joystick build --build-base /home/y/SA_CAO_test_ws/build/my_joystick/build install --record /home/y/SA_CAO_test_ws/build/my_joystick/install.log --install-scripts $base/lib/my_joystick --single-version-externally-managed install_data
