[0.208s] DEBUG:colcon:Command line arguments: ['/usr/bin/colcon', 'build', '--packages-up-to', 'sub_diablo2023a']
[0.209s] DEBUG:colcon:Parsed command line arguments: Namespace(allow_overriding=[], ament_cmake_args=None, base_paths=['.'], build_base='build', catkin_cmake_args=None, catkin_skip_building_tests=False, cmake_args=None, cmake_clean_cache=False, cmake_clean_first=False, cmake_force_configure=False, cmake_target=None, cmake_target_skip_unavailable=False, continue_on_error=False, event_handlers=None, executor='parallel', ignore_user_meta=False, install_base='install', log_base=None, log_level=None, main=<bound method BuildVerb.main of <colcon_core.verb.build.BuildVerb object at 0x7eff0dcc68b0>>, merge_install=False, metas=['./colcon.meta'], mixin=None, mixin_files=None, mixin_verb=('build',), packages_above=None, packages_above_and_dependencies=None, packages_above_depth=None, packages_end=None, packages_ignore=None, packages_ignore_regex=None, packages_select=None, packages_select_build_failed=False, packages_select_by_dep=None, packages_select_regex=None, packages_select_test_failures=False, packages_skip=None, packages_skip_build_finished=False, packages_skip_by_dep=None, packages_skip_regex=None, packages_skip_test_passed=False, packages_skip_up_to=None, packages_start=None, packages_up_to=['sub_diablo2023a'], packages_up_to_regex=None, parallel_workers=2, paths=None, symlink_install=False, test_result_base=None, verb_extension=<colcon_core.verb.build.BuildVerb object at 0x7eff0dcc68b0>, verb_name='build', verb_parser=<colcon_mixin.mixin.mixin_argument.MixinArgumentDecorator object at 0x7eff0db429d0>)
[0.368s] Level 1:colcon.colcon_core.package_discovery:discover_packages(colcon_meta) check parameters
[0.368s] Level 1:colcon.colcon_core.package_discovery:discover_packages(recursive) check parameters
[0.368s] Level 1:colcon.colcon_core.package_discovery:discover_packages(ignore) check parameters
[0.368s] Level 1:colcon.colcon_core.package_discovery:discover_packages(path) check parameters
[0.368s] Level 1:colcon.colcon_core.package_discovery:discover_packages(colcon_meta) discover
[0.369s] Level 1:colcon.colcon_core.package_discovery:discover_packages(recursive) discover
[0.369s] INFO:colcon.colcon_core.package_discovery:Crawling recursively for packages in '/home/y/SA_CAO'
[0.369s] Level 1:colcon.colcon_core.package_identification:_identify(.) by extensions ['ignore', 'ignore_ament_install']
[0.369s] Level 1:colcon.colcon_core.package_identification:_identify(.) by extension 'ignore'
[0.369s] Level 1:colcon.colcon_core.package_identification:_identify(.) by extension 'ignore_ament_install'
[0.369s] Level 1:colcon.colcon_core.package_identification:_identify(.) by extensions ['colcon_pkg']
[0.369s] Level 1:colcon.colcon_core.package_identification:_identify(.) by extension 'colcon_pkg'
[0.369s] Level 1:colcon.colcon_core.package_identification:_identify(.) by extensions ['colcon_meta']
[0.369s] Level 1:colcon.colcon_core.package_identification:_identify(.) by extension 'colcon_meta'
[0.369s] Level 1:colcon.colcon_core.package_identification:_identify(.) by extensions ['ros']
[0.369s] Level 1:colcon.colcon_core.package_identification:_identify(.) by extension 'ros'
[0.379s] Level 1:colcon.colcon_core.package_identification:_identify(.) by extensions ['cmake', 'python']
[0.379s] Level 1:colcon.colcon_core.package_identification:_identify(.) by extension 'cmake'
[0.379s] Level 1:colcon.colcon_core.package_identification:_identify(.) by extension 'python'
[0.379s] Level 1:colcon.colcon_core.package_identification:_identify(.) by extensions ['python_setup_py']
[0.379s] Level 1:colcon.colcon_core.package_identification:_identify(.) by extension 'python_setup_py'
[0.379s] Level 1:colcon.colcon_core.package_identification:_identify(build) by extensions ['ignore', 'ignore_ament_install']
[0.379s] Level 1:colcon.colcon_core.package_identification:_identify(build) by extension 'ignore'
[0.379s] Level 1:colcon.colcon_core.package_identification:_identify(build) ignored
[0.379s] Level 1:colcon.colcon_core.package_identification:_identify(install) by extensions ['ignore', 'ignore_ament_install']
[0.379s] Level 1:colcon.colcon_core.package_identification:_identify(install) by extension 'ignore'
[0.379s] Level 1:colcon.colcon_core.package_identification:_identify(install) ignored
[0.379s] Level 1:colcon.colcon_core.package_identification:_identify(log) by extensions ['ignore', 'ignore_ament_install']
[0.379s] Level 1:colcon.colcon_core.package_identification:_identify(log) by extension 'ignore'
[0.380s] Level 1:colcon.colcon_core.package_identification:_identify(log) ignored
[0.380s] Level 1:colcon.colcon_core.package_identification:_identify(src) by extensions ['ignore', 'ignore_ament_install']
[0.380s] Level 1:colcon.colcon_core.package_identification:_identify(src) by extension 'ignore'
[0.380s] Level 1:colcon.colcon_core.package_identification:_identify(src) by extension 'ignore_ament_install'
[0.380s] Level 1:colcon.colcon_core.package_identification:_identify(src) by extensions ['colcon_pkg']
[0.380s] Level 1:colcon.colcon_core.package_identification:_identify(src) by extension 'colcon_pkg'
[0.380s] Level 1:colcon.colcon_core.package_identification:_identify(src) by extensions ['colcon_meta']
[0.380s] Level 1:colcon.colcon_core.package_identification:_identify(src) by extension 'colcon_meta'
[0.380s] Level 1:colcon.colcon_core.package_identification:_identify(src) by extensions ['ros']
[0.380s] Level 1:colcon.colcon_core.package_identification:_identify(src) by extension 'ros'
[0.380s] Level 1:colcon.colcon_core.package_identification:_identify(src) by extensions ['cmake', 'python']
[0.380s] Level 1:colcon.colcon_core.package_identification:_identify(src) by extension 'cmake'
[0.380s] Level 1:colcon.colcon_core.package_identification:_identify(src) by extension 'python'
[0.380s] Level 1:colcon.colcon_core.package_identification:_identify(src) by extensions ['python_setup_py']
[0.380s] Level 1:colcon.colcon_core.package_identification:_identify(src) by extension 'python_setup_py'
[0.380s] Level 1:colcon.colcon_core.package_identification:_identify(src/launch_diablo) by extensions ['ignore', 'ignore_ament_install']
[0.380s] Level 1:colcon.colcon_core.package_identification:_identify(src/launch_diablo) by extension 'ignore'
[0.380s] Level 1:colcon.colcon_core.package_identification:_identify(src/launch_diablo) by extension 'ignore_ament_install'
[0.380s] Level 1:colcon.colcon_core.package_identification:_identify(src/launch_diablo) by extensions ['colcon_pkg']
[0.381s] Level 1:colcon.colcon_core.package_identification:_identify(src/launch_diablo) by extension 'colcon_pkg'
[0.381s] Level 1:colcon.colcon_core.package_identification:_identify(src/launch_diablo) by extensions ['colcon_meta']
[0.381s] Level 1:colcon.colcon_core.package_identification:_identify(src/launch_diablo) by extension 'colcon_meta'
[0.381s] Level 1:colcon.colcon_core.package_identification:_identify(src/launch_diablo) by extensions ['ros']
[0.381s] Level 1:colcon.colcon_core.package_identification:_identify(src/launch_diablo) by extension 'ros'
[0.383s] DEBUG:colcon.colcon_core.package_identification:Package 'src/launch_diablo' with type 'ros.ament_python' and name 'launch_diablo'
[0.383s] Level 1:colcon.colcon_core.package_identification:_identify(src/motion_msgs) by extensions ['ignore', 'ignore_ament_install']
[0.383s] Level 1:colcon.colcon_core.package_identification:_identify(src/motion_msgs) by extension 'ignore'
[0.383s] Level 1:colcon.colcon_core.package_identification:_identify(src/motion_msgs) by extension 'ignore_ament_install'
[0.383s] Level 1:colcon.colcon_core.package_identification:_identify(src/motion_msgs) by extensions ['colcon_pkg']
[0.383s] Level 1:colcon.colcon_core.package_identification:_identify(src/motion_msgs) by extension 'colcon_pkg'
[0.383s] Level 1:colcon.colcon_core.package_identification:_identify(src/motion_msgs) by extensions ['colcon_meta']
[0.383s] Level 1:colcon.colcon_core.package_identification:_identify(src/motion_msgs) by extension 'colcon_meta'
[0.383s] Level 1:colcon.colcon_core.package_identification:_identify(src/motion_msgs) by extensions ['ros']
[0.383s] Level 1:colcon.colcon_core.package_identification:_identify(src/motion_msgs) by extension 'ros'
[0.384s] DEBUG:colcon.colcon_core.package_identification:Package 'src/motion_msgs' with type 'ros.ament_cmake' and name 'motion_msgs'
[0.384s] Level 1:colcon.colcon_core.package_identification:_identify(src/my_xbox_joystick) by extensions ['ignore', 'ignore_ament_install']
[0.384s] Level 1:colcon.colcon_core.package_identification:_identify(src/my_xbox_joystick) by extension 'ignore'
[0.384s] Level 1:colcon.colcon_core.package_identification:_identify(src/my_xbox_joystick) by extension 'ignore_ament_install'
[0.384s] Level 1:colcon.colcon_core.package_identification:_identify(src/my_xbox_joystick) by extensions ['colcon_pkg']
[0.384s] Level 1:colcon.colcon_core.package_identification:_identify(src/my_xbox_joystick) by extension 'colcon_pkg'
[0.384s] Level 1:colcon.colcon_core.package_identification:_identify(src/my_xbox_joystick) by extensions ['colcon_meta']
[0.384s] Level 1:colcon.colcon_core.package_identification:_identify(src/my_xbox_joystick) by extension 'colcon_meta'
[0.384s] Level 1:colcon.colcon_core.package_identification:_identify(src/my_xbox_joystick) by extensions ['ros']
[0.384s] Level 1:colcon.colcon_core.package_identification:_identify(src/my_xbox_joystick) by extension 'ros'
[0.385s] DEBUG:colcon.colcon_core.package_identification:Package 'src/my_xbox_joystick' with type 'ros.ament_python' and name 'my_xbox_joystick'
[0.385s] Level 1:colcon.colcon_core.package_identification:_identify(src/sub_diablo2023a) by extensions ['ignore', 'ignore_ament_install']
[0.385s] Level 1:colcon.colcon_core.package_identification:_identify(src/sub_diablo2023a) by extension 'ignore'
[0.385s] Level 1:colcon.colcon_core.package_identification:_identify(src/sub_diablo2023a) by extension 'ignore_ament_install'
[0.385s] Level 1:colcon.colcon_core.package_identification:_identify(src/sub_diablo2023a) by extensions ['colcon_pkg']
[0.385s] Level 1:colcon.colcon_core.package_identification:_identify(src/sub_diablo2023a) by extension 'colcon_pkg'
[0.385s] Level 1:colcon.colcon_core.package_identification:_identify(src/sub_diablo2023a) by extensions ['colcon_meta']
[0.385s] Level 1:colcon.colcon_core.package_identification:_identify(src/sub_diablo2023a) by extension 'colcon_meta'
[0.385s] Level 1:colcon.colcon_core.package_identification:_identify(src/sub_diablo2023a) by extensions ['ros']
[0.385s] Level 1:colcon.colcon_core.package_identification:_identify(src/sub_diablo2023a) by extension 'ros'
[0.386s] DEBUG:colcon.colcon_core.package_identification:Package 'src/sub_diablo2023a' with type 'ros.ament_cmake' and name 'sub_diablo2023a'
[0.386s] Level 1:colcon.colcon_core.package_discovery:discover_packages(recursive) using defaults
[0.386s] Level 1:colcon.colcon_core.package_discovery:discover_packages(ignore) discover
[0.386s] Level 1:colcon.colcon_core.package_discovery:discover_packages(ignore) using defaults
[0.386s] Level 1:colcon.colcon_core.package_discovery:discover_packages(path) discover
[0.386s] Level 1:colcon.colcon_core.package_discovery:discover_packages(path) using defaults
[0.402s] INFO:colcon.colcon_core.package_selection:Skipping package 'my_xbox_joystick' in 'src/my_xbox_joystick'
[0.402s] INFO:colcon.colcon_core.package_selection:Skipping package 'launch_diablo' in 'src/launch_diablo'
[0.402s] Level 1:colcon.colcon_core.package_discovery:discover_packages(prefix_path) check parameters
[0.402s] Level 1:colcon.colcon_core.package_discovery:discover_packages(prefix_path) discover
[0.405s] DEBUG:colcon.colcon_installed_package_information.package_discovery:Found 3 installed packages in /home/y/SA_CAO/install
[0.405s] DEBUG:colcon.colcon_installed_package_information.package_discovery:Found 1 installed packages in /home/y/oradar_ros/install
[0.407s] DEBUG:colcon.colcon_installed_package_information.package_discovery:Found 326 installed packages in /opt/ros/foxy
[0.422s] Level 1:colcon.colcon_core.package_discovery:discover_packages(prefix_path) using defaults
[0.483s] Level 5:colcon.colcon_core.verb:set package 'motion_msgs' build argument 'cmake_args' from command line to 'None'
[0.483s] Level 5:colcon.colcon_core.verb:set package 'motion_msgs' build argument 'cmake_target' from command line to 'None'
[0.483s] Level 5:colcon.colcon_core.verb:set package 'motion_msgs' build argument 'cmake_target_skip_unavailable' from command line to 'False'
[0.483s] Level 5:colcon.colcon_core.verb:set package 'motion_msgs' build argument 'cmake_clean_cache' from command line to 'False'
[0.483s] Level 5:colcon.colcon_core.verb:set package 'motion_msgs' build argument 'cmake_clean_first' from command line to 'False'
[0.483s] Level 5:colcon.colcon_core.verb:set package 'motion_msgs' build argument 'cmake_force_configure' from command line to 'False'
[0.483s] Level 5:colcon.colcon_core.verb:set package 'motion_msgs' build argument 'ament_cmake_args' from command line to 'None'
[0.483s] Level 5:colcon.colcon_core.verb:set package 'motion_msgs' build argument 'catkin_cmake_args' from command line to 'None'
[0.483s] Level 5:colcon.colcon_core.verb:set package 'motion_msgs' build argument 'catkin_skip_building_tests' from command line to 'False'
[0.483s] DEBUG:colcon.colcon_core.verb:Building package 'motion_msgs' with the following arguments: {'ament_cmake_args': None, 'build_base': '/home/y/SA_CAO/build/motion_msgs', 'catkin_cmake_args': None, 'catkin_skip_building_tests': False, 'cmake_args': None, 'cmake_clean_cache': False, 'cmake_clean_first': False, 'cmake_force_configure': False, 'cmake_target': None, 'cmake_target_skip_unavailable': False, 'install_base': '/home/y/SA_CAO/install/motion_msgs', 'merge_install': False, 'path': '/home/y/SA_CAO/src/motion_msgs', 'symlink_install': False, 'test_result_base': None}
[0.484s] Level 5:colcon.colcon_core.verb:set package 'sub_diablo2023a' build argument 'cmake_args' from command line to 'None'
[0.484s] Level 5:colcon.colcon_core.verb:set package 'sub_diablo2023a' build argument 'cmake_target' from command line to 'None'
[0.484s] Level 5:colcon.colcon_core.verb:set package 'sub_diablo2023a' build argument 'cmake_target_skip_unavailable' from command line to 'False'
[0.484s] Level 5:colcon.colcon_core.verb:set package 'sub_diablo2023a' build argument 'cmake_clean_cache' from command line to 'False'
[0.484s] Level 5:colcon.colcon_core.verb:set package 'sub_diablo2023a' build argument 'cmake_clean_first' from command line to 'False'
[0.484s] Level 5:colcon.colcon_core.verb:set package 'sub_diablo2023a' build argument 'cmake_force_configure' from command line to 'False'
[0.484s] Level 5:colcon.colcon_core.verb:set package 'sub_diablo2023a' build argument 'ament_cmake_args' from command line to 'None'
[0.484s] Level 5:colcon.colcon_core.verb:set package 'sub_diablo2023a' build argument 'catkin_cmake_args' from command line to 'None'
[0.484s] Level 5:colcon.colcon_core.verb:set package 'sub_diablo2023a' build argument 'catkin_skip_building_tests' from command line to 'False'
[0.484s] DEBUG:colcon.colcon_core.verb:Building package 'sub_diablo2023a' with the following arguments: {'ament_cmake_args': None, 'build_base': '/home/y/SA_CAO/build/sub_diablo2023a', 'catkin_cmake_args': None, 'catkin_skip_building_tests': False, 'cmake_args': None, 'cmake_clean_cache': False, 'cmake_clean_first': False, 'cmake_force_configure': False, 'cmake_target': None, 'cmake_target_skip_unavailable': False, 'install_base': '/home/y/SA_CAO/install/sub_diablo2023a', 'merge_install': False, 'path': '/home/y/SA_CAO/src/sub_diablo2023a', 'symlink_install': False, 'test_result_base': None}
[0.484s] INFO:colcon.colcon_core.executor:Executing jobs using 'parallel' executor
[0.485s] DEBUG:colcon.colcon_parallel_executor.executor.parallel:run_until_complete
[0.485s] INFO:colcon.colcon_ros.task.ament_cmake.build:Building ROS package in '/home/y/SA_CAO/src/motion_msgs' with build type 'ament_cmake'
[0.485s] INFO:colcon.colcon_cmake.task.cmake.build:Building CMake package in '/home/y/SA_CAO/src/motion_msgs'
[0.488s] INFO:colcon.colcon_core.plugin_system:Skipping extension 'colcon_core.shell.bat': Not used on non-Windows systems
[0.488s] INFO:colcon.colcon_core.shell:Skip shell extension 'powershell' for command environment: Not usable outside of PowerShell
[0.489s] DEBUG:colcon.colcon_core.shell:Skip shell extension 'dsv' for command environment
[0.502s] DEBUG:colcon.colcon_core.event_handler.log_command:Invoking command in '/home/y/SA_CAO/build/motion_msgs': CMAKE_PREFIX_PATH=/home/y/SA_CAO/install/motion_msgs:/home/y/SA_CAO/install/my_xbox_joystick:/home/y/SA_CAO/install/launch_diablo:/opt/ros/foxy:/home/y/oradar_ros/install/oradar_lidar /usr/bin/cmake --build /home/y/SA_CAO/build/motion_msgs -- -j2 -l2
[0.813s] DEBUG:colcon.colcon_core.event_handler.log_command:Invoked command in '/home/y/SA_CAO/build/motion_msgs' returned '0': CMAKE_PREFIX_PATH=/home/y/SA_CAO/install/motion_msgs:/home/y/SA_CAO/install/my_xbox_joystick:/home/y/SA_CAO/install/launch_diablo:/opt/ros/foxy:/home/y/oradar_ros/install/oradar_lidar /usr/bin/cmake --build /home/y/SA_CAO/build/motion_msgs -- -j2 -l2
[0.825s] DEBUG:colcon.colcon_core.event_handler.log_command:Invoking command in '/home/y/SA_CAO/build/motion_msgs': CMAKE_PREFIX_PATH=/home/y/SA_CAO/install/motion_msgs:/home/y/SA_CAO/install/my_xbox_joystick:/home/y/SA_CAO/install/launch_diablo:/opt/ros/foxy:/home/y/oradar_ros/install/oradar_lidar /usr/bin/cmake --install /home/y/SA_CAO/build/motion_msgs
[0.875s] Level 1:colcon.colcon_core.environment:create_environment_scripts_only(motion_msgs)
[0.877s] DEBUG:colcon.colcon_core.event_handler.log_command:Invoked command in '/home/y/SA_CAO/build/motion_msgs' returned '0': CMAKE_PREFIX_PATH=/home/y/SA_CAO/install/motion_msgs:/home/y/SA_CAO/install/my_xbox_joystick:/home/y/SA_CAO/install/launch_diablo:/opt/ros/foxy:/home/y/oradar_ros/install/oradar_lidar /usr/bin/cmake --install /home/y/SA_CAO/build/motion_msgs
[0.879s] Level 1:colcon.colcon_core.environment:checking '/home/y/SA_CAO/install/motion_msgs' for CMake module files
[0.879s] Level 1:colcon.colcon_core.environment:checking '/home/y/SA_CAO/install/motion_msgs' for CMake config files
[0.879s] Level 1:colcon.colcon_core.shell:create_environment_hook('motion_msgs', 'cmake_prefix_path')
[0.880s] INFO:colcon.colcon_core.shell:Creating environment hook '/home/y/SA_CAO/install/motion_msgs/share/motion_msgs/hook/cmake_prefix_path.ps1'
[0.881s] INFO:colcon.colcon_core.shell:Creating environment descriptor '/home/y/SA_CAO/install/motion_msgs/share/motion_msgs/hook/cmake_prefix_path.dsv'
[0.881s] INFO:colcon.colcon_core.shell:Creating environment hook '/home/y/SA_CAO/install/motion_msgs/share/motion_msgs/hook/cmake_prefix_path.sh'
[0.883s] Level 1:colcon.colcon_core.environment:checking '/home/y/SA_CAO/install/motion_msgs/lib'
[0.883s] Level 1:colcon.colcon_core.shell:create_environment_hook('motion_msgs', 'ld_library_path_lib')
[0.883s] INFO:colcon.colcon_core.shell:Creating environment hook '/home/y/SA_CAO/install/motion_msgs/share/motion_msgs/hook/ld_library_path_lib.ps1'
[0.884s] INFO:colcon.colcon_core.shell:Creating environment descriptor '/home/y/SA_CAO/install/motion_msgs/share/motion_msgs/hook/ld_library_path_lib.dsv'
[0.884s] INFO:colcon.colcon_core.shell:Creating environment hook '/home/y/SA_CAO/install/motion_msgs/share/motion_msgs/hook/ld_library_path_lib.sh'
[0.885s] Level 1:colcon.colcon_core.environment:checking '/home/y/SA_CAO/install/motion_msgs/bin'
[0.885s] Level 1:colcon.colcon_core.environment:checking '/home/y/SA_CAO/install/motion_msgs/lib/pkgconfig/motion_msgs.pc'
[0.885s] Level 1:colcon.colcon_core.environment:checking '/home/y/SA_CAO/install/motion_msgs/lib/python3.8/site-packages'
[0.885s] Level 1:colcon.colcon_core.shell:create_environment_hook('motion_msgs', 'pythonpath')
[0.885s] INFO:colcon.colcon_core.shell:Creating environment hook '/home/y/SA_CAO/install/motion_msgs/share/motion_msgs/hook/pythonpath.ps1'
[0.886s] INFO:colcon.colcon_core.shell:Creating environment descriptor '/home/y/SA_CAO/install/motion_msgs/share/motion_msgs/hook/pythonpath.dsv'
[0.886s] INFO:colcon.colcon_core.shell:Creating environment hook '/home/y/SA_CAO/install/motion_msgs/share/motion_msgs/hook/pythonpath.sh'
[0.887s] Level 1:colcon.colcon_core.environment:checking '/home/y/SA_CAO/install/motion_msgs/bin'
[0.887s] INFO:colcon.colcon_core.shell:Creating package script '/home/y/SA_CAO/install/motion_msgs/share/motion_msgs/package.ps1'
[0.889s] INFO:colcon.colcon_core.shell:Creating package descriptor '/home/y/SA_CAO/install/motion_msgs/share/motion_msgs/package.dsv'
[0.889s] INFO:colcon.colcon_core.shell:Creating package script '/home/y/SA_CAO/install/motion_msgs/share/motion_msgs/package.sh'
[0.890s] INFO:colcon.colcon_core.shell:Creating package script '/home/y/SA_CAO/install/motion_msgs/share/motion_msgs/package.bash'
[0.891s] INFO:colcon.colcon_core.shell:Creating package script '/home/y/SA_CAO/install/motion_msgs/share/motion_msgs/package.zsh'
[0.893s] Level 1:colcon.colcon_core.environment:create_file_with_runtime_dependencies(/home/y/SA_CAO/install/motion_msgs/share/colcon-core/packages/motion_msgs)
[0.894s] Level 1:colcon.colcon_core.environment:create_environment_scripts_only(motion_msgs)
[0.895s] Level 1:colcon.colcon_core.environment:checking '/home/y/SA_CAO/install/motion_msgs' for CMake module files
[0.895s] Level 1:colcon.colcon_core.environment:checking '/home/y/SA_CAO/install/motion_msgs' for CMake config files
[0.895s] Level 1:colcon.colcon_core.shell:create_environment_hook('motion_msgs', 'cmake_prefix_path')
[0.896s] INFO:colcon.colcon_core.shell:Creating environment hook '/home/y/SA_CAO/install/motion_msgs/share/motion_msgs/hook/cmake_prefix_path.ps1'
[0.896s] INFO:colcon.colcon_core.shell:Creating environment descriptor '/home/y/SA_CAO/install/motion_msgs/share/motion_msgs/hook/cmake_prefix_path.dsv'
[0.897s] INFO:colcon.colcon_core.shell:Creating environment hook '/home/y/SA_CAO/install/motion_msgs/share/motion_msgs/hook/cmake_prefix_path.sh'
[0.897s] Level 1:colcon.colcon_core.environment:checking '/home/y/SA_CAO/install/motion_msgs/lib'
[0.897s] Level 1:colcon.colcon_core.shell:create_environment_hook('motion_msgs', 'ld_library_path_lib')
[0.898s] INFO:colcon.colcon_core.shell:Creating environment hook '/home/y/SA_CAO/install/motion_msgs/share/motion_msgs/hook/ld_library_path_lib.ps1'
[0.898s] INFO:colcon.colcon_core.shell:Creating environment descriptor '/home/y/SA_CAO/install/motion_msgs/share/motion_msgs/hook/ld_library_path_lib.dsv'
[0.898s] INFO:colcon.colcon_core.shell:Creating environment hook '/home/y/SA_CAO/install/motion_msgs/share/motion_msgs/hook/ld_library_path_lib.sh'
[0.899s] Level 1:colcon.colcon_core.environment:checking '/home/y/SA_CAO/install/motion_msgs/bin'
[0.899s] Level 1:colcon.colcon_core.environment:checking '/home/y/SA_CAO/install/motion_msgs/lib/pkgconfig/motion_msgs.pc'
[0.899s] Level 1:colcon.colcon_core.environment:checking '/home/y/SA_CAO/install/motion_msgs/lib/python3.8/site-packages'
[0.899s] Level 1:colcon.colcon_core.shell:create_environment_hook('motion_msgs', 'pythonpath')
[0.900s] INFO:colcon.colcon_core.shell:Creating environment hook '/home/y/SA_CAO/install/motion_msgs/share/motion_msgs/hook/pythonpath.ps1'
[0.900s] INFO:colcon.colcon_core.shell:Creating environment descriptor '/home/y/SA_CAO/install/motion_msgs/share/motion_msgs/hook/pythonpath.dsv'
[0.901s] INFO:colcon.colcon_core.shell:Creating environment hook '/home/y/SA_CAO/install/motion_msgs/share/motion_msgs/hook/pythonpath.sh'
[0.901s] Level 1:colcon.colcon_core.environment:checking '/home/y/SA_CAO/install/motion_msgs/bin'
[0.902s] INFO:colcon.colcon_core.shell:Creating package script '/home/y/SA_CAO/install/motion_msgs/share/motion_msgs/package.ps1'
[0.902s] INFO:colcon.colcon_core.shell:Creating package descriptor '/home/y/SA_CAO/install/motion_msgs/share/motion_msgs/package.dsv'
[0.903s] INFO:colcon.colcon_core.shell:Creating package script '/home/y/SA_CAO/install/motion_msgs/share/motion_msgs/package.sh'
[0.903s] INFO:colcon.colcon_core.shell:Creating package script '/home/y/SA_CAO/install/motion_msgs/share/motion_msgs/package.bash'
[0.904s] INFO:colcon.colcon_core.shell:Creating package script '/home/y/SA_CAO/install/motion_msgs/share/motion_msgs/package.zsh'
[0.904s] Level 1:colcon.colcon_core.environment:create_file_with_runtime_dependencies(/home/y/SA_CAO/install/motion_msgs/share/colcon-core/packages/motion_msgs)
[0.905s] INFO:colcon.colcon_ros.task.ament_cmake.build:Building ROS package in '/home/y/SA_CAO/src/sub_diablo2023a' with build type 'ament_cmake'
[0.905s] INFO:colcon.colcon_cmake.task.cmake.build:Building CMake package in '/home/y/SA_CAO/src/sub_diablo2023a'
[0.906s] INFO:colcon.colcon_core.shell:Skip shell extension 'powershell' for command environment: Not usable outside of PowerShell
[0.906s] DEBUG:colcon.colcon_core.shell:Skip shell extension 'dsv' for command environment
[0.919s] DEBUG:colcon.colcon_core.event_handler.log_command:Invoking command in '/home/y/SA_CAO/build/sub_diablo2023a': CMAKE_PREFIX_PATH=/home/y/SA_CAO/install/motion_msgs:/home/y/SA_CAO/install/my_xbox_joystick:/home/y/SA_CAO/install/launch_diablo:/opt/ros/foxy:/home/y/oradar_ros/install/oradar_lidar PYTHONPATH=/home/y/SA_CAO/install/motion_msgs/lib/python3.8/site-packages:/home/y/SA_CAO/install/my_xbox_joystick/lib/python3.8/site-packages:/home/y/SA_CAO/install/launch_diablo/lib/python3.8/site-packages:/opt/ros/foxy/lib/python3.8/site-packages /usr/bin/cmake /home/y/SA_CAO/src/sub_diablo2023a -DCMAKE_INSTALL_PREFIX=/home/y/SA_CAO/install/sub_diablo2023a
[2.572s] DEBUG:colcon.colcon_core.event_handler.log_command:Invoked command in '/home/y/SA_CAO/build/sub_diablo2023a' returned '0': CMAKE_PREFIX_PATH=/home/y/SA_CAO/install/motion_msgs:/home/y/SA_CAO/install/my_xbox_joystick:/home/y/SA_CAO/install/launch_diablo:/opt/ros/foxy:/home/y/oradar_ros/install/oradar_lidar PYTHONPATH=/home/y/SA_CAO/install/motion_msgs/lib/python3.8/site-packages:/home/y/SA_CAO/install/my_xbox_joystick/lib/python3.8/site-packages:/home/y/SA_CAO/install/launch_diablo/lib/python3.8/site-packages:/opt/ros/foxy/lib/python3.8/site-packages /usr/bin/cmake /home/y/SA_CAO/src/sub_diablo2023a -DCMAKE_INSTALL_PREFIX=/home/y/SA_CAO/install/sub_diablo2023a
[2.573s] DEBUG:colcon.colcon_core.event_handler.log_command:Invoking command in '/home/y/SA_CAO/build/sub_diablo2023a': CMAKE_PREFIX_PATH=/home/y/SA_CAO/install/motion_msgs:/home/y/SA_CAO/install/my_xbox_joystick:/home/y/SA_CAO/install/launch_diablo:/opt/ros/foxy:/home/y/oradar_ros/install/oradar_lidar PYTHONPATH=/home/y/SA_CAO/install/motion_msgs/lib/python3.8/site-packages:/home/y/SA_CAO/install/my_xbox_joystick/lib/python3.8/site-packages:/home/y/SA_CAO/install/launch_diablo/lib/python3.8/site-packages:/opt/ros/foxy/lib/python3.8/site-packages /usr/bin/cmake --build /home/y/SA_CAO/build/sub_diablo2023a -- -j2 -l2
[16.277s] DEBUG:colcon.colcon_core.event_handler.log_command:Invoked command in '/home/y/SA_CAO/build/sub_diablo2023a' returned '0': CMAKE_PREFIX_PATH=/home/y/SA_CAO/install/motion_msgs:/home/y/SA_CAO/install/my_xbox_joystick:/home/y/SA_CAO/install/launch_diablo:/opt/ros/foxy:/home/y/oradar_ros/install/oradar_lidar PYTHONPATH=/home/y/SA_CAO/install/motion_msgs/lib/python3.8/site-packages:/home/y/SA_CAO/install/my_xbox_joystick/lib/python3.8/site-packages:/home/y/SA_CAO/install/launch_diablo/lib/python3.8/site-packages:/opt/ros/foxy/lib/python3.8/site-packages /usr/bin/cmake --build /home/y/SA_CAO/build/sub_diablo2023a -- -j2 -l2
[16.277s] DEBUG:colcon.colcon_core.event_handler.log_command:Invoking command in '/home/y/SA_CAO/build/sub_diablo2023a': CMAKE_PREFIX_PATH=/home/y/SA_CAO/install/motion_msgs:/home/y/SA_CAO/install/my_xbox_joystick:/home/y/SA_CAO/install/launch_diablo:/opt/ros/foxy:/home/y/oradar_ros/install/oradar_lidar PYTHONPATH=/home/y/SA_CAO/install/motion_msgs/lib/python3.8/site-packages:/home/y/SA_CAO/install/my_xbox_joystick/lib/python3.8/site-packages:/home/y/SA_CAO/install/launch_diablo/lib/python3.8/site-packages:/opt/ros/foxy/lib/python3.8/site-packages /usr/bin/cmake --install /home/y/SA_CAO/build/sub_diablo2023a
[16.292s] Level 1:colcon.colcon_core.environment:create_environment_scripts_only(sub_diablo2023a)
[16.292s] Level 1:colcon.colcon_core.environment:checking '/home/y/SA_CAO/install/sub_diablo2023a' for CMake module files
[16.293s] DEBUG:colcon.colcon_core.event_handler.log_command:Invoked command in '/home/y/SA_CAO/build/sub_diablo2023a' returned '0': CMAKE_PREFIX_PATH=/home/y/SA_CAO/install/motion_msgs:/home/y/SA_CAO/install/my_xbox_joystick:/home/y/SA_CAO/install/launch_diablo:/opt/ros/foxy:/home/y/oradar_ros/install/oradar_lidar PYTHONPATH=/home/y/SA_CAO/install/motion_msgs/lib/python3.8/site-packages:/home/y/SA_CAO/install/my_xbox_joystick/lib/python3.8/site-packages:/home/y/SA_CAO/install/launch_diablo/lib/python3.8/site-packages:/opt/ros/foxy/lib/python3.8/site-packages /usr/bin/cmake --install /home/y/SA_CAO/build/sub_diablo2023a
[16.293s] Level 1:colcon.colcon_core.environment:checking '/home/y/SA_CAO/install/sub_diablo2023a' for CMake config files
[16.293s] Level 1:colcon.colcon_core.shell:create_environment_hook('sub_diablo2023a', 'cmake_prefix_path')
[16.294s] INFO:colcon.colcon_core.shell:Creating environment hook '/home/y/SA_CAO/install/sub_diablo2023a/share/sub_diablo2023a/hook/cmake_prefix_path.ps1'
[16.295s] INFO:colcon.colcon_core.shell:Creating environment descriptor '/home/y/SA_CAO/install/sub_diablo2023a/share/sub_diablo2023a/hook/cmake_prefix_path.dsv'
[16.295s] INFO:colcon.colcon_core.shell:Creating environment hook '/home/y/SA_CAO/install/sub_diablo2023a/share/sub_diablo2023a/hook/cmake_prefix_path.sh'
[16.296s] Level 1:colcon.colcon_core.environment:checking '/home/y/SA_CAO/install/sub_diablo2023a/lib'
[16.296s] Level 1:colcon.colcon_core.environment:checking '/home/y/SA_CAO/install/sub_diablo2023a/bin'
[16.296s] Level 1:colcon.colcon_core.environment:checking '/home/y/SA_CAO/install/sub_diablo2023a/lib/pkgconfig/sub_diablo2023a.pc'
[16.296s] Level 1:colcon.colcon_core.environment:checking '/home/y/SA_CAO/install/sub_diablo2023a/lib/python3.8/site-packages'
[16.296s] Level 1:colcon.colcon_core.environment:checking '/home/y/SA_CAO/install/sub_diablo2023a/bin'
[16.297s] INFO:colcon.colcon_core.shell:Creating package script '/home/y/SA_CAO/install/sub_diablo2023a/share/sub_diablo2023a/package.ps1'
[16.297s] INFO:colcon.colcon_core.shell:Creating package descriptor '/home/y/SA_CAO/install/sub_diablo2023a/share/sub_diablo2023a/package.dsv'
[16.297s] INFO:colcon.colcon_core.shell:Creating package script '/home/y/SA_CAO/install/sub_diablo2023a/share/sub_diablo2023a/package.sh'
[16.298s] INFO:colcon.colcon_core.shell:Creating package script '/home/y/SA_CAO/install/sub_diablo2023a/share/sub_diablo2023a/package.bash'
[16.298s] INFO:colcon.colcon_core.shell:Creating package script '/home/y/SA_CAO/install/sub_diablo2023a/share/sub_diablo2023a/package.zsh'
[16.298s] Level 1:colcon.colcon_core.environment:create_file_with_runtime_dependencies(/home/y/SA_CAO/install/sub_diablo2023a/share/colcon-core/packages/sub_diablo2023a)
[16.299s] Level 1:colcon.colcon_core.environment:create_environment_scripts_only(sub_diablo2023a)
[16.299s] Level 1:colcon.colcon_core.environment:checking '/home/y/SA_CAO/install/sub_diablo2023a' for CMake module files
[16.300s] Level 1:colcon.colcon_core.environment:checking '/home/y/SA_CAO/install/sub_diablo2023a' for CMake config files
[16.300s] Level 1:colcon.colcon_core.shell:create_environment_hook('sub_diablo2023a', 'cmake_prefix_path')
[16.300s] INFO:colcon.colcon_core.shell:Creating environment hook '/home/y/SA_CAO/install/sub_diablo2023a/share/sub_diablo2023a/hook/cmake_prefix_path.ps1'
[16.301s] INFO:colcon.colcon_core.shell:Creating environment descriptor '/home/y/SA_CAO/install/sub_diablo2023a/share/sub_diablo2023a/hook/cmake_prefix_path.dsv'
[16.301s] INFO:colcon.colcon_core.shell:Creating environment hook '/home/y/SA_CAO/install/sub_diablo2023a/share/sub_diablo2023a/hook/cmake_prefix_path.sh'
[16.301s] Level 1:colcon.colcon_core.environment:checking '/home/y/SA_CAO/install/sub_diablo2023a/lib'
[16.301s] Level 1:colcon.colcon_core.environment:checking '/home/y/SA_CAO/install/sub_diablo2023a/bin'
[16.302s] Level 1:colcon.colcon_core.environment:checking '/home/y/SA_CAO/install/sub_diablo2023a/lib/pkgconfig/sub_diablo2023a.pc'
[16.302s] Level 1:colcon.colcon_core.environment:checking '/home/y/SA_CAO/install/sub_diablo2023a/lib/python3.8/site-packages'
[16.302s] Level 1:colcon.colcon_core.environment:checking '/home/y/SA_CAO/install/sub_diablo2023a/bin'
[16.302s] INFO:colcon.colcon_core.shell:Creating package script '/home/y/SA_CAO/install/sub_diablo2023a/share/sub_diablo2023a/package.ps1'
[16.302s] INFO:colcon.colcon_core.shell:Creating package descriptor '/home/y/SA_CAO/install/sub_diablo2023a/share/sub_diablo2023a/package.dsv'
[16.303s] INFO:colcon.colcon_core.shell:Creating package script '/home/y/SA_CAO/install/sub_diablo2023a/share/sub_diablo2023a/package.sh'
[16.303s] INFO:colcon.colcon_core.shell:Creating package script '/home/y/SA_CAO/install/sub_diablo2023a/share/sub_diablo2023a/package.bash'
[16.304s] INFO:colcon.colcon_core.shell:Creating package script '/home/y/SA_CAO/install/sub_diablo2023a/share/sub_diablo2023a/package.zsh'
[16.304s] Level 1:colcon.colcon_core.environment:create_file_with_runtime_dependencies(/home/y/SA_CAO/install/sub_diablo2023a/share/colcon-core/packages/sub_diablo2023a)
[16.305s] DEBUG:colcon.colcon_parallel_executor.executor.parallel:closing loop
[16.305s] DEBUG:colcon.colcon_parallel_executor.executor.parallel:loop closed
[16.305s] DEBUG:colcon.colcon_parallel_executor.executor.parallel:run_until_complete finished with '0'
[16.306s] DEBUG:colcon.colcon_core.event_reactor:joining thread
[16.311s] INFO:colcon.colcon_core.plugin_system:Skipping extension 'colcon_notification.desktop_notification.terminal_notifier': Not used on non-Darwin systems
[16.311s] INFO:colcon.colcon_core.plugin_system:Skipping extension 'colcon_notification.desktop_notification.win32': Not used on non-Windows systems
[16.311s] INFO:colcon.colcon_notification.desktop_notification:Sending desktop notification using 'notify2'
[16.327s] DEBUG:colcon.colcon_core.event_reactor:joined thread
[16.328s] INFO:colcon.colcon_core.shell:Creating prefix script '/home/y/SA_CAO/install/local_setup.ps1'
[16.329s] INFO:colcon.colcon_core.shell:Creating prefix util module '/home/y/SA_CAO/install/_local_setup_util_ps1.py'
[16.330s] INFO:colcon.colcon_core.shell:Creating prefix chain script '/home/y/SA_CAO/install/setup.ps1'
[16.332s] INFO:colcon.colcon_core.shell:Creating prefix script '/home/y/SA_CAO/install/local_setup.sh'
[16.332s] INFO:colcon.colcon_core.shell:Creating prefix util module '/home/y/SA_CAO/install/_local_setup_util_sh.py'
[16.334s] INFO:colcon.colcon_core.shell:Creating prefix chain script '/home/y/SA_CAO/install/setup.sh'
[16.335s] INFO:colcon.colcon_core.shell:Creating prefix script '/home/y/SA_CAO/install/local_setup.bash'
[16.336s] INFO:colcon.colcon_core.shell:Creating prefix chain script '/home/y/SA_CAO/install/setup.bash'
[16.337s] INFO:colcon.colcon_core.shell:Creating prefix script '/home/y/SA_CAO/install/local_setup.zsh'
[16.337s] INFO:colcon.colcon_core.shell:Creating prefix chain script '/home/y/SA_CAO/install/setup.zsh'
