[0.388s] Invoking command in '/home/y/SA_CAO_Simu/SA_CAO/src/turtlebot3/turtlebot3/turtlebot3_example': AMENT_PREFIX_PATH=/home/y/SA_CAO_Simu/SA_CAO/install/turtlebot3_msgs:${AMENT_PREFIX_PATH} CMAKE_PREFIX_PATH=/home/y/SA_CAO_Simu/SA_CAO/install/turtlebot3_msgs LD_LIBRARY_PATH=/home/y/SA_CAO_Simu/SA_CAO/install/turtlebot3_msgs/lib:${LD_LIBRARY_PATH} PYTHONPATH=/home/y/SA_CAO_Simu/SA_CAO/build/turtlebot3_example/prefix_override:/usr/lib/python3/dist-packages/colcon_core/task/python/colcon_distutils_commands:/home/y/SA_CAO_Simu/SA_CAO/install/turtlebot3_example/lib/python3.8/site-packages:/home/y/SA_CAO_Simu/SA_CAO/install/turtlebot3_msgs/lib/python3.8/site-packages:${PYTHONPATH} /usr/bin/python3 -W ignore:setup.py install is deprecated -W ignore:easy_install command is deprecated setup.py egg_info --egg-base ../../../../build/turtlebot3_example build --build-base /home/y/SA_CAO_Simu/SA_CAO/build/turtlebot3_example/build install --record /home/y/SA_CAO_Simu/SA_CAO/build/turtlebot3_example/install.log --single-version-externally-managed install_data
[0.482s] running egg_info
[0.483s] creating ../../../../build/turtlebot3_example/turtlebot3_example.egg-info
[0.483s] writing ../../../../build/turtlebot3_example/turtlebot3_example.egg-info/PKG-INFO
[0.483s] writing dependency_links to ../../../../build/turtlebot3_example/turtlebot3_example.egg-info/dependency_links.txt
[0.483s] writing entry points to ../../../../build/turtlebot3_example/turtlebot3_example.egg-info/entry_points.txt
[0.483s] writing requirements to ../../../../build/turtlebot3_example/turtlebot3_example.egg-info/requires.txt
[0.483s] writing top-level names to ../../../../build/turtlebot3_example/turtlebot3_example.egg-info/top_level.txt
[0.483s] writing manifest file '../../../../build/turtlebot3_example/turtlebot3_example.egg-info/SOURCES.txt'
[0.498s] reading manifest file '../../../../build/turtlebot3_example/turtlebot3_example.egg-info/SOURCES.txt'
[0.507s] writing manifest file '../../../../build/turtlebot3_example/turtlebot3_example.egg-info/SOURCES.txt'
[0.507s] running build
[0.507s] running build_py
[0.507s] creating /home/y/SA_CAO_Simu/SA_CAO/build/turtlebot3_example/build
[0.507s] creating /home/y/SA_CAO_Simu/SA_CAO/build/turtlebot3_example/build/lib
[0.508s] creating /home/y/SA_CAO_Simu/SA_CAO/build/turtlebot3_example/build/lib/turtlebot3_example
[0.508s] copying turtlebot3_example/__init__.py -> /home/y/SA_CAO_Simu/SA_CAO/build/turtlebot3_example/build/lib/turtlebot3_example
[0.508s] creating /home/y/SA_CAO_Simu/SA_CAO/build/turtlebot3_example/build/lib/turtlebot3_example/turtlebot3_patrol_server
[0.508s] copying turtlebot3_example/turtlebot3_patrol_server/turtlebot3_path.py -> /home/y/SA_CAO_Simu/SA_CAO/build/turtlebot3_example/build/lib/turtlebot3_example/turtlebot3_patrol_server
[0.511s] copying turtlebot3_example/turtlebot3_patrol_server/main.py -> /home/y/SA_CAO_Simu/SA_CAO/build/turtlebot3_example/build/lib/turtlebot3_example/turtlebot3_patrol_server
[0.511s] copying turtlebot3_example/turtlebot3_patrol_server/__init__.py -> /home/y/SA_CAO_Simu/SA_CAO/build/turtlebot3_example/build/lib/turtlebot3_example/turtlebot3_patrol_server
[0.511s] copying turtlebot3_example/turtlebot3_patrol_server/turtlebot3_patrol_server.py -> /home/y/SA_CAO_Simu/SA_CAO/build/turtlebot3_example/build/lib/turtlebot3_example/turtlebot3_patrol_server
[0.512s] creating /home/y/SA_CAO_Simu/SA_CAO/build/turtlebot3_example/build/lib/turtlebot3_example/turtlebot3_obstacle_detection
[0.512s] copying turtlebot3_example/turtlebot3_obstacle_detection/turtlebot3_obstacle_detection.py -> /home/y/SA_CAO_Simu/SA_CAO/build/turtlebot3_example/build/lib/turtlebot3_example/turtlebot3_obstacle_detection
[0.512s] copying turtlebot3_example/turtlebot3_obstacle_detection/main.py -> /home/y/SA_CAO_Simu/SA_CAO/build/turtlebot3_example/build/lib/turtlebot3_example/turtlebot3_obstacle_detection
[0.512s] copying turtlebot3_example/turtlebot3_obstacle_detection/__init__.py -> /home/y/SA_CAO_Simu/SA_CAO/build/turtlebot3_example/build/lib/turtlebot3_example/turtlebot3_obstacle_detection
[0.512s] creating /home/y/SA_CAO_Simu/SA_CAO/build/turtlebot3_example/build/lib/turtlebot3_example/turtlebot3_patrol_client
[0.512s] copying turtlebot3_example/turtlebot3_patrol_client/main.py -> /home/y/SA_CAO_Simu/SA_CAO/build/turtlebot3_example/build/lib/turtlebot3_example/turtlebot3_patrol_client
[0.512s] copying turtlebot3_example/turtlebot3_patrol_client/__init__.py -> /home/y/SA_CAO_Simu/SA_CAO/build/turtlebot3_example/build/lib/turtlebot3_example/turtlebot3_patrol_client
[0.512s] copying turtlebot3_example/turtlebot3_patrol_client/turtlebot3_patrol_client.py -> /home/y/SA_CAO_Simu/SA_CAO/build/turtlebot3_example/build/lib/turtlebot3_example/turtlebot3_patrol_client
[0.512s] creating /home/y/SA_CAO_Simu/SA_CAO/build/turtlebot3_example/build/lib/turtlebot3_example/turtlebot3_position_control
[0.512s] copying turtlebot3_example/turtlebot3_position_control/turtlebot3_path.py -> /home/y/SA_CAO_Simu/SA_CAO/build/turtlebot3_example/build/lib/turtlebot3_example/turtlebot3_position_control
[0.513s] copying turtlebot3_example/turtlebot3_position_control/main.py -> /home/y/SA_CAO_Simu/SA_CAO/build/turtlebot3_example/build/lib/turtlebot3_example/turtlebot3_position_control
[0.513s] copying turtlebot3_example/turtlebot3_position_control/__init__.py -> /home/y/SA_CAO_Simu/SA_CAO/build/turtlebot3_example/build/lib/turtlebot3_example/turtlebot3_position_control
[0.513s] copying turtlebot3_example/turtlebot3_position_control/turtlebot3_position_control.py -> /home/y/SA_CAO_Simu/SA_CAO/build/turtlebot3_example/build/lib/turtlebot3_example/turtlebot3_position_control
[0.514s] running install
[0.514s] running install_lib
[0.514s] creating /home/y/SA_CAO_Simu/SA_CAO/install/turtlebot3_example/lib/python3.8/site-packages/turtlebot3_example
[0.514s] creating /home/y/SA_CAO_Simu/SA_CAO/install/turtlebot3_example/lib/python3.8/site-packages/turtlebot3_example/turtlebot3_patrol_server
[0.514s] copying /home/y/SA_CAO_Simu/SA_CAO/build/turtlebot3_example/build/lib/turtlebot3_example/turtlebot3_patrol_server/turtlebot3_path.py -> /home/y/SA_CAO_Simu/SA_CAO/install/turtlebot3_example/lib/python3.8/site-packages/turtlebot3_example/turtlebot3_patrol_server
[0.514s] copying /home/y/SA_CAO_Simu/SA_CAO/build/turtlebot3_example/build/lib/turtlebot3_example/turtlebot3_patrol_server/main.py -> /home/y/SA_CAO_Simu/SA_CAO/install/turtlebot3_example/lib/python3.8/site-packages/turtlebot3_example/turtlebot3_patrol_server
[0.514s] copying /home/y/SA_CAO_Simu/SA_CAO/build/turtlebot3_example/build/lib/turtlebot3_example/turtlebot3_patrol_server/__init__.py -> /home/y/SA_CAO_Simu/SA_CAO/install/turtlebot3_example/lib/python3.8/site-packages/turtlebot3_example/turtlebot3_patrol_server
[0.514s] copying /home/y/SA_CAO_Simu/SA_CAO/build/turtlebot3_example/build/lib/turtlebot3_example/turtlebot3_patrol_server/turtlebot3_patrol_server.py -> /home/y/SA_CAO_Simu/SA_CAO/install/turtlebot3_example/lib/python3.8/site-packages/turtlebot3_example/turtlebot3_patrol_server
[0.514s] creating /home/y/SA_CAO_Simu/SA_CAO/install/turtlebot3_example/lib/python3.8/site-packages/turtlebot3_example/turtlebot3_obstacle_detection
[0.514s] copying /home/y/SA_CAO_Simu/SA_CAO/build/turtlebot3_example/build/lib/turtlebot3_example/turtlebot3_obstacle_detection/turtlebot3_obstacle_detection.py -> /home/y/SA_CAO_Simu/SA_CAO/install/turtlebot3_example/lib/python3.8/site-packages/turtlebot3_example/turtlebot3_obstacle_detection
[0.514s] copying /home/y/SA_CAO_Simu/SA_CAO/build/turtlebot3_example/build/lib/turtlebot3_example/turtlebot3_obstacle_detection/main.py -> /home/y/SA_CAO_Simu/SA_CAO/install/turtlebot3_example/lib/python3.8/site-packages/turtlebot3_example/turtlebot3_obstacle_detection
[0.515s] copying /home/y/SA_CAO_Simu/SA_CAO/build/turtlebot3_example/build/lib/turtlebot3_example/turtlebot3_obstacle_detection/__init__.py -> /home/y/SA_CAO_Simu/SA_CAO/install/turtlebot3_example/lib/python3.8/site-packages/turtlebot3_example/turtlebot3_obstacle_detection
[0.515s] copying /home/y/SA_CAO_Simu/SA_CAO/build/turtlebot3_example/build/lib/turtlebot3_example/__init__.py -> /home/y/SA_CAO_Simu/SA_CAO/install/turtlebot3_example/lib/python3.8/site-packages/turtlebot3_example
[0.515s] creating /home/y/SA_CAO_Simu/SA_CAO/install/turtlebot3_example/lib/python3.8/site-packages/turtlebot3_example/turtlebot3_patrol_client
[0.515s] copying /home/y/SA_CAO_Simu/SA_CAO/build/turtlebot3_example/build/lib/turtlebot3_example/turtlebot3_patrol_client/main.py -> /home/y/SA_CAO_Simu/SA_CAO/install/turtlebot3_example/lib/python3.8/site-packages/turtlebot3_example/turtlebot3_patrol_client
[0.515s] copying /home/y/SA_CAO_Simu/SA_CAO/build/turtlebot3_example/build/lib/turtlebot3_example/turtlebot3_patrol_client/__init__.py -> /home/y/SA_CAO_Simu/SA_CAO/install/turtlebot3_example/lib/python3.8/site-packages/turtlebot3_example/turtlebot3_patrol_client
[0.515s] copying /home/y/SA_CAO_Simu/SA_CAO/build/turtlebot3_example/build/lib/turtlebot3_example/turtlebot3_patrol_client/turtlebot3_patrol_client.py -> /home/y/SA_CAO_Simu/SA_CAO/install/turtlebot3_example/lib/python3.8/site-packages/turtlebot3_example/turtlebot3_patrol_client
[0.515s] creating /home/y/SA_CAO_Simu/SA_CAO/install/turtlebot3_example/lib/python3.8/site-packages/turtlebot3_example/turtlebot3_position_control
[0.515s] copying /home/y/SA_CAO_Simu/SA_CAO/build/turtlebot3_example/build/lib/turtlebot3_example/turtlebot3_position_control/turtlebot3_path.py -> /home/y/SA_CAO_Simu/SA_CAO/install/turtlebot3_example/lib/python3.8/site-packages/turtlebot3_example/turtlebot3_position_control
[0.515s] copying /home/y/SA_CAO_Simu/SA_CAO/build/turtlebot3_example/build/lib/turtlebot3_example/turtlebot3_position_control/main.py -> /home/y/SA_CAO_Simu/SA_CAO/install/turtlebot3_example/lib/python3.8/site-packages/turtlebot3_example/turtlebot3_position_control
[0.515s] copying /home/y/SA_CAO_Simu/SA_CAO/build/turtlebot3_example/build/lib/turtlebot3_example/turtlebot3_position_control/__init__.py -> /home/y/SA_CAO_Simu/SA_CAO/install/turtlebot3_example/lib/python3.8/site-packages/turtlebot3_example/turtlebot3_position_control
[0.515s] copying /home/y/SA_CAO_Simu/SA_CAO/build/turtlebot3_example/build/lib/turtlebot3_example/turtlebot3_position_control/turtlebot3_position_control.py -> /home/y/SA_CAO_Simu/SA_CAO/install/turtlebot3_example/lib/python3.8/site-packages/turtlebot3_example/turtlebot3_position_control
[0.515s] byte-compiling /home/y/SA_CAO_Simu/SA_CAO/install/turtlebot3_example/lib/python3.8/site-packages/turtlebot3_example/turtlebot3_patrol_server/turtlebot3_path.py to turtlebot3_path.cpython-38.pyc
[0.516s] byte-compiling /home/y/SA_CAO_Simu/SA_CAO/install/turtlebot3_example/lib/python3.8/site-packages/turtlebot3_example/turtlebot3_patrol_server/main.py to main.cpython-38.pyc
[0.516s] byte-compiling /home/y/SA_CAO_Simu/SA_CAO/install/turtlebot3_example/lib/python3.8/site-packages/turtlebot3_example/turtlebot3_patrol_server/__init__.py to __init__.cpython-38.pyc
[0.516s] byte-compiling /home/y/SA_CAO_Simu/SA_CAO/install/turtlebot3_example/lib/python3.8/site-packages/turtlebot3_example/turtlebot3_patrol_server/turtlebot3_patrol_server.py to turtlebot3_patrol_server.cpython-38.pyc
[0.517s] byte-compiling /home/y/SA_CAO_Simu/SA_CAO/install/turtlebot3_example/lib/python3.8/site-packages/turtlebot3_example/turtlebot3_obstacle_detection/turtlebot3_obstacle_detection.py to turtlebot3_obstacle_detection.cpython-38.pyc
[0.517s] byte-compiling /home/y/SA_CAO_Simu/SA_CAO/install/turtlebot3_example/lib/python3.8/site-packages/turtlebot3_example/turtlebot3_obstacle_detection/main.py to main.cpython-38.pyc
[0.517s] byte-compiling /home/y/SA_CAO_Simu/SA_CAO/install/turtlebot3_example/lib/python3.8/site-packages/turtlebot3_example/turtlebot3_obstacle_detection/__init__.py to __init__.cpython-38.pyc
[0.517s] byte-compiling /home/y/SA_CAO_Simu/SA_CAO/install/turtlebot3_example/lib/python3.8/site-packages/turtlebot3_example/__init__.py to __init__.cpython-38.pyc
[0.517s] byte-compiling /home/y/SA_CAO_Simu/SA_CAO/install/turtlebot3_example/lib/python3.8/site-packages/turtlebot3_example/turtlebot3_patrol_client/main.py to main.cpython-38.pyc
[0.517s] byte-compiling /home/y/SA_CAO_Simu/SA_CAO/install/turtlebot3_example/lib/python3.8/site-packages/turtlebot3_example/turtlebot3_patrol_client/__init__.py to __init__.cpython-38.pyc
[0.517s] byte-compiling /home/y/SA_CAO_Simu/SA_CAO/install/turtlebot3_example/lib/python3.8/site-packages/turtlebot3_example/turtlebot3_patrol_client/turtlebot3_patrol_client.py to turtlebot3_patrol_client.cpython-38.pyc
[0.517s] byte-compiling /home/y/SA_CAO_Simu/SA_CAO/install/turtlebot3_example/lib/python3.8/site-packages/turtlebot3_example/turtlebot3_position_control/turtlebot3_path.py to turtlebot3_path.cpython-38.pyc
[0.518s] byte-compiling /home/y/SA_CAO_Simu/SA_CAO/install/turtlebot3_example/lib/python3.8/site-packages/turtlebot3_example/turtlebot3_position_control/main.py to main.cpython-38.pyc
[0.518s] byte-compiling /home/y/SA_CAO_Simu/SA_CAO/install/turtlebot3_example/lib/python3.8/site-packages/turtlebot3_example/turtlebot3_position_control/__init__.py to __init__.cpython-38.pyc
[0.518s] byte-compiling /home/y/SA_CAO_Simu/SA_CAO/install/turtlebot3_example/lib/python3.8/site-packages/turtlebot3_example/turtlebot3_position_control/turtlebot3_position_control.py to turtlebot3_position_control.cpython-38.pyc
[0.518s] running install_data
[0.518s] creating /home/y/SA_CAO_Simu/SA_CAO/install/turtlebot3_example/share/ament_index
[0.518s] creating /home/y/SA_CAO_Simu/SA_CAO/install/turtlebot3_example/share/ament_index/resource_index
[0.518s] creating /home/y/SA_CAO_Simu/SA_CAO/install/turtlebot3_example/share/ament_index/resource_index/packages
[0.518s] copying resource/turtlebot3_example -> /home/y/SA_CAO_Simu/SA_CAO/install/turtlebot3_example/share/ament_index/resource_index/packages
[0.518s] copying package.xml -> /home/y/SA_CAO_Simu/SA_CAO/install/turtlebot3_example/share/turtlebot3_example
[0.518s] running install_egg_info
[0.519s] Copying ../../../../build/turtlebot3_example/turtlebot3_example.egg-info to /home/y/SA_CAO_Simu/SA_CAO/install/turtlebot3_example/lib/python3.8/site-packages/turtlebot3_example-2.1.4-py3.8.egg-info
[0.528s] running install_scripts
[0.535s] Installing turtlebot3_obstacle_detection script to /home/y/SA_CAO_Simu/SA_CAO/install/turtlebot3_example/lib/turtlebot3_example
[0.535s] Installing turtlebot3_patrol_client script to /home/y/SA_CAO_Simu/SA_CAO/install/turtlebot3_example/lib/turtlebot3_example
[0.535s] Installing turtlebot3_patrol_server script to /home/y/SA_CAO_Simu/SA_CAO/install/turtlebot3_example/lib/turtlebot3_example
[0.535s] Installing turtlebot3_position_control script to /home/y/SA_CAO_Simu/SA_CAO/install/turtlebot3_example/lib/turtlebot3_example
[0.535s] writing list of installed files to '/home/y/SA_CAO_Simu/SA_CAO/build/turtlebot3_example/install.log'
[0.555s] Invoked command in '/home/y/SA_CAO_Simu/SA_CAO/src/turtlebot3/turtlebot3/turtlebot3_example' returned '0': AMENT_PREFIX_PATH=/home/y/SA_CAO_Simu/SA_CAO/install/turtlebot3_msgs:${AMENT_PREFIX_PATH} CMAKE_PREFIX_PATH=/home/y/SA_CAO_Simu/SA_CAO/install/turtlebot3_msgs LD_LIBRARY_PATH=/home/y/SA_CAO_Simu/SA_CAO/install/turtlebot3_msgs/lib:${LD_LIBRARY_PATH} PYTHONPATH=/home/y/SA_CAO_Simu/SA_CAO/build/turtlebot3_example/prefix_override:/usr/lib/python3/dist-packages/colcon_core/task/python/colcon_distutils_commands:/home/y/SA_CAO_Simu/SA_CAO/install/turtlebot3_example/lib/python3.8/site-packages:/home/y/SA_CAO_Simu/SA_CAO/install/turtlebot3_msgs/lib/python3.8/site-packages:${PYTHONPATH} /usr/bin/python3 -W ignore:setup.py install is deprecated -W ignore:easy_install command is deprecated setup.py egg_info --egg-base ../../../../build/turtlebot3_example build --build-base /home/y/SA_CAO_Simu/SA_CAO/build/turtlebot3_example/build install --record /home/y/SA_CAO_Simu/SA_CAO/build/turtlebot3_example/install.log --single-version-externally-managed install_data
