[0.007s] Invoking command in '/home/y/SA_CAO_Simu/SA_CAO/build/turtlebot3_bringup': AMENT_PREFIX_PATH=/home/y/SA_CAO_Simu/SA_CAO/install/turtlebot3_node:/home/y/SA_CAO_Simu/SA_CAO/install/turtlebot3_msgs:/home/y/SA_CAO_Simu/SA_CAO/install/turtlebot3_description:/home/y/SA_CAO_Simu/SA_CAO/install/hls_lfcd_lds_driver:/home/y/SA_CAO_Simu/SA_CAO/install/dynamixel_sdk:${AMENT_PREFIX_PATH} CMAKE_PREFIX_PATH=/home/y/SA_CAO_Simu/SA_CAO/install/turtlebot3_node:/home/y/SA_CAO_Simu/SA_CAO/install/turtlebot3_msgs:/home/y/SA_CAO_Simu/SA_CAO/install/turtlebot3_description:/home/y/SA_CAO_Simu/SA_CAO/install/hls_lfcd_lds_driver:/home/y/SA_CAO_Simu/SA_CAO/install/dynamixel_sdk:/opt/ros/foxy LD_LIBRARY_PATH=/home/y/SA_CAO_Simu/SA_CAO/install/turtlebot3_msgs/lib:/home/y/SA_CAO_Simu/SA_CAO/install/dynamixel_sdk/lib:${LD_LIBRARY_PATH} PYTHONPATH=/home/y/SA_CAO_Simu/SA_CAO/install/turtlebot3_msgs/lib/python3.8/site-packages:${PYTHONPATH} /usr/bin/cmake --build /home/y/SA_CAO_Simu/SA_CAO/build/turtlebot3_bringup -- -j2 -l2
[0.116s] Invoked command in '/home/y/SA_CAO_Simu/SA_CAO/build/turtlebot3_bringup' returned '0': AMENT_PREFIX_PATH=/home/y/SA_CAO_Simu/SA_CAO/install/turtlebot3_node:/home/y/SA_CAO_Simu/SA_CAO/install/turtlebot3_msgs:/home/y/SA_CAO_Simu/SA_CAO/install/turtlebot3_description:/home/y/SA_CAO_Simu/SA_CAO/install/hls_lfcd_lds_driver:/home/y/SA_CAO_Simu/SA_CAO/install/dynamixel_sdk:${AMENT_PREFIX_PATH} CMAKE_PREFIX_PATH=/home/y/SA_CAO_Simu/SA_CAO/install/turtlebot3_node:/home/y/SA_CAO_Simu/SA_CAO/install/turtlebot3_msgs:/home/y/SA_CAO_Simu/SA_CAO/install/turtlebot3_description:/home/y/SA_CAO_Simu/SA_CAO/install/hls_lfcd_lds_driver:/home/y/SA_CAO_Simu/SA_CAO/install/dynamixel_sdk:/opt/ros/foxy LD_LIBRARY_PATH=/home/y/SA_CAO_Simu/SA_CAO/install/turtlebot3_msgs/lib:/home/y/SA_CAO_Simu/SA_CAO/install/dynamixel_sdk/lib:${LD_LIBRARY_PATH} PYTHONPATH=/home/y/SA_CAO_Simu/SA_CAO/install/turtlebot3_msgs/lib/python3.8/site-packages:${PYTHONPATH} /usr/bin/cmake --build /home/y/SA_CAO_Simu/SA_CAO/build/turtlebot3_bringup -- -j2 -l2
[0.117s] Invoking command in '/home/y/SA_CAO_Simu/SA_CAO/build/turtlebot3_bringup': AMENT_PREFIX_PATH=/home/y/SA_CAO_Simu/SA_CAO/install/turtlebot3_node:/home/y/SA_CAO_Simu/SA_CAO/install/turtlebot3_msgs:/home/y/SA_CAO_Simu/SA_CAO/install/turtlebot3_description:/home/y/SA_CAO_Simu/SA_CAO/install/hls_lfcd_lds_driver:/home/y/SA_CAO_Simu/SA_CAO/install/dynamixel_sdk:${AMENT_PREFIX_PATH} CMAKE_PREFIX_PATH=/home/y/SA_CAO_Simu/SA_CAO/install/turtlebot3_node:/home/y/SA_CAO_Simu/SA_CAO/install/turtlebot3_msgs:/home/y/SA_CAO_Simu/SA_CAO/install/turtlebot3_description:/home/y/SA_CAO_Simu/SA_CAO/install/hls_lfcd_lds_driver:/home/y/SA_CAO_Simu/SA_CAO/install/dynamixel_sdk:/opt/ros/foxy LD_LIBRARY_PATH=/home/y/SA_CAO_Simu/SA_CAO/install/turtlebot3_msgs/lib:/home/y/SA_CAO_Simu/SA_CAO/install/dynamixel_sdk/lib:${LD_LIBRARY_PATH} PYTHONPATH=/home/y/SA_CAO_Simu/SA_CAO/install/turtlebot3_msgs/lib/python3.8/site-packages:${PYTHONPATH} /usr/bin/cmake --install /home/y/SA_CAO_Simu/SA_CAO/build/turtlebot3_bringup
[0.122s] -- Install configuration: ""
[0.122s] -- Up-to-date: /home/y/SA_CAO_Simu/SA_CAO/install/turtlebot3_bringup/share/turtlebot3_bringup/launch
[0.123s] -- Up-to-date: /home/y/SA_CAO_Simu/SA_CAO/install/turtlebot3_bringup/share/turtlebot3_bringup/launch/robot.launch.py
[0.123s] -- Up-to-date: /home/y/SA_CAO_Simu/SA_CAO/install/turtlebot3_bringup/share/turtlebot3_bringup/launch/turtlebot3_state_publisher.launch.py
[0.123s] -- Up-to-date: /home/y/SA_CAO_Simu/SA_CAO/install/turtlebot3_bringup/share/turtlebot3_bringup/launch/rviz2.launch.py
[0.123s] -- Up-to-date: /home/y/SA_CAO_Simu/SA_CAO/install/turtlebot3_bringup/share/turtlebot3_bringup/param
[0.123s] -- Up-to-date: /home/y/SA_CAO_Simu/SA_CAO/install/turtlebot3_bringup/share/turtlebot3_bringup/param/waffle.yaml
[0.123s] -- Up-to-date: /home/y/SA_CAO_Simu/SA_CAO/install/turtlebot3_bringup/share/turtlebot3_bringup/param/waffle_pi.yaml
[0.123s] -- Up-to-date: /home/y/SA_CAO_Simu/SA_CAO/install/turtlebot3_bringup/share/turtlebot3_bringup/param/burger.yaml
[0.123s] -- Up-to-date: /home/y/SA_CAO_Simu/SA_CAO/install/turtlebot3_bringup/share/turtlebot3_bringup/script
[0.123s] -- Up-to-date: /home/y/SA_CAO_Simu/SA_CAO/install/turtlebot3_bringup/share/turtlebot3_bringup/script/create_udev_rules
[0.123s] -- Up-to-date: /home/y/SA_CAO_Simu/SA_CAO/install/turtlebot3_bringup/share/turtlebot3_bringup/script/99-turtlebot3-cdc.rules
[0.123s] -- Up-to-date: /home/y/SA_CAO_Simu/SA_CAO/install/turtlebot3_bringup/share/ament_index/resource_index/package_run_dependencies/turtlebot3_bringup
[0.123s] -- Up-to-date: /home/y/SA_CAO_Simu/SA_CAO/install/turtlebot3_bringup/share/ament_index/resource_index/parent_prefix_path/turtlebot3_bringup
[0.123s] -- Up-to-date: /home/y/SA_CAO_Simu/SA_CAO/install/turtlebot3_bringup/share/turtlebot3_bringup/environment/ament_prefix_path.sh
[0.123s] -- Up-to-date: /home/y/SA_CAO_Simu/SA_CAO/install/turtlebot3_bringup/share/turtlebot3_bringup/environment/ament_prefix_path.dsv
[0.123s] -- Up-to-date: /home/y/SA_CAO_Simu/SA_CAO/install/turtlebot3_bringup/share/turtlebot3_bringup/environment/path.sh
[0.123s] -- Up-to-date: /home/y/SA_CAO_Simu/SA_CAO/install/turtlebot3_bringup/share/turtlebot3_bringup/environment/path.dsv
[0.123s] -- Up-to-date: /home/y/SA_CAO_Simu/SA_CAO/install/turtlebot3_bringup/share/turtlebot3_bringup/local_setup.bash
[0.123s] -- Up-to-date: /home/y/SA_CAO_Simu/SA_CAO/install/turtlebot3_bringup/share/turtlebot3_bringup/local_setup.sh
[0.123s] -- Up-to-date: /home/y/SA_CAO_Simu/SA_CAO/install/turtlebot3_bringup/share/turtlebot3_bringup/local_setup.zsh
[0.123s] -- Up-to-date: /home/y/SA_CAO_Simu/SA_CAO/install/turtlebot3_bringup/share/turtlebot3_bringup/local_setup.dsv
[0.123s] -- Installing: /home/y/SA_CAO_Simu/SA_CAO/install/turtlebot3_bringup/share/turtlebot3_bringup/package.dsv
[0.124s] -- Up-to-date: /home/y/SA_CAO_Simu/SA_CAO/install/turtlebot3_bringup/share/ament_index/resource_index/packages/turtlebot3_bringup
[0.124s] -- Up-to-date: /home/y/SA_CAO_Simu/SA_CAO/install/turtlebot3_bringup/share/turtlebot3_bringup/cmake/turtlebot3_bringupConfig.cmake
[0.124s] -- Up-to-date: /home/y/SA_CAO_Simu/SA_CAO/install/turtlebot3_bringup/share/turtlebot3_bringup/cmake/turtlebot3_bringupConfig-version.cmake
[0.124s] -- Up-to-date: /home/y/SA_CAO_Simu/SA_CAO/install/turtlebot3_bringup/share/turtlebot3_bringup/package.xml
[0.125s] Invoked command in '/home/y/SA_CAO_Simu/SA_CAO/build/turtlebot3_bringup' returned '0': AMENT_PREFIX_PATH=/home/y/SA_CAO_Simu/SA_CAO/install/turtlebot3_node:/home/y/SA_CAO_Simu/SA_CAO/install/turtlebot3_msgs:/home/y/SA_CAO_Simu/SA_CAO/install/turtlebot3_description:/home/y/SA_CAO_Simu/SA_CAO/install/hls_lfcd_lds_driver:/home/y/SA_CAO_Simu/SA_CAO/install/dynamixel_sdk:${AMENT_PREFIX_PATH} CMAKE_PREFIX_PATH=/home/y/SA_CAO_Simu/SA_CAO/install/turtlebot3_node:/home/y/SA_CAO_Simu/SA_CAO/install/turtlebot3_msgs:/home/y/SA_CAO_Simu/SA_CAO/install/turtlebot3_description:/home/y/SA_CAO_Simu/SA_CAO/install/hls_lfcd_lds_driver:/home/y/SA_CAO_Simu/SA_CAO/install/dynamixel_sdk:/opt/ros/foxy LD_LIBRARY_PATH=/home/y/SA_CAO_Simu/SA_CAO/install/turtlebot3_msgs/lib:/home/y/SA_CAO_Simu/SA_CAO/install/dynamixel_sdk/lib:${LD_LIBRARY_PATH} PYTHONPATH=/home/y/SA_CAO_Simu/SA_CAO/install/turtlebot3_msgs/lib/python3.8/site-packages:${PYTHONPATH} /usr/bin/cmake --install /home/y/SA_CAO_Simu/SA_CAO/build/turtlebot3_bringup
