running egg_info
writing ../../build/cmd_vel2motionctrl/cmd_vel2motionctrl.egg-info/PKG-INFO
writing dependency_links to ../../build/cmd_vel2motionctrl/cmd_vel2motionctrl.egg-info/dependency_links.txt
writing entry points to ../../build/cmd_vel2motionctrl/cmd_vel2motionctrl.egg-info/entry_points.txt
writing requirements to ../../build/cmd_vel2motionctrl/cmd_vel2motionctrl.egg-info/requires.txt
writing top-level names to ../../build/cmd_vel2motionctrl/cmd_vel2motionctrl.egg-info/top_level.txt
reading manifest file '../../build/cmd_vel2motionctrl/cmd_vel2motionctrl.egg-info/SOURCES.txt'
writing manifest file '../../build/cmd_vel2motionctrl/cmd_vel2motionctrl.egg-info/SOURCES.txt'
running build
running build_py
running install
running install_lib
creating /home/y/SA_CAO/install/cmd_vel2motionctrl/lib/python3.8/site-packages/cmd_vel2motionctrl
copying /home/y/SA_CAO/build/cmd_vel2motionctrl/build/lib/cmd_vel2motionctrl/__init__.py -> /home/y/SA_CAO/install/cmd_vel2motionctrl/lib/python3.8/site-packages/cmd_vel2motionctrl
copying /home/y/SA_CAO/build/cmd_vel2motionctrl/build/lib/cmd_vel2motionctrl/cmd_vel2motionctrl.py -> /home/y/SA_CAO/install/cmd_vel2motionctrl/lib/python3.8/site-packages/cmd_vel2motionctrl
byte-compiling /home/y/SA_CAO/install/cmd_vel2motionctrl/lib/python3.8/site-packages/cmd_vel2motionctrl/__init__.py to __init__.cpython-38.pyc
byte-compiling /home/y/SA_CAO/install/cmd_vel2motionctrl/lib/python3.8/site-packages/cmd_vel2motionctrl/cmd_vel2motionctrl.py to cmd_vel2motionctrl.cpython-38.pyc
running install_data
running install_egg_info
Copying ../../build/cmd_vel2motionctrl/cmd_vel2motionctrl.egg-info to /home/y/SA_CAO/install/cmd_vel2motionctrl/lib/python3.8/site-packages/cmd_vel2motionctrl-0.0.0-py3.8.egg-info
running install_scripts
Installing cmd_vel2motionctrl script to /home/y/SA_CAO/install/cmd_vel2motionctrl/lib/cmd_vel2MotionCtrl
writing list of installed files to '/home/y/SA_CAO/build/cmd_vel2motionctrl/install.log'
