[0.005s] Invoking command in '/home/y/SA_CAO_Simu/SA_CAO/build/turtlebot3_gazebo': CMAKE_PREFIX_PATH=/home/y/SA_CAO_Simu/SA_CAO/install/turtlebot3_description:/home/y/SA_CAO_Simu/SA_CAO/install/turtlebot3:/home/y/SA_CAO_Simu/SA_CAO/install/turtlebot3_simulations:/home/y/SA_CAO_Simu/SA_CAO/install/turtlebot3_bringup:/home/y/SA_CAO_Simu/SA_CAO/install/turtlebot3_node:/home/y/SA_CAO_Simu/SA_CAO/install/turtlebot3_navigation2:/home/y/SA_CAO_Simu/SA_CAO/install/turtlebot3_fake_node:/home/y/SA_CAO_Simu/SA_CAO/install/turtlebot3_msgs:/home/y/SA_CAO_Simu/SA_CAO/install/turtlebot3_gazebo:/home/y/SA_CAO_Simu/SA_CAO/install/turtlebot3_cartographer:/home/y/SA_CAO_Simu/SA_CAO/install/sub_dwav18:/home/y/SA_CAO_Simu/SA_CAO/install/sub_dwav17:/home/y/SA_CAO_Simu/SA_CAO/install/diablo_simpose_trans:/home/y/SA_CAO_Simu/SA_CAO/install/diablo_body:/home/y/SA_CAO_Simu/SA_CAO/install/diablo_utils:/home/y/SA_CAO_Simu/SA_CAO/install/diablo_rviz2_control_plugin:/home/y/SA_CAO_Simu/SA_CAO/install/motion_msgs:/home/y/SA_CAO_Simu/SA_CAO/install/hls_lfcd_lds_driver:/home/y/SA_CAO_Simu/SA_CAO/install/dynamixel_sdk_examples:/home/y/SA_CAO_Simu/SA_CAO/install/dynamixel_sdk_custom_interfaces:/home/y/SA_CAO_Simu/SA_CAO/install/dynamixel_sdk:/home/y/SA_CAO_Simu/SA_CAO/install/ception_msgs:/home/y/SA_CAO_Simu/SA_CAO/install/turtlebot3_teleop:/home/y/SA_CAO_Simu/SA_CAO/install/turtlebot3_example:/home/y/SA_CAO_Simu/SA_CAO/install/pure_pursuit:/home/y/SA_CAO_Simu/SA_CAO/install/my_balance_pkg:/home/y/SA_CAO_Simu/SA_CAO/install/launch_diablo:/home/y/SA_CAO_Simu/SA_CAO/install/diablo_simulation:/opt/ros/foxy /usr/bin/cmake --build /home/y/SA_CAO_Simu/SA_CAO/build/turtlebot3_gazebo -- -j2 -l2
[0.056s] [ 25%] Built target obstacles
[0.059s] [ 50%] Built target obstacle2
[0.085s] [ 75%] Built target turtlebot3_drive
[0.096s] [100%] Built target obstacle1
[0.105s] Invoked command in '/home/y/SA_CAO_Simu/SA_CAO/build/turtlebot3_gazebo' returned '0': CMAKE_PREFIX_PATH=/home/y/SA_CAO_Simu/SA_CAO/install/turtlebot3_description:/home/y/SA_CAO_Simu/SA_CAO/install/turtlebot3:/home/y/SA_CAO_Simu/SA_CAO/install/turtlebot3_simulations:/home/y/SA_CAO_Simu/SA_CAO/install/turtlebot3_bringup:/home/y/SA_CAO_Simu/SA_CAO/install/turtlebot3_node:/home/y/SA_CAO_Simu/SA_CAO/install/turtlebot3_navigation2:/home/y/SA_CAO_Simu/SA_CAO/install/turtlebot3_fake_node:/home/y/SA_CAO_Simu/SA_CAO/install/turtlebot3_msgs:/home/y/SA_CAO_Simu/SA_CAO/install/turtlebot3_gazebo:/home/y/SA_CAO_Simu/SA_CAO/install/turtlebot3_cartographer:/home/y/SA_CAO_Simu/SA_CAO/install/sub_dwav18:/home/y/SA_CAO_Simu/SA_CAO/install/sub_dwav17:/home/y/SA_CAO_Simu/SA_CAO/install/diablo_simpose_trans:/home/y/SA_CAO_Simu/SA_CAO/install/diablo_body:/home/y/SA_CAO_Simu/SA_CAO/install/diablo_utils:/home/y/SA_CAO_Simu/SA_CAO/install/diablo_rviz2_control_plugin:/home/y/SA_CAO_Simu/SA_CAO/install/motion_msgs:/home/y/SA_CAO_Simu/SA_CAO/install/hls_lfcd_lds_driver:/home/y/SA_CAO_Simu/SA_CAO/install/dynamixel_sdk_examples:/home/y/SA_CAO_Simu/SA_CAO/install/dynamixel_sdk_custom_interfaces:/home/y/SA_CAO_Simu/SA_CAO/install/dynamixel_sdk:/home/y/SA_CAO_Simu/SA_CAO/install/ception_msgs:/home/y/SA_CAO_Simu/SA_CAO/install/turtlebot3_teleop:/home/y/SA_CAO_Simu/SA_CAO/install/turtlebot3_example:/home/y/SA_CAO_Simu/SA_CAO/install/pure_pursuit:/home/y/SA_CAO_Simu/SA_CAO/install/my_balance_pkg:/home/y/SA_CAO_Simu/SA_CAO/install/launch_diablo:/home/y/SA_CAO_Simu/SA_CAO/install/diablo_simulation:/opt/ros/foxy /usr/bin/cmake --build /home/y/SA_CAO_Simu/SA_CAO/build/turtlebot3_gazebo -- -j2 -l2
[0.105s] Invoking command in '/home/y/SA_CAO_Simu/SA_CAO/build/turtlebot3_gazebo': CMAKE_PREFIX_PATH=/home/y/SA_CAO_Simu/SA_CAO/install/turtlebot3_description:/home/y/SA_CAO_Simu/SA_CAO/install/turtlebot3:/home/y/SA_CAO_Simu/SA_CAO/install/turtlebot3_simulations:/home/y/SA_CAO_Simu/SA_CAO/install/turtlebot3_bringup:/home/y/SA_CAO_Simu/SA_CAO/install/turtlebot3_node:/home/y/SA_CAO_Simu/SA_CAO/install/turtlebot3_navigation2:/home/y/SA_CAO_Simu/SA_CAO/install/turtlebot3_fake_node:/home/y/SA_CAO_Simu/SA_CAO/install/turtlebot3_msgs:/home/y/SA_CAO_Simu/SA_CAO/install/turtlebot3_gazebo:/home/y/SA_CAO_Simu/SA_CAO/install/turtlebot3_cartographer:/home/y/SA_CAO_Simu/SA_CAO/install/sub_dwav18:/home/y/SA_CAO_Simu/SA_CAO/install/sub_dwav17:/home/y/SA_CAO_Simu/SA_CAO/install/diablo_simpose_trans:/home/y/SA_CAO_Simu/SA_CAO/install/diablo_body:/home/y/SA_CAO_Simu/SA_CAO/install/diablo_utils:/home/y/SA_CAO_Simu/SA_CAO/install/diablo_rviz2_control_plugin:/home/y/SA_CAO_Simu/SA_CAO/install/motion_msgs:/home/y/SA_CAO_Simu/SA_CAO/install/hls_lfcd_lds_driver:/home/y/SA_CAO_Simu/SA_CAO/install/dynamixel_sdk_examples:/home/y/SA_CAO_Simu/SA_CAO/install/dynamixel_sdk_custom_interfaces:/home/y/SA_CAO_Simu/SA_CAO/install/dynamixel_sdk:/home/y/SA_CAO_Simu/SA_CAO/install/ception_msgs:/home/y/SA_CAO_Simu/SA_CAO/install/turtlebot3_teleop:/home/y/SA_CAO_Simu/SA_CAO/install/turtlebot3_example:/home/y/SA_CAO_Simu/SA_CAO/install/pure_pursuit:/home/y/SA_CAO_Simu/SA_CAO/install/my_balance_pkg:/home/y/SA_CAO_Simu/SA_CAO/install/launch_diablo:/home/y/SA_CAO_Simu/SA_CAO/install/diablo_simulation:/opt/ros/foxy /usr/bin/cmake --install /home/y/SA_CAO_Simu/SA_CAO/build/turtlebot3_gazebo
[0.108s] -- Install configuration: ""
[0.110s] -- Up-to-date: /home/y/SA_CAO_Simu/SA_CAO/install/turtlebot3_gazebo/lib/turtlebot3_gazebo/turtlebot3_drive
[0.110s] -- Up-to-date: /home/y/SA_CAO_Simu/SA_CAO/install/turtlebot3_gazebo/share/turtlebot3_gazebo//launch
[0.110s] -- Up-to-date: /home/y/SA_CAO_Simu/SA_CAO/install/turtlebot3_gazebo/share/turtlebot3_gazebo//launch/turtlebot3_dqn_stage1.launch.py
[0.110s] -- Up-to-date: /home/y/SA_CAO_Simu/SA_CAO/install/turtlebot3_gazebo/share/turtlebot3_gazebo//launch/empty_world.launch.py
[0.110s] -- Up-to-date: /home/y/SA_CAO_Simu/SA_CAO/install/turtlebot3_gazebo/share/turtlebot3_gazebo//launch/turtlebot3_dqn_stage3.launch.py
[0.110s] -- Up-to-date: /home/y/SA_CAO_Simu/SA_CAO/install/turtlebot3_gazebo/share/turtlebot3_gazebo//launch/turtlebot3_house.launch.py
[0.110s] -- Up-to-date: /home/y/SA_CAO_Simu/SA_CAO/install/turtlebot3_gazebo/share/turtlebot3_gazebo//launch/turtlebot3_world.launch.py
[0.110s] -- Up-to-date: /home/y/SA_CAO_Simu/SA_CAO/install/turtlebot3_gazebo/share/turtlebot3_gazebo//launch/turtlebot3_dqn_stage4.launch.py
[0.110s] -- Up-to-date: /home/y/SA_CAO_Simu/SA_CAO/install/turtlebot3_gazebo/share/turtlebot3_gazebo//launch/turtlebot3_autorace.launch.py
[0.111s] -- Up-to-date: /home/y/SA_CAO_Simu/SA_CAO/install/turtlebot3_gazebo/share/turtlebot3_gazebo//launch/robot_state_publisher.launch.py
[0.111s] -- Up-to-date: /home/y/SA_CAO_Simu/SA_CAO/install/turtlebot3_gazebo/share/turtlebot3_gazebo//launch/turtlebot3_dqn_stage2.launch.py
[0.111s] -- Up-to-date: /home/y/SA_CAO_Simu/SA_CAO/install/turtlebot3_gazebo/share/turtlebot3_gazebo//models
[0.111s] -- Up-to-date: /home/y/SA_CAO_Simu/SA_CAO/install/turtlebot3_gazebo/share/turtlebot3_gazebo//models/turtlebot3_burger
[0.111s] -- Up-to-date: /home/y/SA_CAO_Simu/SA_CAO/install/turtlebot3_gazebo/share/turtlebot3_gazebo//models/turtlebot3_burger/model.config
[0.111s] -- Up-to-date: /home/y/SA_CAO_Simu/SA_CAO/install/turtlebot3_gazebo/share/turtlebot3_gazebo//models/turtlebot3_burger/model-1_4.sdf
[0.111s] -- Up-to-date: /home/y/SA_CAO_Simu/SA_CAO/install/turtlebot3_gazebo/share/turtlebot3_gazebo//models/turtlebot3_burger/meshes
[0.111s] -- Up-to-date: /home/y/SA_CAO_Simu/SA_CAO/install/turtlebot3_gazebo/share/turtlebot3_gazebo//models/turtlebot3_burger/meshes/leg2_right_link_1.stl
[0.111s] -- Up-to-date: /home/y/SA_CAO_Simu/SA_CAO/install/turtlebot3_gazebo/share/turtlebot3_gazebo//models/turtlebot3_burger/meshes/leg_left_link_1.stl
[0.111s] -- Up-to-date: /home/y/SA_CAO_Simu/SA_CAO/install/turtlebot3_gazebo/share/turtlebot3_gazebo//models/turtlebot3_burger/meshes/tire.dae
[0.111s] -- Up-to-date: /home/y/SA_CAO_Simu/SA_CAO/install/turtlebot3_gazebo/share/turtlebot3_gazebo//models/turtlebot3_burger/meshes/burger_base.dae
[0.111s] -- Up-to-date: /home/y/SA_CAO_Simu/SA_CAO/install/turtlebot3_gazebo/share/turtlebot3_gazebo//models/turtlebot3_burger/meshes/wheel_left_link_1.stl
[0.111s] -- Up-to-date: /home/y/SA_CAO_Simu/SA_CAO/install/turtlebot3_gazebo/share/turtlebot3_gazebo//models/turtlebot3_burger/meshes/leg2_left_link_1.stl
[0.111s] -- Up-to-date: /home/y/SA_CAO_Simu/SA_CAO/install/turtlebot3_gazebo/share/turtlebot3_gazebo//models/turtlebot3_burger/meshes/leg_right_link_1.stl
[0.111s] -- Up-to-date: /home/y/SA_CAO_Simu/SA_CAO/install/turtlebot3_gazebo/share/turtlebot3_gazebo//models/turtlebot3_burger/meshes/base_link.stl
[0.111s] -- Up-to-date: /home/y/SA_CAO_Simu/SA_CAO/install/turtlebot3_gazebo/share/turtlebot3_gazebo//models/turtlebot3_burger/meshes/motor_left_link_1.stl
[0.111s] -- Up-to-date: /home/y/SA_CAO_Simu/SA_CAO/install/turtlebot3_gazebo/share/turtlebot3_gazebo//models/turtlebot3_burger/meshes/lds.dae
[0.111s] -- Up-to-date: /home/y/SA_CAO_Simu/SA_CAO/install/turtlebot3_gazebo/share/turtlebot3_gazebo//models/turtlebot3_burger/meshes/motor_right_link_1.stl
[0.111s] -- Up-to-date: /home/y/SA_CAO_Simu/SA_CAO/install/turtlebot3_gazebo/share/turtlebot3_gazebo//models/turtlebot3_burger/meshes/wheel_right_link_1.stl
[0.111s] -- Up-to-date: /home/y/SA_CAO_Simu/SA_CAO/install/turtlebot3_gazebo/share/turtlebot3_gazebo//models/turtlebot3_burger/model.sdf
[0.111s] -- Up-to-date: /home/y/SA_CAO_Simu/SA_CAO/install/turtlebot3_gazebo/share/turtlebot3_gazebo//models/turtlebot3_burger_Ultrasonic
[0.111s] -- Up-to-date: /home/y/SA_CAO_Simu/SA_CAO/install/turtlebot3_gazebo/share/turtlebot3_gazebo//models/turtlebot3_burger_Ultrasonic/model.config
[0.111s] -- Up-to-date: /home/y/SA_CAO_Simu/SA_CAO/install/turtlebot3_gazebo/share/turtlebot3_gazebo//models/turtlebot3_burger_Ultrasonic/model-1_4.sdf
[0.111s] -- Up-to-date: /home/y/SA_CAO_Simu/SA_CAO/install/turtlebot3_gazebo/share/turtlebot3_gazebo//models/turtlebot3_burger_Ultrasonic/meshes
[0.111s] -- Up-to-date: /home/y/SA_CAO_Simu/SA_CAO/install/turtlebot3_gazebo/share/turtlebot3_gazebo//models/turtlebot3_burger_Ultrasonic/meshes/tire.dae
[0.112s] -- Up-to-date: /home/y/SA_CAO_Simu/SA_CAO/install/turtlebot3_gazebo/share/turtlebot3_gazebo//models/turtlebot3_burger_Ultrasonic/meshes/burger_base.dae
[0.112s] -- Up-to-date: /home/y/SA_CAO_Simu/SA_CAO/install/turtlebot3_gazebo/share/turtlebot3_gazebo//models/turtlebot3_burger_Ultrasonic/meshes/lds.dae
[0.112s] -- Up-to-date: /home/y/SA_CAO_Simu/SA_CAO/install/turtlebot3_gazebo/share/turtlebot3_gazebo//models/turtlebot3_burger_Ultrasonic/model.sdf
[0.112s] -- Up-to-date: /home/y/SA_CAO_Simu/SA_CAO/install/turtlebot3_gazebo/share/turtlebot3_gazebo//models/turtlebot3_dqn_world
[0.112s] -- Up-to-date: /home/y/SA_CAO_Simu/SA_CAO/install/turtlebot3_gazebo/share/turtlebot3_gazebo//models/turtlebot3_dqn_world/obstacles
[0.112s] -- Up-to-date: /home/y/SA_CAO_Simu/SA_CAO/install/turtlebot3_gazebo/share/turtlebot3_gazebo//models/turtlebot3_dqn_world/obstacles/model.config
[0.112s] -- Up-to-date: /home/y/SA_CAO_Simu/SA_CAO/install/turtlebot3_gazebo/share/turtlebot3_gazebo//models/turtlebot3_dqn_world/obstacles/model.sdf
[0.112s] -- Up-to-date: /home/y/SA_CAO_Simu/SA_CAO/install/turtlebot3_gazebo/share/turtlebot3_gazebo//models/turtlebot3_dqn_world/model.config
[0.112s] -- Up-to-date: /home/y/SA_CAO_Simu/SA_CAO/install/turtlebot3_gazebo/share/turtlebot3_gazebo//models/turtlebot3_dqn_world/obstacle_plugin
[0.112s] -- Up-to-date: /home/y/SA_CAO_Simu/SA_CAO/install/turtlebot3_gazebo/share/turtlebot3_gazebo//models/turtlebot3_dqn_world/obstacle_plugin/obstacle2.cc
[0.112s] -- Up-to-date: /home/y/SA_CAO_Simu/SA_CAO/install/turtlebot3_gazebo/share/turtlebot3_gazebo//models/turtlebot3_dqn_world/obstacle_plugin/CMakeLists.txt
[0.112s] -- Up-to-date: /home/y/SA_CAO_Simu/SA_CAO/install/turtlebot3_gazebo/share/turtlebot3_gazebo//models/turtlebot3_dqn_world/obstacle_plugin/obstacle1.cc
[0.112s] -- Up-to-date: /home/y/SA_CAO_Simu/SA_CAO/install/turtlebot3_gazebo/share/turtlebot3_gazebo//models/turtlebot3_dqn_world/obstacle_plugin/obstacles.cc
[0.112s] -- Up-to-date: /home/y/SA_CAO_Simu/SA_CAO/install/turtlebot3_gazebo/share/turtlebot3_gazebo//models/turtlebot3_dqn_world/inner_walls
[0.112s] -- Up-to-date: /home/y/SA_CAO_Simu/SA_CAO/install/turtlebot3_gazebo/share/turtlebot3_gazebo//models/turtlebot3_dqn_world/inner_walls/model.config
[0.112s] -- Up-to-date: /home/y/SA_CAO_Simu/SA_CAO/install/turtlebot3_gazebo/share/turtlebot3_gazebo//models/turtlebot3_dqn_world/inner_walls/model.sdf
[0.112s] -- Up-to-date: /home/y/SA_CAO_Simu/SA_CAO/install/turtlebot3_gazebo/share/turtlebot3_gazebo//models/turtlebot3_dqn_world/obstacle1
[0.112s] -- Up-to-date: /home/y/SA_CAO_Simu/SA_CAO/install/turtlebot3_gazebo/share/turtlebot3_gazebo//models/turtlebot3_dqn_world/obstacle1/model.config
[0.112s] -- Up-to-date: /home/y/SA_CAO_Simu/SA_CAO/install/turtlebot3_gazebo/share/turtlebot3_gazebo//models/turtlebot3_dqn_world/obstacle1/model.sdf
[0.112s] -- Up-to-date: /home/y/SA_CAO_Simu/SA_CAO/install/turtlebot3_gazebo/share/turtlebot3_gazebo//models/turtlebot3_dqn_world/goal_box
[0.112s] -- Up-to-date: /home/y/SA_CAO_Simu/SA_CAO/install/turtlebot3_gazebo/share/turtlebot3_gazebo//models/turtlebot3_dqn_world/goal_box/model.config
[0.112s] -- Up-to-date: /home/y/SA_CAO_Simu/SA_CAO/install/turtlebot3_gazebo/share/turtlebot3_gazebo//models/turtlebot3_dqn_world/goal_box/model.sdf
[0.112s] -- Up-to-date: /home/y/SA_CAO_Simu/SA_CAO/install/turtlebot3_gazebo/share/turtlebot3_gazebo//models/turtlebot3_dqn_world/obstacle2
[0.112s] -- Up-to-date: /home/y/SA_CAO_Simu/SA_CAO/install/turtlebot3_gazebo/share/turtlebot3_gazebo//models/turtlebot3_dqn_world/obstacle2/model.config
[0.112s] -- Up-to-date: /home/y/SA_CAO_Simu/SA_CAO/install/turtlebot3_gazebo/share/turtlebot3_gazebo//models/turtlebot3_dqn_world/obstacle2/model.sdf
[0.112s] -- Up-to-date: /home/y/SA_CAO_Simu/SA_CAO/install/turtlebot3_gazebo/share/turtlebot3_gazebo//models/turtlebot3_dqn_world/model.sdf
[0.113s] -- Up-to-date: /home/y/SA_CAO_Simu/SA_CAO/install/turtlebot3_gazebo/share/turtlebot3_gazebo//models/turtlebot3_autorace
[0.113s] -- Up-to-date: /home/y/SA_CAO_Simu/SA_CAO/install/turtlebot3_gazebo/share/turtlebot3_gazebo//models/turtlebot3_autorace/traffic_parking
[0.113s] -- Up-to-date: /home/y/SA_CAO_Simu/SA_CAO/install/turtlebot3_gazebo/share/turtlebot3_gazebo//models/turtlebot3_autorace/traffic_parking/model.config
[0.113s] -- Up-to-date: /home/y/SA_CAO_Simu/SA_CAO/install/turtlebot3_gazebo/share/turtlebot3_gazebo//models/turtlebot3_autorace/traffic_parking/materials
[0.113s] -- Up-to-date: /home/y/SA_CAO_Simu/SA_CAO/install/turtlebot3_gazebo/share/turtlebot3_gazebo//models/turtlebot3_autorace/traffic_parking/materials/scripts
[0.113s] -- Up-to-date: /home/y/SA_CAO_Simu/SA_CAO/install/turtlebot3_gazebo/share/turtlebot3_gazebo//models/turtlebot3_autorace/traffic_parking/materials/scripts/traffic_parking.material
[0.113s] -- Up-to-date: /home/y/SA_CAO_Simu/SA_CAO/install/turtlebot3_gazebo/share/turtlebot3_gazebo//models/turtlebot3_autorace/traffic_parking/materials/textures
[0.113s] -- Up-to-date: /home/y/SA_CAO_Simu/SA_CAO/install/turtlebot3_gazebo/share/turtlebot3_gazebo//models/turtlebot3_autorace/traffic_parking/materials/textures/traffic_parking.png
[0.113s] -- Up-to-date: /home/y/SA_CAO_Simu/SA_CAO/install/turtlebot3_gazebo/share/turtlebot3_gazebo//models/turtlebot3_autorace/traffic_parking/model.sdf
[0.113s] -- Up-to-date: /home/y/SA_CAO_Simu/SA_CAO/install/turtlebot3_gazebo/share/turtlebot3_gazebo//models/turtlebot3_autorace/ground
[0.113s] -- Up-to-date: /home/y/SA_CAO_Simu/SA_CAO/install/turtlebot3_gazebo/share/turtlebot3_gazebo//models/turtlebot3_autorace/ground/model.config
[0.113s] -- Up-to-date: /home/y/SA_CAO_Simu/SA_CAO/install/turtlebot3_gazebo/share/turtlebot3_gazebo//models/turtlebot3_autorace/ground/model.sdf
[0.113s] -- Up-to-date: /home/y/SA_CAO_Simu/SA_CAO/install/turtlebot3_gazebo/share/turtlebot3_gazebo//models/turtlebot3_autorace/tunnel_wall
[0.113s] -- Up-to-date: /home/y/SA_CAO_Simu/SA_CAO/install/turtlebot3_gazebo/share/turtlebot3_gazebo//models/turtlebot3_autorace/tunnel_wall/model.config
[0.113s] -- Up-to-date: /home/y/SA_CAO_Simu/SA_CAO/install/turtlebot3_gazebo/share/turtlebot3_gazebo//models/turtlebot3_autorace/tunnel_wall/model.sdf
[0.113s] -- Up-to-date: /home/y/SA_CAO_Simu/SA_CAO/install/turtlebot3_gazebo/share/turtlebot3_gazebo//models/turtlebot3_autorace/model.config
[0.113s] -- Up-to-date: /home/y/SA_CAO_Simu/SA_CAO/install/turtlebot3_gazebo/share/turtlebot3_gazebo//models/turtlebot3_autorace/course
[0.113s] -- Up-to-date: /home/y/SA_CAO_Simu/SA_CAO/install/turtlebot3_gazebo/share/turtlebot3_gazebo//models/turtlebot3_autorace/course/model.config
[0.113s] -- Up-to-date: /home/y/SA_CAO_Simu/SA_CAO/install/turtlebot3_gazebo/share/turtlebot3_gazebo//models/turtlebot3_autorace/course/materials
[0.113s] -- Up-to-date: /home/y/SA_CAO_Simu/SA_CAO/install/turtlebot3_gazebo/share/turtlebot3_gazebo//models/turtlebot3_autorace/course/materials/scripts
[0.113s] -- Up-to-date: /home/y/SA_CAO_Simu/SA_CAO/install/turtlebot3_gazebo/share/turtlebot3_gazebo//models/turtlebot3_autorace/course/materials/scripts/course.material
[0.113s] -- Up-to-date: /home/y/SA_CAO_Simu/SA_CAO/install/turtlebot3_gazebo/share/turtlebot3_gazebo//models/turtlebot3_autorace/course/materials/textures
[0.113s] -- Up-to-date: /home/y/SA_CAO_Simu/SA_CAO/install/turtlebot3_gazebo/share/turtlebot3_gazebo//models/turtlebot3_autorace/course/materials/textures/course.png
[0.113s] -- Up-to-date: /home/y/SA_CAO_Simu/SA_CAO/install/turtlebot3_gazebo/share/turtlebot3_gazebo//models/turtlebot3_autorace/course/model.sdf
[0.113s] -- Up-to-date: /home/y/SA_CAO_Simu/SA_CAO/install/turtlebot3_gazebo/share/turtlebot3_gazebo//models/turtlebot3_autorace/traffic_bar_down
[0.113s] -- Up-to-date: /home/y/SA_CAO_Simu/SA_CAO/install/turtlebot3_gazebo/share/turtlebot3_gazebo//models/turtlebot3_autorace/traffic_bar_down/model.config
[0.114s] -- Up-to-date: /home/y/SA_CAO_Simu/SA_CAO/install/turtlebot3_gazebo/share/turtlebot3_gazebo//models/turtlebot3_autorace/traffic_bar_down/materials
[0.114s] -- Up-to-date: /home/y/SA_CAO_Simu/SA_CAO/install/turtlebot3_gazebo/share/turtlebot3_gazebo//models/turtlebot3_autorace/traffic_bar_down/materials/scripts
[0.114s] -- Up-to-date: /home/y/SA_CAO_Simu/SA_CAO/install/turtlebot3_gazebo/share/turtlebot3_gazebo//models/turtlebot3_autorace/traffic_bar_down/materials/scripts/traffic_bar.material
[0.114s] -- Up-to-date: /home/y/SA_CAO_Simu/SA_CAO/install/turtlebot3_gazebo/share/turtlebot3_gazebo//models/turtlebot3_autorace/traffic_bar_down/materials/textures
[0.114s] -- Up-to-date: /home/y/SA_CAO_Simu/SA_CAO/install/turtlebot3_gazebo/share/turtlebot3_gazebo//models/turtlebot3_autorace/traffic_bar_down/materials/textures/traffic_bar.png
[0.114s] -- Up-to-date: /home/y/SA_CAO_Simu/SA_CAO/install/turtlebot3_gazebo/share/turtlebot3_gazebo//models/turtlebot3_autorace/traffic_bar_down/model.sdf
[0.114s] -- Up-to-date: /home/y/SA_CAO_Simu/SA_CAO/install/turtlebot3_gazebo/share/turtlebot3_gazebo//models/turtlebot3_autorace/traffic_bar_up
[0.114s] -- Up-to-date: /home/y/SA_CAO_Simu/SA_CAO/install/turtlebot3_gazebo/share/turtlebot3_gazebo//models/turtlebot3_autorace/traffic_bar_up/model.config
[0.114s] -- Up-to-date: /home/y/SA_CAO_Simu/SA_CAO/install/turtlebot3_gazebo/share/turtlebot3_gazebo//models/turtlebot3_autorace/traffic_bar_up/materials
[0.114s] -- Up-to-date: /home/y/SA_CAO_Simu/SA_CAO/install/turtlebot3_gazebo/share/turtlebot3_gazebo//models/turtlebot3_autorace/traffic_bar_up/materials/scripts
[0.114s] -- Up-to-date: /home/y/SA_CAO_Simu/SA_CAO/install/turtlebot3_gazebo/share/turtlebot3_gazebo//models/turtlebot3_autorace/traffic_bar_up/materials/scripts/traffic_bar.material
[0.114s] -- Up-to-date: /home/y/SA_CAO_Simu/SA_CAO/install/turtlebot3_gazebo/share/turtlebot3_gazebo//models/turtlebot3_autorace/traffic_bar_up/materials/textures
[0.114s] -- Up-to-date: /home/y/SA_CAO_Simu/SA_CAO/install/turtlebot3_gazebo/share/turtlebot3_gazebo//models/turtlebot3_autorace/traffic_bar_up/materials/textures/traffic_bar.png
[0.114s] -- Up-to-date: /home/y/SA_CAO_Simu/SA_CAO/install/turtlebot3_gazebo/share/turtlebot3_gazebo//models/turtlebot3_autorace/traffic_bar_up/model.sdf
[0.114s] -- Up-to-date: /home/y/SA_CAO_Simu/SA_CAO/install/turtlebot3_gazebo/share/turtlebot3_gazebo//models/turtlebot3_autorace/tunnel_obstacles
[0.114s] -- Up-to-date: /home/y/SA_CAO_Simu/SA_CAO/install/turtlebot3_gazebo/share/turtlebot3_gazebo//models/turtlebot3_autorace/tunnel_obstacles/model.config
[0.114s] -- Up-to-date: /home/y/SA_CAO_Simu/SA_CAO/install/turtlebot3_gazebo/share/turtlebot3_gazebo//models/turtlebot3_autorace/tunnel_obstacles/model.sdf
[0.114s] -- Up-to-date: /home/y/SA_CAO_Simu/SA_CAO/install/turtlebot3_gazebo/share/turtlebot3_gazebo//models/turtlebot3_autorace/traffic_stop
[0.114s] -- Up-to-date: /home/y/SA_CAO_Simu/SA_CAO/install/turtlebot3_gazebo/share/turtlebot3_gazebo//models/turtlebot3_autorace/traffic_stop/model.config
[0.114s] -- Up-to-date: /home/y/SA_CAO_Simu/SA_CAO/install/turtlebot3_gazebo/share/turtlebot3_gazebo//models/turtlebot3_autorace/traffic_stop/materials
[0.114s] -- Up-to-date: /home/y/SA_CAO_Simu/SA_CAO/install/turtlebot3_gazebo/share/turtlebot3_gazebo//models/turtlebot3_autorace/traffic_stop/materials/scripts
[0.115s] -- Up-to-date: /home/y/SA_CAO_Simu/SA_CAO/install/turtlebot3_gazebo/share/turtlebot3_gazebo//models/turtlebot3_autorace/traffic_stop/materials/scripts/traffic_stop.material
[0.115s] -- Up-to-date: /home/y/SA_CAO_Simu/SA_CAO/install/turtlebot3_gazebo/share/turtlebot3_gazebo//models/turtlebot3_autorace/traffic_stop/materials/textures
[0.115s] -- Up-to-date: /home/y/SA_CAO_Simu/SA_CAO/install/turtlebot3_gazebo/share/turtlebot3_gazebo//models/turtlebot3_autorace/traffic_stop/materials/textures/traffic_stop.png
[0.115s] -- Up-to-date: /home/y/SA_CAO_Simu/SA_CAO/install/turtlebot3_gazebo/share/turtlebot3_gazebo//models/turtlebot3_autorace/traffic_stop/model.sdf
[0.115s] -- Up-to-date: /home/y/SA_CAO_Simu/SA_CAO/install/turtlebot3_gazebo/share/turtlebot3_gazebo//models/turtlebot3_autorace/traffic_light_yellow
[0.115s] -- Up-to-date: /home/y/SA_CAO_Simu/SA_CAO/install/turtlebot3_gazebo/share/turtlebot3_gazebo//models/turtlebot3_autorace/traffic_light_yellow/model.config
[0.115s] -- Up-to-date: /home/y/SA_CAO_Simu/SA_CAO/install/turtlebot3_gazebo/share/turtlebot3_gazebo//models/turtlebot3_autorace/traffic_light_yellow/model.sdf
[0.115s] -- Up-to-date: /home/y/SA_CAO_Simu/SA_CAO/install/turtlebot3_gazebo/share/turtlebot3_gazebo//models/turtlebot3_autorace/traffic_light_green
[0.115s] -- Up-to-date: /home/y/SA_CAO_Simu/SA_CAO/install/turtlebot3_gazebo/share/turtlebot3_gazebo//models/turtlebot3_autorace/traffic_light_green/model.config
[0.115s] -- Up-to-date: /home/y/SA_CAO_Simu/SA_CAO/install/turtlebot3_gazebo/share/turtlebot3_gazebo//models/turtlebot3_autorace/traffic_light_green/model.sdf
[0.115s] -- Up-to-date: /home/y/SA_CAO_Simu/SA_CAO/install/turtlebot3_gazebo/share/turtlebot3_gazebo//models/turtlebot3_autorace/traffic_light_red
[0.115s] -- Up-to-date: /home/y/SA_CAO_Simu/SA_CAO/install/turtlebot3_gazebo/share/turtlebot3_gazebo//models/turtlebot3_autorace/traffic_light_red/model.config
[0.115s] -- Up-to-date: /home/y/SA_CAO_Simu/SA_CAO/install/turtlebot3_gazebo/share/turtlebot3_gazebo//models/turtlebot3_autorace/traffic_light_red/model.sdf
[0.115s] -- Up-to-date: /home/y/SA_CAO_Simu/SA_CAO/install/turtlebot3_gazebo/share/turtlebot3_gazebo//models/turtlebot3_autorace/traffic_tunnel
[0.115s] -- Up-to-date: /home/y/SA_CAO_Simu/SA_CAO/install/turtlebot3_gazebo/share/turtlebot3_gazebo//models/turtlebot3_autorace/traffic_tunnel/model.config
[0.115s] -- Up-to-date: /home/y/SA_CAO_Simu/SA_CAO/install/turtlebot3_gazebo/share/turtlebot3_gazebo//models/turtlebot3_autorace/traffic_tunnel/materials
[0.115s] -- Up-to-date: /home/y/SA_CAO_Simu/SA_CAO/install/turtlebot3_gazebo/share/turtlebot3_gazebo//models/turtlebot3_autorace/traffic_tunnel/materials/scripts
[0.115s] -- Up-to-date: /home/y/SA_CAO_Simu/SA_CAO/install/turtlebot3_gazebo/share/turtlebot3_gazebo//models/turtlebot3_autorace/traffic_tunnel/materials/scripts/tunnel.material
[0.115s] -- Up-to-date: /home/y/SA_CAO_Simu/SA_CAO/install/turtlebot3_gazebo/share/turtlebot3_gazebo//models/turtlebot3_autorace/traffic_tunnel/materials/textures
[0.115s] -- Up-to-date: /home/y/SA_CAO_Simu/SA_CAO/install/turtlebot3_gazebo/share/turtlebot3_gazebo//models/turtlebot3_autorace/traffic_tunnel/materials/textures/tunnel.png
[0.115s] -- Up-to-date: /home/y/SA_CAO_Simu/SA_CAO/install/turtlebot3_gazebo/share/turtlebot3_gazebo//models/turtlebot3_autorace/traffic_tunnel/model.sdf
[0.115s] -- Up-to-date: /home/y/SA_CAO_Simu/SA_CAO/install/turtlebot3_gazebo/share/turtlebot3_gazebo//models/turtlebot3_autorace/lights
[0.115s] -- Up-to-date: /home/y/SA_CAO_Simu/SA_CAO/install/turtlebot3_gazebo/share/turtlebot3_gazebo//models/turtlebot3_autorace/lights/model.config
[0.115s] -- Up-to-date: /home/y/SA_CAO_Simu/SA_CAO/install/turtlebot3_gazebo/share/turtlebot3_gazebo//models/turtlebot3_autorace/lights/model.sdf
[0.115s] -- Up-to-date: /home/y/SA_CAO_Simu/SA_CAO/install/turtlebot3_gazebo/share/turtlebot3_gazebo//models/turtlebot3_house
[0.116s] -- Up-to-date: /home/y/SA_CAO_Simu/SA_CAO/install/turtlebot3_gazebo/share/turtlebot3_gazebo//models/turtlebot3_house/model.config
[0.116s] -- Up-to-date: /home/y/SA_CAO_Simu/SA_CAO/install/turtlebot3_gazebo/share/turtlebot3_gazebo//models/turtlebot3_house/model.sdf
[0.116s] -- Up-to-date: /home/y/SA_CAO_Simu/SA_CAO/install/turtlebot3_gazebo/share/turtlebot3_gazebo//models/turtlebot3_diablo (copy)
[0.116s] -- Up-to-date: /home/y/SA_CAO_Simu/SA_CAO/install/turtlebot3_gazebo/share/turtlebot3_gazebo//models/turtlebot3_diablo (copy)/model.config
[0.116s] -- Up-to-date: /home/y/SA_CAO_Simu/SA_CAO/install/turtlebot3_gazebo/share/turtlebot3_gazebo//models/turtlebot3_diablo (copy)/model-1_4.sdf
[0.116s] -- Up-to-date: /home/y/SA_CAO_Simu/SA_CAO/install/turtlebot3_gazebo/share/turtlebot3_gazebo//models/turtlebot3_diablo (copy)/meshes
[0.116s] -- Up-to-date: /home/y/SA_CAO_Simu/SA_CAO/install/turtlebot3_gazebo/share/turtlebot3_gazebo//models/turtlebot3_diablo (copy)/meshes/tire.dae
[0.116s] -- Up-to-date: /home/y/SA_CAO_Simu/SA_CAO/install/turtlebot3_gazebo/share/turtlebot3_gazebo//models/turtlebot3_diablo (copy)/meshes/burger_base.dae
[0.116s] -- Up-to-date: /home/y/SA_CAO_Simu/SA_CAO/install/turtlebot3_gazebo/share/turtlebot3_gazebo//models/turtlebot3_diablo (copy)/meshes/lds.dae
[0.116s] -- Up-to-date: /home/y/SA_CAO_Simu/SA_CAO/install/turtlebot3_gazebo/share/turtlebot3_gazebo//models/turtlebot3_diablo (copy)/model.sdf
[0.116s] -- Up-to-date: /home/y/SA_CAO_Simu/SA_CAO/install/turtlebot3_gazebo/share/turtlebot3_gazebo//models/turtlebot3_diablo
[0.116s] -- Up-to-date: /home/y/SA_CAO_Simu/SA_CAO/install/turtlebot3_gazebo/share/turtlebot3_gazebo//models/turtlebot3_diablo/model.config
[0.116s] -- Up-to-date: /home/y/SA_CAO_Simu/SA_CAO/install/turtlebot3_gazebo/share/turtlebot3_gazebo//models/turtlebot3_diablo/model-1_4.sdf
[0.116s] -- Up-to-date: /home/y/SA_CAO_Simu/SA_CAO/install/turtlebot3_gazebo/share/turtlebot3_gazebo//models/turtlebot3_diablo/meshes
[0.116s] -- Up-to-date: /home/y/SA_CAO_Simu/SA_CAO/install/turtlebot3_gazebo/share/turtlebot3_gazebo//models/turtlebot3_diablo/meshes/tire.dae
[0.116s] -- Up-to-date: /home/y/SA_CAO_Simu/SA_CAO/install/turtlebot3_gazebo/share/turtlebot3_gazebo//models/turtlebot3_diablo/meshes/burger_base.dae
[0.116s] -- Up-to-date: /home/y/SA_CAO_Simu/SA_CAO/install/turtlebot3_gazebo/share/turtlebot3_gazebo//models/turtlebot3_diablo/meshes/lds.dae
[0.116s] -- Up-to-date: /home/y/SA_CAO_Simu/SA_CAO/install/turtlebot3_gazebo/share/turtlebot3_gazebo//models/turtlebot3_diablo/model.sdf
[0.116s] -- Up-to-date: /home/y/SA_CAO_Simu/SA_CAO/install/turtlebot3_gazebo/share/turtlebot3_gazebo//models/turtlebot3_waffle_pi
[0.116s] -- Up-to-date: /home/y/SA_CAO_Simu/SA_CAO/install/turtlebot3_gazebo/share/turtlebot3_gazebo//models/turtlebot3_waffle_pi/model.config
[0.116s] -- Up-to-date: /home/y/SA_CAO_Simu/SA_CAO/install/turtlebot3_gazebo/share/turtlebot3_gazebo//models/turtlebot3_waffle_pi/model-1_4_.sdf
[0.116s] -- Up-to-date: /home/y/SA_CAO_Simu/SA_CAO/install/turtlebot3_gazebo/share/turtlebot3_gazebo//models/turtlebot3_waffle_pi/meshes
[0.116s] -- Up-to-date: /home/y/SA_CAO_Simu/SA_CAO/install/turtlebot3_gazebo/share/turtlebot3_gazebo//models/turtlebot3_waffle_pi/meshes/tire.dae
[0.116s] -- Up-to-date: /home/y/SA_CAO_Simu/SA_CAO/install/turtlebot3_gazebo/share/turtlebot3_gazebo//models/turtlebot3_waffle_pi/meshes/waffle_pi_base.dae
[0.116s] -- Up-to-date: /home/y/SA_CAO_Simu/SA_CAO/install/turtlebot3_gazebo/share/turtlebot3_gazebo//models/turtlebot3_waffle_pi/meshes/lds.dae
[0.116s] -- Up-to-date: /home/y/SA_CAO_Simu/SA_CAO/install/turtlebot3_gazebo/share/turtlebot3_gazebo//models/turtlebot3_waffle_pi/model.sdf
[0.117s] -- Up-to-date: /home/y/SA_CAO_Simu/SA_CAO/install/turtlebot3_gazebo/share/turtlebot3_gazebo//models/turtlebot3_world
[0.117s] -- Up-to-date: /home/y/SA_CAO_Simu/SA_CAO/install/turtlebot3_gazebo/share/turtlebot3_gazebo//models/turtlebot3_world/model.config
[0.117s] -- Up-to-date: /home/y/SA_CAO_Simu/SA_CAO/install/turtlebot3_gazebo/share/turtlebot3_gazebo//models/turtlebot3_world/model-1_4.sdf
[0.117s] -- Up-to-date: /home/y/SA_CAO_Simu/SA_CAO/install/turtlebot3_gazebo/share/turtlebot3_gazebo//models/turtlebot3_world/meshes
[0.117s] -- Up-to-date: /home/y/SA_CAO_Simu/SA_CAO/install/turtlebot3_gazebo/share/turtlebot3_gazebo//models/turtlebot3_world/meshes/wall.dae
[0.117s] -- Up-to-date: /home/y/SA_CAO_Simu/SA_CAO/install/turtlebot3_gazebo/share/turtlebot3_gazebo//models/turtlebot3_world/meshes/hexagon.dae
[0.117s] -- Up-to-date: /home/y/SA_CAO_Simu/SA_CAO/install/turtlebot3_gazebo/share/turtlebot3_gazebo//models/turtlebot3_world/model.sdf
[0.117s] -- Up-to-date: /home/y/SA_CAO_Simu/SA_CAO/install/turtlebot3_gazebo/share/turtlebot3_gazebo//models/turtlebot3_waffle
[0.117s] -- Up-to-date: /home/y/SA_CAO_Simu/SA_CAO/install/turtlebot3_gazebo/share/turtlebot3_gazebo//models/turtlebot3_waffle/model.config
[0.117s] -- Up-to-date: /home/y/SA_CAO_Simu/SA_CAO/install/turtlebot3_gazebo/share/turtlebot3_gazebo//models/turtlebot3_waffle/model-1_4.sdf
[0.117s] -- Up-to-date: /home/y/SA_CAO_Simu/SA_CAO/install/turtlebot3_gazebo/share/turtlebot3_gazebo//models/turtlebot3_waffle/meshes
[0.117s] -- Up-to-date: /home/y/SA_CAO_Simu/SA_CAO/install/turtlebot3_gazebo/share/turtlebot3_gazebo//models/turtlebot3_waffle/meshes/r200.dae
[0.117s] -- Up-to-date: /home/y/SA_CAO_Simu/SA_CAO/install/turtlebot3_gazebo/share/turtlebot3_gazebo//models/turtlebot3_waffle/meshes/tire.dae
[0.117s] -- Up-to-date: /home/y/SA_CAO_Simu/SA_CAO/install/turtlebot3_gazebo/share/turtlebot3_gazebo//models/turtlebot3_waffle/meshes/waffle_base.dae
[0.117s] -- Up-to-date: /home/y/SA_CAO_Simu/SA_CAO/install/turtlebot3_gazebo/share/turtlebot3_gazebo//models/turtlebot3_waffle/meshes/lds.dae
[0.117s] -- Up-to-date: /home/y/SA_CAO_Simu/SA_CAO/install/turtlebot3_gazebo/share/turtlebot3_gazebo//models/turtlebot3_waffle/model.sdf
[0.117s] -- Up-to-date: /home/y/SA_CAO_Simu/SA_CAO/install/turtlebot3_gazebo/share/turtlebot3_gazebo//models/turtlebot3_burger_original
[0.117s] -- Up-to-date: /home/y/SA_CAO_Simu/SA_CAO/install/turtlebot3_gazebo/share/turtlebot3_gazebo//models/turtlebot3_burger_original/model.config
[0.117s] -- Up-to-date: /home/y/SA_CAO_Simu/SA_CAO/install/turtlebot3_gazebo/share/turtlebot3_gazebo//models/turtlebot3_burger_original/model-1_4.sdf
[0.117s] -- Up-to-date: /home/y/SA_CAO_Simu/SA_CAO/install/turtlebot3_gazebo/share/turtlebot3_gazebo//models/turtlebot3_burger_original/meshes
[0.117s] -- Up-to-date: /home/y/SA_CAO_Simu/SA_CAO/install/turtlebot3_gazebo/share/turtlebot3_gazebo//models/turtlebot3_burger_original/meshes/tire.dae
[0.117s] -- Up-to-date: /home/y/SA_CAO_Simu/SA_CAO/install/turtlebot3_gazebo/share/turtlebot3_gazebo//models/turtlebot3_burger_original/meshes/burger_base.dae
[0.117s] -- Up-to-date: /home/y/SA_CAO_Simu/SA_CAO/install/turtlebot3_gazebo/share/turtlebot3_gazebo//models/turtlebot3_burger_original/meshes/lds.dae
[0.117s] -- Up-to-date: /home/y/SA_CAO_Simu/SA_CAO/install/turtlebot3_gazebo/share/turtlebot3_gazebo//models/turtlebot3_burger_original/model.sdf
[0.117s] -- Up-to-date: /home/y/SA_CAO_Simu/SA_CAO/install/turtlebot3_gazebo/share/turtlebot3_gazebo//rviz
[0.118s] -- Up-to-date: /home/y/SA_CAO_Simu/SA_CAO/install/turtlebot3_gazebo/share/turtlebot3_gazebo//rviz/tb3_gazebo.rviz
[0.118s] -- Up-to-date: /home/y/SA_CAO_Simu/SA_CAO/install/turtlebot3_gazebo/share/turtlebot3_gazebo//worlds
[0.118s] -- Up-to-date: /home/y/SA_CAO_Simu/SA_CAO/install/turtlebot3_gazebo/share/turtlebot3_gazebo//worlds/turtlebot3_dqn_stage2
[0.118s] -- Up-to-date: /home/y/SA_CAO_Simu/SA_CAO/install/turtlebot3_gazebo/share/turtlebot3_gazebo//worlds/turtlebot3_dqn_stage2/waffle_pi.model
[0.118s] -- Up-to-date: /home/y/SA_CAO_Simu/SA_CAO/install/turtlebot3_gazebo/share/turtlebot3_gazebo//worlds/turtlebot3_dqn_stage2/waffle.model
[0.118s] -- Up-to-date: /home/y/SA_CAO_Simu/SA_CAO/install/turtlebot3_gazebo/share/turtlebot3_gazebo//worlds/turtlebot3_dqn_stage2/burger.model
[0.118s] -- Up-to-date: /home/y/SA_CAO_Simu/SA_CAO/install/turtlebot3_gazebo/share/turtlebot3_gazebo//worlds/turtlebot3_dqn_stage4
[0.118s] -- Up-to-date: /home/y/SA_CAO_Simu/SA_CAO/install/turtlebot3_gazebo/share/turtlebot3_gazebo//worlds/turtlebot3_dqn_stage4/waffle_pi.model
[0.118s] -- Up-to-date: /home/y/SA_CAO_Simu/SA_CAO/install/turtlebot3_gazebo/share/turtlebot3_gazebo//worlds/turtlebot3_dqn_stage4/waffle.model
[0.118s] -- Up-to-date: /home/y/SA_CAO_Simu/SA_CAO/install/turtlebot3_gazebo/share/turtlebot3_gazebo//worlds/turtlebot3_dqn_stage4/burger.model
[0.118s] -- Up-to-date: /home/y/SA_CAO_Simu/SA_CAO/install/turtlebot3_gazebo/share/turtlebot3_gazebo//worlds/turtlebot3_autoraces
[0.118s] -- Up-to-date: /home/y/SA_CAO_Simu/SA_CAO/install/turtlebot3_gazebo/share/turtlebot3_gazebo//worlds/turtlebot3_autoraces/waffle_pi.model
[0.118s] -- Up-to-date: /home/y/SA_CAO_Simu/SA_CAO/install/turtlebot3_gazebo/share/turtlebot3_gazebo//worlds/turtlebot3_autoraces/waffle.model
[0.118s] -- Up-to-date: /home/y/SA_CAO_Simu/SA_CAO/install/turtlebot3_gazebo/share/turtlebot3_gazebo//worlds/turtlebot3_autoraces/burger.model
[0.118s] -- Up-to-date: /home/y/SA_CAO_Simu/SA_CAO/install/turtlebot3_gazebo/share/turtlebot3_gazebo//worlds/turtlebot3_dqn_stage3
[0.118s] -- Up-to-date: /home/y/SA_CAO_Simu/SA_CAO/install/turtlebot3_gazebo/share/turtlebot3_gazebo//worlds/turtlebot3_dqn_stage3/waffle_pi.model
[0.118s] -- Up-to-date: /home/y/SA_CAO_Simu/SA_CAO/install/turtlebot3_gazebo/share/turtlebot3_gazebo//worlds/turtlebot3_dqn_stage3/waffle.model
[0.118s] -- Up-to-date: /home/y/SA_CAO_Simu/SA_CAO/install/turtlebot3_gazebo/share/turtlebot3_gazebo//worlds/turtlebot3_dqn_stage3/burger.model
[0.118s] -- Up-to-date: /home/y/SA_CAO_Simu/SA_CAO/install/turtlebot3_gazebo/share/turtlebot3_gazebo//worlds/empty_worlds
[0.118s] -- Up-to-date: /home/y/SA_CAO_Simu/SA_CAO/install/turtlebot3_gazebo/share/turtlebot3_gazebo//worlds/empty_worlds/waffle_pi.model
[0.118s] -- Up-to-date: /home/y/SA_CAO_Simu/SA_CAO/install/turtlebot3_gazebo/share/turtlebot3_gazebo//worlds/empty_worlds/waffle.model
[0.118s] -- Up-to-date: /home/y/SA_CAO_Simu/SA_CAO/install/turtlebot3_gazebo/share/turtlebot3_gazebo//worlds/empty_worlds/burger.model
[0.118s] -- Up-to-date: /home/y/SA_CAO_Simu/SA_CAO/install/turtlebot3_gazebo/share/turtlebot3_gazebo//worlds/turtlebot3_worlds
[0.118s] -- Up-to-date: /home/y/SA_CAO_Simu/SA_CAO/install/turtlebot3_gazebo/share/turtlebot3_gazebo//worlds/turtlebot3_worlds/waffle_pi.model
[0.118s] -- Up-to-date: /home/y/SA_CAO_Simu/SA_CAO/install/turtlebot3_gazebo/share/turtlebot3_gazebo//worlds/turtlebot3_worlds/waffle.model
[0.118s] -- Up-to-date: /home/y/SA_CAO_Simu/SA_CAO/install/turtlebot3_gazebo/share/turtlebot3_gazebo//worlds/turtlebot3_worlds/burger.model
[0.118s] -- Up-to-date: /home/y/SA_CAO_Simu/SA_CAO/install/turtlebot3_gazebo/share/turtlebot3_gazebo//worlds/turtlebot3_dqn_stage1
[0.119s] -- Up-to-date: /home/y/SA_CAO_Simu/SA_CAO/install/turtlebot3_gazebo/share/turtlebot3_gazebo//worlds/turtlebot3_dqn_stage1/waffle_pi.model
[0.119s] -- Up-to-date: /home/y/SA_CAO_Simu/SA_CAO/install/turtlebot3_gazebo/share/turtlebot3_gazebo//worlds/turtlebot3_dqn_stage1/waffle.model
[0.119s] -- Up-to-date: /home/y/SA_CAO_Simu/SA_CAO/install/turtlebot3_gazebo/share/turtlebot3_gazebo//worlds/turtlebot3_dqn_stage1/burger.model
[0.119s] -- Up-to-date: /home/y/SA_CAO_Simu/SA_CAO/install/turtlebot3_gazebo/share/turtlebot3_gazebo//worlds/turtlebot3_houses
[0.119s] -- Up-to-date: /home/y/SA_CAO_Simu/SA_CAO/install/turtlebot3_gazebo/share/turtlebot3_gazebo//worlds/turtlebot3_houses/waffle_pi.model
[0.119s] -- Up-to-date: /home/y/SA_CAO_Simu/SA_CAO/install/turtlebot3_gazebo/share/turtlebot3_gazebo//worlds/turtlebot3_houses/waffle.model
[0.119s] -- Up-to-date: /home/y/SA_CAO_Simu/SA_CAO/install/turtlebot3_gazebo/share/turtlebot3_gazebo//worlds/turtlebot3_houses/burger.model
[0.119s] -- Up-to-date: /home/y/SA_CAO_Simu/SA_CAO/install/turtlebot3_gazebo/include/
[0.119s] -- Up-to-date: /home/y/SA_CAO_Simu/SA_CAO/install/turtlebot3_gazebo/include//turtlebot3_gazebo
[0.119s] -- Up-to-date: /home/y/SA_CAO_Simu/SA_CAO/install/turtlebot3_gazebo/include//turtlebot3_gazebo/turtlebot3_drive.hpp
[0.119s] -- Up-to-date: /home/y/SA_CAO_Simu/SA_CAO/install/turtlebot3_gazebo/share/ament_index/resource_index/package_run_dependencies/turtlebot3_gazebo
[0.119s] -- Up-to-date: /home/y/SA_CAO_Simu/SA_CAO/install/turtlebot3_gazebo/share/ament_index/resource_index/parent_prefix_path/turtlebot3_gazebo
[0.119s] -- Up-to-date: /home/y/SA_CAO_Simu/SA_CAO/install/turtlebot3_gazebo/share/turtlebot3_gazebo/environment/ament_prefix_path.sh
[0.119s] -- Up-to-date: /home/y/SA_CAO_Simu/SA_CAO/install/turtlebot3_gazebo/share/turtlebot3_gazebo/environment/ament_prefix_path.dsv
[0.119s] -- Up-to-date: /home/y/SA_CAO_Simu/SA_CAO/install/turtlebot3_gazebo/share/turtlebot3_gazebo/environment/path.sh
[0.119s] -- Up-to-date: /home/y/SA_CAO_Simu/SA_CAO/install/turtlebot3_gazebo/share/turtlebot3_gazebo/environment/path.dsv
[0.119s] -- Up-to-date: /home/y/SA_CAO_Simu/SA_CAO/install/turtlebot3_gazebo/share/turtlebot3_gazebo/local_setup.bash
[0.119s] -- Up-to-date: /home/y/SA_CAO_Simu/SA_CAO/install/turtlebot3_gazebo/share/turtlebot3_gazebo/local_setup.sh
[0.119s] -- Up-to-date: /home/y/SA_CAO_Simu/SA_CAO/install/turtlebot3_gazebo/share/turtlebot3_gazebo/local_setup.zsh
[0.119s] -- Up-to-date: /home/y/SA_CAO_Simu/SA_CAO/install/turtlebot3_gazebo/share/turtlebot3_gazebo/local_setup.dsv
[0.119s] -- Installing: /home/y/SA_CAO_Simu/SA_CAO/install/turtlebot3_gazebo/share/turtlebot3_gazebo/package.dsv
[0.120s] -- Up-to-date: /home/y/SA_CAO_Simu/SA_CAO/install/turtlebot3_gazebo/share/ament_index/resource_index/packages/turtlebot3_gazebo
[0.120s] -- Up-to-date: /home/y/SA_CAO_Simu/SA_CAO/install/turtlebot3_gazebo/share/turtlebot3_gazebo/cmake/ament_cmake_export_include_directories-extras.cmake
[0.120s] -- Up-to-date: /home/y/SA_CAO_Simu/SA_CAO/install/turtlebot3_gazebo/share/turtlebot3_gazebo/cmake/ament_cmake_export_dependencies-extras.cmake
[0.120s] -- Up-to-date: /home/y/SA_CAO_Simu/SA_CAO/install/turtlebot3_gazebo/share/turtlebot3_gazebo/cmake/turtlebot3_gazeboConfig.cmake
[0.120s] -- Up-to-date: /home/y/SA_CAO_Simu/SA_CAO/install/turtlebot3_gazebo/share/turtlebot3_gazebo/cmake/turtlebot3_gazeboConfig-version.cmake
[0.120s] -- Up-to-date: /home/y/SA_CAO_Simu/SA_CAO/install/turtlebot3_gazebo/share/turtlebot3_gazebo/package.xml
[0.124s] Invoked command in '/home/y/SA_CAO_Simu/SA_CAO/build/turtlebot3_gazebo' returned '0': CMAKE_PREFIX_PATH=/home/y/SA_CAO_Simu/SA_CAO/install/turtlebot3_description:/home/y/SA_CAO_Simu/SA_CAO/install/turtlebot3:/home/y/SA_CAO_Simu/SA_CAO/install/turtlebot3_simulations:/home/y/SA_CAO_Simu/SA_CAO/install/turtlebot3_bringup:/home/y/SA_CAO_Simu/SA_CAO/install/turtlebot3_node:/home/y/SA_CAO_Simu/SA_CAO/install/turtlebot3_navigation2:/home/y/SA_CAO_Simu/SA_CAO/install/turtlebot3_fake_node:/home/y/SA_CAO_Simu/SA_CAO/install/turtlebot3_msgs:/home/y/SA_CAO_Simu/SA_CAO/install/turtlebot3_gazebo:/home/y/SA_CAO_Simu/SA_CAO/install/turtlebot3_cartographer:/home/y/SA_CAO_Simu/SA_CAO/install/sub_dwav18:/home/y/SA_CAO_Simu/SA_CAO/install/sub_dwav17:/home/y/SA_CAO_Simu/SA_CAO/install/diablo_simpose_trans:/home/y/SA_CAO_Simu/SA_CAO/install/diablo_body:/home/y/SA_CAO_Simu/SA_CAO/install/diablo_utils:/home/y/SA_CAO_Simu/SA_CAO/install/diablo_rviz2_control_plugin:/home/y/SA_CAO_Simu/SA_CAO/install/motion_msgs:/home/y/SA_CAO_Simu/SA_CAO/install/hls_lfcd_lds_driver:/home/y/SA_CAO_Simu/SA_CAO/install/dynamixel_sdk_examples:/home/y/SA_CAO_Simu/SA_CAO/install/dynamixel_sdk_custom_interfaces:/home/y/SA_CAO_Simu/SA_CAO/install/dynamixel_sdk:/home/y/SA_CAO_Simu/SA_CAO/install/ception_msgs:/home/y/SA_CAO_Simu/SA_CAO/install/turtlebot3_teleop:/home/y/SA_CAO_Simu/SA_CAO/install/turtlebot3_example:/home/y/SA_CAO_Simu/SA_CAO/install/pure_pursuit:/home/y/SA_CAO_Simu/SA_CAO/install/my_balance_pkg:/home/y/SA_CAO_Simu/SA_CAO/install/launch_diablo:/home/y/SA_CAO_Simu/SA_CAO/install/diablo_simulation:/opt/ros/foxy /usr/bin/cmake --install /home/y/SA_CAO_Simu/SA_CAO/build/turtlebot3_gazebo
