[1.795s] Invoking command in '/home/y/SA_CAO/src/launch_diablo': PYTHONPATH=/home/y/SA_CAO/build/launch_diablo/prefix_override:/usr/lib/python3/dist-packages/colcon_core/task/python/colcon_distutils_commands:/home/y/SA_CAO/install/launch_diablo/lib/python3.8/site-packages:${PYTHONPATH} /usr/bin/python3 -W ignore:setup.py install is deprecated -W ignore:easy_install command is deprecated setup.py egg_info --egg-base ../../build/launch_diablo build --build-base /home/y/SA_CAO/build/launch_diablo/build install --record /home/y/SA_CAO/build/launch_diablo/install.log --install-scripts $base/lib/robot_launch --single-version-externally-managed install_data
[2.255s] running egg_info
[2.255s] creating ../../build/launch_diablo/launch_diablo.egg-info
[2.255s] writing ../../build/launch_diablo/launch_diablo.egg-info/PKG-INFO
[2.255s] writing dependency_links to ../../build/launch_diablo/launch_diablo.egg-info/dependency_links.txt
[2.256s] writing entry points to ../../build/launch_diablo/launch_diablo.egg-info/entry_points.txt
[2.256s] writing requirements to ../../build/launch_diablo/launch_diablo.egg-info/requires.txt
[2.256s] writing top-level names to ../../build/launch_diablo/launch_diablo.egg-info/top_level.txt
[2.257s] writing manifest file '../../build/launch_diablo/launch_diablo.egg-info/SOURCES.txt'
[2.302s] reading manifest file '../../build/launch_diablo/launch_diablo.egg-info/SOURCES.txt'
[2.303s] writing manifest file '../../build/launch_diablo/launch_diablo.egg-info/SOURCES.txt'
[2.304s] running build
[2.304s] running build_py
[2.305s] creating /home/y/SA_CAO/build/launch_diablo/build
[2.305s] creating /home/y/SA_CAO/build/launch_diablo/build/lib
[2.305s] creating /home/y/SA_CAO/build/launch_diablo/build/lib/launch_diablo
[2.306s] copying launch_diablo/__init__.py -> /home/y/SA_CAO/build/launch_diablo/build/lib/launch_diablo
[2.306s] running install
[2.306s] running install_lib
[2.309s] creating /home/y/SA_CAO/install/launch_diablo/lib/python3.8/site-packages/launch_diablo
[2.309s] copying /home/y/SA_CAO/build/launch_diablo/build/lib/launch_diablo/__init__.py -> /home/y/SA_CAO/install/launch_diablo/lib/python3.8/site-packages/launch_diablo
[2.310s] byte-compiling /home/y/SA_CAO/install/launch_diablo/lib/python3.8/site-packages/launch_diablo/__init__.py to __init__.cpython-38.pyc
[2.311s] running install_data
[2.311s] copying package.xml -> /home/y/SA_CAO/install/launch_diablo/share/launch_diablo
[2.311s] creating /home/y/SA_CAO/install/launch_diablo/share/ament_index
[2.312s] creating /home/y/SA_CAO/install/launch_diablo/share/ament_index/resource_index
[2.312s] creating /home/y/SA_CAO/install/launch_diablo/share/ament_index/resource_index/packages
[2.312s] copying resource/launch_diablo -> /home/y/SA_CAO/install/launch_diablo/share/ament_index/resource_index/packages
[2.313s] creating /home/y/SA_CAO/install/launch_diablo/share/launch_diablo/launch
[2.313s] copying launch/launch_diablo.py -> /home/y/SA_CAO/install/launch_diablo/share/launch_diablo/launch
[2.313s] running install_egg_info
[2.315s] Copying ../../build/launch_diablo/launch_diablo.egg-info to /home/y/SA_CAO/install/launch_diablo/lib/python3.8/site-packages/launch_diablo-0.0.0-py3.8.egg-info
[2.318s] running install_scripts
[2.348s] writing list of installed files to '/home/y/SA_CAO/build/launch_diablo/install.log'
[2.391s] Invoked command in '/home/y/SA_CAO/src/launch_diablo' returned '0': PYTHONPATH=/home/y/SA_CAO/build/launch_diablo/prefix_override:/usr/lib/python3/dist-packages/colcon_core/task/python/colcon_distutils_commands:/home/y/SA_CAO/install/launch_diablo/lib/python3.8/site-packages:${PYTHONPATH} /usr/bin/python3 -W ignore:setup.py install is deprecated -W ignore:easy_install command is deprecated setup.py egg_info --egg-base ../../build/launch_diablo build --build-base /home/y/SA_CAO/build/launch_diablo/build install --record /home/y/SA_CAO/build/launch_diablo/install.log --install-scripts $base/lib/robot_launch --single-version-externally-managed install_data
