[0.067s] Invoking command in '/home/y/SA_CAO_test_ws/build/motion_msgs': CMAKE_PREFIX_PATH=/home/y/SA_CAO_test_ws/install/turtlebot3:/home/y/SA_CAO_test_ws/install/turtlebot3_simulations:/home/y/SA_CAO_test_ws/install/turtlebot3_bringup:/home/y/SA_CAO_test_ws/install/turtlebot3_node:/home/y/SA_CAO_test_ws/install/turtlebot3_navigation2:/home/y/SA_CAO_test_ws/install/turtlebot3_fake_node:/home/y/SA_CAO_test_ws/install/turtlebot3_msgs:/home/y/SA_CAO_test_ws/install/turtlebot3_gazebo:/home/y/SA_CAO_test_ws/install/turtlebot3_description:/home/y/SA_CAO_test_ws/install/turtlebot3_cartographer:/home/y/SA_CAO_test_ws/install/sub_diablo2023a:/home/y/SA_CAO_test_ws/install/motion_msgs:/home/y/SA_CAO_test_ws/install/hls_lfcd_lds_driver:/home/y/SA_CAO_test_ws/install/dynamixel_sdk_examples:/home/y/SA_CAO_test_ws/install/dynamixel_sdk_custom_interfaces:/home/y/SA_CAO_test_ws/install/dynamixel_sdk:/home/y/SA_CAO_test_ws/install/turtlebot3_teleop:/home/y/SA_CAO_test_ws/install/turtlebot3_example:/home/y/SA_CAO_test_ws/install/my_joystick:/home/y/SA_CAO_test_ws/install/launch_diablo:/opt/ros/foxy:/home/y/oradar_ros/install/oradar_lidar /usr/bin/cmake /home/y/SA_CAO_test_ws/src/motion_msgs -DCMAKE_INSTALL_PREFIX=/home/y/SA_CAO_test_ws/install/motion_msgs
[0.286s] -- The C compiler identification is GNU 9.4.0
[0.507s] -- The CXX compiler identification is GNU 9.4.0
[0.525s] -- Check for working C compiler: /usr/bin/cc
[0.832s] -- Check for working C compiler: /usr/bin/cc -- works
[0.834s] -- Detecting C compiler ABI info
[1.123s] -- Detecting C compiler ABI info - done
[1.134s] -- Detecting C compile features
[1.135s] -- Detecting C compile features - done
[1.140s] -- Check for working CXX compiler: /usr/bin/c++
[1.467s] -- Check for working CXX compiler: /usr/bin/c++ -- works
[1.469s] -- Detecting CXX compiler ABI info
[1.800s] -- Detecting CXX compiler ABI info - done
[1.814s] -- Detecting CXX compile features
[1.815s] -- Detecting CXX compile features - done
[1.829s] -- Found ament_cmake: 0.9.12 (/opt/ros/foxy/share/ament_cmake/cmake)
[1.901s] -- Found PythonInterp: /usr/bin/python3 (found suitable version "3.8.10", minimum required is "3") 
[1.901s] -- Using PYTHON_EXECUTABLE: /usr/bin/python3
[2.400s] -- Found rosidl_default_generators: 1.0.1 (/opt/ros/foxy/share/rosidl_default_generators/cmake)
[2.416s] -- Using all available rosidl_typesupport_c: rosidl_typesupport_fastrtps_c;rosidl_typesupport_introspection_c
[2.446s] -- Found rosidl_adapter: 1.3.1 (/opt/ros/foxy/share/rosidl_adapter/cmake)
[2.917s] -- Found OpenSSL: /usr/lib/x86_64-linux-gnu/libcrypto.so (found version "1.1.1f")  
[2.995s] -- Found FastRTPS: /opt/ros/foxy/include  
[3.228s] -- Using all available rosidl_typesupport_cpp: rosidl_typesupport_fastrtps_cpp;rosidl_typesupport_introspection_cpp
[3.310s] -- Found std_msgs: 2.0.5 (/opt/ros/foxy/share/std_msgs/cmake)
[3.458s] -- Found PythonInterp: /usr/bin/python3 (found version "3.8.10") 
[3.878s] -- Found ament_cmake_ros: 0.9.2 (/opt/ros/foxy/share/ament_cmake_ros/cmake)
[4.459s] -- Using all available rosidl_typesupport_c: rosidl_typesupport_fastrtps_c;rosidl_typesupport_introspection_c
[4.661s] -- Using all available rosidl_typesupport_cpp: rosidl_typesupport_fastrtps_cpp;rosidl_typesupport_introspection_cpp
[4.731s] -- Found PythonInterp: /usr/bin/python3 (found suitable version "3.8.10", minimum required is "3.5") 
[4.741s] -- Found python_cmake_module: 0.8.1 (/opt/ros/foxy/share/python_cmake_module/cmake)
[4.824s] -- Found PythonLibs: /usr/lib/x86_64-linux-gnu/libpython3.8.so (found suitable version "3.8.10", minimum required is "3.5") 
[4.825s] -- Using PYTHON_EXECUTABLE: /usr/bin/python3
[4.826s] -- Using PYTHON_INCLUDE_DIRS: /usr/include/python3.8
[4.826s] -- Using PYTHON_LIBRARIES: /usr/lib/x86_64-linux-gnu/libpython3.8.so
[4.890s] -- Found PythonExtra: .so  
[5.137s] -- Configuring done
[5.440s] -- Generating done
[5.480s] -- Build files have been written to: /home/y/SA_CAO_test_ws/build/motion_msgs
[5.501s] Invoked command in '/home/y/SA_CAO_test_ws/build/motion_msgs' returned '0': CMAKE_PREFIX_PATH=/home/y/SA_CAO_test_ws/install/turtlebot3:/home/y/SA_CAO_test_ws/install/turtlebot3_simulations:/home/y/SA_CAO_test_ws/install/turtlebot3_bringup:/home/y/SA_CAO_test_ws/install/turtlebot3_node:/home/y/SA_CAO_test_ws/install/turtlebot3_navigation2:/home/y/SA_CAO_test_ws/install/turtlebot3_fake_node:/home/y/SA_CAO_test_ws/install/turtlebot3_msgs:/home/y/SA_CAO_test_ws/install/turtlebot3_gazebo:/home/y/SA_CAO_test_ws/install/turtlebot3_description:/home/y/SA_CAO_test_ws/install/turtlebot3_cartographer:/home/y/SA_CAO_test_ws/install/sub_diablo2023a:/home/y/SA_CAO_test_ws/install/motion_msgs:/home/y/SA_CAO_test_ws/install/hls_lfcd_lds_driver:/home/y/SA_CAO_test_ws/install/dynamixel_sdk_examples:/home/y/SA_CAO_test_ws/install/dynamixel_sdk_custom_interfaces:/home/y/SA_CAO_test_ws/install/dynamixel_sdk:/home/y/SA_CAO_test_ws/install/turtlebot3_teleop:/home/y/SA_CAO_test_ws/install/turtlebot3_example:/home/y/SA_CAO_test_ws/install/my_joystick:/home/y/SA_CAO_test_ws/install/launch_diablo:/opt/ros/foxy:/home/y/oradar_ros/install/oradar_lidar /usr/bin/cmake /home/y/SA_CAO_test_ws/src/motion_msgs -DCMAKE_INSTALL_PREFIX=/home/y/SA_CAO_test_ws/install/motion_msgs
[5.512s] Invoking command in '/home/y/SA_CAO_test_ws/build/motion_msgs': CMAKE_PREFIX_PATH=/home/y/SA_CAO_test_ws/install/turtlebot3:/home/y/SA_CAO_test_ws/install/turtlebot3_simulations:/home/y/SA_CAO_test_ws/install/turtlebot3_bringup:/home/y/SA_CAO_test_ws/install/turtlebot3_node:/home/y/SA_CAO_test_ws/install/turtlebot3_navigation2:/home/y/SA_CAO_test_ws/install/turtlebot3_fake_node:/home/y/SA_CAO_test_ws/install/turtlebot3_msgs:/home/y/SA_CAO_test_ws/install/turtlebot3_gazebo:/home/y/SA_CAO_test_ws/install/turtlebot3_description:/home/y/SA_CAO_test_ws/install/turtlebot3_cartographer:/home/y/SA_CAO_test_ws/install/sub_diablo2023a:/home/y/SA_CAO_test_ws/install/motion_msgs:/home/y/SA_CAO_test_ws/install/hls_lfcd_lds_driver:/home/y/SA_CAO_test_ws/install/dynamixel_sdk_examples:/home/y/SA_CAO_test_ws/install/dynamixel_sdk_custom_interfaces:/home/y/SA_CAO_test_ws/install/dynamixel_sdk:/home/y/SA_CAO_test_ws/install/turtlebot3_teleop:/home/y/SA_CAO_test_ws/install/turtlebot3_example:/home/y/SA_CAO_test_ws/install/my_joystick:/home/y/SA_CAO_test_ws/install/launch_diablo:/opt/ros/foxy:/home/y/oradar_ros/install/oradar_lidar /usr/bin/cmake --build /home/y/SA_CAO_test_ws/build/motion_msgs -- -j2 -l2
[5.693s] [35m[1mScanning dependencies of target motion_msgs__cpp[0m
[5.748s] [  1%] [34m[1mGenerating C++ code for ROS interfaces[0m
[7.296s] [  1%] Built target motion_msgs__cpp
[7.348s] [  2%] [34m[1mGenerating C code for ROS interfaces[0m
[8.874s] [35m[1mScanning dependencies of target motion_msgs__rosidl_generator_c[0m
[8.939s] [  4%] [32mBuilding C object CMakeFiles/motion_msgs__rosidl_generator_c.dir/rosidl_generator_c/motion_msgs/msg/detail/ctrl_plot__functions.c.o[0m
[9.098s] [  5%] [32mBuilding C object CMakeFiles/motion_msgs__rosidl_generator_c.dir/rosidl_generator_c/motion_msgs/msg/detail/leg_motors__functions.c.o[0m
[9.261s] [  7%] [32mBuilding C object CMakeFiles/motion_msgs__rosidl_generator_c.dir/rosidl_generator_c/motion_msgs/msg/detail/motion_ctrl__functions.c.o[0m
[9.419s] [  8%] [32mBuilding C object CMakeFiles/motion_msgs__rosidl_generator_c.dir/rosidl_generator_c/motion_msgs/msg/detail/robot_status__functions.c.o[0m
[9.573s] [  9%] [32mBuilding C object CMakeFiles/motion_msgs__rosidl_generator_c.dir/rosidl_generator_c/motion_msgs/msg/detail/movement_ctrl_data__functions.c.o[0m
[9.723s] [ 11%] [32mBuilding C object CMakeFiles/motion_msgs__rosidl_generator_c.dir/rosidl_generator_c/motion_msgs/msg/detail/movement_ctrl_mode__functions.c.o[0m
[9.883s] [ 12%] [32m[1mLinking C shared library libmotion_msgs__rosidl_generator_c.so[0m
[10.060s] [ 12%] Built target motion_msgs__rosidl_generator_c
[10.104s] [ 14%] [34m[1mGenerating C++ type support dispatch for ROS interfaces[0m
[10.649s] [35m[1mScanning dependencies of target motion_msgs__rosidl_typesupport_cpp[0m
[10.713s] [ 15%] [32mBuilding CXX object CMakeFiles/motion_msgs__rosidl_typesupport_cpp.dir/rosidl_typesupport_cpp/motion_msgs/msg/ctrl_plot__type_support.cpp.o[0m
[11.321s] [ 16%] [32mBuilding CXX object CMakeFiles/motion_msgs__rosidl_typesupport_cpp.dir/rosidl_typesupport_cpp/motion_msgs/msg/leg_motors__type_support.cpp.o[0m
[11.955s] [ 18%] [32mBuilding CXX object CMakeFiles/motion_msgs__rosidl_typesupport_cpp.dir/rosidl_typesupport_cpp/motion_msgs/msg/motion_ctrl__type_support.cpp.o[0m
[12.585s] [ 19%] [32mBuilding CXX object CMakeFiles/motion_msgs__rosidl_typesupport_cpp.dir/rosidl_typesupport_cpp/motion_msgs/msg/robot_status__type_support.cpp.o[0m
[13.213s] [ 21%] [32mBuilding CXX object CMakeFiles/motion_msgs__rosidl_typesupport_cpp.dir/rosidl_typesupport_cpp/motion_msgs/msg/movement_ctrl_data__type_support.cpp.o[0m
[13.856s] [ 22%] [32mBuilding CXX object CMakeFiles/motion_msgs__rosidl_typesupport_cpp.dir/rosidl_typesupport_cpp/motion_msgs/msg/movement_ctrl_mode__type_support.cpp.o[0m
[14.478s] [ 23%] [32m[1mLinking CXX shared library libmotion_msgs__rosidl_typesupport_cpp.so[0m
[14.681s] [ 23%] Built target motion_msgs__rosidl_typesupport_cpp
[14.733s] [ 25%] [34m[1mGenerating C++ type support for eProsima Fast-RTPS[0m
[15.646s] [35m[1mScanning dependencies of target motion_msgs__rosidl_typesupport_fastrtps_cpp[0m
[15.724s] [ 26%] [32mBuilding CXX object CMakeFiles/motion_msgs__rosidl_typesupport_fastrtps_cpp.dir/rosidl_typesupport_fastrtps_cpp/motion_msgs/msg/detail/dds_fastrtps/ctrl_plot__type_support.cpp.o[0m
[16.593s] [ 28%] [32mBuilding CXX object CMakeFiles/motion_msgs__rosidl_typesupport_fastrtps_cpp.dir/rosidl_typesupport_fastrtps_cpp/motion_msgs/msg/detail/dds_fastrtps/leg_motors__type_support.cpp.o[0m
[17.493s] [ 29%] [32mBuilding CXX object CMakeFiles/motion_msgs__rosidl_typesupport_fastrtps_cpp.dir/rosidl_typesupport_fastrtps_cpp/motion_msgs/msg/detail/dds_fastrtps/motion_ctrl__type_support.cpp.o[0m
[18.421s] [ 30%] [32mBuilding CXX object CMakeFiles/motion_msgs__rosidl_typesupport_fastrtps_cpp.dir/rosidl_typesupport_fastrtps_cpp/motion_msgs/msg/detail/dds_fastrtps/robot_status__type_support.cpp.o[0m
[19.307s] [ 32%] [32mBuilding CXX object CMakeFiles/motion_msgs__rosidl_typesupport_fastrtps_cpp.dir/rosidl_typesupport_fastrtps_cpp/motion_msgs/msg/detail/dds_fastrtps/movement_ctrl_data__type_support.cpp.o[0m
[20.225s] [ 33%] [32mBuilding CXX object CMakeFiles/motion_msgs__rosidl_typesupport_fastrtps_cpp.dir/rosidl_typesupport_fastrtps_cpp/motion_msgs/msg/detail/dds_fastrtps/movement_ctrl_mode__type_support.cpp.o[0m
[21.097s] [ 35%] [32m[1mLinking CXX shared library libmotion_msgs__rosidl_typesupport_fastrtps_cpp.so[0m
[21.438s] [ 35%] Built target motion_msgs__rosidl_typesupport_fastrtps_cpp
[21.486s] [ 36%] [34m[1mGenerating C introspection for ROS interfaces[0m
[22.331s] [35m[1mScanning dependencies of target motion_msgs__rosidl_typesupport_introspection_c[0m
[22.404s] [ 38%] [32mBuilding C object CMakeFiles/motion_msgs__rosidl_typesupport_introspection_c.dir/rosidl_typesupport_introspection_c/motion_msgs/msg/detail/ctrl_plot__type_support.c.o[0m
[22.553s] [ 39%] [32mBuilding C object CMakeFiles/motion_msgs__rosidl_typesupport_introspection_c.dir/rosidl_typesupport_introspection_c/motion_msgs/msg/detail/leg_motors__type_support.c.o[0m
[22.693s] [ 40%] [32mBuilding C object CMakeFiles/motion_msgs__rosidl_typesupport_introspection_c.dir/rosidl_typesupport_introspection_c/motion_msgs/msg/detail/motion_ctrl__type_support.c.o[0m
[22.835s] [ 42%] [32mBuilding C object CMakeFiles/motion_msgs__rosidl_typesupport_introspection_c.dir/rosidl_typesupport_introspection_c/motion_msgs/msg/detail/robot_status__type_support.c.o[0m
[22.971s] [ 43%] [32mBuilding C object CMakeFiles/motion_msgs__rosidl_typesupport_introspection_c.dir/rosidl_typesupport_introspection_c/motion_msgs/msg/detail/movement_ctrl_data__type_support.c.o[0m
[23.104s] [ 45%] [32mBuilding C object CMakeFiles/motion_msgs__rosidl_typesupport_introspection_c.dir/rosidl_typesupport_introspection_c/motion_msgs/msg/detail/movement_ctrl_mode__type_support.c.o[0m
[23.239s] [ 46%] [32m[1mLinking C shared library libmotion_msgs__rosidl_typesupport_introspection_c.so[0m
[23.412s] [ 46%] Built target motion_msgs__rosidl_typesupport_introspection_c
[23.461s] [ 47%] [34m[1mGenerating C type support dispatch for ROS interfaces[0m
[24.060s] [35m[1mScanning dependencies of target motion_msgs__rosidl_typesupport_c[0m
[24.121s] [ 49%] [32mBuilding CXX object CMakeFiles/motion_msgs__rosidl_typesupport_c.dir/rosidl_typesupport_c/motion_msgs/msg/ctrl_plot__type_support.cpp.o[0m
[24.251s] [ 50%] [32mBuilding CXX object CMakeFiles/motion_msgs__rosidl_typesupport_c.dir/rosidl_typesupport_c/motion_msgs/msg/leg_motors__type_support.cpp.o[0m
[24.384s] [ 52%] [32mBuilding CXX object CMakeFiles/motion_msgs__rosidl_typesupport_c.dir/rosidl_typesupport_c/motion_msgs/msg/motion_ctrl__type_support.cpp.o[0m
[24.519s] [ 53%] [32mBuilding CXX object CMakeFiles/motion_msgs__rosidl_typesupport_c.dir/rosidl_typesupport_c/motion_msgs/msg/robot_status__type_support.cpp.o[0m
[24.648s] [ 54%] [32mBuilding CXX object CMakeFiles/motion_msgs__rosidl_typesupport_c.dir/rosidl_typesupport_c/motion_msgs/msg/movement_ctrl_data__type_support.cpp.o[0m
[24.771s] [ 56%] [32mBuilding CXX object CMakeFiles/motion_msgs__rosidl_typesupport_c.dir/rosidl_typesupport_c/motion_msgs/msg/movement_ctrl_mode__type_support.cpp.o[0m
[24.895s] [ 57%] [32m[1mLinking CXX shared library libmotion_msgs__rosidl_typesupport_c.so[0m
[25.095s] [ 57%] Built target motion_msgs__rosidl_typesupport_c
[25.144s] [ 59%] [34m[1mGenerating C++ introspection for ROS interfaces[0m
[25.983s] [35m[1mScanning dependencies of target motion_msgs__rosidl_typesupport_introspection_cpp[0m
[26.055s] [ 60%] [32mBuilding CXX object CMakeFiles/motion_msgs__rosidl_typesupport_introspection_cpp.dir/rosidl_typesupport_introspection_cpp/motion_msgs/msg/detail/ctrl_plot__type_support.cpp.o[0m
[26.690s] [ 61%] [32mBuilding CXX object CMakeFiles/motion_msgs__rosidl_typesupport_introspection_cpp.dir/rosidl_typesupport_introspection_cpp/motion_msgs/msg/detail/leg_motors__type_support.cpp.o[0m
[27.324s] [ 63%] [32mBuilding CXX object CMakeFiles/motion_msgs__rosidl_typesupport_introspection_cpp.dir/rosidl_typesupport_introspection_cpp/motion_msgs/msg/detail/motion_ctrl__type_support.cpp.o[0m
[27.970s] [ 64%] [32mBuilding CXX object CMakeFiles/motion_msgs__rosidl_typesupport_introspection_cpp.dir/rosidl_typesupport_introspection_cpp/motion_msgs/msg/detail/robot_status__type_support.cpp.o[0m
[28.610s] [ 66%] [32mBuilding CXX object CMakeFiles/motion_msgs__rosidl_typesupport_introspection_cpp.dir/rosidl_typesupport_introspection_cpp/motion_msgs/msg/detail/movement_ctrl_data__type_support.cpp.o[0m
[29.227s] [ 67%] [32mBuilding CXX object CMakeFiles/motion_msgs__rosidl_typesupport_introspection_cpp.dir/rosidl_typesupport_introspection_cpp/motion_msgs/msg/detail/movement_ctrl_mode__type_support.cpp.o[0m
[29.860s] [ 69%] [32m[1mLinking CXX shared library libmotion_msgs__rosidl_typesupport_introspection_cpp.so[0m
[30.127s] [ 69%] Built target motion_msgs__rosidl_typesupport_introspection_cpp
[30.172s] [ 70%] [34m[1mGenerating C type support for eProsima Fast-RTPS[0m
[31.062s] [35m[1mScanning dependencies of target motion_msgs__rosidl_typesupport_fastrtps_c[0m
[31.161s] [ 71%] [32mBuilding CXX object CMakeFiles/motion_msgs__rosidl_typesupport_fastrtps_c.dir/rosidl_typesupport_fastrtps_c/motion_msgs/msg/detail/ctrl_plot__type_support_c.cpp.o[0m
[31.882s] [ 73%] [32mBuilding CXX object CMakeFiles/motion_msgs__rosidl_typesupport_fastrtps_c.dir/rosidl_typesupport_fastrtps_c/motion_msgs/msg/detail/leg_motors__type_support_c.cpp.o[0m
[32.616s] [ 74%] [32mBuilding CXX object CMakeFiles/motion_msgs__rosidl_typesupport_fastrtps_c.dir/rosidl_typesupport_fastrtps_c/motion_msgs/msg/detail/motion_ctrl__type_support_c.cpp.o[0m
[33.341s] [ 76%] [32mBuilding CXX object CMakeFiles/motion_msgs__rosidl_typesupport_fastrtps_c.dir/rosidl_typesupport_fastrtps_c/motion_msgs/msg/detail/robot_status__type_support_c.cpp.o[0m
[34.059s] [ 77%] [32mBuilding CXX object CMakeFiles/motion_msgs__rosidl_typesupport_fastrtps_c.dir/rosidl_typesupport_fastrtps_c/motion_msgs/msg/detail/movement_ctrl_data__type_support_c.cpp.o[0m
[34.770s] [ 78%] [32mBuilding CXX object CMakeFiles/motion_msgs__rosidl_typesupport_fastrtps_c.dir/rosidl_typesupport_fastrtps_c/motion_msgs/msg/detail/movement_ctrl_mode__type_support_c.cpp.o[0m
[35.490s] [ 80%] [32m[1mLinking CXX shared library libmotion_msgs__rosidl_typesupport_fastrtps_c.so[0m
[35.809s] [ 80%] Built target motion_msgs__rosidl_typesupport_fastrtps_c
[35.852s] [35m[1mScanning dependencies of target motion_msgs[0m
[35.900s] [ 80%] Built target motion_msgs
[35.944s] [35m[1mScanning dependencies of target motion_msgs__py[0m
[35.995s] [ 81%] [34m[1mGenerating Python code for ROS interfaces[0m
[37.509s] [ 81%] Built target motion_msgs__py
[37.552s] [35m[1mScanning dependencies of target motion_msgs__python[0m
[37.699s] [ 83%] [32mBuilding C object CMakeFiles/motion_msgs__python.dir/rosidl_generator_py/motion_msgs/msg/_ctrl_plot_s.c.o[0m
[37.998s] [ 84%] [32mBuilding C object CMakeFiles/motion_msgs__python.dir/rosidl_generator_py/motion_msgs/msg/_leg_motors_s.c.o[0m
[38.300s] [ 85%] [32mBuilding C object CMakeFiles/motion_msgs__python.dir/rosidl_generator_py/motion_msgs/msg/_motion_ctrl_s.c.o[0m
[38.577s] [ 87%] [32mBuilding C object CMakeFiles/motion_msgs__python.dir/rosidl_generator_py/motion_msgs/msg/_robot_status_s.c.o[0m
[38.853s] [ 88%] [32mBuilding C object CMakeFiles/motion_msgs__python.dir/rosidl_generator_py/motion_msgs/msg/_movement_ctrl_data_s.c.o[0m
[39.128s] [ 90%] [32mBuilding C object CMakeFiles/motion_msgs__python.dir/rosidl_generator_py/motion_msgs/msg/_movement_ctrl_mode_s.c.o[0m
[39.395s] [ 91%] [32m[1mLinking C shared library rosidl_generator_py/motion_msgs/libmotion_msgs__python.so[0m
[39.585s] [ 91%] Built target motion_msgs__python
[39.636s] [35m[1mScanning dependencies of target motion_msgs__rosidl_typesupport_c__pyext[0m
[39.741s] [ 92%] [32mBuilding C object CMakeFiles/motion_msgs__rosidl_typesupport_c__pyext.dir/rosidl_generator_py/motion_msgs/_motion_msgs_s.ep.rosidl_typesupport_c.c.o[0m
[40.016s] [ 94%] [32m[1mLinking C shared library rosidl_generator_py/motion_msgs/motion_msgs_s__rosidl_typesupport_c.cpython-38-x86_64-linux-gnu.so[0m
[40.188s] [ 94%] Built target motion_msgs__rosidl_typesupport_c__pyext
[40.236s] [35m[1mScanning dependencies of target motion_msgs__rosidl_typesupport_introspection_c__pyext[0m
[40.341s] [ 95%] [32mBuilding C object CMakeFiles/motion_msgs__rosidl_typesupport_introspection_c__pyext.dir/rosidl_generator_py/motion_msgs/_motion_msgs_s.ep.rosidl_typesupport_introspection_c.c.o[0m
[40.628s] [ 97%] [32m[1mLinking C shared library rosidl_generator_py/motion_msgs/motion_msgs_s__rosidl_typesupport_introspection_c.cpython-38-x86_64-linux-gnu.so[0m
[40.800s] [ 97%] Built target motion_msgs__rosidl_typesupport_introspection_c__pyext
[40.848s] [35m[1mScanning dependencies of target motion_msgs__rosidl_typesupport_fastrtps_c__pyext[0m
[40.957s] [ 98%] [32mBuilding C object CMakeFiles/motion_msgs__rosidl_typesupport_fastrtps_c__pyext.dir/rosidl_generator_py/motion_msgs/_motion_msgs_s.ep.rosidl_typesupport_fastrtps_c.c.o[0m
[41.257s] [100%] [32m[1mLinking CXX shared library rosidl_generator_py/motion_msgs/motion_msgs_s__rosidl_typesupport_fastrtps_c.cpython-38-x86_64-linux-gnu.so[0m
[41.530s] [100%] Built target motion_msgs__rosidl_typesupport_fastrtps_c__pyext
[41.579s] Invoked command in '/home/y/SA_CAO_test_ws/build/motion_msgs' returned '0': CMAKE_PREFIX_PATH=/home/y/SA_CAO_test_ws/install/turtlebot3:/home/y/SA_CAO_test_ws/install/turtlebot3_simulations:/home/y/SA_CAO_test_ws/install/turtlebot3_bringup:/home/y/SA_CAO_test_ws/install/turtlebot3_node:/home/y/SA_CAO_test_ws/install/turtlebot3_navigation2:/home/y/SA_CAO_test_ws/install/turtlebot3_fake_node:/home/y/SA_CAO_test_ws/install/turtlebot3_msgs:/home/y/SA_CAO_test_ws/install/turtlebot3_gazebo:/home/y/SA_CAO_test_ws/install/turtlebot3_description:/home/y/SA_CAO_test_ws/install/turtlebot3_cartographer:/home/y/SA_CAO_test_ws/install/sub_diablo2023a:/home/y/SA_CAO_test_ws/install/motion_msgs:/home/y/SA_CAO_test_ws/install/hls_lfcd_lds_driver:/home/y/SA_CAO_test_ws/install/dynamixel_sdk_examples:/home/y/SA_CAO_test_ws/install/dynamixel_sdk_custom_interfaces:/home/y/SA_CAO_test_ws/install/dynamixel_sdk:/home/y/SA_CAO_test_ws/install/turtlebot3_teleop:/home/y/SA_CAO_test_ws/install/turtlebot3_example:/home/y/SA_CAO_test_ws/install/my_joystick:/home/y/SA_CAO_test_ws/install/launch_diablo:/opt/ros/foxy:/home/y/oradar_ros/install/oradar_lidar /usr/bin/cmake --build /home/y/SA_CAO_test_ws/build/motion_msgs -- -j2 -l2
[41.580s] Invoking command in '/home/y/SA_CAO_test_ws/build/motion_msgs': CMAKE_PREFIX_PATH=/home/y/SA_CAO_test_ws/install/turtlebot3:/home/y/SA_CAO_test_ws/install/turtlebot3_simulations:/home/y/SA_CAO_test_ws/install/turtlebot3_bringup:/home/y/SA_CAO_test_ws/install/turtlebot3_node:/home/y/SA_CAO_test_ws/install/turtlebot3_navigation2:/home/y/SA_CAO_test_ws/install/turtlebot3_fake_node:/home/y/SA_CAO_test_ws/install/turtlebot3_msgs:/home/y/SA_CAO_test_ws/install/turtlebot3_gazebo:/home/y/SA_CAO_test_ws/install/turtlebot3_description:/home/y/SA_CAO_test_ws/install/turtlebot3_cartographer:/home/y/SA_CAO_test_ws/install/sub_diablo2023a:/home/y/SA_CAO_test_ws/install/motion_msgs:/home/y/SA_CAO_test_ws/install/hls_lfcd_lds_driver:/home/y/SA_CAO_test_ws/install/dynamixel_sdk_examples:/home/y/SA_CAO_test_ws/install/dynamixel_sdk_custom_interfaces:/home/y/SA_CAO_test_ws/install/dynamixel_sdk:/home/y/SA_CAO_test_ws/install/turtlebot3_teleop:/home/y/SA_CAO_test_ws/install/turtlebot3_example:/home/y/SA_CAO_test_ws/install/my_joystick:/home/y/SA_CAO_test_ws/install/launch_diablo:/opt/ros/foxy:/home/y/oradar_ros/install/oradar_lidar /usr/bin/cmake --install /home/y/SA_CAO_test_ws/build/motion_msgs
[41.626s] -- Install configuration: ""
[41.628s] -- Installing: /home/y/SA_CAO_test_ws/install/motion_msgs/share/ament_index/resource_index/rosidl_interfaces/motion_msgs
[41.629s] -- Installing: /home/y/SA_CAO_test_ws/install/motion_msgs/include/motion_msgs
[41.630s] -- Installing: /home/y/SA_CAO_test_ws/install/motion_msgs/include/motion_msgs/msg
[41.631s] -- Installing: /home/y/SA_CAO_test_ws/install/motion_msgs/include/motion_msgs/msg/movement_ctrl_mode.h
[41.632s] -- Installing: /home/y/SA_CAO_test_ws/install/motion_msgs/include/motion_msgs/msg/rosidl_generator_c__visibility_control.h
[41.633s] -- Installing: /home/y/SA_CAO_test_ws/install/motion_msgs/include/motion_msgs/msg/robot_status.h
[41.634s] -- Installing: /home/y/SA_CAO_test_ws/install/motion_msgs/include/motion_msgs/msg/leg_motors.h
[41.635s] -- Installing: /home/y/SA_CAO_test_ws/install/motion_msgs/include/motion_msgs/msg/ctrl_plot.h
[41.636s] -- Installing: /home/y/SA_CAO_test_ws/install/motion_msgs/include/motion_msgs/msg/motion_ctrl.h
[41.637s] -- Installing: /home/y/SA_CAO_test_ws/install/motion_msgs/include/motion_msgs/msg/movement_ctrl_data.h
[41.638s] -- Installing: /home/y/SA_CAO_test_ws/install/motion_msgs/include/motion_msgs/msg/detail
[41.639s] -- Installing: /home/y/SA_CAO_test_ws/install/motion_msgs/include/motion_msgs/msg/detail/robot_status__type_support.h
[41.640s] -- Installing: /home/y/SA_CAO_test_ws/install/motion_msgs/include/motion_msgs/msg/detail/movement_ctrl_data__functions.h
[41.641s] -- Installing: /home/y/SA_CAO_test_ws/install/motion_msgs/include/motion_msgs/msg/detail/movement_ctrl_mode__type_support.h
[41.642s] -- Installing: /home/y/SA_CAO_test_ws/install/motion_msgs/include/motion_msgs/msg/detail/motion_ctrl__functions.c
[41.644s] -- Installing: /home/y/SA_CAO_test_ws/install/motion_msgs/include/motion_msgs/msg/detail/movement_ctrl_data__functions.c
[41.645s] -- Installing: /home/y/SA_CAO_test_ws/install/motion_msgs/include/motion_msgs/msg/detail/ctrl_plot__type_support.h
[41.646s] -- Installing: /home/y/SA_CAO_test_ws/install/motion_msgs/include/motion_msgs/msg/detail/leg_motors__struct.h
[41.649s] -- Installing: /home/y/SA_CAO_test_ws/install/motion_msgs/include/motion_msgs/msg/detail/movement_ctrl_data__struct.h
[41.651s] -- Installing: /home/y/SA_CAO_test_ws/install/motion_msgs/include/motion_msgs/msg/detail/movement_ctrl_mode__struct.h
[41.652s] -- Installing: /home/y/SA_CAO_test_ws/install/motion_msgs/include/motion_msgs/msg/detail/ctrl_plot__functions.h
[41.653s] -- Installing: /home/y/SA_CAO_test_ws/install/motion_msgs/include/motion_msgs/msg/detail/leg_motors__type_support.h
[41.655s] -- Installing: /home/y/SA_CAO_test_ws/install/motion_msgs/include/motion_msgs/msg/detail/motion_ctrl__functions.h
[41.656s] -- Installing: /home/y/SA_CAO_test_ws/install/motion_msgs/include/motion_msgs/msg/detail/motion_ctrl__type_support.h
[41.657s] -- Installing: /home/y/SA_CAO_test_ws/install/motion_msgs/include/motion_msgs/msg/detail/leg_motors__functions.h
[41.658s] -- Installing: /home/y/SA_CAO_test_ws/install/motion_msgs/include/motion_msgs/msg/detail/robot_status__struct.h
[41.659s] -- Installing: /home/y/SA_CAO_test_ws/install/motion_msgs/include/motion_msgs/msg/detail/movement_ctrl_mode__functions.c
[41.660s] -- Installing: /home/y/SA_CAO_test_ws/install/motion_msgs/include/motion_msgs/msg/detail/robot_status__functions.h
[41.661s] -- Installing: /home/y/SA_CAO_test_ws/install/motion_msgs/include/motion_msgs/msg/detail/movement_ctrl_mode__functions.h
[41.662s] -- Installing: /home/y/SA_CAO_test_ws/install/motion_msgs/include/motion_msgs/msg/detail/leg_motors__functions.c
[41.663s] -- Installing: /home/y/SA_CAO_test_ws/install/motion_msgs/include/motion_msgs/msg/detail/robot_status__functions.c
[41.664s] -- Installing: /home/y/SA_CAO_test_ws/install/motion_msgs/include/motion_msgs/msg/detail/motion_ctrl__struct.h
[41.665s] -- Installing: /home/y/SA_CAO_test_ws/install/motion_msgs/include/motion_msgs/msg/detail/ctrl_plot__struct.h
[41.666s] -- Installing: /home/y/SA_CAO_test_ws/install/motion_msgs/include/motion_msgs/msg/detail/movement_ctrl_data__type_support.h
[41.667s] -- Installing: /home/y/SA_CAO_test_ws/install/motion_msgs/include/motion_msgs/msg/detail/ctrl_plot__functions.c
[41.668s] -- Installing: /home/y/SA_CAO_test_ws/install/motion_msgs/share/motion_msgs/environment/library_path.sh
[41.669s] -- Installing: /home/y/SA_CAO_test_ws/install/motion_msgs/share/motion_msgs/environment/library_path.dsv
[41.671s] -- Installing: /home/y/SA_CAO_test_ws/install/motion_msgs/lib/libmotion_msgs__rosidl_generator_c.so
[41.675s] -- Set runtime path of "/home/y/SA_CAO_test_ws/install/motion_msgs/lib/libmotion_msgs__rosidl_generator_c.so" to ""
[41.676s] -- Up-to-date: /home/y/SA_CAO_test_ws/install/motion_msgs/include/motion_msgs
[41.677s] -- Up-to-date: /home/y/SA_CAO_test_ws/install/motion_msgs/include/motion_msgs/msg
[41.678s] -- Up-to-date: /home/y/SA_CAO_test_ws/install/motion_msgs/include/motion_msgs/msg/detail
[41.679s] -- Installing: /home/y/SA_CAO_test_ws/install/motion_msgs/include/motion_msgs/msg/detail/motion_ctrl__rosidl_typesupport_fastrtps_c.h
[41.680s] -- Installing: /home/y/SA_CAO_test_ws/install/motion_msgs/include/motion_msgs/msg/detail/leg_motors__rosidl_typesupport_fastrtps_c.h
[41.681s] -- Installing: /home/y/SA_CAO_test_ws/install/motion_msgs/include/motion_msgs/msg/detail/movement_ctrl_mode__rosidl_typesupport_fastrtps_c.h
[41.682s] -- Installing: /home/y/SA_CAO_test_ws/install/motion_msgs/include/motion_msgs/msg/detail/robot_status__rosidl_typesupport_fastrtps_c.h
[41.683s] -- Installing: /home/y/SA_CAO_test_ws/install/motion_msgs/include/motion_msgs/msg/detail/movement_ctrl_data__rosidl_typesupport_fastrtps_c.h
[41.684s] -- Installing: /home/y/SA_CAO_test_ws/install/motion_msgs/include/motion_msgs/msg/detail/ctrl_plot__rosidl_typesupport_fastrtps_c.h
[41.685s] -- Installing: /home/y/SA_CAO_test_ws/install/motion_msgs/include/motion_msgs/msg/rosidl_typesupport_fastrtps_c__visibility_control.h
[41.686s] -- Installing: /home/y/SA_CAO_test_ws/install/motion_msgs/lib/libmotion_msgs__rosidl_typesupport_fastrtps_c.so
[41.690s] -- Set runtime path of "/home/y/SA_CAO_test_ws/install/motion_msgs/lib/libmotion_msgs__rosidl_typesupport_fastrtps_c.so" to ""
[41.691s] -- Up-to-date: /home/y/SA_CAO_test_ws/install/motion_msgs/include/motion_msgs
[41.692s] -- Up-to-date: /home/y/SA_CAO_test_ws/install/motion_msgs/include/motion_msgs/msg
[41.693s] -- Installing: /home/y/SA_CAO_test_ws/install/motion_msgs/include/motion_msgs/msg/rosidl_typesupport_fastrtps_cpp__visibility_control.h
[41.694s] -- Up-to-date: /home/y/SA_CAO_test_ws/install/motion_msgs/include/motion_msgs/msg/detail
[41.694s] -- Installing: /home/y/SA_CAO_test_ws/install/motion_msgs/include/motion_msgs/msg/detail/movement_ctrl_data__rosidl_typesupport_fastrtps_cpp.hpp
[41.695s] -- Installing: /home/y/SA_CAO_test_ws/install/motion_msgs/include/motion_msgs/msg/detail/leg_motors__rosidl_typesupport_fastrtps_cpp.hpp
[41.696s] -- Installing: /home/y/SA_CAO_test_ws/install/motion_msgs/include/motion_msgs/msg/detail/dds_fastrtps
[41.697s] -- Installing: /home/y/SA_CAO_test_ws/install/motion_msgs/include/motion_msgs/msg/detail/ctrl_plot__rosidl_typesupport_fastrtps_cpp.hpp
[41.698s] -- Installing: /home/y/SA_CAO_test_ws/install/motion_msgs/include/motion_msgs/msg/detail/motion_ctrl__rosidl_typesupport_fastrtps_cpp.hpp
[41.699s] -- Installing: /home/y/SA_CAO_test_ws/install/motion_msgs/include/motion_msgs/msg/detail/robot_status__rosidl_typesupport_fastrtps_cpp.hpp
[41.700s] -- Installing: /home/y/SA_CAO_test_ws/install/motion_msgs/include/motion_msgs/msg/detail/movement_ctrl_mode__rosidl_typesupport_fastrtps_cpp.hpp
[41.701s] -- Installing: /home/y/SA_CAO_test_ws/install/motion_msgs/lib/libmotion_msgs__rosidl_typesupport_fastrtps_cpp.so
[41.706s] -- Set runtime path of "/home/y/SA_CAO_test_ws/install/motion_msgs/lib/libmotion_msgs__rosidl_typesupport_fastrtps_cpp.so" to ""
[41.706s] -- Up-to-date: /home/y/SA_CAO_test_ws/install/motion_msgs/include/motion_msgs
[41.707s] -- Up-to-date: /home/y/SA_CAO_test_ws/install/motion_msgs/include/motion_msgs/msg
[41.708s] -- Installing: /home/y/SA_CAO_test_ws/install/motion_msgs/include/motion_msgs/msg/rosidl_typesupport_introspection_c__visibility_control.h
[41.709s] -- Up-to-date: /home/y/SA_CAO_test_ws/install/motion_msgs/include/motion_msgs/msg/detail
[41.709s] -- Installing: /home/y/SA_CAO_test_ws/install/motion_msgs/include/motion_msgs/msg/detail/ctrl_plot__type_support.c
[41.711s] -- Installing: /home/y/SA_CAO_test_ws/install/motion_msgs/include/motion_msgs/msg/detail/robot_status__rosidl_typesupport_introspection_c.h
[41.712s] -- Installing: /home/y/SA_CAO_test_ws/install/motion_msgs/include/motion_msgs/msg/detail/movement_ctrl_mode__rosidl_typesupport_introspection_c.h
[41.713s] -- Installing: /home/y/SA_CAO_test_ws/install/motion_msgs/include/motion_msgs/msg/detail/movement_ctrl_data__rosidl_typesupport_introspection_c.h
[41.714s] -- Installing: /home/y/SA_CAO_test_ws/install/motion_msgs/include/motion_msgs/msg/detail/robot_status__type_support.c
[41.715s] -- Installing: /home/y/SA_CAO_test_ws/install/motion_msgs/include/motion_msgs/msg/detail/movement_ctrl_mode__type_support.c
[41.717s] -- Installing: /home/y/SA_CAO_test_ws/install/motion_msgs/include/motion_msgs/msg/detail/motion_ctrl__rosidl_typesupport_introspection_c.h
[41.718s] -- Installing: /home/y/SA_CAO_test_ws/install/motion_msgs/include/motion_msgs/msg/detail/movement_ctrl_data__type_support.c
[41.719s] -- Installing: /home/y/SA_CAO_test_ws/install/motion_msgs/include/motion_msgs/msg/detail/leg_motors__type_support.c
[41.720s] -- Installing: /home/y/SA_CAO_test_ws/install/motion_msgs/include/motion_msgs/msg/detail/motion_ctrl__type_support.c
[41.721s] -- Installing: /home/y/SA_CAO_test_ws/install/motion_msgs/include/motion_msgs/msg/detail/ctrl_plot__rosidl_typesupport_introspection_c.h
[41.722s] -- Installing: /home/y/SA_CAO_test_ws/install/motion_msgs/include/motion_msgs/msg/detail/leg_motors__rosidl_typesupport_introspection_c.h
[41.723s] -- Installing: /home/y/SA_CAO_test_ws/install/motion_msgs/lib/libmotion_msgs__rosidl_typesupport_introspection_c.so
[41.728s] -- Set runtime path of "/home/y/SA_CAO_test_ws/install/motion_msgs/lib/libmotion_msgs__rosidl_typesupport_introspection_c.so" to ""
[41.729s] -- Installing: /home/y/SA_CAO_test_ws/install/motion_msgs/lib/libmotion_msgs__rosidl_typesupport_c.so
[41.732s] -- Set runtime path of "/home/y/SA_CAO_test_ws/install/motion_msgs/lib/libmotion_msgs__rosidl_typesupport_c.so" to ""
[41.733s] -- Up-to-date: /home/y/SA_CAO_test_ws/install/motion_msgs/include/motion_msgs
[41.734s] -- Up-to-date: /home/y/SA_CAO_test_ws/install/motion_msgs/include/motion_msgs/msg
[41.734s] -- Installing: /home/y/SA_CAO_test_ws/install/motion_msgs/include/motion_msgs/msg/rosidl_generator_cpp__visibility_control.hpp
[41.735s] -- Installing: /home/y/SA_CAO_test_ws/install/motion_msgs/include/motion_msgs/msg/robot_status.hpp
[41.736s] -- Installing: /home/y/SA_CAO_test_ws/install/motion_msgs/include/motion_msgs/msg/movement_ctrl_mode.hpp
[41.737s] -- Installing: /home/y/SA_CAO_test_ws/install/motion_msgs/include/motion_msgs/msg/ctrl_plot.hpp
[41.740s] -- Installing: /home/y/SA_CAO_test_ws/install/motion_msgs/include/motion_msgs/msg/leg_motors.hpp
[41.741s] -- Installing: /home/y/SA_CAO_test_ws/install/motion_msgs/include/motion_msgs/msg/motion_ctrl.hpp
[41.741s] -- Up-to-date: /home/y/SA_CAO_test_ws/install/motion_msgs/include/motion_msgs/msg/detail
[41.744s] -- Installing: /home/y/SA_CAO_test_ws/install/motion_msgs/include/motion_msgs/msg/detail/robot_status__type_support.hpp
[41.745s] -- Installing: /home/y/SA_CAO_test_ws/install/motion_msgs/include/motion_msgs/msg/detail/robot_status__struct.hpp
[41.746s] -- Installing: /home/y/SA_CAO_test_ws/install/motion_msgs/include/motion_msgs/msg/detail/movement_ctrl_data__type_support.hpp
[41.747s] -- Installing: /home/y/SA_CAO_test_ws/install/motion_msgs/include/motion_msgs/msg/detail/movement_ctrl_mode__builder.hpp
[41.751s] -- Installing: /home/y/SA_CAO_test_ws/install/motion_msgs/include/motion_msgs/msg/detail/ctrl_plot__struct.hpp
[41.752s] -- Installing: /home/y/SA_CAO_test_ws/install/motion_msgs/include/motion_msgs/msg/detail/leg_motors__struct.hpp
[41.753s] -- Installing: /home/y/SA_CAO_test_ws/install/motion_msgs/include/motion_msgs/msg/detail/movement_ctrl_mode__type_support.hpp
[41.754s] -- Installing: /home/y/SA_CAO_test_ws/install/motion_msgs/include/motion_msgs/msg/detail/robot_status__builder.hpp
[41.755s] -- Installing: /home/y/SA_CAO_test_ws/install/motion_msgs/include/motion_msgs/msg/detail/motion_ctrl__traits.hpp
[41.756s] -- Installing: /home/y/SA_CAO_test_ws/install/motion_msgs/include/motion_msgs/msg/detail/motion_ctrl__type_support.hpp
[41.757s] -- Installing: /home/y/SA_CAO_test_ws/install/motion_msgs/include/motion_msgs/msg/detail/ctrl_plot__type_support.hpp
[41.758s] -- Installing: /home/y/SA_CAO_test_ws/install/motion_msgs/include/motion_msgs/msg/detail/leg_motors__builder.hpp
[41.759s] -- Installing: /home/y/SA_CAO_test_ws/install/motion_msgs/include/motion_msgs/msg/detail/ctrl_plot__builder.hpp
[41.760s] -- Installing: /home/y/SA_CAO_test_ws/install/motion_msgs/include/motion_msgs/msg/detail/movement_ctrl_mode__struct.hpp
[41.761s] -- Installing: /home/y/SA_CAO_test_ws/install/motion_msgs/include/motion_msgs/msg/detail/robot_status__traits.hpp
[41.762s] -- Installing: /home/y/SA_CAO_test_ws/install/motion_msgs/include/motion_msgs/msg/detail/movement_ctrl_mode__traits.hpp
[41.763s] -- Installing: /home/y/SA_CAO_test_ws/install/motion_msgs/include/motion_msgs/msg/detail/ctrl_plot__traits.hpp
[41.764s] -- Installing: /home/y/SA_CAO_test_ws/install/motion_msgs/include/motion_msgs/msg/detail/leg_motors__type_support.hpp
[41.765s] -- Installing: /home/y/SA_CAO_test_ws/install/motion_msgs/include/motion_msgs/msg/detail/leg_motors__traits.hpp
[41.766s] -- Installing: /home/y/SA_CAO_test_ws/install/motion_msgs/include/motion_msgs/msg/detail/movement_ctrl_data__builder.hpp
[41.767s] -- Installing: /home/y/SA_CAO_test_ws/install/motion_msgs/include/motion_msgs/msg/detail/movement_ctrl_data__traits.hpp
[41.769s] -- Installing: /home/y/SA_CAO_test_ws/install/motion_msgs/include/motion_msgs/msg/detail/motion_ctrl__struct.hpp
[41.770s] -- Installing: /home/y/SA_CAO_test_ws/install/motion_msgs/include/motion_msgs/msg/detail/movement_ctrl_data__struct.hpp
[41.771s] -- Installing: /home/y/SA_CAO_test_ws/install/motion_msgs/include/motion_msgs/msg/detail/motion_ctrl__builder.hpp
[41.772s] -- Installing: /home/y/SA_CAO_test_ws/install/motion_msgs/include/motion_msgs/msg/movement_ctrl_data.hpp
[41.773s] -- Up-to-date: /home/y/SA_CAO_test_ws/install/motion_msgs/include/motion_msgs
[41.774s] -- Up-to-date: /home/y/SA_CAO_test_ws/install/motion_msgs/include/motion_msgs/msg
[41.775s] -- Up-to-date: /home/y/SA_CAO_test_ws/install/motion_msgs/include/motion_msgs/msg/detail
[41.775s] -- Installing: /home/y/SA_CAO_test_ws/install/motion_msgs/include/motion_msgs/msg/detail/movement_ctrl_data__type_support.cpp
[41.777s] -- Installing: /home/y/SA_CAO_test_ws/install/motion_msgs/include/motion_msgs/msg/detail/movement_ctrl_mode__type_support.cpp
[41.778s] -- Installing: /home/y/SA_CAO_test_ws/install/motion_msgs/include/motion_msgs/msg/detail/robot_status__type_support.cpp
[41.779s] -- Installing: /home/y/SA_CAO_test_ws/install/motion_msgs/include/motion_msgs/msg/detail/ctrl_plot__type_support.cpp
[41.780s] -- Installing: /home/y/SA_CAO_test_ws/install/motion_msgs/include/motion_msgs/msg/detail/movement_ctrl_data__rosidl_typesupport_introspection_cpp.hpp
[41.781s] -- Installing: /home/y/SA_CAO_test_ws/install/motion_msgs/include/motion_msgs/msg/detail/robot_status__rosidl_typesupport_introspection_cpp.hpp
[41.782s] -- Installing: /home/y/SA_CAO_test_ws/install/motion_msgs/include/motion_msgs/msg/detail/leg_motors__type_support.cpp
[41.783s] -- Installing: /home/y/SA_CAO_test_ws/install/motion_msgs/include/motion_msgs/msg/detail/leg_motors__rosidl_typesupport_introspection_cpp.hpp
[41.784s] -- Installing: /home/y/SA_CAO_test_ws/install/motion_msgs/include/motion_msgs/msg/detail/motion_ctrl__type_support.cpp
[41.785s] -- Installing: /home/y/SA_CAO_test_ws/install/motion_msgs/include/motion_msgs/msg/detail/motion_ctrl__rosidl_typesupport_introspection_cpp.hpp
[41.786s] -- Installing: /home/y/SA_CAO_test_ws/install/motion_msgs/include/motion_msgs/msg/detail/ctrl_plot__rosidl_typesupport_introspection_cpp.hpp
[41.787s] -- Installing: /home/y/SA_CAO_test_ws/install/motion_msgs/include/motion_msgs/msg/detail/movement_ctrl_mode__rosidl_typesupport_introspection_cpp.hpp
[41.788s] -- Installing: /home/y/SA_CAO_test_ws/install/motion_msgs/lib/libmotion_msgs__rosidl_typesupport_introspection_cpp.so
[41.793s] -- Set runtime path of "/home/y/SA_CAO_test_ws/install/motion_msgs/lib/libmotion_msgs__rosidl_typesupport_introspection_cpp.so" to ""
[41.794s] -- Installing: /home/y/SA_CAO_test_ws/install/motion_msgs/lib/libmotion_msgs__rosidl_typesupport_cpp.so
[41.797s] -- Set runtime path of "/home/y/SA_CAO_test_ws/install/motion_msgs/lib/libmotion_msgs__rosidl_typesupport_cpp.so" to ""
[41.798s] -- Installing: /home/y/SA_CAO_test_ws/install/motion_msgs/share/motion_msgs/environment/pythonpath.sh
[41.799s] -- Installing: /home/y/SA_CAO_test_ws/install/motion_msgs/share/motion_msgs/environment/pythonpath.dsv
[41.801s] -- Installing: /home/y/SA_CAO_test_ws/install/motion_msgs/lib/python3.8/site-packages/motion_msgs/__init__.py
[41.873s] Compiling '/home/y/SA_CAO_test_ws/install/motion_msgs/lib/python3.8/site-packages/motion_msgs/__init__.py'...
[41.879s] -- Installing: /home/y/SA_CAO_test_ws/install/motion_msgs/lib/python3.8/site-packages/motion_msgs/msg
[41.879s] -- Installing: /home/y/SA_CAO_test_ws/install/motion_msgs/lib/python3.8/site-packages/motion_msgs/msg/_ctrl_plot_s.c
[41.880s] -- Installing: /home/y/SA_CAO_test_ws/install/motion_msgs/lib/python3.8/site-packages/motion_msgs/msg/_robot_status.py
[41.881s] -- Installing: /home/y/SA_CAO_test_ws/install/motion_msgs/lib/python3.8/site-packages/motion_msgs/msg/_movement_ctrl_mode_s.c
[41.883s] -- Installing: /home/y/SA_CAO_test_ws/install/motion_msgs/lib/python3.8/site-packages/motion_msgs/msg/_leg_motors_s.c
[41.884s] -- Installing: /home/y/SA_CAO_test_ws/install/motion_msgs/lib/python3.8/site-packages/motion_msgs/msg/__init__.py
[41.885s] -- Installing: /home/y/SA_CAO_test_ws/install/motion_msgs/lib/python3.8/site-packages/motion_msgs/msg/_movement_ctrl_data.py
[41.886s] -- Installing: /home/y/SA_CAO_test_ws/install/motion_msgs/lib/python3.8/site-packages/motion_msgs/msg/_ctrl_plot.py
[41.887s] -- Installing: /home/y/SA_CAO_test_ws/install/motion_msgs/lib/python3.8/site-packages/motion_msgs/msg/_motion_ctrl.py
[41.888s] -- Installing: /home/y/SA_CAO_test_ws/install/motion_msgs/lib/python3.8/site-packages/motion_msgs/msg/_motion_ctrl_s.c
[41.889s] -- Installing: /home/y/SA_CAO_test_ws/install/motion_msgs/lib/python3.8/site-packages/motion_msgs/msg/_leg_motors.py
[41.891s] -- Installing: /home/y/SA_CAO_test_ws/install/motion_msgs/lib/python3.8/site-packages/motion_msgs/msg/_robot_status_s.c
[41.892s] -- Installing: /home/y/SA_CAO_test_ws/install/motion_msgs/lib/python3.8/site-packages/motion_msgs/msg/_movement_ctrl_data_s.c
[41.893s] -- Installing: /home/y/SA_CAO_test_ws/install/motion_msgs/lib/python3.8/site-packages/motion_msgs/msg/_movement_ctrl_mode.py
[41.894s] -- Installing: /home/y/SA_CAO_test_ws/install/motion_msgs/lib/python3.8/site-packages/motion_msgs/motion_msgs_s__rosidl_typesupport_fastrtps_c.cpython-38-x86_64-linux-gnu.so
[41.898s] -- Set runtime path of "/home/y/SA_CAO_test_ws/install/motion_msgs/lib/python3.8/site-packages/motion_msgs/motion_msgs_s__rosidl_typesupport_fastrtps_c.cpython-38-x86_64-linux-gnu.so" to ""
[41.899s] -- Installing: /home/y/SA_CAO_test_ws/install/motion_msgs/lib/python3.8/site-packages/motion_msgs/motion_msgs_s__rosidl_typesupport_introspection_c.cpython-38-x86_64-linux-gnu.so
[41.903s] -- Set runtime path of "/home/y/SA_CAO_test_ws/install/motion_msgs/lib/python3.8/site-packages/motion_msgs/motion_msgs_s__rosidl_typesupport_introspection_c.cpython-38-x86_64-linux-gnu.so" to ""
[41.904s] -- Installing: /home/y/SA_CAO_test_ws/install/motion_msgs/lib/python3.8/site-packages/motion_msgs/motion_msgs_s__rosidl_typesupport_c.cpython-38-x86_64-linux-gnu.so
[41.908s] -- Set runtime path of "/home/y/SA_CAO_test_ws/install/motion_msgs/lib/python3.8/site-packages/motion_msgs/motion_msgs_s__rosidl_typesupport_c.cpython-38-x86_64-linux-gnu.so" to ""
[41.909s] -- Installing: /home/y/SA_CAO_test_ws/install/motion_msgs/lib/libmotion_msgs__python.so
[41.913s] -- Set runtime path of "/home/y/SA_CAO_test_ws/install/motion_msgs/lib/libmotion_msgs__python.so" to ""
[41.915s] -- Installing: /home/y/SA_CAO_test_ws/install/motion_msgs/share/motion_msgs/msg/CtrlPlot.idl
[41.916s] -- Installing: /home/y/SA_CAO_test_ws/install/motion_msgs/share/motion_msgs/msg/LegMotors.idl
[41.917s] -- Installing: /home/y/SA_CAO_test_ws/install/motion_msgs/share/motion_msgs/msg/MotionCtrl.idl
[41.919s] -- Installing: /home/y/SA_CAO_test_ws/install/motion_msgs/share/motion_msgs/msg/RobotStatus.idl
[41.920s] -- Installing: /home/y/SA_CAO_test_ws/install/motion_msgs/share/motion_msgs/msg/MovementCtrlData.idl
[41.921s] -- Installing: /home/y/SA_CAO_test_ws/install/motion_msgs/share/motion_msgs/msg/MovementCtrlMode.idl
[41.922s] -- Installing: /home/y/SA_CAO_test_ws/install/motion_msgs/share/motion_msgs/msg/CtrlPlot.msg
[41.923s] -- Installing: /home/y/SA_CAO_test_ws/install/motion_msgs/share/motion_msgs/msg/LegMotors.msg
[41.924s] -- Installing: /home/y/SA_CAO_test_ws/install/motion_msgs/share/motion_msgs/msg/MotionCtrl.msg
[41.926s] -- Installing: /home/y/SA_CAO_test_ws/install/motion_msgs/share/motion_msgs/msg/RobotStatus.msg
[41.927s] -- Installing: /home/y/SA_CAO_test_ws/install/motion_msgs/share/motion_msgs/msg/MovementCtrlData.msg
[41.928s] -- Installing: /home/y/SA_CAO_test_ws/install/motion_msgs/share/motion_msgs/msg/MovementCtrlMode.msg
[41.930s] -- Installing: /home/y/SA_CAO_test_ws/install/motion_msgs/share/ament_index/resource_index/package_run_dependencies/motion_msgs
[41.931s] -- Installing: /home/y/SA_CAO_test_ws/install/motion_msgs/share/ament_index/resource_index/parent_prefix_path/motion_msgs
[41.932s] -- Installing: /home/y/SA_CAO_test_ws/install/motion_msgs/share/motion_msgs/environment/ament_prefix_path.sh
[41.933s] -- Installing: /home/y/SA_CAO_test_ws/install/motion_msgs/share/motion_msgs/environment/ament_prefix_path.dsv
[41.935s] -- Installing: /home/y/SA_CAO_test_ws/install/motion_msgs/share/motion_msgs/environment/path.sh
[41.936s] -- Installing: /home/y/SA_CAO_test_ws/install/motion_msgs/share/motion_msgs/environment/path.dsv
[41.937s] -- Installing: /home/y/SA_CAO_test_ws/install/motion_msgs/share/motion_msgs/local_setup.bash
[41.938s] -- Installing: /home/y/SA_CAO_test_ws/install/motion_msgs/share/motion_msgs/local_setup.sh
[41.940s] -- Installing: /home/y/SA_CAO_test_ws/install/motion_msgs/share/motion_msgs/local_setup.zsh
[41.941s] -- Installing: /home/y/SA_CAO_test_ws/install/motion_msgs/share/motion_msgs/local_setup.dsv
[41.942s] -- Installing: /home/y/SA_CAO_test_ws/install/motion_msgs/share/motion_msgs/package.dsv
[41.945s] -- Installing: /home/y/SA_CAO_test_ws/install/motion_msgs/share/ament_index/resource_index/packages/motion_msgs
[41.946s] -- Installing: /home/y/SA_CAO_test_ws/install/motion_msgs/share/motion_msgs/cmake/motion_msgs__rosidl_generator_cExport.cmake
[41.950s] -- Installing: /home/y/SA_CAO_test_ws/install/motion_msgs/share/motion_msgs/cmake/motion_msgs__rosidl_generator_cExport-noconfig.cmake
[41.952s] -- Installing: /home/y/SA_CAO_test_ws/install/motion_msgs/share/motion_msgs/cmake/motion_msgs__rosidl_typesupport_introspection_cExport.cmake
[41.953s] -- Installing: /home/y/SA_CAO_test_ws/install/motion_msgs/share/motion_msgs/cmake/motion_msgs__rosidl_typesupport_introspection_cExport-noconfig.cmake
[41.954s] -- Installing: /home/y/SA_CAO_test_ws/install/motion_msgs/share/motion_msgs/cmake/motion_msgs__rosidl_typesupport_cExport.cmake
[41.955s] -- Installing: /home/y/SA_CAO_test_ws/install/motion_msgs/share/motion_msgs/cmake/motion_msgs__rosidl_typesupport_cExport-noconfig.cmake
[41.956s] -- Installing: /home/y/SA_CAO_test_ws/install/motion_msgs/share/motion_msgs/cmake/motion_msgs__rosidl_generator_cppExport.cmake
[41.958s] -- Installing: /home/y/SA_CAO_test_ws/install/motion_msgs/share/motion_msgs/cmake/motion_msgs__rosidl_typesupport_introspection_cppExport.cmake
[41.959s] -- Installing: /home/y/SA_CAO_test_ws/install/motion_msgs/share/motion_msgs/cmake/motion_msgs__rosidl_typesupport_introspection_cppExport-noconfig.cmake
[41.960s] -- Installing: /home/y/SA_CAO_test_ws/install/motion_msgs/share/motion_msgs/cmake/motion_msgs__rosidl_typesupport_cppExport.cmake
[41.961s] -- Installing: /home/y/SA_CAO_test_ws/install/motion_msgs/share/motion_msgs/cmake/motion_msgs__rosidl_typesupport_cppExport-noconfig.cmake
[41.964s] -- Installing: /home/y/SA_CAO_test_ws/install/motion_msgs/share/motion_msgs/cmake/rosidl_cmake-extras.cmake
[41.965s] -- Installing: /home/y/SA_CAO_test_ws/install/motion_msgs/share/motion_msgs/cmake/ament_cmake_export_dependencies-extras.cmake
[41.966s] -- Installing: /home/y/SA_CAO_test_ws/install/motion_msgs/share/motion_msgs/cmake/ament_cmake_export_libraries-extras.cmake
[41.967s] -- Installing: /home/y/SA_CAO_test_ws/install/motion_msgs/share/motion_msgs/cmake/ament_cmake_export_targets-extras.cmake
[41.968s] -- Installing: /home/y/SA_CAO_test_ws/install/motion_msgs/share/motion_msgs/cmake/ament_cmake_export_include_directories-extras.cmake
[41.970s] -- Installing: /home/y/SA_CAO_test_ws/install/motion_msgs/share/motion_msgs/cmake/rosidl_cmake_export_typesupport_libraries-extras.cmake
[41.971s] -- Installing: /home/y/SA_CAO_test_ws/install/motion_msgs/share/motion_msgs/cmake/rosidl_cmake_export_typesupport_targets-extras.cmake
[41.972s] -- Installing: /home/y/SA_CAO_test_ws/install/motion_msgs/share/motion_msgs/cmake/motion_msgsConfig.cmake
[41.973s] -- Installing: /home/y/SA_CAO_test_ws/install/motion_msgs/share/motion_msgs/cmake/motion_msgsConfig-version.cmake
[41.975s] -- Installing: /home/y/SA_CAO_test_ws/install/motion_msgs/share/motion_msgs/package.xml
[41.983s] Invoked command in '/home/y/SA_CAO_test_ws/build/motion_msgs' returned '0': CMAKE_PREFIX_PATH=/home/y/SA_CAO_test_ws/install/turtlebot3:/home/y/SA_CAO_test_ws/install/turtlebot3_simulations:/home/y/SA_CAO_test_ws/install/turtlebot3_bringup:/home/y/SA_CAO_test_ws/install/turtlebot3_node:/home/y/SA_CAO_test_ws/install/turtlebot3_navigation2:/home/y/SA_CAO_test_ws/install/turtlebot3_fake_node:/home/y/SA_CAO_test_ws/install/turtlebot3_msgs:/home/y/SA_CAO_test_ws/install/turtlebot3_gazebo:/home/y/SA_CAO_test_ws/install/turtlebot3_description:/home/y/SA_CAO_test_ws/install/turtlebot3_cartographer:/home/y/SA_CAO_test_ws/install/sub_diablo2023a:/home/y/SA_CAO_test_ws/install/motion_msgs:/home/y/SA_CAO_test_ws/install/hls_lfcd_lds_driver:/home/y/SA_CAO_test_ws/install/dynamixel_sdk_examples:/home/y/SA_CAO_test_ws/install/dynamixel_sdk_custom_interfaces:/home/y/SA_CAO_test_ws/install/dynamixel_sdk:/home/y/SA_CAO_test_ws/install/turtlebot3_teleop:/home/y/SA_CAO_test_ws/install/turtlebot3_example:/home/y/SA_CAO_test_ws/install/my_joystick:/home/y/SA_CAO_test_ws/install/launch_diablo:/opt/ros/foxy:/home/y/oradar_ros/install/oradar_lidar /usr/bin/cmake --install /home/y/SA_CAO_test_ws/build/motion_msgs
