[0.024s] Invoking command in '/home/y/SA_CAO/build/ception_msgs': CMAKE_PREFIX_PATH=/home/y/SA_CAO/install/diablo_simpose_trans:/home/y/SA_CAO/install/diablo_ctrl:/home/y/SA_CAO/install/diablo_body:/home/y/SA_CAO/install/diablo_utils:/home/y/SA_CAO/install/diablo_rviz2_control_plugin:/home/y/SA_CAO/install/motion_msgs:/home/y/SA_CAO/install/ception_msgs:/home/y/SA_CAO/install/my_xbox_joystick:/home/y/SA_CAO/install/diablo_teleop:/home/y/SA_CAO/install/diablo_simulation:/opt/ros/foxy:/home/y/oradar_ros/install/oradar_lidar /usr/bin/cmake --build /home/y/SA_CAO/build/ception_msgs -- -j2 -l2
[0.100s] [  9%] Built target ception_msgs__rosidl_generator_c
[0.115s] [ 12%] Built target ception_msgs__cpp
[0.156s] [ 22%] Built target ception_msgs__rosidl_typesupport_introspection_c
[0.186s] [ 32%] Built target ception_msgs__rosidl_typesupport_c
[0.206s] [ 41%] Built target ception_msgs__rosidl_typesupport_fastrtps_cpp
[0.259s] [ 51%] Built target ception_msgs__rosidl_typesupport_cpp
[0.268s] [ 61%] Built target ception_msgs__rosidl_typesupport_introspection_cpp
[0.301s] [ 70%] Built target ception_msgs__rosidl_typesupport_fastrtps_c
[0.332s] [ 70%] Built target ception_msgs
[0.356s] [ 74%] Built target ception_msgs__py
[0.388s] [ 80%] Built target ception_msgs__python
[0.447s] [ 87%] Built target ception_msgs__rosidl_typesupport_introspection_c__pyext
[0.447s] [ 93%] Built target ception_msgs__rosidl_typesupport_fastrtps_c__pyext
[0.476s] [100%] Built target ception_msgs__rosidl_typesupport_c__pyext
[0.488s] Invoked command in '/home/y/SA_CAO/build/ception_msgs' returned '0': CMAKE_PREFIX_PATH=/home/y/SA_CAO/install/diablo_simpose_trans:/home/y/SA_CAO/install/diablo_ctrl:/home/y/SA_CAO/install/diablo_body:/home/y/SA_CAO/install/diablo_utils:/home/y/SA_CAO/install/diablo_rviz2_control_plugin:/home/y/SA_CAO/install/motion_msgs:/home/y/SA_CAO/install/ception_msgs:/home/y/SA_CAO/install/my_xbox_joystick:/home/y/SA_CAO/install/diablo_teleop:/home/y/SA_CAO/install/diablo_simulation:/opt/ros/foxy:/home/y/oradar_ros/install/oradar_lidar /usr/bin/cmake --build /home/y/SA_CAO/build/ception_msgs -- -j2 -l2
[0.502s] Invoking command in '/home/y/SA_CAO/build/ception_msgs': CMAKE_PREFIX_PATH=/home/y/SA_CAO/install/diablo_simpose_trans:/home/y/SA_CAO/install/diablo_ctrl:/home/y/SA_CAO/install/diablo_body:/home/y/SA_CAO/install/diablo_utils:/home/y/SA_CAO/install/diablo_rviz2_control_plugin:/home/y/SA_CAO/install/motion_msgs:/home/y/SA_CAO/install/ception_msgs:/home/y/SA_CAO/install/my_xbox_joystick:/home/y/SA_CAO/install/diablo_teleop:/home/y/SA_CAO/install/diablo_simulation:/opt/ros/foxy:/home/y/oradar_ros/install/oradar_lidar /usr/bin/cmake --install /home/y/SA_CAO/build/ception_msgs
[0.514s] -- Install configuration: ""
[0.514s] -- Up-to-date: /home/y/SA_CAO/install/ception_msgs/share/ament_index/resource_index/rosidl_interfaces/ception_msgs
[0.514s] -- Up-to-date: /home/y/SA_CAO/install/ception_msgs/include/ception_msgs
[0.515s] -- Up-to-date: /home/y/SA_CAO/install/ception_msgs/include/ception_msgs/msg
[0.515s] -- Up-to-date: /home/y/SA_CAO/install/ception_msgs/include/ception_msgs/msg/imu_euler.h
[0.515s] -- Up-to-date: /home/y/SA_CAO/install/ception_msgs/include/ception_msgs/msg/rosidl_generator_c__visibility_control.h
[0.515s] -- Up-to-date: /home/y/SA_CAO/install/ception_msgs/include/ception_msgs/msg/detail
[0.515s] -- Up-to-date: /home/y/SA_CAO/install/ception_msgs/include/ception_msgs/msg/detail/imu_euler__functions.h
[0.515s] -- Up-to-date: /home/y/SA_CAO/install/ception_msgs/include/ception_msgs/msg/detail/imu_euler__functions.c
[0.515s] -- Up-to-date: /home/y/SA_CAO/install/ception_msgs/include/ception_msgs/msg/detail/imu_euler__struct.h
[0.516s] -- Up-to-date: /home/y/SA_CAO/install/ception_msgs/include/ception_msgs/msg/detail/imu_euler__type_support.h
[0.516s] -- Up-to-date: /home/y/SA_CAO/install/ception_msgs/share/ception_msgs/environment/library_path.sh
[0.516s] -- Up-to-date: /home/y/SA_CAO/install/ception_msgs/share/ception_msgs/environment/library_path.dsv
[0.516s] -- Up-to-date: /home/y/SA_CAO/install/ception_msgs/lib/libception_msgs__rosidl_generator_c.so
[0.517s] -- Up-to-date: /home/y/SA_CAO/install/ception_msgs/include/ception_msgs
[0.518s] -- Up-to-date: /home/y/SA_CAO/install/ception_msgs/include/ception_msgs/msg
[0.518s] -- Up-to-date: /home/y/SA_CAO/install/ception_msgs/include/ception_msgs/msg/detail
[0.518s] -- Up-to-date: /home/y/SA_CAO/install/ception_msgs/include/ception_msgs/msg/detail/imu_euler__rosidl_typesupport_fastrtps_c.h
[0.518s] -- Up-to-date: /home/y/SA_CAO/install/ception_msgs/include/ception_msgs/msg/rosidl_typesupport_fastrtps_c__visibility_control.h
[0.518s] -- Up-to-date: /home/y/SA_CAO/install/ception_msgs/lib/libception_msgs__rosidl_typesupport_fastrtps_c.so
[0.523s] -- Up-to-date: /home/y/SA_CAO/install/ception_msgs/include/ception_msgs
[0.523s] -- Up-to-date: /home/y/SA_CAO/install/ception_msgs/include/ception_msgs/msg
[0.523s] -- Up-to-date: /home/y/SA_CAO/install/ception_msgs/include/ception_msgs/msg/rosidl_typesupport_fastrtps_cpp__visibility_control.h
[0.523s] -- Up-to-date: /home/y/SA_CAO/install/ception_msgs/include/ception_msgs/msg/detail
[0.523s] -- Up-to-date: /home/y/SA_CAO/install/ception_msgs/include/ception_msgs/msg/detail/dds_fastrtps
[0.523s] -- Up-to-date: /home/y/SA_CAO/install/ception_msgs/include/ception_msgs/msg/detail/imu_euler__rosidl_typesupport_fastrtps_cpp.hpp
[0.523s] -- Up-to-date: /home/y/SA_CAO/install/ception_msgs/lib/libception_msgs__rosidl_typesupport_fastrtps_cpp.so
[0.523s] -- Up-to-date: /home/y/SA_CAO/install/ception_msgs/include/ception_msgs
[0.524s] -- Up-to-date: /home/y/SA_CAO/install/ception_msgs/include/ception_msgs/msg
[0.524s] -- Up-to-date: /home/y/SA_CAO/install/ception_msgs/include/ception_msgs/msg/rosidl_typesupport_introspection_c__visibility_control.h
[0.524s] -- Up-to-date: /home/y/SA_CAO/install/ception_msgs/include/ception_msgs/msg/detail
[0.524s] -- Up-to-date: /home/y/SA_CAO/install/ception_msgs/include/ception_msgs/msg/detail/imu_euler__type_support.c
[0.524s] -- Up-to-date: /home/y/SA_CAO/install/ception_msgs/include/ception_msgs/msg/detail/imu_euler__rosidl_typesupport_introspection_c.h
[0.524s] -- Up-to-date: /home/y/SA_CAO/install/ception_msgs/lib/libception_msgs__rosidl_typesupport_introspection_c.so
[0.525s] -- Up-to-date: /home/y/SA_CAO/install/ception_msgs/lib/libception_msgs__rosidl_typesupport_c.so
[0.525s] -- Up-to-date: /home/y/SA_CAO/install/ception_msgs/include/ception_msgs
[0.525s] -- Up-to-date: /home/y/SA_CAO/install/ception_msgs/include/ception_msgs/msg
[0.525s] -- Up-to-date: /home/y/SA_CAO/install/ception_msgs/include/ception_msgs/msg/rosidl_generator_cpp__visibility_control.hpp
[0.525s] -- Up-to-date: /home/y/SA_CAO/install/ception_msgs/include/ception_msgs/msg/imu_euler.hpp
[0.526s] -- Up-to-date: /home/y/SA_CAO/install/ception_msgs/include/ception_msgs/msg/detail
[0.526s] -- Up-to-date: /home/y/SA_CAO/install/ception_msgs/include/ception_msgs/msg/detail/imu_euler__builder.hpp
[0.526s] -- Up-to-date: /home/y/SA_CAO/install/ception_msgs/include/ception_msgs/msg/detail/imu_euler__traits.hpp
[0.526s] -- Up-to-date: /home/y/SA_CAO/install/ception_msgs/include/ception_msgs/msg/detail/imu_euler__type_support.hpp
[0.526s] -- Up-to-date: /home/y/SA_CAO/install/ception_msgs/include/ception_msgs/msg/detail/imu_euler__struct.hpp
[0.526s] -- Up-to-date: /home/y/SA_CAO/install/ception_msgs/include/ception_msgs
[0.526s] -- Up-to-date: /home/y/SA_CAO/install/ception_msgs/include/ception_msgs/msg
[0.526s] -- Up-to-date: /home/y/SA_CAO/install/ception_msgs/include/ception_msgs/msg/detail
[0.526s] -- Up-to-date: /home/y/SA_CAO/install/ception_msgs/include/ception_msgs/msg/detail/imu_euler__type_support.cpp
[0.526s] -- Up-to-date: /home/y/SA_CAO/install/ception_msgs/include/ception_msgs/msg/detail/imu_euler__rosidl_typesupport_introspection_cpp.hpp
[0.526s] -- Up-to-date: /home/y/SA_CAO/install/ception_msgs/lib/libception_msgs__rosidl_typesupport_introspection_cpp.so
[0.526s] -- Up-to-date: /home/y/SA_CAO/install/ception_msgs/lib/libception_msgs__rosidl_typesupport_cpp.so
[0.527s] -- Up-to-date: /home/y/SA_CAO/install/ception_msgs/share/ception_msgs/environment/pythonpath.sh
[0.527s] -- Up-to-date: /home/y/SA_CAO/install/ception_msgs/share/ception_msgs/environment/pythonpath.dsv
[0.527s] -- Up-to-date: /home/y/SA_CAO/install/ception_msgs/lib/python3.8/site-packages/ception_msgs/__init__.py
[0.572s] -- Up-to-date: /home/y/SA_CAO/install/ception_msgs/lib/python3.8/site-packages/ception_msgs/msg
[0.572s] -- Up-to-date: /home/y/SA_CAO/install/ception_msgs/lib/python3.8/site-packages/ception_msgs/msg/_imu_euler_s.c
[0.572s] -- Up-to-date: /home/y/SA_CAO/install/ception_msgs/lib/python3.8/site-packages/ception_msgs/msg/__init__.py
[0.572s] -- Up-to-date: /home/y/SA_CAO/install/ception_msgs/lib/python3.8/site-packages/ception_msgs/msg/_imu_euler.py
[0.572s] -- Up-to-date: /home/y/SA_CAO/install/ception_msgs/lib/python3.8/site-packages/ception_msgs/ception_msgs_s__rosidl_typesupport_fastrtps_c.cpython-38-x86_64-linux-gnu.so
[0.572s] -- Up-to-date: /home/y/SA_CAO/install/ception_msgs/lib/python3.8/site-packages/ception_msgs/ception_msgs_s__rosidl_typesupport_introspection_c.cpython-38-x86_64-linux-gnu.so
[0.572s] -- Up-to-date: /home/y/SA_CAO/install/ception_msgs/lib/python3.8/site-packages/ception_msgs/ception_msgs_s__rosidl_typesupport_c.cpython-38-x86_64-linux-gnu.so
[0.573s] -- Up-to-date: /home/y/SA_CAO/install/ception_msgs/lib/libception_msgs__python.so
[0.573s] -- Up-to-date: /home/y/SA_CAO/install/ception_msgs/share/ception_msgs/msg/IMUEuler.idl
[0.573s] -- Up-to-date: /home/y/SA_CAO/install/ception_msgs/share/ception_msgs/msg/IMUEuler.msg
[0.573s] -- Up-to-date: /home/y/SA_CAO/install/ception_msgs/share/ament_index/resource_index/package_run_dependencies/ception_msgs
[0.573s] -- Up-to-date: /home/y/SA_CAO/install/ception_msgs/share/ament_index/resource_index/parent_prefix_path/ception_msgs
[0.574s] -- Up-to-date: /home/y/SA_CAO/install/ception_msgs/share/ception_msgs/environment/ament_prefix_path.sh
[0.574s] -- Up-to-date: /home/y/SA_CAO/install/ception_msgs/share/ception_msgs/environment/ament_prefix_path.dsv
[0.574s] -- Up-to-date: /home/y/SA_CAO/install/ception_msgs/share/ception_msgs/environment/path.sh
[0.574s] -- Up-to-date: /home/y/SA_CAO/install/ception_msgs/share/ception_msgs/environment/path.dsv
[0.574s] -- Up-to-date: /home/y/SA_CAO/install/ception_msgs/share/ception_msgs/local_setup.bash
[0.574s] -- Up-to-date: /home/y/SA_CAO/install/ception_msgs/share/ception_msgs/local_setup.sh
[0.574s] -- Up-to-date: /home/y/SA_CAO/install/ception_msgs/share/ception_msgs/local_setup.zsh
[0.575s] -- Up-to-date: /home/y/SA_CAO/install/ception_msgs/share/ception_msgs/local_setup.dsv
[0.575s] -- Installing: /home/y/SA_CAO/install/ception_msgs/share/ception_msgs/package.dsv
[0.575s] -- Up-to-date: /home/y/SA_CAO/install/ception_msgs/share/ament_index/resource_index/packages/ception_msgs
[0.577s] -- Up-to-date: /home/y/SA_CAO/install/ception_msgs/share/ception_msgs/cmake/ception_msgs__rosidl_generator_cExport.cmake
[0.577s] -- Up-to-date: /home/y/SA_CAO/install/ception_msgs/share/ception_msgs/cmake/ception_msgs__rosidl_generator_cExport-noconfig.cmake
[0.577s] -- Up-to-date: /home/y/SA_CAO/install/ception_msgs/share/ception_msgs/cmake/ception_msgs__rosidl_typesupport_introspection_cExport.cmake
[0.578s] -- Up-to-date: /home/y/SA_CAO/install/ception_msgs/share/ception_msgs/cmake/ception_msgs__rosidl_typesupport_introspection_cExport-noconfig.cmake
[0.578s] -- Up-to-date: /home/y/SA_CAO/install/ception_msgs/share/ception_msgs/cmake/ception_msgs__rosidl_typesupport_cExport.cmake
[0.580s] -- Up-to-date: /home/y/SA_CAO/install/ception_msgs/share/ception_msgs/cmake/ception_msgs__rosidl_typesupport_cExport-noconfig.cmake
[0.580s] -- Up-to-date: /home/y/SA_CAO/install/ception_msgs/share/ception_msgs/cmake/ception_msgs__rosidl_generator_cppExport.cmake
[0.580s] -- Up-to-date: /home/y/SA_CAO/install/ception_msgs/share/ception_msgs/cmake/ception_msgs__rosidl_typesupport_introspection_cppExport.cmake
[0.580s] -- Up-to-date: /home/y/SA_CAO/install/ception_msgs/share/ception_msgs/cmake/ception_msgs__rosidl_typesupport_introspection_cppExport-noconfig.cmake
[0.580s] -- Up-to-date: /home/y/SA_CAO/install/ception_msgs/share/ception_msgs/cmake/ception_msgs__rosidl_typesupport_cppExport.cmake
[0.581s] -- Up-to-date: /home/y/SA_CAO/install/ception_msgs/share/ception_msgs/cmake/ception_msgs__rosidl_typesupport_cppExport-noconfig.cmake
[0.581s] -- Up-to-date: /home/y/SA_CAO/install/ception_msgs/share/ception_msgs/cmake/rosidl_cmake-extras.cmake
[0.582s] -- Up-to-date: /home/y/SA_CAO/install/ception_msgs/share/ception_msgs/cmake/ament_cmake_export_dependencies-extras.cmake
[0.582s] -- Up-to-date: /home/y/SA_CAO/install/ception_msgs/share/ception_msgs/cmake/ament_cmake_export_libraries-extras.cmake
[0.582s] -- Up-to-date: /home/y/SA_CAO/install/ception_msgs/share/ception_msgs/cmake/ament_cmake_export_targets-extras.cmake
[0.583s] -- Up-to-date: /home/y/SA_CAO/install/ception_msgs/share/ception_msgs/cmake/ament_cmake_export_include_directories-extras.cmake
[0.583s] -- Up-to-date: /home/y/SA_CAO/install/ception_msgs/share/ception_msgs/cmake/rosidl_cmake_export_typesupport_libraries-extras.cmake
[0.583s] -- Up-to-date: /home/y/SA_CAO/install/ception_msgs/share/ception_msgs/cmake/rosidl_cmake_export_typesupport_targets-extras.cmake
[0.583s] -- Up-to-date: /home/y/SA_CAO/install/ception_msgs/share/ception_msgs/cmake/ception_msgsConfig.cmake
[0.583s] -- Up-to-date: /home/y/SA_CAO/install/ception_msgs/share/ception_msgs/cmake/ception_msgsConfig-version.cmake
[0.583s] -- Up-to-date: /home/y/SA_CAO/install/ception_msgs/share/ception_msgs/package.xml
[0.603s] Invoked command in '/home/y/SA_CAO/build/ception_msgs' returned '0': CMAKE_PREFIX_PATH=/home/y/SA_CAO/install/diablo_simpose_trans:/home/y/SA_CAO/install/diablo_ctrl:/home/y/SA_CAO/install/diablo_body:/home/y/SA_CAO/install/diablo_utils:/home/y/SA_CAO/install/diablo_rviz2_control_plugin:/home/y/SA_CAO/install/motion_msgs:/home/y/SA_CAO/install/ception_msgs:/home/y/SA_CAO/install/my_xbox_joystick:/home/y/SA_CAO/install/diablo_teleop:/home/y/SA_CAO/install/diablo_simulation:/opt/ros/foxy:/home/y/oradar_ros/install/oradar_lidar /usr/bin/cmake --install /home/y/SA_CAO/build/ception_msgs
