[0.019s] Invoking command in '/home/y/SA_CAO_test_ws/build/dynamixel_sdk_examples': CMAKE_PREFIX_PATH=/home/y/SA_CAO_test_ws/install/dynamixel_sdk_custom_interfaces:/home/y/SA_CAO_test_ws/install/dynamixel_sdk:/home/y/SA_CAO_test_ws/install/turtlebot3:/home/y/SA_CAO_test_ws/install/turtlebot3_simulations:/home/y/SA_CAO_test_ws/install/turtlebot3_bringup:/home/y/SA_CAO_test_ws/install/turtlebot3_node:/home/y/SA_CAO_test_ws/install/turtlebot3_navigation2:/home/y/SA_CAO_test_ws/install/turtlebot3_fake_node:/home/y/SA_CAO_test_ws/install/turtlebot3_msgs:/home/y/SA_CAO_test_ws/install/turtlebot3_gazebo:/home/y/SA_CAO_test_ws/install/turtlebot3_description:/home/y/SA_CAO_test_ws/install/turtlebot3_cartographer:/home/y/SA_CAO_test_ws/install/sub_diablo2023a:/home/y/SA_CAO_test_ws/install/motion_msgs:/home/y/SA_CAO_test_ws/install/hls_lfcd_lds_driver:/home/y/SA_CAO_test_ws/install/dynamixel_sdk_examples:/home/y/SA_CAO_test_ws/install/turtlebot3_teleop:/home/y/SA_CAO_test_ws/install/turtlebot3_example:/home/y/SA_CAO_test_ws/install/my_joystick:/home/y/SA_CAO_test_ws/install/launch_diablo:/opt/ros/foxy:/home/y/oradar_ros/install/oradar_lidar LD_LIBRARY_PATH=/home/y/SA_CAO_test_ws/install/dynamixel_sdk_custom_interfaces/lib:/home/y/SA_CAO_test_ws/install/dynamixel_sdk/lib:/home/y/SA_CAO_test_ws/install/turtlebot3_msgs/lib:/home/y/SA_CAO_test_ws/install/motion_msgs/lib:/usr/lib/x86_64-linux-gnu/gazebo-11/plugins:/opt/ros/foxy/opt/yaml_cpp_vendor/lib:/opt/ros/foxy/opt/rviz_ogre_vendor/lib:/opt/ros/foxy/lib/x86_64-linux-gnu:/opt/ros/foxy/lib PYTHONPATH=/home/y/SA_CAO_test_ws/install/dynamixel_sdk_custom_interfaces/lib/python3.8/site-packages:/home/y/SA_CAO_test_ws/install/turtlebot3_teleop/lib/python3.8/site-packages:/home/y/SA_CAO_test_ws/install/turtlebot3_example/lib/python3.8/site-packages:/home/y/SA_CAO_test_ws/install/turtlebot3_msgs/lib/python3.8/site-packages:/home/y/SA_CAO_test_ws/install/my_joystick/lib/python3.8/site-packages:/home/y/SA_CAO_test_ws/install/motion_msgs/lib/python3.8/site-packages:/home/y/SA_CAO_test_ws/install/launch_diablo/lib/python3.8/site-packages:/opt/ros/foxy/lib/python3.8/site-packages /usr/bin/cmake /home/y/SA_CAO_test_ws/src/utils/DynamixelSDK/dynamixel_sdk_examples -DCMAKE_INSTALL_PREFIX=/home/y/SA_CAO_test_ws/install/dynamixel_sdk_examples
[0.082s] -- The C compiler identification is GNU 9.4.0
[0.138s] -- The CXX compiler identification is GNU 9.4.0
[0.142s] -- Check for working C compiler: /usr/bin/cc
[0.210s] -- Check for working C compiler: /usr/bin/cc -- works
[0.210s] -- Detecting C compiler ABI info
[0.278s] -- Detecting C compiler ABI info - done
[0.289s] -- Detecting C compile features
[0.289s] -- Detecting C compile features - done
[0.292s] -- Check for working CXX compiler: /usr/bin/c++
[0.369s] -- Check for working CXX compiler: /usr/bin/c++ -- works
[0.372s] -- Detecting CXX compiler ABI info
[0.453s] -- Detecting CXX compiler ABI info - done
[0.464s] -- Detecting CXX compile features
[0.465s] -- Detecting CXX compile features - done
[0.468s] -- Found ament_cmake: 0.9.12 (/opt/ros/foxy/share/ament_cmake/cmake)
[0.495s] -- Found PythonInterp: /usr/bin/python3 (found suitable version "3.8.10", minimum required is "3") 
[0.495s] -- Using PYTHON_EXECUTABLE: /usr/bin/python3
[0.685s] -- Found dynamixel_sdk: 3.7.40 (/home/y/SA_CAO_test_ws/install/dynamixel_sdk/share/dynamixel_sdk/cmake)
[0.686s] -- Found dynamixel_sdk_custom_interfaces: 3.7.40 (/home/y/SA_CAO_test_ws/install/dynamixel_sdk_custom_interfaces/share/dynamixel_sdk_custom_interfaces/cmake)
[0.723s] -- Using all available rosidl_typesupport_c: rosidl_typesupport_fastrtps_c;rosidl_typesupport_introspection_c
[0.732s] -- Found rosidl_adapter: 1.3.1 (/opt/ros/foxy/share/rosidl_adapter/cmake)
[0.820s] -- Found OpenSSL: /usr/lib/x86_64-linux-gnu/libcrypto.so (found version "1.1.1f")  
[0.850s] -- Found FastRTPS: /opt/ros/foxy/include  
[0.932s] -- Using all available rosidl_typesupport_cpp: rosidl_typesupport_fastrtps_cpp;rosidl_typesupport_introspection_cpp
[0.983s] -- Found rclcpp: 2.4.3 (/opt/ros/foxy/share/rclcpp/cmake)
[1.036s] -- Found rmw_implementation_cmake: 1.0.4 (/opt/ros/foxy/share/rmw_implementation_cmake/cmake)
[1.038s] -- Using RMW implementation 'rmw_fastrtps_cpp' as default
[1.039s] -- Looking for pthread.h
[1.123s] -- Looking for pthread.h - found
[1.123s] -- Performing Test CMAKE_HAVE_LIBC_PTHREAD
[1.192s] -- Performing Test CMAKE_HAVE_LIBC_PTHREAD - Failed
[1.193s] -- Looking for pthread_create in pthreads
[1.250s] -- Looking for pthread_create in pthreads - not found
[1.250s] -- Looking for pthread_create in pthread
[1.320s] -- Looking for pthread_create in pthread - found
[1.321s] -- Found Threads: TRUE  
[1.480s] -- Found ament_lint_auto: 0.9.8 (/opt/ros/foxy/share/ament_lint_auto/cmake)
[1.555s] -- Added test 'copyright' to check source files copyright and LICENSE
[1.556s] -- Added test 'cppcheck' to perform static code analysis on C / C++ code
[1.557s] -- Configured cppcheck include dirs: /home/y/SA_CAO_test_ws/src/utils/DynamixelSDK/dynamixel_sdk_examples/include
[1.557s] -- Configured cppcheck exclude dirs and/or files: 
[1.558s] -- Added test 'cpplint' to check C / C++ code against the Google style
[1.558s] -- Configured cpplint exclude dirs and/or files: 
[1.559s] -- Added test 'lint_cmake' to check CMake code style
[1.560s] -- Added test 'uncrustify' to check C / C++ code style
[1.560s] -- Configured uncrustify additional arguments: 
[1.561s] -- Added test 'xmllint' to check XML markup files
[1.564s] -- Configuring done
[1.571s] -- Generating done
[1.575s] -- Build files have been written to: /home/y/SA_CAO_test_ws/build/dynamixel_sdk_examples
[1.585s] Invoked command in '/home/y/SA_CAO_test_ws/build/dynamixel_sdk_examples' returned '0': CMAKE_PREFIX_PATH=/home/y/SA_CAO_test_ws/install/dynamixel_sdk_custom_interfaces:/home/y/SA_CAO_test_ws/install/dynamixel_sdk:/home/y/SA_CAO_test_ws/install/turtlebot3:/home/y/SA_CAO_test_ws/install/turtlebot3_simulations:/home/y/SA_CAO_test_ws/install/turtlebot3_bringup:/home/y/SA_CAO_test_ws/install/turtlebot3_node:/home/y/SA_CAO_test_ws/install/turtlebot3_navigation2:/home/y/SA_CAO_test_ws/install/turtlebot3_fake_node:/home/y/SA_CAO_test_ws/install/turtlebot3_msgs:/home/y/SA_CAO_test_ws/install/turtlebot3_gazebo:/home/y/SA_CAO_test_ws/install/turtlebot3_description:/home/y/SA_CAO_test_ws/install/turtlebot3_cartographer:/home/y/SA_CAO_test_ws/install/sub_diablo2023a:/home/y/SA_CAO_test_ws/install/motion_msgs:/home/y/SA_CAO_test_ws/install/hls_lfcd_lds_driver:/home/y/SA_CAO_test_ws/install/dynamixel_sdk_examples:/home/y/SA_CAO_test_ws/install/turtlebot3_teleop:/home/y/SA_CAO_test_ws/install/turtlebot3_example:/home/y/SA_CAO_test_ws/install/my_joystick:/home/y/SA_CAO_test_ws/install/launch_diablo:/opt/ros/foxy:/home/y/oradar_ros/install/oradar_lidar LD_LIBRARY_PATH=/home/y/SA_CAO_test_ws/install/dynamixel_sdk_custom_interfaces/lib:/home/y/SA_CAO_test_ws/install/dynamixel_sdk/lib:/home/y/SA_CAO_test_ws/install/turtlebot3_msgs/lib:/home/y/SA_CAO_test_ws/install/motion_msgs/lib:/usr/lib/x86_64-linux-gnu/gazebo-11/plugins:/opt/ros/foxy/opt/yaml_cpp_vendor/lib:/opt/ros/foxy/opt/rviz_ogre_vendor/lib:/opt/ros/foxy/lib/x86_64-linux-gnu:/opt/ros/foxy/lib PYTHONPATH=/home/y/SA_CAO_test_ws/install/dynamixel_sdk_custom_interfaces/lib/python3.8/site-packages:/home/y/SA_CAO_test_ws/install/turtlebot3_teleop/lib/python3.8/site-packages:/home/y/SA_CAO_test_ws/install/turtlebot3_example/lib/python3.8/site-packages:/home/y/SA_CAO_test_ws/install/turtlebot3_msgs/lib/python3.8/site-packages:/home/y/SA_CAO_test_ws/install/my_joystick/lib/python3.8/site-packages:/home/y/SA_CAO_test_ws/install/motion_msgs/lib/python3.8/site-packages:/home/y/SA_CAO_test_ws/install/launch_diablo/lib/python3.8/site-packages:/opt/ros/foxy/lib/python3.8/site-packages /usr/bin/cmake /home/y/SA_CAO_test_ws/src/utils/DynamixelSDK/dynamixel_sdk_examples -DCMAKE_INSTALL_PREFIX=/home/y/SA_CAO_test_ws/install/dynamixel_sdk_examples
[1.586s] Invoking command in '/home/y/SA_CAO_test_ws/build/dynamixel_sdk_examples': CMAKE_PREFIX_PATH=/home/y/SA_CAO_test_ws/install/dynamixel_sdk_custom_interfaces:/home/y/SA_CAO_test_ws/install/dynamixel_sdk:/home/y/SA_CAO_test_ws/install/turtlebot3:/home/y/SA_CAO_test_ws/install/turtlebot3_simulations:/home/y/SA_CAO_test_ws/install/turtlebot3_bringup:/home/y/SA_CAO_test_ws/install/turtlebot3_node:/home/y/SA_CAO_test_ws/install/turtlebot3_navigation2:/home/y/SA_CAO_test_ws/install/turtlebot3_fake_node:/home/y/SA_CAO_test_ws/install/turtlebot3_msgs:/home/y/SA_CAO_test_ws/install/turtlebot3_gazebo:/home/y/SA_CAO_test_ws/install/turtlebot3_description:/home/y/SA_CAO_test_ws/install/turtlebot3_cartographer:/home/y/SA_CAO_test_ws/install/sub_diablo2023a:/home/y/SA_CAO_test_ws/install/motion_msgs:/home/y/SA_CAO_test_ws/install/hls_lfcd_lds_driver:/home/y/SA_CAO_test_ws/install/dynamixel_sdk_examples:/home/y/SA_CAO_test_ws/install/turtlebot3_teleop:/home/y/SA_CAO_test_ws/install/turtlebot3_example:/home/y/SA_CAO_test_ws/install/my_joystick:/home/y/SA_CAO_test_ws/install/launch_diablo:/opt/ros/foxy:/home/y/oradar_ros/install/oradar_lidar LD_LIBRARY_PATH=/home/y/SA_CAO_test_ws/install/dynamixel_sdk_custom_interfaces/lib:/home/y/SA_CAO_test_ws/install/dynamixel_sdk/lib:/home/y/SA_CAO_test_ws/install/turtlebot3_msgs/lib:/home/y/SA_CAO_test_ws/install/motion_msgs/lib:/usr/lib/x86_64-linux-gnu/gazebo-11/plugins:/opt/ros/foxy/opt/yaml_cpp_vendor/lib:/opt/ros/foxy/opt/rviz_ogre_vendor/lib:/opt/ros/foxy/lib/x86_64-linux-gnu:/opt/ros/foxy/lib PYTHONPATH=/home/y/SA_CAO_test_ws/install/dynamixel_sdk_custom_interfaces/lib/python3.8/site-packages:/home/y/SA_CAO_test_ws/install/turtlebot3_teleop/lib/python3.8/site-packages:/home/y/SA_CAO_test_ws/install/turtlebot3_example/lib/python3.8/site-packages:/home/y/SA_CAO_test_ws/install/turtlebot3_msgs/lib/python3.8/site-packages:/home/y/SA_CAO_test_ws/install/my_joystick/lib/python3.8/site-packages:/home/y/SA_CAO_test_ws/install/motion_msgs/lib/python3.8/site-packages:/home/y/SA_CAO_test_ws/install/launch_diablo/lib/python3.8/site-packages:/opt/ros/foxy/lib/python3.8/site-packages /usr/bin/cmake --build /home/y/SA_CAO_test_ws/build/dynamixel_sdk_examples -- -j2 -l2
[1.636s] [35m[1mScanning dependencies of target read_write_node[0m
[1.684s] [ 50%] [32mBuilding CXX object CMakeFiles/read_write_node.dir/src/read_write_node.cpp.o[0m
[6.458s] [100%] [32m[1mLinking CXX executable read_write_node[0m
[6.661s] [100%] Built target read_write_node
[6.674s] Invoked command in '/home/y/SA_CAO_test_ws/build/dynamixel_sdk_examples' returned '0': CMAKE_PREFIX_PATH=/home/y/SA_CAO_test_ws/install/dynamixel_sdk_custom_interfaces:/home/y/SA_CAO_test_ws/install/dynamixel_sdk:/home/y/SA_CAO_test_ws/install/turtlebot3:/home/y/SA_CAO_test_ws/install/turtlebot3_simulations:/home/y/SA_CAO_test_ws/install/turtlebot3_bringup:/home/y/SA_CAO_test_ws/install/turtlebot3_node:/home/y/SA_CAO_test_ws/install/turtlebot3_navigation2:/home/y/SA_CAO_test_ws/install/turtlebot3_fake_node:/home/y/SA_CAO_test_ws/install/turtlebot3_msgs:/home/y/SA_CAO_test_ws/install/turtlebot3_gazebo:/home/y/SA_CAO_test_ws/install/turtlebot3_description:/home/y/SA_CAO_test_ws/install/turtlebot3_cartographer:/home/y/SA_CAO_test_ws/install/sub_diablo2023a:/home/y/SA_CAO_test_ws/install/motion_msgs:/home/y/SA_CAO_test_ws/install/hls_lfcd_lds_driver:/home/y/SA_CAO_test_ws/install/dynamixel_sdk_examples:/home/y/SA_CAO_test_ws/install/turtlebot3_teleop:/home/y/SA_CAO_test_ws/install/turtlebot3_example:/home/y/SA_CAO_test_ws/install/my_joystick:/home/y/SA_CAO_test_ws/install/launch_diablo:/opt/ros/foxy:/home/y/oradar_ros/install/oradar_lidar LD_LIBRARY_PATH=/home/y/SA_CAO_test_ws/install/dynamixel_sdk_custom_interfaces/lib:/home/y/SA_CAO_test_ws/install/dynamixel_sdk/lib:/home/y/SA_CAO_test_ws/install/turtlebot3_msgs/lib:/home/y/SA_CAO_test_ws/install/motion_msgs/lib:/usr/lib/x86_64-linux-gnu/gazebo-11/plugins:/opt/ros/foxy/opt/yaml_cpp_vendor/lib:/opt/ros/foxy/opt/rviz_ogre_vendor/lib:/opt/ros/foxy/lib/x86_64-linux-gnu:/opt/ros/foxy/lib PYTHONPATH=/home/y/SA_CAO_test_ws/install/dynamixel_sdk_custom_interfaces/lib/python3.8/site-packages:/home/y/SA_CAO_test_ws/install/turtlebot3_teleop/lib/python3.8/site-packages:/home/y/SA_CAO_test_ws/install/turtlebot3_example/lib/python3.8/site-packages:/home/y/SA_CAO_test_ws/install/turtlebot3_msgs/lib/python3.8/site-packages:/home/y/SA_CAO_test_ws/install/my_joystick/lib/python3.8/site-packages:/home/y/SA_CAO_test_ws/install/motion_msgs/lib/python3.8/site-packages:/home/y/SA_CAO_test_ws/install/launch_diablo/lib/python3.8/site-packages:/opt/ros/foxy/lib/python3.8/site-packages /usr/bin/cmake --build /home/y/SA_CAO_test_ws/build/dynamixel_sdk_examples -- -j2 -l2
[6.675s] Invoking command in '/home/y/SA_CAO_test_ws/build/dynamixel_sdk_examples': CMAKE_PREFIX_PATH=/home/y/SA_CAO_test_ws/install/dynamixel_sdk_custom_interfaces:/home/y/SA_CAO_test_ws/install/dynamixel_sdk:/home/y/SA_CAO_test_ws/install/turtlebot3:/home/y/SA_CAO_test_ws/install/turtlebot3_simulations:/home/y/SA_CAO_test_ws/install/turtlebot3_bringup:/home/y/SA_CAO_test_ws/install/turtlebot3_node:/home/y/SA_CAO_test_ws/install/turtlebot3_navigation2:/home/y/SA_CAO_test_ws/install/turtlebot3_fake_node:/home/y/SA_CAO_test_ws/install/turtlebot3_msgs:/home/y/SA_CAO_test_ws/install/turtlebot3_gazebo:/home/y/SA_CAO_test_ws/install/turtlebot3_description:/home/y/SA_CAO_test_ws/install/turtlebot3_cartographer:/home/y/SA_CAO_test_ws/install/sub_diablo2023a:/home/y/SA_CAO_test_ws/install/motion_msgs:/home/y/SA_CAO_test_ws/install/hls_lfcd_lds_driver:/home/y/SA_CAO_test_ws/install/dynamixel_sdk_examples:/home/y/SA_CAO_test_ws/install/turtlebot3_teleop:/home/y/SA_CAO_test_ws/install/turtlebot3_example:/home/y/SA_CAO_test_ws/install/my_joystick:/home/y/SA_CAO_test_ws/install/launch_diablo:/opt/ros/foxy:/home/y/oradar_ros/install/oradar_lidar LD_LIBRARY_PATH=/home/y/SA_CAO_test_ws/install/dynamixel_sdk_custom_interfaces/lib:/home/y/SA_CAO_test_ws/install/dynamixel_sdk/lib:/home/y/SA_CAO_test_ws/install/turtlebot3_msgs/lib:/home/y/SA_CAO_test_ws/install/motion_msgs/lib:/usr/lib/x86_64-linux-gnu/gazebo-11/plugins:/opt/ros/foxy/opt/yaml_cpp_vendor/lib:/opt/ros/foxy/opt/rviz_ogre_vendor/lib:/opt/ros/foxy/lib/x86_64-linux-gnu:/opt/ros/foxy/lib PYTHONPATH=/home/y/SA_CAO_test_ws/install/dynamixel_sdk_custom_interfaces/lib/python3.8/site-packages:/home/y/SA_CAO_test_ws/install/turtlebot3_teleop/lib/python3.8/site-packages:/home/y/SA_CAO_test_ws/install/turtlebot3_example/lib/python3.8/site-packages:/home/y/SA_CAO_test_ws/install/turtlebot3_msgs/lib/python3.8/site-packages:/home/y/SA_CAO_test_ws/install/my_joystick/lib/python3.8/site-packages:/home/y/SA_CAO_test_ws/install/motion_msgs/lib/python3.8/site-packages:/home/y/SA_CAO_test_ws/install/launch_diablo/lib/python3.8/site-packages:/opt/ros/foxy/lib/python3.8/site-packages /usr/bin/cmake --install /home/y/SA_CAO_test_ws/build/dynamixel_sdk_examples
[6.684s] -- Install configuration: ""
[6.684s] -- Installing: /home/y/SA_CAO_test_ws/install/dynamixel_sdk_examples/lib/dynamixel_sdk_examples/read_write_node
[6.686s] -- Set runtime path of "/home/y/SA_CAO_test_ws/install/dynamixel_sdk_examples/lib/dynamixel_sdk_examples/read_write_node" to ""
[6.687s] -- Installing: /home/y/SA_CAO_test_ws/install/dynamixel_sdk_examples/share/ament_index/resource_index/package_run_dependencies/dynamixel_sdk_examples
[6.687s] -- Installing: /home/y/SA_CAO_test_ws/install/dynamixel_sdk_examples/share/ament_index/resource_index/parent_prefix_path/dynamixel_sdk_examples
[6.687s] -- Installing: /home/y/SA_CAO_test_ws/install/dynamixel_sdk_examples/share/dynamixel_sdk_examples/environment/ament_prefix_path.sh
[6.688s] -- Installing: /home/y/SA_CAO_test_ws/install/dynamixel_sdk_examples/share/dynamixel_sdk_examples/environment/ament_prefix_path.dsv
[6.688s] -- Installing: /home/y/SA_CAO_test_ws/install/dynamixel_sdk_examples/share/dynamixel_sdk_examples/environment/path.sh
[6.688s] -- Installing: /home/y/SA_CAO_test_ws/install/dynamixel_sdk_examples/share/dynamixel_sdk_examples/environment/path.dsv
[6.688s] -- Installing: /home/y/SA_CAO_test_ws/install/dynamixel_sdk_examples/share/dynamixel_sdk_examples/local_setup.bash
[6.688s] -- Installing: /home/y/SA_CAO_test_ws/install/dynamixel_sdk_examples/share/dynamixel_sdk_examples/local_setup.sh
[6.689s] -- Installing: /home/y/SA_CAO_test_ws/install/dynamixel_sdk_examples/share/dynamixel_sdk_examples/local_setup.zsh
[6.689s] -- Installing: /home/y/SA_CAO_test_ws/install/dynamixel_sdk_examples/share/dynamixel_sdk_examples/local_setup.dsv
[6.689s] -- Installing: /home/y/SA_CAO_test_ws/install/dynamixel_sdk_examples/share/dynamixel_sdk_examples/package.dsv
[6.690s] -- Installing: /home/y/SA_CAO_test_ws/install/dynamixel_sdk_examples/share/ament_index/resource_index/packages/dynamixel_sdk_examples
[6.690s] -- Installing: /home/y/SA_CAO_test_ws/install/dynamixel_sdk_examples/share/dynamixel_sdk_examples/cmake/dynamixel_sdk_examplesConfig.cmake
[6.690s] -- Installing: /home/y/SA_CAO_test_ws/install/dynamixel_sdk_examples/share/dynamixel_sdk_examples/cmake/dynamixel_sdk_examplesConfig-version.cmake
[6.691s] -- Installing: /home/y/SA_CAO_test_ws/install/dynamixel_sdk_examples/share/dynamixel_sdk_examples/package.xml
[6.695s] Invoked command in '/home/y/SA_CAO_test_ws/build/dynamixel_sdk_examples' returned '0': CMAKE_PREFIX_PATH=/home/y/SA_CAO_test_ws/install/dynamixel_sdk_custom_interfaces:/home/y/SA_CAO_test_ws/install/dynamixel_sdk:/home/y/SA_CAO_test_ws/install/turtlebot3:/home/y/SA_CAO_test_ws/install/turtlebot3_simulations:/home/y/SA_CAO_test_ws/install/turtlebot3_bringup:/home/y/SA_CAO_test_ws/install/turtlebot3_node:/home/y/SA_CAO_test_ws/install/turtlebot3_navigation2:/home/y/SA_CAO_test_ws/install/turtlebot3_fake_node:/home/y/SA_CAO_test_ws/install/turtlebot3_msgs:/home/y/SA_CAO_test_ws/install/turtlebot3_gazebo:/home/y/SA_CAO_test_ws/install/turtlebot3_description:/home/y/SA_CAO_test_ws/install/turtlebot3_cartographer:/home/y/SA_CAO_test_ws/install/sub_diablo2023a:/home/y/SA_CAO_test_ws/install/motion_msgs:/home/y/SA_CAO_test_ws/install/hls_lfcd_lds_driver:/home/y/SA_CAO_test_ws/install/dynamixel_sdk_examples:/home/y/SA_CAO_test_ws/install/turtlebot3_teleop:/home/y/SA_CAO_test_ws/install/turtlebot3_example:/home/y/SA_CAO_test_ws/install/my_joystick:/home/y/SA_CAO_test_ws/install/launch_diablo:/opt/ros/foxy:/home/y/oradar_ros/install/oradar_lidar LD_LIBRARY_PATH=/home/y/SA_CAO_test_ws/install/dynamixel_sdk_custom_interfaces/lib:/home/y/SA_CAO_test_ws/install/dynamixel_sdk/lib:/home/y/SA_CAO_test_ws/install/turtlebot3_msgs/lib:/home/y/SA_CAO_test_ws/install/motion_msgs/lib:/usr/lib/x86_64-linux-gnu/gazebo-11/plugins:/opt/ros/foxy/opt/yaml_cpp_vendor/lib:/opt/ros/foxy/opt/rviz_ogre_vendor/lib:/opt/ros/foxy/lib/x86_64-linux-gnu:/opt/ros/foxy/lib PYTHONPATH=/home/y/SA_CAO_test_ws/install/dynamixel_sdk_custom_interfaces/lib/python3.8/site-packages:/home/y/SA_CAO_test_ws/install/turtlebot3_teleop/lib/python3.8/site-packages:/home/y/SA_CAO_test_ws/install/turtlebot3_example/lib/python3.8/site-packages:/home/y/SA_CAO_test_ws/install/turtlebot3_msgs/lib/python3.8/site-packages:/home/y/SA_CAO_test_ws/install/my_joystick/lib/python3.8/site-packages:/home/y/SA_CAO_test_ws/install/motion_msgs/lib/python3.8/site-packages:/home/y/SA_CAO_test_ws/install/launch_diablo/lib/python3.8/site-packages:/opt/ros/foxy/lib/python3.8/site-packages /usr/bin/cmake --install /home/y/SA_CAO_test_ws/build/dynamixel_sdk_examples
