[0.012s] Invoking command in '/home/y/SA_CAO/build/diablo_rviz2_control_plugin': AMENT_PREFIX_PATH=/home/y/SA_CAO/install/motion_msgs:${AMENT_PREFIX_PATH} CMAKE_PREFIX_PATH=/home/y/SA_CAO/install/motion_msgs:/opt/ros/foxy:${CMAKE_PREFIX_PATH} LD_LIBRARY_PATH=/home/y/SA_CAO/install/motion_msgs/lib:${LD_LIBRARY_PATH} PYTHONPATH=/home/y/SA_CAO/install/motion_msgs/lib/python3.8/site-packages:${PYTHONPATH} /usr/bin/cmake /home/y/SA_CAO/src/diablo_ros2/diablo_visualise/diablo_rviz2_plugin -DCMAKE_INSTALL_PREFIX=/home/y/SA_CAO/install/diablo_rviz2_control_plugin
[0.069s] -- The C compiler identification is GNU 9.4.0
[0.106s] -- The CXX compiler identification is GNU 9.4.0
[0.110s] -- Check for working C compiler: /usr/bin/cc
[0.183s] -- Check for working C compiler: /usr/bin/cc -- works
[0.183s] -- Detecting C compiler ABI info
[0.249s] -- Detecting C compiler ABI info - done
[0.258s] -- Detecting C compile features
[0.259s] -- Detecting C compile features - done
[0.261s] -- Check for working CXX compiler: /usr/bin/c++
[0.329s] -- Check for working CXX compiler: /usr/bin/c++ -- works
[0.329s] -- Detecting CXX compiler ABI info
[0.398s] -- Detecting CXX compiler ABI info - done
[0.408s] -- Detecting CXX compile features
[0.409s] -- Detecting CXX compile features - done
[0.411s] -- Found ament_cmake: 0.9.12 (/opt/ros/foxy/share/ament_cmake/cmake)
[0.429s] -- Found PythonInterp: /usr/bin/python3 (found suitable version "3.8.10", minimum required is "3") 
[0.431s] -- Using PYTHON_EXECUTABLE: /usr/bin/python3
[0.587s] -- Found rclcpp: 2.4.3 (/opt/ros/foxy/share/rclcpp/cmake)
[0.646s] -- Using all available rosidl_typesupport_c: rosidl_typesupport_fastrtps_c;rosidl_typesupport_introspection_c
[0.652s] -- Found rosidl_adapter: 1.3.1 (/opt/ros/foxy/share/rosidl_adapter/cmake)
[0.722s] -- Found OpenSSL: /usr/lib/x86_64-linux-gnu/libcrypto.so (found version "1.1.1f")  
[0.746s] -- Found FastRTPS: /opt/ros/foxy/include  
[0.813s] -- Using all available rosidl_typesupport_cpp: rosidl_typesupport_fastrtps_cpp;rosidl_typesupport_introspection_cpp
[0.877s] -- Found rmw_implementation_cmake: 1.0.4 (/opt/ros/foxy/share/rmw_implementation_cmake/cmake)
[0.880s] -- Using RMW implementation 'rmw_fastrtps_cpp' as default
[0.883s] -- Looking for pthread.h
[0.949s] -- Looking for pthread.h - found
[0.949s] -- Performing Test CMAKE_HAVE_LIBC_PTHREAD
[1.021s] -- Performing Test CMAKE_HAVE_LIBC_PTHREAD - Failed
[1.021s] -- Looking for pthread_create in pthreads
[1.073s] -- Looking for pthread_create in pthreads - not found
[1.073s] -- Looking for pthread_create in pthread
[1.132s] -- Looking for pthread_create in pthread - found
[1.132s] -- Found Threads: TRUE  
[1.292s] -- Found rviz_common: 8.2.8 (/opt/ros/foxy/share/rviz_common/cmake)
[1.344s] -- Setting OGRE_DIR to: '/opt/ros/foxy/share/rviz_ogre_vendor/cmake/../../../opt/rviz_ogre_vendor/lib/OGRE/cmake'
[1.348s] -- Found OGRE
[1.349s] --   static     : OFF
[1.349s] --   components : HLMS;MeshLodGenerator;Overlay;Paging;Property;RTShaderSystem;Terrain;Volume
[1.349s] --   plugins    : Plugin_BSPSceneManager;Plugin_OctreeSceneManager;Plugin_PCZSceneManager;Plugin_ParticleFX;RenderSystem_GL;RenderSystem_GL3Plus;Codec_STBI
[1.349s] --   media      : /opt/ros/foxy/opt/rviz_ogre_vendor/share/OGRE/Media
[1.349s] -- OGRE_LIBRARIES: OgreHLMS;OgreMeshLodGenerator;OgreOverlay;OgrePaging;OgreProperty;OgreRTShaderSystem;OgreTerrain;OgreVolume;OgreMain
[1.349s] -- OGRE_LIBRARY_DIRS: /opt/ros/foxy/opt/rviz_ogre_vendor/lib
[1.349s] -- OGRE_PLUGINS: Plugin_BSPSceneManager;Plugin_OctreeSceneManager;Plugin_PCZSceneManager;Plugin_ParticleFX;RenderSystem_GL;RenderSystem_GL3Plus;Codec_STBI
[1.349s] -- OGRE_PLUGIN_DIR: /opt/ros/foxy/opt/rviz_ogre_vendor/lib/OGRE
[1.350s] -- rviz_ogre_vendor::OgreOverlay for IMPORTED_LOCATION_RELEASE: /opt/ros/foxy/opt/rviz_ogre_vendor/lib/libOgreOverlay.so
[1.350s] -- rviz_ogre_vendor::OgreOverlay for IMPORTED_LOCATION_DEBUG: /opt/ros/foxy/opt/rviz_ogre_vendor/lib/libOgreOverlay.so
[1.351s] -- rviz_ogre_vendor::OgreMain for IMPORTED_LOCATION_RELEASE: /opt/ros/foxy/opt/rviz_ogre_vendor/lib/libOgreMain.so
[1.351s] -- rviz_ogre_vendor::OgreMain for IMPORTED_LOCATION_DEBUG: /opt/ros/foxy/opt/rviz_ogre_vendor/lib/libOgreMain.so
[1.377s] -- Found ZLIB: /usr/lib/x86_64-linux-gnu/libz.so (found version "1.2.11") 
[1.384s] -- Found OpenGL: /usr/lib/x86_64-linux-gnu/libOpenGL.so   
[1.487s] -- Found X11: /usr/include   
[1.488s] -- Looking for XOpenDisplay in /usr/lib/x86_64-linux-gnu/libX11.so;/usr/lib/x86_64-linux-gnu/libXext.so
[1.685s] -- Looking for XOpenDisplay in /usr/lib/x86_64-linux-gnu/libX11.so;/usr/lib/x86_64-linux-gnu/libXext.so - found
[1.689s] -- Looking for gethostbyname
[1.847s] -- Looking for gethostbyname - found
[1.848s] -- Looking for connect
[1.957s] -- Looking for connect - found
[1.958s] -- Looking for remove
[2.130s] -- Looking for remove - found
[2.130s] -- Looking for shmat
[2.474s] -- Looking for shmat - found
[2.474s] -- Looking for IceConnectionNumber in ICE
[2.540s] -- Looking for IceConnectionNumber in ICE - found
[2.543s] -- rviz_ogre_vendor::RenderSystem_GL for IMPORTED_LOCATION_RELEASE: _render_system_gl_static_library_abs-NOTFOUND
[2.543s] -- rviz_ogre_vendor::RenderSystem_GL for IMPORTED_LOCATION_DEBUG: _render_system_gl_static_library_abs-NOTFOUND
[2.555s] -- library: libassimp.so.5
[2.824s] -- library: /usr/lib/x86_64-linux-gnu/libcurl.so
[3.289s] -- Found Eigen3: TRUE (found version "3.3.7") 
[3.838s] -- Setting yaml-cpp_DIR to: '/opt/ros/foxy/share/yaml_cpp_vendor/cmake/../../../opt/yaml_cpp_vendor/lib/cmake/yaml-cpp'
[3.845s] -- Found motion_msgs: 1.0.0 (/home/y/SA_CAO/install/motion_msgs/share/motion_msgs/cmake)
[3.933s] -- Configuring done
[3.976s] -- Generating done
[3.982s] -- Build files have been written to: /home/y/SA_CAO/build/diablo_rviz2_control_plugin
[3.991s] Invoked command in '/home/y/SA_CAO/build/diablo_rviz2_control_plugin' returned '0': AMENT_PREFIX_PATH=/home/y/SA_CAO/install/motion_msgs:${AMENT_PREFIX_PATH} CMAKE_PREFIX_PATH=/home/y/SA_CAO/install/motion_msgs:/opt/ros/foxy:${CMAKE_PREFIX_PATH} LD_LIBRARY_PATH=/home/y/SA_CAO/install/motion_msgs/lib:${LD_LIBRARY_PATH} PYTHONPATH=/home/y/SA_CAO/install/motion_msgs/lib/python3.8/site-packages:${PYTHONPATH} /usr/bin/cmake /home/y/SA_CAO/src/diablo_ros2/diablo_visualise/diablo_rviz2_plugin -DCMAKE_INSTALL_PREFIX=/home/y/SA_CAO/install/diablo_rviz2_control_plugin
[3.992s] Invoking command in '/home/y/SA_CAO/build/diablo_rviz2_control_plugin': AMENT_PREFIX_PATH=/home/y/SA_CAO/install/motion_msgs:${AMENT_PREFIX_PATH} CMAKE_PREFIX_PATH=/home/y/SA_CAO/install/motion_msgs:/opt/ros/foxy:${CMAKE_PREFIX_PATH} LD_LIBRARY_PATH=/home/y/SA_CAO/install/motion_msgs/lib:${LD_LIBRARY_PATH} PYTHONPATH=/home/y/SA_CAO/install/motion_msgs/lib/python3.8/site-packages:${PYTHONPATH} /usr/bin/cmake --build /home/y/SA_CAO/build/diablo_rviz2_control_plugin -- -j2 -l2
[4.038s] [35m[1mScanning dependencies of target diablo_rviz2_control_plugin_autogen[0m
[4.049s] [ 16%] [34m[1mAutomatic MOC for target diablo_rviz2_control_plugin[0m
[4.881s] [ 16%] Built target diablo_rviz2_control_plugin_autogen
[4.891s] [35m[1mScanning dependencies of target diablo_rviz2_control_plugin[0m
[5.011s] [ 33%] [32mBuilding CXX object CMakeFiles/diablo_rviz2_control_plugin.dir/diablo_rviz2_control_plugin_autogen/mocs_compilation.cpp.o[0m
[5.018s] [ 50%] [32mBuilding CXX object CMakeFiles/diablo_rviz2_control_plugin.dir/src/mission_panel.cpp.o[0m
[18.220s] [ 66%] [32mBuilding CXX object CMakeFiles/diablo_rviz2_control_plugin.dir/src/switch.cpp.o[0m
[21.455s] [ 83%] [32mBuilding CXX object CMakeFiles/diablo_rviz2_control_plugin.dir/src/teleop_button.cpp.o[0m
[26.291s] [100%] [32m[1mLinking CXX shared library libdiablo_rviz2_control_plugin.so[0m
[28.201s] [100%] Built target diablo_rviz2_control_plugin
[28.215s] Invoked command in '/home/y/SA_CAO/build/diablo_rviz2_control_plugin' returned '0': AMENT_PREFIX_PATH=/home/y/SA_CAO/install/motion_msgs:${AMENT_PREFIX_PATH} CMAKE_PREFIX_PATH=/home/y/SA_CAO/install/motion_msgs:/opt/ros/foxy:${CMAKE_PREFIX_PATH} LD_LIBRARY_PATH=/home/y/SA_CAO/install/motion_msgs/lib:${LD_LIBRARY_PATH} PYTHONPATH=/home/y/SA_CAO/install/motion_msgs/lib/python3.8/site-packages:${PYTHONPATH} /usr/bin/cmake --build /home/y/SA_CAO/build/diablo_rviz2_control_plugin -- -j2 -l2
[28.215s] Invoking command in '/home/y/SA_CAO/build/diablo_rviz2_control_plugin': AMENT_PREFIX_PATH=/home/y/SA_CAO/install/motion_msgs:${AMENT_PREFIX_PATH} CMAKE_PREFIX_PATH=/home/y/SA_CAO/install/motion_msgs:/opt/ros/foxy:${CMAKE_PREFIX_PATH} LD_LIBRARY_PATH=/home/y/SA_CAO/install/motion_msgs/lib:${LD_LIBRARY_PATH} PYTHONPATH=/home/y/SA_CAO/install/motion_msgs/lib/python3.8/site-packages:${PYTHONPATH} /usr/bin/cmake --install /home/y/SA_CAO/build/diablo_rviz2_control_plugin
[28.225s] -- Install configuration: ""
[28.226s] -- Installing: /home/y/SA_CAO/install/diablo_rviz2_control_plugin/lib/diablo_rviz2_control_plugin/libdiablo_rviz2_control_plugin.so
[28.226s] -- Set runtime path of "/home/y/SA_CAO/install/diablo_rviz2_control_plugin/lib/diablo_rviz2_control_plugin/libdiablo_rviz2_control_plugin.so" to ""
[28.226s] -- Installing: /home/y/SA_CAO/install/diablo_rviz2_control_plugin/share/diablo_rviz2_control_plugin/data
[28.226s] -- Installing: /home/y/SA_CAO/install/diablo_rviz2_control_plugin/share/diablo_rviz2_control_plugin/data/ddt_off_64.png
[28.226s] -- Installing: /home/y/SA_CAO/install/diablo_rviz2_control_plugin/share/diablo_rviz2_control_plugin/data/title.png
[28.226s] -- Installing: /home/y/SA_CAO/install/diablo_rviz2_control_plugin/share/diablo_rviz2_control_plugin/data/ddt_on_64.png
[28.226s] -- Installing: /home/y/SA_CAO/install/diablo_rviz2_control_plugin/share/diablo_rviz2_control_plugin/icons
[28.226s] -- Installing: /home/y/SA_CAO/install/diablo_rviz2_control_plugin/share/diablo_rviz2_control_plugin/icons/classes
[28.226s] -- Installing: /home/y/SA_CAO/install/diablo_rviz2_control_plugin/share/diablo_rviz2_control_plugin/icons/classes/MissionPanel.png
[28.226s] -- Installing: /home/y/SA_CAO/install/diablo_rviz2_control_plugin/share/diablo_rviz2_control_plugin/plugins_description.xml
[28.226s] -- Installing: /home/y/SA_CAO/install/diablo_rviz2_control_plugin/share/diablo_rviz2_control_plugin/environment/library_path.sh
[28.227s] -- Installing: /home/y/SA_CAO/install/diablo_rviz2_control_plugin/share/diablo_rviz2_control_plugin/environment/library_path.dsv
[28.227s] -- Installing: /home/y/SA_CAO/install/diablo_rviz2_control_plugin/share/ament_index/resource_index/package_run_dependencies/diablo_rviz2_control_plugin
[28.227s] -- Installing: /home/y/SA_CAO/install/diablo_rviz2_control_plugin/share/ament_index/resource_index/parent_prefix_path/diablo_rviz2_control_plugin
[28.227s] -- Installing: /home/y/SA_CAO/install/diablo_rviz2_control_plugin/share/diablo_rviz2_control_plugin/environment/ament_prefix_path.sh
[28.227s] -- Installing: /home/y/SA_CAO/install/diablo_rviz2_control_plugin/share/diablo_rviz2_control_plugin/environment/ament_prefix_path.dsv
[28.227s] -- Installing: /home/y/SA_CAO/install/diablo_rviz2_control_plugin/share/diablo_rviz2_control_plugin/environment/path.sh
[28.227s] -- Installing: /home/y/SA_CAO/install/diablo_rviz2_control_plugin/share/diablo_rviz2_control_plugin/environment/path.dsv
[28.227s] -- Installing: /home/y/SA_CAO/install/diablo_rviz2_control_plugin/share/diablo_rviz2_control_plugin/local_setup.bash
[28.227s] -- Installing: /home/y/SA_CAO/install/diablo_rviz2_control_plugin/share/diablo_rviz2_control_plugin/local_setup.sh
[28.228s] -- Installing: /home/y/SA_CAO/install/diablo_rviz2_control_plugin/share/diablo_rviz2_control_plugin/local_setup.zsh
[28.228s] -- Installing: /home/y/SA_CAO/install/diablo_rviz2_control_plugin/share/diablo_rviz2_control_plugin/local_setup.dsv
[28.228s] -- Installing: /home/y/SA_CAO/install/diablo_rviz2_control_plugin/share/diablo_rviz2_control_plugin/package.dsv
[28.228s] -- Installing: /home/y/SA_CAO/install/diablo_rviz2_control_plugin/share/ament_index/resource_index/packages/diablo_rviz2_control_plugin
[28.228s] -- Installing: /home/y/SA_CAO/install/diablo_rviz2_control_plugin/share/ament_index/resource_index/rviz_common__pluginlib__plugin/diablo_rviz2_control_plugin
[28.228s] -- Installing: /home/y/SA_CAO/install/diablo_rviz2_control_plugin/share/diablo_rviz2_control_plugin/cmake/ament_cmake_export_libraries-extras.cmake
[28.229s] -- Installing: /home/y/SA_CAO/install/diablo_rviz2_control_plugin/share/diablo_rviz2_control_plugin/cmake/diablo_rviz2_control_pluginConfig.cmake
[28.229s] -- Installing: /home/y/SA_CAO/install/diablo_rviz2_control_plugin/share/diablo_rviz2_control_plugin/cmake/diablo_rviz2_control_pluginConfig-version.cmake
[28.229s] -- Installing: /home/y/SA_CAO/install/diablo_rviz2_control_plugin/share/diablo_rviz2_control_plugin/package.xml
[28.234s] Invoked command in '/home/y/SA_CAO/build/diablo_rviz2_control_plugin' returned '0': AMENT_PREFIX_PATH=/home/y/SA_CAO/install/motion_msgs:${AMENT_PREFIX_PATH} CMAKE_PREFIX_PATH=/home/y/SA_CAO/install/motion_msgs:/opt/ros/foxy:${CMAKE_PREFIX_PATH} LD_LIBRARY_PATH=/home/y/SA_CAO/install/motion_msgs/lib:${LD_LIBRARY_PATH} PYTHONPATH=/home/y/SA_CAO/install/motion_msgs/lib/python3.8/site-packages:${PYTHONPATH} /usr/bin/cmake --install /home/y/SA_CAO/build/diablo_rviz2_control_plugin
