[0.250s] Invoking command in '/home/y/SA_CAO_Simu/SA_CAO/src/turtlebot3/turtlebot3/turtlebot3_example': CMAKE_PREFIX_PATH=/home/y/SA_CAO_Simu/SA_CAO/install/turtlebot3_msgs:/home/y/SA_CAO_Simu/SA_CAO/install/turtlebot3:/home/y/SA_CAO_Simu/SA_CAO/install/turtlebot3_simulations:/home/y/SA_CAO_Simu/SA_CAO/install/turtlebot3_bringup:/home/y/SA_CAO_Simu/SA_CAO/install/turtlebot3_node:/home/y/SA_CAO_Simu/SA_CAO/install/turtlebot3_navigation2:/home/y/SA_CAO_Simu/SA_CAO/install/turtlebot3_fake_node:/home/y/SA_CAO_Simu/SA_CAO/install/turtlebot3_gazebo:/home/y/SA_CAO_Simu/SA_CAO/install/turtlebot3_description:/home/y/SA_CAO_Simu/SA_CAO/install/turtlebot3_cartographer:/home/y/SA_CAO_Simu/SA_CAO/install/sub_dwav15:/home/y/SA_CAO_Simu/SA_CAO/install/motion_msgs:/home/y/SA_CAO_Simu/SA_CAO/install/hls_lfcd_lds_driver:/home/y/SA_CAO_Simu/SA_CAO/install/dynamixel_sdk_examples:/home/y/SA_CAO_Simu/SA_CAO/install/dynamixel_sdk_custom_interfaces:/home/y/SA_CAO_Simu/SA_CAO/install/dynamixel_sdk PYTHONPATH=/home/y/SA_CAO_Simu/SA_CAO/build/turtlebot3_example/prefix_override:/usr/lib/python3/dist-packages/colcon_core/task/python/colcon_distutils_commands:/home/y/SA_CAO_Simu/SA_CAO/install/turtlebot3_example/lib/python3.8/site-packages:/home/y/SA_CAO_Simu/SA_CAO/install/turtlebot3_msgs/lib/python3.8/site-packages:/home/y/SA_CAO_Simu/SA_CAO/install/turtlebot3_teleop/lib/python3.8/site-packages:/home/y/SA_CAO_Simu/SA_CAO/install/turtlebot3_example/lib/python3.8/site-packages:/home/y/SA_CAO_Simu/SA_CAO/install/pure_pursuit/lib/python3.8/site-packages:/home/y/SA_CAO_Simu/SA_CAO/install/my_balance_pkg/lib/python3.8/site-packages:/home/y/SA_CAO_Simu/SA_CAO/install/motion_msgs/lib/python3.8/site-packages:/home/y/SA_CAO_Simu/SA_CAO/install/launch_diablo/lib/python3.8/site-packages:/home/y/SA_CAO_Simu/SA_CAO/install/dynamixel_sdk_custom_interfaces/lib/python3.8/site-packages:/opt/ros/foxy/lib/python3.8/site-packages /usr/bin/python3 -W ignore:setup.py install is deprecated -W ignore:easy_install command is deprecated setup.py egg_info --egg-base ../../../../build/turtlebot3_example build --build-base /home/y/SA_CAO_Simu/SA_CAO/build/turtlebot3_example/build install --record /home/y/SA_CAO_Simu/SA_CAO/build/turtlebot3_example/install.log --single-version-externally-managed install_data
[0.335s] running egg_info
[0.335s] creating ../../../../build/turtlebot3_example/turtlebot3_example.egg-info
[0.335s] writing ../../../../build/turtlebot3_example/turtlebot3_example.egg-info/PKG-INFO
[0.336s] writing dependency_links to ../../../../build/turtlebot3_example/turtlebot3_example.egg-info/dependency_links.txt
[0.336s] writing entry points to ../../../../build/turtlebot3_example/turtlebot3_example.egg-info/entry_points.txt
[0.336s] writing requirements to ../../../../build/turtlebot3_example/turtlebot3_example.egg-info/requires.txt
[0.336s] writing top-level names to ../../../../build/turtlebot3_example/turtlebot3_example.egg-info/top_level.txt
[0.336s] writing manifest file '../../../../build/turtlebot3_example/turtlebot3_example.egg-info/SOURCES.txt'
[0.348s] reading manifest file '../../../../build/turtlebot3_example/turtlebot3_example.egg-info/SOURCES.txt'
[0.349s] writing manifest file '../../../../build/turtlebot3_example/turtlebot3_example.egg-info/SOURCES.txt'
[0.349s] running build
[0.349s] running build_py
[0.349s] creating /home/y/SA_CAO_Simu/SA_CAO/build/turtlebot3_example/build
[0.349s] creating /home/y/SA_CAO_Simu/SA_CAO/build/turtlebot3_example/build/lib
[0.349s] creating /home/y/SA_CAO_Simu/SA_CAO/build/turtlebot3_example/build/lib/turtlebot3_example
[0.349s] copying turtlebot3_example/__init__.py -> /home/y/SA_CAO_Simu/SA_CAO/build/turtlebot3_example/build/lib/turtlebot3_example
[0.349s] creating /home/y/SA_CAO_Simu/SA_CAO/build/turtlebot3_example/build/lib/turtlebot3_example/turtlebot3_patrol_server
[0.349s] copying turtlebot3_example/turtlebot3_patrol_server/turtlebot3_path.py -> /home/y/SA_CAO_Simu/SA_CAO/build/turtlebot3_example/build/lib/turtlebot3_example/turtlebot3_patrol_server
[0.349s] copying turtlebot3_example/turtlebot3_patrol_server/main.py -> /home/y/SA_CAO_Simu/SA_CAO/build/turtlebot3_example/build/lib/turtlebot3_example/turtlebot3_patrol_server
[0.349s] copying turtlebot3_example/turtlebot3_patrol_server/__init__.py -> /home/y/SA_CAO_Simu/SA_CAO/build/turtlebot3_example/build/lib/turtlebot3_example/turtlebot3_patrol_server
[0.349s] copying turtlebot3_example/turtlebot3_patrol_server/turtlebot3_patrol_server.py -> /home/y/SA_CAO_Simu/SA_CAO/build/turtlebot3_example/build/lib/turtlebot3_example/turtlebot3_patrol_server
[0.349s] creating /home/y/SA_CAO_Simu/SA_CAO/build/turtlebot3_example/build/lib/turtlebot3_example/turtlebot3_obstacle_detection
[0.349s] copying turtlebot3_example/turtlebot3_obstacle_detection/turtlebot3_obstacle_detection.py -> /home/y/SA_CAO_Simu/SA_CAO/build/turtlebot3_example/build/lib/turtlebot3_example/turtlebot3_obstacle_detection
[0.349s] copying turtlebot3_example/turtlebot3_obstacle_detection/main.py -> /home/y/SA_CAO_Simu/SA_CAO/build/turtlebot3_example/build/lib/turtlebot3_example/turtlebot3_obstacle_detection
[0.349s] copying turtlebot3_example/turtlebot3_obstacle_detection/__init__.py -> /home/y/SA_CAO_Simu/SA_CAO/build/turtlebot3_example/build/lib/turtlebot3_example/turtlebot3_obstacle_detection
[0.350s] creating /home/y/SA_CAO_Simu/SA_CAO/build/turtlebot3_example/build/lib/turtlebot3_example/turtlebot3_patrol_client
[0.350s] copying turtlebot3_example/turtlebot3_patrol_client/main.py -> /home/y/SA_CAO_Simu/SA_CAO/build/turtlebot3_example/build/lib/turtlebot3_example/turtlebot3_patrol_client
[0.350s] copying turtlebot3_example/turtlebot3_patrol_client/__init__.py -> /home/y/SA_CAO_Simu/SA_CAO/build/turtlebot3_example/build/lib/turtlebot3_example/turtlebot3_patrol_client
[0.350s] copying turtlebot3_example/turtlebot3_patrol_client/turtlebot3_patrol_client.py -> /home/y/SA_CAO_Simu/SA_CAO/build/turtlebot3_example/build/lib/turtlebot3_example/turtlebot3_patrol_client
[0.350s] creating /home/y/SA_CAO_Simu/SA_CAO/build/turtlebot3_example/build/lib/turtlebot3_example/turtlebot3_position_control
[0.350s] copying turtlebot3_example/turtlebot3_position_control/turtlebot3_path.py -> /home/y/SA_CAO_Simu/SA_CAO/build/turtlebot3_example/build/lib/turtlebot3_example/turtlebot3_position_control
[0.350s] copying turtlebot3_example/turtlebot3_position_control/main.py -> /home/y/SA_CAO_Simu/SA_CAO/build/turtlebot3_example/build/lib/turtlebot3_example/turtlebot3_position_control
[0.350s] copying turtlebot3_example/turtlebot3_position_control/__init__.py -> /home/y/SA_CAO_Simu/SA_CAO/build/turtlebot3_example/build/lib/turtlebot3_example/turtlebot3_position_control
[0.350s] copying turtlebot3_example/turtlebot3_position_control/turtlebot3_position_control.py -> /home/y/SA_CAO_Simu/SA_CAO/build/turtlebot3_example/build/lib/turtlebot3_example/turtlebot3_position_control
[0.350s] running install
[0.351s] running install_lib
[0.351s] creating /home/y/SA_CAO_Simu/SA_CAO/install/turtlebot3_example/lib/python3.8/site-packages/turtlebot3_example
[0.351s] creating /home/y/SA_CAO_Simu/SA_CAO/install/turtlebot3_example/lib/python3.8/site-packages/turtlebot3_example/turtlebot3_patrol_server
[0.351s] copying /home/y/SA_CAO_Simu/SA_CAO/build/turtlebot3_example/build/lib/turtlebot3_example/turtlebot3_patrol_server/turtlebot3_path.py -> /home/y/SA_CAO_Simu/SA_CAO/install/turtlebot3_example/lib/python3.8/site-packages/turtlebot3_example/turtlebot3_patrol_server
[0.351s] copying /home/y/SA_CAO_Simu/SA_CAO/build/turtlebot3_example/build/lib/turtlebot3_example/turtlebot3_patrol_server/main.py -> /home/y/SA_CAO_Simu/SA_CAO/install/turtlebot3_example/lib/python3.8/site-packages/turtlebot3_example/turtlebot3_patrol_server
[0.351s] copying /home/y/SA_CAO_Simu/SA_CAO/build/turtlebot3_example/build/lib/turtlebot3_example/turtlebot3_patrol_server/__init__.py -> /home/y/SA_CAO_Simu/SA_CAO/install/turtlebot3_example/lib/python3.8/site-packages/turtlebot3_example/turtlebot3_patrol_server
[0.351s] copying /home/y/SA_CAO_Simu/SA_CAO/build/turtlebot3_example/build/lib/turtlebot3_example/turtlebot3_patrol_server/turtlebot3_patrol_server.py -> /home/y/SA_CAO_Simu/SA_CAO/install/turtlebot3_example/lib/python3.8/site-packages/turtlebot3_example/turtlebot3_patrol_server
[0.351s] creating /home/y/SA_CAO_Simu/SA_CAO/install/turtlebot3_example/lib/python3.8/site-packages/turtlebot3_example/turtlebot3_obstacle_detection
[0.351s] copying /home/y/SA_CAO_Simu/SA_CAO/build/turtlebot3_example/build/lib/turtlebot3_example/turtlebot3_obstacle_detection/turtlebot3_obstacle_detection.py -> /home/y/SA_CAO_Simu/SA_CAO/install/turtlebot3_example/lib/python3.8/site-packages/turtlebot3_example/turtlebot3_obstacle_detection
[0.351s] copying /home/y/SA_CAO_Simu/SA_CAO/build/turtlebot3_example/build/lib/turtlebot3_example/turtlebot3_obstacle_detection/main.py -> /home/y/SA_CAO_Simu/SA_CAO/install/turtlebot3_example/lib/python3.8/site-packages/turtlebot3_example/turtlebot3_obstacle_detection
[0.351s] copying /home/y/SA_CAO_Simu/SA_CAO/build/turtlebot3_example/build/lib/turtlebot3_example/turtlebot3_obstacle_detection/__init__.py -> /home/y/SA_CAO_Simu/SA_CAO/install/turtlebot3_example/lib/python3.8/site-packages/turtlebot3_example/turtlebot3_obstacle_detection
[0.351s] copying /home/y/SA_CAO_Simu/SA_CAO/build/turtlebot3_example/build/lib/turtlebot3_example/__init__.py -> /home/y/SA_CAO_Simu/SA_CAO/install/turtlebot3_example/lib/python3.8/site-packages/turtlebot3_example
[0.351s] creating /home/y/SA_CAO_Simu/SA_CAO/install/turtlebot3_example/lib/python3.8/site-packages/turtlebot3_example/turtlebot3_patrol_client
[0.351s] copying /home/y/SA_CAO_Simu/SA_CAO/build/turtlebot3_example/build/lib/turtlebot3_example/turtlebot3_patrol_client/main.py -> /home/y/SA_CAO_Simu/SA_CAO/install/turtlebot3_example/lib/python3.8/site-packages/turtlebot3_example/turtlebot3_patrol_client
[0.351s] copying /home/y/SA_CAO_Simu/SA_CAO/build/turtlebot3_example/build/lib/turtlebot3_example/turtlebot3_patrol_client/__init__.py -> /home/y/SA_CAO_Simu/SA_CAO/install/turtlebot3_example/lib/python3.8/site-packages/turtlebot3_example/turtlebot3_patrol_client
[0.351s] copying /home/y/SA_CAO_Simu/SA_CAO/build/turtlebot3_example/build/lib/turtlebot3_example/turtlebot3_patrol_client/turtlebot3_patrol_client.py -> /home/y/SA_CAO_Simu/SA_CAO/install/turtlebot3_example/lib/python3.8/site-packages/turtlebot3_example/turtlebot3_patrol_client
[0.351s] creating /home/y/SA_CAO_Simu/SA_CAO/install/turtlebot3_example/lib/python3.8/site-packages/turtlebot3_example/turtlebot3_position_control
[0.351s] copying /home/y/SA_CAO_Simu/SA_CAO/build/turtlebot3_example/build/lib/turtlebot3_example/turtlebot3_position_control/turtlebot3_path.py -> /home/y/SA_CAO_Simu/SA_CAO/install/turtlebot3_example/lib/python3.8/site-packages/turtlebot3_example/turtlebot3_position_control
[0.352s] copying /home/y/SA_CAO_Simu/SA_CAO/build/turtlebot3_example/build/lib/turtlebot3_example/turtlebot3_position_control/main.py -> /home/y/SA_CAO_Simu/SA_CAO/install/turtlebot3_example/lib/python3.8/site-packages/turtlebot3_example/turtlebot3_position_control
[0.352s] copying /home/y/SA_CAO_Simu/SA_CAO/build/turtlebot3_example/build/lib/turtlebot3_example/turtlebot3_position_control/__init__.py -> /home/y/SA_CAO_Simu/SA_CAO/install/turtlebot3_example/lib/python3.8/site-packages/turtlebot3_example/turtlebot3_position_control
[0.352s] copying /home/y/SA_CAO_Simu/SA_CAO/build/turtlebot3_example/build/lib/turtlebot3_example/turtlebot3_position_control/turtlebot3_position_control.py -> /home/y/SA_CAO_Simu/SA_CAO/install/turtlebot3_example/lib/python3.8/site-packages/turtlebot3_example/turtlebot3_position_control
[0.352s] byte-compiling /home/y/SA_CAO_Simu/SA_CAO/install/turtlebot3_example/lib/python3.8/site-packages/turtlebot3_example/turtlebot3_patrol_server/turtlebot3_path.py to turtlebot3_path.cpython-38.pyc
[0.352s] byte-compiling /home/y/SA_CAO_Simu/SA_CAO/install/turtlebot3_example/lib/python3.8/site-packages/turtlebot3_example/turtlebot3_patrol_server/main.py to main.cpython-38.pyc
[0.352s] byte-compiling /home/y/SA_CAO_Simu/SA_CAO/install/turtlebot3_example/lib/python3.8/site-packages/turtlebot3_example/turtlebot3_patrol_server/__init__.py to __init__.cpython-38.pyc
[0.352s] byte-compiling /home/y/SA_CAO_Simu/SA_CAO/install/turtlebot3_example/lib/python3.8/site-packages/turtlebot3_example/turtlebot3_patrol_server/turtlebot3_patrol_server.py to turtlebot3_patrol_server.cpython-38.pyc
[0.353s] byte-compiling /home/y/SA_CAO_Simu/SA_CAO/install/turtlebot3_example/lib/python3.8/site-packages/turtlebot3_example/turtlebot3_obstacle_detection/turtlebot3_obstacle_detection.py to turtlebot3_obstacle_detection.cpython-38.pyc
[0.353s] byte-compiling /home/y/SA_CAO_Simu/SA_CAO/install/turtlebot3_example/lib/python3.8/site-packages/turtlebot3_example/turtlebot3_obstacle_detection/main.py to main.cpython-38.pyc
[0.353s] byte-compiling /home/y/SA_CAO_Simu/SA_CAO/install/turtlebot3_example/lib/python3.8/site-packages/turtlebot3_example/turtlebot3_obstacle_detection/__init__.py to __init__.cpython-38.pyc
[0.353s] byte-compiling /home/y/SA_CAO_Simu/SA_CAO/install/turtlebot3_example/lib/python3.8/site-packages/turtlebot3_example/__init__.py to __init__.cpython-38.pyc
[0.353s] byte-compiling /home/y/SA_CAO_Simu/SA_CAO/install/turtlebot3_example/lib/python3.8/site-packages/turtlebot3_example/turtlebot3_patrol_client/main.py to main.cpython-38.pyc
[0.353s] byte-compiling /home/y/SA_CAO_Simu/SA_CAO/install/turtlebot3_example/lib/python3.8/site-packages/turtlebot3_example/turtlebot3_patrol_client/__init__.py to __init__.cpython-38.pyc
[0.353s] byte-compiling /home/y/SA_CAO_Simu/SA_CAO/install/turtlebot3_example/lib/python3.8/site-packages/turtlebot3_example/turtlebot3_patrol_client/turtlebot3_patrol_client.py to turtlebot3_patrol_client.cpython-38.pyc
[0.353s] byte-compiling /home/y/SA_CAO_Simu/SA_CAO/install/turtlebot3_example/lib/python3.8/site-packages/turtlebot3_example/turtlebot3_position_control/turtlebot3_path.py to turtlebot3_path.cpython-38.pyc
[0.353s] byte-compiling /home/y/SA_CAO_Simu/SA_CAO/install/turtlebot3_example/lib/python3.8/site-packages/turtlebot3_example/turtlebot3_position_control/main.py to main.cpython-38.pyc
[0.353s] byte-compiling /home/y/SA_CAO_Simu/SA_CAO/install/turtlebot3_example/lib/python3.8/site-packages/turtlebot3_example/turtlebot3_position_control/__init__.py to __init__.cpython-38.pyc
[0.353s] byte-compiling /home/y/SA_CAO_Simu/SA_CAO/install/turtlebot3_example/lib/python3.8/site-packages/turtlebot3_example/turtlebot3_position_control/turtlebot3_position_control.py to turtlebot3_position_control.cpython-38.pyc
[0.354s] running install_data
[0.354s] creating /home/y/SA_CAO_Simu/SA_CAO/install/turtlebot3_example/share/ament_index
[0.354s] creating /home/y/SA_CAO_Simu/SA_CAO/install/turtlebot3_example/share/ament_index/resource_index
[0.354s] creating /home/y/SA_CAO_Simu/SA_CAO/install/turtlebot3_example/share/ament_index/resource_index/packages
[0.354s] copying resource/turtlebot3_example -> /home/y/SA_CAO_Simu/SA_CAO/install/turtlebot3_example/share/ament_index/resource_index/packages
[0.354s] copying package.xml -> /home/y/SA_CAO_Simu/SA_CAO/install/turtlebot3_example/share/turtlebot3_example
[0.354s] running install_egg_info
[0.355s] Copying ../../../../build/turtlebot3_example/turtlebot3_example.egg-info to /home/y/SA_CAO_Simu/SA_CAO/install/turtlebot3_example/lib/python3.8/site-packages/turtlebot3_example-2.1.4-py3.8.egg-info
[0.355s] running install_scripts
[0.362s] Installing turtlebot3_obstacle_detection script to /home/y/SA_CAO_Simu/SA_CAO/install/turtlebot3_example/lib/turtlebot3_example
[0.362s] Installing turtlebot3_patrol_client script to /home/y/SA_CAO_Simu/SA_CAO/install/turtlebot3_example/lib/turtlebot3_example
[0.363s] Installing turtlebot3_patrol_server script to /home/y/SA_CAO_Simu/SA_CAO/install/turtlebot3_example/lib/turtlebot3_example
[0.363s] Installing turtlebot3_position_control script to /home/y/SA_CAO_Simu/SA_CAO/install/turtlebot3_example/lib/turtlebot3_example
[0.363s] writing list of installed files to '/home/y/SA_CAO_Simu/SA_CAO/build/turtlebot3_example/install.log'
[0.373s] Invoked command in '/home/y/SA_CAO_Simu/SA_CAO/src/turtlebot3/turtlebot3/turtlebot3_example' returned '0': CMAKE_PREFIX_PATH=/home/y/SA_CAO_Simu/SA_CAO/install/turtlebot3_msgs:/home/y/SA_CAO_Simu/SA_CAO/install/turtlebot3:/home/y/SA_CAO_Simu/SA_CAO/install/turtlebot3_simulations:/home/y/SA_CAO_Simu/SA_CAO/install/turtlebot3_bringup:/home/y/SA_CAO_Simu/SA_CAO/install/turtlebot3_node:/home/y/SA_CAO_Simu/SA_CAO/install/turtlebot3_navigation2:/home/y/SA_CAO_Simu/SA_CAO/install/turtlebot3_fake_node:/home/y/SA_CAO_Simu/SA_CAO/install/turtlebot3_gazebo:/home/y/SA_CAO_Simu/SA_CAO/install/turtlebot3_description:/home/y/SA_CAO_Simu/SA_CAO/install/turtlebot3_cartographer:/home/y/SA_CAO_Simu/SA_CAO/install/sub_dwav15:/home/y/SA_CAO_Simu/SA_CAO/install/motion_msgs:/home/y/SA_CAO_Simu/SA_CAO/install/hls_lfcd_lds_driver:/home/y/SA_CAO_Simu/SA_CAO/install/dynamixel_sdk_examples:/home/y/SA_CAO_Simu/SA_CAO/install/dynamixel_sdk_custom_interfaces:/home/y/SA_CAO_Simu/SA_CAO/install/dynamixel_sdk PYTHONPATH=/home/y/SA_CAO_Simu/SA_CAO/build/turtlebot3_example/prefix_override:/usr/lib/python3/dist-packages/colcon_core/task/python/colcon_distutils_commands:/home/y/SA_CAO_Simu/SA_CAO/install/turtlebot3_example/lib/python3.8/site-packages:/home/y/SA_CAO_Simu/SA_CAO/install/turtlebot3_msgs/lib/python3.8/site-packages:/home/y/SA_CAO_Simu/SA_CAO/install/turtlebot3_teleop/lib/python3.8/site-packages:/home/y/SA_CAO_Simu/SA_CAO/install/turtlebot3_example/lib/python3.8/site-packages:/home/y/SA_CAO_Simu/SA_CAO/install/pure_pursuit/lib/python3.8/site-packages:/home/y/SA_CAO_Simu/SA_CAO/install/my_balance_pkg/lib/python3.8/site-packages:/home/y/SA_CAO_Simu/SA_CAO/install/motion_msgs/lib/python3.8/site-packages:/home/y/SA_CAO_Simu/SA_CAO/install/launch_diablo/lib/python3.8/site-packages:/home/y/SA_CAO_Simu/SA_CAO/install/dynamixel_sdk_custom_interfaces/lib/python3.8/site-packages:/opt/ros/foxy/lib/python3.8/site-packages /usr/bin/python3 -W ignore:setup.py install is deprecated -W ignore:easy_install command is deprecated setup.py egg_info --egg-base ../../../../build/turtlebot3_example build --build-base /home/y/SA_CAO_Simu/SA_CAO/build/turtlebot3_example/build install --record /home/y/SA_CAO_Simu/SA_CAO/build/turtlebot3_example/install.log --single-version-externally-managed install_data
