[0.511s] Invoking command in '/home/y/SA_CAO/src/diablo_ros2/diablo_interaction/diablo_teleop': AMENT_PREFIX_PATH=/home/y/SA_CAO/install/motion_msgs:${AMENT_PREFIX_PATH} CMAKE_PREFIX_PATH=/home/y/SA_CAO/install/motion_msgs:${CMAKE_PREFIX_PATH} LD_LIBRARY_PATH=/home/y/SA_CAO/install/motion_msgs/lib:${LD_LIBRARY_PATH} PYTHONPATH=/home/y/SA_CAO/build/diablo_teleop/prefix_override:/usr/lib/python3/dist-packages/colcon_core/task/python/colcon_distutils_commands:/home/y/SA_CAO/install/diablo_teleop/lib/python3.8/site-packages:/home/y/SA_CAO/install/motion_msgs/lib/python3.8/site-packages:${PYTHONPATH} /usr/bin/python3 -W ignore:setup.py install is deprecated -W ignore:easy_install command is deprecated setup.py egg_info --egg-base ../../../../build/diablo_teleop build --build-base /home/y/SA_CAO/build/diablo_teleop/build install --record /home/y/SA_CAO/build/diablo_teleop/install.log --single-version-externally-managed install_data
[0.670s] running egg_info
[0.671s] creating ../../../../build/diablo_teleop/diablo_teleop.egg-info
[0.671s] writing ../../../../build/diablo_teleop/diablo_teleop.egg-info/PKG-INFO
[0.671s] writing dependency_links to ../../../../build/diablo_teleop/diablo_teleop.egg-info/dependency_links.txt
[0.672s] writing entry points to ../../../../build/diablo_teleop/diablo_teleop.egg-info/entry_points.txt
[0.672s] writing requirements to ../../../../build/diablo_teleop/diablo_teleop.egg-info/requires.txt
[0.672s] writing top-level names to ../../../../build/diablo_teleop/diablo_teleop.egg-info/top_level.txt
[0.673s] writing manifest file '../../../../build/diablo_teleop/diablo_teleop.egg-info/SOURCES.txt'
[0.699s] reading manifest file '../../../../build/diablo_teleop/diablo_teleop.egg-info/SOURCES.txt'
[0.700s] writing manifest file '../../../../build/diablo_teleop/diablo_teleop.egg-info/SOURCES.txt'
[0.700s] running build
[0.700s] running build_py
[0.701s] creating /home/y/SA_CAO/build/diablo_teleop/build
[0.701s] creating /home/y/SA_CAO/build/diablo_teleop/build/lib
[0.701s] creating /home/y/SA_CAO/build/diablo_teleop/build/lib/diablo_teleop
[0.701s] copying diablo_teleop/__init__.py -> /home/y/SA_CAO/build/diablo_teleop/build/lib/diablo_teleop
[0.701s] copying diablo_teleop/teleop.py -> /home/y/SA_CAO/build/diablo_teleop/build/lib/diablo_teleop
[0.702s] running install
[0.703s] running install_lib
[0.703s] creating /home/y/SA_CAO/install/diablo_teleop/lib/python3.8/site-packages/diablo_teleop
[0.703s] copying /home/y/SA_CAO/build/diablo_teleop/build/lib/diablo_teleop/__init__.py -> /home/y/SA_CAO/install/diablo_teleop/lib/python3.8/site-packages/diablo_teleop
[0.704s] copying /home/y/SA_CAO/build/diablo_teleop/build/lib/diablo_teleop/teleop.py -> /home/y/SA_CAO/install/diablo_teleop/lib/python3.8/site-packages/diablo_teleop
[0.704s] byte-compiling /home/y/SA_CAO/install/diablo_teleop/lib/python3.8/site-packages/diablo_teleop/__init__.py to __init__.cpython-38.pyc
[0.705s] byte-compiling /home/y/SA_CAO/install/diablo_teleop/lib/python3.8/site-packages/diablo_teleop/teleop.py to teleop.cpython-38.pyc
[0.706s] running install_data
[0.706s] creating /home/y/SA_CAO/install/diablo_teleop/share/ament_index
[0.706s] creating /home/y/SA_CAO/install/diablo_teleop/share/ament_index/resource_index
[0.707s] creating /home/y/SA_CAO/install/diablo_teleop/share/ament_index/resource_index/packages
[0.707s] copying resource/diablo_teleop -> /home/y/SA_CAO/install/diablo_teleop/share/ament_index/resource_index/packages
[0.707s] copying package.xml -> /home/y/SA_CAO/install/diablo_teleop/share/diablo_teleop
[0.707s] running install_egg_info
[0.709s] Copying ../../../../build/diablo_teleop/diablo_teleop.egg-info to /home/y/SA_CAO/install/diablo_teleop/lib/python3.8/site-packages/diablo_teleop-1.0.0-py3.8.egg-info
[0.709s] running install_scripts
[0.722s] Installing teleop_node script to /home/y/SA_CAO/install/diablo_teleop/lib/diablo_teleop
[0.722s] writing list of installed files to '/home/y/SA_CAO/build/diablo_teleop/install.log'
[0.742s] Invoked command in '/home/y/SA_CAO/src/diablo_ros2/diablo_interaction/diablo_teleop' returned '0': AMENT_PREFIX_PATH=/home/y/SA_CAO/install/motion_msgs:${AMENT_PREFIX_PATH} CMAKE_PREFIX_PATH=/home/y/SA_CAO/install/motion_msgs:${CMAKE_PREFIX_PATH} LD_LIBRARY_PATH=/home/y/SA_CAO/install/motion_msgs/lib:${LD_LIBRARY_PATH} PYTHONPATH=/home/y/SA_CAO/build/diablo_teleop/prefix_override:/usr/lib/python3/dist-packages/colcon_core/task/python/colcon_distutils_commands:/home/y/SA_CAO/install/diablo_teleop/lib/python3.8/site-packages:/home/y/SA_CAO/install/motion_msgs/lib/python3.8/site-packages:${PYTHONPATH} /usr/bin/python3 -W ignore:setup.py install is deprecated -W ignore:easy_install command is deprecated setup.py egg_info --egg-base ../../../../build/diablo_teleop build --build-base /home/y/SA_CAO/build/diablo_teleop/build install --record /home/y/SA_CAO/build/diablo_teleop/install.log --single-version-externally-managed install_data
