[0.693s] Invoking command in '/home/y/SA_CAO/src/robot_launch': PYTHONPATH=/home/y/SA_CAO/build/robot_launch/prefix_override:/usr/lib/python3/dist-packages/colcon_core/task/python/colcon_distutils_commands:/home/y/SA_CAO/install/robot_launch/lib/python3.8/site-packages:${PYTHONPATH} /usr/bin/python3 -W ignore:setup.py install is deprecated -W ignore:easy_install command is deprecated setup.py egg_info --egg-base ../../build/robot_launch build --build-base /home/y/SA_CAO/build/robot_launch/build install --record /home/y/SA_CAO/build/robot_launch/install.log --install-scripts $base/lib/robot_launch --single-version-externally-managed install_data
[0.885s] running egg_info
[0.886s] writing ../../build/robot_launch/robot_launch.egg-info/PKG-INFO
[0.887s] writing dependency_links to ../../build/robot_launch/robot_launch.egg-info/dependency_links.txt
[0.887s] writing entry points to ../../build/robot_launch/robot_launch.egg-info/entry_points.txt
[0.887s] writing requirements to ../../build/robot_launch/robot_launch.egg-info/requires.txt
[0.888s] writing top-level names to ../../build/robot_launch/robot_launch.egg-info/top_level.txt
[0.920s] reading manifest file '../../build/robot_launch/robot_launch.egg-info/SOURCES.txt'
[0.921s] writing manifest file '../../build/robot_launch/robot_launch.egg-info/SOURCES.txt'
[0.921s] running build
[0.921s] running build_py
[0.922s] running install
[0.923s] running install_lib
[0.924s] running install_data
[0.924s] running install_egg_info
[0.925s] removing '/home/y/SA_CAO/install/robot_launch/lib/python3.8/site-packages/robot_launch-0.0.0-py3.8.egg-info' (and everything under it)
[0.926s] Copying ../../build/robot_launch/robot_launch.egg-info to /home/y/SA_CAO/install/robot_launch/lib/python3.8/site-packages/robot_launch-0.0.0-py3.8.egg-info
[0.927s] running install_scripts
[0.941s] writing list of installed files to '/home/y/SA_CAO/build/robot_launch/install.log'
[0.971s] Invoked command in '/home/y/SA_CAO/src/robot_launch' returned '0': PYTHONPATH=/home/y/SA_CAO/build/robot_launch/prefix_override:/usr/lib/python3/dist-packages/colcon_core/task/python/colcon_distutils_commands:/home/y/SA_CAO/install/robot_launch/lib/python3.8/site-packages:${PYTHONPATH} /usr/bin/python3 -W ignore:setup.py install is deprecated -W ignore:easy_install command is deprecated setup.py egg_info --egg-base ../../build/robot_launch build --build-base /home/y/SA_CAO/build/robot_launch/build install --record /home/y/SA_CAO/build/robot_launch/install.log --install-scripts $base/lib/robot_launch --single-version-externally-managed install_data
