[0.136s] Invoking command in '/home/y/SA_CAO_Simu/SA_CAO/build/turtlebot3_bringup': AMENT_PREFIX_PATH=/home/y/SA_CAO_Simu/SA_CAO/install/turtlebot3_node:/home/y/SA_CAO_Simu/SA_CAO/install/turtlebot3_msgs:/home/y/SA_CAO_Simu/SA_CAO/install/turtlebot3_description:/home/y/SA_CAO_Simu/SA_CAO/install/hls_lfcd_lds_driver:/home/y/SA_CAO_Simu/SA_CAO/install/dynamixel_sdk:${AMENT_PREFIX_PATH} CMAKE_PREFIX_PATH=/home/y/SA_CAO_Simu/SA_CAO/install/turtlebot3_node:/home/y/SA_CAO_Simu/SA_CAO/install/turtlebot3_msgs:/home/y/SA_CAO_Simu/SA_CAO/install/turtlebot3_description:/home/y/SA_CAO_Simu/SA_CAO/install/hls_lfcd_lds_driver:/home/y/SA_CAO_Simu/SA_CAO/install/dynamixel_sdk:/opt/ros/foxy LD_LIBRARY_PATH=/home/y/SA_CAO_Simu/SA_CAO/install/turtlebot3_msgs/lib:/home/y/SA_CAO_Simu/SA_CAO/install/dynamixel_sdk/lib:${LD_LIBRARY_PATH} PYTHONPATH=/home/y/SA_CAO_Simu/SA_CAO/install/turtlebot3_msgs/lib/python3.8/site-packages:${PYTHONPATH} /usr/bin/cmake /home/y/SA_CAO_Simu/SA_CAO/src/turtlebot3/turtlebot3/turtlebot3_bringup -DCMAKE_INSTALL_PREFIX=/home/y/SA_CAO_Simu/SA_CAO/install/turtlebot3_bringup
[0.363s] -- The C compiler identification is GNU 9.4.0
[0.443s] -- The CXX compiler identification is GNU 9.4.0
[0.451s] -- Check for working C compiler: /usr/bin/cc
[0.643s] -- Check for working C compiler: /usr/bin/cc -- works
[0.647s] -- Detecting C compiler ABI info
[0.819s] -- Detecting C compiler ABI info - done
[0.820s] -- Detecting C compile features
[0.820s] -- Detecting C compile features - done
[0.827s] -- Check for working CXX compiler: /usr/bin/c++
[1.023s] -- Check for working CXX compiler: /usr/bin/c++ -- works
[1.023s] -- Detecting CXX compiler ABI info
[1.307s] -- Detecting CXX compiler ABI info - done
[1.307s] -- Detecting CXX compile features
[1.313s] -- Detecting CXX compile features - done
[1.328s] -- Found ament_cmake: 0.9.12 (/opt/ros/foxy/share/ament_cmake/cmake)
[1.413s] -- Found PythonInterp: /usr/bin/python3 (found suitable version "3.8.10", minimum required is "3") 
[1.414s] -- Using PYTHON_EXECUTABLE: /usr/bin/python3
[1.866s] -- Configuring done
[1.866s] -- Generating done
[1.866s] -- Build files have been written to: /home/y/SA_CAO_Simu/SA_CAO/build/turtlebot3_bringup
[1.871s] Invoked command in '/home/y/SA_CAO_Simu/SA_CAO/build/turtlebot3_bringup' returned '0': AMENT_PREFIX_PATH=/home/y/SA_CAO_Simu/SA_CAO/install/turtlebot3_node:/home/y/SA_CAO_Simu/SA_CAO/install/turtlebot3_msgs:/home/y/SA_CAO_Simu/SA_CAO/install/turtlebot3_description:/home/y/SA_CAO_Simu/SA_CAO/install/hls_lfcd_lds_driver:/home/y/SA_CAO_Simu/SA_CAO/install/dynamixel_sdk:${AMENT_PREFIX_PATH} CMAKE_PREFIX_PATH=/home/y/SA_CAO_Simu/SA_CAO/install/turtlebot3_node:/home/y/SA_CAO_Simu/SA_CAO/install/turtlebot3_msgs:/home/y/SA_CAO_Simu/SA_CAO/install/turtlebot3_description:/home/y/SA_CAO_Simu/SA_CAO/install/hls_lfcd_lds_driver:/home/y/SA_CAO_Simu/SA_CAO/install/dynamixel_sdk:/opt/ros/foxy LD_LIBRARY_PATH=/home/y/SA_CAO_Simu/SA_CAO/install/turtlebot3_msgs/lib:/home/y/SA_CAO_Simu/SA_CAO/install/dynamixel_sdk/lib:${LD_LIBRARY_PATH} PYTHONPATH=/home/y/SA_CAO_Simu/SA_CAO/install/turtlebot3_msgs/lib/python3.8/site-packages:${PYTHONPATH} /usr/bin/cmake /home/y/SA_CAO_Simu/SA_CAO/src/turtlebot3/turtlebot3/turtlebot3_bringup -DCMAKE_INSTALL_PREFIX=/home/y/SA_CAO_Simu/SA_CAO/install/turtlebot3_bringup
[1.871s] Invoking command in '/home/y/SA_CAO_Simu/SA_CAO/build/turtlebot3_bringup': AMENT_PREFIX_PATH=/home/y/SA_CAO_Simu/SA_CAO/install/turtlebot3_node:/home/y/SA_CAO_Simu/SA_CAO/install/turtlebot3_msgs:/home/y/SA_CAO_Simu/SA_CAO/install/turtlebot3_description:/home/y/SA_CAO_Simu/SA_CAO/install/hls_lfcd_lds_driver:/home/y/SA_CAO_Simu/SA_CAO/install/dynamixel_sdk:${AMENT_PREFIX_PATH} CMAKE_PREFIX_PATH=/home/y/SA_CAO_Simu/SA_CAO/install/turtlebot3_node:/home/y/SA_CAO_Simu/SA_CAO/install/turtlebot3_msgs:/home/y/SA_CAO_Simu/SA_CAO/install/turtlebot3_description:/home/y/SA_CAO_Simu/SA_CAO/install/hls_lfcd_lds_driver:/home/y/SA_CAO_Simu/SA_CAO/install/dynamixel_sdk:/opt/ros/foxy LD_LIBRARY_PATH=/home/y/SA_CAO_Simu/SA_CAO/install/turtlebot3_msgs/lib:/home/y/SA_CAO_Simu/SA_CAO/install/dynamixel_sdk/lib:${LD_LIBRARY_PATH} PYTHONPATH=/home/y/SA_CAO_Simu/SA_CAO/install/turtlebot3_msgs/lib/python3.8/site-packages:${PYTHONPATH} /usr/bin/cmake --build /home/y/SA_CAO_Simu/SA_CAO/build/turtlebot3_bringup -- -j2 -l2
[1.929s] Invoked command in '/home/y/SA_CAO_Simu/SA_CAO/build/turtlebot3_bringup' returned '0': AMENT_PREFIX_PATH=/home/y/SA_CAO_Simu/SA_CAO/install/turtlebot3_node:/home/y/SA_CAO_Simu/SA_CAO/install/turtlebot3_msgs:/home/y/SA_CAO_Simu/SA_CAO/install/turtlebot3_description:/home/y/SA_CAO_Simu/SA_CAO/install/hls_lfcd_lds_driver:/home/y/SA_CAO_Simu/SA_CAO/install/dynamixel_sdk:${AMENT_PREFIX_PATH} CMAKE_PREFIX_PATH=/home/y/SA_CAO_Simu/SA_CAO/install/turtlebot3_node:/home/y/SA_CAO_Simu/SA_CAO/install/turtlebot3_msgs:/home/y/SA_CAO_Simu/SA_CAO/install/turtlebot3_description:/home/y/SA_CAO_Simu/SA_CAO/install/hls_lfcd_lds_driver:/home/y/SA_CAO_Simu/SA_CAO/install/dynamixel_sdk:/opt/ros/foxy LD_LIBRARY_PATH=/home/y/SA_CAO_Simu/SA_CAO/install/turtlebot3_msgs/lib:/home/y/SA_CAO_Simu/SA_CAO/install/dynamixel_sdk/lib:${LD_LIBRARY_PATH} PYTHONPATH=/home/y/SA_CAO_Simu/SA_CAO/install/turtlebot3_msgs/lib/python3.8/site-packages:${PYTHONPATH} /usr/bin/cmake --build /home/y/SA_CAO_Simu/SA_CAO/build/turtlebot3_bringup -- -j2 -l2
[1.931s] Invoking command in '/home/y/SA_CAO_Simu/SA_CAO/build/turtlebot3_bringup': AMENT_PREFIX_PATH=/home/y/SA_CAO_Simu/SA_CAO/install/turtlebot3_node:/home/y/SA_CAO_Simu/SA_CAO/install/turtlebot3_msgs:/home/y/SA_CAO_Simu/SA_CAO/install/turtlebot3_description:/home/y/SA_CAO_Simu/SA_CAO/install/hls_lfcd_lds_driver:/home/y/SA_CAO_Simu/SA_CAO/install/dynamixel_sdk:${AMENT_PREFIX_PATH} CMAKE_PREFIX_PATH=/home/y/SA_CAO_Simu/SA_CAO/install/turtlebot3_node:/home/y/SA_CAO_Simu/SA_CAO/install/turtlebot3_msgs:/home/y/SA_CAO_Simu/SA_CAO/install/turtlebot3_description:/home/y/SA_CAO_Simu/SA_CAO/install/hls_lfcd_lds_driver:/home/y/SA_CAO_Simu/SA_CAO/install/dynamixel_sdk:/opt/ros/foxy LD_LIBRARY_PATH=/home/y/SA_CAO_Simu/SA_CAO/install/turtlebot3_msgs/lib:/home/y/SA_CAO_Simu/SA_CAO/install/dynamixel_sdk/lib:${LD_LIBRARY_PATH} PYTHONPATH=/home/y/SA_CAO_Simu/SA_CAO/install/turtlebot3_msgs/lib/python3.8/site-packages:${PYTHONPATH} /usr/bin/cmake --install /home/y/SA_CAO_Simu/SA_CAO/build/turtlebot3_bringup
[1.936s] -- Install configuration: ""
[1.936s] -- Installing: /home/y/SA_CAO_Simu/SA_CAO/install/turtlebot3_bringup/share/turtlebot3_bringup/launch
[1.936s] -- Installing: /home/y/SA_CAO_Simu/SA_CAO/install/turtlebot3_bringup/share/turtlebot3_bringup/launch/robot.launch.py
[1.936s] -- Installing: /home/y/SA_CAO_Simu/SA_CAO/install/turtlebot3_bringup/share/turtlebot3_bringup/launch/turtlebot3_state_publisher.launch.py
[1.936s] -- Installing: /home/y/SA_CAO_Simu/SA_CAO/install/turtlebot3_bringup/share/turtlebot3_bringup/launch/rviz2.launch.py
[1.936s] -- Installing: /home/y/SA_CAO_Simu/SA_CAO/install/turtlebot3_bringup/share/turtlebot3_bringup/param
[1.936s] -- Installing: /home/y/SA_CAO_Simu/SA_CAO/install/turtlebot3_bringup/share/turtlebot3_bringup/param/waffle.yaml
[1.936s] -- Installing: /home/y/SA_CAO_Simu/SA_CAO/install/turtlebot3_bringup/share/turtlebot3_bringup/param/waffle_pi.yaml
[1.936s] -- Installing: /home/y/SA_CAO_Simu/SA_CAO/install/turtlebot3_bringup/share/turtlebot3_bringup/param/burger.yaml
[1.936s] -- Installing: /home/y/SA_CAO_Simu/SA_CAO/install/turtlebot3_bringup/share/turtlebot3_bringup/script
[1.936s] -- Installing: /home/y/SA_CAO_Simu/SA_CAO/install/turtlebot3_bringup/share/turtlebot3_bringup/script/create_udev_rules
[1.937s] -- Installing: /home/y/SA_CAO_Simu/SA_CAO/install/turtlebot3_bringup/share/turtlebot3_bringup/script/99-turtlebot3-cdc.rules
[1.937s] -- Installing: /home/y/SA_CAO_Simu/SA_CAO/install/turtlebot3_bringup/share/ament_index/resource_index/package_run_dependencies/turtlebot3_bringup
[1.937s] -- Installing: /home/y/SA_CAO_Simu/SA_CAO/install/turtlebot3_bringup/share/ament_index/resource_index/parent_prefix_path/turtlebot3_bringup
[1.937s] -- Installing: /home/y/SA_CAO_Simu/SA_CAO/install/turtlebot3_bringup/share/turtlebot3_bringup/environment/ament_prefix_path.sh
[1.937s] -- Installing: /home/y/SA_CAO_Simu/SA_CAO/install/turtlebot3_bringup/share/turtlebot3_bringup/environment/ament_prefix_path.dsv
[1.937s] -- Installing: /home/y/SA_CAO_Simu/SA_CAO/install/turtlebot3_bringup/share/turtlebot3_bringup/environment/path.sh
[1.937s] -- Installing: /home/y/SA_CAO_Simu/SA_CAO/install/turtlebot3_bringup/share/turtlebot3_bringup/environment/path.dsv
[1.937s] -- Installing: /home/y/SA_CAO_Simu/SA_CAO/install/turtlebot3_bringup/share/turtlebot3_bringup/local_setup.bash
[1.938s] -- Installing: /home/y/SA_CAO_Simu/SA_CAO/install/turtlebot3_bringup/share/turtlebot3_bringup/local_setup.sh
[1.938s] -- Installing: /home/y/SA_CAO_Simu/SA_CAO/install/turtlebot3_bringup/share/turtlebot3_bringup/local_setup.zsh
[1.938s] -- Installing: /home/y/SA_CAO_Simu/SA_CAO/install/turtlebot3_bringup/share/turtlebot3_bringup/local_setup.dsv
[1.938s] -- Installing: /home/y/SA_CAO_Simu/SA_CAO/install/turtlebot3_bringup/share/turtlebot3_bringup/package.dsv
[1.938s] -- Installing: /home/y/SA_CAO_Simu/SA_CAO/install/turtlebot3_bringup/share/ament_index/resource_index/packages/turtlebot3_bringup
[1.938s] -- Installing: /home/y/SA_CAO_Simu/SA_CAO/install/turtlebot3_bringup/share/turtlebot3_bringup/cmake/turtlebot3_bringupConfig.cmake
[1.938s] -- Installing: /home/y/SA_CAO_Simu/SA_CAO/install/turtlebot3_bringup/share/turtlebot3_bringup/cmake/turtlebot3_bringupConfig-version.cmake
[1.938s] -- Installing: /home/y/SA_CAO_Simu/SA_CAO/install/turtlebot3_bringup/share/turtlebot3_bringup/package.xml
[1.939s] Invoked command in '/home/y/SA_CAO_Simu/SA_CAO/build/turtlebot3_bringup' returned '0': AMENT_PREFIX_PATH=/home/y/SA_CAO_Simu/SA_CAO/install/turtlebot3_node:/home/y/SA_CAO_Simu/SA_CAO/install/turtlebot3_msgs:/home/y/SA_CAO_Simu/SA_CAO/install/turtlebot3_description:/home/y/SA_CAO_Simu/SA_CAO/install/hls_lfcd_lds_driver:/home/y/SA_CAO_Simu/SA_CAO/install/dynamixel_sdk:${AMENT_PREFIX_PATH} CMAKE_PREFIX_PATH=/home/y/SA_CAO_Simu/SA_CAO/install/turtlebot3_node:/home/y/SA_CAO_Simu/SA_CAO/install/turtlebot3_msgs:/home/y/SA_CAO_Simu/SA_CAO/install/turtlebot3_description:/home/y/SA_CAO_Simu/SA_CAO/install/hls_lfcd_lds_driver:/home/y/SA_CAO_Simu/SA_CAO/install/dynamixel_sdk:/opt/ros/foxy LD_LIBRARY_PATH=/home/y/SA_CAO_Simu/SA_CAO/install/turtlebot3_msgs/lib:/home/y/SA_CAO_Simu/SA_CAO/install/dynamixel_sdk/lib:${LD_LIBRARY_PATH} PYTHONPATH=/home/y/SA_CAO_Simu/SA_CAO/install/turtlebot3_msgs/lib/python3.8/site-packages:${PYTHONPATH} /usr/bin/cmake --install /home/y/SA_CAO_Simu/SA_CAO/build/turtlebot3_bringup
