-- The C compiler identification is GNU 9.4.0
-- The CXX compiler identification is GNU 9.4.0
-- Check for working C compiler: /usr/bin/cc
-- Check for working C compiler: /usr/bin/cc -- works
-- Detecting C compiler ABI info
-- Detecting C compiler ABI info - done
-- Detecting C compile features
-- Detecting C compile features - done
-- Check for working CXX compiler: /usr/bin/c++
-- Check for working CXX compiler: /usr/bin/c++ -- works
-- Detecting CXX compiler ABI info
-- Detecting CXX compiler ABI info - done
-- Detecting CXX compile features
-- Detecting CXX compile features - done
-- Found ament_cmake: 0.9.12 (/opt/ros/foxy/share/ament_cmake/cmake)
-- Found PythonInterp: /usr/bin/python3 (found suitable version "3.8.10", minimum required is "3") 
-- Using PYTHON_EXECUTABLE: /usr/bin/python3
-- Found rclcpp: 2.4.3 (/opt/ros/foxy/share/rclcpp/cmake)
-- Using all available rosidl_typesupport_c: rosidl_typesupport_fastrtps_c;rosidl_typesupport_introspection_c
-- Found rosidl_adapter: 1.3.1 (/opt/ros/foxy/share/rosidl_adapter/cmake)
-- Found OpenSSL: /usr/lib/x86_64-linux-gnu/libcrypto.so (found version "1.1.1f")  
-- Found FastRTPS: /opt/ros/foxy/include  
-- Using all available rosidl_typesupport_cpp: rosidl_typesupport_fastrtps_cpp;rosidl_typesupport_introspection_cpp
-- Found rmw_implementation_cmake: 1.0.4 (/opt/ros/foxy/share/rmw_implementation_cmake/cmake)
-- Using RMW implementation 'rmw_fastrtps_cpp' as default
-- Looking for pthread.h
-- Looking for pthread.h - found
-- Performing Test CMAKE_HAVE_LIBC_PTHREAD
-- Performing Test CMAKE_HAVE_LIBC_PTHREAD - Failed
-- Looking for pthread_create in pthreads
-- Looking for pthread_create in pthreads - not found
-- Looking for pthread_create in pthread
-- Looking for pthread_create in pthread - found
-- Found Threads: TRUE  
-- Found motion_msgs: 1.0.0 (/home/y/SA_CAO/install/motion_msgs/share/motion_msgs/cmake)
-- Found sensor_msgs: 2.0.5 (/opt/ros/foxy/share/sensor_msgs/cmake)
-- Found ception_msgs: 1.0.0 (/home/y/SA_CAO/install/ception_msgs/share/ception_msgs/cmake)
-- Found diablo_utils: 1.0.0 (/home/y/SA_CAO/install/diablo_utils/share/diablo_utils/cmake)
-- Found ament_lint_auto: 0.9.8 (/opt/ros/foxy/share/ament_lint_auto/cmake)
-- Found ament_cmake_gtest: 0.9.12 (/opt/ros/foxy/share/ament_cmake_gtest/cmake)
-- Added test 'copyright' to check source files copyright and LICENSE
-- Added test 'cppcheck' to perform static code analysis on C / C++ code
-- Configured cppcheck include dirs: /home/y/SA_CAO/src/diablo_ros2/diablo_ception/diablo_body/include
-- Configured cppcheck exclude dirs and/or files: 
-- Added test 'cpplint' to check C / C++ code against the Google style
-- Configured cpplint exclude dirs and/or files: 
-- Added test 'lint_cmake' to check CMake code style
-- Added test 'uncrustify' to check C / C++ code style
-- Configured uncrustify additional arguments: 
-- Added test 'xmllint' to check XML markup files
-- Configuring done
-- Generating done
-- Build files have been written to: /home/y/SA_CAO/build/diablo_body
[35m[1mScanning dependencies of target diablo_body_core[0m
[ 20%] [32mBuilding CXX object CMakeFiles/diablo_body_core.dir/src/diablo_imu.cpp.o[0m
[ 40%] [32mBuilding CXX object CMakeFiles/diablo_body_core.dir/src/diablo_battery.cpp.o[0m
[ 60%] [32mBuilding CXX object CMakeFiles/diablo_body_core.dir/src/diablo_legmotors.cpp.o[0m
[ 80%] [32mBuilding CXX object CMakeFiles/diablo_body_core.dir/src/diablo_body_state.cpp.o[0m
[100%] [32m[1mLinking CXX shared library libdiablo_body_core.so[0m
[100%] Built target diablo_body_core
-- Install configuration: ""
-- Installing: /home/y/SA_CAO/install/diablo_body/include/
-- Installing: /home/y/SA_CAO/install/diablo_body/include//diablo_battery.hpp
-- Installing: /home/y/SA_CAO/install/diablo_body/include//diablo_body_state.hpp
-- Installing: /home/y/SA_CAO/install/diablo_body/include//diablo_legmotors.hpp
-- Installing: /home/y/SA_CAO/install/diablo_body/include//diablo_imu.hpp
-- Installing: /home/y/SA_CAO/install/diablo_body/lib/libdiablo_body_core.so
-- Set runtime path of "/home/y/SA_CAO/install/diablo_body/lib/libdiablo_body_core.so" to ""
-- Installing: /home/y/SA_CAO/install/diablo_body/share/diablo_body/environment/library_path.sh
-- Installing: /home/y/SA_CAO/install/diablo_body/share/diablo_body/environment/library_path.dsv
-- Installing: /home/y/SA_CAO/install/diablo_body/share/ament_index/resource_index/package_run_dependencies/diablo_body
-- Installing: /home/y/SA_CAO/install/diablo_body/share/ament_index/resource_index/parent_prefix_path/diablo_body
-- Installing: /home/y/SA_CAO/install/diablo_body/share/diablo_body/environment/ament_prefix_path.sh
-- Installing: /home/y/SA_CAO/install/diablo_body/share/diablo_body/environment/ament_prefix_path.dsv
-- Installing: /home/y/SA_CAO/install/diablo_body/share/diablo_body/environment/path.sh
-- Installing: /home/y/SA_CAO/install/diablo_body/share/diablo_body/environment/path.dsv
-- Installing: /home/y/SA_CAO/install/diablo_body/share/diablo_body/local_setup.bash
-- Installing: /home/y/SA_CAO/install/diablo_body/share/diablo_body/local_setup.sh
-- Installing: /home/y/SA_CAO/install/diablo_body/share/diablo_body/local_setup.zsh
-- Installing: /home/y/SA_CAO/install/diablo_body/share/diablo_body/local_setup.dsv
-- Installing: /home/y/SA_CAO/install/diablo_body/share/diablo_body/package.dsv
-- Installing: /home/y/SA_CAO/install/diablo_body/share/ament_index/resource_index/packages/diablo_body
-- Installing: /home/y/SA_CAO/install/diablo_body/share/diablo_body/cmake/ament_cmake_export_include_directories-extras.cmake
-- Installing: /home/y/SA_CAO/install/diablo_body/share/diablo_body/cmake/ament_cmake_export_libraries-extras.cmake
-- Installing: /home/y/SA_CAO/install/diablo_body/share/diablo_body/cmake/ament_cmake_export_dependencies-extras.cmake
-- Installing: /home/y/SA_CAO/install/diablo_body/share/diablo_body/cmake/diablo_bodyConfig.cmake
-- Installing: /home/y/SA_CAO/install/diablo_body/share/diablo_body/cmake/diablo_bodyConfig-version.cmake
-- Installing: /home/y/SA_CAO/install/diablo_body/share/diablo_body/package.xml
