[0.063s] Invoking command in '/home/y/SA_CAO/build/diablo_body': AMENT_PREFIX_PATH=/home/y/SA_CAO/install/diablo_utils:/home/y/SA_CAO/install/motion_msgs:/home/y/SA_CAO/install/ception_msgs:${AMENT_PREFIX_PATH} CMAKE_PREFIX_PATH=/home/y/SA_CAO/install/diablo_utils:/home/y/SA_CAO/install/motion_msgs:/home/y/SA_CAO/install/ception_msgs:/opt/ros/foxy:${CMAKE_PREFIX_PATH} LD_LIBRARY_PATH=/home/y/SA_CAO/install/diablo_utils/lib:/home/y/SA_CAO/install/motion_msgs/lib:/home/y/SA_CAO/install/ception_msgs/lib:${LD_LIBRARY_PATH} PYTHONPATH=/home/y/SA_CAO/install/motion_msgs/lib/python3.8/site-packages:/home/y/SA_CAO/install/ception_msgs/lib/python3.8/site-packages:${PYTHONPATH} /usr/bin/cmake /home/y/SA_CAO/src/diablo_ros2/diablo_ception/diablo_body -DCMAKE_INSTALL_PREFIX=/home/y/SA_CAO/install/diablo_body
[0.206s] -- The C compiler identification is GNU 9.4.0
[0.278s] -- The CXX compiler identification is GNU 9.4.0
[0.282s] -- Check for working C compiler: /usr/bin/cc
[0.430s] -- Check for working C compiler: /usr/bin/cc -- works
[0.431s] -- Detecting C compiler ABI info
[0.502s] -- Detecting C compiler ABI info - done
[0.512s] -- Detecting C compile features
[0.513s] -- Detecting C compile features - done
[0.515s] -- Check for working CXX compiler: /usr/bin/c++
[0.599s] -- Check for working CXX compiler: /usr/bin/c++ -- works
[0.600s] -- Detecting CXX compiler ABI info
[0.731s] -- Detecting CXX compiler ABI info - done
[0.750s] -- Detecting CXX compile features
[0.751s] -- Detecting CXX compile features - done
[0.758s] -- Found ament_cmake: 0.9.12 (/opt/ros/foxy/share/ament_cmake/cmake)
[0.803s] -- Found PythonInterp: /usr/bin/python3 (found suitable version "3.8.10", minimum required is "3") 
[0.803s] -- Using PYTHON_EXECUTABLE: /usr/bin/python3
[1.052s] -- Found rclcpp: 2.4.3 (/opt/ros/foxy/share/rclcpp/cmake)
[1.165s] -- Using all available rosidl_typesupport_c: rosidl_typesupport_fastrtps_c;rosidl_typesupport_introspection_c
[1.174s] -- Found rosidl_adapter: 1.3.1 (/opt/ros/foxy/share/rosidl_adapter/cmake)
[1.519s] -- Found OpenSSL: /usr/lib/x86_64-linux-gnu/libcrypto.so (found version "1.1.1f")  
[1.603s] -- Found FastRTPS: /opt/ros/foxy/include  
[1.699s] -- Using all available rosidl_typesupport_cpp: rosidl_typesupport_fastrtps_cpp;rosidl_typesupport_introspection_cpp
[1.809s] -- Found rmw_implementation_cmake: 1.0.4 (/opt/ros/foxy/share/rmw_implementation_cmake/cmake)
[1.811s] -- Using RMW implementation 'rmw_fastrtps_cpp' as default
[1.811s] -- Looking for pthread.h
[1.990s] -- Looking for pthread.h - found
[1.991s] -- Performing Test CMAKE_HAVE_LIBC_PTHREAD
[2.063s] -- Performing Test CMAKE_HAVE_LIBC_PTHREAD - Failed
[2.063s] -- Looking for pthread_create in pthreads
[2.534s] -- Looking for pthread_create in pthreads - not found
[2.534s] -- Looking for pthread_create in pthread
[3.172s] -- Looking for pthread_create in pthread - found
[3.174s] -- Found Threads: TRUE  
[3.343s] -- Found motion_msgs: 1.0.0 (/home/y/SA_CAO/install/motion_msgs/share/motion_msgs/cmake)
[3.416s] -- Found sensor_msgs: 2.0.5 (/opt/ros/foxy/share/sensor_msgs/cmake)
[3.618s] -- Found ception_msgs: 1.0.0 (/home/y/SA_CAO/install/ception_msgs/share/ception_msgs/cmake)
[3.651s] -- Found diablo_utils: 1.0.0 (/home/y/SA_CAO/install/diablo_utils/share/diablo_utils/cmake)
[3.670s] -- Found ament_lint_auto: 0.9.8 (/opt/ros/foxy/share/ament_lint_auto/cmake)
[3.883s] -- Found ament_cmake_gtest: 0.9.12 (/opt/ros/foxy/share/ament_cmake_gtest/cmake)
[3.887s] -- Added test 'copyright' to check source files copyright and LICENSE
[3.888s] -- Added test 'cppcheck' to perform static code analysis on C / C++ code
[3.888s] -- Configured cppcheck include dirs: /home/y/SA_CAO/src/diablo_ros2/diablo_ception/diablo_body/include
[3.888s] -- Configured cppcheck exclude dirs and/or files: 
[3.889s] -- Added test 'cpplint' to check C / C++ code against the Google style
[3.889s] -- Configured cpplint exclude dirs and/or files: 
[3.889s] -- Added test 'lint_cmake' to check CMake code style
[3.900s] -- Added test 'uncrustify' to check C / C++ code style
[3.900s] -- Configured uncrustify additional arguments: 
[3.900s] -- Added test 'xmllint' to check XML markup files
[3.904s] -- Configuring done
[3.922s] -- Generating done
[3.938s] -- Build files have been written to: /home/y/SA_CAO/build/diablo_body
[3.966s] Invoked command in '/home/y/SA_CAO/build/diablo_body' returned '0': AMENT_PREFIX_PATH=/home/y/SA_CAO/install/diablo_utils:/home/y/SA_CAO/install/motion_msgs:/home/y/SA_CAO/install/ception_msgs:${AMENT_PREFIX_PATH} CMAKE_PREFIX_PATH=/home/y/SA_CAO/install/diablo_utils:/home/y/SA_CAO/install/motion_msgs:/home/y/SA_CAO/install/ception_msgs:/opt/ros/foxy:${CMAKE_PREFIX_PATH} LD_LIBRARY_PATH=/home/y/SA_CAO/install/diablo_utils/lib:/home/y/SA_CAO/install/motion_msgs/lib:/home/y/SA_CAO/install/ception_msgs/lib:${LD_LIBRARY_PATH} PYTHONPATH=/home/y/SA_CAO/install/motion_msgs/lib/python3.8/site-packages:/home/y/SA_CAO/install/ception_msgs/lib/python3.8/site-packages:${PYTHONPATH} /usr/bin/cmake /home/y/SA_CAO/src/diablo_ros2/diablo_ception/diablo_body -DCMAKE_INSTALL_PREFIX=/home/y/SA_CAO/install/diablo_body
[3.984s] Invoking command in '/home/y/SA_CAO/build/diablo_body': AMENT_PREFIX_PATH=/home/y/SA_CAO/install/diablo_utils:/home/y/SA_CAO/install/motion_msgs:/home/y/SA_CAO/install/ception_msgs:${AMENT_PREFIX_PATH} CMAKE_PREFIX_PATH=/home/y/SA_CAO/install/diablo_utils:/home/y/SA_CAO/install/motion_msgs:/home/y/SA_CAO/install/ception_msgs:/opt/ros/foxy:${CMAKE_PREFIX_PATH} LD_LIBRARY_PATH=/home/y/SA_CAO/install/diablo_utils/lib:/home/y/SA_CAO/install/motion_msgs/lib:/home/y/SA_CAO/install/ception_msgs/lib:${LD_LIBRARY_PATH} PYTHONPATH=/home/y/SA_CAO/install/motion_msgs/lib/python3.8/site-packages:/home/y/SA_CAO/install/ception_msgs/lib/python3.8/site-packages:${PYTHONPATH} /usr/bin/cmake --build /home/y/SA_CAO/build/diablo_body -- -j2 -l2
[4.193s] [35m[1mScanning dependencies of target diablo_body_core[0m
[4.395s] [ 20%] [32mBuilding CXX object CMakeFiles/diablo_body_core.dir/src/diablo_imu.cpp.o[0m
[4.402s] [ 40%] [32mBuilding CXX object CMakeFiles/diablo_body_core.dir/src/diablo_battery.cpp.o[0m
[15.263s] [ 60%] [32mBuilding CXX object CMakeFiles/diablo_body_core.dir/src/diablo_legmotors.cpp.o[0m
[15.900s] [ 80%] [32mBuilding CXX object CMakeFiles/diablo_body_core.dir/src/diablo_body_state.cpp.o[0m
[20.715s] [100%] [32m[1mLinking CXX shared library libdiablo_body_core.so[0m
[20.960s] [100%] Built target diablo_body_core
[20.973s] Invoked command in '/home/y/SA_CAO/build/diablo_body' returned '0': AMENT_PREFIX_PATH=/home/y/SA_CAO/install/diablo_utils:/home/y/SA_CAO/install/motion_msgs:/home/y/SA_CAO/install/ception_msgs:${AMENT_PREFIX_PATH} CMAKE_PREFIX_PATH=/home/y/SA_CAO/install/diablo_utils:/home/y/SA_CAO/install/motion_msgs:/home/y/SA_CAO/install/ception_msgs:/opt/ros/foxy:${CMAKE_PREFIX_PATH} LD_LIBRARY_PATH=/home/y/SA_CAO/install/diablo_utils/lib:/home/y/SA_CAO/install/motion_msgs/lib:/home/y/SA_CAO/install/ception_msgs/lib:${LD_LIBRARY_PATH} PYTHONPATH=/home/y/SA_CAO/install/motion_msgs/lib/python3.8/site-packages:/home/y/SA_CAO/install/ception_msgs/lib/python3.8/site-packages:${PYTHONPATH} /usr/bin/cmake --build /home/y/SA_CAO/build/diablo_body -- -j2 -l2
[20.974s] Invoking command in '/home/y/SA_CAO/build/diablo_body': AMENT_PREFIX_PATH=/home/y/SA_CAO/install/diablo_utils:/home/y/SA_CAO/install/motion_msgs:/home/y/SA_CAO/install/ception_msgs:${AMENT_PREFIX_PATH} CMAKE_PREFIX_PATH=/home/y/SA_CAO/install/diablo_utils:/home/y/SA_CAO/install/motion_msgs:/home/y/SA_CAO/install/ception_msgs:/opt/ros/foxy:${CMAKE_PREFIX_PATH} LD_LIBRARY_PATH=/home/y/SA_CAO/install/diablo_utils/lib:/home/y/SA_CAO/install/motion_msgs/lib:/home/y/SA_CAO/install/ception_msgs/lib:${LD_LIBRARY_PATH} PYTHONPATH=/home/y/SA_CAO/install/motion_msgs/lib/python3.8/site-packages:/home/y/SA_CAO/install/ception_msgs/lib/python3.8/site-packages:${PYTHONPATH} /usr/bin/cmake --install /home/y/SA_CAO/build/diablo_body
[20.982s] -- Install configuration: ""
[20.982s] -- Installing: /home/y/SA_CAO/install/diablo_body/include/
[20.983s] -- Installing: /home/y/SA_CAO/install/diablo_body/include//diablo_battery.hpp
[20.983s] -- Installing: /home/y/SA_CAO/install/diablo_body/include//diablo_body_state.hpp
[20.983s] -- Installing: /home/y/SA_CAO/install/diablo_body/include//diablo_legmotors.hpp
[20.983s] -- Installing: /home/y/SA_CAO/install/diablo_body/include//diablo_imu.hpp
[20.983s] -- Installing: /home/y/SA_CAO/install/diablo_body/lib/libdiablo_body_core.so
[20.986s] -- Set runtime path of "/home/y/SA_CAO/install/diablo_body/lib/libdiablo_body_core.so" to ""
[20.986s] -- Installing: /home/y/SA_CAO/install/diablo_body/share/diablo_body/environment/library_path.sh
[20.986s] -- Installing: /home/y/SA_CAO/install/diablo_body/share/diablo_body/environment/library_path.dsv
[20.987s] -- Installing: /home/y/SA_CAO/install/diablo_body/share/ament_index/resource_index/package_run_dependencies/diablo_body
[20.987s] -- Installing: /home/y/SA_CAO/install/diablo_body/share/ament_index/resource_index/parent_prefix_path/diablo_body
[20.987s] -- Installing: /home/y/SA_CAO/install/diablo_body/share/diablo_body/environment/ament_prefix_path.sh
[20.988s] -- Installing: /home/y/SA_CAO/install/diablo_body/share/diablo_body/environment/ament_prefix_path.dsv
[20.988s] -- Installing: /home/y/SA_CAO/install/diablo_body/share/diablo_body/environment/path.sh
[20.988s] -- Installing: /home/y/SA_CAO/install/diablo_body/share/diablo_body/environment/path.dsv
[20.989s] -- Installing: /home/y/SA_CAO/install/diablo_body/share/diablo_body/local_setup.bash
[20.989s] -- Installing: /home/y/SA_CAO/install/diablo_body/share/diablo_body/local_setup.sh
[20.989s] -- Installing: /home/y/SA_CAO/install/diablo_body/share/diablo_body/local_setup.zsh
[20.989s] -- Installing: /home/y/SA_CAO/install/diablo_body/share/diablo_body/local_setup.dsv
[20.989s] -- Installing: /home/y/SA_CAO/install/diablo_body/share/diablo_body/package.dsv
[20.990s] -- Installing: /home/y/SA_CAO/install/diablo_body/share/ament_index/resource_index/packages/diablo_body
[20.990s] -- Installing: /home/y/SA_CAO/install/diablo_body/share/diablo_body/cmake/ament_cmake_export_include_directories-extras.cmake
[20.990s] -- Installing: /home/y/SA_CAO/install/diablo_body/share/diablo_body/cmake/ament_cmake_export_libraries-extras.cmake
[20.990s] -- Installing: /home/y/SA_CAO/install/diablo_body/share/diablo_body/cmake/ament_cmake_export_dependencies-extras.cmake
[20.991s] -- Installing: /home/y/SA_CAO/install/diablo_body/share/diablo_body/cmake/diablo_bodyConfig.cmake
[20.991s] -- Installing: /home/y/SA_CAO/install/diablo_body/share/diablo_body/cmake/diablo_bodyConfig-version.cmake
[20.991s] -- Installing: /home/y/SA_CAO/install/diablo_body/share/diablo_body/package.xml
[20.997s] Invoked command in '/home/y/SA_CAO/build/diablo_body' returned '0': AMENT_PREFIX_PATH=/home/y/SA_CAO/install/diablo_utils:/home/y/SA_CAO/install/motion_msgs:/home/y/SA_CAO/install/ception_msgs:${AMENT_PREFIX_PATH} CMAKE_PREFIX_PATH=/home/y/SA_CAO/install/diablo_utils:/home/y/SA_CAO/install/motion_msgs:/home/y/SA_CAO/install/ception_msgs:/opt/ros/foxy:${CMAKE_PREFIX_PATH} LD_LIBRARY_PATH=/home/y/SA_CAO/install/diablo_utils/lib:/home/y/SA_CAO/install/motion_msgs/lib:/home/y/SA_CAO/install/ception_msgs/lib:${LD_LIBRARY_PATH} PYTHONPATH=/home/y/SA_CAO/install/motion_msgs/lib/python3.8/site-packages:/home/y/SA_CAO/install/ception_msgs/lib/python3.8/site-packages:${PYTHONPATH} /usr/bin/cmake --install /home/y/SA_CAO/build/diablo_body
