[0.014s] Invoking command in '/home/y/SA_CAO_Simu/SA_CAO/build/hls_lfcd_lds_driver': CMAKE_PREFIX_PATH=${CMAKE_PREFIX_PATH}:/home/y/SA_CAO_Simu/SA_CAO/install/turtlebot3_teleop:/home/y/SA_CAO_Simu/SA_CAO/install/turtlebot3_example:/home/y/SA_CAO_Simu/SA_CAO/install/pure_pursuit:/home/y/SA_CAO_Simu/SA_CAO/install/my_balance_pkg:/home/y/SA_CAO_Simu/SA_CAO/install/launch_diablo:/opt/ros/foxy /usr/bin/cmake /home/y/SA_CAO_Simu/SA_CAO/src/utils/hls_lfcd_lds_driver -DCMAKE_INSTALL_PREFIX=/home/y/SA_CAO_Simu/SA_CAO/install/hls_lfcd_lds_driver
[0.076s] -- The C compiler identification is GNU 9.4.0
[0.115s] -- The CXX compiler identification is GNU 9.4.0
[0.116s] -- Check for working C compiler: /usr/bin/cc
[0.161s] -- Check for working C compiler: /usr/bin/cc -- works
[0.163s] -- Detecting C compiler ABI info
[0.288s] -- Detecting C compiler ABI info - done
[0.291s] -- Detecting C compile features
[0.292s] -- Detecting C compile features - done
[0.293s] -- Check for working CXX compiler: /usr/bin/c++
[0.413s] -- Check for working CXX compiler: /usr/bin/c++ -- works
[0.416s] -- Detecting CXX compiler ABI info
[0.491s] -- Detecting CXX compiler ABI info - done
[0.491s] -- Detecting CXX compile features
[0.491s] -- Detecting CXX compile features - done
[0.493s] -- Found ament_cmake: 0.9.12 (/opt/ros/foxy/share/ament_cmake/cmake)
[0.517s] -- Found PythonInterp: /usr/bin/python3 (found suitable version "3.8.10", minimum required is "3") 
[0.518s] -- Using PYTHON_EXECUTABLE: /usr/bin/python3
[0.665s] -- Found rclcpp: 2.4.3 (/opt/ros/foxy/share/rclcpp/cmake)
[0.696s] -- Using all available rosidl_typesupport_c: rosidl_typesupport_fastrtps_c;rosidl_typesupport_introspection_c
[0.700s] -- Found rosidl_adapter: 1.3.1 (/opt/ros/foxy/share/rosidl_adapter/cmake)
[0.853s] -- Found OpenSSL: /usr/lib/aarch64-linux-gnu/libcrypto.so (found version "1.1.1f")  
[0.886s] -- Found FastRTPS: /opt/ros/foxy/include  
[0.959s] -- Using all available rosidl_typesupport_cpp: rosidl_typesupport_fastrtps_cpp;rosidl_typesupport_introspection_cpp
[1.005s] -- Found rmw_implementation_cmake: 1.0.4 (/opt/ros/foxy/share/rmw_implementation_cmake/cmake)
[1.007s] -- Using RMW implementation 'rmw_fastrtps_cpp' as default
[1.008s] -- Looking for pthread.h
[1.105s] -- Looking for pthread.h - found
[1.107s] -- Performing Test CMAKE_HAVE_LIBC_PTHREAD
[1.219s] -- Performing Test CMAKE_HAVE_LIBC_PTHREAD - Failed
[1.219s] -- Looking for pthread_create in pthreads
[1.328s] -- Looking for pthread_create in pthreads - not found
[1.328s] -- Looking for pthread_create in pthread
[1.399s] -- Looking for pthread_create in pthread - found
[1.400s] -- Found Threads: TRUE  
[1.529s] -- Found sensor_msgs: 2.0.5 (/opt/ros/foxy/share/sensor_msgs/cmake)
[1.648s] -- Found Boost: /usr/lib/aarch64-linux-gnu/cmake/Boost-1.71.0/BoostConfig.cmake (found version "1.71.0") found components: system 
[1.693s] -- Configuring done
[1.698s] -- Generating done
[1.702s] -- Build files have been written to: /home/y/SA_CAO_Simu/SA_CAO/build/hls_lfcd_lds_driver
[1.707s] Invoked command in '/home/y/SA_CAO_Simu/SA_CAO/build/hls_lfcd_lds_driver' returned '0': CMAKE_PREFIX_PATH=${CMAKE_PREFIX_PATH}:/home/y/SA_CAO_Simu/SA_CAO/install/turtlebot3_teleop:/home/y/SA_CAO_Simu/SA_CAO/install/turtlebot3_example:/home/y/SA_CAO_Simu/SA_CAO/install/pure_pursuit:/home/y/SA_CAO_Simu/SA_CAO/install/my_balance_pkg:/home/y/SA_CAO_Simu/SA_CAO/install/launch_diablo:/opt/ros/foxy /usr/bin/cmake /home/y/SA_CAO_Simu/SA_CAO/src/utils/hls_lfcd_lds_driver -DCMAKE_INSTALL_PREFIX=/home/y/SA_CAO_Simu/SA_CAO/install/hls_lfcd_lds_driver
[1.708s] Invoking command in '/home/y/SA_CAO_Simu/SA_CAO/build/hls_lfcd_lds_driver': CMAKE_PREFIX_PATH=${CMAKE_PREFIX_PATH}:/home/y/SA_CAO_Simu/SA_CAO/install/turtlebot3_teleop:/home/y/SA_CAO_Simu/SA_CAO/install/turtlebot3_example:/home/y/SA_CAO_Simu/SA_CAO/install/pure_pursuit:/home/y/SA_CAO_Simu/SA_CAO/install/my_balance_pkg:/home/y/SA_CAO_Simu/SA_CAO/install/launch_diablo:/opt/ros/foxy /usr/bin/cmake --build /home/y/SA_CAO_Simu/SA_CAO/build/hls_lfcd_lds_driver -- -j2 -l2
[1.779s] [35m[1mScanning dependencies of target hlds_laser_publisher[0m
[1.812s] [ 50%] [32mBuilding CXX object CMakeFiles/hlds_laser_publisher.dir/src/hlds_laser_publisher.cpp.o[0m
[3.558s] [100%] [32m[1mLinking CXX executable hlds_laser_publisher[0m
[3.717s] [100%] Built target hlds_laser_publisher
[3.730s] Invoked command in '/home/y/SA_CAO_Simu/SA_CAO/build/hls_lfcd_lds_driver' returned '0': CMAKE_PREFIX_PATH=${CMAKE_PREFIX_PATH}:/home/y/SA_CAO_Simu/SA_CAO/install/turtlebot3_teleop:/home/y/SA_CAO_Simu/SA_CAO/install/turtlebot3_example:/home/y/SA_CAO_Simu/SA_CAO/install/pure_pursuit:/home/y/SA_CAO_Simu/SA_CAO/install/my_balance_pkg:/home/y/SA_CAO_Simu/SA_CAO/install/launch_diablo:/opt/ros/foxy /usr/bin/cmake --build /home/y/SA_CAO_Simu/SA_CAO/build/hls_lfcd_lds_driver -- -j2 -l2
[3.731s] Invoking command in '/home/y/SA_CAO_Simu/SA_CAO/build/hls_lfcd_lds_driver': CMAKE_PREFIX_PATH=${CMAKE_PREFIX_PATH}:/home/y/SA_CAO_Simu/SA_CAO/install/turtlebot3_teleop:/home/y/SA_CAO_Simu/SA_CAO/install/turtlebot3_example:/home/y/SA_CAO_Simu/SA_CAO/install/pure_pursuit:/home/y/SA_CAO_Simu/SA_CAO/install/my_balance_pkg:/home/y/SA_CAO_Simu/SA_CAO/install/launch_diablo:/opt/ros/foxy /usr/bin/cmake --install /home/y/SA_CAO_Simu/SA_CAO/build/hls_lfcd_lds_driver
[3.743s] -- Install configuration: ""
[3.743s] -- Installing: /home/y/SA_CAO_Simu/SA_CAO/install/hls_lfcd_lds_driver/share/hls_lfcd_lds_driver/launch
[3.743s] -- Installing: /home/y/SA_CAO_Simu/SA_CAO/install/hls_lfcd_lds_driver/share/hls_lfcd_lds_driver/launch/view_hlds_laser.launch.py
[3.744s] -- Installing: /home/y/SA_CAO_Simu/SA_CAO/install/hls_lfcd_lds_driver/share/hls_lfcd_lds_driver/launch/hlds_laser.launch.py
[3.744s] -- Installing: /home/y/SA_CAO_Simu/SA_CAO/install/hls_lfcd_lds_driver/share/hls_lfcd_lds_driver/rviz
[3.744s] -- Installing: /home/y/SA_CAO_Simu/SA_CAO/install/hls_lfcd_lds_driver/share/hls_lfcd_lds_driver/rviz/hlds_laser.rviz
[3.745s] -- Installing: /home/y/SA_CAO_Simu/SA_CAO/install/hls_lfcd_lds_driver/lib/hls_lfcd_lds_driver/hlds_laser_publisher
[3.745s] -- Set runtime path of "/home/y/SA_CAO_Simu/SA_CAO/install/hls_lfcd_lds_driver/lib/hls_lfcd_lds_driver/hlds_laser_publisher" to ""
[3.745s] -- Installing: /home/y/SA_CAO_Simu/SA_CAO/install/hls_lfcd_lds_driver/share/ament_index/resource_index/package_run_dependencies/hls_lfcd_lds_driver
[3.745s] -- Installing: /home/y/SA_CAO_Simu/SA_CAO/install/hls_lfcd_lds_driver/share/ament_index/resource_index/parent_prefix_path/hls_lfcd_lds_driver
[3.745s] -- Installing: /home/y/SA_CAO_Simu/SA_CAO/install/hls_lfcd_lds_driver/share/hls_lfcd_lds_driver/environment/ament_prefix_path.sh
[3.745s] -- Installing: /home/y/SA_CAO_Simu/SA_CAO/install/hls_lfcd_lds_driver/share/hls_lfcd_lds_driver/environment/ament_prefix_path.dsv
[3.745s] -- Installing: /home/y/SA_CAO_Simu/SA_CAO/install/hls_lfcd_lds_driver/share/hls_lfcd_lds_driver/environment/path.sh
[3.745s] -- Installing: /home/y/SA_CAO_Simu/SA_CAO/install/hls_lfcd_lds_driver/share/hls_lfcd_lds_driver/environment/path.dsv
[3.745s] -- Installing: /home/y/SA_CAO_Simu/SA_CAO/install/hls_lfcd_lds_driver/share/hls_lfcd_lds_driver/local_setup.bash
[3.745s] -- Installing: /home/y/SA_CAO_Simu/SA_CAO/install/hls_lfcd_lds_driver/share/hls_lfcd_lds_driver/local_setup.sh
[3.745s] -- Installing: /home/y/SA_CAO_Simu/SA_CAO/install/hls_lfcd_lds_driver/share/hls_lfcd_lds_driver/local_setup.zsh
[3.746s] -- Installing: /home/y/SA_CAO_Simu/SA_CAO/install/hls_lfcd_lds_driver/share/hls_lfcd_lds_driver/local_setup.dsv
[3.746s] -- Installing: /home/y/SA_CAO_Simu/SA_CAO/install/hls_lfcd_lds_driver/share/hls_lfcd_lds_driver/package.dsv
[3.746s] -- Installing: /home/y/SA_CAO_Simu/SA_CAO/install/hls_lfcd_lds_driver/share/ament_index/resource_index/packages/hls_lfcd_lds_driver
[3.746s] -- Installing: /home/y/SA_CAO_Simu/SA_CAO/install/hls_lfcd_lds_driver/share/hls_lfcd_lds_driver/cmake/ament_cmake_export_dependencies-extras.cmake
[3.746s] -- Installing: /home/y/SA_CAO_Simu/SA_CAO/install/hls_lfcd_lds_driver/share/hls_lfcd_lds_driver/cmake/ament_cmake_export_include_directories-extras.cmake
[3.746s] -- Installing: /home/y/SA_CAO_Simu/SA_CAO/install/hls_lfcd_lds_driver/share/hls_lfcd_lds_driver/cmake/hls_lfcd_lds_driverConfig.cmake
[3.746s] -- Installing: /home/y/SA_CAO_Simu/SA_CAO/install/hls_lfcd_lds_driver/share/hls_lfcd_lds_driver/cmake/hls_lfcd_lds_driverConfig-version.cmake
[3.746s] -- Installing: /home/y/SA_CAO_Simu/SA_CAO/install/hls_lfcd_lds_driver/share/hls_lfcd_lds_driver/package.xml
[3.747s] Invoked command in '/home/y/SA_CAO_Simu/SA_CAO/build/hls_lfcd_lds_driver' returned '0': CMAKE_PREFIX_PATH=${CMAKE_PREFIX_PATH}:/home/y/SA_CAO_Simu/SA_CAO/install/turtlebot3_teleop:/home/y/SA_CAO_Simu/SA_CAO/install/turtlebot3_example:/home/y/SA_CAO_Simu/SA_CAO/install/pure_pursuit:/home/y/SA_CAO_Simu/SA_CAO/install/my_balance_pkg:/home/y/SA_CAO_Simu/SA_CAO/install/launch_diablo:/opt/ros/foxy /usr/bin/cmake --install /home/y/SA_CAO_Simu/SA_CAO/build/hls_lfcd_lds_driver
