[0.018s] Invoking command in '/home/y/SA_CAO/build/motion_msgs': CMAKE_PREFIX_PATH=/home/y/SA_CAO/install/sub_diablo:/home/y/SA_CAO/install/motion_msgs:/home/y/SA_CAO/install/robot_launch:/home/y/SA_CAO/install/my_xbox_joystick:/home/y/SA_CAO/install/cmd_vel2motionctrl:/home/y/SA_CAO/install/cmd_vel2MotionCtrl:/opt/ros/foxy:/home/y/oradar_ros/install/oradar_lidar /usr/bin/cmake /home/y/SA_CAO/src/motion_msgs -DCMAKE_INSTALL_PREFIX=/home/y/SA_CAO/install/motion_msgs
[0.128s] -- The C compiler identification is GNU 9.4.0
[0.207s] -- The CXX compiler identification is GNU 9.4.0
[0.212s] -- Check for working C compiler: /usr/bin/cc
[0.288s] -- Check for working C compiler: /usr/bin/cc -- works
[0.288s] -- Detecting C compiler ABI info
[0.349s] -- Detecting C compiler ABI info - done
[0.358s] -- Detecting C compile features
[0.359s] -- Detecting C compile features - done
[0.361s] -- Check for working CXX compiler: /usr/bin/c++
[0.429s] -- Check for working CXX compiler: /usr/bin/c++ -- works
[0.429s] -- Detecting CXX compiler ABI info
[0.501s] -- Detecting CXX compiler ABI info - done
[0.507s] -- Detecting CXX compile features
[0.507s] -- Detecting CXX compile features - done
[0.511s] -- Found ament_cmake: 0.9.12 (/opt/ros/foxy/share/ament_cmake/cmake)
[0.531s] -- Found PythonInterp: /usr/bin/python3 (found suitable version "3.8.10", minimum required is "3") 
[0.531s] -- Using PYTHON_EXECUTABLE: /usr/bin/python3
[0.698s] -- Found rosidl_default_generators: 1.0.1 (/opt/ros/foxy/share/rosidl_default_generators/cmake)
[0.699s] -- Using all available rosidl_typesupport_c: rosidl_typesupport_fastrtps_c;rosidl_typesupport_introspection_c
[0.703s] -- Found rosidl_adapter: 1.3.1 (/opt/ros/foxy/share/rosidl_adapter/cmake)
[0.808s] -- Found OpenSSL: /usr/lib/x86_64-linux-gnu/libcrypto.so (found version "1.1.1f")  
[0.837s] -- Found FastRTPS: /opt/ros/foxy/include  
[0.918s] -- Using all available rosidl_typesupport_cpp: rosidl_typesupport_fastrtps_cpp;rosidl_typesupport_introspection_cpp
[0.946s] -- Found std_msgs: 2.0.5 (/opt/ros/foxy/share/std_msgs/cmake)
[0.994s] -- Found PythonInterp: /usr/bin/python3 (found version "3.8.10") 
[1.139s] -- Found ament_cmake_ros: 0.9.2 (/opt/ros/foxy/share/ament_cmake_ros/cmake)
[1.315s] -- Using all available rosidl_typesupport_c: rosidl_typesupport_fastrtps_c;rosidl_typesupport_introspection_c
[1.380s] -- Using all available rosidl_typesupport_cpp: rosidl_typesupport_fastrtps_cpp;rosidl_typesupport_introspection_cpp
[1.403s] -- Found PythonInterp: /usr/bin/python3 (found suitable version "3.8.10", minimum required is "3.5") 
[1.403s] -- Found python_cmake_module: 0.8.1 (/opt/ros/foxy/share/python_cmake_module/cmake)
[1.432s] -- Found PythonLibs: /usr/lib/x86_64-linux-gnu/libpython3.8.so (found suitable version "3.8.10", minimum required is "3.5") 
[1.433s] -- Using PYTHON_EXECUTABLE: /usr/bin/python3
[1.433s] -- Using PYTHON_INCLUDE_DIRS: /usr/include/python3.8
[1.433s] -- Using PYTHON_LIBRARIES: /usr/lib/x86_64-linux-gnu/libpython3.8.so
[1.461s] -- Found PythonExtra: .so  
[1.518s] -- Configuring done
[1.575s] -- Generating done
[1.591s] -- Build files have been written to: /home/y/SA_CAO/build/motion_msgs
[1.597s] Invoked command in '/home/y/SA_CAO/build/motion_msgs' returned '0': CMAKE_PREFIX_PATH=/home/y/SA_CAO/install/sub_diablo:/home/y/SA_CAO/install/motion_msgs:/home/y/SA_CAO/install/robot_launch:/home/y/SA_CAO/install/my_xbox_joystick:/home/y/SA_CAO/install/cmd_vel2motionctrl:/home/y/SA_CAO/install/cmd_vel2MotionCtrl:/opt/ros/foxy:/home/y/oradar_ros/install/oradar_lidar /usr/bin/cmake /home/y/SA_CAO/src/motion_msgs -DCMAKE_INSTALL_PREFIX=/home/y/SA_CAO/install/motion_msgs
[1.600s] Invoking command in '/home/y/SA_CAO/build/motion_msgs': CMAKE_PREFIX_PATH=/home/y/SA_CAO/install/sub_diablo:/home/y/SA_CAO/install/motion_msgs:/home/y/SA_CAO/install/robot_launch:/home/y/SA_CAO/install/my_xbox_joystick:/home/y/SA_CAO/install/cmd_vel2motionctrl:/home/y/SA_CAO/install/cmd_vel2MotionCtrl:/opt/ros/foxy:/home/y/oradar_ros/install/oradar_lidar /usr/bin/cmake --build /home/y/SA_CAO/build/motion_msgs -- -j2 -l2
[1.638s] [35m[1mScanning dependencies of target motion_msgs__cpp[0m
[1.645s] [  1%] [34m[1mGenerating C code for ROS interfaces[0m
[1.653s] [  2%] [34m[1mGenerating C++ code for ROS interfaces[0m
[2.389s] [35m[1mScanning dependencies of target motion_msgs__rosidl_generator_c[0m
[2.409s] [  4%] [32mBuilding C object CMakeFiles/motion_msgs__rosidl_generator_c.dir/rosidl_generator_c/motion_msgs/msg/detail/ctrl_plot__functions.c.o[0m
[2.465s] [  5%] [32mBuilding C object CMakeFiles/motion_msgs__rosidl_generator_c.dir/rosidl_generator_c/motion_msgs/msg/detail/leg_motors__functions.c.o[0m
[2.508s] [  7%] [32mBuilding C object CMakeFiles/motion_msgs__rosidl_generator_c.dir/rosidl_generator_c/motion_msgs/msg/detail/motion_ctrl__functions.c.o[0m
[2.527s] [  7%] Built target motion_msgs__cpp
[2.538s] [  8%] [34m[1mGenerating C++ type support dispatch for ROS interfaces[0m
[2.554s] [  9%] [32mBuilding C object CMakeFiles/motion_msgs__rosidl_generator_c.dir/rosidl_generator_c/motion_msgs/msg/detail/robot_status__functions.c.o[0m
[2.629s] [ 11%] [32mBuilding C object CMakeFiles/motion_msgs__rosidl_generator_c.dir/rosidl_generator_c/motion_msgs/msg/detail/movement_ctrl_data__functions.c.o[0m
[2.727s] [ 12%] [32mBuilding C object CMakeFiles/motion_msgs__rosidl_generator_c.dir/rosidl_generator_c/motion_msgs/msg/detail/movement_ctrl_mode__functions.c.o[0m
[2.831s] [ 14%] [32m[1mLinking C shared library libmotion_msgs__rosidl_generator_c.so[0m
[2.916s] [ 14%] Built target motion_msgs__rosidl_generator_c
[2.931s] [ 15%] [34m[1mGenerating C++ type support for eProsima Fast-RTPS[0m
[2.988s] [35m[1mScanning dependencies of target motion_msgs__rosidl_typesupport_cpp[0m
[3.008s] [ 16%] [32mBuilding CXX object CMakeFiles/motion_msgs__rosidl_typesupport_cpp.dir/rosidl_typesupport_cpp/motion_msgs/msg/ctrl_plot__type_support.cpp.o[0m
[3.477s] [35m[1mScanning dependencies of target motion_msgs__rosidl_typesupport_fastrtps_cpp[0m
[3.511s] [ 18%] [32mBuilding CXX object CMakeFiles/motion_msgs__rosidl_typesupport_fastrtps_cpp.dir/rosidl_typesupport_fastrtps_cpp/motion_msgs/msg/detail/dds_fastrtps/ctrl_plot__type_support.cpp.o[0m
[3.537s] [ 19%] [32mBuilding CXX object CMakeFiles/motion_msgs__rosidl_typesupport_cpp.dir/rosidl_typesupport_cpp/motion_msgs/msg/leg_motors__type_support.cpp.o[0m
[3.968s] [ 21%] [32mBuilding CXX object CMakeFiles/motion_msgs__rosidl_typesupport_fastrtps_cpp.dir/rosidl_typesupport_fastrtps_cpp/motion_msgs/msg/detail/dds_fastrtps/leg_motors__type_support.cpp.o[0m
[3.976s] [ 22%] [32mBuilding CXX object CMakeFiles/motion_msgs__rosidl_typesupport_cpp.dir/rosidl_typesupport_cpp/motion_msgs/msg/motion_ctrl__type_support.cpp.o[0m
[4.404s] [ 23%] [32mBuilding CXX object CMakeFiles/motion_msgs__rosidl_typesupport_cpp.dir/rosidl_typesupport_cpp/motion_msgs/msg/robot_status__type_support.cpp.o[0m
[5.000s] [ 25%] [32mBuilding CXX object CMakeFiles/motion_msgs__rosidl_typesupport_fastrtps_cpp.dir/rosidl_typesupport_fastrtps_cpp/motion_msgs/msg/detail/dds_fastrtps/motion_ctrl__type_support.cpp.o[0m
[5.173s] [ 26%] [32mBuilding CXX object CMakeFiles/motion_msgs__rosidl_typesupport_cpp.dir/rosidl_typesupport_cpp/motion_msgs/msg/movement_ctrl_data__type_support.cpp.o[0m
[6.148s] [ 28%] [32mBuilding CXX object CMakeFiles/motion_msgs__rosidl_typesupport_cpp.dir/rosidl_typesupport_cpp/motion_msgs/msg/movement_ctrl_mode__type_support.cpp.o[0m
[6.175s] [ 29%] [32mBuilding CXX object CMakeFiles/motion_msgs__rosidl_typesupport_fastrtps_cpp.dir/rosidl_typesupport_fastrtps_cpp/motion_msgs/msg/detail/dds_fastrtps/robot_status__type_support.cpp.o[0m
[6.971s] [ 30%] [32m[1mLinking CXX shared library libmotion_msgs__rosidl_typesupport_cpp.so[0m
[7.082s] [ 30%] Built target motion_msgs__rosidl_typesupport_cpp
[7.129s] [ 32%] [34m[1mGenerating C introspection for ROS interfaces[0m
[7.336s] [ 33%] [32mBuilding CXX object CMakeFiles/motion_msgs__rosidl_typesupport_fastrtps_cpp.dir/rosidl_typesupport_fastrtps_cpp/motion_msgs/msg/detail/dds_fastrtps/movement_ctrl_data__type_support.cpp.o[0m
[8.355s] [35m[1mScanning dependencies of target motion_msgs__rosidl_typesupport_introspection_c[0m
[8.428s] [ 35%] [32mBuilding C object CMakeFiles/motion_msgs__rosidl_typesupport_introspection_c.dir/rosidl_typesupport_introspection_c/motion_msgs/msg/detail/ctrl_plot__type_support.c.o[0m
[8.603s] [ 36%] [32mBuilding C object CMakeFiles/motion_msgs__rosidl_typesupport_introspection_c.dir/rosidl_typesupport_introspection_c/motion_msgs/msg/detail/leg_motors__type_support.c.o[0m
[8.647s] [ 38%] [32mBuilding CXX object CMakeFiles/motion_msgs__rosidl_typesupport_fastrtps_cpp.dir/rosidl_typesupport_fastrtps_cpp/motion_msgs/msg/detail/dds_fastrtps/movement_ctrl_mode__type_support.cpp.o[0m
[8.691s] [ 39%] [32mBuilding C object CMakeFiles/motion_msgs__rosidl_typesupport_introspection_c.dir/rosidl_typesupport_introspection_c/motion_msgs/msg/detail/motion_ctrl__type_support.c.o[0m
[8.764s] [ 40%] [32mBuilding C object CMakeFiles/motion_msgs__rosidl_typesupport_introspection_c.dir/rosidl_typesupport_introspection_c/motion_msgs/msg/detail/robot_status__type_support.c.o[0m
[8.849s] [ 42%] [32mBuilding C object CMakeFiles/motion_msgs__rosidl_typesupport_introspection_c.dir/rosidl_typesupport_introspection_c/motion_msgs/msg/detail/movement_ctrl_data__type_support.c.o[0m
[8.928s] [ 43%] [32mBuilding C object CMakeFiles/motion_msgs__rosidl_typesupport_introspection_c.dir/rosidl_typesupport_introspection_c/motion_msgs/msg/detail/movement_ctrl_mode__type_support.c.o[0m
[9.015s] [ 45%] [32m[1mLinking C shared library libmotion_msgs__rosidl_typesupport_introspection_c.so[0m
[9.098s] [ 45%] Built target motion_msgs__rosidl_typesupport_introspection_c
[9.124s] [ 46%] [34m[1mGenerating C type support dispatch for ROS interfaces[0m
[9.377s] [ 47%] [32m[1mLinking CXX shared library libmotion_msgs__rosidl_typesupport_fastrtps_cpp.so[0m
[9.587s] [ 47%] Built target motion_msgs__rosidl_typesupport_fastrtps_cpp
[9.627s] [ 49%] [34m[1mGenerating C++ introspection for ROS interfaces[0m
[9.716s] [35m[1mScanning dependencies of target motion_msgs__rosidl_typesupport_c[0m
[9.760s] [ 50%] [32mBuilding CXX object CMakeFiles/motion_msgs__rosidl_typesupport_c.dir/rosidl_typesupport_c/motion_msgs/msg/ctrl_plot__type_support.cpp.o[0m
[9.876s] [ 52%] [32mBuilding CXX object CMakeFiles/motion_msgs__rosidl_typesupport_c.dir/rosidl_typesupport_c/motion_msgs/msg/leg_motors__type_support.cpp.o[0m
[9.964s] [ 53%] [32mBuilding CXX object CMakeFiles/motion_msgs__rosidl_typesupport_c.dir/rosidl_typesupport_c/motion_msgs/msg/motion_ctrl__type_support.cpp.o[0m
[10.056s] [ 54%] [32mBuilding CXX object CMakeFiles/motion_msgs__rosidl_typesupport_c.dir/rosidl_typesupport_c/motion_msgs/msg/robot_status__type_support.cpp.o[0m
[10.160s] [ 56%] [32mBuilding CXX object CMakeFiles/motion_msgs__rosidl_typesupport_c.dir/rosidl_typesupport_c/motion_msgs/msg/movement_ctrl_data__type_support.cpp.o[0m
[10.252s] [ 57%] [32mBuilding CXX object CMakeFiles/motion_msgs__rosidl_typesupport_c.dir/rosidl_typesupport_c/motion_msgs/msg/movement_ctrl_mode__type_support.cpp.o[0m
[10.329s] [ 59%] [32m[1mLinking CXX shared library libmotion_msgs__rosidl_typesupport_c.so[0m
[10.417s] [35m[1mScanning dependencies of target motion_msgs__rosidl_typesupport_introspection_cpp[0m
[10.434s] [ 59%] Built target motion_msgs__rosidl_typesupport_c
[10.461s] [ 60%] [32mBuilding CXX object CMakeFiles/motion_msgs__rosidl_typesupport_introspection_cpp.dir/rosidl_typesupport_introspection_cpp/motion_msgs/msg/detail/ctrl_plot__type_support.cpp.o[0m
[10.477s] [ 61%] [34m[1mGenerating C type support for eProsima Fast-RTPS[0m
[11.253s] [ 63%] [32mBuilding CXX object CMakeFiles/motion_msgs__rosidl_typesupport_introspection_cpp.dir/rosidl_typesupport_introspection_cpp/motion_msgs/msg/detail/leg_motors__type_support.cpp.o[0m
[11.365s] [35m[1mScanning dependencies of target motion_msgs__rosidl_typesupport_fastrtps_c[0m
[11.424s] [ 64%] [32mBuilding CXX object CMakeFiles/motion_msgs__rosidl_typesupport_fastrtps_c.dir/rosidl_typesupport_fastrtps_c/motion_msgs/msg/detail/ctrl_plot__type_support_c.cpp.o[0m
[11.945s] [ 66%] [32mBuilding CXX object CMakeFiles/motion_msgs__rosidl_typesupport_introspection_cpp.dir/rosidl_typesupport_introspection_cpp/motion_msgs/msg/detail/motion_ctrl__type_support.cpp.o[0m
[12.442s] [ 67%] [32mBuilding CXX object CMakeFiles/motion_msgs__rosidl_typesupport_fastrtps_c.dir/rosidl_typesupport_fastrtps_c/motion_msgs/msg/detail/leg_motors__type_support_c.cpp.o[0m
[12.601s] [ 69%] [32mBuilding CXX object CMakeFiles/motion_msgs__rosidl_typesupport_introspection_cpp.dir/rosidl_typesupport_introspection_cpp/motion_msgs/msg/detail/robot_status__type_support.cpp.o[0m
[13.262s] [ 70%] [32mBuilding CXX object CMakeFiles/motion_msgs__rosidl_typesupport_fastrtps_c.dir/rosidl_typesupport_fastrtps_c/motion_msgs/msg/detail/motion_ctrl__type_support_c.cpp.o[0m
[13.305s] [ 71%] [32mBuilding CXX object CMakeFiles/motion_msgs__rosidl_typesupport_introspection_cpp.dir/rosidl_typesupport_introspection_cpp/motion_msgs/msg/detail/movement_ctrl_data__type_support.cpp.o[0m
[13.841s] [ 73%] [32mBuilding CXX object CMakeFiles/motion_msgs__rosidl_typesupport_fastrtps_c.dir/rosidl_typesupport_fastrtps_c/motion_msgs/msg/detail/robot_status__type_support_c.cpp.o[0m
[13.862s] [ 74%] [32mBuilding CXX object CMakeFiles/motion_msgs__rosidl_typesupport_introspection_cpp.dir/rosidl_typesupport_introspection_cpp/motion_msgs/msg/detail/movement_ctrl_mode__type_support.cpp.o[0m
[14.417s] [ 76%] [32m[1mLinking CXX shared library libmotion_msgs__rosidl_typesupport_introspection_cpp.so[0m
[14.445s] [ 77%] [32mBuilding CXX object CMakeFiles/motion_msgs__rosidl_typesupport_fastrtps_c.dir/rosidl_typesupport_fastrtps_c/motion_msgs/msg/detail/movement_ctrl_data__type_support_c.cpp.o[0m
[14.544s] [ 77%] Built target motion_msgs__rosidl_typesupport_introspection_cpp
[14.575s] [ 78%] [32mBuilding CXX object CMakeFiles/motion_msgs__rosidl_typesupport_fastrtps_c.dir/rosidl_typesupport_fastrtps_c/motion_msgs/msg/detail/movement_ctrl_mode__type_support_c.cpp.o[0m
[15.097s] [ 80%] [32m[1mLinking CXX shared library libmotion_msgs__rosidl_typesupport_fastrtps_c.so[0m
[15.268s] [ 80%] Built target motion_msgs__rosidl_typesupport_fastrtps_c
[15.305s] [35m[1mScanning dependencies of target motion_msgs[0m
[15.340s] [ 80%] Built target motion_msgs
[15.381s] [35m[1mScanning dependencies of target motion_msgs__py[0m
[15.412s] [ 81%] [34m[1mGenerating Python code for ROS interfaces[0m
[16.668s] [ 81%] Built target motion_msgs__py
[16.717s] [35m[1mScanning dependencies of target motion_msgs__python[0m
[16.810s] [ 83%] [32mBuilding C object CMakeFiles/motion_msgs__python.dir/rosidl_generator_py/motion_msgs/msg/_ctrl_plot_s.c.o[0m
[16.817s] [ 84%] [32mBuilding C object CMakeFiles/motion_msgs__python.dir/rosidl_generator_py/motion_msgs/msg/_leg_motors_s.c.o[0m
[17.002s] [ 85%] [32mBuilding C object CMakeFiles/motion_msgs__python.dir/rosidl_generator_py/motion_msgs/msg/_motion_ctrl_s.c.o[0m
[17.038s] [ 87%] [32mBuilding C object CMakeFiles/motion_msgs__python.dir/rosidl_generator_py/motion_msgs/msg/_robot_status_s.c.o[0m
[17.190s] [ 88%] [32mBuilding C object CMakeFiles/motion_msgs__python.dir/rosidl_generator_py/motion_msgs/msg/_movement_ctrl_data_s.c.o[0m
[17.221s] [ 90%] [32mBuilding C object CMakeFiles/motion_msgs__python.dir/rosidl_generator_py/motion_msgs/msg/_movement_ctrl_mode_s.c.o[0m
[17.411s] [ 91%] [32m[1mLinking C shared library rosidl_generator_py/motion_msgs/libmotion_msgs__python.so[0m
[17.530s] [ 91%] Built target motion_msgs__python
[17.565s] [35m[1mScanning dependencies of target motion_msgs__rosidl_typesupport_c__pyext[0m
[17.568s] [35m[1mScanning dependencies of target motion_msgs__rosidl_typesupport_introspection_c__pyext[0m
[17.620s] [ 92%] [32mBuilding C object CMakeFiles/motion_msgs__rosidl_typesupport_introspection_c__pyext.dir/rosidl_generator_py/motion_msgs/_motion_msgs_s.ep.rosidl_typesupport_introspection_c.c.o[0m
[17.629s] [ 94%] [32mBuilding C object CMakeFiles/motion_msgs__rosidl_typesupport_c__pyext.dir/rosidl_generator_py/motion_msgs/_motion_msgs_s.ep.rosidl_typesupport_c.c.o[0m
[17.821s] [ 95%] [32m[1mLinking C shared library rosidl_generator_py/motion_msgs/motion_msgs_s__rosidl_typesupport_introspection_c.cpython-38-x86_64-linux-gnu.so[0m
[17.821s] [ 97%] [32m[1mLinking C shared library rosidl_generator_py/motion_msgs/motion_msgs_s__rosidl_typesupport_c.cpython-38-x86_64-linux-gnu.so[0m
[17.916s] [ 97%] Built target motion_msgs__rosidl_typesupport_introspection_c__pyext
[17.919s] [ 97%] Built target motion_msgs__rosidl_typesupport_c__pyext
[17.961s] [35m[1mScanning dependencies of target motion_msgs__rosidl_typesupport_fastrtps_c__pyext[0m
[18.013s] [ 98%] [32mBuilding C object CMakeFiles/motion_msgs__rosidl_typesupport_fastrtps_c__pyext.dir/rosidl_generator_py/motion_msgs/_motion_msgs_s.ep.rosidl_typesupport_fastrtps_c.c.o[0m
[18.204s] [100%] [32m[1mLinking CXX shared library rosidl_generator_py/motion_msgs/motion_msgs_s__rosidl_typesupport_fastrtps_c.cpython-38-x86_64-linux-gnu.so[0m
[18.352s] [100%] Built target motion_msgs__rosidl_typesupport_fastrtps_c__pyext
[18.372s] Invoked command in '/home/y/SA_CAO/build/motion_msgs' returned '0': CMAKE_PREFIX_PATH=/home/y/SA_CAO/install/sub_diablo:/home/y/SA_CAO/install/motion_msgs:/home/y/SA_CAO/install/robot_launch:/home/y/SA_CAO/install/my_xbox_joystick:/home/y/SA_CAO/install/cmd_vel2motionctrl:/home/y/SA_CAO/install/cmd_vel2MotionCtrl:/opt/ros/foxy:/home/y/oradar_ros/install/oradar_lidar /usr/bin/cmake --build /home/y/SA_CAO/build/motion_msgs -- -j2 -l2
[18.403s] Invoking command in '/home/y/SA_CAO/build/motion_msgs': CMAKE_PREFIX_PATH=/home/y/SA_CAO/install/sub_diablo:/home/y/SA_CAO/install/motion_msgs:/home/y/SA_CAO/install/robot_launch:/home/y/SA_CAO/install/my_xbox_joystick:/home/y/SA_CAO/install/cmd_vel2motionctrl:/home/y/SA_CAO/install/cmd_vel2MotionCtrl:/opt/ros/foxy:/home/y/oradar_ros/install/oradar_lidar /usr/bin/cmake --install /home/y/SA_CAO/build/motion_msgs
[18.429s] -- Install configuration: ""
[18.429s] -- Installing: /home/y/SA_CAO/install/motion_msgs/share/ament_index/resource_index/rosidl_interfaces/motion_msgs
[18.430s] -- Installing: /home/y/SA_CAO/install/motion_msgs/include/motion_msgs
[18.430s] -- Installing: /home/y/SA_CAO/install/motion_msgs/include/motion_msgs/msg
[18.430s] -- Installing: /home/y/SA_CAO/install/motion_msgs/include/motion_msgs/msg/movement_ctrl_mode.h
[18.430s] -- Installing: /home/y/SA_CAO/install/motion_msgs/include/motion_msgs/msg/rosidl_generator_c__visibility_control.h
[18.430s] -- Installing: /home/y/SA_CAO/install/motion_msgs/include/motion_msgs/msg/robot_status.h
[18.431s] -- Installing: /home/y/SA_CAO/install/motion_msgs/include/motion_msgs/msg/leg_motors.h
[18.431s] -- Installing: /home/y/SA_CAO/install/motion_msgs/include/motion_msgs/msg/ctrl_plot.h
[18.431s] -- Installing: /home/y/SA_CAO/install/motion_msgs/include/motion_msgs/msg/motion_ctrl.h
[18.431s] -- Installing: /home/y/SA_CAO/install/motion_msgs/include/motion_msgs/msg/movement_ctrl_data.h
[18.431s] -- Installing: /home/y/SA_CAO/install/motion_msgs/include/motion_msgs/msg/detail
[18.432s] -- Installing: /home/y/SA_CAO/install/motion_msgs/include/motion_msgs/msg/detail/robot_status__type_support.h
[18.432s] -- Installing: /home/y/SA_CAO/install/motion_msgs/include/motion_msgs/msg/detail/movement_ctrl_data__functions.h
[18.432s] -- Installing: /home/y/SA_CAO/install/motion_msgs/include/motion_msgs/msg/detail/movement_ctrl_mode__type_support.h
[18.432s] -- Installing: /home/y/SA_CAO/install/motion_msgs/include/motion_msgs/msg/detail/motion_ctrl__functions.c
[18.432s] -- Installing: /home/y/SA_CAO/install/motion_msgs/include/motion_msgs/msg/detail/movement_ctrl_data__functions.c
[18.432s] -- Installing: /home/y/SA_CAO/install/motion_msgs/include/motion_msgs/msg/detail/ctrl_plot__type_support.h
[18.433s] -- Installing: /home/y/SA_CAO/install/motion_msgs/include/motion_msgs/msg/detail/leg_motors__struct.h
[18.434s] -- Installing: /home/y/SA_CAO/install/motion_msgs/include/motion_msgs/msg/detail/movement_ctrl_data__struct.h
[18.434s] -- Installing: /home/y/SA_CAO/install/motion_msgs/include/motion_msgs/msg/detail/movement_ctrl_mode__struct.h
[18.434s] -- Installing: /home/y/SA_CAO/install/motion_msgs/include/motion_msgs/msg/detail/ctrl_plot__functions.h
[18.434s] -- Installing: /home/y/SA_CAO/install/motion_msgs/include/motion_msgs/msg/detail/leg_motors__type_support.h
[18.435s] -- Installing: /home/y/SA_CAO/install/motion_msgs/include/motion_msgs/msg/detail/motion_ctrl__functions.h
[18.435s] -- Installing: /home/y/SA_CAO/install/motion_msgs/include/motion_msgs/msg/detail/motion_ctrl__type_support.h
[18.435s] -- Installing: /home/y/SA_CAO/install/motion_msgs/include/motion_msgs/msg/detail/leg_motors__functions.h
[18.436s] -- Installing: /home/y/SA_CAO/install/motion_msgs/include/motion_msgs/msg/detail/robot_status__struct.h
[18.436s] -- Installing: /home/y/SA_CAO/install/motion_msgs/include/motion_msgs/msg/detail/movement_ctrl_mode__functions.c
[18.436s] -- Installing: /home/y/SA_CAO/install/motion_msgs/include/motion_msgs/msg/detail/robot_status__functions.h
[18.437s] -- Installing: /home/y/SA_CAO/install/motion_msgs/include/motion_msgs/msg/detail/movement_ctrl_mode__functions.h
[18.437s] -- Installing: /home/y/SA_CAO/install/motion_msgs/include/motion_msgs/msg/detail/leg_motors__functions.c
[18.437s] -- Installing: /home/y/SA_CAO/install/motion_msgs/include/motion_msgs/msg/detail/robot_status__functions.c
[18.438s] -- Installing: /home/y/SA_CAO/install/motion_msgs/include/motion_msgs/msg/detail/motion_ctrl__struct.h
[18.438s] -- Installing: /home/y/SA_CAO/install/motion_msgs/include/motion_msgs/msg/detail/ctrl_plot__struct.h
[18.438s] -- Installing: /home/y/SA_CAO/install/motion_msgs/include/motion_msgs/msg/detail/movement_ctrl_data__type_support.h
[18.438s] -- Installing: /home/y/SA_CAO/install/motion_msgs/include/motion_msgs/msg/detail/ctrl_plot__functions.c
[18.439s] -- Installing: /home/y/SA_CAO/install/motion_msgs/share/motion_msgs/environment/library_path.sh
[18.439s] -- Installing: /home/y/SA_CAO/install/motion_msgs/share/motion_msgs/environment/library_path.dsv
[18.447s] -- Installing: /home/y/SA_CAO/install/motion_msgs/lib/libmotion_msgs__rosidl_generator_c.so
[18.448s] -- Set runtime path of "/home/y/SA_CAO/install/motion_msgs/lib/libmotion_msgs__rosidl_generator_c.so" to ""
[18.448s] -- Up-to-date: /home/y/SA_CAO/install/motion_msgs/include/motion_msgs
[18.448s] -- Up-to-date: /home/y/SA_CAO/install/motion_msgs/include/motion_msgs/msg
[18.448s] -- Up-to-date: /home/y/SA_CAO/install/motion_msgs/include/motion_msgs/msg/detail
[18.448s] -- Installing: /home/y/SA_CAO/install/motion_msgs/include/motion_msgs/msg/detail/motion_ctrl__rosidl_typesupport_fastrtps_c.h
[18.449s] -- Installing: /home/y/SA_CAO/install/motion_msgs/include/motion_msgs/msg/detail/leg_motors__rosidl_typesupport_fastrtps_c.h
[18.449s] -- Installing: /home/y/SA_CAO/install/motion_msgs/include/motion_msgs/msg/detail/movement_ctrl_mode__rosidl_typesupport_fastrtps_c.h
[18.450s] -- Installing: /home/y/SA_CAO/install/motion_msgs/include/motion_msgs/msg/detail/robot_status__rosidl_typesupport_fastrtps_c.h
[18.450s] -- Installing: /home/y/SA_CAO/install/motion_msgs/include/motion_msgs/msg/detail/movement_ctrl_data__rosidl_typesupport_fastrtps_c.h
[18.450s] -- Installing: /home/y/SA_CAO/install/motion_msgs/include/motion_msgs/msg/detail/ctrl_plot__rosidl_typesupport_fastrtps_c.h
[18.450s] -- Installing: /home/y/SA_CAO/install/motion_msgs/include/motion_msgs/msg/rosidl_typesupport_fastrtps_c__visibility_control.h
[18.451s] -- Installing: /home/y/SA_CAO/install/motion_msgs/lib/libmotion_msgs__rosidl_typesupport_fastrtps_c.so
[18.451s] -- Set runtime path of "/home/y/SA_CAO/install/motion_msgs/lib/libmotion_msgs__rosidl_typesupport_fastrtps_c.so" to ""
[18.451s] -- Up-to-date: /home/y/SA_CAO/install/motion_msgs/include/motion_msgs
[18.451s] -- Up-to-date: /home/y/SA_CAO/install/motion_msgs/include/motion_msgs/msg
[18.451s] -- Installing: /home/y/SA_CAO/install/motion_msgs/include/motion_msgs/msg/rosidl_typesupport_fastrtps_cpp__visibility_control.h
[18.452s] -- Up-to-date: /home/y/SA_CAO/install/motion_msgs/include/motion_msgs/msg/detail
[18.452s] -- Installing: /home/y/SA_CAO/install/motion_msgs/include/motion_msgs/msg/detail/movement_ctrl_data__rosidl_typesupport_fastrtps_cpp.hpp
[18.452s] -- Installing: /home/y/SA_CAO/install/motion_msgs/include/motion_msgs/msg/detail/leg_motors__rosidl_typesupport_fastrtps_cpp.hpp
[18.452s] -- Installing: /home/y/SA_CAO/install/motion_msgs/include/motion_msgs/msg/detail/dds_fastrtps
[18.452s] -- Installing: /home/y/SA_CAO/install/motion_msgs/include/motion_msgs/msg/detail/ctrl_plot__rosidl_typesupport_fastrtps_cpp.hpp
[18.452s] -- Installing: /home/y/SA_CAO/install/motion_msgs/include/motion_msgs/msg/detail/motion_ctrl__rosidl_typesupport_fastrtps_cpp.hpp
[18.453s] -- Installing: /home/y/SA_CAO/install/motion_msgs/include/motion_msgs/msg/detail/robot_status__rosidl_typesupport_fastrtps_cpp.hpp
[18.453s] -- Installing: /home/y/SA_CAO/install/motion_msgs/include/motion_msgs/msg/detail/movement_ctrl_mode__rosidl_typesupport_fastrtps_cpp.hpp
[18.453s] -- Installing: /home/y/SA_CAO/install/motion_msgs/lib/libmotion_msgs__rosidl_typesupport_fastrtps_cpp.so
[18.454s] -- Set runtime path of "/home/y/SA_CAO/install/motion_msgs/lib/libmotion_msgs__rosidl_typesupport_fastrtps_cpp.so" to ""
[18.454s] -- Up-to-date: /home/y/SA_CAO/install/motion_msgs/include/motion_msgs
[18.454s] -- Up-to-date: /home/y/SA_CAO/install/motion_msgs/include/motion_msgs/msg
[18.454s] -- Installing: /home/y/SA_CAO/install/motion_msgs/include/motion_msgs/msg/rosidl_typesupport_introspection_c__visibility_control.h
[18.454s] -- Up-to-date: /home/y/SA_CAO/install/motion_msgs/include/motion_msgs/msg/detail
[18.454s] -- Installing: /home/y/SA_CAO/install/motion_msgs/include/motion_msgs/msg/detail/ctrl_plot__type_support.c
[18.455s] -- Installing: /home/y/SA_CAO/install/motion_msgs/include/motion_msgs/msg/detail/robot_status__rosidl_typesupport_introspection_c.h
[18.455s] -- Installing: /home/y/SA_CAO/install/motion_msgs/include/motion_msgs/msg/detail/movement_ctrl_mode__rosidl_typesupport_introspection_c.h
[18.455s] -- Installing: /home/y/SA_CAO/install/motion_msgs/include/motion_msgs/msg/detail/movement_ctrl_data__rosidl_typesupport_introspection_c.h
[18.455s] -- Installing: /home/y/SA_CAO/install/motion_msgs/include/motion_msgs/msg/detail/robot_status__type_support.c
[18.455s] -- Installing: /home/y/SA_CAO/install/motion_msgs/include/motion_msgs/msg/detail/movement_ctrl_mode__type_support.c
[18.456s] -- Installing: /home/y/SA_CAO/install/motion_msgs/include/motion_msgs/msg/detail/motion_ctrl__rosidl_typesupport_introspection_c.h
[18.456s] -- Installing: /home/y/SA_CAO/install/motion_msgs/include/motion_msgs/msg/detail/movement_ctrl_data__type_support.c
[18.456s] -- Installing: /home/y/SA_CAO/install/motion_msgs/include/motion_msgs/msg/detail/leg_motors__type_support.c
[18.456s] -- Installing: /home/y/SA_CAO/install/motion_msgs/include/motion_msgs/msg/detail/motion_ctrl__type_support.c
[18.456s] -- Installing: /home/y/SA_CAO/install/motion_msgs/include/motion_msgs/msg/detail/ctrl_plot__rosidl_typesupport_introspection_c.h
[18.457s] -- Installing: /home/y/SA_CAO/install/motion_msgs/include/motion_msgs/msg/detail/leg_motors__rosidl_typesupport_introspection_c.h
[18.457s] -- Installing: /home/y/SA_CAO/install/motion_msgs/lib/libmotion_msgs__rosidl_typesupport_introspection_c.so
[18.457s] -- Set runtime path of "/home/y/SA_CAO/install/motion_msgs/lib/libmotion_msgs__rosidl_typesupport_introspection_c.so" to ""
[18.457s] -- Installing: /home/y/SA_CAO/install/motion_msgs/lib/libmotion_msgs__rosidl_typesupport_c.so
[18.458s] -- Set runtime path of "/home/y/SA_CAO/install/motion_msgs/lib/libmotion_msgs__rosidl_typesupport_c.so" to ""
[18.458s] -- Up-to-date: /home/y/SA_CAO/install/motion_msgs/include/motion_msgs
[18.458s] -- Up-to-date: /home/y/SA_CAO/install/motion_msgs/include/motion_msgs/msg
[18.458s] -- Installing: /home/y/SA_CAO/install/motion_msgs/include/motion_msgs/msg/rosidl_generator_cpp__visibility_control.hpp
[18.459s] -- Installing: /home/y/SA_CAO/install/motion_msgs/include/motion_msgs/msg/robot_status.hpp
[18.459s] -- Installing: /home/y/SA_CAO/install/motion_msgs/include/motion_msgs/msg/movement_ctrl_mode.hpp
[18.459s] -- Installing: /home/y/SA_CAO/install/motion_msgs/include/motion_msgs/msg/ctrl_plot.hpp
[18.459s] -- Installing: /home/y/SA_CAO/install/motion_msgs/include/motion_msgs/msg/leg_motors.hpp
[18.459s] -- Installing: /home/y/SA_CAO/install/motion_msgs/include/motion_msgs/msg/motion_ctrl.hpp
[18.460s] -- Up-to-date: /home/y/SA_CAO/install/motion_msgs/include/motion_msgs/msg/detail
[18.460s] -- Installing: /home/y/SA_CAO/install/motion_msgs/include/motion_msgs/msg/detail/robot_status__type_support.hpp
[18.460s] -- Installing: /home/y/SA_CAO/install/motion_msgs/include/motion_msgs/msg/detail/robot_status__struct.hpp
[18.461s] -- Installing: /home/y/SA_CAO/install/motion_msgs/include/motion_msgs/msg/detail/movement_ctrl_data__type_support.hpp
[18.461s] -- Installing: /home/y/SA_CAO/install/motion_msgs/include/motion_msgs/msg/detail/movement_ctrl_mode__builder.hpp
[18.461s] -- Installing: /home/y/SA_CAO/install/motion_msgs/include/motion_msgs/msg/detail/ctrl_plot__struct.hpp
[18.461s] -- Installing: /home/y/SA_CAO/install/motion_msgs/include/motion_msgs/msg/detail/leg_motors__struct.hpp
[18.462s] -- Installing: /home/y/SA_CAO/install/motion_msgs/include/motion_msgs/msg/detail/movement_ctrl_mode__type_support.hpp
[18.462s] -- Installing: /home/y/SA_CAO/install/motion_msgs/include/motion_msgs/msg/detail/robot_status__builder.hpp
[18.462s] -- Installing: /home/y/SA_CAO/install/motion_msgs/include/motion_msgs/msg/detail/motion_ctrl__traits.hpp
[18.462s] -- Installing: /home/y/SA_CAO/install/motion_msgs/include/motion_msgs/msg/detail/motion_ctrl__type_support.hpp
[18.463s] -- Installing: /home/y/SA_CAO/install/motion_msgs/include/motion_msgs/msg/detail/ctrl_plot__type_support.hpp
[18.463s] -- Installing: /home/y/SA_CAO/install/motion_msgs/include/motion_msgs/msg/detail/leg_motors__builder.hpp
[18.463s] -- Installing: /home/y/SA_CAO/install/motion_msgs/include/motion_msgs/msg/detail/ctrl_plot__builder.hpp
[18.463s] -- Installing: /home/y/SA_CAO/install/motion_msgs/include/motion_msgs/msg/detail/movement_ctrl_mode__struct.hpp
[18.474s] -- Installing: /home/y/SA_CAO/install/motion_msgs/include/motion_msgs/msg/detail/robot_status__traits.hpp
[18.474s] -- Installing: /home/y/SA_CAO/install/motion_msgs/include/motion_msgs/msg/detail/movement_ctrl_mode__traits.hpp
[18.474s] -- Installing: /home/y/SA_CAO/install/motion_msgs/include/motion_msgs/msg/detail/ctrl_plot__traits.hpp
[18.474s] -- Installing: /home/y/SA_CAO/install/motion_msgs/include/motion_msgs/msg/detail/leg_motors__type_support.hpp
[18.474s] -- Installing: /home/y/SA_CAO/install/motion_msgs/include/motion_msgs/msg/detail/leg_motors__traits.hpp
[18.475s] -- Installing: /home/y/SA_CAO/install/motion_msgs/include/motion_msgs/msg/detail/movement_ctrl_data__builder.hpp
[18.475s] -- Installing: /home/y/SA_CAO/install/motion_msgs/include/motion_msgs/msg/detail/movement_ctrl_data__traits.hpp
[18.475s] -- Installing: /home/y/SA_CAO/install/motion_msgs/include/motion_msgs/msg/detail/motion_ctrl__struct.hpp
[18.475s] -- Installing: /home/y/SA_CAO/install/motion_msgs/include/motion_msgs/msg/detail/movement_ctrl_data__struct.hpp
[18.475s] -- Installing: /home/y/SA_CAO/install/motion_msgs/include/motion_msgs/msg/detail/motion_ctrl__builder.hpp
[18.476s] -- Installing: /home/y/SA_CAO/install/motion_msgs/include/motion_msgs/msg/movement_ctrl_data.hpp
[18.477s] -- Up-to-date: /home/y/SA_CAO/install/motion_msgs/include/motion_msgs
[18.477s] -- Up-to-date: /home/y/SA_CAO/install/motion_msgs/include/motion_msgs/msg
[18.478s] -- Up-to-date: /home/y/SA_CAO/install/motion_msgs/include/motion_msgs/msg/detail
[18.478s] -- Installing: /home/y/SA_CAO/install/motion_msgs/include/motion_msgs/msg/detail/movement_ctrl_data__type_support.cpp
[18.479s] -- Installing: /home/y/SA_CAO/install/motion_msgs/include/motion_msgs/msg/detail/movement_ctrl_mode__type_support.cpp
[18.479s] -- Installing: /home/y/SA_CAO/install/motion_msgs/include/motion_msgs/msg/detail/robot_status__type_support.cpp
[18.479s] -- Installing: /home/y/SA_CAO/install/motion_msgs/include/motion_msgs/msg/detail/ctrl_plot__type_support.cpp
[18.479s] -- Installing: /home/y/SA_CAO/install/motion_msgs/include/motion_msgs/msg/detail/movement_ctrl_data__rosidl_typesupport_introspection_cpp.hpp
[18.479s] -- Installing: /home/y/SA_CAO/install/motion_msgs/include/motion_msgs/msg/detail/robot_status__rosidl_typesupport_introspection_cpp.hpp
[18.480s] -- Installing: /home/y/SA_CAO/install/motion_msgs/include/motion_msgs/msg/detail/leg_motors__type_support.cpp
[18.480s] -- Installing: /home/y/SA_CAO/install/motion_msgs/include/motion_msgs/msg/detail/leg_motors__rosidl_typesupport_introspection_cpp.hpp
[18.480s] -- Installing: /home/y/SA_CAO/install/motion_msgs/include/motion_msgs/msg/detail/motion_ctrl__type_support.cpp
[18.481s] -- Installing: /home/y/SA_CAO/install/motion_msgs/include/motion_msgs/msg/detail/motion_ctrl__rosidl_typesupport_introspection_cpp.hpp
[18.481s] -- Installing: /home/y/SA_CAO/install/motion_msgs/include/motion_msgs/msg/detail/ctrl_plot__rosidl_typesupport_introspection_cpp.hpp
[18.481s] -- Installing: /home/y/SA_CAO/install/motion_msgs/include/motion_msgs/msg/detail/movement_ctrl_mode__rosidl_typesupport_introspection_cpp.hpp
[18.481s] -- Installing: /home/y/SA_CAO/install/motion_msgs/lib/libmotion_msgs__rosidl_typesupport_introspection_cpp.so
[18.482s] -- Set runtime path of "/home/y/SA_CAO/install/motion_msgs/lib/libmotion_msgs__rosidl_typesupport_introspection_cpp.so" to ""
[18.482s] -- Installing: /home/y/SA_CAO/install/motion_msgs/lib/libmotion_msgs__rosidl_typesupport_cpp.so
[18.482s] -- Set runtime path of "/home/y/SA_CAO/install/motion_msgs/lib/libmotion_msgs__rosidl_typesupport_cpp.so" to ""
[18.483s] -- Installing: /home/y/SA_CAO/install/motion_msgs/share/motion_msgs/environment/pythonpath.sh
[18.483s] -- Installing: /home/y/SA_CAO/install/motion_msgs/share/motion_msgs/environment/pythonpath.dsv
[18.483s] -- Installing: /home/y/SA_CAO/install/motion_msgs/lib/python3.8/site-packages/motion_msgs/__init__.py
[18.541s] Compiling '/home/y/SA_CAO/install/motion_msgs/lib/python3.8/site-packages/motion_msgs/__init__.py'...
[18.544s] -- Installing: /home/y/SA_CAO/install/motion_msgs/lib/python3.8/site-packages/motion_msgs/msg
[18.544s] -- Installing: /home/y/SA_CAO/install/motion_msgs/lib/python3.8/site-packages/motion_msgs/msg/_ctrl_plot_s.c
[18.545s] -- Installing: /home/y/SA_CAO/install/motion_msgs/lib/python3.8/site-packages/motion_msgs/msg/_robot_status.py
[18.545s] -- Installing: /home/y/SA_CAO/install/motion_msgs/lib/python3.8/site-packages/motion_msgs/msg/_movement_ctrl_mode_s.c
[18.545s] -- Installing: /home/y/SA_CAO/install/motion_msgs/lib/python3.8/site-packages/motion_msgs/msg/_leg_motors_s.c
[18.545s] -- Installing: /home/y/SA_CAO/install/motion_msgs/lib/python3.8/site-packages/motion_msgs/msg/__init__.py
[18.546s] -- Installing: /home/y/SA_CAO/install/motion_msgs/lib/python3.8/site-packages/motion_msgs/msg/_movement_ctrl_data.py
[18.546s] -- Installing: /home/y/SA_CAO/install/motion_msgs/lib/python3.8/site-packages/motion_msgs/msg/_ctrl_plot.py
[18.546s] -- Installing: /home/y/SA_CAO/install/motion_msgs/lib/python3.8/site-packages/motion_msgs/msg/_motion_ctrl.py
[18.546s] -- Installing: /home/y/SA_CAO/install/motion_msgs/lib/python3.8/site-packages/motion_msgs/msg/_motion_ctrl_s.c
[18.546s] -- Installing: /home/y/SA_CAO/install/motion_msgs/lib/python3.8/site-packages/motion_msgs/msg/_leg_motors.py
[18.547s] -- Installing: /home/y/SA_CAO/install/motion_msgs/lib/python3.8/site-packages/motion_msgs/msg/_robot_status_s.c
[18.547s] -- Installing: /home/y/SA_CAO/install/motion_msgs/lib/python3.8/site-packages/motion_msgs/msg/_movement_ctrl_data_s.c
[18.547s] -- Installing: /home/y/SA_CAO/install/motion_msgs/lib/python3.8/site-packages/motion_msgs/msg/_movement_ctrl_mode.py
[18.548s] -- Installing: /home/y/SA_CAO/install/motion_msgs/lib/python3.8/site-packages/motion_msgs/motion_msgs_s__rosidl_typesupport_fastrtps_c.cpython-38-x86_64-linux-gnu.so
[18.548s] -- Set runtime path of "/home/y/SA_CAO/install/motion_msgs/lib/python3.8/site-packages/motion_msgs/motion_msgs_s__rosidl_typesupport_fastrtps_c.cpython-38-x86_64-linux-gnu.so" to ""
[18.548s] -- Installing: /home/y/SA_CAO/install/motion_msgs/lib/python3.8/site-packages/motion_msgs/motion_msgs_s__rosidl_typesupport_introspection_c.cpython-38-x86_64-linux-gnu.so
[18.549s] -- Set runtime path of "/home/y/SA_CAO/install/motion_msgs/lib/python3.8/site-packages/motion_msgs/motion_msgs_s__rosidl_typesupport_introspection_c.cpython-38-x86_64-linux-gnu.so" to ""
[18.549s] -- Installing: /home/y/SA_CAO/install/motion_msgs/lib/python3.8/site-packages/motion_msgs/motion_msgs_s__rosidl_typesupport_c.cpython-38-x86_64-linux-gnu.so
[18.550s] -- Set runtime path of "/home/y/SA_CAO/install/motion_msgs/lib/python3.8/site-packages/motion_msgs/motion_msgs_s__rosidl_typesupport_c.cpython-38-x86_64-linux-gnu.so" to ""
[18.550s] -- Installing: /home/y/SA_CAO/install/motion_msgs/lib/libmotion_msgs__python.so
[18.551s] -- Set runtime path of "/home/y/SA_CAO/install/motion_msgs/lib/libmotion_msgs__python.so" to ""
[18.551s] -- Installing: /home/y/SA_CAO/install/motion_msgs/share/motion_msgs/msg/CtrlPlot.idl
[18.551s] -- Installing: /home/y/SA_CAO/install/motion_msgs/share/motion_msgs/msg/LegMotors.idl
[18.552s] -- Installing: /home/y/SA_CAO/install/motion_msgs/share/motion_msgs/msg/MotionCtrl.idl
[18.552s] -- Installing: /home/y/SA_CAO/install/motion_msgs/share/motion_msgs/msg/RobotStatus.idl
[18.552s] -- Installing: /home/y/SA_CAO/install/motion_msgs/share/motion_msgs/msg/MovementCtrlData.idl
[18.552s] -- Installing: /home/y/SA_CAO/install/motion_msgs/share/motion_msgs/msg/MovementCtrlMode.idl
[18.552s] -- Installing: /home/y/SA_CAO/install/motion_msgs/share/motion_msgs/msg/CtrlPlot.msg
[18.553s] -- Installing: /home/y/SA_CAO/install/motion_msgs/share/motion_msgs/msg/LegMotors.msg
[18.553s] -- Installing: /home/y/SA_CAO/install/motion_msgs/share/motion_msgs/msg/MotionCtrl.msg
[18.553s] -- Installing: /home/y/SA_CAO/install/motion_msgs/share/motion_msgs/msg/RobotStatus.msg
[18.553s] -- Installing: /home/y/SA_CAO/install/motion_msgs/share/motion_msgs/msg/MovementCtrlData.msg
[18.554s] -- Installing: /home/y/SA_CAO/install/motion_msgs/share/motion_msgs/msg/MovementCtrlMode.msg
[18.554s] -- Installing: /home/y/SA_CAO/install/motion_msgs/share/ament_index/resource_index/package_run_dependencies/motion_msgs
[18.560s] -- Installing: /home/y/SA_CAO/install/motion_msgs/share/ament_index/resource_index/parent_prefix_path/motion_msgs
[18.561s] -- Installing: /home/y/SA_CAO/install/motion_msgs/share/motion_msgs/environment/ament_prefix_path.sh
[18.561s] -- Installing: /home/y/SA_CAO/install/motion_msgs/share/motion_msgs/environment/ament_prefix_path.dsv
[18.561s] -- Installing: /home/y/SA_CAO/install/motion_msgs/share/motion_msgs/environment/path.sh
[18.561s] -- Installing: /home/y/SA_CAO/install/motion_msgs/share/motion_msgs/environment/path.dsv
[18.562s] -- Installing: /home/y/SA_CAO/install/motion_msgs/share/motion_msgs/local_setup.bash
[18.562s] -- Installing: /home/y/SA_CAO/install/motion_msgs/share/motion_msgs/local_setup.sh
[18.562s] -- Installing: /home/y/SA_CAO/install/motion_msgs/share/motion_msgs/local_setup.zsh
[18.562s] -- Installing: /home/y/SA_CAO/install/motion_msgs/share/motion_msgs/local_setup.dsv
[18.563s] -- Installing: /home/y/SA_CAO/install/motion_msgs/share/motion_msgs/package.dsv
[18.563s] -- Installing: /home/y/SA_CAO/install/motion_msgs/share/ament_index/resource_index/packages/motion_msgs
[18.564s] -- Installing: /home/y/SA_CAO/install/motion_msgs/share/motion_msgs/cmake/motion_msgs__rosidl_generator_cExport.cmake
[18.564s] -- Installing: /home/y/SA_CAO/install/motion_msgs/share/motion_msgs/cmake/motion_msgs__rosidl_generator_cExport-noconfig.cmake
[18.564s] -- Installing: /home/y/SA_CAO/install/motion_msgs/share/motion_msgs/cmake/motion_msgs__rosidl_typesupport_introspection_cExport.cmake
[18.564s] -- Installing: /home/y/SA_CAO/install/motion_msgs/share/motion_msgs/cmake/motion_msgs__rosidl_typesupport_introspection_cExport-noconfig.cmake
[18.565s] -- Installing: /home/y/SA_CAO/install/motion_msgs/share/motion_msgs/cmake/motion_msgs__rosidl_typesupport_cExport.cmake
[18.565s] -- Installing: /home/y/SA_CAO/install/motion_msgs/share/motion_msgs/cmake/motion_msgs__rosidl_typesupport_cExport-noconfig.cmake
[18.565s] -- Installing: /home/y/SA_CAO/install/motion_msgs/share/motion_msgs/cmake/motion_msgs__rosidl_generator_cppExport.cmake
[18.566s] -- Installing: /home/y/SA_CAO/install/motion_msgs/share/motion_msgs/cmake/motion_msgs__rosidl_typesupport_introspection_cppExport.cmake
[18.566s] -- Installing: /home/y/SA_CAO/install/motion_msgs/share/motion_msgs/cmake/motion_msgs__rosidl_typesupport_introspection_cppExport-noconfig.cmake
[18.566s] -- Installing: /home/y/SA_CAO/install/motion_msgs/share/motion_msgs/cmake/motion_msgs__rosidl_typesupport_cppExport.cmake
[18.566s] -- Installing: /home/y/SA_CAO/install/motion_msgs/share/motion_msgs/cmake/motion_msgs__rosidl_typesupport_cppExport-noconfig.cmake
[18.567s] -- Installing: /home/y/SA_CAO/install/motion_msgs/share/motion_msgs/cmake/rosidl_cmake-extras.cmake
[18.567s] -- Installing: /home/y/SA_CAO/install/motion_msgs/share/motion_msgs/cmake/ament_cmake_export_dependencies-extras.cmake
[18.567s] -- Installing: /home/y/SA_CAO/install/motion_msgs/share/motion_msgs/cmake/ament_cmake_export_libraries-extras.cmake
[18.567s] -- Installing: /home/y/SA_CAO/install/motion_msgs/share/motion_msgs/cmake/ament_cmake_export_targets-extras.cmake
[18.568s] -- Installing: /home/y/SA_CAO/install/motion_msgs/share/motion_msgs/cmake/ament_cmake_export_include_directories-extras.cmake
[18.568s] -- Installing: /home/y/SA_CAO/install/motion_msgs/share/motion_msgs/cmake/rosidl_cmake_export_typesupport_libraries-extras.cmake
[18.568s] -- Installing: /home/y/SA_CAO/install/motion_msgs/share/motion_msgs/cmake/rosidl_cmake_export_typesupport_targets-extras.cmake
[18.568s] -- Installing: /home/y/SA_CAO/install/motion_msgs/share/motion_msgs/cmake/motion_msgsConfig.cmake
[18.569s] -- Installing: /home/y/SA_CAO/install/motion_msgs/share/motion_msgs/cmake/motion_msgsConfig-version.cmake
[18.569s] -- Installing: /home/y/SA_CAO/install/motion_msgs/share/motion_msgs/package.xml
[18.577s] Invoked command in '/home/y/SA_CAO/build/motion_msgs' returned '0': CMAKE_PREFIX_PATH=/home/y/SA_CAO/install/sub_diablo:/home/y/SA_CAO/install/motion_msgs:/home/y/SA_CAO/install/robot_launch:/home/y/SA_CAO/install/my_xbox_joystick:/home/y/SA_CAO/install/cmd_vel2motionctrl:/home/y/SA_CAO/install/cmd_vel2MotionCtrl:/opt/ros/foxy:/home/y/oradar_ros/install/oradar_lidar /usr/bin/cmake --install /home/y/SA_CAO/build/motion_msgs
