[0.568s] Invoking command in '/home/y/SA_CAO_test_ws/src/turtlebot3/turtlebot3/turtlebot3_example': CMAKE_PREFIX_PATH=/home/y/SA_CAO_test_ws/install/turtlebot3_msgs:/home/y/SA_CAO_test_ws/install/turtlebot3:/home/y/SA_CAO_test_ws/install/turtlebot3_simulations:/home/y/SA_CAO_test_ws/install/turtlebot3_bringup:/home/y/SA_CAO_test_ws/install/turtlebot3_node:/home/y/SA_CAO_test_ws/install/turtlebot3_navigation2:/home/y/SA_CAO_test_ws/install/turtlebot3_fake_node:/home/y/SA_CAO_test_ws/install/turtlebot3_gazebo:/home/y/SA_CAO_test_ws/install/turtlebot3_description:/home/y/SA_CAO_test_ws/install/turtlebot3_cartographer:/home/y/SA_CAO_test_ws/install/sub_diablo2023a:/home/y/SA_CAO_test_ws/install/motion_msgs:/home/y/SA_CAO_test_ws/install/hls_lfcd_lds_driver:/home/y/SA_CAO_test_ws/install/dynamixel_sdk_examples:/home/y/SA_CAO_test_ws/install/dynamixel_sdk_custom_interfaces:/home/y/SA_CAO_test_ws/install/dynamixel_sdk:/home/y/oradar_ros/install/oradar_lidar PYTHONPATH=/home/y/SA_CAO_test_ws/build/turtlebot3_example/prefix_override:/usr/lib/python3/dist-packages/colcon_core/task/python/colcon_distutils_commands:/home/y/SA_CAO_test_ws/install/turtlebot3_example/lib/python3.8/site-packages:/home/y/SA_CAO_test_ws/install/turtlebot3_msgs/lib/python3.8/site-packages:/home/y/SA_CAO_test_ws/install/turtlebot3_teleop/lib/python3.8/site-packages:/home/y/SA_CAO_test_ws/install/turtlebot3_example/lib/python3.8/site-packages:/home/y/SA_CAO_test_ws/install/my_joystick/lib/python3.8/site-packages:/home/y/SA_CAO_test_ws/install/motion_msgs/lib/python3.8/site-packages:/home/y/SA_CAO_test_ws/install/launch_diablo/lib/python3.8/site-packages:/home/y/SA_CAO_test_ws/install/dynamixel_sdk_custom_interfaces/lib/python3.8/site-packages:/opt/ros/foxy/lib/python3.8/site-packages /usr/bin/python3 -W ignore:setup.py install is deprecated -W ignore:easy_install command is deprecated setup.py egg_info --egg-base ../../../../build/turtlebot3_example build --build-base /home/y/SA_CAO_test_ws/build/turtlebot3_example/build install --record /home/y/SA_CAO_test_ws/build/turtlebot3_example/install.log --single-version-externally-managed install_data
[0.750s] running egg_info
[0.750s] creating ../../../../build/turtlebot3_example/turtlebot3_example.egg-info
[0.750s] writing ../../../../build/turtlebot3_example/turtlebot3_example.egg-info/PKG-INFO
[0.751s] writing dependency_links to ../../../../build/turtlebot3_example/turtlebot3_example.egg-info/dependency_links.txt
[0.751s] writing entry points to ../../../../build/turtlebot3_example/turtlebot3_example.egg-info/entry_points.txt
[0.751s] writing requirements to ../../../../build/turtlebot3_example/turtlebot3_example.egg-info/requires.txt
[0.752s] writing top-level names to ../../../../build/turtlebot3_example/turtlebot3_example.egg-info/top_level.txt
[0.753s] writing manifest file '../../../../build/turtlebot3_example/turtlebot3_example.egg-info/SOURCES.txt'
[0.783s] reading manifest file '../../../../build/turtlebot3_example/turtlebot3_example.egg-info/SOURCES.txt'
[0.784s] writing manifest file '../../../../build/turtlebot3_example/turtlebot3_example.egg-info/SOURCES.txt'
[0.785s] running build
[0.785s] running build_py
[0.785s] creating /home/y/SA_CAO_test_ws/build/turtlebot3_example/build
[0.785s] creating /home/y/SA_CAO_test_ws/build/turtlebot3_example/build/lib
[0.786s] creating /home/y/SA_CAO_test_ws/build/turtlebot3_example/build/lib/turtlebot3_example
[0.786s] copying turtlebot3_example/__init__.py -> /home/y/SA_CAO_test_ws/build/turtlebot3_example/build/lib/turtlebot3_example
[0.786s] creating /home/y/SA_CAO_test_ws/build/turtlebot3_example/build/lib/turtlebot3_example/turtlebot3_patrol_client
[0.787s] copying turtlebot3_example/turtlebot3_patrol_client/__init__.py -> /home/y/SA_CAO_test_ws/build/turtlebot3_example/build/lib/turtlebot3_example/turtlebot3_patrol_client
[0.787s] copying turtlebot3_example/turtlebot3_patrol_client/turtlebot3_patrol_client.py -> /home/y/SA_CAO_test_ws/build/turtlebot3_example/build/lib/turtlebot3_example/turtlebot3_patrol_client
[0.789s] copying turtlebot3_example/turtlebot3_patrol_client/main.py -> /home/y/SA_CAO_test_ws/build/turtlebot3_example/build/lib/turtlebot3_example/turtlebot3_patrol_client
[0.789s] creating /home/y/SA_CAO_test_ws/build/turtlebot3_example/build/lib/turtlebot3_example/turtlebot3_patrol_server
[0.789s] copying turtlebot3_example/turtlebot3_patrol_server/__init__.py -> /home/y/SA_CAO_test_ws/build/turtlebot3_example/build/lib/turtlebot3_example/turtlebot3_patrol_server
[0.789s] copying turtlebot3_example/turtlebot3_patrol_server/turtlebot3_patrol_server.py -> /home/y/SA_CAO_test_ws/build/turtlebot3_example/build/lib/turtlebot3_example/turtlebot3_patrol_server
[0.790s] copying turtlebot3_example/turtlebot3_patrol_server/main.py -> /home/y/SA_CAO_test_ws/build/turtlebot3_example/build/lib/turtlebot3_example/turtlebot3_patrol_server
[0.790s] copying turtlebot3_example/turtlebot3_patrol_server/turtlebot3_path.py -> /home/y/SA_CAO_test_ws/build/turtlebot3_example/build/lib/turtlebot3_example/turtlebot3_patrol_server
[0.791s] creating /home/y/SA_CAO_test_ws/build/turtlebot3_example/build/lib/turtlebot3_example/turtlebot3_position_control
[0.791s] copying turtlebot3_example/turtlebot3_position_control/turtlebot3_position_control.py -> /home/y/SA_CAO_test_ws/build/turtlebot3_example/build/lib/turtlebot3_example/turtlebot3_position_control
[0.791s] copying turtlebot3_example/turtlebot3_position_control/__init__.py -> /home/y/SA_CAO_test_ws/build/turtlebot3_example/build/lib/turtlebot3_example/turtlebot3_position_control
[0.792s] copying turtlebot3_example/turtlebot3_position_control/main.py -> /home/y/SA_CAO_test_ws/build/turtlebot3_example/build/lib/turtlebot3_example/turtlebot3_position_control
[0.792s] copying turtlebot3_example/turtlebot3_position_control/turtlebot3_path.py -> /home/y/SA_CAO_test_ws/build/turtlebot3_example/build/lib/turtlebot3_example/turtlebot3_position_control
[0.792s] creating /home/y/SA_CAO_test_ws/build/turtlebot3_example/build/lib/turtlebot3_example/turtlebot3_obstacle_detection
[0.793s] copying turtlebot3_example/turtlebot3_obstacle_detection/turtlebot3_obstacle_detection.py -> /home/y/SA_CAO_test_ws/build/turtlebot3_example/build/lib/turtlebot3_example/turtlebot3_obstacle_detection
[0.793s] copying turtlebot3_example/turtlebot3_obstacle_detection/__init__.py -> /home/y/SA_CAO_test_ws/build/turtlebot3_example/build/lib/turtlebot3_example/turtlebot3_obstacle_detection
[0.793s] copying turtlebot3_example/turtlebot3_obstacle_detection/main.py -> /home/y/SA_CAO_test_ws/build/turtlebot3_example/build/lib/turtlebot3_example/turtlebot3_obstacle_detection
[0.794s] running install
[0.795s] running install_lib
[0.796s] creating /home/y/SA_CAO_test_ws/install/turtlebot3_example/lib/python3.8/site-packages/turtlebot3_example
[0.796s] creating /home/y/SA_CAO_test_ws/install/turtlebot3_example/lib/python3.8/site-packages/turtlebot3_example/turtlebot3_patrol_client
[0.796s] copying /home/y/SA_CAO_test_ws/build/turtlebot3_example/build/lib/turtlebot3_example/turtlebot3_patrol_client/__init__.py -> /home/y/SA_CAO_test_ws/install/turtlebot3_example/lib/python3.8/site-packages/turtlebot3_example/turtlebot3_patrol_client
[0.796s] copying /home/y/SA_CAO_test_ws/build/turtlebot3_example/build/lib/turtlebot3_example/turtlebot3_patrol_client/turtlebot3_patrol_client.py -> /home/y/SA_CAO_test_ws/install/turtlebot3_example/lib/python3.8/site-packages/turtlebot3_example/turtlebot3_patrol_client
[0.796s] copying /home/y/SA_CAO_test_ws/build/turtlebot3_example/build/lib/turtlebot3_example/turtlebot3_patrol_client/main.py -> /home/y/SA_CAO_test_ws/install/turtlebot3_example/lib/python3.8/site-packages/turtlebot3_example/turtlebot3_patrol_client
[0.797s] copying /home/y/SA_CAO_test_ws/build/turtlebot3_example/build/lib/turtlebot3_example/__init__.py -> /home/y/SA_CAO_test_ws/install/turtlebot3_example/lib/python3.8/site-packages/turtlebot3_example
[0.797s] creating /home/y/SA_CAO_test_ws/install/turtlebot3_example/lib/python3.8/site-packages/turtlebot3_example/turtlebot3_patrol_server
[0.797s] copying /home/y/SA_CAO_test_ws/build/turtlebot3_example/build/lib/turtlebot3_example/turtlebot3_patrol_server/__init__.py -> /home/y/SA_CAO_test_ws/install/turtlebot3_example/lib/python3.8/site-packages/turtlebot3_example/turtlebot3_patrol_server
[0.797s] copying /home/y/SA_CAO_test_ws/build/turtlebot3_example/build/lib/turtlebot3_example/turtlebot3_patrol_server/turtlebot3_patrol_server.py -> /home/y/SA_CAO_test_ws/install/turtlebot3_example/lib/python3.8/site-packages/turtlebot3_example/turtlebot3_patrol_server
[0.797s] copying /home/y/SA_CAO_test_ws/build/turtlebot3_example/build/lib/turtlebot3_example/turtlebot3_patrol_server/main.py -> /home/y/SA_CAO_test_ws/install/turtlebot3_example/lib/python3.8/site-packages/turtlebot3_example/turtlebot3_patrol_server
[0.798s] copying /home/y/SA_CAO_test_ws/build/turtlebot3_example/build/lib/turtlebot3_example/turtlebot3_patrol_server/turtlebot3_path.py -> /home/y/SA_CAO_test_ws/install/turtlebot3_example/lib/python3.8/site-packages/turtlebot3_example/turtlebot3_patrol_server
[0.798s] creating /home/y/SA_CAO_test_ws/install/turtlebot3_example/lib/python3.8/site-packages/turtlebot3_example/turtlebot3_position_control
[0.798s] copying /home/y/SA_CAO_test_ws/build/turtlebot3_example/build/lib/turtlebot3_example/turtlebot3_position_control/turtlebot3_position_control.py -> /home/y/SA_CAO_test_ws/install/turtlebot3_example/lib/python3.8/site-packages/turtlebot3_example/turtlebot3_position_control
[0.798s] copying /home/y/SA_CAO_test_ws/build/turtlebot3_example/build/lib/turtlebot3_example/turtlebot3_position_control/__init__.py -> /home/y/SA_CAO_test_ws/install/turtlebot3_example/lib/python3.8/site-packages/turtlebot3_example/turtlebot3_position_control
[0.798s] copying /home/y/SA_CAO_test_ws/build/turtlebot3_example/build/lib/turtlebot3_example/turtlebot3_position_control/main.py -> /home/y/SA_CAO_test_ws/install/turtlebot3_example/lib/python3.8/site-packages/turtlebot3_example/turtlebot3_position_control
[0.799s] copying /home/y/SA_CAO_test_ws/build/turtlebot3_example/build/lib/turtlebot3_example/turtlebot3_position_control/turtlebot3_path.py -> /home/y/SA_CAO_test_ws/install/turtlebot3_example/lib/python3.8/site-packages/turtlebot3_example/turtlebot3_position_control
[0.799s] creating /home/y/SA_CAO_test_ws/install/turtlebot3_example/lib/python3.8/site-packages/turtlebot3_example/turtlebot3_obstacle_detection
[0.799s] copying /home/y/SA_CAO_test_ws/build/turtlebot3_example/build/lib/turtlebot3_example/turtlebot3_obstacle_detection/turtlebot3_obstacle_detection.py -> /home/y/SA_CAO_test_ws/install/turtlebot3_example/lib/python3.8/site-packages/turtlebot3_example/turtlebot3_obstacle_detection
[0.799s] copying /home/y/SA_CAO_test_ws/build/turtlebot3_example/build/lib/turtlebot3_example/turtlebot3_obstacle_detection/__init__.py -> /home/y/SA_CAO_test_ws/install/turtlebot3_example/lib/python3.8/site-packages/turtlebot3_example/turtlebot3_obstacle_detection
[0.799s] copying /home/y/SA_CAO_test_ws/build/turtlebot3_example/build/lib/turtlebot3_example/turtlebot3_obstacle_detection/main.py -> /home/y/SA_CAO_test_ws/install/turtlebot3_example/lib/python3.8/site-packages/turtlebot3_example/turtlebot3_obstacle_detection
[0.800s] byte-compiling /home/y/SA_CAO_test_ws/install/turtlebot3_example/lib/python3.8/site-packages/turtlebot3_example/turtlebot3_patrol_client/__init__.py to __init__.cpython-38.pyc
[0.801s] byte-compiling /home/y/SA_CAO_test_ws/install/turtlebot3_example/lib/python3.8/site-packages/turtlebot3_example/turtlebot3_patrol_client/turtlebot3_patrol_client.py to turtlebot3_patrol_client.cpython-38.pyc
[0.802s] byte-compiling /home/y/SA_CAO_test_ws/install/turtlebot3_example/lib/python3.8/site-packages/turtlebot3_example/turtlebot3_patrol_client/main.py to main.cpython-38.pyc
[0.802s] byte-compiling /home/y/SA_CAO_test_ws/install/turtlebot3_example/lib/python3.8/site-packages/turtlebot3_example/__init__.py to __init__.cpython-38.pyc
[0.802s] byte-compiling /home/y/SA_CAO_test_ws/install/turtlebot3_example/lib/python3.8/site-packages/turtlebot3_example/turtlebot3_patrol_server/__init__.py to __init__.cpython-38.pyc
[0.802s] byte-compiling /home/y/SA_CAO_test_ws/install/turtlebot3_example/lib/python3.8/site-packages/turtlebot3_example/turtlebot3_patrol_server/turtlebot3_patrol_server.py to turtlebot3_patrol_server.cpython-38.pyc
[0.803s] byte-compiling /home/y/SA_CAO_test_ws/install/turtlebot3_example/lib/python3.8/site-packages/turtlebot3_example/turtlebot3_patrol_server/main.py to main.cpython-38.pyc
[0.803s] byte-compiling /home/y/SA_CAO_test_ws/install/turtlebot3_example/lib/python3.8/site-packages/turtlebot3_example/turtlebot3_patrol_server/turtlebot3_path.py to turtlebot3_path.cpython-38.pyc
[0.803s] byte-compiling /home/y/SA_CAO_test_ws/install/turtlebot3_example/lib/python3.8/site-packages/turtlebot3_example/turtlebot3_position_control/turtlebot3_position_control.py to turtlebot3_position_control.cpython-38.pyc
[0.804s] byte-compiling /home/y/SA_CAO_test_ws/install/turtlebot3_example/lib/python3.8/site-packages/turtlebot3_example/turtlebot3_position_control/__init__.py to __init__.cpython-38.pyc
[0.804s] byte-compiling /home/y/SA_CAO_test_ws/install/turtlebot3_example/lib/python3.8/site-packages/turtlebot3_example/turtlebot3_position_control/main.py to main.cpython-38.pyc
[0.805s] byte-compiling /home/y/SA_CAO_test_ws/install/turtlebot3_example/lib/python3.8/site-packages/turtlebot3_example/turtlebot3_position_control/turtlebot3_path.py to turtlebot3_path.cpython-38.pyc
[0.805s] byte-compiling /home/y/SA_CAO_test_ws/install/turtlebot3_example/lib/python3.8/site-packages/turtlebot3_example/turtlebot3_obstacle_detection/turtlebot3_obstacle_detection.py to turtlebot3_obstacle_detection.cpython-38.pyc
[0.805s] byte-compiling /home/y/SA_CAO_test_ws/install/turtlebot3_example/lib/python3.8/site-packages/turtlebot3_example/turtlebot3_obstacle_detection/__init__.py to __init__.cpython-38.pyc
[0.806s] byte-compiling /home/y/SA_CAO_test_ws/install/turtlebot3_example/lib/python3.8/site-packages/turtlebot3_example/turtlebot3_obstacle_detection/main.py to main.cpython-38.pyc
[0.806s] running install_data
[0.806s] creating /home/y/SA_CAO_test_ws/install/turtlebot3_example/share/ament_index
[0.806s] creating /home/y/SA_CAO_test_ws/install/turtlebot3_example/share/ament_index/resource_index
[0.807s] creating /home/y/SA_CAO_test_ws/install/turtlebot3_example/share/ament_index/resource_index/packages
[0.807s] copying resource/turtlebot3_example -> /home/y/SA_CAO_test_ws/install/turtlebot3_example/share/ament_index/resource_index/packages
[0.807s] copying package.xml -> /home/y/SA_CAO_test_ws/install/turtlebot3_example/share/turtlebot3_example
[0.807s] running install_egg_info
[0.809s] Copying ../../../../build/turtlebot3_example/turtlebot3_example.egg-info to /home/y/SA_CAO_test_ws/install/turtlebot3_example/lib/python3.8/site-packages/turtlebot3_example-2.1.4-py3.8.egg-info
[0.809s] running install_scripts
[0.823s] Installing turtlebot3_obstacle_detection script to /home/y/SA_CAO_test_ws/install/turtlebot3_example/lib/turtlebot3_example
[0.823s] Installing turtlebot3_patrol_client script to /home/y/SA_CAO_test_ws/install/turtlebot3_example/lib/turtlebot3_example
[0.823s] Installing turtlebot3_patrol_server script to /home/y/SA_CAO_test_ws/install/turtlebot3_example/lib/turtlebot3_example
[0.823s] Installing turtlebot3_position_control script to /home/y/SA_CAO_test_ws/install/turtlebot3_example/lib/turtlebot3_example
[0.824s] writing list of installed files to '/home/y/SA_CAO_test_ws/build/turtlebot3_example/install.log'
[0.844s] Invoked command in '/home/y/SA_CAO_test_ws/src/turtlebot3/turtlebot3/turtlebot3_example' returned '0': CMAKE_PREFIX_PATH=/home/y/SA_CAO_test_ws/install/turtlebot3_msgs:/home/y/SA_CAO_test_ws/install/turtlebot3:/home/y/SA_CAO_test_ws/install/turtlebot3_simulations:/home/y/SA_CAO_test_ws/install/turtlebot3_bringup:/home/y/SA_CAO_test_ws/install/turtlebot3_node:/home/y/SA_CAO_test_ws/install/turtlebot3_navigation2:/home/y/SA_CAO_test_ws/install/turtlebot3_fake_node:/home/y/SA_CAO_test_ws/install/turtlebot3_gazebo:/home/y/SA_CAO_test_ws/install/turtlebot3_description:/home/y/SA_CAO_test_ws/install/turtlebot3_cartographer:/home/y/SA_CAO_test_ws/install/sub_diablo2023a:/home/y/SA_CAO_test_ws/install/motion_msgs:/home/y/SA_CAO_test_ws/install/hls_lfcd_lds_driver:/home/y/SA_CAO_test_ws/install/dynamixel_sdk_examples:/home/y/SA_CAO_test_ws/install/dynamixel_sdk_custom_interfaces:/home/y/SA_CAO_test_ws/install/dynamixel_sdk:/home/y/oradar_ros/install/oradar_lidar PYTHONPATH=/home/y/SA_CAO_test_ws/build/turtlebot3_example/prefix_override:/usr/lib/python3/dist-packages/colcon_core/task/python/colcon_distutils_commands:/home/y/SA_CAO_test_ws/install/turtlebot3_example/lib/python3.8/site-packages:/home/y/SA_CAO_test_ws/install/turtlebot3_msgs/lib/python3.8/site-packages:/home/y/SA_CAO_test_ws/install/turtlebot3_teleop/lib/python3.8/site-packages:/home/y/SA_CAO_test_ws/install/turtlebot3_example/lib/python3.8/site-packages:/home/y/SA_CAO_test_ws/install/my_joystick/lib/python3.8/site-packages:/home/y/SA_CAO_test_ws/install/motion_msgs/lib/python3.8/site-packages:/home/y/SA_CAO_test_ws/install/launch_diablo/lib/python3.8/site-packages:/home/y/SA_CAO_test_ws/install/dynamixel_sdk_custom_interfaces/lib/python3.8/site-packages:/opt/ros/foxy/lib/python3.8/site-packages /usr/bin/python3 -W ignore:setup.py install is deprecated -W ignore:easy_install command is deprecated setup.py egg_info --egg-base ../../../../build/turtlebot3_example build --build-base /home/y/SA_CAO_test_ws/build/turtlebot3_example/build install --record /home/y/SA_CAO_test_ws/build/turtlebot3_example/install.log --single-version-externally-managed install_data
