[0.004s] Invoking command in '/home/y/SA_CAO_Simu/SA_CAO/build/turtlebot3_description': CMAKE_PREFIX_PATH=${CMAKE_PREFIX_PATH}:/home/y/SA_CAO_Simu/SA_CAO/install/turtlebot3_teleop:/home/y/SA_CAO_Simu/SA_CAO/install/turtlebot3_example:/home/y/SA_CAO_Simu/SA_CAO/install/pure_pursuit:/home/y/SA_CAO_Simu/SA_CAO/install/my_balance_pkg:/home/y/SA_CAO_Simu/SA_CAO/install/launch_diablo:/opt/ros/foxy /usr/bin/cmake /home/y/SA_CAO_Simu/SA_CAO/src/turtlebot3/turtlebot3/turtlebot3_description -DCMAKE_INSTALL_PREFIX=/home/y/SA_CAO_Simu/SA_CAO/install/turtlebot3_description
[0.069s] -- The C compiler identification is GNU 9.4.0
[0.136s] -- The CXX compiler identification is GNU 9.4.0
[0.136s] -- Check for working C compiler: /usr/bin/cc
[0.255s] -- Check for working C compiler: /usr/bin/cc -- works
[0.257s] -- Detecting C compiler ABI info
[0.369s] -- Detecting C compiler ABI info - done
[0.370s] -- Detecting C compile features
[0.370s] -- Detecting C compile features - done
[0.371s] -- Check for working CXX compiler: /usr/bin/c++
[0.453s] -- Check for working CXX compiler: /usr/bin/c++ -- works
[0.453s] -- Detecting CXX compiler ABI info
[0.513s] -- Detecting CXX compiler ABI info - done
[0.516s] -- Detecting CXX compile features
[0.516s] -- Detecting CXX compile features - done
[0.519s] -- Found ament_cmake: 0.9.12 (/opt/ros/foxy/share/ament_cmake/cmake)
[0.536s] -- Found PythonInterp: /usr/bin/python3 (found suitable version "3.8.10", minimum required is "3") 
[0.536s] -- Using PYTHON_EXECUTABLE: /usr/bin/python3
[0.621s] -- Found urdf: 2.4.0 (/opt/ros/foxy/share/urdf/cmake)
[0.699s] -- Configuring done
[0.699s] -- Generating done
[0.700s] -- Build files have been written to: /home/y/SA_CAO_Simu/SA_CAO/build/turtlebot3_description
[0.704s] Invoked command in '/home/y/SA_CAO_Simu/SA_CAO/build/turtlebot3_description' returned '0': CMAKE_PREFIX_PATH=${CMAKE_PREFIX_PATH}:/home/y/SA_CAO_Simu/SA_CAO/install/turtlebot3_teleop:/home/y/SA_CAO_Simu/SA_CAO/install/turtlebot3_example:/home/y/SA_CAO_Simu/SA_CAO/install/pure_pursuit:/home/y/SA_CAO_Simu/SA_CAO/install/my_balance_pkg:/home/y/SA_CAO_Simu/SA_CAO/install/launch_diablo:/opt/ros/foxy /usr/bin/cmake /home/y/SA_CAO_Simu/SA_CAO/src/turtlebot3/turtlebot3/turtlebot3_description -DCMAKE_INSTALL_PREFIX=/home/y/SA_CAO_Simu/SA_CAO/install/turtlebot3_description
[0.704s] Invoking command in '/home/y/SA_CAO_Simu/SA_CAO/build/turtlebot3_description': CMAKE_PREFIX_PATH=${CMAKE_PREFIX_PATH}:/home/y/SA_CAO_Simu/SA_CAO/install/turtlebot3_teleop:/home/y/SA_CAO_Simu/SA_CAO/install/turtlebot3_example:/home/y/SA_CAO_Simu/SA_CAO/install/pure_pursuit:/home/y/SA_CAO_Simu/SA_CAO/install/my_balance_pkg:/home/y/SA_CAO_Simu/SA_CAO/install/launch_diablo:/opt/ros/foxy /usr/bin/cmake --build /home/y/SA_CAO_Simu/SA_CAO/build/turtlebot3_description -- -j2 -l2
[0.740s] Invoked command in '/home/y/SA_CAO_Simu/SA_CAO/build/turtlebot3_description' returned '0': CMAKE_PREFIX_PATH=${CMAKE_PREFIX_PATH}:/home/y/SA_CAO_Simu/SA_CAO/install/turtlebot3_teleop:/home/y/SA_CAO_Simu/SA_CAO/install/turtlebot3_example:/home/y/SA_CAO_Simu/SA_CAO/install/pure_pursuit:/home/y/SA_CAO_Simu/SA_CAO/install/my_balance_pkg:/home/y/SA_CAO_Simu/SA_CAO/install/launch_diablo:/opt/ros/foxy /usr/bin/cmake --build /home/y/SA_CAO_Simu/SA_CAO/build/turtlebot3_description -- -j2 -l2
[0.740s] Invoking command in '/home/y/SA_CAO_Simu/SA_CAO/build/turtlebot3_description': CMAKE_PREFIX_PATH=${CMAKE_PREFIX_PATH}:/home/y/SA_CAO_Simu/SA_CAO/install/turtlebot3_teleop:/home/y/SA_CAO_Simu/SA_CAO/install/turtlebot3_example:/home/y/SA_CAO_Simu/SA_CAO/install/pure_pursuit:/home/y/SA_CAO_Simu/SA_CAO/install/my_balance_pkg:/home/y/SA_CAO_Simu/SA_CAO/install/launch_diablo:/opt/ros/foxy /usr/bin/cmake --install /home/y/SA_CAO_Simu/SA_CAO/build/turtlebot3_description
[0.748s] -- Install configuration: ""
[0.748s] -- Installing: /home/y/SA_CAO_Simu/SA_CAO/install/turtlebot3_description/share/turtlebot3_description/meshes
[0.749s] -- Installing: /home/y/SA_CAO_Simu/SA_CAO/install/turtlebot3_description/share/turtlebot3_description/meshes/wheels
[0.749s] -- Installing: /home/y/SA_CAO_Simu/SA_CAO/install/turtlebot3_description/share/turtlebot3_description/meshes/wheels/right_tire.stl
[0.753s] -- Installing: /home/y/SA_CAO_Simu/SA_CAO/install/turtlebot3_description/share/turtlebot3_description/meshes/wheels/left_tire.stl
[0.756s] -- Installing: /home/y/SA_CAO_Simu/SA_CAO/install/turtlebot3_description/share/turtlebot3_description/meshes/sensors
[0.756s] -- Installing: /home/y/SA_CAO_Simu/SA_CAO/install/turtlebot3_description/share/turtlebot3_description/meshes/sensors/r200.dae
[0.756s] -- Installing: /home/y/SA_CAO_Simu/SA_CAO/install/turtlebot3_description/share/turtlebot3_description/meshes/sensors/astra.dae
[0.774s] -- Installing: /home/y/SA_CAO_Simu/SA_CAO/install/turtlebot3_description/share/turtlebot3_description/meshes/sensors/r200.jpg
[0.774s] -- Installing: /home/y/SA_CAO_Simu/SA_CAO/install/turtlebot3_description/share/turtlebot3_description/meshes/sensors/lds.stl
[0.775s] -- Installing: /home/y/SA_CAO_Simu/SA_CAO/install/turtlebot3_description/share/turtlebot3_description/meshes/sensors/astra.jpg
[0.775s] -- Installing: /home/y/SA_CAO_Simu/SA_CAO/install/turtlebot3_description/share/turtlebot3_description/meshes/bases
[0.775s] -- Installing: /home/y/SA_CAO_Simu/SA_CAO/install/turtlebot3_description/share/turtlebot3_description/meshes/bases/burger_base.stl
[0.778s] -- Installing: /home/y/SA_CAO_Simu/SA_CAO/install/turtlebot3_description/share/turtlebot3_description/meshes/bases/waffle_pi_base.stl
[0.790s] -- Installing: /home/y/SA_CAO_Simu/SA_CAO/install/turtlebot3_description/share/turtlebot3_description/meshes/bases/waffle_base.stl
[0.813s] -- Installing: /home/y/SA_CAO_Simu/SA_CAO/install/turtlebot3_description/share/turtlebot3_description/rviz
[0.813s] -- Installing: /home/y/SA_CAO_Simu/SA_CAO/install/turtlebot3_description/share/turtlebot3_description/rviz/model.rviz
[0.814s] -- Installing: /home/y/SA_CAO_Simu/SA_CAO/install/turtlebot3_description/share/turtlebot3_description/urdf
[0.814s] -- Installing: /home/y/SA_CAO_Simu/SA_CAO/install/turtlebot3_description/share/turtlebot3_description/urdf/turtlebot3_burger.urdf
[0.814s] -- Installing: /home/y/SA_CAO_Simu/SA_CAO/install/turtlebot3_description/share/turtlebot3_description/urdf/turtlebot3_waffle.urdf
[0.814s] -- Installing: /home/y/SA_CAO_Simu/SA_CAO/install/turtlebot3_description/share/turtlebot3_description/urdf/common_properties.urdf
[0.814s] -- Installing: /home/y/SA_CAO_Simu/SA_CAO/install/turtlebot3_description/share/turtlebot3_description/urdf/turtlebot3_waffle_pi.urdf
[0.814s] -- Installing: /home/y/SA_CAO_Simu/SA_CAO/install/turtlebot3_description/share/ament_index/resource_index/package_run_dependencies/turtlebot3_description
[0.814s] -- Installing: /home/y/SA_CAO_Simu/SA_CAO/install/turtlebot3_description/share/ament_index/resource_index/parent_prefix_path/turtlebot3_description
[0.814s] -- Installing: /home/y/SA_CAO_Simu/SA_CAO/install/turtlebot3_description/share/turtlebot3_description/environment/ament_prefix_path.sh
[0.815s] -- Installing: /home/y/SA_CAO_Simu/SA_CAO/install/turtlebot3_description/share/turtlebot3_description/environment/ament_prefix_path.dsv
[0.815s] -- Installing: /home/y/SA_CAO_Simu/SA_CAO/install/turtlebot3_description/share/turtlebot3_description/environment/path.sh
[0.815s] -- Installing: /home/y/SA_CAO_Simu/SA_CAO/install/turtlebot3_description/share/turtlebot3_description/environment/path.dsv
[0.815s] -- Installing: /home/y/SA_CAO_Simu/SA_CAO/install/turtlebot3_description/share/turtlebot3_description/local_setup.bash
[0.815s] -- Installing: /home/y/SA_CAO_Simu/SA_CAO/install/turtlebot3_description/share/turtlebot3_description/local_setup.sh
[0.815s] -- Installing: /home/y/SA_CAO_Simu/SA_CAO/install/turtlebot3_description/share/turtlebot3_description/local_setup.zsh
[0.815s] -- Installing: /home/y/SA_CAO_Simu/SA_CAO/install/turtlebot3_description/share/turtlebot3_description/local_setup.dsv
[0.815s] -- Installing: /home/y/SA_CAO_Simu/SA_CAO/install/turtlebot3_description/share/turtlebot3_description/package.dsv
[0.815s] -- Installing: /home/y/SA_CAO_Simu/SA_CAO/install/turtlebot3_description/share/ament_index/resource_index/packages/turtlebot3_description
[0.815s] -- Installing: /home/y/SA_CAO_Simu/SA_CAO/install/turtlebot3_description/share/turtlebot3_description/cmake/turtlebot3_descriptionConfig.cmake
[0.815s] -- Installing: /home/y/SA_CAO_Simu/SA_CAO/install/turtlebot3_description/share/turtlebot3_description/cmake/turtlebot3_descriptionConfig-version.cmake
[0.816s] -- Installing: /home/y/SA_CAO_Simu/SA_CAO/install/turtlebot3_description/share/turtlebot3_description/package.xml
[0.821s] Invoked command in '/home/y/SA_CAO_Simu/SA_CAO/build/turtlebot3_description' returned '0': CMAKE_PREFIX_PATH=${CMAKE_PREFIX_PATH}:/home/y/SA_CAO_Simu/SA_CAO/install/turtlebot3_teleop:/home/y/SA_CAO_Simu/SA_CAO/install/turtlebot3_example:/home/y/SA_CAO_Simu/SA_CAO/install/pure_pursuit:/home/y/SA_CAO_Simu/SA_CAO/install/my_balance_pkg:/home/y/SA_CAO_Simu/SA_CAO/install/launch_diablo:/opt/ros/foxy /usr/bin/cmake --install /home/y/SA_CAO_Simu/SA_CAO/build/turtlebot3_description
