[0.550s] Invoking command in '/home/y/SA_CAO/src/launch_diablo': PYTHONPATH=/home/y/SA_CAO/build/launch_diablo/prefix_override:/usr/lib/python3/dist-packages/colcon_core/task/python/colcon_distutils_commands:/home/y/SA_CAO/install/launch_diablo/lib/python3.8/site-packages:${PYTHONPATH} /usr/bin/python3 -W ignore:setup.py install is deprecated -W ignore:easy_install command is deprecated setup.py egg_info --egg-base ../../build/launch_diablo build --build-base /home/y/SA_CAO/build/launch_diablo/build install --record /home/y/SA_CAO/build/launch_diablo/install.log --install-scripts $base/lib/robot_launch --single-version-externally-managed install_data
[0.725s] running egg_info
[0.725s] creating ../../build/launch_diablo/launch_diablo.egg-info
[0.725s] writing ../../build/launch_diablo/launch_diablo.egg-info/PKG-INFO
[0.725s] writing dependency_links to ../../build/launch_diablo/launch_diablo.egg-info/dependency_links.txt
[0.726s] writing entry points to ../../build/launch_diablo/launch_diablo.egg-info/entry_points.txt
[0.726s] writing requirements to ../../build/launch_diablo/launch_diablo.egg-info/requires.txt
[0.726s] writing top-level names to ../../build/launch_diablo/launch_diablo.egg-info/top_level.txt
[0.727s] writing manifest file '../../build/launch_diablo/launch_diablo.egg-info/SOURCES.txt'
[0.756s] reading manifest file '../../build/launch_diablo/launch_diablo.egg-info/SOURCES.txt'
[0.757s] writing manifest file '../../build/launch_diablo/launch_diablo.egg-info/SOURCES.txt'
[0.757s] running build
[0.757s] running build_py
[0.758s] creating /home/y/SA_CAO/build/launch_diablo/build
[0.758s] creating /home/y/SA_CAO/build/launch_diablo/build/lib
[0.758s] creating /home/y/SA_CAO/build/launch_diablo/build/lib/launch_diablo
[0.758s] copying launch_diablo/__init__.py -> /home/y/SA_CAO/build/launch_diablo/build/lib/launch_diablo
[0.759s] running install
[0.759s] running install_lib
[0.760s] creating /home/y/SA_CAO/install/launch_diablo/lib/python3.8/site-packages/launch_diablo
[0.760s] copying /home/y/SA_CAO/build/launch_diablo/build/lib/launch_diablo/__init__.py -> /home/y/SA_CAO/install/launch_diablo/lib/python3.8/site-packages/launch_diablo
[0.761s] byte-compiling /home/y/SA_CAO/install/launch_diablo/lib/python3.8/site-packages/launch_diablo/__init__.py to __init__.cpython-38.pyc
[0.762s] running install_data
[0.762s] copying package.xml -> /home/y/SA_CAO/install/launch_diablo/share/launch_diablo
[0.762s] creating /home/y/SA_CAO/install/launch_diablo/share/ament_index
[0.762s] creating /home/y/SA_CAO/install/launch_diablo/share/ament_index/resource_index
[0.762s] creating /home/y/SA_CAO/install/launch_diablo/share/ament_index/resource_index/packages
[0.763s] copying resource/launch_diablo -> /home/y/SA_CAO/install/launch_diablo/share/ament_index/resource_index/packages
[0.763s] creating /home/y/SA_CAO/install/launch_diablo/share/launch_diablo/launch
[0.763s] copying launch/launch_diablo.py -> /home/y/SA_CAO/install/launch_diablo/share/launch_diablo/launch
[0.763s] running install_egg_info
[0.764s] Copying ../../build/launch_diablo/launch_diablo.egg-info to /home/y/SA_CAO/install/launch_diablo/lib/python3.8/site-packages/launch_diablo-0.0.0-py3.8.egg-info
[0.766s] running install_scripts
[0.778s] writing list of installed files to '/home/y/SA_CAO/build/launch_diablo/install.log'
[0.794s] Invoked command in '/home/y/SA_CAO/src/launch_diablo' returned '0': PYTHONPATH=/home/y/SA_CAO/build/launch_diablo/prefix_override:/usr/lib/python3/dist-packages/colcon_core/task/python/colcon_distutils_commands:/home/y/SA_CAO/install/launch_diablo/lib/python3.8/site-packages:${PYTHONPATH} /usr/bin/python3 -W ignore:setup.py install is deprecated -W ignore:easy_install command is deprecated setup.py egg_info --egg-base ../../build/launch_diablo build --build-base /home/y/SA_CAO/build/launch_diablo/build install --record /home/y/SA_CAO/build/launch_diablo/install.log --install-scripts $base/lib/robot_launch --single-version-externally-managed install_data
