[0.018s] Invoking command in '/home/y/SA_CAO_Simu/SA_CAO/build/diablo_simpose_trans': AMENT_PREFIX_PATH=/home/y/SA_CAO_Simu/SA_CAO/install/diablo_body:/home/y/SA_CAO_Simu/SA_CAO/install/diablo_utils:/home/y/SA_CAO_Simu/SA_CAO/install/motion_msgs:/home/y/SA_CAO_Simu/SA_CAO/install/ception_msgs:${AMENT_PREFIX_PATH} CMAKE_PREFIX_PATH=/home/y/SA_CAO_Simu/SA_CAO/install/diablo_body:/home/y/SA_CAO_Simu/SA_CAO/install/diablo_utils:/home/y/SA_CAO_Simu/SA_CAO/install/motion_msgs:/home/y/SA_CAO_Simu/SA_CAO/install/ception_msgs:/opt/ros/foxy LD_LIBRARY_PATH=/home/y/SA_CAO_Simu/SA_CAO/install/diablo_body/lib:/home/y/SA_CAO_Simu/SA_CAO/install/diablo_utils/lib:/home/y/SA_CAO_Simu/SA_CAO/install/motion_msgs/lib:/home/y/SA_CAO_Simu/SA_CAO/install/ception_msgs/lib:${LD_LIBRARY_PATH} PYTHONPATH=/home/y/SA_CAO_Simu/SA_CAO/install/motion_msgs/lib/python3.8/site-packages:/home/y/SA_CAO_Simu/SA_CAO/install/ception_msgs/lib/python3.8/site-packages:${PYTHONPATH} /usr/bin/cmake --build /home/y/SA_CAO_Simu/SA_CAO/build/diablo_simpose_trans -- -j2 -l2
[0.066s] [100%] Built target motor_trans_node
[0.071s] Invoked command in '/home/y/SA_CAO_Simu/SA_CAO/build/diablo_simpose_trans' returned '0': AMENT_PREFIX_PATH=/home/y/SA_CAO_Simu/SA_CAO/install/diablo_body:/home/y/SA_CAO_Simu/SA_CAO/install/diablo_utils:/home/y/SA_CAO_Simu/SA_CAO/install/motion_msgs:/home/y/SA_CAO_Simu/SA_CAO/install/ception_msgs:${AMENT_PREFIX_PATH} CMAKE_PREFIX_PATH=/home/y/SA_CAO_Simu/SA_CAO/install/diablo_body:/home/y/SA_CAO_Simu/SA_CAO/install/diablo_utils:/home/y/SA_CAO_Simu/SA_CAO/install/motion_msgs:/home/y/SA_CAO_Simu/SA_CAO/install/ception_msgs:/opt/ros/foxy LD_LIBRARY_PATH=/home/y/SA_CAO_Simu/SA_CAO/install/diablo_body/lib:/home/y/SA_CAO_Simu/SA_CAO/install/diablo_utils/lib:/home/y/SA_CAO_Simu/SA_CAO/install/motion_msgs/lib:/home/y/SA_CAO_Simu/SA_CAO/install/ception_msgs/lib:${LD_LIBRARY_PATH} PYTHONPATH=/home/y/SA_CAO_Simu/SA_CAO/install/motion_msgs/lib/python3.8/site-packages:/home/y/SA_CAO_Simu/SA_CAO/install/ception_msgs/lib/python3.8/site-packages:${PYTHONPATH} /usr/bin/cmake --build /home/y/SA_CAO_Simu/SA_CAO/build/diablo_simpose_trans -- -j2 -l2
[0.071s] Invoking command in '/home/y/SA_CAO_Simu/SA_CAO/build/diablo_simpose_trans': AMENT_PREFIX_PATH=/home/y/SA_CAO_Simu/SA_CAO/install/diablo_body:/home/y/SA_CAO_Simu/SA_CAO/install/diablo_utils:/home/y/SA_CAO_Simu/SA_CAO/install/motion_msgs:/home/y/SA_CAO_Simu/SA_CAO/install/ception_msgs:${AMENT_PREFIX_PATH} CMAKE_PREFIX_PATH=/home/y/SA_CAO_Simu/SA_CAO/install/diablo_body:/home/y/SA_CAO_Simu/SA_CAO/install/diablo_utils:/home/y/SA_CAO_Simu/SA_CAO/install/motion_msgs:/home/y/SA_CAO_Simu/SA_CAO/install/ception_msgs:/opt/ros/foxy LD_LIBRARY_PATH=/home/y/SA_CAO_Simu/SA_CAO/install/diablo_body/lib:/home/y/SA_CAO_Simu/SA_CAO/install/diablo_utils/lib:/home/y/SA_CAO_Simu/SA_CAO/install/motion_msgs/lib:/home/y/SA_CAO_Simu/SA_CAO/install/ception_msgs/lib:${LD_LIBRARY_PATH} PYTHONPATH=/home/y/SA_CAO_Simu/SA_CAO/install/motion_msgs/lib/python3.8/site-packages:/home/y/SA_CAO_Simu/SA_CAO/install/ception_msgs/lib/python3.8/site-packages:${PYTHONPATH} /usr/bin/cmake --install /home/y/SA_CAO_Simu/SA_CAO/build/diablo_simpose_trans
[0.075s] -- Install configuration: ""
[0.075s] -- Up-to-date: /home/y/SA_CAO_Simu/SA_CAO/install/diablo_simpose_trans/lib/diablo_simpose_trans/motor_trans_node
[0.075s] -- Up-to-date: /home/y/SA_CAO_Simu/SA_CAO/install/diablo_simpose_trans/include/diablo_simpose_trans
[0.075s] -- Up-to-date: /home/y/SA_CAO_Simu/SA_CAO/install/diablo_simpose_trans/include/diablo_simpose_trans/diablo_simpose_trans
[0.075s] -- Up-to-date: /home/y/SA_CAO_Simu/SA_CAO/install/diablo_simpose_trans/include/diablo_simpose_trans/diablo_simpose_trans/motor_pos_trans.hpp
[0.075s] -- Up-to-date: /home/y/SA_CAO_Simu/SA_CAO/install/diablo_simpose_trans/share/ament_index/resource_index/package_run_dependencies/diablo_simpose_trans
[0.075s] -- Up-to-date: /home/y/SA_CAO_Simu/SA_CAO/install/diablo_simpose_trans/share/ament_index/resource_index/parent_prefix_path/diablo_simpose_trans
[0.075s] -- Up-to-date: /home/y/SA_CAO_Simu/SA_CAO/install/diablo_simpose_trans/share/diablo_simpose_trans/environment/ament_prefix_path.sh
[0.075s] -- Up-to-date: /home/y/SA_CAO_Simu/SA_CAO/install/diablo_simpose_trans/share/diablo_simpose_trans/environment/ament_prefix_path.dsv
[0.076s] -- Up-to-date: /home/y/SA_CAO_Simu/SA_CAO/install/diablo_simpose_trans/share/diablo_simpose_trans/environment/path.sh
[0.076s] -- Up-to-date: /home/y/SA_CAO_Simu/SA_CAO/install/diablo_simpose_trans/share/diablo_simpose_trans/environment/path.dsv
[0.076s] -- Up-to-date: /home/y/SA_CAO_Simu/SA_CAO/install/diablo_simpose_trans/share/diablo_simpose_trans/local_setup.bash
[0.078s] -- Up-to-date: /home/y/SA_CAO_Simu/SA_CAO/install/diablo_simpose_trans/share/diablo_simpose_trans/local_setup.sh
[0.078s] -- Up-to-date: /home/y/SA_CAO_Simu/SA_CAO/install/diablo_simpose_trans/share/diablo_simpose_trans/local_setup.zsh
[0.078s] -- Up-to-date: /home/y/SA_CAO_Simu/SA_CAO/install/diablo_simpose_trans/share/diablo_simpose_trans/local_setup.dsv
[0.078s] -- Installing: /home/y/SA_CAO_Simu/SA_CAO/install/diablo_simpose_trans/share/diablo_simpose_trans/package.dsv
[0.078s] -- Up-to-date: /home/y/SA_CAO_Simu/SA_CAO/install/diablo_simpose_trans/share/ament_index/resource_index/packages/diablo_simpose_trans
[0.078s] -- Up-to-date: /home/y/SA_CAO_Simu/SA_CAO/install/diablo_simpose_trans/share/diablo_simpose_trans/cmake/ament_cmake_export_include_directories-extras.cmake
[0.078s] -- Up-to-date: /home/y/SA_CAO_Simu/SA_CAO/install/diablo_simpose_trans/share/diablo_simpose_trans/cmake/ament_cmake_export_dependencies-extras.cmake
[0.078s] -- Up-to-date: /home/y/SA_CAO_Simu/SA_CAO/install/diablo_simpose_trans/share/diablo_simpose_trans/cmake/diablo_simpose_transConfig.cmake
[0.078s] -- Up-to-date: /home/y/SA_CAO_Simu/SA_CAO/install/diablo_simpose_trans/share/diablo_simpose_trans/cmake/diablo_simpose_transConfig-version.cmake
[0.078s] -- Up-to-date: /home/y/SA_CAO_Simu/SA_CAO/install/diablo_simpose_trans/share/diablo_simpose_trans/package.xml
[0.083s] Invoked command in '/home/y/SA_CAO_Simu/SA_CAO/build/diablo_simpose_trans' returned '0': AMENT_PREFIX_PATH=/home/y/SA_CAO_Simu/SA_CAO/install/diablo_body:/home/y/SA_CAO_Simu/SA_CAO/install/diablo_utils:/home/y/SA_CAO_Simu/SA_CAO/install/motion_msgs:/home/y/SA_CAO_Simu/SA_CAO/install/ception_msgs:${AMENT_PREFIX_PATH} CMAKE_PREFIX_PATH=/home/y/SA_CAO_Simu/SA_CAO/install/diablo_body:/home/y/SA_CAO_Simu/SA_CAO/install/diablo_utils:/home/y/SA_CAO_Simu/SA_CAO/install/motion_msgs:/home/y/SA_CAO_Simu/SA_CAO/install/ception_msgs:/opt/ros/foxy LD_LIBRARY_PATH=/home/y/SA_CAO_Simu/SA_CAO/install/diablo_body/lib:/home/y/SA_CAO_Simu/SA_CAO/install/diablo_utils/lib:/home/y/SA_CAO_Simu/SA_CAO/install/motion_msgs/lib:/home/y/SA_CAO_Simu/SA_CAO/install/ception_msgs/lib:${LD_LIBRARY_PATH} PYTHONPATH=/home/y/SA_CAO_Simu/SA_CAO/install/motion_msgs/lib/python3.8/site-packages:/home/y/SA_CAO_Simu/SA_CAO/install/ception_msgs/lib/python3.8/site-packages:${PYTHONPATH} /usr/bin/cmake --install /home/y/SA_CAO_Simu/SA_CAO/build/diablo_simpose_trans
