/home/y/SA_CAO_Simu/SA_CAO/install/diablo_simulation/lib/python3.8/site-packages/diablo_simulation/__init__.py
/home/y/SA_CAO_Simu/SA_CAO/install/diablo_simulation/lib/python3.8/site-packages/diablo_simulation/__pycache__/__init__.cpython-38.pyc
/home/y/SA_CAO_Simu/SA_CAO/install/diablo_simulation/share/ament_index/resource_index/packages/diablo_simulation
/home/y/SA_CAO_Simu/SA_CAO/install/diablo_simulation/share/diablo_simulation/package.xml
/home/y/SA_CAO_Simu/SA_CAO/install/diablo_simulation/share/diablo_simulation/launch/display.launch.py
/home/y/SA_CAO_Simu/SA_CAO/install/diablo_simulation/share/diablo_simulation/launch/ctrl.launch.py
/home/y/SA_CAO_Simu/SA_CAO/install/diablo_simulation/share/diablo_simulation/launch/gazebo.launch.py
/home/y/SA_CAO_Simu/SA_CAO/install/diablo_simulation/share/diablo_simulation/urdf/diablo_simulation.xacro
/home/y/SA_CAO_Simu/SA_CAO/install/diablo_simulation/share/diablo_simulation/urdf/materials.xacro
/home/y/SA_CAO_Simu/SA_CAO/install/diablo_simulation/share/diablo_simulation/urdf/diablo_simulation.gazebo
/home/y/SA_CAO_Simu/SA_CAO/install/diablo_simulation/share/diablo_simulation/urdf/diablo_simulation.trans
/home/y/SA_CAO_Simu/SA_CAO/install/diablo_simulation/share/diablo_simulation/urdf/diablo_simulation.urdf
/home/y/SA_CAO_Simu/SA_CAO/install/diablo_simulation/share/diablo_simulation/meshes/leg2_right_link_1.stl
/home/y/SA_CAO_Simu/SA_CAO/install/diablo_simulation/share/diablo_simulation/meshes/leg_left_link_1.stl
/home/y/SA_CAO_Simu/SA_CAO/install/diablo_simulation/share/diablo_simulation/meshes/wheel_left_link_1.stl
/home/y/SA_CAO_Simu/SA_CAO/install/diablo_simulation/share/diablo_simulation/meshes/leg2_left_link_1.stl
/home/y/SA_CAO_Simu/SA_CAO/install/diablo_simulation/share/diablo_simulation/meshes/leg_right_link_1.stl
/home/y/SA_CAO_Simu/SA_CAO/install/diablo_simulation/share/diablo_simulation/meshes/base_link.stl
/home/y/SA_CAO_Simu/SA_CAO/install/diablo_simulation/share/diablo_simulation/meshes/motor_left_link_1.stl
/home/y/SA_CAO_Simu/SA_CAO/install/diablo_simulation/share/diablo_simulation/meshes/motor_right_link_1.stl
/home/y/SA_CAO_Simu/SA_CAO/install/diablo_simulation/share/diablo_simulation/meshes/wheel_right_link_1.stl
/home/y/SA_CAO_Simu/SA_CAO/install/diablo_simulation/share/diablo_simulation/config/display.rviz
/home/y/SA_CAO_Simu/SA_CAO/install/diablo_simulation/share/diablo_simulation/config/ctrl.rviz
/home/y/SA_CAO_Simu/SA_CAO/install/diablo_simulation/lib/python3.8/site-packages/diablo_simulation-1.0.0-py3.8.egg-info/SOURCES.txt
/home/y/SA_CAO_Simu/SA_CAO/install/diablo_simulation/lib/python3.8/site-packages/diablo_simulation-1.0.0-py3.8.egg-info/requires.txt
/home/y/SA_CAO_Simu/SA_CAO/install/diablo_simulation/lib/python3.8/site-packages/diablo_simulation-1.0.0-py3.8.egg-info/entry_points.txt
/home/y/SA_CAO_Simu/SA_CAO/install/diablo_simulation/lib/python3.8/site-packages/diablo_simulation-1.0.0-py3.8.egg-info/dependency_links.txt
/home/y/SA_CAO_Simu/SA_CAO/install/diablo_simulation/lib/python3.8/site-packages/diablo_simulation-1.0.0-py3.8.egg-info/PKG-INFO
/home/y/SA_CAO_Simu/SA_CAO/install/diablo_simulation/lib/python3.8/site-packages/diablo_simulation-1.0.0-py3.8.egg-info/top_level.txt
/home/y/SA_CAO_Simu/SA_CAO/install/diablo_simulation/lib/python3.8/site-packages/diablo_simulation-1.0.0-py3.8.egg-info/zip-safe
