[0.005s] Invoking command in '/home/y/SA_CAO_Simu/SA_CAO/build/motion_msgs': CMAKE_PREFIX_PATH=/opt/ros/foxy /usr/bin/cmake /home/y/SA_CAO_Simu/SA_CAO/src/diablo_interfaces/motion_msgs -DCMAKE_INSTALL_PREFIX=/home/y/SA_CAO_Simu/SA_CAO/install/motion_msgs
[0.184s] -- The C compiler identification is GNU 9.4.0
[0.295s] -- The CXX compiler identification is GNU 9.4.0
[0.301s] -- Check for working C compiler: /usr/bin/cc
[0.333s] -- Check for working C compiler: /usr/bin/cc -- works
[0.336s] -- Detecting C compiler ABI info
[0.363s] -- Detecting C compiler ABI info - done
[0.364s] -- Detecting C compile features
[0.365s] -- Detecting C compile features - done
[0.366s] -- Check for working CXX compiler: /usr/bin/c++
[0.399s] -- Check for working CXX compiler: /usr/bin/c++ -- works
[0.402s] -- Detecting CXX compiler ABI info
[0.443s] -- Detecting CXX compiler ABI info - done
[0.444s] -- Detecting CXX compile features
[0.445s] -- Detecting CXX compile features - done
[0.457s] -- Found ament_cmake: 0.9.12 (/opt/ros/foxy/share/ament_cmake/cmake)
[0.469s] -- Found PythonInterp: /usr/bin/python3 (found suitable version "3.8.10", minimum required is "3") 
[0.469s] -- Using PYTHON_EXECUTABLE: /usr/bin/python3
[0.557s] -- Found rosidl_default_generators: 1.0.1 (/opt/ros/foxy/share/rosidl_default_generators/cmake)
[0.561s] -- Using all available rosidl_typesupport_c: rosidl_typesupport_fastrtps_c;rosidl_typesupport_introspection_c
[0.565s] -- Found rosidl_adapter: 1.3.1 (/opt/ros/foxy/share/rosidl_adapter/cmake)
[0.635s] -- Found OpenSSL: /usr/lib/aarch64-linux-gnu/libcrypto.so (found version "1.1.1f")  
[0.654s] -- Found FastRTPS: /opt/ros/foxy/include  
[0.694s] -- Using all available rosidl_typesupport_cpp: rosidl_typesupport_fastrtps_cpp;rosidl_typesupport_introspection_cpp
[0.708s] -- Found std_msgs: 2.0.5 (/opt/ros/foxy/share/std_msgs/cmake)
[0.736s] -- Found PythonInterp: /usr/bin/python3 (found version "3.8.10") 
[0.810s] -- Found ament_cmake_ros: 0.9.2 (/opt/ros/foxy/share/ament_cmake_ros/cmake)
[0.906s] -- Using all available rosidl_typesupport_c: rosidl_typesupport_fastrtps_c;rosidl_typesupport_introspection_c
[0.932s] -- Using all available rosidl_typesupport_cpp: rosidl_typesupport_fastrtps_cpp;rosidl_typesupport_introspection_cpp
[0.942s] -- Found PythonInterp: /usr/bin/python3 (found suitable version "3.8.10", minimum required is "3.5") 
[0.943s] -- Found python_cmake_module: 0.8.1 (/opt/ros/foxy/share/python_cmake_module/cmake)
[0.957s] -- Found PythonLibs: /usr/lib/aarch64-linux-gnu/libpython3.8.so (found suitable version "3.8.10", minimum required is "3.5") 
[0.957s] -- Using PYTHON_EXECUTABLE: /usr/bin/python3
[0.957s] -- Using PYTHON_INCLUDE_DIRS: /usr/include/python3.8
[0.957s] -- Using PYTHON_LIBRARIES: /usr/lib/aarch64-linux-gnu/libpython3.8.so
[0.965s] -- Found PythonExtra: .so  
[1.001s] -- Configuring done
[1.021s] -- Generating done
[1.028s] -- Build files have been written to: /home/y/SA_CAO_Simu/SA_CAO/build/motion_msgs
[1.032s] Invoked command in '/home/y/SA_CAO_Simu/SA_CAO/build/motion_msgs' returned '0': CMAKE_PREFIX_PATH=/opt/ros/foxy /usr/bin/cmake /home/y/SA_CAO_Simu/SA_CAO/src/diablo_interfaces/motion_msgs -DCMAKE_INSTALL_PREFIX=/home/y/SA_CAO_Simu/SA_CAO/install/motion_msgs
[1.033s] Invoking command in '/home/y/SA_CAO_Simu/SA_CAO/build/motion_msgs': CMAKE_PREFIX_PATH=/opt/ros/foxy /usr/bin/cmake --build /home/y/SA_CAO_Simu/SA_CAO/build/motion_msgs -- -j2 -l2
[1.050s] [  1%] [34m[1mGenerating C code for ROS interfaces[0m
[1.053s] [35m[1mScanning dependencies of target motion_msgs__cpp[0m
[1.069s] [  2%] [34m[1mGenerating C++ code for ROS interfaces[0m
[1.553s] [35m[1mScanning dependencies of target motion_msgs__rosidl_generator_c[0m
[1.609s] [  4%] [32mBuilding C object CMakeFiles/motion_msgs__rosidl_generator_c.dir/rosidl_generator_c/motion_msgs/msg/detail/ctrl_plot__functions.c.o[0m
[1.634s] [  4%] Built target motion_msgs__cpp
[1.672s] [  5%] [34m[1mGenerating C++ type support dispatch for ROS interfaces[0m
[1.730s] [  7%] [32mBuilding C object CMakeFiles/motion_msgs__rosidl_generator_c.dir/rosidl_generator_c/motion_msgs/msg/detail/leg_motors__functions.c.o[0m
[1.824s] [  8%] [32mBuilding C object CMakeFiles/motion_msgs__rosidl_generator_c.dir/rosidl_generator_c/motion_msgs/msg/detail/motion_ctrl__functions.c.o[0m
[1.871s] [  9%] [32mBuilding C object CMakeFiles/motion_msgs__rosidl_generator_c.dir/rosidl_generator_c/motion_msgs/msg/detail/robot_status__functions.c.o[0m
[1.912s] [ 11%] [32mBuilding C object CMakeFiles/motion_msgs__rosidl_generator_c.dir/rosidl_generator_c/motion_msgs/msg/detail/movement_ctrl_data__functions.c.o[0m
[1.960s] [ 12%] [32mBuilding C object CMakeFiles/motion_msgs__rosidl_generator_c.dir/rosidl_generator_c/motion_msgs/msg/detail/movement_ctrl_mode__functions.c.o[0m
[2.002s] [ 14%] [32m[1mLinking C shared library libmotion_msgs__rosidl_generator_c.so[0m
[2.022s] [35m[1mScanning dependencies of target motion_msgs__rosidl_typesupport_cpp[0m
[2.041s] [ 15%] [32mBuilding CXX object CMakeFiles/motion_msgs__rosidl_typesupport_cpp.dir/rosidl_typesupport_cpp/motion_msgs/msg/ctrl_plot__type_support.cpp.o[0m
[2.046s] [ 15%] Built target motion_msgs__rosidl_generator_c
[2.055s] [ 16%] [34m[1mGenerating C++ type support for eProsima Fast-RTPS[0m
[2.263s] [ 18%] [32mBuilding CXX object CMakeFiles/motion_msgs__rosidl_typesupport_cpp.dir/rosidl_typesupport_cpp/motion_msgs/msg/leg_motors__type_support.cpp.o[0m
[2.446s] [35m[1mScanning dependencies of target motion_msgs__rosidl_typesupport_fastrtps_cpp[0m
[2.478s] [ 19%] [32mBuilding CXX object CMakeFiles/motion_msgs__rosidl_typesupport_fastrtps_cpp.dir/rosidl_typesupport_fastrtps_cpp/motion_msgs/msg/detail/dds_fastrtps/ctrl_plot__type_support.cpp.o[0m
[2.495s] [ 21%] [32mBuilding CXX object CMakeFiles/motion_msgs__rosidl_typesupport_cpp.dir/rosidl_typesupport_cpp/motion_msgs/msg/motion_ctrl__type_support.cpp.o[0m
[2.666s] [ 22%] [32mBuilding CXX object CMakeFiles/motion_msgs__rosidl_typesupport_cpp.dir/rosidl_typesupport_cpp/motion_msgs/msg/robot_status__type_support.cpp.o[0m
[2.762s] [ 23%] [32mBuilding CXX object CMakeFiles/motion_msgs__rosidl_typesupport_fastrtps_cpp.dir/rosidl_typesupport_fastrtps_cpp/motion_msgs/msg/detail/dds_fastrtps/leg_motors__type_support.cpp.o[0m
[2.984s] [ 25%] [32mBuilding CXX object CMakeFiles/motion_msgs__rosidl_typesupport_cpp.dir/rosidl_typesupport_cpp/motion_msgs/msg/movement_ctrl_data__type_support.cpp.o[0m
[3.193s] [ 26%] [32mBuilding CXX object CMakeFiles/motion_msgs__rosidl_typesupport_fastrtps_cpp.dir/rosidl_typesupport_fastrtps_cpp/motion_msgs/msg/detail/dds_fastrtps/motion_ctrl__type_support.cpp.o[0m
[3.215s] [ 28%] [32mBuilding CXX object CMakeFiles/motion_msgs__rosidl_typesupport_cpp.dir/rosidl_typesupport_cpp/motion_msgs/msg/movement_ctrl_mode__type_support.cpp.o[0m
[3.390s] [ 29%] [32m[1mLinking CXX shared library libmotion_msgs__rosidl_typesupport_cpp.so[0m
[3.438s] [ 30%] [32mBuilding CXX object CMakeFiles/motion_msgs__rosidl_typesupport_fastrtps_cpp.dir/rosidl_typesupport_fastrtps_cpp/motion_msgs/msg/detail/dds_fastrtps/robot_status__type_support.cpp.o[0m
[3.464s] [ 30%] Built target motion_msgs__rosidl_typesupport_cpp
[3.497s] [ 32%] [34m[1mGenerating C introspection for ROS interfaces[0m
[3.658s] [ 33%] [32mBuilding CXX object CMakeFiles/motion_msgs__rosidl_typesupport_fastrtps_cpp.dir/rosidl_typesupport_fastrtps_cpp/motion_msgs/msg/detail/dds_fastrtps/movement_ctrl_data__type_support.cpp.o[0m
[3.990s] [ 35%] [32mBuilding CXX object CMakeFiles/motion_msgs__rosidl_typesupport_fastrtps_cpp.dir/rosidl_typesupport_fastrtps_cpp/motion_msgs/msg/detail/dds_fastrtps/movement_ctrl_mode__type_support.cpp.o[0m
[4.144s] [35m[1mScanning dependencies of target motion_msgs__rosidl_typesupport_introspection_c[0m
[4.175s] [ 36%] [32mBuilding C object CMakeFiles/motion_msgs__rosidl_typesupport_introspection_c.dir/rosidl_typesupport_introspection_c/motion_msgs/msg/detail/ctrl_plot__type_support.c.o[0m
[4.221s] [ 38%] [32mBuilding C object CMakeFiles/motion_msgs__rosidl_typesupport_introspection_c.dir/rosidl_typesupport_introspection_c/motion_msgs/msg/detail/leg_motors__type_support.c.o[0m
[4.224s] [ 39%] [32m[1mLinking CXX shared library libmotion_msgs__rosidl_typesupport_fastrtps_cpp.so[0m
[4.271s] [ 40%] [32mBuilding C object CMakeFiles/motion_msgs__rosidl_typesupport_introspection_c.dir/rosidl_typesupport_introspection_c/motion_msgs/msg/detail/motion_ctrl__type_support.c.o[0m
[4.291s] [ 40%] Built target motion_msgs__rosidl_typesupport_fastrtps_cpp
[4.314s] [ 42%] [34m[1mGenerating C type support dispatch for ROS interfaces[0m
[4.320s] [ 43%] [32mBuilding C object CMakeFiles/motion_msgs__rosidl_typesupport_introspection_c.dir/rosidl_typesupport_introspection_c/motion_msgs/msg/detail/robot_status__type_support.c.o[0m
[4.394s] [ 45%] [32mBuilding C object CMakeFiles/motion_msgs__rosidl_typesupport_introspection_c.dir/rosidl_typesupport_introspection_c/motion_msgs/msg/detail/movement_ctrl_data__type_support.c.o[0m
[4.470s] [ 46%] [32mBuilding C object CMakeFiles/motion_msgs__rosidl_typesupport_introspection_c.dir/rosidl_typesupport_introspection_c/motion_msgs/msg/detail/movement_ctrl_mode__type_support.c.o[0m
[4.527s] [ 47%] [32m[1mLinking C shared library libmotion_msgs__rosidl_typesupport_introspection_c.so[0m
[4.589s] [ 47%] Built target motion_msgs__rosidl_typesupport_introspection_c
[4.631s] [ 49%] [34m[1mGenerating C++ introspection for ROS interfaces[0m
[4.647s] [35m[1mScanning dependencies of target motion_msgs__rosidl_typesupport_c[0m
[4.685s] [ 50%] [32mBuilding CXX object CMakeFiles/motion_msgs__rosidl_typesupport_c.dir/rosidl_typesupport_c/motion_msgs/msg/ctrl_plot__type_support.cpp.o[0m
[4.725s] [ 52%] [32mBuilding CXX object CMakeFiles/motion_msgs__rosidl_typesupport_c.dir/rosidl_typesupport_c/motion_msgs/msg/leg_motors__type_support.cpp.o[0m
[4.749s] [ 53%] [32mBuilding CXX object CMakeFiles/motion_msgs__rosidl_typesupport_c.dir/rosidl_typesupport_c/motion_msgs/msg/motion_ctrl__type_support.cpp.o[0m
[4.811s] [ 54%] [32mBuilding CXX object CMakeFiles/motion_msgs__rosidl_typesupport_c.dir/rosidl_typesupport_c/motion_msgs/msg/robot_status__type_support.cpp.o[0m
[4.871s] [ 56%] [32mBuilding CXX object CMakeFiles/motion_msgs__rosidl_typesupport_c.dir/rosidl_typesupport_c/motion_msgs/msg/movement_ctrl_data__type_support.cpp.o[0m
[4.923s] [ 57%] [32mBuilding CXX object CMakeFiles/motion_msgs__rosidl_typesupport_c.dir/rosidl_typesupport_c/motion_msgs/msg/movement_ctrl_mode__type_support.cpp.o[0m
[4.948s] [ 59%] [32m[1mLinking CXX shared library libmotion_msgs__rosidl_typesupport_c.so[0m
[4.986s] [ 59%] Built target motion_msgs__rosidl_typesupport_c
[5.015s] [ 60%] [34m[1mGenerating C type support for eProsima Fast-RTPS[0m
[5.029s] [35m[1mScanning dependencies of target motion_msgs__rosidl_typesupport_introspection_cpp[0m
[5.055s] [ 61%] [32mBuilding CXX object CMakeFiles/motion_msgs__rosidl_typesupport_introspection_cpp.dir/rosidl_typesupport_introspection_cpp/motion_msgs/msg/detail/ctrl_plot__type_support.cpp.o[0m
[5.315s] [ 63%] [32mBuilding CXX object CMakeFiles/motion_msgs__rosidl_typesupport_introspection_cpp.dir/rosidl_typesupport_introspection_cpp/motion_msgs/msg/detail/leg_motors__type_support.cpp.o[0m
[5.461s] [35m[1mScanning dependencies of target motion_msgs__rosidl_typesupport_fastrtps_c[0m
[5.473s] [ 64%] [32mBuilding CXX object CMakeFiles/motion_msgs__rosidl_typesupport_introspection_cpp.dir/rosidl_typesupport_introspection_cpp/motion_msgs/msg/detail/motion_ctrl__type_support.cpp.o[0m
[5.477s] [ 66%] [32mBuilding CXX object CMakeFiles/motion_msgs__rosidl_typesupport_fastrtps_c.dir/rosidl_typesupport_fastrtps_c/motion_msgs/msg/detail/ctrl_plot__type_support_c.cpp.o[0m
[5.757s] [ 67%] [32mBuilding CXX object CMakeFiles/motion_msgs__rosidl_typesupport_fastrtps_c.dir/rosidl_typesupport_fastrtps_c/motion_msgs/msg/detail/leg_motors__type_support_c.cpp.o[0m
[5.770s] [ 69%] [32mBuilding CXX object CMakeFiles/motion_msgs__rosidl_typesupport_introspection_cpp.dir/rosidl_typesupport_introspection_cpp/motion_msgs/msg/detail/robot_status__type_support.cpp.o[0m
[5.948s] [ 70%] [32mBuilding CXX object CMakeFiles/motion_msgs__rosidl_typesupport_fastrtps_c.dir/rosidl_typesupport_fastrtps_c/motion_msgs/msg/detail/motion_ctrl__type_support_c.cpp.o[0m
[5.988s] [ 71%] [32mBuilding CXX object CMakeFiles/motion_msgs__rosidl_typesupport_introspection_cpp.dir/rosidl_typesupport_introspection_cpp/motion_msgs/msg/detail/movement_ctrl_data__type_support.cpp.o[0m
[6.137s] [ 73%] [32mBuilding CXX object CMakeFiles/motion_msgs__rosidl_typesupport_fastrtps_c.dir/rosidl_typesupport_fastrtps_c/motion_msgs/msg/detail/robot_status__type_support_c.cpp.o[0m
[6.139s] [ 74%] [32mBuilding CXX object CMakeFiles/motion_msgs__rosidl_typesupport_introspection_cpp.dir/rosidl_typesupport_introspection_cpp/motion_msgs/msg/detail/movement_ctrl_mode__type_support.cpp.o[0m
[6.327s] [ 76%] [32m[1mLinking CXX shared library libmotion_msgs__rosidl_typesupport_introspection_cpp.so[0m
[6.423s] [ 77%] [32mBuilding CXX object CMakeFiles/motion_msgs__rosidl_typesupport_fastrtps_c.dir/rosidl_typesupport_fastrtps_c/motion_msgs/msg/detail/movement_ctrl_data__type_support_c.cpp.o[0m
[6.437s] [ 77%] Built target motion_msgs__rosidl_typesupport_introspection_cpp
[6.463s] [ 78%] [32mBuilding CXX object CMakeFiles/motion_msgs__rosidl_typesupport_fastrtps_c.dir/rosidl_typesupport_fastrtps_c/motion_msgs/msg/detail/movement_ctrl_mode__type_support_c.cpp.o[0m
[6.731s] [ 80%] [32m[1mLinking CXX shared library libmotion_msgs__rosidl_typesupport_fastrtps_c.so[0m
[6.787s] [ 80%] Built target motion_msgs__rosidl_typesupport_fastrtps_c
[6.792s] [35m[1mScanning dependencies of target motion_msgs[0m
[6.797s] [ 80%] Built target motion_msgs
[6.803s] [35m[1mScanning dependencies of target motion_msgs__py[0m
[6.807s] [ 81%] [34m[1mGenerating Python code for ROS interfaces[0m
[7.429s] [ 81%] Built target motion_msgs__py
[7.433s] [35m[1mScanning dependencies of target motion_msgs__python[0m
[7.485s] [ 83%] [32mBuilding C object CMakeFiles/motion_msgs__python.dir/rosidl_generator_py/motion_msgs/msg/_ctrl_plot_s.c.o[0m
[7.491s] [ 84%] [32mBuilding C object CMakeFiles/motion_msgs__python.dir/rosidl_generator_py/motion_msgs/msg/_leg_motors_s.c.o[0m
[7.599s] [ 85%] [32mBuilding C object CMakeFiles/motion_msgs__python.dir/rosidl_generator_py/motion_msgs/msg/_motion_ctrl_s.c.o[0m
[7.602s] [ 87%] [32mBuilding C object CMakeFiles/motion_msgs__python.dir/rosidl_generator_py/motion_msgs/msg/_robot_status_s.c.o[0m
[7.665s] [ 88%] [32mBuilding C object CMakeFiles/motion_msgs__python.dir/rosidl_generator_py/motion_msgs/msg/_movement_ctrl_data_s.c.o[0m
[7.691s] [ 90%] [32mBuilding C object CMakeFiles/motion_msgs__python.dir/rosidl_generator_py/motion_msgs/msg/_movement_ctrl_mode_s.c.o[0m
[7.745s] [ 91%] [32m[1mLinking C shared library rosidl_generator_py/motion_msgs/libmotion_msgs__python.so[0m
[7.761s] [ 91%] Built target motion_msgs__python
[7.765s] [35m[1mScanning dependencies of target motion_msgs__rosidl_typesupport_c__pyext[0m
[7.768s] [35m[1mScanning dependencies of target motion_msgs__rosidl_typesupport_introspection_c__pyext[0m
[7.775s] [ 92%] [32mBuilding C object CMakeFiles/motion_msgs__rosidl_typesupport_c__pyext.dir/rosidl_generator_py/motion_msgs/_motion_msgs_s.ep.rosidl_typesupport_c.c.o[0m
[7.783s] [ 94%] [32mBuilding C object CMakeFiles/motion_msgs__rosidl_typesupport_introspection_c__pyext.dir/rosidl_generator_py/motion_msgs/_motion_msgs_s.ep.rosidl_typesupport_introspection_c.c.o[0m
[7.820s] [ 95%] [32m[1mLinking C shared library rosidl_generator_py/motion_msgs/motion_msgs_s__rosidl_typesupport_c.cpython-38-aarch64-linux-gnu.so[0m
[7.850s] [ 95%] Built target motion_msgs__rosidl_typesupport_c__pyext
[7.854s] [ 97%] [32m[1mLinking C shared library rosidl_generator_py/motion_msgs/motion_msgs_s__rosidl_typesupport_introspection_c.cpython-38-aarch64-linux-gnu.so[0m
[7.862s] [35m[1mScanning dependencies of target motion_msgs__rosidl_typesupport_fastrtps_c__pyext[0m
[7.880s] [ 98%] [32mBuilding C object CMakeFiles/motion_msgs__rosidl_typesupport_fastrtps_c__pyext.dir/rosidl_generator_py/motion_msgs/_motion_msgs_s.ep.rosidl_typesupport_fastrtps_c.c.o[0m
[7.895s] [ 98%] Built target motion_msgs__rosidl_typesupport_introspection_c__pyext
[7.918s] [100%] [32m[1mLinking CXX shared library rosidl_generator_py/motion_msgs/motion_msgs_s__rosidl_typesupport_fastrtps_c.cpython-38-aarch64-linux-gnu.so[0m
[7.967s] [100%] Built target motion_msgs__rosidl_typesupport_fastrtps_c__pyext
[7.980s] Invoked command in '/home/y/SA_CAO_Simu/SA_CAO/build/motion_msgs' returned '0': CMAKE_PREFIX_PATH=/opt/ros/foxy /usr/bin/cmake --build /home/y/SA_CAO_Simu/SA_CAO/build/motion_msgs -- -j2 -l2
[7.996s] Invoking command in '/home/y/SA_CAO_Simu/SA_CAO/build/motion_msgs': CMAKE_PREFIX_PATH=/opt/ros/foxy /usr/bin/cmake --install /home/y/SA_CAO_Simu/SA_CAO/build/motion_msgs
[8.011s] -- Install configuration: ""
[8.011s] -- Installing: /home/y/SA_CAO_Simu/SA_CAO/install/motion_msgs/share/ament_index/resource_index/rosidl_interfaces/motion_msgs
[8.011s] -- Installing: /home/y/SA_CAO_Simu/SA_CAO/install/motion_msgs/include/motion_msgs
[8.011s] -- Installing: /home/y/SA_CAO_Simu/SA_CAO/install/motion_msgs/include/motion_msgs/msg
[8.011s] -- Installing: /home/y/SA_CAO_Simu/SA_CAO/install/motion_msgs/include/motion_msgs/msg/robot_status.h
[8.011s] -- Installing: /home/y/SA_CAO_Simu/SA_CAO/install/motion_msgs/include/motion_msgs/msg/movement_ctrl_data.h
[8.011s] -- Installing: /home/y/SA_CAO_Simu/SA_CAO/install/motion_msgs/include/motion_msgs/msg/motion_ctrl.h
[8.011s] -- Installing: /home/y/SA_CAO_Simu/SA_CAO/install/motion_msgs/include/motion_msgs/msg/detail
[8.011s] -- Installing: /home/y/SA_CAO_Simu/SA_CAO/install/motion_msgs/include/motion_msgs/msg/detail/ctrl_plot__functions.h
[8.011s] -- Installing: /home/y/SA_CAO_Simu/SA_CAO/install/motion_msgs/include/motion_msgs/msg/detail/movement_ctrl_data__functions.h
[8.011s] -- Installing: /home/y/SA_CAO_Simu/SA_CAO/install/motion_msgs/include/motion_msgs/msg/detail/ctrl_plot__struct.h
[8.011s] -- Installing: /home/y/SA_CAO_Simu/SA_CAO/install/motion_msgs/include/motion_msgs/msg/detail/movement_ctrl_mode__functions.h
[8.011s] -- Installing: /home/y/SA_CAO_Simu/SA_CAO/install/motion_msgs/include/motion_msgs/msg/detail/leg_motors__functions.h
[8.011s] -- Installing: /home/y/SA_CAO_Simu/SA_CAO/install/motion_msgs/include/motion_msgs/msg/detail/robot_status__functions.c
[8.011s] -- Installing: /home/y/SA_CAO_Simu/SA_CAO/install/motion_msgs/include/motion_msgs/msg/detail/robot_status__functions.h
[8.011s] -- Installing: /home/y/SA_CAO_Simu/SA_CAO/install/motion_msgs/include/motion_msgs/msg/detail/movement_ctrl_mode__functions.c
[8.011s] -- Installing: /home/y/SA_CAO_Simu/SA_CAO/install/motion_msgs/include/motion_msgs/msg/detail/movement_ctrl_data__struct.h
[8.011s] -- Installing: /home/y/SA_CAO_Simu/SA_CAO/install/motion_msgs/include/motion_msgs/msg/detail/motion_ctrl__functions.h
[8.011s] -- Installing: /home/y/SA_CAO_Simu/SA_CAO/install/motion_msgs/include/motion_msgs/msg/detail/ctrl_plot__functions.c
[8.011s] -- Installing: /home/y/SA_CAO_Simu/SA_CAO/install/motion_msgs/include/motion_msgs/msg/detail/robot_status__struct.h
[8.011s] -- Installing: /home/y/SA_CAO_Simu/SA_CAO/install/motion_msgs/include/motion_msgs/msg/detail/robot_status__type_support.h
[8.011s] -- Installing: /home/y/SA_CAO_Simu/SA_CAO/install/motion_msgs/include/motion_msgs/msg/detail/movement_ctrl_data__type_support.h
[8.011s] -- Installing: /home/y/SA_CAO_Simu/SA_CAO/install/motion_msgs/include/motion_msgs/msg/detail/movement_ctrl_data__functions.c
[8.011s] -- Installing: /home/y/SA_CAO_Simu/SA_CAO/install/motion_msgs/include/motion_msgs/msg/detail/motion_ctrl__functions.c
[8.011s] -- Installing: /home/y/SA_CAO_Simu/SA_CAO/install/motion_msgs/include/motion_msgs/msg/detail/leg_motors__type_support.h
[8.011s] -- Installing: /home/y/SA_CAO_Simu/SA_CAO/install/motion_msgs/include/motion_msgs/msg/detail/leg_motors__functions.c
[8.011s] -- Installing: /home/y/SA_CAO_Simu/SA_CAO/install/motion_msgs/include/motion_msgs/msg/detail/leg_motors__struct.h
[8.011s] -- Installing: /home/y/SA_CAO_Simu/SA_CAO/install/motion_msgs/include/motion_msgs/msg/detail/motion_ctrl__type_support.h
[8.011s] -- Installing: /home/y/SA_CAO_Simu/SA_CAO/install/motion_msgs/include/motion_msgs/msg/detail/movement_ctrl_mode__type_support.h
[8.011s] -- Installing: /home/y/SA_CAO_Simu/SA_CAO/install/motion_msgs/include/motion_msgs/msg/detail/motion_ctrl__struct.h
[8.012s] -- Installing: /home/y/SA_CAO_Simu/SA_CAO/install/motion_msgs/include/motion_msgs/msg/detail/movement_ctrl_mode__struct.h
[8.012s] -- Installing: /home/y/SA_CAO_Simu/SA_CAO/install/motion_msgs/include/motion_msgs/msg/detail/ctrl_plot__type_support.h
[8.012s] -- Installing: /home/y/SA_CAO_Simu/SA_CAO/install/motion_msgs/include/motion_msgs/msg/rosidl_generator_c__visibility_control.h
[8.012s] -- Installing: /home/y/SA_CAO_Simu/SA_CAO/install/motion_msgs/include/motion_msgs/msg/movement_ctrl_mode.h
[8.012s] -- Installing: /home/y/SA_CAO_Simu/SA_CAO/install/motion_msgs/include/motion_msgs/msg/leg_motors.h
[8.012s] -- Installing: /home/y/SA_CAO_Simu/SA_CAO/install/motion_msgs/include/motion_msgs/msg/ctrl_plot.h
[8.012s] -- Installing: /home/y/SA_CAO_Simu/SA_CAO/install/motion_msgs/share/motion_msgs/environment/library_path.sh
[8.012s] -- Installing: /home/y/SA_CAO_Simu/SA_CAO/install/motion_msgs/share/motion_msgs/environment/library_path.dsv
[8.012s] -- Installing: /home/y/SA_CAO_Simu/SA_CAO/install/motion_msgs/lib/libmotion_msgs__rosidl_generator_c.so
[8.012s] -- Set runtime path of "/home/y/SA_CAO_Simu/SA_CAO/install/motion_msgs/lib/libmotion_msgs__rosidl_generator_c.so" to ""
[8.012s] -- Up-to-date: /home/y/SA_CAO_Simu/SA_CAO/install/motion_msgs/include/motion_msgs
[8.012s] -- Up-to-date: /home/y/SA_CAO_Simu/SA_CAO/install/motion_msgs/include/motion_msgs/msg
[8.012s] -- Installing: /home/y/SA_CAO_Simu/SA_CAO/install/motion_msgs/include/motion_msgs/msg/rosidl_typesupport_fastrtps_c__visibility_control.h
[8.012s] -- Up-to-date: /home/y/SA_CAO_Simu/SA_CAO/install/motion_msgs/include/motion_msgs/msg/detail
[8.012s] -- Installing: /home/y/SA_CAO_Simu/SA_CAO/install/motion_msgs/include/motion_msgs/msg/detail/motion_ctrl__rosidl_typesupport_fastrtps_c.h
[8.012s] -- Installing: /home/y/SA_CAO_Simu/SA_CAO/install/motion_msgs/include/motion_msgs/msg/detail/movement_ctrl_mode__rosidl_typesupport_fastrtps_c.h
[8.012s] -- Installing: /home/y/SA_CAO_Simu/SA_CAO/install/motion_msgs/include/motion_msgs/msg/detail/robot_status__rosidl_typesupport_fastrtps_c.h
[8.012s] -- Installing: /home/y/SA_CAO_Simu/SA_CAO/install/motion_msgs/include/motion_msgs/msg/detail/ctrl_plot__rosidl_typesupport_fastrtps_c.h
[8.012s] -- Installing: /home/y/SA_CAO_Simu/SA_CAO/install/motion_msgs/include/motion_msgs/msg/detail/movement_ctrl_data__rosidl_typesupport_fastrtps_c.h
[8.012s] -- Installing: /home/y/SA_CAO_Simu/SA_CAO/install/motion_msgs/include/motion_msgs/msg/detail/leg_motors__rosidl_typesupport_fastrtps_c.h
[8.012s] -- Installing: /home/y/SA_CAO_Simu/SA_CAO/install/motion_msgs/lib/libmotion_msgs__rosidl_typesupport_fastrtps_c.so
[8.012s] -- Set runtime path of "/home/y/SA_CAO_Simu/SA_CAO/install/motion_msgs/lib/libmotion_msgs__rosidl_typesupport_fastrtps_c.so" to ""
[8.012s] -- Up-to-date: /home/y/SA_CAO_Simu/SA_CAO/install/motion_msgs/include/motion_msgs
[8.012s] -- Up-to-date: /home/y/SA_CAO_Simu/SA_CAO/install/motion_msgs/include/motion_msgs/msg
[8.012s] -- Up-to-date: /home/y/SA_CAO_Simu/SA_CAO/install/motion_msgs/include/motion_msgs/msg/detail
[8.012s] -- Installing: /home/y/SA_CAO_Simu/SA_CAO/install/motion_msgs/include/motion_msgs/msg/detail/motion_ctrl__rosidl_typesupport_fastrtps_cpp.hpp
[8.012s] -- Installing: /home/y/SA_CAO_Simu/SA_CAO/install/motion_msgs/include/motion_msgs/msg/detail/robot_status__rosidl_typesupport_fastrtps_cpp.hpp
[8.012s] -- Installing: /home/y/SA_CAO_Simu/SA_CAO/install/motion_msgs/include/motion_msgs/msg/detail/movement_ctrl_mode__rosidl_typesupport_fastrtps_cpp.hpp
[8.012s] -- Installing: /home/y/SA_CAO_Simu/SA_CAO/install/motion_msgs/include/motion_msgs/msg/detail/movement_ctrl_data__rosidl_typesupport_fastrtps_cpp.hpp
[8.012s] -- Installing: /home/y/SA_CAO_Simu/SA_CAO/install/motion_msgs/include/motion_msgs/msg/detail/dds_fastrtps
[8.012s] -- Installing: /home/y/SA_CAO_Simu/SA_CAO/install/motion_msgs/include/motion_msgs/msg/detail/ctrl_plot__rosidl_typesupport_fastrtps_cpp.hpp
[8.012s] -- Installing: /home/y/SA_CAO_Simu/SA_CAO/install/motion_msgs/include/motion_msgs/msg/detail/leg_motors__rosidl_typesupport_fastrtps_cpp.hpp
[8.012s] -- Installing: /home/y/SA_CAO_Simu/SA_CAO/install/motion_msgs/include/motion_msgs/msg/rosidl_typesupport_fastrtps_cpp__visibility_control.h
[8.012s] -- Installing: /home/y/SA_CAO_Simu/SA_CAO/install/motion_msgs/lib/libmotion_msgs__rosidl_typesupport_fastrtps_cpp.so
[8.012s] -- Set runtime path of "/home/y/SA_CAO_Simu/SA_CAO/install/motion_msgs/lib/libmotion_msgs__rosidl_typesupport_fastrtps_cpp.so" to ""
[8.012s] -- Up-to-date: /home/y/SA_CAO_Simu/SA_CAO/install/motion_msgs/include/motion_msgs
[8.012s] -- Up-to-date: /home/y/SA_CAO_Simu/SA_CAO/install/motion_msgs/include/motion_msgs/msg
[8.012s] -- Up-to-date: /home/y/SA_CAO_Simu/SA_CAO/install/motion_msgs/include/motion_msgs/msg/detail
[8.012s] -- Installing: /home/y/SA_CAO_Simu/SA_CAO/install/motion_msgs/include/motion_msgs/msg/detail/movement_ctrl_data__type_support.c
[8.012s] -- Installing: /home/y/SA_CAO_Simu/SA_CAO/install/motion_msgs/include/motion_msgs/msg/detail/movement_ctrl_mode__rosidl_typesupport_introspection_c.h
[8.012s] -- Installing: /home/y/SA_CAO_Simu/SA_CAO/install/motion_msgs/include/motion_msgs/msg/detail/motion_ctrl__type_support.c
[8.012s] -- Installing: /home/y/SA_CAO_Simu/SA_CAO/install/motion_msgs/include/motion_msgs/msg/detail/leg_motors__type_support.c
[8.012s] -- Installing: /home/y/SA_CAO_Simu/SA_CAO/install/motion_msgs/include/motion_msgs/msg/detail/movement_ctrl_data__rosidl_typesupport_introspection_c.h
[8.012s] -- Installing: /home/y/SA_CAO_Simu/SA_CAO/install/motion_msgs/include/motion_msgs/msg/detail/leg_motors__rosidl_typesupport_introspection_c.h
[8.012s] -- Installing: /home/y/SA_CAO_Simu/SA_CAO/install/motion_msgs/include/motion_msgs/msg/detail/movement_ctrl_mode__type_support.c
[8.012s] -- Installing: /home/y/SA_CAO_Simu/SA_CAO/install/motion_msgs/include/motion_msgs/msg/detail/ctrl_plot__type_support.c
[8.012s] -- Installing: /home/y/SA_CAO_Simu/SA_CAO/install/motion_msgs/include/motion_msgs/msg/detail/robot_status__type_support.c
[8.012s] -- Installing: /home/y/SA_CAO_Simu/SA_CAO/install/motion_msgs/include/motion_msgs/msg/detail/robot_status__rosidl_typesupport_introspection_c.h
[8.012s] -- Installing: /home/y/SA_CAO_Simu/SA_CAO/install/motion_msgs/include/motion_msgs/msg/detail/ctrl_plot__rosidl_typesupport_introspection_c.h
[8.012s] -- Installing: /home/y/SA_CAO_Simu/SA_CAO/install/motion_msgs/include/motion_msgs/msg/detail/motion_ctrl__rosidl_typesupport_introspection_c.h
[8.012s] -- Installing: /home/y/SA_CAO_Simu/SA_CAO/install/motion_msgs/include/motion_msgs/msg/rosidl_typesupport_introspection_c__visibility_control.h
[8.013s] -- Installing: /home/y/SA_CAO_Simu/SA_CAO/install/motion_msgs/lib/libmotion_msgs__rosidl_typesupport_introspection_c.so
[8.013s] -- Set runtime path of "/home/y/SA_CAO_Simu/SA_CAO/install/motion_msgs/lib/libmotion_msgs__rosidl_typesupport_introspection_c.so" to ""
[8.013s] -- Installing: /home/y/SA_CAO_Simu/SA_CAO/install/motion_msgs/lib/libmotion_msgs__rosidl_typesupport_c.so
[8.013s] -- Set runtime path of "/home/y/SA_CAO_Simu/SA_CAO/install/motion_msgs/lib/libmotion_msgs__rosidl_typesupport_c.so" to ""
[8.013s] -- Up-to-date: /home/y/SA_CAO_Simu/SA_CAO/install/motion_msgs/include/motion_msgs
[8.013s] -- Up-to-date: /home/y/SA_CAO_Simu/SA_CAO/install/motion_msgs/include/motion_msgs/msg
[8.013s] -- Installing: /home/y/SA_CAO_Simu/SA_CAO/install/motion_msgs/include/motion_msgs/msg/leg_motors.hpp
[8.013s] -- Up-to-date: /home/y/SA_CAO_Simu/SA_CAO/install/motion_msgs/include/motion_msgs/msg/detail
[8.013s] -- Installing: /home/y/SA_CAO_Simu/SA_CAO/install/motion_msgs/include/motion_msgs/msg/detail/ctrl_plot__traits.hpp
[8.013s] -- Installing: /home/y/SA_CAO_Simu/SA_CAO/install/motion_msgs/include/motion_msgs/msg/detail/robot_status__type_support.hpp
[8.013s] -- Installing: /home/y/SA_CAO_Simu/SA_CAO/install/motion_msgs/include/motion_msgs/msg/detail/movement_ctrl_mode__builder.hpp
[8.013s] -- Installing: /home/y/SA_CAO_Simu/SA_CAO/install/motion_msgs/include/motion_msgs/msg/detail/ctrl_plot__builder.hpp
[8.013s] -- Installing: /home/y/SA_CAO_Simu/SA_CAO/install/motion_msgs/include/motion_msgs/msg/detail/robot_status__builder.hpp
[8.013s] -- Installing: /home/y/SA_CAO_Simu/SA_CAO/install/motion_msgs/include/motion_msgs/msg/detail/leg_motors__builder.hpp
[8.013s] -- Installing: /home/y/SA_CAO_Simu/SA_CAO/install/motion_msgs/include/motion_msgs/msg/detail/movement_ctrl_data__builder.hpp
[8.013s] -- Installing: /home/y/SA_CAO_Simu/SA_CAO/install/motion_msgs/include/motion_msgs/msg/detail/leg_motors__type_support.hpp
[8.013s] -- Installing: /home/y/SA_CAO_Simu/SA_CAO/install/motion_msgs/include/motion_msgs/msg/detail/leg_motors__struct.hpp
[8.013s] -- Installing: /home/y/SA_CAO_Simu/SA_CAO/install/motion_msgs/include/motion_msgs/msg/detail/motion_ctrl__builder.hpp
[8.013s] -- Installing: /home/y/SA_CAO_Simu/SA_CAO/install/motion_msgs/include/motion_msgs/msg/detail/motion_ctrl__type_support.hpp
[8.013s] -- Installing: /home/y/SA_CAO_Simu/SA_CAO/install/motion_msgs/include/motion_msgs/msg/detail/motion_ctrl__traits.hpp
[8.013s] -- Installing: /home/y/SA_CAO_Simu/SA_CAO/install/motion_msgs/include/motion_msgs/msg/detail/leg_motors__traits.hpp
[8.013s] -- Installing: /home/y/SA_CAO_Simu/SA_CAO/install/motion_msgs/include/motion_msgs/msg/detail/movement_ctrl_data__traits.hpp
[8.013s] -- Installing: /home/y/SA_CAO_Simu/SA_CAO/install/motion_msgs/include/motion_msgs/msg/detail/motion_ctrl__struct.hpp
[8.013s] -- Installing: /home/y/SA_CAO_Simu/SA_CAO/install/motion_msgs/include/motion_msgs/msg/detail/robot_status__struct.hpp
[8.013s] -- Installing: /home/y/SA_CAO_Simu/SA_CAO/install/motion_msgs/include/motion_msgs/msg/detail/movement_ctrl_data__type_support.hpp
[8.013s] -- Installing: /home/y/SA_CAO_Simu/SA_CAO/install/motion_msgs/include/motion_msgs/msg/detail/robot_status__traits.hpp
[8.013s] -- Installing: /home/y/SA_CAO_Simu/SA_CAO/install/motion_msgs/include/motion_msgs/msg/detail/movement_ctrl_mode__struct.hpp
[8.013s] -- Installing: /home/y/SA_CAO_Simu/SA_CAO/install/motion_msgs/include/motion_msgs/msg/detail/movement_ctrl_data__struct.hpp
[8.013s] -- Installing: /home/y/SA_CAO_Simu/SA_CAO/install/motion_msgs/include/motion_msgs/msg/detail/ctrl_plot__type_support.hpp
[8.013s] -- Installing: /home/y/SA_CAO_Simu/SA_CAO/install/motion_msgs/include/motion_msgs/msg/detail/movement_ctrl_mode__type_support.hpp
[8.013s] -- Installing: /home/y/SA_CAO_Simu/SA_CAO/install/motion_msgs/include/motion_msgs/msg/detail/movement_ctrl_mode__traits.hpp
[8.013s] -- Installing: /home/y/SA_CAO_Simu/SA_CAO/install/motion_msgs/include/motion_msgs/msg/detail/ctrl_plot__struct.hpp
[8.013s] -- Installing: /home/y/SA_CAO_Simu/SA_CAO/install/motion_msgs/include/motion_msgs/msg/ctrl_plot.hpp
[8.014s] -- Installing: /home/y/SA_CAO_Simu/SA_CAO/install/motion_msgs/include/motion_msgs/msg/movement_ctrl_mode.hpp
[8.014s] -- Installing: /home/y/SA_CAO_Simu/SA_CAO/install/motion_msgs/include/motion_msgs/msg/rosidl_generator_cpp__visibility_control.hpp
[8.014s] -- Installing: /home/y/SA_CAO_Simu/SA_CAO/install/motion_msgs/include/motion_msgs/msg/motion_ctrl.hpp
[8.014s] -- Installing: /home/y/SA_CAO_Simu/SA_CAO/install/motion_msgs/include/motion_msgs/msg/movement_ctrl_data.hpp
[8.014s] -- Installing: /home/y/SA_CAO_Simu/SA_CAO/install/motion_msgs/include/motion_msgs/msg/robot_status.hpp
[8.014s] -- Up-to-date: /home/y/SA_CAO_Simu/SA_CAO/install/motion_msgs/include/motion_msgs
[8.014s] -- Up-to-date: /home/y/SA_CAO_Simu/SA_CAO/install/motion_msgs/include/motion_msgs/msg
[8.014s] -- Up-to-date: /home/y/SA_CAO_Simu/SA_CAO/install/motion_msgs/include/motion_msgs/msg/detail
[8.014s] -- Installing: /home/y/SA_CAO_Simu/SA_CAO/install/motion_msgs/include/motion_msgs/msg/detail/movement_ctrl_mode__type_support.cpp
[8.014s] -- Installing: /home/y/SA_CAO_Simu/SA_CAO/install/motion_msgs/include/motion_msgs/msg/detail/leg_motors__type_support.cpp
[8.014s] -- Installing: /home/y/SA_CAO_Simu/SA_CAO/install/motion_msgs/include/motion_msgs/msg/detail/robot_status__type_support.cpp
[8.014s] -- Installing: /home/y/SA_CAO_Simu/SA_CAO/install/motion_msgs/include/motion_msgs/msg/detail/ctrl_plot__rosidl_typesupport_introspection_cpp.hpp
[8.014s] -- Installing: /home/y/SA_CAO_Simu/SA_CAO/install/motion_msgs/include/motion_msgs/msg/detail/movement_ctrl_mode__rosidl_typesupport_introspection_cpp.hpp
[8.014s] -- Installing: /home/y/SA_CAO_Simu/SA_CAO/install/motion_msgs/include/motion_msgs/msg/detail/movement_ctrl_data__rosidl_typesupport_introspection_cpp.hpp
[8.014s] -- Installing: /home/y/SA_CAO_Simu/SA_CAO/install/motion_msgs/include/motion_msgs/msg/detail/ctrl_plot__type_support.cpp
[8.014s] -- Installing: /home/y/SA_CAO_Simu/SA_CAO/install/motion_msgs/include/motion_msgs/msg/detail/leg_motors__rosidl_typesupport_introspection_cpp.hpp
[8.014s] -- Installing: /home/y/SA_CAO_Simu/SA_CAO/install/motion_msgs/include/motion_msgs/msg/detail/motion_ctrl__rosidl_typesupport_introspection_cpp.hpp
[8.015s] -- Installing: /home/y/SA_CAO_Simu/SA_CAO/install/motion_msgs/include/motion_msgs/msg/detail/robot_status__rosidl_typesupport_introspection_cpp.hpp
[8.015s] -- Installing: /home/y/SA_CAO_Simu/SA_CAO/install/motion_msgs/include/motion_msgs/msg/detail/movement_ctrl_data__type_support.cpp
[8.015s] -- Installing: /home/y/SA_CAO_Simu/SA_CAO/install/motion_msgs/include/motion_msgs/msg/detail/motion_ctrl__type_support.cpp
[8.015s] -- Installing: /home/y/SA_CAO_Simu/SA_CAO/install/motion_msgs/lib/libmotion_msgs__rosidl_typesupport_introspection_cpp.so
[8.015s] -- Set runtime path of "/home/y/SA_CAO_Simu/SA_CAO/install/motion_msgs/lib/libmotion_msgs__rosidl_typesupport_introspection_cpp.so" to ""
[8.015s] -- Installing: /home/y/SA_CAO_Simu/SA_CAO/install/motion_msgs/lib/libmotion_msgs__rosidl_typesupport_cpp.so
[8.015s] -- Set runtime path of "/home/y/SA_CAO_Simu/SA_CAO/install/motion_msgs/lib/libmotion_msgs__rosidl_typesupport_cpp.so" to ""
[8.015s] -- Installing: /home/y/SA_CAO_Simu/SA_CAO/install/motion_msgs/share/motion_msgs/environment/pythonpath.sh
[8.015s] -- Installing: /home/y/SA_CAO_Simu/SA_CAO/install/motion_msgs/share/motion_msgs/environment/pythonpath.dsv
[8.015s] -- Installing: /home/y/SA_CAO_Simu/SA_CAO/install/motion_msgs/lib/python3.8/site-packages/motion_msgs/__init__.py
[8.027s] Compiling '/home/y/SA_CAO_Simu/SA_CAO/install/motion_msgs/lib/python3.8/site-packages/motion_msgs/__init__.py'...
[8.029s] -- Installing: /home/y/SA_CAO_Simu/SA_CAO/install/motion_msgs/lib/python3.8/site-packages/motion_msgs/msg
[8.029s] -- Installing: /home/y/SA_CAO_Simu/SA_CAO/install/motion_msgs/lib/python3.8/site-packages/motion_msgs/msg/_leg_motors_s.c
[8.029s] -- Installing: /home/y/SA_CAO_Simu/SA_CAO/install/motion_msgs/lib/python3.8/site-packages/motion_msgs/msg/_movement_ctrl_mode.py
[8.029s] -- Installing: /home/y/SA_CAO_Simu/SA_CAO/install/motion_msgs/lib/python3.8/site-packages/motion_msgs/msg/_leg_motors.py
[8.029s] -- Installing: /home/y/SA_CAO_Simu/SA_CAO/install/motion_msgs/lib/python3.8/site-packages/motion_msgs/msg/__init__.py
[8.029s] -- Installing: /home/y/SA_CAO_Simu/SA_CAO/install/motion_msgs/lib/python3.8/site-packages/motion_msgs/msg/_ctrl_plot_s.c
[8.029s] -- Installing: /home/y/SA_CAO_Simu/SA_CAO/install/motion_msgs/lib/python3.8/site-packages/motion_msgs/msg/_robot_status.py
[8.030s] -- Installing: /home/y/SA_CAO_Simu/SA_CAO/install/motion_msgs/lib/python3.8/site-packages/motion_msgs/msg/_motion_ctrl_s.c
[8.030s] -- Installing: /home/y/SA_CAO_Simu/SA_CAO/install/motion_msgs/lib/python3.8/site-packages/motion_msgs/msg/_motion_ctrl.py
[8.030s] -- Installing: /home/y/SA_CAO_Simu/SA_CAO/install/motion_msgs/lib/python3.8/site-packages/motion_msgs/msg/_movement_ctrl_data.py
[8.030s] -- Installing: /home/y/SA_CAO_Simu/SA_CAO/install/motion_msgs/lib/python3.8/site-packages/motion_msgs/msg/_movement_ctrl_data_s.c
[8.030s] -- Installing: /home/y/SA_CAO_Simu/SA_CAO/install/motion_msgs/lib/python3.8/site-packages/motion_msgs/msg/_movement_ctrl_mode_s.c
[8.030s] -- Installing: /home/y/SA_CAO_Simu/SA_CAO/install/motion_msgs/lib/python3.8/site-packages/motion_msgs/msg/_ctrl_plot.py
[8.030s] -- Installing: /home/y/SA_CAO_Simu/SA_CAO/install/motion_msgs/lib/python3.8/site-packages/motion_msgs/msg/_robot_status_s.c
[8.030s] -- Installing: /home/y/SA_CAO_Simu/SA_CAO/install/motion_msgs/lib/python3.8/site-packages/motion_msgs/motion_msgs_s__rosidl_typesupport_fastrtps_c.cpython-38-aarch64-linux-gnu.so
[8.030s] -- Set runtime path of "/home/y/SA_CAO_Simu/SA_CAO/install/motion_msgs/lib/python3.8/site-packages/motion_msgs/motion_msgs_s__rosidl_typesupport_fastrtps_c.cpython-38-aarch64-linux-gnu.so" to ""
[8.031s] -- Installing: /home/y/SA_CAO_Simu/SA_CAO/install/motion_msgs/lib/python3.8/site-packages/motion_msgs/motion_msgs_s__rosidl_typesupport_introspection_c.cpython-38-aarch64-linux-gnu.so
[8.031s] -- Set runtime path of "/home/y/SA_CAO_Simu/SA_CAO/install/motion_msgs/lib/python3.8/site-packages/motion_msgs/motion_msgs_s__rosidl_typesupport_introspection_c.cpython-38-aarch64-linux-gnu.so" to ""
[8.031s] -- Installing: /home/y/SA_CAO_Simu/SA_CAO/install/motion_msgs/lib/python3.8/site-packages/motion_msgs/motion_msgs_s__rosidl_typesupport_c.cpython-38-aarch64-linux-gnu.so
[8.031s] -- Set runtime path of "/home/y/SA_CAO_Simu/SA_CAO/install/motion_msgs/lib/python3.8/site-packages/motion_msgs/motion_msgs_s__rosidl_typesupport_c.cpython-38-aarch64-linux-gnu.so" to ""
[8.031s] -- Installing: /home/y/SA_CAO_Simu/SA_CAO/install/motion_msgs/lib/libmotion_msgs__python.so
[8.031s] -- Set runtime path of "/home/y/SA_CAO_Simu/SA_CAO/install/motion_msgs/lib/libmotion_msgs__python.so" to ""
[8.031s] -- Installing: /home/y/SA_CAO_Simu/SA_CAO/install/motion_msgs/share/motion_msgs/msg/CtrlPlot.idl
[8.032s] -- Installing: /home/y/SA_CAO_Simu/SA_CAO/install/motion_msgs/share/motion_msgs/msg/LegMotors.idl
[8.032s] -- Installing: /home/y/SA_CAO_Simu/SA_CAO/install/motion_msgs/share/motion_msgs/msg/MotionCtrl.idl
[8.032s] -- Installing: /home/y/SA_CAO_Simu/SA_CAO/install/motion_msgs/share/motion_msgs/msg/RobotStatus.idl
[8.032s] -- Installing: /home/y/SA_CAO_Simu/SA_CAO/install/motion_msgs/share/motion_msgs/msg/MovementCtrlData.idl
[8.032s] -- Installing: /home/y/SA_CAO_Simu/SA_CAO/install/motion_msgs/share/motion_msgs/msg/MovementCtrlMode.idl
[8.032s] -- Installing: /home/y/SA_CAO_Simu/SA_CAO/install/motion_msgs/share/motion_msgs/msg/CtrlPlot.msg
[8.032s] -- Installing: /home/y/SA_CAO_Simu/SA_CAO/install/motion_msgs/share/motion_msgs/msg/LegMotors.msg
[8.032s] -- Installing: /home/y/SA_CAO_Simu/SA_CAO/install/motion_msgs/share/motion_msgs/msg/MotionCtrl.msg
[8.032s] -- Installing: /home/y/SA_CAO_Simu/SA_CAO/install/motion_msgs/share/motion_msgs/msg/RobotStatus.msg
[8.032s] -- Installing: /home/y/SA_CAO_Simu/SA_CAO/install/motion_msgs/share/motion_msgs/msg/MovementCtrlData.msg
[8.032s] -- Installing: /home/y/SA_CAO_Simu/SA_CAO/install/motion_msgs/share/motion_msgs/msg/MovementCtrlMode.msg
[8.032s] -- Installing: /home/y/SA_CAO_Simu/SA_CAO/install/motion_msgs/share/ament_index/resource_index/package_run_dependencies/motion_msgs
[8.032s] -- Installing: /home/y/SA_CAO_Simu/SA_CAO/install/motion_msgs/share/ament_index/resource_index/parent_prefix_path/motion_msgs
[8.032s] -- Installing: /home/y/SA_CAO_Simu/SA_CAO/install/motion_msgs/share/motion_msgs/environment/ament_prefix_path.sh
[8.033s] -- Installing: /home/y/SA_CAO_Simu/SA_CAO/install/motion_msgs/share/motion_msgs/environment/ament_prefix_path.dsv
[8.033s] -- Installing: /home/y/SA_CAO_Simu/SA_CAO/install/motion_msgs/share/motion_msgs/environment/path.sh
[8.033s] -- Installing: /home/y/SA_CAO_Simu/SA_CAO/install/motion_msgs/share/motion_msgs/environment/path.dsv
[8.033s] -- Installing: /home/y/SA_CAO_Simu/SA_CAO/install/motion_msgs/share/motion_msgs/local_setup.bash
[8.033s] -- Installing: /home/y/SA_CAO_Simu/SA_CAO/install/motion_msgs/share/motion_msgs/local_setup.sh
[8.033s] -- Installing: /home/y/SA_CAO_Simu/SA_CAO/install/motion_msgs/share/motion_msgs/local_setup.zsh
[8.033s] -- Installing: /home/y/SA_CAO_Simu/SA_CAO/install/motion_msgs/share/motion_msgs/local_setup.dsv
[8.033s] -- Installing: /home/y/SA_CAO_Simu/SA_CAO/install/motion_msgs/share/motion_msgs/package.dsv
[8.033s] -- Installing: /home/y/SA_CAO_Simu/SA_CAO/install/motion_msgs/share/ament_index/resource_index/packages/motion_msgs
[8.033s] -- Installing: /home/y/SA_CAO_Simu/SA_CAO/install/motion_msgs/share/motion_msgs/cmake/motion_msgs__rosidl_generator_cExport.cmake
[8.033s] -- Installing: /home/y/SA_CAO_Simu/SA_CAO/install/motion_msgs/share/motion_msgs/cmake/motion_msgs__rosidl_generator_cExport-noconfig.cmake
[8.033s] -- Installing: /home/y/SA_CAO_Simu/SA_CAO/install/motion_msgs/share/motion_msgs/cmake/motion_msgs__rosidl_typesupport_introspection_cExport.cmake
[8.033s] -- Installing: /home/y/SA_CAO_Simu/SA_CAO/install/motion_msgs/share/motion_msgs/cmake/motion_msgs__rosidl_typesupport_introspection_cExport-noconfig.cmake
[8.034s] -- Installing: /home/y/SA_CAO_Simu/SA_CAO/install/motion_msgs/share/motion_msgs/cmake/motion_msgs__rosidl_typesupport_cExport.cmake
[8.034s] -- Installing: /home/y/SA_CAO_Simu/SA_CAO/install/motion_msgs/share/motion_msgs/cmake/motion_msgs__rosidl_typesupport_cExport-noconfig.cmake
[8.034s] -- Installing: /home/y/SA_CAO_Simu/SA_CAO/install/motion_msgs/share/motion_msgs/cmake/motion_msgs__rosidl_generator_cppExport.cmake
[8.034s] -- Installing: /home/y/SA_CAO_Simu/SA_CAO/install/motion_msgs/share/motion_msgs/cmake/motion_msgs__rosidl_typesupport_introspection_cppExport.cmake
[8.034s] -- Installing: /home/y/SA_CAO_Simu/SA_CAO/install/motion_msgs/share/motion_msgs/cmake/motion_msgs__rosidl_typesupport_introspection_cppExport-noconfig.cmake
[8.034s] -- Installing: /home/y/SA_CAO_Simu/SA_CAO/install/motion_msgs/share/motion_msgs/cmake/motion_msgs__rosidl_typesupport_cppExport.cmake
[8.034s] -- Installing: /home/y/SA_CAO_Simu/SA_CAO/install/motion_msgs/share/motion_msgs/cmake/motion_msgs__rosidl_typesupport_cppExport-noconfig.cmake
[8.034s] -- Installing: /home/y/SA_CAO_Simu/SA_CAO/install/motion_msgs/share/motion_msgs/cmake/rosidl_cmake-extras.cmake
[8.034s] -- Installing: /home/y/SA_CAO_Simu/SA_CAO/install/motion_msgs/share/motion_msgs/cmake/ament_cmake_export_dependencies-extras.cmake
[8.034s] -- Installing: /home/y/SA_CAO_Simu/SA_CAO/install/motion_msgs/share/motion_msgs/cmake/ament_cmake_export_libraries-extras.cmake
[8.034s] -- Installing: /home/y/SA_CAO_Simu/SA_CAO/install/motion_msgs/share/motion_msgs/cmake/ament_cmake_export_targets-extras.cmake
[8.034s] -- Installing: /home/y/SA_CAO_Simu/SA_CAO/install/motion_msgs/share/motion_msgs/cmake/ament_cmake_export_include_directories-extras.cmake
[8.034s] -- Installing: /home/y/SA_CAO_Simu/SA_CAO/install/motion_msgs/share/motion_msgs/cmake/rosidl_cmake_export_typesupport_libraries-extras.cmake
[8.035s] -- Installing: /home/y/SA_CAO_Simu/SA_CAO/install/motion_msgs/share/motion_msgs/cmake/rosidl_cmake_export_typesupport_targets-extras.cmake
[8.035s] -- Installing: /home/y/SA_CAO_Simu/SA_CAO/install/motion_msgs/share/motion_msgs/cmake/motion_msgsConfig.cmake
[8.035s] -- Installing: /home/y/SA_CAO_Simu/SA_CAO/install/motion_msgs/share/motion_msgs/cmake/motion_msgsConfig-version.cmake
[8.035s] -- Installing: /home/y/SA_CAO_Simu/SA_CAO/install/motion_msgs/share/motion_msgs/package.xml
[8.036s] Invoked command in '/home/y/SA_CAO_Simu/SA_CAO/build/motion_msgs' returned '0': CMAKE_PREFIX_PATH=/opt/ros/foxy /usr/bin/cmake --install /home/y/SA_CAO_Simu/SA_CAO/build/motion_msgs
