[0.000000] (-) TimerEvent: {}
[0.000325] (-) JobUnselected: {'identifier': 'ception_msgs'}
[0.000341] (-) JobUnselected: {'identifier': 'diablo_body'}
[0.000351] (-) JobUnselected: {'identifier': 'diablo_rviz2_control_plugin'}
[0.000361] (-) JobUnselected: {'identifier': 'diablo_simpose_trans'}
[0.000367] (-) JobUnselected: {'identifier': 'diablo_simulation'}
[0.000376] (-) JobUnselected: {'identifier': 'diablo_utils'}
[0.000384] (-) JobUnselected: {'identifier': 'dynamixel_sdk'}
[0.000391] (-) JobUnselected: {'identifier': 'dynamixel_sdk_custom_interfaces'}
[0.000398] (-) JobUnselected: {'identifier': 'dynamixel_sdk_examples'}
[0.000406] (-) JobUnselected: {'identifier': 'hls_lfcd_lds_driver'}
[0.000411] (-) JobUnselected: {'identifier': 'launch_diablo'}
[0.000445] (-) JobUnselected: {'identifier': 'my_balance_pkg'}
[0.000455] (-) JobUnselected: {'identifier': 'pure_pursuit'}
[0.000462] (-) JobUnselected: {'identifier': 'sub_dwav17'}
[0.000469] (-) JobUnselected: {'identifier': 'turtlebot3'}
[0.000477] (-) JobUnselected: {'identifier': 'turtlebot3_bringup'}
[0.000483] (-) JobUnselected: {'identifier': 'turtlebot3_cartographer'}
[0.000491] (-) JobUnselected: {'identifier': 'turtlebot3_description'}
[0.000497] (-) JobUnselected: {'identifier': 'turtlebot3_example'}
[0.000506] (-) JobUnselected: {'identifier': 'turtlebot3_fake_node'}
[0.000512] (-) JobUnselected: {'identifier': 'turtlebot3_gazebo'}
[0.000529] (-) JobUnselected: {'identifier': 'turtlebot3_msgs'}
[0.000535] (-) JobUnselected: {'identifier': 'turtlebot3_navigation2'}
[0.000543] (-) JobUnselected: {'identifier': 'turtlebot3_node'}
[0.000552] (-) JobUnselected: {'identifier': 'turtlebot3_simulations'}
[0.000557] (-) JobUnselected: {'identifier': 'turtlebot3_teleop'}
[0.000593] (motion_msgs) JobQueued: {'identifier': 'motion_msgs', 'dependencies': OrderedDict()}
[0.000606] (sub_dwav18) JobQueued: {'identifier': 'sub_dwav18', 'dependencies': OrderedDict([('motion_msgs', '/home/y/SA_CAO_Simu/SA_CAO/install/motion_msgs')])}
[0.000614] (motion_msgs) JobStarted: {'identifier': 'motion_msgs'}
[0.004760] (motion_msgs) JobProgress: {'identifier': 'motion_msgs', 'progress': 'cmake'}
[0.005905] (motion_msgs) JobProgress: {'identifier': 'motion_msgs', 'progress': 'build'}
[0.005972] (motion_msgs) Command: {'cmd': ['/usr/bin/cmake', '--build', '/home/y/SA_CAO_Simu/SA_CAO/build/motion_msgs', '--', '-j2', '-l2'], 'cwd': '/home/y/SA_CAO_Simu/SA_CAO/build/motion_msgs', 'env': OrderedDict([('USER', 'y'), ('SSH_CLIENT', '192.168.3.53 51534 22'), ('XDG_SESSION_TYPE', 'tty'), ('SHLVL', '1'), ('LD_LIBRARY_PATH', '/home/y/SA_CAO_Simu/SA_CAO/install/turtlebot3_msgs/lib:/home/y/SA_CAO_Simu/SA_CAO/install/diablo_body/lib:/home/y/SA_CAO_Simu/SA_CAO/install/diablo_utils/lib:/home/y/SA_CAO_Simu/SA_CAO/install/diablo_rviz2_control_plugin/lib:/home/y/SA_CAO_Simu/SA_CAO/install/motion_msgs/lib:/home/y/SA_CAO_Simu/SA_CAO/install/dynamixel_sdk_custom_interfaces/lib:/home/y/SA_CAO_Simu/SA_CAO/install/dynamixel_sdk/lib:/home/y/SA_CAO_Simu/SA_CAO/install/ception_msgs/lib:/usr/lib/aarch64-linux-gnu/gazebo-11/plugins:/opt/ros/foxy/opt/yaml_cpp_vendor/lib:/opt/ros/foxy/opt/rviz_ogre_vendor/lib:/opt/ros/foxy/lib/aarch64-linux-gnu:/opt/ros/foxy/lib'), ('MOTD_SHOWN', 'pam'), ('HOME', '/home/y'), ('OLDPWD', '/home/y'), ('ROS_PYTHON_VERSION', '3'), ('DBUS_SESSION_BUS_ADDRESS', 'unix:path=/run/user/1000/bus'), ('COLCON_PREFIX_PATH', '/home/y/SA_CAO_Simu/SA_CAO/install'), ('ROS_DISTRO', 'foxy'), ('LOGNAME', 'y'), ('_', '/usr/bin/colcon'), ('ROS_VERSION', '2'), ('XDG_SESSION_CLASS', 'user'), ('XDG_SESSION_ID', '62'), ('ROS_LOCALHOST_ONLY', '0'), ('PATH', '/opt/ros/foxy/bin:/usr/local/sbin:/usr/local/bin:/usr/sbin:/usr/bin:/sbin:/bin:/usr/games:/usr/local/games:/snap/bin'), ('XDG_RUNTIME_DIR', '/run/user/1000'), ('LANG', 'en_US.UTF-8'), ('AMENT_PREFIX_PATH', '/home/y/SA_CAO_Simu/SA_CAO/install/turtlebot3:/home/y/SA_CAO_Simu/SA_CAO/install/turtlebot3_teleop:/home/y/SA_CAO_Simu/SA_CAO/install/turtlebot3_simulations:/home/y/SA_CAO_Simu/SA_CAO/install/turtlebot3_bringup:/home/y/SA_CAO_Simu/SA_CAO/install/turtlebot3_node:/home/y/SA_CAO_Simu/SA_CAO/install/turtlebot3_navigation2:/home/y/SA_CAO_Simu/SA_CAO/install/turtlebot3_fake_node:/home/y/SA_CAO_Simu/SA_CAO/install/turtlebot3_example:/home/y/SA_CAO_Simu/SA_CAO/install/turtlebot3_msgs:/home/y/SA_CAO_Simu/SA_CAO/install/turtlebot3_gazebo:/home/y/SA_CAO_Simu/SA_CAO/install/turtlebot3_description:/home/y/SA_CAO_Simu/SA_CAO/install/turtlebot3_cartographer:/home/y/SA_CAO_Simu/SA_CAO/install/sub_dwav17:/home/y/SA_CAO_Simu/SA_CAO/install/pure_pursuit:/home/y/SA_CAO_Simu/SA_CAO/install/my_balance_pkg:/home/y/SA_CAO_Simu/SA_CAO/install/diablo_simpose_trans:/home/y/SA_CAO_Simu/SA_CAO/install/diablo_body:/home/y/SA_CAO_Simu/SA_CAO/install/diablo_utils:/home/y/SA_CAO_Simu/SA_CAO/install/diablo_rviz2_control_plugin:/home/y/SA_CAO_Simu/SA_CAO/install/motion_msgs:/home/y/SA_CAO_Simu/SA_CAO/install/launch_diablo:/home/y/SA_CAO_Simu/SA_CAO/install/hls_lfcd_lds_driver:/home/y/SA_CAO_Simu/SA_CAO/install/dynamixel_sdk_examples:/home/y/SA_CAO_Simu/SA_CAO/install/dynamixel_sdk_custom_interfaces:/home/y/SA_CAO_Simu/SA_CAO/install/dynamixel_sdk:/home/y/SA_CAO_Simu/SA_CAO/install/diablo_simulation:/home/y/SA_CAO_Simu/SA_CAO/install/ception_msgs:/opt/ros/foxy'), ('SHELL', '/bin/bash'), ('PWD', '/home/y/SA_CAO_Simu/SA_CAO/build/motion_msgs'), ('LC_ALL', 'C'), ('SSH_CONNECTION', '192.168.3.53 51534 192.168.3.67 22'), ('PYTHONPATH', '/home/y/SA_CAO_Simu/SA_CAO/install/turtlebot3_teleop/lib/python3.8/site-packages:/home/y/SA_CAO_Simu/SA_CAO/install/turtlebot3_example/lib/python3.8/site-packages:/home/y/SA_CAO_Simu/SA_CAO/install/turtlebot3_msgs/lib/python3.8/site-packages:/home/y/SA_CAO_Simu/SA_CAO/install/pure_pursuit/lib/python3.8/site-packages:/home/y/SA_CAO_Simu/SA_CAO/install/my_balance_pkg/lib/python3.8/site-packages:/home/y/SA_CAO_Simu/SA_CAO/install/motion_msgs/lib/python3.8/site-packages:/home/y/SA_CAO_Simu/SA_CAO/install/launch_diablo/lib/python3.8/site-packages:/home/y/SA_CAO_Simu/SA_CAO/install/dynamixel_sdk_custom_interfaces/lib/python3.8/site-packages:/home/y/SA_CAO_Simu/SA_CAO/install/diablo_simulation/lib/python3.8/site-packages:/home/y/SA_CAO_Simu/SA_CAO/install/ception_msgs/lib/python3.8/site-packages:/opt/ros/foxy/lib/python3.8/site-packages'), ('COLCON', '1'), ('CMAKE_PREFIX_PATH', '/home/y/SA_CAO_Simu/SA_CAO/install/turtlebot3:/home/y/SA_CAO_Simu/SA_CAO/install/turtlebot3_simulations:/home/y/SA_CAO_Simu/SA_CAO/install/turtlebot3_bringup:/home/y/SA_CAO_Simu/SA_CAO/install/turtlebot3_node:/home/y/SA_CAO_Simu/SA_CAO/install/turtlebot3_navigation2:/home/y/SA_CAO_Simu/SA_CAO/install/turtlebot3_fake_node:/home/y/SA_CAO_Simu/SA_CAO/install/turtlebot3_msgs:/home/y/SA_CAO_Simu/SA_CAO/install/turtlebot3_gazebo:/home/y/SA_CAO_Simu/SA_CAO/install/turtlebot3_description:/home/y/SA_CAO_Simu/SA_CAO/install/turtlebot3_cartographer:/home/y/SA_CAO_Simu/SA_CAO/install/sub_dwav17:/home/y/SA_CAO_Simu/SA_CAO/install/diablo_simpose_trans:/home/y/SA_CAO_Simu/SA_CAO/install/diablo_body:/home/y/SA_CAO_Simu/SA_CAO/install/diablo_utils:/home/y/SA_CAO_Simu/SA_CAO/install/diablo_rviz2_control_plugin:/home/y/SA_CAO_Simu/SA_CAO/install/motion_msgs:/home/y/SA_CAO_Simu/SA_CAO/install/hls_lfcd_lds_driver:/home/y/SA_CAO_Simu/SA_CAO/install/dynamixel_sdk_examples:/home/y/SA_CAO_Simu/SA_CAO/install/dynamixel_sdk_custom_interfaces:/home/y/SA_CAO_Simu/SA_CAO/install/dynamixel_sdk:/home/y/SA_CAO_Simu/SA_CAO/install/ception_msgs:/home/y/SA_CAO_Simu/SA_CAO/install/turtlebot3_teleop:/home/y/SA_CAO_Simu/SA_CAO/install/turtlebot3_example:/home/y/SA_CAO_Simu/SA_CAO/install/pure_pursuit:/home/y/SA_CAO_Simu/SA_CAO/install/my_balance_pkg:/home/y/SA_CAO_Simu/SA_CAO/install/launch_diablo:/home/y/SA_CAO_Simu/SA_CAO/install/diablo_simulation:/opt/ros/foxy')]), 'shell': False}
[0.041775] (motion_msgs) StdoutLine: {'line': b'[  4%] Built target motion_msgs__cpp\n'}
[0.041919] (motion_msgs) StdoutLine: {'line': b'[ 12%] Built target motion_msgs__rosidl_generator_c\n'}
[0.053956] (motion_msgs) StdoutLine: {'line': b'[ 23%] Built target motion_msgs__rosidl_typesupport_cpp\n'}
[0.056017] (motion_msgs) StdoutLine: {'line': b'[ 35%] Built target motion_msgs__rosidl_typesupport_fastrtps_cpp\n'}
[0.064154] (motion_msgs) StdoutLine: {'line': b'[ 46%] Built target motion_msgs__rosidl_typesupport_introspection_c\n'}
[0.065401] (motion_msgs) StdoutLine: {'line': b'[ 57%] Built target motion_msgs__rosidl_typesupport_c\n'}
[0.076484] (motion_msgs) StdoutLine: {'line': b'[ 69%] Built target motion_msgs__rosidl_typesupport_introspection_cpp\n'}
[0.080754] (motion_msgs) StdoutLine: {'line': b'[ 80%] Built target motion_msgs__rosidl_typesupport_fastrtps_c\n'}
[0.090052] (motion_msgs) StdoutLine: {'line': b'[ 80%] Built target motion_msgs\n'}
[0.099753] (motion_msgs) StdoutLine: {'line': b'[ 81%] Built target motion_msgs__py\n'}
[0.099836] (-) TimerEvent: {}
[0.113618] (motion_msgs) StdoutLine: {'line': b'[ 91%] Built target motion_msgs__python\n'}
[0.127903] (motion_msgs) StdoutLine: {'line': b'[ 97%] Built target motion_msgs__rosidl_typesupport_c__pyext\n'}
[0.127977] (motion_msgs) StdoutLine: {'line': b'[ 97%] Built target motion_msgs__rosidl_typesupport_introspection_c__pyext\n'}
[0.140626] (motion_msgs) StdoutLine: {'line': b'[100%] Built target motion_msgs__rosidl_typesupport_fastrtps_c__pyext\n'}
[0.145008] (motion_msgs) CommandEnded: {'returncode': 0}
[0.145894] (motion_msgs) JobProgress: {'identifier': 'motion_msgs', 'progress': 'install'}
[0.150694] (motion_msgs) Command: {'cmd': ['/usr/bin/cmake', '--install', '/home/y/SA_CAO_Simu/SA_CAO/build/motion_msgs'], 'cwd': '/home/y/SA_CAO_Simu/SA_CAO/build/motion_msgs', 'env': OrderedDict([('USER', 'y'), ('SSH_CLIENT', '192.168.3.53 51534 22'), ('XDG_SESSION_TYPE', 'tty'), ('SHLVL', '1'), ('LD_LIBRARY_PATH', '/home/y/SA_CAO_Simu/SA_CAO/install/turtlebot3_msgs/lib:/home/y/SA_CAO_Simu/SA_CAO/install/diablo_body/lib:/home/y/SA_CAO_Simu/SA_CAO/install/diablo_utils/lib:/home/y/SA_CAO_Simu/SA_CAO/install/diablo_rviz2_control_plugin/lib:/home/y/SA_CAO_Simu/SA_CAO/install/motion_msgs/lib:/home/y/SA_CAO_Simu/SA_CAO/install/dynamixel_sdk_custom_interfaces/lib:/home/y/SA_CAO_Simu/SA_CAO/install/dynamixel_sdk/lib:/home/y/SA_CAO_Simu/SA_CAO/install/ception_msgs/lib:/usr/lib/aarch64-linux-gnu/gazebo-11/plugins:/opt/ros/foxy/opt/yaml_cpp_vendor/lib:/opt/ros/foxy/opt/rviz_ogre_vendor/lib:/opt/ros/foxy/lib/aarch64-linux-gnu:/opt/ros/foxy/lib'), ('MOTD_SHOWN', 'pam'), ('HOME', '/home/y'), ('OLDPWD', '/home/y'), ('ROS_PYTHON_VERSION', '3'), ('DBUS_SESSION_BUS_ADDRESS', 'unix:path=/run/user/1000/bus'), ('COLCON_PREFIX_PATH', '/home/y/SA_CAO_Simu/SA_CAO/install'), ('ROS_DISTRO', 'foxy'), ('LOGNAME', 'y'), ('_', '/usr/bin/colcon'), ('ROS_VERSION', '2'), ('XDG_SESSION_CLASS', 'user'), ('XDG_SESSION_ID', '62'), ('ROS_LOCALHOST_ONLY', '0'), ('PATH', '/opt/ros/foxy/bin:/usr/local/sbin:/usr/local/bin:/usr/sbin:/usr/bin:/sbin:/bin:/usr/games:/usr/local/games:/snap/bin'), ('XDG_RUNTIME_DIR', '/run/user/1000'), ('LANG', 'en_US.UTF-8'), ('AMENT_PREFIX_PATH', '/home/y/SA_CAO_Simu/SA_CAO/install/turtlebot3:/home/y/SA_CAO_Simu/SA_CAO/install/turtlebot3_teleop:/home/y/SA_CAO_Simu/SA_CAO/install/turtlebot3_simulations:/home/y/SA_CAO_Simu/SA_CAO/install/turtlebot3_bringup:/home/y/SA_CAO_Simu/SA_CAO/install/turtlebot3_node:/home/y/SA_CAO_Simu/SA_CAO/install/turtlebot3_navigation2:/home/y/SA_CAO_Simu/SA_CAO/install/turtlebot3_fake_node:/home/y/SA_CAO_Simu/SA_CAO/install/turtlebot3_example:/home/y/SA_CAO_Simu/SA_CAO/install/turtlebot3_msgs:/home/y/SA_CAO_Simu/SA_CAO/install/turtlebot3_gazebo:/home/y/SA_CAO_Simu/SA_CAO/install/turtlebot3_description:/home/y/SA_CAO_Simu/SA_CAO/install/turtlebot3_cartographer:/home/y/SA_CAO_Simu/SA_CAO/install/sub_dwav17:/home/y/SA_CAO_Simu/SA_CAO/install/pure_pursuit:/home/y/SA_CAO_Simu/SA_CAO/install/my_balance_pkg:/home/y/SA_CAO_Simu/SA_CAO/install/diablo_simpose_trans:/home/y/SA_CAO_Simu/SA_CAO/install/diablo_body:/home/y/SA_CAO_Simu/SA_CAO/install/diablo_utils:/home/y/SA_CAO_Simu/SA_CAO/install/diablo_rviz2_control_plugin:/home/y/SA_CAO_Simu/SA_CAO/install/motion_msgs:/home/y/SA_CAO_Simu/SA_CAO/install/launch_diablo:/home/y/SA_CAO_Simu/SA_CAO/install/hls_lfcd_lds_driver:/home/y/SA_CAO_Simu/SA_CAO/install/dynamixel_sdk_examples:/home/y/SA_CAO_Simu/SA_CAO/install/dynamixel_sdk_custom_interfaces:/home/y/SA_CAO_Simu/SA_CAO/install/dynamixel_sdk:/home/y/SA_CAO_Simu/SA_CAO/install/diablo_simulation:/home/y/SA_CAO_Simu/SA_CAO/install/ception_msgs:/opt/ros/foxy'), ('SHELL', '/bin/bash'), ('PWD', '/home/y/SA_CAO_Simu/SA_CAO/build/motion_msgs'), ('LC_ALL', 'C'), ('SSH_CONNECTION', '192.168.3.53 51534 192.168.3.67 22'), ('PYTHONPATH', '/home/y/SA_CAO_Simu/SA_CAO/install/turtlebot3_teleop/lib/python3.8/site-packages:/home/y/SA_CAO_Simu/SA_CAO/install/turtlebot3_example/lib/python3.8/site-packages:/home/y/SA_CAO_Simu/SA_CAO/install/turtlebot3_msgs/lib/python3.8/site-packages:/home/y/SA_CAO_Simu/SA_CAO/install/pure_pursuit/lib/python3.8/site-packages:/home/y/SA_CAO_Simu/SA_CAO/install/my_balance_pkg/lib/python3.8/site-packages:/home/y/SA_CAO_Simu/SA_CAO/install/motion_msgs/lib/python3.8/site-packages:/home/y/SA_CAO_Simu/SA_CAO/install/launch_diablo/lib/python3.8/site-packages:/home/y/SA_CAO_Simu/SA_CAO/install/dynamixel_sdk_custom_interfaces/lib/python3.8/site-packages:/home/y/SA_CAO_Simu/SA_CAO/install/diablo_simulation/lib/python3.8/site-packages:/home/y/SA_CAO_Simu/SA_CAO/install/ception_msgs/lib/python3.8/site-packages:/opt/ros/foxy/lib/python3.8/site-packages'), ('COLCON', '1'), ('CMAKE_PREFIX_PATH', '/home/y/SA_CAO_Simu/SA_CAO/install/turtlebot3:/home/y/SA_CAO_Simu/SA_CAO/install/turtlebot3_simulations:/home/y/SA_CAO_Simu/SA_CAO/install/turtlebot3_bringup:/home/y/SA_CAO_Simu/SA_CAO/install/turtlebot3_node:/home/y/SA_CAO_Simu/SA_CAO/install/turtlebot3_navigation2:/home/y/SA_CAO_Simu/SA_CAO/install/turtlebot3_fake_node:/home/y/SA_CAO_Simu/SA_CAO/install/turtlebot3_msgs:/home/y/SA_CAO_Simu/SA_CAO/install/turtlebot3_gazebo:/home/y/SA_CAO_Simu/SA_CAO/install/turtlebot3_description:/home/y/SA_CAO_Simu/SA_CAO/install/turtlebot3_cartographer:/home/y/SA_CAO_Simu/SA_CAO/install/sub_dwav17:/home/y/SA_CAO_Simu/SA_CAO/install/diablo_simpose_trans:/home/y/SA_CAO_Simu/SA_CAO/install/diablo_body:/home/y/SA_CAO_Simu/SA_CAO/install/diablo_utils:/home/y/SA_CAO_Simu/SA_CAO/install/diablo_rviz2_control_plugin:/home/y/SA_CAO_Simu/SA_CAO/install/motion_msgs:/home/y/SA_CAO_Simu/SA_CAO/install/hls_lfcd_lds_driver:/home/y/SA_CAO_Simu/SA_CAO/install/dynamixel_sdk_examples:/home/y/SA_CAO_Simu/SA_CAO/install/dynamixel_sdk_custom_interfaces:/home/y/SA_CAO_Simu/SA_CAO/install/dynamixel_sdk:/home/y/SA_CAO_Simu/SA_CAO/install/ception_msgs:/home/y/SA_CAO_Simu/SA_CAO/install/turtlebot3_teleop:/home/y/SA_CAO_Simu/SA_CAO/install/turtlebot3_example:/home/y/SA_CAO_Simu/SA_CAO/install/pure_pursuit:/home/y/SA_CAO_Simu/SA_CAO/install/my_balance_pkg:/home/y/SA_CAO_Simu/SA_CAO/install/launch_diablo:/home/y/SA_CAO_Simu/SA_CAO/install/diablo_simulation:/opt/ros/foxy')]), 'shell': False}
[0.158438] (motion_msgs) StdoutLine: {'line': b'-- Install configuration: ""\n'}
[0.158568] (motion_msgs) StdoutLine: {'line': b'-- Up-to-date: /home/y/SA_CAO_Simu/SA_CAO/install/motion_msgs/share/ament_index/resource_index/rosidl_interfaces/motion_msgs\n'}
[0.158653] (motion_msgs) StdoutLine: {'line': b'-- Up-to-date: /home/y/SA_CAO_Simu/SA_CAO/install/motion_msgs/include/motion_msgs\n'}
[0.158764] (motion_msgs) StdoutLine: {'line': b'-- Up-to-date: /home/y/SA_CAO_Simu/SA_CAO/install/motion_msgs/include/motion_msgs/msg\n'}
[0.158861] (motion_msgs) StdoutLine: {'line': b'-- Up-to-date: /home/y/SA_CAO_Simu/SA_CAO/install/motion_msgs/include/motion_msgs/msg/robot_status.h\n'}
[0.158946] (motion_msgs) StdoutLine: {'line': b'-- Up-to-date: /home/y/SA_CAO_Simu/SA_CAO/install/motion_msgs/include/motion_msgs/msg/movement_ctrl_data.h\n'}
[0.159036] (motion_msgs) StdoutLine: {'line': b'-- Up-to-date: /home/y/SA_CAO_Simu/SA_CAO/install/motion_msgs/include/motion_msgs/msg/motion_ctrl.h\n'}
[0.159138] (motion_msgs) StdoutLine: {'line': b'-- Up-to-date: /home/y/SA_CAO_Simu/SA_CAO/install/motion_msgs/include/motion_msgs/msg/detail\n'}
[0.159208] (motion_msgs) StdoutLine: {'line': b'-- Up-to-date: /home/y/SA_CAO_Simu/SA_CAO/install/motion_msgs/include/motion_msgs/msg/detail/ctrl_plot__functions.h\n'}
[0.159288] (motion_msgs) StdoutLine: {'line': b'-- Up-to-date: /home/y/SA_CAO_Simu/SA_CAO/install/motion_msgs/include/motion_msgs/msg/detail/movement_ctrl_data__functions.h\n'}
[0.159409] (motion_msgs) StdoutLine: {'line': b'-- Up-to-date: /home/y/SA_CAO_Simu/SA_CAO/install/motion_msgs/include/motion_msgs/msg/detail/ctrl_plot__struct.h\n'}
[0.159486] (motion_msgs) StdoutLine: {'line': b'-- Up-to-date: /home/y/SA_CAO_Simu/SA_CAO/install/motion_msgs/include/motion_msgs/msg/detail/movement_ctrl_mode__functions.h\n'}
[0.159521] (motion_msgs) StdoutLine: {'line': b'-- Up-to-date: /home/y/SA_CAO_Simu/SA_CAO/install/motion_msgs/include/motion_msgs/msg/detail/leg_motors__functions.h\n'}
[0.159575] (motion_msgs) StdoutLine: {'line': b'-- Up-to-date: /home/y/SA_CAO_Simu/SA_CAO/install/motion_msgs/include/motion_msgs/msg/detail/robot_status__functions.c\n'}
[0.159601] (motion_msgs) StdoutLine: {'line': b'-- Up-to-date: /home/y/SA_CAO_Simu/SA_CAO/install/motion_msgs/include/motion_msgs/msg/detail/robot_status__functions.h\n'}
[0.159663] (motion_msgs) StdoutLine: {'line': b'-- Up-to-date: /home/y/SA_CAO_Simu/SA_CAO/install/motion_msgs/include/motion_msgs/msg/detail/movement_ctrl_mode__functions.c\n'}
[0.159712] (motion_msgs) StdoutLine: {'line': b'-- Up-to-date: /home/y/SA_CAO_Simu/SA_CAO/install/motion_msgs/include/motion_msgs/msg/detail/movement_ctrl_data__struct.h\n'}
[0.159742] (motion_msgs) StdoutLine: {'line': b'-- Up-to-date: /home/y/SA_CAO_Simu/SA_CAO/install/motion_msgs/include/motion_msgs/msg/detail/motion_ctrl__functions.h\n'}
[0.159760] (motion_msgs) StdoutLine: {'line': b'-- Up-to-date: /home/y/SA_CAO_Simu/SA_CAO/install/motion_msgs/include/motion_msgs/msg/detail/ctrl_plot__functions.c\n'}
[0.159778] (motion_msgs) StdoutLine: {'line': b'-- Up-to-date: /home/y/SA_CAO_Simu/SA_CAO/install/motion_msgs/include/motion_msgs/msg/detail/robot_status__struct.h\n'}
[0.159795] (motion_msgs) StdoutLine: {'line': b'-- Up-to-date: /home/y/SA_CAO_Simu/SA_CAO/install/motion_msgs/include/motion_msgs/msg/detail/robot_status__type_support.h\n'}
[0.159875] (motion_msgs) StdoutLine: {'line': b'-- Up-to-date: /home/y/SA_CAO_Simu/SA_CAO/install/motion_msgs/include/motion_msgs/msg/detail/movement_ctrl_data__type_support.h\n'}
[0.159912] (motion_msgs) StdoutLine: {'line': b'-- Up-to-date: /home/y/SA_CAO_Simu/SA_CAO/install/motion_msgs/include/motion_msgs/msg/detail/movement_ctrl_data__functions.c\n'}
[0.159934] (motion_msgs) StdoutLine: {'line': b'-- Up-to-date: /home/y/SA_CAO_Simu/SA_CAO/install/motion_msgs/include/motion_msgs/msg/detail/motion_ctrl__functions.c\n'}
[0.160031] (motion_msgs) StdoutLine: {'line': b'-- Up-to-date: /home/y/SA_CAO_Simu/SA_CAO/install/motion_msgs/include/motion_msgs/msg/detail/leg_motors__type_support.h\n'}
[0.160112] (motion_msgs) StdoutLine: {'line': b'-- Up-to-date: /home/y/SA_CAO_Simu/SA_CAO/install/motion_msgs/include/motion_msgs/msg/detail/leg_motors__functions.c\n'}
[0.160204] (motion_msgs) StdoutLine: {'line': b'-- Up-to-date: /home/y/SA_CAO_Simu/SA_CAO/install/motion_msgs/include/motion_msgs/msg/detail/leg_motors__struct.h\n'}
[0.160240] (motion_msgs) StdoutLine: {'line': b'-- Up-to-date: /home/y/SA_CAO_Simu/SA_CAO/install/motion_msgs/include/motion_msgs/msg/detail/motion_ctrl__type_support.h\n'}
[0.160294] (motion_msgs) StdoutLine: {'line': b'-- Up-to-date: /home/y/SA_CAO_Simu/SA_CAO/install/motion_msgs/include/motion_msgs/msg/detail/movement_ctrl_mode__type_support.h\n'}
[0.160323] (motion_msgs) StdoutLine: {'line': b'-- Up-to-date: /home/y/SA_CAO_Simu/SA_CAO/install/motion_msgs/include/motion_msgs/msg/detail/motion_ctrl__struct.h\n'}
[0.160350] (motion_msgs) StdoutLine: {'line': b'-- Up-to-date: /home/y/SA_CAO_Simu/SA_CAO/install/motion_msgs/include/motion_msgs/msg/detail/movement_ctrl_mode__struct.h\n'}
[0.160410] (motion_msgs) StdoutLine: {'line': b'-- Up-to-date: /home/y/SA_CAO_Simu/SA_CAO/install/motion_msgs/include/motion_msgs/msg/detail/ctrl_plot__type_support.h\n'}
[0.160428] (motion_msgs) StdoutLine: {'line': b'-- Up-to-date: /home/y/SA_CAO_Simu/SA_CAO/install/motion_msgs/include/motion_msgs/msg/rosidl_generator_c__visibility_control.h\n'}
[0.160447] (motion_msgs) StdoutLine: {'line': b'-- Up-to-date: /home/y/SA_CAO_Simu/SA_CAO/install/motion_msgs/include/motion_msgs/msg/movement_ctrl_mode.h\n'}
[0.160465] (motion_msgs) StdoutLine: {'line': b'-- Up-to-date: /home/y/SA_CAO_Simu/SA_CAO/install/motion_msgs/include/motion_msgs/msg/leg_motors.h\n'}
[0.160497] (motion_msgs) StdoutLine: {'line': b'-- Up-to-date: /home/y/SA_CAO_Simu/SA_CAO/install/motion_msgs/include/motion_msgs/msg/ctrl_plot.h\n'}
[0.160590] (motion_msgs) StdoutLine: {'line': b'-- Up-to-date: /home/y/SA_CAO_Simu/SA_CAO/install/motion_msgs/share/motion_msgs/environment/library_path.sh\n'}
[0.160682] (motion_msgs) StdoutLine: {'line': b'-- Up-to-date: /home/y/SA_CAO_Simu/SA_CAO/install/motion_msgs/share/motion_msgs/environment/library_path.dsv\n'}
[0.160767] (motion_msgs) StdoutLine: {'line': b'-- Up-to-date: /home/y/SA_CAO_Simu/SA_CAO/install/motion_msgs/lib/libmotion_msgs__rosidl_generator_c.so\n'}
[0.160855] (motion_msgs) StdoutLine: {'line': b'-- Up-to-date: /home/y/SA_CAO_Simu/SA_CAO/install/motion_msgs/include/motion_msgs\n'}
[0.160911] (motion_msgs) StdoutLine: {'line': b'-- Up-to-date: /home/y/SA_CAO_Simu/SA_CAO/install/motion_msgs/include/motion_msgs/msg\n'}
[0.160931] (motion_msgs) StdoutLine: {'line': b'-- Up-to-date: /home/y/SA_CAO_Simu/SA_CAO/install/motion_msgs/include/motion_msgs/msg/rosidl_typesupport_fastrtps_c__visibility_control.h\n'}
[0.160948] (motion_msgs) StdoutLine: {'line': b'-- Up-to-date: /home/y/SA_CAO_Simu/SA_CAO/install/motion_msgs/include/motion_msgs/msg/detail\n'}
[0.160965] (motion_msgs) StdoutLine: {'line': b'-- Up-to-date: /home/y/SA_CAO_Simu/SA_CAO/install/motion_msgs/include/motion_msgs/msg/detail/motion_ctrl__rosidl_typesupport_fastrtps_c.h\n'}
[0.160983] (motion_msgs) StdoutLine: {'line': b'-- Up-to-date: /home/y/SA_CAO_Simu/SA_CAO/install/motion_msgs/include/motion_msgs/msg/detail/movement_ctrl_mode__rosidl_typesupport_fastrtps_c.h\n'}
[0.161004] (motion_msgs) StdoutLine: {'line': b'-- Up-to-date: /home/y/SA_CAO_Simu/SA_CAO/install/motion_msgs/include/motion_msgs/msg/detail/robot_status__rosidl_typesupport_fastrtps_c.h\n'}
[0.161034] (motion_msgs) StdoutLine: {'line': b'-- Up-to-date: /home/y/SA_CAO_Simu/SA_CAO/install/motion_msgs/include/motion_msgs/msg/detail/ctrl_plot__rosidl_typesupport_fastrtps_c.h\n'}
[0.161102] (motion_msgs) StdoutLine: {'line': b'-- Up-to-date: /home/y/SA_CAO_Simu/SA_CAO/install/motion_msgs/include/motion_msgs/msg/detail/movement_ctrl_data__rosidl_typesupport_fastrtps_c.h\n'}
[0.161150] (motion_msgs) StdoutLine: {'line': b'-- Up-to-date: /home/y/SA_CAO_Simu/SA_CAO/install/motion_msgs/include/motion_msgs/msg/detail/leg_motors__rosidl_typesupport_fastrtps_c.h\n'}
[0.161181] (motion_msgs) StdoutLine: {'line': b'-- Up-to-date: /home/y/SA_CAO_Simu/SA_CAO/install/motion_msgs/lib/libmotion_msgs__rosidl_typesupport_fastrtps_c.so\n'}
[0.161235] (motion_msgs) StdoutLine: {'line': b'-- Up-to-date: /home/y/SA_CAO_Simu/SA_CAO/install/motion_msgs/include/motion_msgs\n'}
[0.161349] (motion_msgs) StdoutLine: {'line': b'-- Up-to-date: /home/y/SA_CAO_Simu/SA_CAO/install/motion_msgs/include/motion_msgs/msg\n'}
[0.161375] (motion_msgs) StdoutLine: {'line': b'-- Up-to-date: /home/y/SA_CAO_Simu/SA_CAO/install/motion_msgs/include/motion_msgs/msg/detail\n'}
[0.161409] (motion_msgs) StdoutLine: {'line': b'-- Up-to-date: /home/y/SA_CAO_Simu/SA_CAO/install/motion_msgs/include/motion_msgs/msg/detail/motion_ctrl__rosidl_typesupport_fastrtps_cpp.hpp\n'}
[0.161433] (motion_msgs) StdoutLine: {'line': b'-- Up-to-date: /home/y/SA_CAO_Simu/SA_CAO/install/motion_msgs/include/motion_msgs/msg/detail/robot_status__rosidl_typesupport_fastrtps_cpp.hpp\n'}
[0.161456] (motion_msgs) StdoutLine: {'line': b'-- Up-to-date: /home/y/SA_CAO_Simu/SA_CAO/install/motion_msgs/include/motion_msgs/msg/detail/movement_ctrl_mode__rosidl_typesupport_fastrtps_cpp.hpp\n'}
[0.161560] (motion_msgs) StdoutLine: {'line': b'-- Up-to-date: /home/y/SA_CAO_Simu/SA_CAO/install/motion_msgs/include/motion_msgs/msg/detail/movement_ctrl_data__rosidl_typesupport_fastrtps_cpp.hpp\n'}
[0.161623] (motion_msgs) StdoutLine: {'line': b'-- Up-to-date: /home/y/SA_CAO_Simu/SA_CAO/install/motion_msgs/include/motion_msgs/msg/detail/dds_fastrtps\n'}
[0.161645] (motion_msgs) StdoutLine: {'line': b'-- Up-to-date: /home/y/SA_CAO_Simu/SA_CAO/install/motion_msgs/include/motion_msgs/msg/detail/ctrl_plot__rosidl_typesupport_fastrtps_cpp.hpp\n'}
[0.161662] (motion_msgs) StdoutLine: {'line': b'-- Up-to-date: /home/y/SA_CAO_Simu/SA_CAO/install/motion_msgs/include/motion_msgs/msg/detail/leg_motors__rosidl_typesupport_fastrtps_cpp.hpp\n'}
[0.161682] (motion_msgs) StdoutLine: {'line': b'-- Up-to-date: /home/y/SA_CAO_Simu/SA_CAO/install/motion_msgs/include/motion_msgs/msg/rosidl_typesupport_fastrtps_cpp__visibility_control.h\n'}
[0.161699] (motion_msgs) StdoutLine: {'line': b'-- Up-to-date: /home/y/SA_CAO_Simu/SA_CAO/install/motion_msgs/lib/libmotion_msgs__rosidl_typesupport_fastrtps_cpp.so\n'}
[0.161716] (motion_msgs) StdoutLine: {'line': b'-- Up-to-date: /home/y/SA_CAO_Simu/SA_CAO/install/motion_msgs/include/motion_msgs\n'}
[0.161734] (motion_msgs) StdoutLine: {'line': b'-- Up-to-date: /home/y/SA_CAO_Simu/SA_CAO/install/motion_msgs/include/motion_msgs/msg\n'}
[0.161751] (motion_msgs) StdoutLine: {'line': b'-- Up-to-date: /home/y/SA_CAO_Simu/SA_CAO/install/motion_msgs/include/motion_msgs/msg/detail\n'}
[0.161770] (motion_msgs) StdoutLine: {'line': b'-- Up-to-date: /home/y/SA_CAO_Simu/SA_CAO/install/motion_msgs/include/motion_msgs/msg/detail/movement_ctrl_data__type_support.c\n'}
[0.161787] (motion_msgs) StdoutLine: {'line': b'-- Up-to-date: /home/y/SA_CAO_Simu/SA_CAO/install/motion_msgs/include/motion_msgs/msg/detail/movement_ctrl_mode__rosidl_typesupport_introspection_c.h\n'}
[0.161804] (motion_msgs) StdoutLine: {'line': b'-- Up-to-date: /home/y/SA_CAO_Simu/SA_CAO/install/motion_msgs/include/motion_msgs/msg/detail/motion_ctrl__type_support.c\n'}
[0.161821] (motion_msgs) StdoutLine: {'line': b'-- Up-to-date: /home/y/SA_CAO_Simu/SA_CAO/install/motion_msgs/include/motion_msgs/msg/detail/leg_motors__type_support.c\n'}
[0.161838] (motion_msgs) StdoutLine: {'line': b'-- Up-to-date: /home/y/SA_CAO_Simu/SA_CAO/install/motion_msgs/include/motion_msgs/msg/detail/movement_ctrl_data__rosidl_typesupport_introspection_c.h\n'}
[0.161855] (motion_msgs) StdoutLine: {'line': b'-- Up-to-date: /home/y/SA_CAO_Simu/SA_CAO/install/motion_msgs/include/motion_msgs/msg/detail/leg_motors__rosidl_typesupport_introspection_c.h\n'}
[0.161872] (motion_msgs) StdoutLine: {'line': b'-- Up-to-date: /home/y/SA_CAO_Simu/SA_CAO/install/motion_msgs/include/motion_msgs/msg/detail/movement_ctrl_mode__type_support.c\n'}
[0.161889] (motion_msgs) StdoutLine: {'line': b'-- Up-to-date: /home/y/SA_CAO_Simu/SA_CAO/install/motion_msgs/include/motion_msgs/msg/detail/ctrl_plot__type_support.c\n'}
[0.161906] (motion_msgs) StdoutLine: {'line': b'-- Up-to-date: /home/y/SA_CAO_Simu/SA_CAO/install/motion_msgs/include/motion_msgs/msg/detail/robot_status__type_support.c\n'}
[0.161924] (motion_msgs) StdoutLine: {'line': b'-- Up-to-date: /home/y/SA_CAO_Simu/SA_CAO/install/motion_msgs/include/motion_msgs/msg/detail/robot_status__rosidl_typesupport_introspection_c.h\n'}
[0.161954] (motion_msgs) StdoutLine: {'line': b'-- Up-to-date: /home/y/SA_CAO_Simu/SA_CAO/install/motion_msgs/include/motion_msgs/msg/detail/ctrl_plot__rosidl_typesupport_introspection_c.h\n'}
[0.161977] (motion_msgs) StdoutLine: {'line': b'-- Up-to-date: /home/y/SA_CAO_Simu/SA_CAO/install/motion_msgs/include/motion_msgs/msg/detail/motion_ctrl__rosidl_typesupport_introspection_c.h\n'}
[0.161999] (motion_msgs) StdoutLine: {'line': b'-- Up-to-date: /home/y/SA_CAO_Simu/SA_CAO/install/motion_msgs/include/motion_msgs/msg/rosidl_typesupport_introspection_c__visibility_control.h\n'}
[0.162070] (motion_msgs) StdoutLine: {'line': b'-- Up-to-date: /home/y/SA_CAO_Simu/SA_CAO/install/motion_msgs/lib/libmotion_msgs__rosidl_typesupport_introspection_c.so\n'}
[0.162230] (motion_msgs) StdoutLine: {'line': b'-- Up-to-date: /home/y/SA_CAO_Simu/SA_CAO/install/motion_msgs/lib/libmotion_msgs__rosidl_typesupport_c.so\n'}
[0.162331] (motion_msgs) StdoutLine: {'line': b'-- Up-to-date: /home/y/SA_CAO_Simu/SA_CAO/install/motion_msgs/include/motion_msgs\n'}
[0.162431] (motion_msgs) StdoutLine: {'line': b'-- Up-to-date: /home/y/SA_CAO_Simu/SA_CAO/install/motion_msgs/include/motion_msgs/msg\n'}
[0.162497] (motion_msgs) StdoutLine: {'line': b'-- Up-to-date: /home/y/SA_CAO_Simu/SA_CAO/install/motion_msgs/include/motion_msgs/msg/leg_motors.hpp\n'}
[0.162536] (motion_msgs) StdoutLine: {'line': b'-- Up-to-date: /home/y/SA_CAO_Simu/SA_CAO/install/motion_msgs/include/motion_msgs/msg/detail\n'}
[0.162646] (motion_msgs) StdoutLine: {'line': b'-- Up-to-date: /home/y/SA_CAO_Simu/SA_CAO/install/motion_msgs/include/motion_msgs/msg/detail/ctrl_plot__traits.hpp\n'}
[0.162667] (motion_msgs) StdoutLine: {'line': b'-- Up-to-date: /home/y/SA_CAO_Simu/SA_CAO/install/motion_msgs/include/motion_msgs/msg/detail/robot_status__type_support.hpp\n'}
[0.162738] (motion_msgs) StdoutLine: {'line': b'-- Up-to-date: /home/y/SA_CAO_Simu/SA_CAO/install/motion_msgs/include/motion_msgs/msg/detail/movement_ctrl_mode__builder.hpp\n'}
[0.162762] (motion_msgs) StdoutLine: {'line': b'-- Up-to-date: /home/y/SA_CAO_Simu/SA_CAO/install/motion_msgs/include/motion_msgs/msg/detail/ctrl_plot__builder.hpp\n'}
[0.162786] (motion_msgs) StdoutLine: {'line': b'-- Up-to-date: /home/y/SA_CAO_Simu/SA_CAO/install/motion_msgs/include/motion_msgs/msg/detail/robot_status__builder.hpp\n'}
[0.162809] (motion_msgs) StdoutLine: {'line': b'-- Up-to-date: /home/y/SA_CAO_Simu/SA_CAO/install/motion_msgs/include/motion_msgs/msg/detail/leg_motors__builder.hpp\n'}
[0.162832] (motion_msgs) StdoutLine: {'line': b'-- Up-to-date: /home/y/SA_CAO_Simu/SA_CAO/install/motion_msgs/include/motion_msgs/msg/detail/movement_ctrl_data__builder.hpp\n'}
[0.162856] (motion_msgs) StdoutLine: {'line': b'-- Up-to-date: /home/y/SA_CAO_Simu/SA_CAO/install/motion_msgs/include/motion_msgs/msg/detail/leg_motors__type_support.hpp\n'}
[0.162879] (motion_msgs) StdoutLine: {'line': b'-- Up-to-date: /home/y/SA_CAO_Simu/SA_CAO/install/motion_msgs/include/motion_msgs/msg/detail/leg_motors__struct.hpp\n'}
[0.162902] (motion_msgs) StdoutLine: {'line': b'-- Up-to-date: /home/y/SA_CAO_Simu/SA_CAO/install/motion_msgs/include/motion_msgs/msg/detail/motion_ctrl__builder.hpp\n'}
[0.162984] (motion_msgs) StdoutLine: {'line': b'-- Up-to-date: /home/y/SA_CAO_Simu/SA_CAO/install/motion_msgs/include/motion_msgs/msg/detail/motion_ctrl__type_support.hpp\n'}
[0.163061] (motion_msgs) StdoutLine: {'line': b'-- Up-to-date: /home/y/SA_CAO_Simu/SA_CAO/install/motion_msgs/include/motion_msgs/msg/detail/motion_ctrl__traits.hpp\n'}
[0.163101] (motion_msgs) StdoutLine: {'line': b'-- Up-to-date: /home/y/SA_CAO_Simu/SA_CAO/install/motion_msgs/include/motion_msgs/msg/detail/leg_motors__traits.hpp\n'}
[0.163119] (motion_msgs) StdoutLine: {'line': b'-- Up-to-date: /home/y/SA_CAO_Simu/SA_CAO/install/motion_msgs/include/motion_msgs/msg/detail/movement_ctrl_data__traits.hpp\n'}
[0.163137] (motion_msgs) StdoutLine: {'line': b'-- Up-to-date: /home/y/SA_CAO_Simu/SA_CAO/install/motion_msgs/include/motion_msgs/msg/detail/motion_ctrl__struct.hpp\n'}
[0.163157] (motion_msgs) StdoutLine: {'line': b'-- Up-to-date: /home/y/SA_CAO_Simu/SA_CAO/install/motion_msgs/include/motion_msgs/msg/detail/robot_status__struct.hpp\n'}
[0.163174] (motion_msgs) StdoutLine: {'line': b'-- Up-to-date: /home/y/SA_CAO_Simu/SA_CAO/install/motion_msgs/include/motion_msgs/msg/detail/movement_ctrl_data__type_support.hpp\n'}
[0.163192] (motion_msgs) StdoutLine: {'line': b'-- Up-to-date: /home/y/SA_CAO_Simu/SA_CAO/install/motion_msgs/include/motion_msgs/msg/detail/robot_status__traits.hpp\n'}
[0.163260] (motion_msgs) StdoutLine: {'line': b'-- Up-to-date: /home/y/SA_CAO_Simu/SA_CAO/install/motion_msgs/include/motion_msgs/msg/detail/movement_ctrl_mode__struct.hpp\n'}
[0.163299] (motion_msgs) StdoutLine: {'line': b'-- Up-to-date: /home/y/SA_CAO_Simu/SA_CAO/install/motion_msgs/include/motion_msgs/msg/detail/movement_ctrl_data__struct.hpp\n'}
[0.163329] (motion_msgs) StdoutLine: {'line': b'-- Up-to-date: /home/y/SA_CAO_Simu/SA_CAO/install/motion_msgs/include/motion_msgs/msg/detail/ctrl_plot__type_support.hpp\n'}
[0.163433] (motion_msgs) StdoutLine: {'line': b'-- Up-to-date: /home/y/SA_CAO_Simu/SA_CAO/install/motion_msgs/include/motion_msgs/msg/detail/movement_ctrl_mode__type_support.hpp\n'}
[0.163489] (motion_msgs) StdoutLine: {'line': b'-- Up-to-date: /home/y/SA_CAO_Simu/SA_CAO/install/motion_msgs/include/motion_msgs/msg/detail/movement_ctrl_mode__traits.hpp\n'}
[0.163515] (motion_msgs) StdoutLine: {'line': b'-- Up-to-date: /home/y/SA_CAO_Simu/SA_CAO/install/motion_msgs/include/motion_msgs/msg/detail/ctrl_plot__struct.hpp\n'}
[0.163538] (motion_msgs) StdoutLine: {'line': b'-- Up-to-date: /home/y/SA_CAO_Simu/SA_CAO/install/motion_msgs/include/motion_msgs/msg/ctrl_plot.hpp\n'}
[0.163561] (motion_msgs) StdoutLine: {'line': b'-- Up-to-date: /home/y/SA_CAO_Simu/SA_CAO/install/motion_msgs/include/motion_msgs/msg/movement_ctrl_mode.hpp\n'}
[0.163583] (motion_msgs) StdoutLine: {'line': b'-- Up-to-date: /home/y/SA_CAO_Simu/SA_CAO/install/motion_msgs/include/motion_msgs/msg/rosidl_generator_cpp__visibility_control.hpp\n'}
[0.163608] (motion_msgs) StdoutLine: {'line': b'-- Up-to-date: /home/y/SA_CAO_Simu/SA_CAO/install/motion_msgs/include/motion_msgs/msg/motion_ctrl.hpp\n'}
[0.163689] (motion_msgs) StdoutLine: {'line': b'-- Up-to-date: /home/y/SA_CAO_Simu/SA_CAO/install/motion_msgs/include/motion_msgs/msg/movement_ctrl_data.hpp\n'}
[0.163720] (motion_msgs) StdoutLine: {'line': b'-- Up-to-date: /home/y/SA_CAO_Simu/SA_CAO/install/motion_msgs/include/motion_msgs/msg/robot_status.hpp\n'}
[0.163739] (motion_msgs) StdoutLine: {'line': b'-- Up-to-date: /home/y/SA_CAO_Simu/SA_CAO/install/motion_msgs/include/motion_msgs\n'}
[0.163759] (motion_msgs) StdoutLine: {'line': b'-- Up-to-date: /home/y/SA_CAO_Simu/SA_CAO/install/motion_msgs/include/motion_msgs/msg\n'}
[0.163782] (motion_msgs) StdoutLine: {'line': b'-- Up-to-date: /home/y/SA_CAO_Simu/SA_CAO/install/motion_msgs/include/motion_msgs/msg/detail\n'}
[0.163805] (motion_msgs) StdoutLine: {'line': b'-- Up-to-date: /home/y/SA_CAO_Simu/SA_CAO/install/motion_msgs/include/motion_msgs/msg/detail/movement_ctrl_mode__type_support.cpp\n'}
[0.163860] (motion_msgs) StdoutLine: {'line': b'-- Up-to-date: /home/y/SA_CAO_Simu/SA_CAO/install/motion_msgs/include/motion_msgs/msg/detail/leg_motors__type_support.cpp\n'}
[0.163879] (motion_msgs) StdoutLine: {'line': b'-- Up-to-date: /home/y/SA_CAO_Simu/SA_CAO/install/motion_msgs/include/motion_msgs/msg/detail/robot_status__type_support.cpp\n'}
[0.163896] (motion_msgs) StdoutLine: {'line': b'-- Up-to-date: /home/y/SA_CAO_Simu/SA_CAO/install/motion_msgs/include/motion_msgs/msg/detail/ctrl_plot__rosidl_typesupport_introspection_cpp.hpp\n'}
[0.163914] (motion_msgs) StdoutLine: {'line': b'-- Up-to-date: /home/y/SA_CAO_Simu/SA_CAO/install/motion_msgs/include/motion_msgs/msg/detail/movement_ctrl_mode__rosidl_typesupport_introspection_cpp.hpp\n'}
[0.163937] (motion_msgs) StdoutLine: {'line': b'-- Up-to-date: /home/y/SA_CAO_Simu/SA_CAO/install/motion_msgs/include/motion_msgs/msg/detail/movement_ctrl_data__rosidl_typesupport_introspection_cpp.hpp\n'}
[0.163968] (motion_msgs) StdoutLine: {'line': b'-- Up-to-date: /home/y/SA_CAO_Simu/SA_CAO/install/motion_msgs/include/motion_msgs/msg/detail/ctrl_plot__type_support.cpp\n'}
[0.163986] (motion_msgs) StdoutLine: {'line': b'-- Up-to-date: /home/y/SA_CAO_Simu/SA_CAO/install/motion_msgs/include/motion_msgs/msg/detail/leg_motors__rosidl_typesupport_introspection_cpp.hpp\n'}
[0.164003] (motion_msgs) StdoutLine: {'line': b'-- Up-to-date: /home/y/SA_CAO_Simu/SA_CAO/install/motion_msgs/include/motion_msgs/msg/detail/motion_ctrl__rosidl_typesupport_introspection_cpp.hpp\n'}
[0.164027] (motion_msgs) StdoutLine: {'line': b'-- Up-to-date: /home/y/SA_CAO_Simu/SA_CAO/install/motion_msgs/include/motion_msgs/msg/detail/robot_status__rosidl_typesupport_introspection_cpp.hpp\n'}
[0.164046] (motion_msgs) StdoutLine: {'line': b'-- Up-to-date: /home/y/SA_CAO_Simu/SA_CAO/install/motion_msgs/include/motion_msgs/msg/detail/movement_ctrl_data__type_support.cpp\n'}
[0.164069] (motion_msgs) StdoutLine: {'line': b'-- Up-to-date: /home/y/SA_CAO_Simu/SA_CAO/install/motion_msgs/include/motion_msgs/msg/detail/motion_ctrl__type_support.cpp\n'}
[0.164133] (motion_msgs) StdoutLine: {'line': b'-- Up-to-date: /home/y/SA_CAO_Simu/SA_CAO/install/motion_msgs/lib/libmotion_msgs__rosidl_typesupport_introspection_cpp.so\n'}
[0.164152] (motion_msgs) StdoutLine: {'line': b'-- Up-to-date: /home/y/SA_CAO_Simu/SA_CAO/install/motion_msgs/lib/libmotion_msgs__rosidl_typesupport_cpp.so\n'}
[0.164196] (motion_msgs) StdoutLine: {'line': b'-- Up-to-date: /home/y/SA_CAO_Simu/SA_CAO/install/motion_msgs/share/motion_msgs/environment/pythonpath.sh\n'}
[0.164242] (motion_msgs) StdoutLine: {'line': b'-- Up-to-date: /home/y/SA_CAO_Simu/SA_CAO/install/motion_msgs/share/motion_msgs/environment/pythonpath.dsv\n'}
[0.164304] (motion_msgs) StdoutLine: {'line': b'-- Up-to-date: /home/y/SA_CAO_Simu/SA_CAO/install/motion_msgs/lib/python3.8/site-packages/motion_msgs/__init__.py\n'}
[0.179591] (motion_msgs) StdoutLine: {'line': b'-- Up-to-date: /home/y/SA_CAO_Simu/SA_CAO/install/motion_msgs/lib/python3.8/site-packages/motion_msgs/msg\n'}
[0.179791] (motion_msgs) StdoutLine: {'line': b'-- Up-to-date: /home/y/SA_CAO_Simu/SA_CAO/install/motion_msgs/lib/python3.8/site-packages/motion_msgs/msg/_leg_motors_s.c\n'}
[0.179819] (motion_msgs) StdoutLine: {'line': b'-- Up-to-date: /home/y/SA_CAO_Simu/SA_CAO/install/motion_msgs/lib/python3.8/site-packages/motion_msgs/msg/_movement_ctrl_mode.py\n'}
[0.179837] (motion_msgs) StdoutLine: {'line': b'-- Up-to-date: /home/y/SA_CAO_Simu/SA_CAO/install/motion_msgs/lib/python3.8/site-packages/motion_msgs/msg/_leg_motors.py\n'}
[0.179855] (motion_msgs) StdoutLine: {'line': b'-- Up-to-date: /home/y/SA_CAO_Simu/SA_CAO/install/motion_msgs/lib/python3.8/site-packages/motion_msgs/msg/__init__.py\n'}
[0.179872] (motion_msgs) StdoutLine: {'line': b'-- Up-to-date: /home/y/SA_CAO_Simu/SA_CAO/install/motion_msgs/lib/python3.8/site-packages/motion_msgs/msg/_ctrl_plot_s.c\n'}
[0.179888] (motion_msgs) StdoutLine: {'line': b'-- Up-to-date: /home/y/SA_CAO_Simu/SA_CAO/install/motion_msgs/lib/python3.8/site-packages/motion_msgs/msg/_robot_status.py\n'}
[0.179905] (motion_msgs) StdoutLine: {'line': b'-- Up-to-date: /home/y/SA_CAO_Simu/SA_CAO/install/motion_msgs/lib/python3.8/site-packages/motion_msgs/msg/_motion_ctrl_s.c\n'}
[0.179941] (motion_msgs) StdoutLine: {'line': b'-- Up-to-date: /home/y/SA_CAO_Simu/SA_CAO/install/motion_msgs/lib/python3.8/site-packages/motion_msgs/msg/_motion_ctrl.py\n'}
[0.179963] (motion_msgs) StdoutLine: {'line': b'-- Up-to-date: /home/y/SA_CAO_Simu/SA_CAO/install/motion_msgs/lib/python3.8/site-packages/motion_msgs/msg/_movement_ctrl_data.py\n'}
[0.179980] (motion_msgs) StdoutLine: {'line': b'-- Up-to-date: /home/y/SA_CAO_Simu/SA_CAO/install/motion_msgs/lib/python3.8/site-packages/motion_msgs/msg/_movement_ctrl_data_s.c\n'}
[0.180049] (motion_msgs) StdoutLine: {'line': b'-- Up-to-date: /home/y/SA_CAO_Simu/SA_CAO/install/motion_msgs/lib/python3.8/site-packages/motion_msgs/msg/_movement_ctrl_mode_s.c\n'}
[0.180068] (motion_msgs) StdoutLine: {'line': b'-- Up-to-date: /home/y/SA_CAO_Simu/SA_CAO/install/motion_msgs/lib/python3.8/site-packages/motion_msgs/msg/_ctrl_plot.py\n'}
[0.180085] (motion_msgs) StdoutLine: {'line': b'-- Up-to-date: /home/y/SA_CAO_Simu/SA_CAO/install/motion_msgs/lib/python3.8/site-packages/motion_msgs/msg/_robot_status_s.c\n'}
[0.180101] (motion_msgs) StdoutLine: {'line': b'-- Up-to-date: /home/y/SA_CAO_Simu/SA_CAO/install/motion_msgs/lib/python3.8/site-packages/motion_msgs/motion_msgs_s__rosidl_typesupport_fastrtps_c.cpython-38-aarch64-linux-gnu.so\n'}
[0.180375] (motion_msgs) StdoutLine: {'line': b'-- Up-to-date: /home/y/SA_CAO_Simu/SA_CAO/install/motion_msgs/lib/python3.8/site-packages/motion_msgs/motion_msgs_s__rosidl_typesupport_introspection_c.cpython-38-aarch64-linux-gnu.so\n'}
[0.180708] (motion_msgs) StdoutLine: {'line': b'-- Up-to-date: /home/y/SA_CAO_Simu/SA_CAO/install/motion_msgs/lib/python3.8/site-packages/motion_msgs/motion_msgs_s__rosidl_typesupport_c.cpython-38-aarch64-linux-gnu.so\n'}
[0.180954] (motion_msgs) StdoutLine: {'line': b'-- Up-to-date: /home/y/SA_CAO_Simu/SA_CAO/install/motion_msgs/lib/libmotion_msgs__python.so\n'}
[0.181045] (motion_msgs) StdoutLine: {'line': b'-- Up-to-date: /home/y/SA_CAO_Simu/SA_CAO/install/motion_msgs/share/motion_msgs/msg/CtrlPlot.idl\n'}
[0.181106] (motion_msgs) StdoutLine: {'line': b'-- Up-to-date: /home/y/SA_CAO_Simu/SA_CAO/install/motion_msgs/share/motion_msgs/msg/LegMotors.idl\n'}
[0.181181] (motion_msgs) StdoutLine: {'line': b'-- Up-to-date: /home/y/SA_CAO_Simu/SA_CAO/install/motion_msgs/share/motion_msgs/msg/MotionCtrl.idl\n'}
[0.181202] (motion_msgs) StdoutLine: {'line': b'-- Up-to-date: /home/y/SA_CAO_Simu/SA_CAO/install/motion_msgs/share/motion_msgs/msg/RobotStatus.idl\n'}
[0.181258] (motion_msgs) StdoutLine: {'line': b'-- Up-to-date: /home/y/SA_CAO_Simu/SA_CAO/install/motion_msgs/share/motion_msgs/msg/MovementCtrlData.idl\n'}
[0.181348] (motion_msgs) StdoutLine: {'line': b'-- Up-to-date: /home/y/SA_CAO_Simu/SA_CAO/install/motion_msgs/share/motion_msgs/msg/MovementCtrlMode.idl\n'}
[0.181376] (motion_msgs) StdoutLine: {'line': b'-- Up-to-date: /home/y/SA_CAO_Simu/SA_CAO/install/motion_msgs/share/motion_msgs/msg/CtrlPlot.msg\n'}
[0.181450] (motion_msgs) StdoutLine: {'line': b'-- Up-to-date: /home/y/SA_CAO_Simu/SA_CAO/install/motion_msgs/share/motion_msgs/msg/LegMotors.msg\n'}
[0.181478] (motion_msgs) StdoutLine: {'line': b'-- Up-to-date: /home/y/SA_CAO_Simu/SA_CAO/install/motion_msgs/share/motion_msgs/msg/MotionCtrl.msg\n'}
[0.181535] (motion_msgs) StdoutLine: {'line': b'-- Up-to-date: /home/y/SA_CAO_Simu/SA_CAO/install/motion_msgs/share/motion_msgs/msg/RobotStatus.msg\n'}
[0.181615] (motion_msgs) StdoutLine: {'line': b'-- Up-to-date: /home/y/SA_CAO_Simu/SA_CAO/install/motion_msgs/share/motion_msgs/msg/MovementCtrlData.msg\n'}
[0.181640] (motion_msgs) StdoutLine: {'line': b'-- Up-to-date: /home/y/SA_CAO_Simu/SA_CAO/install/motion_msgs/share/motion_msgs/msg/MovementCtrlMode.msg\n'}
[0.181691] (motion_msgs) StdoutLine: {'line': b'-- Up-to-date: /home/y/SA_CAO_Simu/SA_CAO/install/motion_msgs/share/ament_index/resource_index/package_run_dependencies/motion_msgs\n'}
[0.181752] (motion_msgs) StdoutLine: {'line': b'-- Up-to-date: /home/y/SA_CAO_Simu/SA_CAO/install/motion_msgs/share/ament_index/resource_index/parent_prefix_path/motion_msgs\n'}
[0.181798] (motion_msgs) StdoutLine: {'line': b'-- Up-to-date: /home/y/SA_CAO_Simu/SA_CAO/install/motion_msgs/share/motion_msgs/environment/ament_prefix_path.sh\n'}
[0.181858] (motion_msgs) StdoutLine: {'line': b'-- Up-to-date: /home/y/SA_CAO_Simu/SA_CAO/install/motion_msgs/share/motion_msgs/environment/ament_prefix_path.dsv\n'}
[0.181929] (motion_msgs) StdoutLine: {'line': b'-- Up-to-date: /home/y/SA_CAO_Simu/SA_CAO/install/motion_msgs/share/motion_msgs/environment/path.sh\n'}
[0.181998] (motion_msgs) StdoutLine: {'line': b'-- Up-to-date: /home/y/SA_CAO_Simu/SA_CAO/install/motion_msgs/share/motion_msgs/environment/path.dsv\n'}
[0.182041] (motion_msgs) StdoutLine: {'line': b'-- Up-to-date: /home/y/SA_CAO_Simu/SA_CAO/install/motion_msgs/share/motion_msgs/local_setup.bash\n'}
[0.182060] (motion_msgs) StdoutLine: {'line': b'-- Up-to-date: /home/y/SA_CAO_Simu/SA_CAO/install/motion_msgs/share/motion_msgs/local_setup.sh\n'}
[0.182140] (motion_msgs) StdoutLine: {'line': b'-- Up-to-date: /home/y/SA_CAO_Simu/SA_CAO/install/motion_msgs/share/motion_msgs/local_setup.zsh\n'}
[0.182176] (motion_msgs) StdoutLine: {'line': b'-- Up-to-date: /home/y/SA_CAO_Simu/SA_CAO/install/motion_msgs/share/motion_msgs/local_setup.dsv\n'}
[0.182249] (motion_msgs) StdoutLine: {'line': b'-- Installing: /home/y/SA_CAO_Simu/SA_CAO/install/motion_msgs/share/motion_msgs/package.dsv\n'}
[0.182366] (motion_msgs) StdoutLine: {'line': b'-- Up-to-date: /home/y/SA_CAO_Simu/SA_CAO/install/motion_msgs/share/ament_index/resource_index/packages/motion_msgs\n'}
[0.182483] (motion_msgs) StdoutLine: {'line': b'-- Up-to-date: /home/y/SA_CAO_Simu/SA_CAO/install/motion_msgs/share/motion_msgs/cmake/motion_msgs__rosidl_generator_cExport.cmake\n'}
[0.182552] (motion_msgs) StdoutLine: {'line': b'-- Up-to-date: /home/y/SA_CAO_Simu/SA_CAO/install/motion_msgs/share/motion_msgs/cmake/motion_msgs__rosidl_generator_cExport-noconfig.cmake\n'}
[0.182657] (motion_msgs) StdoutLine: {'line': b'-- Up-to-date: /home/y/SA_CAO_Simu/SA_CAO/install/motion_msgs/share/motion_msgs/cmake/motion_msgs__rosidl_typesupport_introspection_cExport.cmake\n'}
[0.182735] (motion_msgs) StdoutLine: {'line': b'-- Up-to-date: /home/y/SA_CAO_Simu/SA_CAO/install/motion_msgs/share/motion_msgs/cmake/motion_msgs__rosidl_typesupport_introspection_cExport-noconfig.cmake\n'}
[0.182819] (motion_msgs) StdoutLine: {'line': b'-- Up-to-date: /home/y/SA_CAO_Simu/SA_CAO/install/motion_msgs/share/motion_msgs/cmake/motion_msgs__rosidl_typesupport_cExport.cmake\n'}
[0.182899] (motion_msgs) StdoutLine: {'line': b'-- Up-to-date: /home/y/SA_CAO_Simu/SA_CAO/install/motion_msgs/share/motion_msgs/cmake/motion_msgs__rosidl_typesupport_cExport-noconfig.cmake\n'}
[0.182991] (motion_msgs) StdoutLine: {'line': b'-- Up-to-date: /home/y/SA_CAO_Simu/SA_CAO/install/motion_msgs/share/motion_msgs/cmake/motion_msgs__rosidl_generator_cppExport.cmake\n'}
[0.183126] (motion_msgs) StdoutLine: {'line': b'-- Up-to-date: /home/y/SA_CAO_Simu/SA_CAO/install/motion_msgs/share/motion_msgs/cmake/motion_msgs__rosidl_typesupport_introspection_cppExport.cmake\n'}
[0.183182] (motion_msgs) StdoutLine: {'line': b'-- Up-to-date: /home/y/SA_CAO_Simu/SA_CAO/install/motion_msgs/share/motion_msgs/cmake/motion_msgs__rosidl_typesupport_introspection_cppExport-noconfig.cmake\n'}
[0.183294] (motion_msgs) StdoutLine: {'line': b'-- Up-to-date: /home/y/SA_CAO_Simu/SA_CAO/install/motion_msgs/share/motion_msgs/cmake/motion_msgs__rosidl_typesupport_cppExport.cmake\n'}
[0.183357] (motion_msgs) StdoutLine: {'line': b'-- Up-to-date: /home/y/SA_CAO_Simu/SA_CAO/install/motion_msgs/share/motion_msgs/cmake/motion_msgs__rosidl_typesupport_cppExport-noconfig.cmake\n'}
[0.183447] (motion_msgs) StdoutLine: {'line': b'-- Up-to-date: /home/y/SA_CAO_Simu/SA_CAO/install/motion_msgs/share/motion_msgs/cmake/rosidl_cmake-extras.cmake\n'}
[0.183528] (motion_msgs) StdoutLine: {'line': b'-- Up-to-date: /home/y/SA_CAO_Simu/SA_CAO/install/motion_msgs/share/motion_msgs/cmake/ament_cmake_export_dependencies-extras.cmake\n'}
[0.183549] (motion_msgs) StdoutLine: {'line': b'-- Up-to-date: /home/y/SA_CAO_Simu/SA_CAO/install/motion_msgs/share/motion_msgs/cmake/ament_cmake_export_libraries-extras.cmake\n'}
[0.183571] (motion_msgs) StdoutLine: {'line': b'-- Up-to-date: /home/y/SA_CAO_Simu/SA_CAO/install/motion_msgs/share/motion_msgs/cmake/ament_cmake_export_targets-extras.cmake\n'}
[0.183632] (motion_msgs) StdoutLine: {'line': b'-- Up-to-date: /home/y/SA_CAO_Simu/SA_CAO/install/motion_msgs/share/motion_msgs/cmake/ament_cmake_export_include_directories-extras.cmake\n'}
[0.183683] (motion_msgs) StdoutLine: {'line': b'-- Up-to-date: /home/y/SA_CAO_Simu/SA_CAO/install/motion_msgs/share/motion_msgs/cmake/rosidl_cmake_export_typesupport_libraries-extras.cmake\n'}
[0.183738] (motion_msgs) StdoutLine: {'line': b'-- Up-to-date: /home/y/SA_CAO_Simu/SA_CAO/install/motion_msgs/share/motion_msgs/cmake/rosidl_cmake_export_typesupport_targets-extras.cmake\n'}
[0.183799] (motion_msgs) StdoutLine: {'line': b'-- Up-to-date: /home/y/SA_CAO_Simu/SA_CAO/install/motion_msgs/share/motion_msgs/cmake/motion_msgsConfig.cmake\n'}
[0.183836] (motion_msgs) StdoutLine: {'line': b'-- Up-to-date: /home/y/SA_CAO_Simu/SA_CAO/install/motion_msgs/share/motion_msgs/cmake/motion_msgsConfig-version.cmake\n'}
[0.183906] (motion_msgs) StdoutLine: {'line': b'-- Up-to-date: /home/y/SA_CAO_Simu/SA_CAO/install/motion_msgs/share/motion_msgs/package.xml\n'}
[0.185211] (motion_msgs) CommandEnded: {'returncode': 0}
[0.193429] (motion_msgs) JobEnded: {'identifier': 'motion_msgs', 'rc': 0}
[0.193642] (sub_dwav18) JobStarted: {'identifier': 'sub_dwav18'}
[0.198040] (sub_dwav18) JobProgress: {'identifier': 'sub_dwav18', 'progress': 'cmake'}
[0.198643] (sub_dwav18) Command: {'cmd': ['/usr/bin/cmake', '/home/y/SA_CAO_Simu/SA_CAO/src/sub_dwav18', '-DCMAKE_INSTALL_PREFIX=/home/y/SA_CAO_Simu/SA_CAO/install/sub_dwav18'], 'cwd': '/home/y/SA_CAO_Simu/SA_CAO/build/sub_dwav18', 'env': OrderedDict([('USER', 'y'), ('SSH_CLIENT', '192.168.3.53 51534 22'), ('XDG_SESSION_TYPE', 'tty'), ('SHLVL', '1'), ('LD_LIBRARY_PATH', '/home/y/SA_CAO_Simu/SA_CAO/install/motion_msgs/lib:/home/y/SA_CAO_Simu/SA_CAO/install/turtlebot3_msgs/lib:/home/y/SA_CAO_Simu/SA_CAO/install/diablo_body/lib:/home/y/SA_CAO_Simu/SA_CAO/install/diablo_utils/lib:/home/y/SA_CAO_Simu/SA_CAO/install/diablo_rviz2_control_plugin/lib:/home/y/SA_CAO_Simu/SA_CAO/install/dynamixel_sdk_custom_interfaces/lib:/home/y/SA_CAO_Simu/SA_CAO/install/dynamixel_sdk/lib:/home/y/SA_CAO_Simu/SA_CAO/install/ception_msgs/lib:/usr/lib/aarch64-linux-gnu/gazebo-11/plugins:/opt/ros/foxy/opt/yaml_cpp_vendor/lib:/opt/ros/foxy/opt/rviz_ogre_vendor/lib:/opt/ros/foxy/lib/aarch64-linux-gnu:/opt/ros/foxy/lib'), ('MOTD_SHOWN', 'pam'), ('HOME', '/home/y'), ('OLDPWD', '/home/y'), ('ROS_PYTHON_VERSION', '3'), ('DBUS_SESSION_BUS_ADDRESS', 'unix:path=/run/user/1000/bus'), ('COLCON_PREFIX_PATH', '/home/y/SA_CAO_Simu/SA_CAO/install'), ('ROS_DISTRO', 'foxy'), ('LOGNAME', 'y'), ('_', '/usr/bin/colcon'), ('ROS_VERSION', '2'), ('XDG_SESSION_CLASS', 'user'), ('XDG_SESSION_ID', '62'), ('ROS_LOCALHOST_ONLY', '0'), ('PATH', '/opt/ros/foxy/bin:/usr/local/sbin:/usr/local/bin:/usr/sbin:/usr/bin:/sbin:/bin:/usr/games:/usr/local/games:/snap/bin'), ('XDG_RUNTIME_DIR', '/run/user/1000'), ('LANG', 'en_US.UTF-8'), ('AMENT_PREFIX_PATH', '/home/y/SA_CAO_Simu/SA_CAO/install/turtlebot3:/home/y/SA_CAO_Simu/SA_CAO/install/turtlebot3_teleop:/home/y/SA_CAO_Simu/SA_CAO/install/turtlebot3_simulations:/home/y/SA_CAO_Simu/SA_CAO/install/turtlebot3_bringup:/home/y/SA_CAO_Simu/SA_CAO/install/turtlebot3_node:/home/y/SA_CAO_Simu/SA_CAO/install/turtlebot3_navigation2:/home/y/SA_CAO_Simu/SA_CAO/install/turtlebot3_fake_node:/home/y/SA_CAO_Simu/SA_CAO/install/turtlebot3_example:/home/y/SA_CAO_Simu/SA_CAO/install/turtlebot3_msgs:/home/y/SA_CAO_Simu/SA_CAO/install/turtlebot3_gazebo:/home/y/SA_CAO_Simu/SA_CAO/install/turtlebot3_description:/home/y/SA_CAO_Simu/SA_CAO/install/turtlebot3_cartographer:/home/y/SA_CAO_Simu/SA_CAO/install/sub_dwav17:/home/y/SA_CAO_Simu/SA_CAO/install/pure_pursuit:/home/y/SA_CAO_Simu/SA_CAO/install/my_balance_pkg:/home/y/SA_CAO_Simu/SA_CAO/install/diablo_simpose_trans:/home/y/SA_CAO_Simu/SA_CAO/install/diablo_body:/home/y/SA_CAO_Simu/SA_CAO/install/diablo_utils:/home/y/SA_CAO_Simu/SA_CAO/install/diablo_rviz2_control_plugin:/home/y/SA_CAO_Simu/SA_CAO/install/motion_msgs:/home/y/SA_CAO_Simu/SA_CAO/install/launch_diablo:/home/y/SA_CAO_Simu/SA_CAO/install/hls_lfcd_lds_driver:/home/y/SA_CAO_Simu/SA_CAO/install/dynamixel_sdk_examples:/home/y/SA_CAO_Simu/SA_CAO/install/dynamixel_sdk_custom_interfaces:/home/y/SA_CAO_Simu/SA_CAO/install/dynamixel_sdk:/home/y/SA_CAO_Simu/SA_CAO/install/diablo_simulation:/home/y/SA_CAO_Simu/SA_CAO/install/ception_msgs:/opt/ros/foxy'), ('SHELL', '/bin/bash'), ('PWD', '/home/y/SA_CAO_Simu/SA_CAO/build/sub_dwav18'), ('LC_ALL', 'C'), ('SSH_CONNECTION', '192.168.3.53 51534 192.168.3.67 22'), ('PYTHONPATH', '/home/y/SA_CAO_Simu/SA_CAO/install/motion_msgs/lib/python3.8/site-packages:/home/y/SA_CAO_Simu/SA_CAO/install/turtlebot3_teleop/lib/python3.8/site-packages:/home/y/SA_CAO_Simu/SA_CAO/install/turtlebot3_example/lib/python3.8/site-packages:/home/y/SA_CAO_Simu/SA_CAO/install/turtlebot3_msgs/lib/python3.8/site-packages:/home/y/SA_CAO_Simu/SA_CAO/install/pure_pursuit/lib/python3.8/site-packages:/home/y/SA_CAO_Simu/SA_CAO/install/my_balance_pkg/lib/python3.8/site-packages:/home/y/SA_CAO_Simu/SA_CAO/install/launch_diablo/lib/python3.8/site-packages:/home/y/SA_CAO_Simu/SA_CAO/install/dynamixel_sdk_custom_interfaces/lib/python3.8/site-packages:/home/y/SA_CAO_Simu/SA_CAO/install/diablo_simulation/lib/python3.8/site-packages:/home/y/SA_CAO_Simu/SA_CAO/install/ception_msgs/lib/python3.8/site-packages:/opt/ros/foxy/lib/python3.8/site-packages'), ('COLCON', '1'), ('CMAKE_PREFIX_PATH', '/home/y/SA_CAO_Simu/SA_CAO/install/motion_msgs:/home/y/SA_CAO_Simu/SA_CAO/install/turtlebot3:/home/y/SA_CAO_Simu/SA_CAO/install/turtlebot3_simulations:/home/y/SA_CAO_Simu/SA_CAO/install/turtlebot3_bringup:/home/y/SA_CAO_Simu/SA_CAO/install/turtlebot3_node:/home/y/SA_CAO_Simu/SA_CAO/install/turtlebot3_navigation2:/home/y/SA_CAO_Simu/SA_CAO/install/turtlebot3_fake_node:/home/y/SA_CAO_Simu/SA_CAO/install/turtlebot3_msgs:/home/y/SA_CAO_Simu/SA_CAO/install/turtlebot3_gazebo:/home/y/SA_CAO_Simu/SA_CAO/install/turtlebot3_description:/home/y/SA_CAO_Simu/SA_CAO/install/turtlebot3_cartographer:/home/y/SA_CAO_Simu/SA_CAO/install/sub_dwav17:/home/y/SA_CAO_Simu/SA_CAO/install/diablo_simpose_trans:/home/y/SA_CAO_Simu/SA_CAO/install/diablo_body:/home/y/SA_CAO_Simu/SA_CAO/install/diablo_utils:/home/y/SA_CAO_Simu/SA_CAO/install/diablo_rviz2_control_plugin:/home/y/SA_CAO_Simu/SA_CAO/install/hls_lfcd_lds_driver:/home/y/SA_CAO_Simu/SA_CAO/install/dynamixel_sdk_examples:/home/y/SA_CAO_Simu/SA_CAO/install/dynamixel_sdk_custom_interfaces:/home/y/SA_CAO_Simu/SA_CAO/install/dynamixel_sdk:/home/y/SA_CAO_Simu/SA_CAO/install/ception_msgs:/home/y/SA_CAO_Simu/SA_CAO/install/turtlebot3_teleop:/home/y/SA_CAO_Simu/SA_CAO/install/turtlebot3_example:/home/y/SA_CAO_Simu/SA_CAO/install/pure_pursuit:/home/y/SA_CAO_Simu/SA_CAO/install/my_balance_pkg:/home/y/SA_CAO_Simu/SA_CAO/install/launch_diablo:/home/y/SA_CAO_Simu/SA_CAO/install/diablo_simulation:/opt/ros/foxy')]), 'shell': False}
[0.199939] (-) TimerEvent: {}
[0.300145] (-) TimerEvent: {}
[0.365793] (sub_dwav18) StdoutLine: {'line': b'-- The C compiler identification is GNU 9.4.0\n'}
[0.400240] (-) TimerEvent: {}
[0.487110] (sub_dwav18) StdoutLine: {'line': b'-- The CXX compiler identification is GNU 9.4.0\n'}
[0.494222] (sub_dwav18) StdoutLine: {'line': b'-- Check for working C compiler: /usr/bin/cc\n'}
[0.500391] (-) TimerEvent: {}
[0.526149] (sub_dwav18) StdoutLine: {'line': b'-- Check for working C compiler: /usr/bin/cc -- works\n'}
[0.526849] (sub_dwav18) StdoutLine: {'line': b'-- Detecting C compiler ABI info\n'}
[0.558737] (sub_dwav18) StdoutLine: {'line': b'-- Detecting C compiler ABI info - done\n'}
[0.563697] (sub_dwav18) StdoutLine: {'line': b'-- Detecting C compile features\n'}
[0.564163] (sub_dwav18) StdoutLine: {'line': b'-- Detecting C compile features - done\n'}
[0.565481] (sub_dwav18) StdoutLine: {'line': b'-- Check for working CXX compiler: /usr/bin/c++\n'}
[0.599984] (sub_dwav18) StdoutLine: {'line': b'-- Check for working CXX compiler: /usr/bin/c++ -- works\n'}
[0.600460] (-) TimerEvent: {}
[0.600516] (sub_dwav18) StdoutLine: {'line': b'-- Detecting CXX compiler ABI info\n'}
[0.635827] (sub_dwav18) StdoutLine: {'line': b'-- Detecting CXX compiler ABI info - done\n'}
[0.640700] (sub_dwav18) StdoutLine: {'line': b'-- Detecting CXX compile features\n'}
[0.640934] (sub_dwav18) StdoutLine: {'line': b'-- Detecting CXX compile features - done\n'}
[0.644552] (sub_dwav18) StdoutLine: {'line': b'-- Found ament_cmake: 0.9.12 (/opt/ros/foxy/share/ament_cmake/cmake)\n'}
[0.661503] (sub_dwav18) StdoutLine: {'line': b'-- Found PythonInterp: /usr/bin/python3 (found suitable version "3.8.10", minimum required is "3") \n'}
[0.661584] (sub_dwav18) StdoutLine: {'line': b'-- Using PYTHON_EXECUTABLE: /usr/bin/python3\n'}
[0.700551] (-) TimerEvent: {}
[0.761387] (sub_dwav18) StdoutLine: {'line': b'-- Found ament_cmake_ros: 0.9.2 (/opt/ros/foxy/share/ament_cmake_ros/cmake)\n'}
[0.771120] (sub_dwav18) StdoutLine: {'line': b'-- Found geometry_msgs: 2.0.5 (/opt/ros/foxy/share/geometry_msgs/cmake)\n'}
[0.800677] (-) TimerEvent: {}
[0.800812] (sub_dwav18) StdoutLine: {'line': b'-- Using all available rosidl_typesupport_c: rosidl_typesupport_fastrtps_c;rosidl_typesupport_introspection_c\n'}
[0.807046] (sub_dwav18) StdoutLine: {'line': b'-- Found rosidl_adapter: 1.3.1 (/opt/ros/foxy/share/rosidl_adapter/cmake)\n'}
[0.871735] (sub_dwav18) StdoutLine: {'line': b'-- Found OpenSSL: /usr/lib/aarch64-linux-gnu/libcrypto.so (found version "1.1.1f")  \n'}
[0.890315] (sub_dwav18) StdoutLine: {'line': b'-- Found FastRTPS: /opt/ros/foxy/include  \n'}
[0.900829] (-) TimerEvent: {}
[0.938723] (sub_dwav18) StdoutLine: {'line': b'-- Using all available rosidl_typesupport_cpp: rosidl_typesupport_fastrtps_cpp;rosidl_typesupport_introspection_cpp\n'}
[0.981522] (sub_dwav18) StdoutLine: {'line': b'-- Found motion_msgs: 1.0.0 (/home/y/SA_CAO_Simu/SA_CAO/install/motion_msgs/share/motion_msgs/cmake)\n'}
[1.000891] (-) TimerEvent: {}
[1.002213] (sub_dwav18) StdoutLine: {'line': b'-- Found rclcpp: 2.4.3 (/opt/ros/foxy/share/rclcpp/cmake)\n'}
[1.035859] (sub_dwav18) StdoutLine: {'line': b'-- Found rmw_implementation_cmake: 1.0.4 (/opt/ros/foxy/share/rmw_implementation_cmake/cmake)\n'}
[1.037554] (sub_dwav18) StdoutLine: {'line': b"-- Using RMW implementation 'rmw_fastrtps_cpp' as default\n"}
[1.039594] (sub_dwav18) StdoutLine: {'line': b'-- Looking for pthread.h\n'}
[1.090385] (sub_dwav18) StdoutLine: {'line': b'-- Looking for pthread.h - found\n'}
[1.090467] (sub_dwav18) StdoutLine: {'line': b'-- Performing Test CMAKE_HAVE_LIBC_PTHREAD\n'}
[1.100994] (-) TimerEvent: {}
[1.121253] (sub_dwav18) StdoutLine: {'line': b'-- Performing Test CMAKE_HAVE_LIBC_PTHREAD - Failed\n'}
[1.121328] (sub_dwav18) StdoutLine: {'line': b'-- Looking for pthread_create in pthreads\n'}
[1.145541] (sub_dwav18) StdoutLine: {'line': b'-- Looking for pthread_create in pthreads - not found\n'}
[1.145646] (sub_dwav18) StdoutLine: {'line': b'-- Looking for pthread_create in pthread\n'}
[1.175428] (sub_dwav18) StdoutLine: {'line': b'-- Looking for pthread_create in pthread - found\n'}
[1.175988] (sub_dwav18) StdoutLine: {'line': b'-- Found Threads: TRUE  \n'}
[1.201110] (-) TimerEvent: {}
[1.253780] (sub_dwav18) StdoutLine: {'line': b'-- Found sensor_msgs: 2.0.5 (/opt/ros/foxy/share/sensor_msgs/cmake)\n'}
[1.301187] (-) TimerEvent: {}
[1.319133] (sub_dwav18) StdoutLine: {'line': b'-- Configuring done\n'}
[1.323599] (sub_dwav18) StdoutLine: {'line': b'-- Generating done\n'}
[1.325603] (sub_dwav18) StdoutLine: {'line': b'-- Build files have been written to: /home/y/SA_CAO_Simu/SA_CAO/build/sub_dwav18\n'}
[1.330030] (sub_dwav18) CommandEnded: {'returncode': 0}
[1.330555] (sub_dwav18) JobProgress: {'identifier': 'sub_dwav18', 'progress': 'build'}
[1.330570] (sub_dwav18) Command: {'cmd': ['/usr/bin/cmake', '--build', '/home/y/SA_CAO_Simu/SA_CAO/build/sub_dwav18', '--', '-j2', '-l2'], 'cwd': '/home/y/SA_CAO_Simu/SA_CAO/build/sub_dwav18', 'env': OrderedDict([('USER', 'y'), ('SSH_CLIENT', '192.168.3.53 51534 22'), ('XDG_SESSION_TYPE', 'tty'), ('SHLVL', '1'), ('LD_LIBRARY_PATH', '/home/y/SA_CAO_Simu/SA_CAO/install/motion_msgs/lib:/home/y/SA_CAO_Simu/SA_CAO/install/turtlebot3_msgs/lib:/home/y/SA_CAO_Simu/SA_CAO/install/diablo_body/lib:/home/y/SA_CAO_Simu/SA_CAO/install/diablo_utils/lib:/home/y/SA_CAO_Simu/SA_CAO/install/diablo_rviz2_control_plugin/lib:/home/y/SA_CAO_Simu/SA_CAO/install/dynamixel_sdk_custom_interfaces/lib:/home/y/SA_CAO_Simu/SA_CAO/install/dynamixel_sdk/lib:/home/y/SA_CAO_Simu/SA_CAO/install/ception_msgs/lib:/usr/lib/aarch64-linux-gnu/gazebo-11/plugins:/opt/ros/foxy/opt/yaml_cpp_vendor/lib:/opt/ros/foxy/opt/rviz_ogre_vendor/lib:/opt/ros/foxy/lib/aarch64-linux-gnu:/opt/ros/foxy/lib'), ('MOTD_SHOWN', 'pam'), ('HOME', '/home/y'), ('OLDPWD', '/home/y'), ('ROS_PYTHON_VERSION', '3'), ('DBUS_SESSION_BUS_ADDRESS', 'unix:path=/run/user/1000/bus'), ('COLCON_PREFIX_PATH', '/home/y/SA_CAO_Simu/SA_CAO/install'), ('ROS_DISTRO', 'foxy'), ('LOGNAME', 'y'), ('_', '/usr/bin/colcon'), ('ROS_VERSION', '2'), ('XDG_SESSION_CLASS', 'user'), ('XDG_SESSION_ID', '62'), ('ROS_LOCALHOST_ONLY', '0'), ('PATH', '/opt/ros/foxy/bin:/usr/local/sbin:/usr/local/bin:/usr/sbin:/usr/bin:/sbin:/bin:/usr/games:/usr/local/games:/snap/bin'), ('XDG_RUNTIME_DIR', '/run/user/1000'), ('LANG', 'en_US.UTF-8'), ('AMENT_PREFIX_PATH', '/home/y/SA_CAO_Simu/SA_CAO/install/turtlebot3:/home/y/SA_CAO_Simu/SA_CAO/install/turtlebot3_teleop:/home/y/SA_CAO_Simu/SA_CAO/install/turtlebot3_simulations:/home/y/SA_CAO_Simu/SA_CAO/install/turtlebot3_bringup:/home/y/SA_CAO_Simu/SA_CAO/install/turtlebot3_node:/home/y/SA_CAO_Simu/SA_CAO/install/turtlebot3_navigation2:/home/y/SA_CAO_Simu/SA_CAO/install/turtlebot3_fake_node:/home/y/SA_CAO_Simu/SA_CAO/install/turtlebot3_example:/home/y/SA_CAO_Simu/SA_CAO/install/turtlebot3_msgs:/home/y/SA_CAO_Simu/SA_CAO/install/turtlebot3_gazebo:/home/y/SA_CAO_Simu/SA_CAO/install/turtlebot3_description:/home/y/SA_CAO_Simu/SA_CAO/install/turtlebot3_cartographer:/home/y/SA_CAO_Simu/SA_CAO/install/sub_dwav17:/home/y/SA_CAO_Simu/SA_CAO/install/pure_pursuit:/home/y/SA_CAO_Simu/SA_CAO/install/my_balance_pkg:/home/y/SA_CAO_Simu/SA_CAO/install/diablo_simpose_trans:/home/y/SA_CAO_Simu/SA_CAO/install/diablo_body:/home/y/SA_CAO_Simu/SA_CAO/install/diablo_utils:/home/y/SA_CAO_Simu/SA_CAO/install/diablo_rviz2_control_plugin:/home/y/SA_CAO_Simu/SA_CAO/install/motion_msgs:/home/y/SA_CAO_Simu/SA_CAO/install/launch_diablo:/home/y/SA_CAO_Simu/SA_CAO/install/hls_lfcd_lds_driver:/home/y/SA_CAO_Simu/SA_CAO/install/dynamixel_sdk_examples:/home/y/SA_CAO_Simu/SA_CAO/install/dynamixel_sdk_custom_interfaces:/home/y/SA_CAO_Simu/SA_CAO/install/dynamixel_sdk:/home/y/SA_CAO_Simu/SA_CAO/install/diablo_simulation:/home/y/SA_CAO_Simu/SA_CAO/install/ception_msgs:/opt/ros/foxy'), ('SHELL', '/bin/bash'), ('PWD', '/home/y/SA_CAO_Simu/SA_CAO/build/sub_dwav18'), ('LC_ALL', 'C'), ('SSH_CONNECTION', '192.168.3.53 51534 192.168.3.67 22'), ('PYTHONPATH', '/home/y/SA_CAO_Simu/SA_CAO/install/motion_msgs/lib/python3.8/site-packages:/home/y/SA_CAO_Simu/SA_CAO/install/turtlebot3_teleop/lib/python3.8/site-packages:/home/y/SA_CAO_Simu/SA_CAO/install/turtlebot3_example/lib/python3.8/site-packages:/home/y/SA_CAO_Simu/SA_CAO/install/turtlebot3_msgs/lib/python3.8/site-packages:/home/y/SA_CAO_Simu/SA_CAO/install/pure_pursuit/lib/python3.8/site-packages:/home/y/SA_CAO_Simu/SA_CAO/install/my_balance_pkg/lib/python3.8/site-packages:/home/y/SA_CAO_Simu/SA_CAO/install/launch_diablo/lib/python3.8/site-packages:/home/y/SA_CAO_Simu/SA_CAO/install/dynamixel_sdk_custom_interfaces/lib/python3.8/site-packages:/home/y/SA_CAO_Simu/SA_CAO/install/diablo_simulation/lib/python3.8/site-packages:/home/y/SA_CAO_Simu/SA_CAO/install/ception_msgs/lib/python3.8/site-packages:/opt/ros/foxy/lib/python3.8/site-packages'), ('COLCON', '1'), ('CMAKE_PREFIX_PATH', '/home/y/SA_CAO_Simu/SA_CAO/install/motion_msgs:/home/y/SA_CAO_Simu/SA_CAO/install/turtlebot3:/home/y/SA_CAO_Simu/SA_CAO/install/turtlebot3_simulations:/home/y/SA_CAO_Simu/SA_CAO/install/turtlebot3_bringup:/home/y/SA_CAO_Simu/SA_CAO/install/turtlebot3_node:/home/y/SA_CAO_Simu/SA_CAO/install/turtlebot3_navigation2:/home/y/SA_CAO_Simu/SA_CAO/install/turtlebot3_fake_node:/home/y/SA_CAO_Simu/SA_CAO/install/turtlebot3_msgs:/home/y/SA_CAO_Simu/SA_CAO/install/turtlebot3_gazebo:/home/y/SA_CAO_Simu/SA_CAO/install/turtlebot3_description:/home/y/SA_CAO_Simu/SA_CAO/install/turtlebot3_cartographer:/home/y/SA_CAO_Simu/SA_CAO/install/sub_dwav17:/home/y/SA_CAO_Simu/SA_CAO/install/diablo_simpose_trans:/home/y/SA_CAO_Simu/SA_CAO/install/diablo_body:/home/y/SA_CAO_Simu/SA_CAO/install/diablo_utils:/home/y/SA_CAO_Simu/SA_CAO/install/diablo_rviz2_control_plugin:/home/y/SA_CAO_Simu/SA_CAO/install/hls_lfcd_lds_driver:/home/y/SA_CAO_Simu/SA_CAO/install/dynamixel_sdk_examples:/home/y/SA_CAO_Simu/SA_CAO/install/dynamixel_sdk_custom_interfaces:/home/y/SA_CAO_Simu/SA_CAO/install/dynamixel_sdk:/home/y/SA_CAO_Simu/SA_CAO/install/ception_msgs:/home/y/SA_CAO_Simu/SA_CAO/install/turtlebot3_teleop:/home/y/SA_CAO_Simu/SA_CAO/install/turtlebot3_example:/home/y/SA_CAO_Simu/SA_CAO/install/pure_pursuit:/home/y/SA_CAO_Simu/SA_CAO/install/my_balance_pkg:/home/y/SA_CAO_Simu/SA_CAO/install/launch_diablo:/home/y/SA_CAO_Simu/SA_CAO/install/diablo_simulation:/opt/ros/foxy')]), 'shell': False}
[1.335899] (sub_dwav18) StdoutLine: {'line': b'/usr/bin/cmake -S/home/y/SA_CAO_Simu/SA_CAO/src/sub_dwav18 -B/home/y/SA_CAO_Simu/SA_CAO/build/sub_dwav18 --check-build-system CMakeFiles/Makefile.cmake 0\n'}
[1.340861] (sub_dwav18) StdoutLine: {'line': b'/usr/bin/cmake -E cmake_progress_start /home/y/SA_CAO_Simu/SA_CAO/build/sub_dwav18/CMakeFiles /home/y/SA_CAO_Simu/SA_CAO/build/sub_dwav18/CMakeFiles/progress.marks\n'}
[1.343981] (sub_dwav18) StdoutLine: {'line': b'/usr/bin/make -f CMakeFiles/Makefile2 all\n'}
[1.344426] (sub_dwav18) StdoutLine: {'line': b"make[1]: Entering directory '/home/y/SA_CAO_Simu/SA_CAO/build/sub_dwav18'\n"}
[1.344477] (sub_dwav18) StdoutLine: {'line': b'/usr/bin/make -f CMakeFiles/SUB_DWAV18.dir/build.make CMakeFiles/SUB_DWAV18.dir/depend\n'}
[1.345074] (sub_dwav18) StdoutLine: {'line': b"make[2]: Entering directory '/home/y/SA_CAO_Simu/SA_CAO/build/sub_dwav18'\n"}
[1.345101] (sub_dwav18) StdoutLine: {'line': b'cd /home/y/SA_CAO_Simu/SA_CAO/build/sub_dwav18 && /usr/bin/cmake -E cmake_depends "Unix Makefiles" /home/y/SA_CAO_Simu/SA_CAO/src/sub_dwav18 /home/y/SA_CAO_Simu/SA_CAO/src/sub_dwav18 /home/y/SA_CAO_Simu/SA_CAO/build/sub_dwav18 /home/y/SA_CAO_Simu/SA_CAO/build/sub_dwav18 /home/y/SA_CAO_Simu/SA_CAO/build/sub_dwav18/CMakeFiles/SUB_DWAV18.dir/DependInfo.cmake --color=\n'}
[1.401302] (-) TimerEvent: {}
[1.426714] (sub_dwav18) StdoutLine: {'line': b'Scanning dependencies of target SUB_DWAV18\n'}
[1.427295] (sub_dwav18) StdoutLine: {'line': b"make[2]: Leaving directory '/home/y/SA_CAO_Simu/SA_CAO/build/sub_dwav18'\n"}
[1.427373] (sub_dwav18) StdoutLine: {'line': b'/usr/bin/make -f CMakeFiles/SUB_DWAV18.dir/build.make CMakeFiles/SUB_DWAV18.dir/build\n'}
[1.432367] (sub_dwav18) StdoutLine: {'line': b"make[2]: Entering directory '/home/y/SA_CAO_Simu/SA_CAO/build/sub_dwav18'\n"}
[1.436956] (sub_dwav18) StdoutLine: {'line': b'[ 22%] Building CXX object CMakeFiles/SUB_DWAV18.dir/src/SUB_DWAV18.cpp.o\n'}
[1.437006] (sub_dwav18) StdoutLine: {'line': b'[ 22%] Building CXX object CMakeFiles/SUB_DWAV18.dir/src/main.cpp.o\n'}
[1.437220] (sub_dwav18) StdoutLine: {'line': b'/usr/bin/c++  -DDEFAULT_RMW_IMPLEMENTATION=rmw_fastrtps_cpp -DRCUTILS_ENABLE_FAULT_INJECTION -DROS_PACKAGE_NAME=\\"sub_dwav18\\" -DSPDLOG_COMPILED_LIB -I/home/y/SA_CAO_Simu/SA_CAO/src/sub_dwav18/include/sub_dwav18 -I/home/y/SA_CAO_Simu/SA_CAO/src/sub_dwav18/include -isystem /home/y/SA_CAO_Simu/SA_CAO/install/motion_msgs/include -isystem /opt/ros/foxy/include  -O3 -DNDEBUG   -Wall -Wextra -Wpedantic -DMODEL=SUB_DWAV18 -DNUMST=2 -DNCSTATES=0 -DHAVESTDIO -DMODEL_HAS_DYNAMICALLY_LOADED_SFCNS=0 -DCLASSIC_INTERFACE=0 -DALLOCATIONFCN=0 -DTID01EQ=0 -DTERMFCN=1 -DONESTEPFCN=1 -DMAT_FILE=0 -DMULTI_INSTANCE_CODE=1 -DINTEGER_CODE=0 -DMT=1 -DROS2_PROJECT -DSTACK_SIZE=64 -D__MW_TARGET_USE_HARDWARE_RESOURCES_H__ -DRT=RT -fpermissive -std=gnu++17 -o CMakeFiles/SUB_DWAV18.dir/src/main.cpp.o -c /home/y/SA_CAO_Simu/SA_CAO/src/sub_dwav18/src/main.cpp\n'}
[1.437403] (sub_dwav18) StdoutLine: {'line': b'/usr/bin/c++  -DDEFAULT_RMW_IMPLEMENTATION=rmw_fastrtps_cpp -DRCUTILS_ENABLE_FAULT_INJECTION -DROS_PACKAGE_NAME=\\"sub_dwav18\\" -DSPDLOG_COMPILED_LIB -I/home/y/SA_CAO_Simu/SA_CAO/src/sub_dwav18/include/sub_dwav18 -I/home/y/SA_CAO_Simu/SA_CAO/src/sub_dwav18/include -isystem /home/y/SA_CAO_Simu/SA_CAO/install/motion_msgs/include -isystem /opt/ros/foxy/include  -O3 -DNDEBUG   -Wall -Wextra -Wpedantic -DMODEL=SUB_DWAV18 -DNUMST=2 -DNCSTATES=0 -DHAVESTDIO -DMODEL_HAS_DYNAMICALLY_LOADED_SFCNS=0 -DCLASSIC_INTERFACE=0 -DALLOCATIONFCN=0 -DTID01EQ=0 -DTERMFCN=1 -DONESTEPFCN=1 -DMAT_FILE=0 -DMULTI_INSTANCE_CODE=1 -DINTEGER_CODE=0 -DMT=1 -DROS2_PROJECT -DSTACK_SIZE=64 -D__MW_TARGET_USE_HARDWARE_RESOURCES_H__ -DRT=RT -fpermissive -std=gnu++17 -o CMakeFiles/SUB_DWAV18.dir/src/SUB_DWAV18.cpp.o -c /home/y/SA_CAO_Simu/SA_CAO/src/sub_dwav18/src/SUB_DWAV18.cpp\n'}
[1.501459] (-) TimerEvent: {}
[1.601718] (-) TimerEvent: {}
[1.701900] (-) TimerEvent: {}
[1.802077] (-) TimerEvent: {}
[1.902243] (-) TimerEvent: {}
[2.002412] (-) TimerEvent: {}
[2.102571] (-) TimerEvent: {}
[2.202730] (-) TimerEvent: {}
[2.302896] (-) TimerEvent: {}
[2.403049] (-) TimerEvent: {}
[2.503200] (-) TimerEvent: {}
[2.563033] (sub_dwav18) StdoutLine: {'line': b'[ 33%] Building CXX object CMakeFiles/SUB_DWAV18.dir/src/ros2nodeinterface.cpp.o\n'}
[2.563613] (sub_dwav18) StdoutLine: {'line': b'/usr/bin/c++  -DDEFAULT_RMW_IMPLEMENTATION=rmw_fastrtps_cpp -DRCUTILS_ENABLE_FAULT_INJECTION -DROS_PACKAGE_NAME=\\"sub_dwav18\\" -DSPDLOG_COMPILED_LIB -I/home/y/SA_CAO_Simu/SA_CAO/src/sub_dwav18/include/sub_dwav18 -I/home/y/SA_CAO_Simu/SA_CAO/src/sub_dwav18/include -isystem /home/y/SA_CAO_Simu/SA_CAO/install/motion_msgs/include -isystem /opt/ros/foxy/include  -O3 -DNDEBUG   -Wall -Wextra -Wpedantic -DMODEL=SUB_DWAV18 -DNUMST=2 -DNCSTATES=0 -DHAVESTDIO -DMODEL_HAS_DYNAMICALLY_LOADED_SFCNS=0 -DCLASSIC_INTERFACE=0 -DALLOCATIONFCN=0 -DTID01EQ=0 -DTERMFCN=1 -DONESTEPFCN=1 -DMAT_FILE=0 -DMULTI_INSTANCE_CODE=1 -DINTEGER_CODE=0 -DMT=1 -DROS2_PROJECT -DSTACK_SIZE=64 -D__MW_TARGET_USE_HARDWARE_RESOURCES_H__ -DRT=RT -fpermissive -std=gnu++17 -o CMakeFiles/SUB_DWAV18.dir/src/ros2nodeinterface.cpp.o -c /home/y/SA_CAO_Simu/SA_CAO/src/sub_dwav18/src/ros2nodeinterface.cpp\n'}
[2.603286] (-) TimerEvent: {}
[2.703416] (-) TimerEvent: {}
[2.803553] (-) TimerEvent: {}
[2.903705] (-) TimerEvent: {}
[3.003844] (-) TimerEvent: {}
[3.104001] (-) TimerEvent: {}
[3.204162] (-) TimerEvent: {}
[3.304312] (-) TimerEvent: {}
[3.404456] (-) TimerEvent: {}
[3.504621] (-) TimerEvent: {}
[3.604774] (-) TimerEvent: {}
[3.649159] (sub_dwav18) StdoutLine: {'line': b'[ 44%] Building CXX object CMakeFiles/SUB_DWAV18.dir/src/rtGetInf.cpp.o\n'}
[3.649719] (sub_dwav18) StdoutLine: {'line': b'/usr/bin/c++  -DDEFAULT_RMW_IMPLEMENTATION=rmw_fastrtps_cpp -DRCUTILS_ENABLE_FAULT_INJECTION -DROS_PACKAGE_NAME=\\"sub_dwav18\\" -DSPDLOG_COMPILED_LIB -I/home/y/SA_CAO_Simu/SA_CAO/src/sub_dwav18/include/sub_dwav18 -I/home/y/SA_CAO_Simu/SA_CAO/src/sub_dwav18/include -isystem /home/y/SA_CAO_Simu/SA_CAO/install/motion_msgs/include -isystem /opt/ros/foxy/include  -O3 -DNDEBUG   -Wall -Wextra -Wpedantic -DMODEL=SUB_DWAV18 -DNUMST=2 -DNCSTATES=0 -DHAVESTDIO -DMODEL_HAS_DYNAMICALLY_LOADED_SFCNS=0 -DCLASSIC_INTERFACE=0 -DALLOCATIONFCN=0 -DTID01EQ=0 -DTERMFCN=1 -DONESTEPFCN=1 -DMAT_FILE=0 -DMULTI_INSTANCE_CODE=1 -DINTEGER_CODE=0 -DMT=1 -DROS2_PROJECT -DSTACK_SIZE=64 -D__MW_TARGET_USE_HARDWARE_RESOURCES_H__ -DRT=RT -fpermissive -std=gnu++17 -o CMakeFiles/SUB_DWAV18.dir/src/rtGetInf.cpp.o -c /home/y/SA_CAO_Simu/SA_CAO/src/sub_dwav18/src/rtGetInf.cpp\n'}
[3.664277] (sub_dwav18) StdoutLine: {'line': b'[ 55%] Building CXX object CMakeFiles/SUB_DWAV18.dir/src/rtGetNaN.cpp.o\n'}
[3.664828] (sub_dwav18) StdoutLine: {'line': b'/usr/bin/c++  -DDEFAULT_RMW_IMPLEMENTATION=rmw_fastrtps_cpp -DRCUTILS_ENABLE_FAULT_INJECTION -DROS_PACKAGE_NAME=\\"sub_dwav18\\" -DSPDLOG_COMPILED_LIB -I/home/y/SA_CAO_Simu/SA_CAO/src/sub_dwav18/include/sub_dwav18 -I/home/y/SA_CAO_Simu/SA_CAO/src/sub_dwav18/include -isystem /home/y/SA_CAO_Simu/SA_CAO/install/motion_msgs/include -isystem /opt/ros/foxy/include  -O3 -DNDEBUG   -Wall -Wextra -Wpedantic -DMODEL=SUB_DWAV18 -DNUMST=2 -DNCSTATES=0 -DHAVESTDIO -DMODEL_HAS_DYNAMICALLY_LOADED_SFCNS=0 -DCLASSIC_INTERFACE=0 -DALLOCATIONFCN=0 -DTID01EQ=0 -DTERMFCN=1 -DONESTEPFCN=1 -DMAT_FILE=0 -DMULTI_INSTANCE_CODE=1 -DINTEGER_CODE=0 -DMT=1 -DROS2_PROJECT -DSTACK_SIZE=64 -D__MW_TARGET_USE_HARDWARE_RESOURCES_H__ -DRT=RT -fpermissive -std=gnu++17 -o CMakeFiles/SUB_DWAV18.dir/src/rtGetNaN.cpp.o -c /home/y/SA_CAO_Simu/SA_CAO/src/sub_dwav18/src/rtGetNaN.cpp\n'}
[3.678685] (sub_dwav18) StdoutLine: {'line': b'[ 66%] Building CXX object CMakeFiles/SUB_DWAV18.dir/src/rt_nonfinite.cpp.o\n'}
[3.679237] (sub_dwav18) StdoutLine: {'line': b'/usr/bin/c++  -DDEFAULT_RMW_IMPLEMENTATION=rmw_fastrtps_cpp -DRCUTILS_ENABLE_FAULT_INJECTION -DROS_PACKAGE_NAME=\\"sub_dwav18\\" -DSPDLOG_COMPILED_LIB -I/home/y/SA_CAO_Simu/SA_CAO/src/sub_dwav18/include/sub_dwav18 -I/home/y/SA_CAO_Simu/SA_CAO/src/sub_dwav18/include -isystem /home/y/SA_CAO_Simu/SA_CAO/install/motion_msgs/include -isystem /opt/ros/foxy/include  -O3 -DNDEBUG   -Wall -Wextra -Wpedantic -DMODEL=SUB_DWAV18 -DNUMST=2 -DNCSTATES=0 -DHAVESTDIO -DMODEL_HAS_DYNAMICALLY_LOADED_SFCNS=0 -DCLASSIC_INTERFACE=0 -DALLOCATIONFCN=0 -DTID01EQ=0 -DTERMFCN=1 -DONESTEPFCN=1 -DMAT_FILE=0 -DMULTI_INSTANCE_CODE=1 -DINTEGER_CODE=0 -DMT=1 -DROS2_PROJECT -DSTACK_SIZE=64 -D__MW_TARGET_USE_HARDWARE_RESOURCES_H__ -DRT=RT -fpermissive -std=gnu++17 -o CMakeFiles/SUB_DWAV18.dir/src/rt_nonfinite.cpp.o -c /home/y/SA_CAO_Simu/SA_CAO/src/sub_dwav18/src/rt_nonfinite.cpp\n'}
[3.695695] (sub_dwav18) StdoutLine: {'line': b'[ 77%] Building CXX object CMakeFiles/SUB_DWAV18.dir/src/slros2_initialize.cpp.o\n'}
[3.696137] (sub_dwav18) StdoutLine: {'line': b'/usr/bin/c++  -DDEFAULT_RMW_IMPLEMENTATION=rmw_fastrtps_cpp -DRCUTILS_ENABLE_FAULT_INJECTION -DROS_PACKAGE_NAME=\\"sub_dwav18\\" -DSPDLOG_COMPILED_LIB -I/home/y/SA_CAO_Simu/SA_CAO/src/sub_dwav18/include/sub_dwav18 -I/home/y/SA_CAO_Simu/SA_CAO/src/sub_dwav18/include -isystem /home/y/SA_CAO_Simu/SA_CAO/install/motion_msgs/include -isystem /opt/ros/foxy/include  -O3 -DNDEBUG   -Wall -Wextra -Wpedantic -DMODEL=SUB_DWAV18 -DNUMST=2 -DNCSTATES=0 -DHAVESTDIO -DMODEL_HAS_DYNAMICALLY_LOADED_SFCNS=0 -DCLASSIC_INTERFACE=0 -DALLOCATIONFCN=0 -DTID01EQ=0 -DTERMFCN=1 -DONESTEPFCN=1 -DMAT_FILE=0 -DMULTI_INSTANCE_CODE=1 -DINTEGER_CODE=0 -DMT=1 -DROS2_PROJECT -DSTACK_SIZE=64 -D__MW_TARGET_USE_HARDWARE_RESOURCES_H__ -DRT=RT -fpermissive -std=gnu++17 -o CMakeFiles/SUB_DWAV18.dir/src/slros2_initialize.cpp.o -c /home/y/SA_CAO_Simu/SA_CAO/src/sub_dwav18/src/slros2_initialize.cpp\n'}
[3.704852] (-) TimerEvent: {}
[3.804991] (-) TimerEvent: {}
[3.905134] (-) TimerEvent: {}
[4.006366] (-) TimerEvent: {}
[4.106667] (-) TimerEvent: {}
[4.206828] (-) TimerEvent: {}
[4.307737] (-) TimerEvent: {}
[4.408036] (-) TimerEvent: {}
[4.508243] (-) TimerEvent: {}
[4.608382] (-) TimerEvent: {}
[4.638701] (sub_dwav18) StdoutLine: {'line': b'[ 88%] Building CXX object CMakeFiles/SUB_DWAV18.dir/src/slros_busmsg_conversion.cpp.o\n'}
[4.639240] (sub_dwav18) StdoutLine: {'line': b'/usr/bin/c++  -DDEFAULT_RMW_IMPLEMENTATION=rmw_fastrtps_cpp -DRCUTILS_ENABLE_FAULT_INJECTION -DROS_PACKAGE_NAME=\\"sub_dwav18\\" -DSPDLOG_COMPILED_LIB -I/home/y/SA_CAO_Simu/SA_CAO/src/sub_dwav18/include/sub_dwav18 -I/home/y/SA_CAO_Simu/SA_CAO/src/sub_dwav18/include -isystem /home/y/SA_CAO_Simu/SA_CAO/install/motion_msgs/include -isystem /opt/ros/foxy/include  -O3 -DNDEBUG   -Wall -Wextra -Wpedantic -DMODEL=SUB_DWAV18 -DNUMST=2 -DNCSTATES=0 -DHAVESTDIO -DMODEL_HAS_DYNAMICALLY_LOADED_SFCNS=0 -DCLASSIC_INTERFACE=0 -DALLOCATIONFCN=0 -DTID01EQ=0 -DTERMFCN=1 -DONESTEPFCN=1 -DMAT_FILE=0 -DMULTI_INSTANCE_CODE=1 -DINTEGER_CODE=0 -DMT=1 -DROS2_PROJECT -DSTACK_SIZE=64 -D__MW_TARGET_USE_HARDWARE_RESOURCES_H__ -DRT=RT -fpermissive -std=gnu++17 -o CMakeFiles/SUB_DWAV18.dir/src/slros_busmsg_conversion.cpp.o -c /home/y/SA_CAO_Simu/SA_CAO/src/sub_dwav18/src/slros_busmsg_conversion.cpp\n'}
[4.708464] (-) TimerEvent: {}
[4.808586] (-) TimerEvent: {}
[4.908708] (-) TimerEvent: {}
[5.008834] (-) TimerEvent: {}
[5.108958] (-) TimerEvent: {}
[5.209091] (-) TimerEvent: {}
[5.309228] (-) TimerEvent: {}
[5.409360] (-) TimerEvent: {}
[5.509490] (-) TimerEvent: {}
[5.609627] (-) TimerEvent: {}
[5.709762] (-) TimerEvent: {}
[5.809891] (-) TimerEvent: {}
[5.910023] (-) TimerEvent: {}
[6.010161] (-) TimerEvent: {}
[6.110293] (-) TimerEvent: {}
[6.210422] (-) TimerEvent: {}
[6.310554] (-) TimerEvent: {}
[6.410690] (-) TimerEvent: {}
[6.510828] (-) TimerEvent: {}
[6.610967] (-) TimerEvent: {}
[6.711116] (-) TimerEvent: {}
[6.811254] (-) TimerEvent: {}
[6.911417] (-) TimerEvent: {}
[7.011661] (-) TimerEvent: {}
[7.111935] (-) TimerEvent: {}
[7.212074] (-) TimerEvent: {}
[7.312308] (-) TimerEvent: {}
[7.412481] (-) TimerEvent: {}
[7.512671] (-) TimerEvent: {}
[7.612906] (-) TimerEvent: {}
[7.713169] (-) TimerEvent: {}
[7.813318] (-) TimerEvent: {}
[7.913438] (-) TimerEvent: {}
[8.013611] (-) TimerEvent: {}
[8.113810] (-) TimerEvent: {}
[8.214028] (-) TimerEvent: {}
[8.314272] (-) TimerEvent: {}
[8.414435] (-) TimerEvent: {}
[8.514568] (-) TimerEvent: {}
[8.614734] (-) TimerEvent: {}
[8.714938] (-) TimerEvent: {}
[8.815144] (-) TimerEvent: {}
[8.915684] (-) TimerEvent: {}
[9.017592] (-) TimerEvent: {}
[9.117737] (-) TimerEvent: {}
[9.186701] (sub_dwav18) StdoutLine: {'line': b'[100%] Linking CXX executable SUB_DWAV18\n'}
[9.186949] (sub_dwav18) StdoutLine: {'line': b'/usr/bin/cmake -E cmake_link_script CMakeFiles/SUB_DWAV18.dir/link.txt --verbose=1\n'}
[9.189850] (sub_dwav18) StdoutLine: {'line': b'/usr/bin/c++  -O3 -DNDEBUG   CMakeFiles/SUB_DWAV18.dir/src/SUB_DWAV18.cpp.o CMakeFiles/SUB_DWAV18.dir/src/main.cpp.o CMakeFiles/SUB_DWAV18.dir/src/ros2nodeinterface.cpp.o CMakeFiles/SUB_DWAV18.dir/src/rtGetInf.cpp.o CMakeFiles/SUB_DWAV18.dir/src/rtGetNaN.cpp.o CMakeFiles/SUB_DWAV18.dir/src/rt_nonfinite.cpp.o CMakeFiles/SUB_DWAV18.dir/src/slros2_initialize.cpp.o CMakeFiles/SUB_DWAV18.dir/src/slros_busmsg_conversion.cpp.o  -o SUB_DWAV18  -Wl,-rpath,/home/y/SA_CAO_Simu/SA_CAO/install/sub_dwav18/lib:/home/y/SA_CAO_Simu/SA_CAO/install/motion_msgs/lib:/opt/ros/foxy/lib /home/y/SA_CAO_Simu/SA_CAO/install/motion_msgs/lib/libmotion_msgs__rosidl_typesupport_introspection_c.so /home/y/SA_CAO_Simu/SA_CAO/install/motion_msgs/lib/libmotion_msgs__rosidl_typesupport_c.so /home/y/SA_CAO_Simu/SA_CAO/install/motion_msgs/lib/libmotion_msgs__rosidl_typesupport_introspection_cpp.so /home/y/SA_CAO_Simu/SA_CAO/install/motion_msgs/lib/libmotion_msgs__rosidl_typesupport_cpp.so /opt/ros/foxy/lib/librclcpp.so /opt/ros/foxy/lib/libsensor_msgs__rosidl_typesupport_introspection_c.so /opt/ros/foxy/lib/libsensor_msgs__rosidl_typesupport_c.so /opt/ros/foxy/lib/libsensor_msgs__rosidl_typesupport_introspection_cpp.so /opt/ros/foxy/lib/libsensor_msgs__rosidl_typesupport_cpp.so -ldl /home/y/SA_CAO_Simu/SA_CAO/install/motion_msgs/lib/libmotion_msgs__rosidl_generator_c.so /opt/ros/foxy/lib/liblibstatistics_collector.so /opt/ros/foxy/lib/liblibstatistics_collector_test_msgs__rosidl_typesupport_introspection_c.so /opt/ros/foxy/lib/liblibstatistics_collector_test_msgs__rosidl_generator_c.so /opt/ros/foxy/lib/liblibstatistics_collector_test_msgs__rosidl_typesupport_c.so /opt/ros/foxy/lib/liblibstatistics_collector_test_msgs__rosidl_typesupport_introspection_cpp.so /opt/ros/foxy/lib/liblibstatistics_collector_test_msgs__rosidl_typesupport_cpp.so /opt/ros/foxy/lib/librcl.so /opt/ros/foxy/lib/librcl_interfaces__rosidl_typesupport_introspection_c.so /opt/ros/foxy/lib/librcl_interfaces__rosidl_generator_c.so /opt/ros/foxy/lib/librcl_interfaces__rosidl_typesupport_c.so /opt/ros/foxy/lib/librcl_interfaces__rosidl_typesupport_introspection_cpp.so /opt/ros/foxy/lib/librcl_interfaces__rosidl_typesupport_cpp.so /opt/ros/foxy/lib/librmw_implementation.so /opt/ros/foxy/lib/librmw.so /opt/ros/foxy/lib/librcl_logging_spdlog.so /usr/lib/aarch64-linux-gnu/libspdlog.so.1.5.0 -lpthread /opt/ros/foxy/lib/librcl_yaml_param_parser.so /opt/ros/foxy/lib/libyaml.so /opt/ros/foxy/lib/librosgraph_msgs__rosidl_typesupport_introspection_c.so /opt/ros/foxy/lib/librosgraph_msgs__rosidl_generator_c.so /opt/ros/foxy/lib/librosgraph_msgs__rosidl_typesupport_c.so /opt/ros/foxy/lib/librosgraph_msgs__rosidl_typesupport_introspection_cpp.so /opt/ros/foxy/lib/librosgraph_msgs__rosidl_typesupport_cpp.so /opt/ros/foxy/lib/libstatistics_msgs__rosidl_typesupport_introspection_c.so /opt/ros/foxy/lib/libstatistics_msgs__rosidl_generator_c.so /opt/ros/foxy/lib/libstatistics_msgs__rosidl_typesupport_c.so /opt/ros/foxy/lib/libstatistics_msgs__rosidl_typesupport_introspection_cpp.so /opt/ros/foxy/lib/libstatistics_msgs__rosidl_typesupport_cpp.so /opt/ros/foxy/lib/libtracetools.so /opt/ros/foxy/lib/libsensor_msgs__rosidl_generator_c.so /opt/ros/foxy/lib/libgeometry_msgs__rosidl_typesupport_introspection_c.so /opt/ros/foxy/lib/libgeometry_msgs__rosidl_generator_c.so /opt/ros/foxy/lib/libgeometry_msgs__rosidl_typesupport_c.so /opt/ros/foxy/lib/libgeometry_msgs__rosidl_typesupport_introspection_cpp.so /opt/ros/foxy/lib/libgeometry_msgs__rosidl_typesupport_cpp.so /opt/ros/foxy/lib/libstd_msgs__rosidl_typesupport_introspection_c.so /opt/ros/foxy/lib/libstd_msgs__rosidl_generator_c.so /opt/ros/foxy/lib/libstd_msgs__rosidl_typesupport_c.so /opt/ros/foxy/lib/libstd_msgs__rosidl_typesupport_introspection_cpp.so /opt/ros/foxy/lib/libstd_msgs__rosidl_typesupport_cpp.so /opt/ros/foxy/lib/libbuiltin_interfaces__rosidl_typesupport_introspection_c.so /opt/ros/foxy/lib/libbuiltin_interfaces__rosidl_generator_c.so /opt/ros/foxy/lib/libbuiltin_interfaces__rosidl_typesupport_c.so /opt/ros/foxy/lib/libbuiltin_interfaces__rosidl_typesupport_introspection_cpp.so /opt/ros/foxy/lib/librosidl_typesupport_introspection_cpp.so /opt/ros/foxy/lib/librosidl_typesupport_introspection_c.so /opt/ros/foxy/lib/libbuiltin_interfaces__rosidl_typesupport_cpp.so /opt/ros/foxy/lib/librosidl_typesupport_cpp.so /opt/ros/foxy/lib/librosidl_typesupport_c.so /opt/ros/foxy/lib/librosidl_runtime_c.so /opt/ros/foxy/lib/librcpputils.so /opt/ros/foxy/lib/librcutils.so -ldl \n'}
[9.217903] (-) TimerEvent: {}
[9.265099] (sub_dwav18) StdoutLine: {'line': b"make[2]: Leaving directory '/home/y/SA_CAO_Simu/SA_CAO/build/sub_dwav18'\n"}
[9.269404] (sub_dwav18) StdoutLine: {'line': b'[100%] Built target SUB_DWAV18\n'}
[9.269737] (sub_dwav18) StdoutLine: {'line': b"make[1]: Leaving directory '/home/y/SA_CAO_Simu/SA_CAO/build/sub_dwav18'\n"}
[9.269801] (sub_dwav18) StdoutLine: {'line': b'/usr/bin/cmake -E cmake_progress_start /home/y/SA_CAO_Simu/SA_CAO/build/sub_dwav18/CMakeFiles 0\n'}
[9.274109] (sub_dwav18) CommandEnded: {'returncode': 0}
[9.275356] (sub_dwav18) JobProgress: {'identifier': 'sub_dwav18', 'progress': 'install'}
[9.275398] (sub_dwav18) Command: {'cmd': ['/usr/bin/cmake', '--install', '/home/y/SA_CAO_Simu/SA_CAO/build/sub_dwav18'], 'cwd': '/home/y/SA_CAO_Simu/SA_CAO/build/sub_dwav18', 'env': OrderedDict([('USER', 'y'), ('SSH_CLIENT', '192.168.3.53 51534 22'), ('XDG_SESSION_TYPE', 'tty'), ('SHLVL', '1'), ('LD_LIBRARY_PATH', '/home/y/SA_CAO_Simu/SA_CAO/install/motion_msgs/lib:/home/y/SA_CAO_Simu/SA_CAO/install/turtlebot3_msgs/lib:/home/y/SA_CAO_Simu/SA_CAO/install/diablo_body/lib:/home/y/SA_CAO_Simu/SA_CAO/install/diablo_utils/lib:/home/y/SA_CAO_Simu/SA_CAO/install/diablo_rviz2_control_plugin/lib:/home/y/SA_CAO_Simu/SA_CAO/install/dynamixel_sdk_custom_interfaces/lib:/home/y/SA_CAO_Simu/SA_CAO/install/dynamixel_sdk/lib:/home/y/SA_CAO_Simu/SA_CAO/install/ception_msgs/lib:/usr/lib/aarch64-linux-gnu/gazebo-11/plugins:/opt/ros/foxy/opt/yaml_cpp_vendor/lib:/opt/ros/foxy/opt/rviz_ogre_vendor/lib:/opt/ros/foxy/lib/aarch64-linux-gnu:/opt/ros/foxy/lib'), ('MOTD_SHOWN', 'pam'), ('HOME', '/home/y'), ('OLDPWD', '/home/y'), ('ROS_PYTHON_VERSION', '3'), ('DBUS_SESSION_BUS_ADDRESS', 'unix:path=/run/user/1000/bus'), ('COLCON_PREFIX_PATH', '/home/y/SA_CAO_Simu/SA_CAO/install'), ('ROS_DISTRO', 'foxy'), ('LOGNAME', 'y'), ('_', '/usr/bin/colcon'), ('ROS_VERSION', '2'), ('XDG_SESSION_CLASS', 'user'), ('XDG_SESSION_ID', '62'), ('ROS_LOCALHOST_ONLY', '0'), ('PATH', '/opt/ros/foxy/bin:/usr/local/sbin:/usr/local/bin:/usr/sbin:/usr/bin:/sbin:/bin:/usr/games:/usr/local/games:/snap/bin'), ('XDG_RUNTIME_DIR', '/run/user/1000'), ('LANG', 'en_US.UTF-8'), ('AMENT_PREFIX_PATH', '/home/y/SA_CAO_Simu/SA_CAO/install/turtlebot3:/home/y/SA_CAO_Simu/SA_CAO/install/turtlebot3_teleop:/home/y/SA_CAO_Simu/SA_CAO/install/turtlebot3_simulations:/home/y/SA_CAO_Simu/SA_CAO/install/turtlebot3_bringup:/home/y/SA_CAO_Simu/SA_CAO/install/turtlebot3_node:/home/y/SA_CAO_Simu/SA_CAO/install/turtlebot3_navigation2:/home/y/SA_CAO_Simu/SA_CAO/install/turtlebot3_fake_node:/home/y/SA_CAO_Simu/SA_CAO/install/turtlebot3_example:/home/y/SA_CAO_Simu/SA_CAO/install/turtlebot3_msgs:/home/y/SA_CAO_Simu/SA_CAO/install/turtlebot3_gazebo:/home/y/SA_CAO_Simu/SA_CAO/install/turtlebot3_description:/home/y/SA_CAO_Simu/SA_CAO/install/turtlebot3_cartographer:/home/y/SA_CAO_Simu/SA_CAO/install/sub_dwav17:/home/y/SA_CAO_Simu/SA_CAO/install/pure_pursuit:/home/y/SA_CAO_Simu/SA_CAO/install/my_balance_pkg:/home/y/SA_CAO_Simu/SA_CAO/install/diablo_simpose_trans:/home/y/SA_CAO_Simu/SA_CAO/install/diablo_body:/home/y/SA_CAO_Simu/SA_CAO/install/diablo_utils:/home/y/SA_CAO_Simu/SA_CAO/install/diablo_rviz2_control_plugin:/home/y/SA_CAO_Simu/SA_CAO/install/motion_msgs:/home/y/SA_CAO_Simu/SA_CAO/install/launch_diablo:/home/y/SA_CAO_Simu/SA_CAO/install/hls_lfcd_lds_driver:/home/y/SA_CAO_Simu/SA_CAO/install/dynamixel_sdk_examples:/home/y/SA_CAO_Simu/SA_CAO/install/dynamixel_sdk_custom_interfaces:/home/y/SA_CAO_Simu/SA_CAO/install/dynamixel_sdk:/home/y/SA_CAO_Simu/SA_CAO/install/diablo_simulation:/home/y/SA_CAO_Simu/SA_CAO/install/ception_msgs:/opt/ros/foxy'), ('SHELL', '/bin/bash'), ('PWD', '/home/y/SA_CAO_Simu/SA_CAO/build/sub_dwav18'), ('LC_ALL', 'C'), ('SSH_CONNECTION', '192.168.3.53 51534 192.168.3.67 22'), ('PYTHONPATH', '/home/y/SA_CAO_Simu/SA_CAO/install/motion_msgs/lib/python3.8/site-packages:/home/y/SA_CAO_Simu/SA_CAO/install/turtlebot3_teleop/lib/python3.8/site-packages:/home/y/SA_CAO_Simu/SA_CAO/install/turtlebot3_example/lib/python3.8/site-packages:/home/y/SA_CAO_Simu/SA_CAO/install/turtlebot3_msgs/lib/python3.8/site-packages:/home/y/SA_CAO_Simu/SA_CAO/install/pure_pursuit/lib/python3.8/site-packages:/home/y/SA_CAO_Simu/SA_CAO/install/my_balance_pkg/lib/python3.8/site-packages:/home/y/SA_CAO_Simu/SA_CAO/install/launch_diablo/lib/python3.8/site-packages:/home/y/SA_CAO_Simu/SA_CAO/install/dynamixel_sdk_custom_interfaces/lib/python3.8/site-packages:/home/y/SA_CAO_Simu/SA_CAO/install/diablo_simulation/lib/python3.8/site-packages:/home/y/SA_CAO_Simu/SA_CAO/install/ception_msgs/lib/python3.8/site-packages:/opt/ros/foxy/lib/python3.8/site-packages'), ('COLCON', '1'), ('CMAKE_PREFIX_PATH', '/home/y/SA_CAO_Simu/SA_CAO/install/motion_msgs:/home/y/SA_CAO_Simu/SA_CAO/install/turtlebot3:/home/y/SA_CAO_Simu/SA_CAO/install/turtlebot3_simulations:/home/y/SA_CAO_Simu/SA_CAO/install/turtlebot3_bringup:/home/y/SA_CAO_Simu/SA_CAO/install/turtlebot3_node:/home/y/SA_CAO_Simu/SA_CAO/install/turtlebot3_navigation2:/home/y/SA_CAO_Simu/SA_CAO/install/turtlebot3_fake_node:/home/y/SA_CAO_Simu/SA_CAO/install/turtlebot3_msgs:/home/y/SA_CAO_Simu/SA_CAO/install/turtlebot3_gazebo:/home/y/SA_CAO_Simu/SA_CAO/install/turtlebot3_description:/home/y/SA_CAO_Simu/SA_CAO/install/turtlebot3_cartographer:/home/y/SA_CAO_Simu/SA_CAO/install/sub_dwav17:/home/y/SA_CAO_Simu/SA_CAO/install/diablo_simpose_trans:/home/y/SA_CAO_Simu/SA_CAO/install/diablo_body:/home/y/SA_CAO_Simu/SA_CAO/install/diablo_utils:/home/y/SA_CAO_Simu/SA_CAO/install/diablo_rviz2_control_plugin:/home/y/SA_CAO_Simu/SA_CAO/install/hls_lfcd_lds_driver:/home/y/SA_CAO_Simu/SA_CAO/install/dynamixel_sdk_examples:/home/y/SA_CAO_Simu/SA_CAO/install/dynamixel_sdk_custom_interfaces:/home/y/SA_CAO_Simu/SA_CAO/install/dynamixel_sdk:/home/y/SA_CAO_Simu/SA_CAO/install/ception_msgs:/home/y/SA_CAO_Simu/SA_CAO/install/turtlebot3_teleop:/home/y/SA_CAO_Simu/SA_CAO/install/turtlebot3_example:/home/y/SA_CAO_Simu/SA_CAO/install/pure_pursuit:/home/y/SA_CAO_Simu/SA_CAO/install/my_balance_pkg:/home/y/SA_CAO_Simu/SA_CAO/install/launch_diablo:/home/y/SA_CAO_Simu/SA_CAO/install/diablo_simulation:/opt/ros/foxy')]), 'shell': False}
[9.279843] (sub_dwav18) StdoutLine: {'line': b'-- Install configuration: "Release"\n'}
[9.280040] (sub_dwav18) StdoutLine: {'line': b'-- Installing: /home/y/SA_CAO_Simu/SA_CAO/install/sub_dwav18/lib/sub_dwav18/SUB_DWAV18\n'}
[9.280704] (sub_dwav18) StdoutLine: {'line': b'-- Installing: /home/y/SA_CAO_Simu/SA_CAO/install/sub_dwav18/share/ament_index/resource_index/package_run_dependencies/sub_dwav18\n'}
[9.280857] (sub_dwav18) StdoutLine: {'line': b'-- Installing: /home/y/SA_CAO_Simu/SA_CAO/install/sub_dwav18/share/ament_index/resource_index/parent_prefix_path/sub_dwav18\n'}
[9.280996] (sub_dwav18) StdoutLine: {'line': b'-- Installing: /home/y/SA_CAO_Simu/SA_CAO/install/sub_dwav18/share/sub_dwav18/environment/ament_prefix_path.sh\n'}
[9.281110] (sub_dwav18) StdoutLine: {'line': b'-- Installing: /home/y/SA_CAO_Simu/SA_CAO/install/sub_dwav18/share/sub_dwav18/environment/ament_prefix_path.dsv\n'}
[9.281221] (sub_dwav18) StdoutLine: {'line': b'-- Installing: /home/y/SA_CAO_Simu/SA_CAO/install/sub_dwav18/share/sub_dwav18/environment/path.sh\n'}
[9.281328] (sub_dwav18) StdoutLine: {'line': b'-- Installing: /home/y/SA_CAO_Simu/SA_CAO/install/sub_dwav18/share/sub_dwav18/environment/path.dsv\n'}
[9.281431] (sub_dwav18) StdoutLine: {'line': b'-- Installing: /home/y/SA_CAO_Simu/SA_CAO/install/sub_dwav18/share/sub_dwav18/local_setup.bash\n'}
[9.281533] (sub_dwav18) StdoutLine: {'line': b'-- Installing: /home/y/SA_CAO_Simu/SA_CAO/install/sub_dwav18/share/sub_dwav18/local_setup.sh\n'}
[9.281647] (sub_dwav18) StdoutLine: {'line': b'-- Installing: /home/y/SA_CAO_Simu/SA_CAO/install/sub_dwav18/share/sub_dwav18/local_setup.zsh\n'}
[9.281751] (sub_dwav18) StdoutLine: {'line': b'-- Installing: /home/y/SA_CAO_Simu/SA_CAO/install/sub_dwav18/share/sub_dwav18/local_setup.dsv\n'}
[9.281851] (sub_dwav18) StdoutLine: {'line': b'-- Installing: /home/y/SA_CAO_Simu/SA_CAO/install/sub_dwav18/share/sub_dwav18/package.dsv\n'}
[9.281967] (sub_dwav18) StdoutLine: {'line': b'-- Installing: /home/y/SA_CAO_Simu/SA_CAO/install/sub_dwav18/share/ament_index/resource_index/packages/sub_dwav18\n'}
[9.282204] (sub_dwav18) StdoutLine: {'line': b'-- Installing: /home/y/SA_CAO_Simu/SA_CAO/install/sub_dwav18/share/sub_dwav18/cmake/ament_cmake_export_include_directories-extras.cmake\n'}
[9.282350] (sub_dwav18) StdoutLine: {'line': b'-- Installing: /home/y/SA_CAO_Simu/SA_CAO/install/sub_dwav18/share/sub_dwav18/cmake/sub_dwav18Config.cmake\n'}
[9.282452] (sub_dwav18) StdoutLine: {'line': b'-- Installing: /home/y/SA_CAO_Simu/SA_CAO/install/sub_dwav18/share/sub_dwav18/cmake/sub_dwav18Config-version.cmake\n'}
[9.282564] (sub_dwav18) StdoutLine: {'line': b'-- Installing: /home/y/SA_CAO_Simu/SA_CAO/install/sub_dwav18/share/sub_dwav18/package.xml\n'}
[9.284559] (sub_dwav18) CommandEnded: {'returncode': 0}
[9.288209] (sub_dwav18) JobEnded: {'identifier': 'sub_dwav18', 'rc': 0}
[9.288657] (-) EventReactorShutdown: {}
