running egg_info
writing ../../build/ultrasound_package/ultrasound_package.egg-info/PKG-INFO
writing dependency_links to ../../build/ultrasound_package/ultrasound_package.egg-info/dependency_links.txt
writing entry points to ../../build/ultrasound_package/ultrasound_package.egg-info/entry_points.txt
writing requirements to ../../build/ultrasound_package/ultrasound_package.egg-info/requires.txt
writing top-level names to ../../build/ultrasound_package/ultrasound_package.egg-info/top_level.txt
reading manifest file '../../build/ultrasound_package/ultrasound_package.egg-info/SOURCES.txt'
writing manifest file '../../build/ultrasound_package/ultrasound_package.egg-info/SOURCES.txt'
running build
running build_py
running install
running install_lib
byte-compiling /home/y/SA_CAO/install/ultrasound_package/lib/python3.8/site-packages/ultrasound_package/ultrasonic_range_publisher.py to ultrasonic_range_publisher.cpython-38.pyc
byte-compiling /home/y/SA_CAO/install/ultrasound_package/lib/python3.8/site-packages/ultrasound_package/__init__.py to __init__.cpython-38.pyc
running install_data
running install_egg_info
removing '/home/y/SA_CAO/install/ultrasound_package/lib/python3.8/site-packages/ultrasound_package-0.0.0-py3.8.egg-info' (and everything under it)
Copying ../../build/ultrasound_package/ultrasound_package.egg-info to /home/y/SA_CAO/install/ultrasound_package/lib/python3.8/site-packages/ultrasound_package-0.0.0-py3.8.egg-info
running install_scripts
Installing ultrasonic_range_publisher script to /home/y/SA_CAO/install/ultrasound_package/lib/ultrasound_package
writing list of installed files to '/home/y/SA_CAO/build/ultrasound_package/install.log'
