[1.944s] Invoking command in '/home/y/SA_CAO/src/ultrasound_package': PYTHONPATH=/home/y/SA_CAO/build/ultrasound_package/prefix_override:/usr/lib/python3/dist-packages/colcon_core/task/python/colcon_distutils_commands:/home/y/SA_CAO/install/ultrasound_package/lib/python3.8/site-packages:${PYTHONPATH} /usr/bin/python3 -W ignore:setup.py install is deprecated -W ignore:easy_install command is deprecated setup.py egg_info --egg-base ../../build/ultrasound_package build --build-base /home/y/SA_CAO/build/ultrasound_package/build install --record /home/y/SA_CAO/build/ultrasound_package/install.log --install-scripts $base/lib/ultrasound_package --single-version-externally-managed install_data
[2.440s] running egg_info
[2.442s] writing ../../build/ultrasound_package/ultrasound_package.egg-info/PKG-INFO
[2.442s] writing dependency_links to ../../build/ultrasound_package/ultrasound_package.egg-info/dependency_links.txt
[2.443s] writing entry points to ../../build/ultrasound_package/ultrasound_package.egg-info/entry_points.txt
[2.443s] writing requirements to ../../build/ultrasound_package/ultrasound_package.egg-info/requires.txt
[2.443s] writing top-level names to ../../build/ultrasound_package/ultrasound_package.egg-info/top_level.txt
[2.491s] reading manifest file '../../build/ultrasound_package/ultrasound_package.egg-info/SOURCES.txt'
[2.493s] writing manifest file '../../build/ultrasound_package/ultrasound_package.egg-info/SOURCES.txt'
[2.494s] running build
[2.494s] running build_py
[2.495s] running install
[2.497s] running install_lib
[2.501s] byte-compiling /home/y/SA_CAO/install/ultrasound_package/lib/python3.8/site-packages/ultrasound_package/ultrasonic_range_publisher.py to ultrasonic_range_publisher.cpython-38.pyc
[2.506s] byte-compiling /home/y/SA_CAO/install/ultrasound_package/lib/python3.8/site-packages/ultrasound_package/__init__.py to __init__.cpython-38.pyc
[2.506s] running install_data
[2.507s] running install_egg_info
[2.509s] removing '/home/y/SA_CAO/install/ultrasound_package/lib/python3.8/site-packages/ultrasound_package-0.0.0-py3.8.egg-info' (and everything under it)
[2.510s] Copying ../../build/ultrasound_package/ultrasound_package.egg-info to /home/y/SA_CAO/install/ultrasound_package/lib/python3.8/site-packages/ultrasound_package-0.0.0-py3.8.egg-info
[2.513s] running install_scripts
[2.539s] Installing ultrasonic_range_publisher script to /home/y/SA_CAO/install/ultrasound_package/lib/ultrasound_package
[2.539s] writing list of installed files to '/home/y/SA_CAO/build/ultrasound_package/install.log'
[2.579s] Invoked command in '/home/y/SA_CAO/src/ultrasound_package' returned '0': PYTHONPATH=/home/y/SA_CAO/build/ultrasound_package/prefix_override:/usr/lib/python3/dist-packages/colcon_core/task/python/colcon_distutils_commands:/home/y/SA_CAO/install/ultrasound_package/lib/python3.8/site-packages:${PYTHONPATH} /usr/bin/python3 -W ignore:setup.py install is deprecated -W ignore:easy_install command is deprecated setup.py egg_info --egg-base ../../build/ultrasound_package build --build-base /home/y/SA_CAO/build/ultrasound_package/build install --record /home/y/SA_CAO/build/ultrasound_package/install.log --install-scripts $base/lib/ultrasound_package --single-version-externally-managed install_data
