[  9%] Built target ception_msgs__rosidl_generator_c
[ 12%] Built target ception_msgs__cpp
[ 22%] Built target ception_msgs__rosidl_typesupport_introspection_c
[ 32%] Built target ception_msgs__rosidl_typesupport_c
[ 41%] Built target ception_msgs__rosidl_typesupport_fastrtps_cpp
[ 51%] Built target ception_msgs__rosidl_typesupport_cpp
[ 61%] Built target ception_msgs__rosidl_typesupport_introspection_cpp
[ 70%] Built target ception_msgs__rosidl_typesupport_fastrtps_c
[ 70%] Built target ception_msgs
[ 74%] Built target ception_msgs__py
[ 80%] Built target ception_msgs__python
[ 87%] Built target ception_msgs__rosidl_typesupport_fastrtps_c__pyext
[ 93%] Built target ception_msgs__rosidl_typesupport_introspection_c__pyext
[100%] Built target ception_msgs__rosidl_typesupport_c__pyext
-- Install configuration: ""
-- Up-to-date: /home/y/SA_CAO_Simu/SA_CAO/install/ception_msgs/share/ament_index/resource_index/rosidl_interfaces/ception_msgs
-- Up-to-date: /home/y/SA_CAO_Simu/SA_CAO/install/ception_msgs/include/ception_msgs
-- Up-to-date: /home/y/SA_CAO_Simu/SA_CAO/install/ception_msgs/include/ception_msgs/msg
-- Up-to-date: /home/y/SA_CAO_Simu/SA_CAO/install/ception_msgs/include/ception_msgs/msg/detail
-- Up-to-date: /home/y/SA_CAO_Simu/SA_CAO/install/ception_msgs/include/ception_msgs/msg/detail/imu_euler__type_support.h
-- Up-to-date: /home/y/SA_CAO_Simu/SA_CAO/install/ception_msgs/include/ception_msgs/msg/detail/imu_euler__struct.h
-- Up-to-date: /home/y/SA_CAO_Simu/SA_CAO/install/ception_msgs/include/ception_msgs/msg/detail/imu_euler__functions.h
-- Up-to-date: /home/y/SA_CAO_Simu/SA_CAO/install/ception_msgs/include/ception_msgs/msg/detail/imu_euler__functions.c
-- Up-to-date: /home/y/SA_CAO_Simu/SA_CAO/install/ception_msgs/include/ception_msgs/msg/rosidl_generator_c__visibility_control.h
-- Up-to-date: /home/y/SA_CAO_Simu/SA_CAO/install/ception_msgs/include/ception_msgs/msg/imu_euler.h
-- Up-to-date: /home/y/SA_CAO_Simu/SA_CAO/install/ception_msgs/share/ception_msgs/environment/library_path.sh
-- Up-to-date: /home/y/SA_CAO_Simu/SA_CAO/install/ception_msgs/share/ception_msgs/environment/library_path.dsv
-- Up-to-date: /home/y/SA_CAO_Simu/SA_CAO/install/ception_msgs/lib/libception_msgs__rosidl_generator_c.so
-- Up-to-date: /home/y/SA_CAO_Simu/SA_CAO/install/ception_msgs/include/ception_msgs
-- Up-to-date: /home/y/SA_CAO_Simu/SA_CAO/install/ception_msgs/include/ception_msgs/msg
-- Up-to-date: /home/y/SA_CAO_Simu/SA_CAO/install/ception_msgs/include/ception_msgs/msg/rosidl_typesupport_fastrtps_c__visibility_control.h
-- Up-to-date: /home/y/SA_CAO_Simu/SA_CAO/install/ception_msgs/include/ception_msgs/msg/detail
-- Up-to-date: /home/y/SA_CAO_Simu/SA_CAO/install/ception_msgs/include/ception_msgs/msg/detail/imu_euler__rosidl_typesupport_fastrtps_c.h
-- Up-to-date: /home/y/SA_CAO_Simu/SA_CAO/install/ception_msgs/lib/libception_msgs__rosidl_typesupport_fastrtps_c.so
-- Up-to-date: /home/y/SA_CAO_Simu/SA_CAO/install/ception_msgs/include/ception_msgs
-- Up-to-date: /home/y/SA_CAO_Simu/SA_CAO/install/ception_msgs/include/ception_msgs/msg
-- Up-to-date: /home/y/SA_CAO_Simu/SA_CAO/install/ception_msgs/include/ception_msgs/msg/detail
-- Up-to-date: /home/y/SA_CAO_Simu/SA_CAO/install/ception_msgs/include/ception_msgs/msg/detail/imu_euler__rosidl_typesupport_fastrtps_cpp.hpp
-- Up-to-date: /home/y/SA_CAO_Simu/SA_CAO/install/ception_msgs/include/ception_msgs/msg/detail/dds_fastrtps
-- Up-to-date: /home/y/SA_CAO_Simu/SA_CAO/install/ception_msgs/include/ception_msgs/msg/rosidl_typesupport_fastrtps_cpp__visibility_control.h
-- Up-to-date: /home/y/SA_CAO_Simu/SA_CAO/install/ception_msgs/lib/libception_msgs__rosidl_typesupport_fastrtps_cpp.so
-- Up-to-date: /home/y/SA_CAO_Simu/SA_CAO/install/ception_msgs/include/ception_msgs
-- Up-to-date: /home/y/SA_CAO_Simu/SA_CAO/install/ception_msgs/include/ception_msgs/msg
-- Up-to-date: /home/y/SA_CAO_Simu/SA_CAO/install/ception_msgs/include/ception_msgs/msg/detail
-- Up-to-date: /home/y/SA_CAO_Simu/SA_CAO/install/ception_msgs/include/ception_msgs/msg/detail/imu_euler__type_support.c
-- Up-to-date: /home/y/SA_CAO_Simu/SA_CAO/install/ception_msgs/include/ception_msgs/msg/detail/imu_euler__rosidl_typesupport_introspection_c.h
-- Up-to-date: /home/y/SA_CAO_Simu/SA_CAO/install/ception_msgs/include/ception_msgs/msg/rosidl_typesupport_introspection_c__visibility_control.h
-- Up-to-date: /home/y/SA_CAO_Simu/SA_CAO/install/ception_msgs/lib/libception_msgs__rosidl_typesupport_introspection_c.so
-- Up-to-date: /home/y/SA_CAO_Simu/SA_CAO/install/ception_msgs/lib/libception_msgs__rosidl_typesupport_c.so
-- Up-to-date: /home/y/SA_CAO_Simu/SA_CAO/install/ception_msgs/include/ception_msgs
-- Up-to-date: /home/y/SA_CAO_Simu/SA_CAO/install/ception_msgs/include/ception_msgs/msg
-- Up-to-date: /home/y/SA_CAO_Simu/SA_CAO/install/ception_msgs/include/ception_msgs/msg/detail
-- Up-to-date: /home/y/SA_CAO_Simu/SA_CAO/install/ception_msgs/include/ception_msgs/msg/detail/imu_euler__struct.hpp
-- Up-to-date: /home/y/SA_CAO_Simu/SA_CAO/install/ception_msgs/include/ception_msgs/msg/detail/imu_euler__type_support.hpp
-- Up-to-date: /home/y/SA_CAO_Simu/SA_CAO/install/ception_msgs/include/ception_msgs/msg/detail/imu_euler__builder.hpp
-- Up-to-date: /home/y/SA_CAO_Simu/SA_CAO/install/ception_msgs/include/ception_msgs/msg/detail/imu_euler__traits.hpp
-- Up-to-date: /home/y/SA_CAO_Simu/SA_CAO/install/ception_msgs/include/ception_msgs/msg/imu_euler.hpp
-- Up-to-date: /home/y/SA_CAO_Simu/SA_CAO/install/ception_msgs/include/ception_msgs/msg/rosidl_generator_cpp__visibility_control.hpp
-- Up-to-date: /home/y/SA_CAO_Simu/SA_CAO/install/ception_msgs/include/ception_msgs
-- Up-to-date: /home/y/SA_CAO_Simu/SA_CAO/install/ception_msgs/include/ception_msgs/msg
-- Up-to-date: /home/y/SA_CAO_Simu/SA_CAO/install/ception_msgs/include/ception_msgs/msg/detail
-- Up-to-date: /home/y/SA_CAO_Simu/SA_CAO/install/ception_msgs/include/ception_msgs/msg/detail/imu_euler__type_support.cpp
-- Up-to-date: /home/y/SA_CAO_Simu/SA_CAO/install/ception_msgs/include/ception_msgs/msg/detail/imu_euler__rosidl_typesupport_introspection_cpp.hpp
-- Up-to-date: /home/y/SA_CAO_Simu/SA_CAO/install/ception_msgs/lib/libception_msgs__rosidl_typesupport_introspection_cpp.so
-- Up-to-date: /home/y/SA_CAO_Simu/SA_CAO/install/ception_msgs/lib/libception_msgs__rosidl_typesupport_cpp.so
-- Up-to-date: /home/y/SA_CAO_Simu/SA_CAO/install/ception_msgs/share/ception_msgs/environment/pythonpath.sh
-- Up-to-date: /home/y/SA_CAO_Simu/SA_CAO/install/ception_msgs/share/ception_msgs/environment/pythonpath.dsv
-- Up-to-date: /home/y/SA_CAO_Simu/SA_CAO/install/ception_msgs/lib/python3.8/site-packages/ception_msgs/__init__.py
-- Up-to-date: /home/y/SA_CAO_Simu/SA_CAO/install/ception_msgs/lib/python3.8/site-packages/ception_msgs/msg
-- Up-to-date: /home/y/SA_CAO_Simu/SA_CAO/install/ception_msgs/lib/python3.8/site-packages/ception_msgs/msg/_imu_euler_s.c
-- Up-to-date: /home/y/SA_CAO_Simu/SA_CAO/install/ception_msgs/lib/python3.8/site-packages/ception_msgs/msg/_imu_euler.py
-- Up-to-date: /home/y/SA_CAO_Simu/SA_CAO/install/ception_msgs/lib/python3.8/site-packages/ception_msgs/msg/__init__.py
-- Up-to-date: /home/y/SA_CAO_Simu/SA_CAO/install/ception_msgs/lib/python3.8/site-packages/ception_msgs/ception_msgs_s__rosidl_typesupport_fastrtps_c.cpython-38-aarch64-linux-gnu.so
-- Up-to-date: /home/y/SA_CAO_Simu/SA_CAO/install/ception_msgs/lib/python3.8/site-packages/ception_msgs/ception_msgs_s__rosidl_typesupport_introspection_c.cpython-38-aarch64-linux-gnu.so
-- Up-to-date: /home/y/SA_CAO_Simu/SA_CAO/install/ception_msgs/lib/python3.8/site-packages/ception_msgs/ception_msgs_s__rosidl_typesupport_c.cpython-38-aarch64-linux-gnu.so
-- Up-to-date: /home/y/SA_CAO_Simu/SA_CAO/install/ception_msgs/lib/libception_msgs__python.so
-- Up-to-date: /home/y/SA_CAO_Simu/SA_CAO/install/ception_msgs/share/ception_msgs/msg/IMUEuler.idl
-- Up-to-date: /home/y/SA_CAO_Simu/SA_CAO/install/ception_msgs/share/ception_msgs/msg/IMUEuler.msg
-- Up-to-date: /home/y/SA_CAO_Simu/SA_CAO/install/ception_msgs/share/ament_index/resource_index/package_run_dependencies/ception_msgs
-- Up-to-date: /home/y/SA_CAO_Simu/SA_CAO/install/ception_msgs/share/ament_index/resource_index/parent_prefix_path/ception_msgs
-- Up-to-date: /home/y/SA_CAO_Simu/SA_CAO/install/ception_msgs/share/ception_msgs/environment/ament_prefix_path.sh
-- Up-to-date: /home/y/SA_CAO_Simu/SA_CAO/install/ception_msgs/share/ception_msgs/environment/ament_prefix_path.dsv
-- Up-to-date: /home/y/SA_CAO_Simu/SA_CAO/install/ception_msgs/share/ception_msgs/environment/path.sh
-- Up-to-date: /home/y/SA_CAO_Simu/SA_CAO/install/ception_msgs/share/ception_msgs/environment/path.dsv
-- Up-to-date: /home/y/SA_CAO_Simu/SA_CAO/install/ception_msgs/share/ception_msgs/local_setup.bash
-- Up-to-date: /home/y/SA_CAO_Simu/SA_CAO/install/ception_msgs/share/ception_msgs/local_setup.sh
-- Up-to-date: /home/y/SA_CAO_Simu/SA_CAO/install/ception_msgs/share/ception_msgs/local_setup.zsh
-- Up-to-date: /home/y/SA_CAO_Simu/SA_CAO/install/ception_msgs/share/ception_msgs/local_setup.dsv
-- Installing: /home/y/SA_CAO_Simu/SA_CAO/install/ception_msgs/share/ception_msgs/package.dsv
-- Up-to-date: /home/y/SA_CAO_Simu/SA_CAO/install/ception_msgs/share/ament_index/resource_index/packages/ception_msgs
-- Up-to-date: /home/y/SA_CAO_Simu/SA_CAO/install/ception_msgs/share/ception_msgs/cmake/ception_msgs__rosidl_generator_cExport.cmake
-- Up-to-date: /home/y/SA_CAO_Simu/SA_CAO/install/ception_msgs/share/ception_msgs/cmake/ception_msgs__rosidl_generator_cExport-noconfig.cmake
-- Up-to-date: /home/y/SA_CAO_Simu/SA_CAO/install/ception_msgs/share/ception_msgs/cmake/ception_msgs__rosidl_typesupport_introspection_cExport.cmake
-- Up-to-date: /home/y/SA_CAO_Simu/SA_CAO/install/ception_msgs/share/ception_msgs/cmake/ception_msgs__rosidl_typesupport_introspection_cExport-noconfig.cmake
-- Up-to-date: /home/y/SA_CAO_Simu/SA_CAO/install/ception_msgs/share/ception_msgs/cmake/ception_msgs__rosidl_typesupport_cExport.cmake
-- Up-to-date: /home/y/SA_CAO_Simu/SA_CAO/install/ception_msgs/share/ception_msgs/cmake/ception_msgs__rosidl_typesupport_cExport-noconfig.cmake
-- Up-to-date: /home/y/SA_CAO_Simu/SA_CAO/install/ception_msgs/share/ception_msgs/cmake/ception_msgs__rosidl_generator_cppExport.cmake
-- Up-to-date: /home/y/SA_CAO_Simu/SA_CAO/install/ception_msgs/share/ception_msgs/cmake/ception_msgs__rosidl_typesupport_introspection_cppExport.cmake
-- Up-to-date: /home/y/SA_CAO_Simu/SA_CAO/install/ception_msgs/share/ception_msgs/cmake/ception_msgs__rosidl_typesupport_introspection_cppExport-noconfig.cmake
-- Up-to-date: /home/y/SA_CAO_Simu/SA_CAO/install/ception_msgs/share/ception_msgs/cmake/ception_msgs__rosidl_typesupport_cppExport.cmake
-- Up-to-date: /home/y/SA_CAO_Simu/SA_CAO/install/ception_msgs/share/ception_msgs/cmake/ception_msgs__rosidl_typesupport_cppExport-noconfig.cmake
-- Up-to-date: /home/y/SA_CAO_Simu/SA_CAO/install/ception_msgs/share/ception_msgs/cmake/rosidl_cmake-extras.cmake
-- Up-to-date: /home/y/SA_CAO_Simu/SA_CAO/install/ception_msgs/share/ception_msgs/cmake/ament_cmake_export_dependencies-extras.cmake
-- Up-to-date: /home/y/SA_CAO_Simu/SA_CAO/install/ception_msgs/share/ception_msgs/cmake/ament_cmake_export_libraries-extras.cmake
-- Up-to-date: /home/y/SA_CAO_Simu/SA_CAO/install/ception_msgs/share/ception_msgs/cmake/ament_cmake_export_targets-extras.cmake
-- Up-to-date: /home/y/SA_CAO_Simu/SA_CAO/install/ception_msgs/share/ception_msgs/cmake/ament_cmake_export_include_directories-extras.cmake
-- Up-to-date: /home/y/SA_CAO_Simu/SA_CAO/install/ception_msgs/share/ception_msgs/cmake/rosidl_cmake_export_typesupport_libraries-extras.cmake
-- Up-to-date: /home/y/SA_CAO_Simu/SA_CAO/install/ception_msgs/share/ception_msgs/cmake/rosidl_cmake_export_typesupport_targets-extras.cmake
-- Up-to-date: /home/y/SA_CAO_Simu/SA_CAO/install/ception_msgs/share/ception_msgs/cmake/ception_msgsConfig.cmake
-- Up-to-date: /home/y/SA_CAO_Simu/SA_CAO/install/ception_msgs/share/ception_msgs/cmake/ception_msgsConfig-version.cmake
-- Up-to-date: /home/y/SA_CAO_Simu/SA_CAO/install/ception_msgs/share/ception_msgs/package.xml
