[0.510s] Invoking command in '/home/y/SA_CAO/src/vw2motion': PYTHONPATH=/home/y/SA_CAO/build/vw2motion/prefix_override:/usr/lib/python3/dist-packages/colcon_core/task/python/colcon_distutils_commands:/home/y/SA_CAO/install/vw2motion/lib/python3.8/site-packages:${PYTHONPATH} /usr/bin/python3 -W ignore:setup.py install is deprecated -W ignore:easy_install command is deprecated setup.py egg_info --egg-base ../../build/vw2motion build --build-base /home/y/SA_CAO/build/vw2motion/build install --record /home/y/SA_CAO/build/vw2motion/install.log --install-scripts $base/lib/vw2motion --single-version-externally-managed install_data
[0.677s] running egg_info
[0.679s] writing ../../build/vw2motion/vw2motion.egg-info/PKG-INFO
[0.679s] writing dependency_links to ../../build/vw2motion/vw2motion.egg-info/dependency_links.txt
[0.679s] writing entry points to ../../build/vw2motion/vw2motion.egg-info/entry_points.txt
[0.679s] writing requirements to ../../build/vw2motion/vw2motion.egg-info/requires.txt
[0.679s] writing top-level names to ../../build/vw2motion/vw2motion.egg-info/top_level.txt
[0.706s] reading manifest file '../../build/vw2motion/vw2motion.egg-info/SOURCES.txt'
[0.707s] writing manifest file '../../build/vw2motion/vw2motion.egg-info/SOURCES.txt'
[0.707s] running build
[0.707s] running build_py
[0.707s] running install
[0.708s] running install_lib
[0.709s] running install_data
[0.709s] running install_egg_info
[0.711s] removing '/home/y/SA_CAO/install/vw2motion/lib/python3.8/site-packages/vw2motion-0.0.0-py3.8.egg-info' (and everything under it)
[0.711s] Copying ../../build/vw2motion/vw2motion.egg-info to /home/y/SA_CAO/install/vw2motion/lib/python3.8/site-packages/vw2motion-0.0.0-py3.8.egg-info
[0.712s] running install_scripts
[0.726s] Installing vw2motion script to /home/y/SA_CAO/install/vw2motion/lib/vw2motion
[0.726s] writing list of installed files to '/home/y/SA_CAO/build/vw2motion/install.log'
[0.741s] Invoked command in '/home/y/SA_CAO/src/vw2motion' returned '0': PYTHONPATH=/home/y/SA_CAO/build/vw2motion/prefix_override:/usr/lib/python3/dist-packages/colcon_core/task/python/colcon_distutils_commands:/home/y/SA_CAO/install/vw2motion/lib/python3.8/site-packages:${PYTHONPATH} /usr/bin/python3 -W ignore:setup.py install is deprecated -W ignore:easy_install command is deprecated setup.py egg_info --egg-base ../../build/vw2motion build --build-base /home/y/SA_CAO/build/vw2motion/build install --record /home/y/SA_CAO/build/vw2motion/install.log --install-scripts $base/lib/vw2motion --single-version-externally-managed install_data
