[0.698s] Invoking command in '/home/y/SA_CAO/src/robot_launch': PYTHONPATH=/home/y/SA_CAO/build/robot_launch/prefix_override:/usr/lib/python3/dist-packages/colcon_core/task/python/colcon_distutils_commands:/home/y/SA_CAO/install/robot_launch/lib/python3.8/site-packages:${PYTHONPATH} /usr/bin/python3 -W ignore:setup.py install is deprecated -W ignore:easy_install command is deprecated setup.py egg_info --egg-base ../../build/robot_launch build --build-base /home/y/SA_CAO/build/robot_launch/build install --record /home/y/SA_CAO/build/robot_launch/install.log --install-scripts $base/lib/robot_launch --single-version-externally-managed install_data
[0.880s] running egg_info
[0.881s] writing ../../build/robot_launch/robot_launch.egg-info/PKG-INFO
[0.881s] writing dependency_links to ../../build/robot_launch/robot_launch.egg-info/dependency_links.txt
[0.882s] writing entry points to ../../build/robot_launch/robot_launch.egg-info/entry_points.txt
[0.882s] writing requirements to ../../build/robot_launch/robot_launch.egg-info/requires.txt
[0.883s] writing top-level names to ../../build/robot_launch/robot_launch.egg-info/top_level.txt
[0.913s] reading manifest file '../../build/robot_launch/robot_launch.egg-info/SOURCES.txt'
[0.914s] writing manifest file '../../build/robot_launch/robot_launch.egg-info/SOURCES.txt'
[0.914s] running build
[0.915s] running build_py
[0.915s] running install
[0.916s] running install_lib
[0.917s] running install_data
[0.917s] copying launch/launch_sub.py -> /home/y/SA_CAO/install/robot_launch/share/robot_launch/launch
[0.918s] running install_egg_info
[0.919s] removing '/home/y/SA_CAO/install/robot_launch/lib/python3.8/site-packages/robot_launch-0.0.0-py3.8.egg-info' (and everything under it)
[0.919s] Copying ../../build/robot_launch/robot_launch.egg-info to /home/y/SA_CAO/install/robot_launch/lib/python3.8/site-packages/robot_launch-0.0.0-py3.8.egg-info
[0.920s] running install_scripts
[0.937s] writing list of installed files to '/home/y/SA_CAO/build/robot_launch/install.log'
[0.965s] Invoked command in '/home/y/SA_CAO/src/robot_launch' returned '0': PYTHONPATH=/home/y/SA_CAO/build/robot_launch/prefix_override:/usr/lib/python3/dist-packages/colcon_core/task/python/colcon_distutils_commands:/home/y/SA_CAO/install/robot_launch/lib/python3.8/site-packages:${PYTHONPATH} /usr/bin/python3 -W ignore:setup.py install is deprecated -W ignore:easy_install command is deprecated setup.py egg_info --egg-base ../../build/robot_launch build --build-base /home/y/SA_CAO/build/robot_launch/build install --record /home/y/SA_CAO/build/robot_launch/install.log --install-scripts $base/lib/robot_launch --single-version-externally-managed install_data
