[0.049s] Invoking command in '/home/y/SA_CAO_Simu/SA_CAO/build/turtlebot3_fake_node': AMENT_PREFIX_PATH=/home/y/SA_CAO_Simu/SA_CAO/install/turtlebot3_msgs:${AMENT_PREFIX_PATH} CMAKE_PREFIX_PATH=/home/y/SA_CAO_Simu/SA_CAO/install/turtlebot3_msgs:/opt/ros/foxy LD_LIBRARY_PATH=/home/y/SA_CAO_Simu/SA_CAO/install/turtlebot3_msgs/lib:${LD_LIBRARY_PATH} PYTHONPATH=/home/y/SA_CAO_Simu/SA_CAO/install/turtlebot3_msgs/lib/python3.8/site-packages:${PYTHONPATH} /usr/bin/cmake /home/y/SA_CAO_Simu/SA_CAO/src/turtlebot3/turtlebot3_simulations/turtlebot3_fake_node -DCMAKE_INSTALL_PREFIX=/home/y/SA_CAO_Simu/SA_CAO/install/turtlebot3_fake_node
[0.184s] -- The C compiler identification is GNU 9.4.0
[0.264s] -- The CXX compiler identification is GNU 9.4.0
[0.265s] -- Check for working C compiler: /usr/bin/cc
[0.343s] -- Check for working C compiler: /usr/bin/cc -- works
[0.343s] -- Detecting C compiler ABI info
[0.372s] -- Detecting C compiler ABI info - done
[0.375s] -- Detecting C compile features
[0.375s] -- Detecting C compile features - done
[0.376s] -- Check for working CXX compiler: /usr/bin/c++
[0.490s] -- Check for working CXX compiler: /usr/bin/c++ -- works
[0.490s] -- Detecting CXX compiler ABI info
[0.701s] -- Detecting CXX compiler ABI info - done
[0.701s] -- Detecting CXX compile features
[0.706s] -- Detecting CXX compile features - done
[0.708s] -- Found ament_cmake: 0.9.12 (/opt/ros/foxy/share/ament_cmake/cmake)
[0.763s] -- Found PythonInterp: /usr/bin/python3 (found suitable version "3.8.10", minimum required is "3") 
[0.763s] -- Using PYTHON_EXECUTABLE: /usr/bin/python3
[0.922s] -- Found geometry_msgs: 2.0.5 (/opt/ros/foxy/share/geometry_msgs/cmake)
[0.935s] -- Using all available rosidl_typesupport_c: rosidl_typesupport_fastrtps_c;rosidl_typesupport_introspection_c
[0.938s] -- Found rosidl_adapter: 1.3.1 (/opt/ros/foxy/share/rosidl_adapter/cmake)
[1.021s] -- Found OpenSSL: /usr/lib/aarch64-linux-gnu/libcrypto.so (found version "1.1.1f")  
[1.045s] -- Found FastRTPS: /opt/ros/foxy/include  
[1.123s] -- Using all available rosidl_typesupport_cpp: rosidl_typesupport_fastrtps_cpp;rosidl_typesupport_introspection_cpp
[1.195s] -- Found nav_msgs: 2.0.5 (/opt/ros/foxy/share/nav_msgs/cmake)
[1.270s] -- Found rclcpp: 2.4.3 (/opt/ros/foxy/share/rclcpp/cmake)
[1.304s] -- Found rmw_implementation_cmake: 1.0.4 (/opt/ros/foxy/share/rmw_implementation_cmake/cmake)
[1.305s] -- Using RMW implementation 'rmw_fastrtps_cpp' as default
[1.308s] -- Looking for pthread.h
[1.444s] -- Looking for pthread.h - found
[1.444s] -- Performing Test CMAKE_HAVE_LIBC_PTHREAD
[1.476s] -- Performing Test CMAKE_HAVE_LIBC_PTHREAD - Failed
[1.476s] -- Looking for pthread_create in pthreads
[1.500s] -- Looking for pthread_create in pthreads - not found
[1.500s] -- Looking for pthread_create in pthread
[1.528s] -- Looking for pthread_create in pthread - found
[1.528s] -- Found Threads: TRUE  
[1.588s] -- Found sensor_msgs: 2.0.5 (/opt/ros/foxy/share/sensor_msgs/cmake)
[1.621s] -- Found tf2: 0.13.14 (/opt/ros/foxy/share/tf2/cmake)
[1.626s] -- Found tf2_msgs: 0.13.14 (/opt/ros/foxy/share/tf2_msgs/cmake)
[1.713s] -- Found turtlebot3_msgs: 2.2.1 (/home/y/SA_CAO_Simu/SA_CAO/install/turtlebot3_msgs/share/turtlebot3_msgs/cmake)
[1.784s] -- Configuring done
[1.789s] -- Generating done
[1.792s] -- Build files have been written to: /home/y/SA_CAO_Simu/SA_CAO/build/turtlebot3_fake_node
[1.797s] Invoked command in '/home/y/SA_CAO_Simu/SA_CAO/build/turtlebot3_fake_node' returned '0': AMENT_PREFIX_PATH=/home/y/SA_CAO_Simu/SA_CAO/install/turtlebot3_msgs:${AMENT_PREFIX_PATH} CMAKE_PREFIX_PATH=/home/y/SA_CAO_Simu/SA_CAO/install/turtlebot3_msgs:/opt/ros/foxy LD_LIBRARY_PATH=/home/y/SA_CAO_Simu/SA_CAO/install/turtlebot3_msgs/lib:${LD_LIBRARY_PATH} PYTHONPATH=/home/y/SA_CAO_Simu/SA_CAO/install/turtlebot3_msgs/lib/python3.8/site-packages:${PYTHONPATH} /usr/bin/cmake /home/y/SA_CAO_Simu/SA_CAO/src/turtlebot3/turtlebot3_simulations/turtlebot3_fake_node -DCMAKE_INSTALL_PREFIX=/home/y/SA_CAO_Simu/SA_CAO/install/turtlebot3_fake_node
[1.797s] Invoking command in '/home/y/SA_CAO_Simu/SA_CAO/build/turtlebot3_fake_node': AMENT_PREFIX_PATH=/home/y/SA_CAO_Simu/SA_CAO/install/turtlebot3_msgs:${AMENT_PREFIX_PATH} CMAKE_PREFIX_PATH=/home/y/SA_CAO_Simu/SA_CAO/install/turtlebot3_msgs:/opt/ros/foxy LD_LIBRARY_PATH=/home/y/SA_CAO_Simu/SA_CAO/install/turtlebot3_msgs/lib:${LD_LIBRARY_PATH} PYTHONPATH=/home/y/SA_CAO_Simu/SA_CAO/install/turtlebot3_msgs/lib/python3.8/site-packages:${PYTHONPATH} /usr/bin/cmake --build /home/y/SA_CAO_Simu/SA_CAO/build/turtlebot3_fake_node -- -j2 -l2
[1.820s] [35m[1mScanning dependencies of target turtlebot3_fake_node[0m
[1.842s] [ 50%] [32mBuilding CXX object CMakeFiles/turtlebot3_fake_node.dir/src/turtlebot3_fake_node.cpp.o[0m
[4.230s] [100%] [32m[1mLinking CXX executable turtlebot3_fake_node[0m
[4.375s] [100%] Built target turtlebot3_fake_node
[4.381s] Invoked command in '/home/y/SA_CAO_Simu/SA_CAO/build/turtlebot3_fake_node' returned '0': AMENT_PREFIX_PATH=/home/y/SA_CAO_Simu/SA_CAO/install/turtlebot3_msgs:${AMENT_PREFIX_PATH} CMAKE_PREFIX_PATH=/home/y/SA_CAO_Simu/SA_CAO/install/turtlebot3_msgs:/opt/ros/foxy LD_LIBRARY_PATH=/home/y/SA_CAO_Simu/SA_CAO/install/turtlebot3_msgs/lib:${LD_LIBRARY_PATH} PYTHONPATH=/home/y/SA_CAO_Simu/SA_CAO/install/turtlebot3_msgs/lib/python3.8/site-packages:${PYTHONPATH} /usr/bin/cmake --build /home/y/SA_CAO_Simu/SA_CAO/build/turtlebot3_fake_node -- -j2 -l2
[4.381s] Invoking command in '/home/y/SA_CAO_Simu/SA_CAO/build/turtlebot3_fake_node': AMENT_PREFIX_PATH=/home/y/SA_CAO_Simu/SA_CAO/install/turtlebot3_msgs:${AMENT_PREFIX_PATH} CMAKE_PREFIX_PATH=/home/y/SA_CAO_Simu/SA_CAO/install/turtlebot3_msgs:/opt/ros/foxy LD_LIBRARY_PATH=/home/y/SA_CAO_Simu/SA_CAO/install/turtlebot3_msgs/lib:${LD_LIBRARY_PATH} PYTHONPATH=/home/y/SA_CAO_Simu/SA_CAO/install/turtlebot3_msgs/lib/python3.8/site-packages:${PYTHONPATH} /usr/bin/cmake --install /home/y/SA_CAO_Simu/SA_CAO/build/turtlebot3_fake_node
[4.385s] -- Install configuration: ""
[4.385s] -- Installing: /home/y/SA_CAO_Simu/SA_CAO/install/turtlebot3_fake_node/lib/turtlebot3_fake_node/turtlebot3_fake_node
[4.386s] -- Set runtime path of "/home/y/SA_CAO_Simu/SA_CAO/install/turtlebot3_fake_node/lib/turtlebot3_fake_node/turtlebot3_fake_node" to ""
[4.386s] -- Installing: /home/y/SA_CAO_Simu/SA_CAO/install/turtlebot3_fake_node/share/turtlebot3_fake_node/launch
[4.386s] -- Installing: /home/y/SA_CAO_Simu/SA_CAO/install/turtlebot3_fake_node/share/turtlebot3_fake_node/launch/rviz2.launch.py
[4.386s] -- Installing: /home/y/SA_CAO_Simu/SA_CAO/install/turtlebot3_fake_node/share/turtlebot3_fake_node/launch/turtlebot3_fake_node.launch.py
[4.386s] -- Installing: /home/y/SA_CAO_Simu/SA_CAO/install/turtlebot3_fake_node/share/turtlebot3_fake_node/param
[4.386s] -- Installing: /home/y/SA_CAO_Simu/SA_CAO/install/turtlebot3_fake_node/share/turtlebot3_fake_node/param/waffle.yaml
[4.386s] -- Installing: /home/y/SA_CAO_Simu/SA_CAO/install/turtlebot3_fake_node/share/turtlebot3_fake_node/param/waffle_pi.yaml
[4.386s] -- Installing: /home/y/SA_CAO_Simu/SA_CAO/install/turtlebot3_fake_node/share/turtlebot3_fake_node/param/burger.yaml
[4.386s] -- Installing: /home/y/SA_CAO_Simu/SA_CAO/install/turtlebot3_fake_node/share/turtlebot3_fake_node/rviz
[4.386s] -- Installing: /home/y/SA_CAO_Simu/SA_CAO/install/turtlebot3_fake_node/share/turtlebot3_fake_node/rviz/model.rviz
[4.386s] -- Installing: /home/y/SA_CAO_Simu/SA_CAO/install/turtlebot3_fake_node/include/
[4.386s] -- Installing: /home/y/SA_CAO_Simu/SA_CAO/install/turtlebot3_fake_node/include//turtlebot3_fake_node
[4.386s] -- Installing: /home/y/SA_CAO_Simu/SA_CAO/install/turtlebot3_fake_node/include//turtlebot3_fake_node/turtlebot3_fake_node.hpp
[4.387s] -- Installing: /home/y/SA_CAO_Simu/SA_CAO/install/turtlebot3_fake_node/share/ament_index/resource_index/package_run_dependencies/turtlebot3_fake_node
[4.387s] -- Installing: /home/y/SA_CAO_Simu/SA_CAO/install/turtlebot3_fake_node/share/ament_index/resource_index/parent_prefix_path/turtlebot3_fake_node
[4.387s] -- Installing: /home/y/SA_CAO_Simu/SA_CAO/install/turtlebot3_fake_node/share/turtlebot3_fake_node/environment/ament_prefix_path.sh
[4.387s] -- Installing: /home/y/SA_CAO_Simu/SA_CAO/install/turtlebot3_fake_node/share/turtlebot3_fake_node/environment/ament_prefix_path.dsv
[4.387s] -- Installing: /home/y/SA_CAO_Simu/SA_CAO/install/turtlebot3_fake_node/share/turtlebot3_fake_node/environment/path.sh
[4.387s] -- Installing: /home/y/SA_CAO_Simu/SA_CAO/install/turtlebot3_fake_node/share/turtlebot3_fake_node/environment/path.dsv
[4.387s] -- Installing: /home/y/SA_CAO_Simu/SA_CAO/install/turtlebot3_fake_node/share/turtlebot3_fake_node/local_setup.bash
[4.387s] -- Installing: /home/y/SA_CAO_Simu/SA_CAO/install/turtlebot3_fake_node/share/turtlebot3_fake_node/local_setup.sh
[4.387s] -- Installing: /home/y/SA_CAO_Simu/SA_CAO/install/turtlebot3_fake_node/share/turtlebot3_fake_node/local_setup.zsh
[4.387s] -- Installing: /home/y/SA_CAO_Simu/SA_CAO/install/turtlebot3_fake_node/share/turtlebot3_fake_node/local_setup.dsv
[4.387s] -- Installing: /home/y/SA_CAO_Simu/SA_CAO/install/turtlebot3_fake_node/share/turtlebot3_fake_node/package.dsv
[4.387s] -- Installing: /home/y/SA_CAO_Simu/SA_CAO/install/turtlebot3_fake_node/share/ament_index/resource_index/packages/turtlebot3_fake_node
[4.387s] -- Installing: /home/y/SA_CAO_Simu/SA_CAO/install/turtlebot3_fake_node/share/turtlebot3_fake_node/cmake/ament_cmake_export_include_directories-extras.cmake
[4.387s] -- Installing: /home/y/SA_CAO_Simu/SA_CAO/install/turtlebot3_fake_node/share/turtlebot3_fake_node/cmake/ament_cmake_export_dependencies-extras.cmake
[4.387s] -- Installing: /home/y/SA_CAO_Simu/SA_CAO/install/turtlebot3_fake_node/share/turtlebot3_fake_node/cmake/turtlebot3_fake_nodeConfig.cmake
[4.387s] -- Installing: /home/y/SA_CAO_Simu/SA_CAO/install/turtlebot3_fake_node/share/turtlebot3_fake_node/cmake/turtlebot3_fake_nodeConfig-version.cmake
[4.387s] -- Installing: /home/y/SA_CAO_Simu/SA_CAO/install/turtlebot3_fake_node/share/turtlebot3_fake_node/package.xml
[4.392s] Invoked command in '/home/y/SA_CAO_Simu/SA_CAO/build/turtlebot3_fake_node' returned '0': AMENT_PREFIX_PATH=/home/y/SA_CAO_Simu/SA_CAO/install/turtlebot3_msgs:${AMENT_PREFIX_PATH} CMAKE_PREFIX_PATH=/home/y/SA_CAO_Simu/SA_CAO/install/turtlebot3_msgs:/opt/ros/foxy LD_LIBRARY_PATH=/home/y/SA_CAO_Simu/SA_CAO/install/turtlebot3_msgs/lib:${LD_LIBRARY_PATH} PYTHONPATH=/home/y/SA_CAO_Simu/SA_CAO/install/turtlebot3_msgs/lib/python3.8/site-packages:${PYTHONPATH} /usr/bin/cmake --install /home/y/SA_CAO_Simu/SA_CAO/build/turtlebot3_fake_node
