[0.022s] Invoking command in '/home/y/SA_CAO_Simu/SA_CAO/build/turtlebot3_navigation2': CMAKE_PREFIX_PATH=/opt/ros/foxy /usr/bin/cmake /home/y/SA_CAO_Simu/SA_CAO/src/turtlebot3/turtlebot3/turtlebot3_navigation2 -DCMAKE_INSTALL_PREFIX=/home/y/SA_CAO_Simu/SA_CAO/install/turtlebot3_navigation2
[0.239s] -- The C compiler identification is GNU 9.4.0
[0.335s] -- The CXX compiler identification is GNU 9.4.0
[0.336s] -- Check for working C compiler: /usr/bin/cc
[0.483s] -- Check for working C compiler: /usr/bin/cc -- works
[0.483s] -- Detecting C compiler ABI info
[0.631s] -- Detecting C compiler ABI info - done
[0.631s] -- Detecting C compile features
[0.631s] -- Detecting C compile features - done
[0.631s] -- Check for working CXX compiler: /usr/bin/c++
[0.831s] -- Check for working CXX compiler: /usr/bin/c++ -- works
[0.831s] -- Detecting CXX compiler ABI info
[0.967s] -- Detecting CXX compiler ABI info - done
[0.967s] -- Detecting CXX compile features
[0.967s] -- Detecting CXX compile features - done
[0.969s] -- Found ament_cmake: 0.9.12 (/opt/ros/foxy/share/ament_cmake/cmake)
[0.992s] -- Found PythonInterp: /usr/bin/python3 (found suitable version "3.8.10", minimum required is "3") 
[0.992s] -- Using PYTHON_EXECUTABLE: /usr/bin/python3
[1.255s] -- Configuring done
[1.255s] -- Generating done
[1.255s] -- Build files have been written to: /home/y/SA_CAO_Simu/SA_CAO/build/turtlebot3_navigation2
[1.257s] Invoked command in '/home/y/SA_CAO_Simu/SA_CAO/build/turtlebot3_navigation2' returned '0': CMAKE_PREFIX_PATH=/opt/ros/foxy /usr/bin/cmake /home/y/SA_CAO_Simu/SA_CAO/src/turtlebot3/turtlebot3/turtlebot3_navigation2 -DCMAKE_INSTALL_PREFIX=/home/y/SA_CAO_Simu/SA_CAO/install/turtlebot3_navigation2
[1.257s] Invoking command in '/home/y/SA_CAO_Simu/SA_CAO/build/turtlebot3_navigation2': CMAKE_PREFIX_PATH=/opt/ros/foxy /usr/bin/cmake --build /home/y/SA_CAO_Simu/SA_CAO/build/turtlebot3_navigation2 -- -j2 -l2
[1.380s] Invoked command in '/home/y/SA_CAO_Simu/SA_CAO/build/turtlebot3_navigation2' returned '0': CMAKE_PREFIX_PATH=/opt/ros/foxy /usr/bin/cmake --build /home/y/SA_CAO_Simu/SA_CAO/build/turtlebot3_navigation2 -- -j2 -l2
[1.381s] Invoking command in '/home/y/SA_CAO_Simu/SA_CAO/build/turtlebot3_navigation2': CMAKE_PREFIX_PATH=/opt/ros/foxy /usr/bin/cmake --install /home/y/SA_CAO_Simu/SA_CAO/build/turtlebot3_navigation2
[1.393s] -- Install configuration: ""
[1.403s] -- Installing: /home/y/SA_CAO_Simu/SA_CAO/install/turtlebot3_navigation2/share/turtlebot3_navigation2/launch
[1.404s] -- Installing: /home/y/SA_CAO_Simu/SA_CAO/install/turtlebot3_navigation2/share/turtlebot3_navigation2/launch/navigation2.launch.py
[1.405s] -- Installing: /home/y/SA_CAO_Simu/SA_CAO/install/turtlebot3_navigation2/share/turtlebot3_navigation2/map
[1.405s] -- Installing: /home/y/SA_CAO_Simu/SA_CAO/install/turtlebot3_navigation2/share/turtlebot3_navigation2/map/turtlebot3_world.yaml
[1.405s] -- Installing: /home/y/SA_CAO_Simu/SA_CAO/install/turtlebot3_navigation2/share/turtlebot3_navigation2/map/turtlebot3_world.pgm
[1.406s] -- Installing: /home/y/SA_CAO_Simu/SA_CAO/install/turtlebot3_navigation2/share/turtlebot3_navigation2/param
[1.406s] -- Installing: /home/y/SA_CAO_Simu/SA_CAO/install/turtlebot3_navigation2/share/turtlebot3_navigation2/param/waffle.yaml
[1.407s] -- Installing: /home/y/SA_CAO_Simu/SA_CAO/install/turtlebot3_navigation2/share/turtlebot3_navigation2/param/waffle_pi.yaml
[1.407s] -- Installing: /home/y/SA_CAO_Simu/SA_CAO/install/turtlebot3_navigation2/share/turtlebot3_navigation2/param/burger.yaml
[1.407s] -- Installing: /home/y/SA_CAO_Simu/SA_CAO/install/turtlebot3_navigation2/share/turtlebot3_navigation2/rviz
[1.407s] -- Installing: /home/y/SA_CAO_Simu/SA_CAO/install/turtlebot3_navigation2/share/turtlebot3_navigation2/rviz/tb3_navigation2.rviz
[1.409s] -- Installing: /home/y/SA_CAO_Simu/SA_CAO/install/turtlebot3_navigation2/share/ament_index/resource_index/package_run_dependencies/turtlebot3_navigation2
[1.409s] -- Installing: /home/y/SA_CAO_Simu/SA_CAO/install/turtlebot3_navigation2/share/ament_index/resource_index/parent_prefix_path/turtlebot3_navigation2
[1.409s] -- Installing: /home/y/SA_CAO_Simu/SA_CAO/install/turtlebot3_navigation2/share/turtlebot3_navigation2/environment/ament_prefix_path.sh
[1.409s] -- Installing: /home/y/SA_CAO_Simu/SA_CAO/install/turtlebot3_navigation2/share/turtlebot3_navigation2/environment/ament_prefix_path.dsv
[1.409s] -- Installing: /home/y/SA_CAO_Simu/SA_CAO/install/turtlebot3_navigation2/share/turtlebot3_navigation2/environment/path.sh
[1.409s] -- Installing: /home/y/SA_CAO_Simu/SA_CAO/install/turtlebot3_navigation2/share/turtlebot3_navigation2/environment/path.dsv
[1.409s] -- Installing: /home/y/SA_CAO_Simu/SA_CAO/install/turtlebot3_navigation2/share/turtlebot3_navigation2/local_setup.bash
[1.409s] -- Installing: /home/y/SA_CAO_Simu/SA_CAO/install/turtlebot3_navigation2/share/turtlebot3_navigation2/local_setup.sh
[1.409s] -- Installing: /home/y/SA_CAO_Simu/SA_CAO/install/turtlebot3_navigation2/share/turtlebot3_navigation2/local_setup.zsh
[1.409s] -- Installing: /home/y/SA_CAO_Simu/SA_CAO/install/turtlebot3_navigation2/share/turtlebot3_navigation2/local_setup.dsv
[1.409s] -- Installing: /home/y/SA_CAO_Simu/SA_CAO/install/turtlebot3_navigation2/share/turtlebot3_navigation2/package.dsv
[1.409s] -- Installing: /home/y/SA_CAO_Simu/SA_CAO/install/turtlebot3_navigation2/share/ament_index/resource_index/packages/turtlebot3_navigation2
[1.409s] -- Installing: /home/y/SA_CAO_Simu/SA_CAO/install/turtlebot3_navigation2/share/turtlebot3_navigation2/cmake/turtlebot3_navigation2Config.cmake
[1.409s] -- Installing: /home/y/SA_CAO_Simu/SA_CAO/install/turtlebot3_navigation2/share/turtlebot3_navigation2/cmake/turtlebot3_navigation2Config-version.cmake
[1.409s] -- Installing: /home/y/SA_CAO_Simu/SA_CAO/install/turtlebot3_navigation2/share/turtlebot3_navigation2/package.xml
[1.410s] Invoked command in '/home/y/SA_CAO_Simu/SA_CAO/build/turtlebot3_navigation2' returned '0': CMAKE_PREFIX_PATH=/opt/ros/foxy /usr/bin/cmake --install /home/y/SA_CAO_Simu/SA_CAO/build/turtlebot3_navigation2
