[0.805s] DEBUG:colcon:Command line arguments: ['/usr/bin/colcon', 'build']
[0.806s] DEBUG:colcon:Parsed command line arguments: Namespace(allow_overriding=[], ament_cmake_args=None, base_paths=['.'], build_base='build', catkin_cmake_args=None, catkin_skip_building_tests=False, cmake_args=None, cmake_clean_cache=False, cmake_clean_first=False, cmake_force_configure=False, cmake_target=None, cmake_target_skip_unavailable=False, continue_on_error=False, event_handlers=None, executor='parallel', ignore_user_meta=False, install_base='install', log_base=None, log_level=None, main=<bound method BuildVerb.main of <colcon_core.verb.build.BuildVerb object at 0x7f89f41d8d00>>, merge_install=False, metas=['./colcon.meta'], mixin=None, mixin_files=None, mixin_verb=('build',), packages_above=None, packages_above_and_dependencies=None, packages_above_depth=None, packages_end=None, packages_ignore=None, packages_ignore_regex=None, packages_select=None, packages_select_build_failed=False, packages_select_by_dep=None, packages_select_regex=None, packages_select_test_failures=False, packages_skip=None, packages_skip_build_finished=False, packages_skip_by_dep=None, packages_skip_regex=None, packages_skip_test_passed=False, packages_skip_up_to=None, packages_start=None, packages_up_to=None, packages_up_to_regex=None, parallel_workers=4, paths=None, symlink_install=False, test_result_base=None, verb_extension=<colcon_core.verb.build.BuildVerb object at 0x7f89f41d8d00>, verb_name='build', verb_parser=<colcon_mixin.mixin.mixin_argument.MixinArgumentDecorator object at 0x7f89f4130790>)
[1.166s] Level 1:colcon.colcon_core.package_discovery:discover_packages(colcon_meta) check parameters
[1.166s] Level 1:colcon.colcon_core.package_discovery:discover_packages(recursive) check parameters
[1.166s] Level 1:colcon.colcon_core.package_discovery:discover_packages(ignore) check parameters
[1.166s] Level 1:colcon.colcon_core.package_discovery:discover_packages(path) check parameters
[1.166s] Level 1:colcon.colcon_core.package_discovery:discover_packages(colcon_meta) discover
[1.167s] Level 1:colcon.colcon_core.package_discovery:discover_packages(recursive) discover
[1.167s] INFO:colcon.colcon_core.package_discovery:Crawling recursively for packages in '/home/y/SA_CAO'
[1.167s] Level 1:colcon.colcon_core.package_identification:_identify(.) by extensions ['ignore', 'ignore_ament_install']
[1.167s] Level 1:colcon.colcon_core.package_identification:_identify(.) by extension 'ignore'
[1.167s] Level 1:colcon.colcon_core.package_identification:_identify(.) by extension 'ignore_ament_install'
[1.167s] Level 1:colcon.colcon_core.package_identification:_identify(.) by extensions ['colcon_pkg']
[1.167s] Level 1:colcon.colcon_core.package_identification:_identify(.) by extension 'colcon_pkg'
[1.167s] Level 1:colcon.colcon_core.package_identification:_identify(.) by extensions ['colcon_meta']
[1.167s] Level 1:colcon.colcon_core.package_identification:_identify(.) by extension 'colcon_meta'
[1.167s] Level 1:colcon.colcon_core.package_identification:_identify(.) by extensions ['ros']
[1.168s] Level 1:colcon.colcon_core.package_identification:_identify(.) by extension 'ros'
[1.194s] Level 1:colcon.colcon_core.package_identification:_identify(.) by extensions ['cmake', 'python']
[1.194s] Level 1:colcon.colcon_core.package_identification:_identify(.) by extension 'cmake'
[1.194s] Level 1:colcon.colcon_core.package_identification:_identify(.) by extension 'python'
[1.194s] Level 1:colcon.colcon_core.package_identification:_identify(.) by extensions ['python_setup_py']
[1.194s] Level 1:colcon.colcon_core.package_identification:_identify(.) by extension 'python_setup_py'
[1.195s] Level 1:colcon.colcon_core.package_identification:_identify(build) by extensions ['ignore', 'ignore_ament_install']
[1.195s] Level 1:colcon.colcon_core.package_identification:_identify(build) by extension 'ignore'
[1.195s] Level 1:colcon.colcon_core.package_identification:_identify(build) ignored
[1.195s] Level 1:colcon.colcon_core.package_identification:_identify(install) by extensions ['ignore', 'ignore_ament_install']
[1.195s] Level 1:colcon.colcon_core.package_identification:_identify(install) by extension 'ignore'
[1.195s] Level 1:colcon.colcon_core.package_identification:_identify(install) ignored
[1.196s] Level 1:colcon.colcon_core.package_identification:_identify(log) by extensions ['ignore', 'ignore_ament_install']
[1.196s] Level 1:colcon.colcon_core.package_identification:_identify(log) by extension 'ignore'
[1.196s] Level 1:colcon.colcon_core.package_identification:_identify(log) ignored
[1.196s] Level 1:colcon.colcon_core.package_identification:_identify(src) by extensions ['ignore', 'ignore_ament_install']
[1.197s] Level 1:colcon.colcon_core.package_identification:_identify(src) by extension 'ignore'
[1.197s] Level 1:colcon.colcon_core.package_identification:_identify(src) by extension 'ignore_ament_install'
[1.197s] Level 1:colcon.colcon_core.package_identification:_identify(src) by extensions ['colcon_pkg']
[1.197s] Level 1:colcon.colcon_core.package_identification:_identify(src) by extension 'colcon_pkg'
[1.197s] Level 1:colcon.colcon_core.package_identification:_identify(src) by extensions ['colcon_meta']
[1.197s] Level 1:colcon.colcon_core.package_identification:_identify(src) by extension 'colcon_meta'
[1.197s] Level 1:colcon.colcon_core.package_identification:_identify(src) by extensions ['ros']
[1.197s] Level 1:colcon.colcon_core.package_identification:_identify(src) by extension 'ros'
[1.197s] Level 1:colcon.colcon_core.package_identification:_identify(src) by extensions ['cmake', 'python']
[1.197s] Level 1:colcon.colcon_core.package_identification:_identify(src) by extension 'cmake'
[1.198s] Level 1:colcon.colcon_core.package_identification:_identify(src) by extension 'python'
[1.198s] Level 1:colcon.colcon_core.package_identification:_identify(src) by extensions ['python_setup_py']
[1.198s] Level 1:colcon.colcon_core.package_identification:_identify(src) by extension 'python_setup_py'
[1.198s] Level 1:colcon.colcon_core.package_identification:_identify(src/launch_diablo) by extensions ['ignore', 'ignore_ament_install']
[1.198s] Level 1:colcon.colcon_core.package_identification:_identify(src/launch_diablo) by extension 'ignore'
[1.198s] Level 1:colcon.colcon_core.package_identification:_identify(src/launch_diablo) by extension 'ignore_ament_install'
[1.198s] Level 1:colcon.colcon_core.package_identification:_identify(src/launch_diablo) by extensions ['colcon_pkg']
[1.198s] Level 1:colcon.colcon_core.package_identification:_identify(src/launch_diablo) by extension 'colcon_pkg'
[1.198s] Level 1:colcon.colcon_core.package_identification:_identify(src/launch_diablo) by extensions ['colcon_meta']
[1.199s] Level 1:colcon.colcon_core.package_identification:_identify(src/launch_diablo) by extension 'colcon_meta'
[1.199s] Level 1:colcon.colcon_core.package_identification:_identify(src/launch_diablo) by extensions ['ros']
[1.199s] Level 1:colcon.colcon_core.package_identification:_identify(src/launch_diablo) by extension 'ros'
[1.205s] DEBUG:colcon.colcon_core.package_identification:Package 'src/launch_diablo' with type 'ros.ament_python' and name 'launch_diablo'
[1.205s] Level 1:colcon.colcon_core.package_identification:_identify(src/my_joystick) by extensions ['ignore', 'ignore_ament_install']
[1.205s] Level 1:colcon.colcon_core.package_identification:_identify(src/my_joystick) by extension 'ignore'
[1.205s] Level 1:colcon.colcon_core.package_identification:_identify(src/my_joystick) by extension 'ignore_ament_install'
[1.205s] Level 1:colcon.colcon_core.package_identification:_identify(src/my_joystick) by extensions ['colcon_pkg']
[1.205s] Level 1:colcon.colcon_core.package_identification:_identify(src/my_joystick) by extension 'colcon_pkg'
[1.205s] Level 1:colcon.colcon_core.package_identification:_identify(src/my_joystick) by extensions ['colcon_meta']
[1.205s] Level 1:colcon.colcon_core.package_identification:_identify(src/my_joystick) by extension 'colcon_meta'
[1.206s] Level 1:colcon.colcon_core.package_identification:_identify(src/my_joystick) by extensions ['ros']
[1.206s] Level 1:colcon.colcon_core.package_identification:_identify(src/my_joystick) by extension 'ros'
[1.207s] DEBUG:colcon.colcon_core.package_identification:Package 'src/my_joystick' with type 'ros.ament_python' and name 'my_joystick'
[1.207s] Level 1:colcon.colcon_core.package_identification:_identify(src/ultrasound_package) by extensions ['ignore', 'ignore_ament_install']
[1.207s] Level 1:colcon.colcon_core.package_identification:_identify(src/ultrasound_package) by extension 'ignore'
[1.207s] Level 1:colcon.colcon_core.package_identification:_identify(src/ultrasound_package) by extension 'ignore_ament_install'
[1.207s] Level 1:colcon.colcon_core.package_identification:_identify(src/ultrasound_package) by extensions ['colcon_pkg']
[1.208s] Level 1:colcon.colcon_core.package_identification:_identify(src/ultrasound_package) by extension 'colcon_pkg'
[1.208s] Level 1:colcon.colcon_core.package_identification:_identify(src/ultrasound_package) by extensions ['colcon_meta']
[1.208s] Level 1:colcon.colcon_core.package_identification:_identify(src/ultrasound_package) by extension 'colcon_meta'
[1.208s] Level 1:colcon.colcon_core.package_identification:_identify(src/ultrasound_package) by extensions ['ros']
[1.208s] Level 1:colcon.colcon_core.package_identification:_identify(src/ultrasound_package) by extension 'ros'
[1.209s] DEBUG:colcon.colcon_core.package_identification:Package 'src/ultrasound_package' with type 'ros.ament_python' and name 'ultrasound_package'
[1.209s] Level 1:colcon.colcon_core.package_discovery:discover_packages(recursive) using defaults
[1.209s] Level 1:colcon.colcon_core.package_discovery:discover_packages(ignore) discover
[1.209s] Level 1:colcon.colcon_core.package_discovery:discover_packages(ignore) using defaults
[1.209s] Level 1:colcon.colcon_core.package_discovery:discover_packages(path) discover
[1.209s] Level 1:colcon.colcon_core.package_discovery:discover_packages(path) using defaults
[1.251s] Level 1:colcon.colcon_core.package_discovery:discover_packages(prefix_path) check parameters
[1.251s] Level 1:colcon.colcon_core.package_discovery:discover_packages(prefix_path) discover
[1.259s] DEBUG:colcon.colcon_installed_package_information.package_discovery:Found 1 installed packages in /home/y/oradar_ros/install
[1.264s] DEBUG:colcon.colcon_installed_package_information.package_discovery:Found 338 installed packages in /opt/ros/foxy
[1.276s] Level 1:colcon.colcon_core.package_discovery:discover_packages(prefix_path) using defaults
[1.448s] Level 5:colcon.colcon_core.verb:set package 'launch_diablo' build argument 'cmake_args' from command line to 'None'
[1.448s] Level 5:colcon.colcon_core.verb:set package 'launch_diablo' build argument 'cmake_target' from command line to 'None'
[1.448s] Level 5:colcon.colcon_core.verb:set package 'launch_diablo' build argument 'cmake_target_skip_unavailable' from command line to 'False'
[1.448s] Level 5:colcon.colcon_core.verb:set package 'launch_diablo' build argument 'cmake_clean_cache' from command line to 'False'
[1.448s] Level 5:colcon.colcon_core.verb:set package 'launch_diablo' build argument 'cmake_clean_first' from command line to 'False'
[1.448s] Level 5:colcon.colcon_core.verb:set package 'launch_diablo' build argument 'cmake_force_configure' from command line to 'False'
[1.448s] Level 5:colcon.colcon_core.verb:set package 'launch_diablo' build argument 'ament_cmake_args' from command line to 'None'
[1.448s] Level 5:colcon.colcon_core.verb:set package 'launch_diablo' build argument 'catkin_cmake_args' from command line to 'None'
[1.448s] Level 5:colcon.colcon_core.verb:set package 'launch_diablo' build argument 'catkin_skip_building_tests' from command line to 'False'
[1.448s] DEBUG:colcon.colcon_core.verb:Building package 'launch_diablo' with the following arguments: {'ament_cmake_args': None, 'build_base': '/home/y/SA_CAO/build/launch_diablo', 'catkin_cmake_args': None, 'catkin_skip_building_tests': False, 'cmake_args': None, 'cmake_clean_cache': False, 'cmake_clean_first': False, 'cmake_force_configure': False, 'cmake_target': None, 'cmake_target_skip_unavailable': False, 'install_base': '/home/y/SA_CAO/install/launch_diablo', 'merge_install': False, 'path': '/home/y/SA_CAO/src/launch_diablo', 'symlink_install': False, 'test_result_base': None}
[1.449s] Level 5:colcon.colcon_core.verb:set package 'my_joystick' build argument 'cmake_args' from command line to 'None'
[1.449s] Level 5:colcon.colcon_core.verb:set package 'my_joystick' build argument 'cmake_target' from command line to 'None'
[1.449s] Level 5:colcon.colcon_core.verb:set package 'my_joystick' build argument 'cmake_target_skip_unavailable' from command line to 'False'
[1.449s] Level 5:colcon.colcon_core.verb:set package 'my_joystick' build argument 'cmake_clean_cache' from command line to 'False'
[1.449s] Level 5:colcon.colcon_core.verb:set package 'my_joystick' build argument 'cmake_clean_first' from command line to 'False'
[1.449s] Level 5:colcon.colcon_core.verb:set package 'my_joystick' build argument 'cmake_force_configure' from command line to 'False'
[1.449s] Level 5:colcon.colcon_core.verb:set package 'my_joystick' build argument 'ament_cmake_args' from command line to 'None'
[1.449s] Level 5:colcon.colcon_core.verb:set package 'my_joystick' build argument 'catkin_cmake_args' from command line to 'None'
[1.449s] Level 5:colcon.colcon_core.verb:set package 'my_joystick' build argument 'catkin_skip_building_tests' from command line to 'False'
[1.449s] DEBUG:colcon.colcon_core.verb:Building package 'my_joystick' with the following arguments: {'ament_cmake_args': None, 'build_base': '/home/y/SA_CAO/build/my_joystick', 'catkin_cmake_args': None, 'catkin_skip_building_tests': False, 'cmake_args': None, 'cmake_clean_cache': False, 'cmake_clean_first': False, 'cmake_force_configure': False, 'cmake_target': None, 'cmake_target_skip_unavailable': False, 'install_base': '/home/y/SA_CAO/install/my_joystick', 'merge_install': False, 'path': '/home/y/SA_CAO/src/my_joystick', 'symlink_install': False, 'test_result_base': None}
[1.450s] Level 5:colcon.colcon_core.verb:set package 'ultrasound_package' build argument 'cmake_args' from command line to 'None'
[1.450s] Level 5:colcon.colcon_core.verb:set package 'ultrasound_package' build argument 'cmake_target' from command line to 'None'
[1.450s] Level 5:colcon.colcon_core.verb:set package 'ultrasound_package' build argument 'cmake_target_skip_unavailable' from command line to 'False'
[1.450s] Level 5:colcon.colcon_core.verb:set package 'ultrasound_package' build argument 'cmake_clean_cache' from command line to 'False'
[1.450s] Level 5:colcon.colcon_core.verb:set package 'ultrasound_package' build argument 'cmake_clean_first' from command line to 'False'
[1.450s] Level 5:colcon.colcon_core.verb:set package 'ultrasound_package' build argument 'cmake_force_configure' from command line to 'False'
[1.450s] Level 5:colcon.colcon_core.verb:set package 'ultrasound_package' build argument 'ament_cmake_args' from command line to 'None'
[1.450s] Level 5:colcon.colcon_core.verb:set package 'ultrasound_package' build argument 'catkin_cmake_args' from command line to 'None'
[1.450s] Level 5:colcon.colcon_core.verb:set package 'ultrasound_package' build argument 'catkin_skip_building_tests' from command line to 'False'
[1.450s] DEBUG:colcon.colcon_core.verb:Building package 'ultrasound_package' with the following arguments: {'ament_cmake_args': None, 'build_base': '/home/y/SA_CAO/build/ultrasound_package', 'catkin_cmake_args': None, 'catkin_skip_building_tests': False, 'cmake_args': None, 'cmake_clean_cache': False, 'cmake_clean_first': False, 'cmake_force_configure': False, 'cmake_target': None, 'cmake_target_skip_unavailable': False, 'install_base': '/home/y/SA_CAO/install/ultrasound_package', 'merge_install': False, 'path': '/home/y/SA_CAO/src/ultrasound_package', 'symlink_install': False, 'test_result_base': None}
[1.450s] INFO:colcon.colcon_core.executor:Executing jobs using 'parallel' executor
[1.452s] DEBUG:colcon.colcon_parallel_executor.executor.parallel:run_until_complete
[1.452s] INFO:colcon.colcon_ros.task.ament_python.build:Building ROS package in '/home/y/SA_CAO/src/launch_diablo' with build type 'ament_python'
[1.452s] Level 1:colcon.colcon_core.shell:create_environment_hook('launch_diablo', 'ament_prefix_path')
[1.464s] INFO:colcon.colcon_core.plugin_system:Skipping extension 'colcon_core.shell.bat': Not used on non-Windows systems
[1.464s] INFO:colcon.colcon_core.shell:Creating environment hook '/home/y/SA_CAO/install/launch_diablo/share/launch_diablo/hook/ament_prefix_path.ps1'
[1.466s] INFO:colcon.colcon_core.shell:Creating environment descriptor '/home/y/SA_CAO/install/launch_diablo/share/launch_diablo/hook/ament_prefix_path.dsv'
[1.467s] INFO:colcon.colcon_core.shell:Creating environment hook '/home/y/SA_CAO/install/launch_diablo/share/launch_diablo/hook/ament_prefix_path.sh'
[1.469s] INFO:colcon.colcon_core.shell:Skip shell extension 'powershell' for command environment: Not usable outside of PowerShell
[1.469s] DEBUG:colcon.colcon_core.shell:Skip shell extension 'dsv' for command environment
[1.484s] INFO:colcon.colcon_ros.task.ament_python.build:Building ROS package in '/home/y/SA_CAO/src/my_joystick' with build type 'ament_python'
[1.486s] Level 1:colcon.colcon_core.shell:create_environment_hook('my_joystick', 'ament_prefix_path')
[1.488s] INFO:colcon.colcon_core.shell:Creating environment hook '/home/y/SA_CAO/install/my_joystick/share/my_joystick/hook/ament_prefix_path.ps1'
[1.493s] INFO:colcon.colcon_core.shell:Creating environment descriptor '/home/y/SA_CAO/install/my_joystick/share/my_joystick/hook/ament_prefix_path.dsv'
[1.494s] INFO:colcon.colcon_core.shell:Creating environment hook '/home/y/SA_CAO/install/my_joystick/share/my_joystick/hook/ament_prefix_path.sh'
[1.496s] INFO:colcon.colcon_core.shell:Skip shell extension 'powershell' for command environment: Not usable outside of PowerShell
[1.496s] DEBUG:colcon.colcon_core.shell:Skip shell extension 'dsv' for command environment
[1.511s] INFO:colcon.colcon_ros.task.ament_python.build:Building ROS package in '/home/y/SA_CAO/src/ultrasound_package' with build type 'ament_python'
[1.513s] Level 1:colcon.colcon_core.shell:create_environment_hook('ultrasound_package', 'ament_prefix_path')
[1.515s] INFO:colcon.colcon_core.shell:Creating environment hook '/home/y/SA_CAO/install/ultrasound_package/share/ultrasound_package/hook/ament_prefix_path.ps1'
[1.518s] INFO:colcon.colcon_core.shell:Creating environment descriptor '/home/y/SA_CAO/install/ultrasound_package/share/ultrasound_package/hook/ament_prefix_path.dsv'
[1.519s] INFO:colcon.colcon_core.shell:Creating environment hook '/home/y/SA_CAO/install/ultrasound_package/share/ultrasound_package/hook/ament_prefix_path.sh'
[1.519s] INFO:colcon.colcon_core.shell:Skip shell extension 'powershell' for command environment: Not usable outside of PowerShell
[1.520s] DEBUG:colcon.colcon_core.shell:Skip shell extension 'dsv' for command environment
[1.984s] INFO:colcon.colcon_core.task.python.build:Building Python package in '/home/y/SA_CAO/src/launch_diablo'
[1.987s] INFO:colcon.colcon_core.shell:Skip shell extension 'powershell' for command environment: Not usable outside of PowerShell
[1.987s] DEBUG:colcon.colcon_core.shell:Skip shell extension 'dsv' for command environment
[2.446s] INFO:colcon.colcon_core.task.python.build:Building Python package in '/home/y/SA_CAO/src/my_joystick'
[2.449s] INFO:colcon.colcon_core.shell:Skip shell extension 'powershell' for command environment: Not usable outside of PowerShell
[2.449s] DEBUG:colcon.colcon_core.shell:Skip shell extension 'dsv' for command environment
[2.903s] INFO:colcon.colcon_core.task.python.build:Building Python package in '/home/y/SA_CAO/src/ultrasound_package'
[2.906s] INFO:colcon.colcon_core.shell:Skip shell extension 'powershell' for command environment: Not usable outside of PowerShell
[2.906s] DEBUG:colcon.colcon_core.shell:Skip shell extension 'dsv' for command environment
[3.852s] DEBUG:colcon.colcon_core.event_handler.log_command:Invoking command in '/home/y/SA_CAO/src/ultrasound_package': PYTHONPATH=/home/y/SA_CAO/build/ultrasound_package/prefix_override:/usr/lib/python3/dist-packages/colcon_core/task/python/colcon_distutils_commands:/home/y/SA_CAO/install/ultrasound_package/lib/python3.8/site-packages:${PYTHONPATH} /usr/bin/python3 -W ignore:setup.py install is deprecated -W ignore:easy_install command is deprecated setup.py egg_info --egg-base ../../build/ultrasound_package build --build-base /home/y/SA_CAO/build/ultrasound_package/build install --record /home/y/SA_CAO/build/ultrasound_package/install.log --install-scripts $base/lib/ultrasound_package --single-version-externally-managed install_data
[3.878s] DEBUG:colcon.colcon_core.event_handler.log_command:Invoking command in '/home/y/SA_CAO/src/my_joystick': PYTHONPATH=/home/y/SA_CAO/build/my_joystick/prefix_override:/usr/lib/python3/dist-packages/colcon_core/task/python/colcon_distutils_commands:/home/y/SA_CAO/install/my_joystick/lib/python3.8/site-packages:${PYTHONPATH} /usr/bin/python3 -W ignore:setup.py install is deprecated -W ignore:easy_install command is deprecated setup.py egg_info --egg-base ../../build/my_joystick build --build-base /home/y/SA_CAO/build/my_joystick/build install --record /home/y/SA_CAO/build/my_joystick/install.log --install-scripts $base/lib/my_joystick --single-version-externally-managed install_data
[3.896s] DEBUG:colcon.colcon_core.event_handler.log_command:Invoking command in '/home/y/SA_CAO/src/launch_diablo': PYTHONPATH=/home/y/SA_CAO/build/launch_diablo/prefix_override:/usr/lib/python3/dist-packages/colcon_core/task/python/colcon_distutils_commands:/home/y/SA_CAO/install/launch_diablo/lib/python3.8/site-packages:${PYTHONPATH} /usr/bin/python3 -W ignore:setup.py install is deprecated -W ignore:easy_install command is deprecated setup.py egg_info --egg-base ../../build/launch_diablo build --build-base /home/y/SA_CAO/build/launch_diablo/build install --record /home/y/SA_CAO/build/launch_diablo/install.log --install-scripts $base/lib/robot_launch --single-version-externally-managed install_data
[4.449s] DEBUG:colcon.colcon_core.event_handler.log_command:Invoked command in '/home/y/SA_CAO/src/ultrasound_package' returned '0': PYTHONPATH=/home/y/SA_CAO/build/ultrasound_package/prefix_override:/usr/lib/python3/dist-packages/colcon_core/task/python/colcon_distutils_commands:/home/y/SA_CAO/install/ultrasound_package/lib/python3.8/site-packages:${PYTHONPATH} /usr/bin/python3 -W ignore:setup.py install is deprecated -W ignore:easy_install command is deprecated setup.py egg_info --egg-base ../../build/ultrasound_package build --build-base /home/y/SA_CAO/build/ultrasound_package/build install --record /home/y/SA_CAO/build/ultrasound_package/install.log --install-scripts $base/lib/ultrasound_package --single-version-externally-managed install_data
[4.466s] Level 1:colcon.colcon_core.environment:checking '/home/y/SA_CAO/install/ultrasound_package' for CMake module files
[4.467s] Level 1:colcon.colcon_core.environment:checking '/home/y/SA_CAO/install/ultrasound_package' for CMake config files
[4.470s] Level 1:colcon.colcon_core.environment:checking '/home/y/SA_CAO/install/ultrasound_package/lib'
[4.470s] Level 1:colcon.colcon_core.environment:checking '/home/y/SA_CAO/install/ultrasound_package/bin'
[4.470s] Level 1:colcon.colcon_core.environment:checking '/home/y/SA_CAO/install/ultrasound_package/lib/pkgconfig/ultrasound_package.pc'
[4.471s] Level 1:colcon.colcon_core.environment:checking '/home/y/SA_CAO/install/ultrasound_package/lib/python3.8/site-packages'
[4.472s] Level 1:colcon.colcon_core.shell:create_environment_hook('ultrasound_package', 'pythonpath')
[4.472s] INFO:colcon.colcon_core.shell:Creating environment hook '/home/y/SA_CAO/install/ultrasound_package/share/ultrasound_package/hook/pythonpath.ps1'
[4.474s] INFO:colcon.colcon_core.shell:Creating environment descriptor '/home/y/SA_CAO/install/ultrasound_package/share/ultrasound_package/hook/pythonpath.dsv'
[4.474s] INFO:colcon.colcon_core.shell:Creating environment hook '/home/y/SA_CAO/install/ultrasound_package/share/ultrasound_package/hook/pythonpath.sh'
[4.475s] Level 1:colcon.colcon_core.environment:checking '/home/y/SA_CAO/install/ultrasound_package/bin'
[4.476s] Level 1:colcon.colcon_core.environment:create_environment_scripts_only(ultrasound_package)
[4.476s] INFO:colcon.colcon_core.shell:Creating package script '/home/y/SA_CAO/install/ultrasound_package/share/ultrasound_package/package.ps1'
[4.478s] INFO:colcon.colcon_core.shell:Creating package descriptor '/home/y/SA_CAO/install/ultrasound_package/share/ultrasound_package/package.dsv'
[4.479s] INFO:colcon.colcon_core.shell:Creating package script '/home/y/SA_CAO/install/ultrasound_package/share/ultrasound_package/package.sh'
[4.481s] INFO:colcon.colcon_core.shell:Creating package script '/home/y/SA_CAO/install/ultrasound_package/share/ultrasound_package/package.bash'
[4.483s] INFO:colcon.colcon_core.shell:Creating package script '/home/y/SA_CAO/install/ultrasound_package/share/ultrasound_package/package.zsh'
[4.485s] Level 1:colcon.colcon_core.environment:create_file_with_runtime_dependencies(/home/y/SA_CAO/install/ultrasound_package/share/colcon-core/packages/ultrasound_package)
[4.491s] Level 1:colcon.colcon_core.environment:checking '/home/y/SA_CAO/install/my_joystick' for CMake module files
[4.492s] DEBUG:colcon.colcon_core.event_handler.log_command:Invoked command in '/home/y/SA_CAO/src/my_joystick' returned '0': PYTHONPATH=/home/y/SA_CAO/build/my_joystick/prefix_override:/usr/lib/python3/dist-packages/colcon_core/task/python/colcon_distutils_commands:/home/y/SA_CAO/install/my_joystick/lib/python3.8/site-packages:${PYTHONPATH} /usr/bin/python3 -W ignore:setup.py install is deprecated -W ignore:easy_install command is deprecated setup.py egg_info --egg-base ../../build/my_joystick build --build-base /home/y/SA_CAO/build/my_joystick/build install --record /home/y/SA_CAO/build/my_joystick/install.log --install-scripts $base/lib/my_joystick --single-version-externally-managed install_data
[4.493s] Level 1:colcon.colcon_core.environment:checking '/home/y/SA_CAO/install/my_joystick' for CMake config files
[4.495s] Level 1:colcon.colcon_core.environment:checking '/home/y/SA_CAO/install/my_joystick/lib'
[4.495s] Level 1:colcon.colcon_core.environment:checking '/home/y/SA_CAO/install/my_joystick/bin'
[4.495s] Level 1:colcon.colcon_core.environment:checking '/home/y/SA_CAO/install/my_joystick/lib/pkgconfig/my_joystick.pc'
[4.495s] Level 1:colcon.colcon_core.environment:checking '/home/y/SA_CAO/install/my_joystick/lib/python3.8/site-packages'
[4.495s] Level 1:colcon.colcon_core.shell:create_environment_hook('my_joystick', 'pythonpath')
[4.496s] INFO:colcon.colcon_core.shell:Creating environment hook '/home/y/SA_CAO/install/my_joystick/share/my_joystick/hook/pythonpath.ps1'
[4.496s] INFO:colcon.colcon_core.shell:Creating environment descriptor '/home/y/SA_CAO/install/my_joystick/share/my_joystick/hook/pythonpath.dsv'
[4.497s] INFO:colcon.colcon_core.shell:Creating environment hook '/home/y/SA_CAO/install/my_joystick/share/my_joystick/hook/pythonpath.sh'
[4.498s] Level 1:colcon.colcon_core.environment:checking '/home/y/SA_CAO/install/my_joystick/bin'
[4.498s] Level 1:colcon.colcon_core.environment:create_environment_scripts_only(my_joystick)
[4.498s] INFO:colcon.colcon_core.shell:Creating package script '/home/y/SA_CAO/install/my_joystick/share/my_joystick/package.ps1'
[4.499s] INFO:colcon.colcon_core.shell:Creating package descriptor '/home/y/SA_CAO/install/my_joystick/share/my_joystick/package.dsv'
[4.500s] INFO:colcon.colcon_core.shell:Creating package script '/home/y/SA_CAO/install/my_joystick/share/my_joystick/package.sh'
[4.500s] INFO:colcon.colcon_core.shell:Creating package script '/home/y/SA_CAO/install/my_joystick/share/my_joystick/package.bash'
[4.501s] INFO:colcon.colcon_core.shell:Creating package script '/home/y/SA_CAO/install/my_joystick/share/my_joystick/package.zsh'
[4.501s] Level 1:colcon.colcon_core.environment:create_file_with_runtime_dependencies(/home/y/SA_CAO/install/my_joystick/share/colcon-core/packages/my_joystick)
[4.502s] Level 1:colcon.colcon_core.environment:checking '/home/y/SA_CAO/install/launch_diablo' for CMake module files
[4.503s] DEBUG:colcon.colcon_core.event_handler.log_command:Invoked command in '/home/y/SA_CAO/src/launch_diablo' returned '0': PYTHONPATH=/home/y/SA_CAO/build/launch_diablo/prefix_override:/usr/lib/python3/dist-packages/colcon_core/task/python/colcon_distutils_commands:/home/y/SA_CAO/install/launch_diablo/lib/python3.8/site-packages:${PYTHONPATH} /usr/bin/python3 -W ignore:setup.py install is deprecated -W ignore:easy_install command is deprecated setup.py egg_info --egg-base ../../build/launch_diablo build --build-base /home/y/SA_CAO/build/launch_diablo/build install --record /home/y/SA_CAO/build/launch_diablo/install.log --install-scripts $base/lib/robot_launch --single-version-externally-managed install_data
[4.505s] Level 1:colcon.colcon_core.environment:checking '/home/y/SA_CAO/install/launch_diablo' for CMake config files
[4.506s] Level 1:colcon.colcon_core.environment:checking '/home/y/SA_CAO/install/launch_diablo/lib'
[4.506s] Level 1:colcon.colcon_core.environment:checking '/home/y/SA_CAO/install/launch_diablo/bin'
[4.507s] Level 1:colcon.colcon_core.environment:checking '/home/y/SA_CAO/install/launch_diablo/lib/pkgconfig/launch_diablo.pc'
[4.507s] Level 1:colcon.colcon_core.environment:checking '/home/y/SA_CAO/install/launch_diablo/lib/python3.8/site-packages'
[4.507s] Level 1:colcon.colcon_core.shell:create_environment_hook('launch_diablo', 'pythonpath')
[4.507s] INFO:colcon.colcon_core.shell:Creating environment hook '/home/y/SA_CAO/install/launch_diablo/share/launch_diablo/hook/pythonpath.ps1'
[4.509s] INFO:colcon.colcon_core.shell:Creating environment descriptor '/home/y/SA_CAO/install/launch_diablo/share/launch_diablo/hook/pythonpath.dsv'
[4.509s] INFO:colcon.colcon_core.shell:Creating environment hook '/home/y/SA_CAO/install/launch_diablo/share/launch_diablo/hook/pythonpath.sh'
[4.515s] Level 1:colcon.colcon_core.environment:checking '/home/y/SA_CAO/install/launch_diablo/bin'
[4.515s] Level 1:colcon.colcon_core.environment:create_environment_scripts_only(launch_diablo)
[4.515s] INFO:colcon.colcon_core.shell:Creating package script '/home/y/SA_CAO/install/launch_diablo/share/launch_diablo/package.ps1'
[4.516s] INFO:colcon.colcon_core.shell:Creating package descriptor '/home/y/SA_CAO/install/launch_diablo/share/launch_diablo/package.dsv'
[4.517s] INFO:colcon.colcon_core.shell:Creating package script '/home/y/SA_CAO/install/launch_diablo/share/launch_diablo/package.sh'
[4.517s] INFO:colcon.colcon_core.shell:Creating package script '/home/y/SA_CAO/install/launch_diablo/share/launch_diablo/package.bash'
[4.518s] INFO:colcon.colcon_core.shell:Creating package script '/home/y/SA_CAO/install/launch_diablo/share/launch_diablo/package.zsh'
[4.519s] Level 1:colcon.colcon_core.environment:create_file_with_runtime_dependencies(/home/y/SA_CAO/install/launch_diablo/share/colcon-core/packages/launch_diablo)
[4.521s] DEBUG:colcon.colcon_parallel_executor.executor.parallel:closing loop
[4.521s] DEBUG:colcon.colcon_parallel_executor.executor.parallel:loop closed
[4.522s] DEBUG:colcon.colcon_parallel_executor.executor.parallel:run_until_complete finished with '0'
[4.522s] DEBUG:colcon.colcon_core.event_reactor:joining thread
[4.547s] INFO:colcon.colcon_core.plugin_system:Skipping extension 'colcon_notification.desktop_notification.terminal_notifier': Not used on non-Darwin systems
[4.547s] INFO:colcon.colcon_core.plugin_system:Skipping extension 'colcon_notification.desktop_notification.win32': Not used on non-Windows systems
[4.547s] INFO:colcon.colcon_notification.desktop_notification:Sending desktop notification using 'notify2'
[4.623s] DEBUG:colcon.colcon_core.event_reactor:joined thread
[4.624s] INFO:colcon.colcon_core.shell:Creating prefix script '/home/y/SA_CAO/install/local_setup.ps1'
[4.626s] INFO:colcon.colcon_core.shell:Creating prefix util module '/home/y/SA_CAO/install/_local_setup_util_ps1.py'
[4.628s] INFO:colcon.colcon_core.shell:Creating prefix chain script '/home/y/SA_CAO/install/setup.ps1'
[4.631s] INFO:colcon.colcon_core.shell:Creating prefix script '/home/y/SA_CAO/install/local_setup.sh'
[4.632s] INFO:colcon.colcon_core.shell:Creating prefix util module '/home/y/SA_CAO/install/_local_setup_util_sh.py'
[4.633s] INFO:colcon.colcon_core.shell:Creating prefix chain script '/home/y/SA_CAO/install/setup.sh'
[4.635s] INFO:colcon.colcon_core.shell:Creating prefix script '/home/y/SA_CAO/install/local_setup.bash'
[4.637s] INFO:colcon.colcon_core.shell:Creating prefix chain script '/home/y/SA_CAO/install/setup.bash'
[4.639s] INFO:colcon.colcon_core.shell:Creating prefix script '/home/y/SA_CAO/install/local_setup.zsh'
[4.641s] INFO:colcon.colcon_core.shell:Creating prefix chain script '/home/y/SA_CAO/install/setup.zsh'
