[0.312s] DEBUG:colcon:Command line arguments: ['/usr/bin/colcon', 'build']
[0.313s] DEBUG:colcon:Parsed command line arguments: Namespace(allow_overriding=[], ament_cmake_args=None, base_paths=['.'], build_base='build', catkin_cmake_args=None, catkin_skip_building_tests=False, cmake_args=None, cmake_clean_cache=False, cmake_clean_first=False, cmake_force_configure=False, cmake_target=None, cmake_target_skip_unavailable=False, continue_on_error=False, event_handlers=None, executor='parallel', ignore_user_meta=False, install_base='install', log_base=None, log_level=None, main=<bound method BuildVerb.main of <colcon_core.verb.build.BuildVerb object at 0x7f795a741d00>>, merge_install=False, metas=['./colcon.meta'], mixin=None, mixin_files=None, mixin_verb=('build',), packages_above=None, packages_above_and_dependencies=None, packages_above_depth=None, packages_end=None, packages_ignore=None, packages_ignore_regex=None, packages_select=None, packages_select_build_failed=False, packages_select_by_dep=None, packages_select_regex=None, packages_select_test_failures=False, packages_skip=None, packages_skip_build_finished=False, packages_skip_by_dep=None, packages_skip_regex=None, packages_skip_test_passed=False, packages_skip_up_to=None, packages_start=None, packages_up_to=None, packages_up_to_regex=None, parallel_workers=4, paths=None, symlink_install=False, test_result_base=None, verb_extension=<colcon_core.verb.build.BuildVerb object at 0x7f795a741d00>, verb_name='build', verb_parser=<colcon_mixin.mixin.mixin_argument.MixinArgumentDecorator object at 0x7f795a69a790>)
[0.624s] Level 1:colcon.colcon_core.package_discovery:discover_packages(colcon_meta) check parameters
[0.624s] Level 1:colcon.colcon_core.package_discovery:discover_packages(recursive) check parameters
[0.624s] Level 1:colcon.colcon_core.package_discovery:discover_packages(ignore) check parameters
[0.624s] Level 1:colcon.colcon_core.package_discovery:discover_packages(path) check parameters
[0.624s] Level 1:colcon.colcon_core.package_discovery:discover_packages(colcon_meta) discover
[0.625s] Level 1:colcon.colcon_core.package_discovery:discover_packages(recursive) discover
[0.625s] INFO:colcon.colcon_core.package_discovery:Crawling recursively for packages in '/home/y/SA_CAO'
[0.625s] Level 1:colcon.colcon_core.package_identification:_identify(.) by extensions ['ignore', 'ignore_ament_install']
[0.625s] Level 1:colcon.colcon_core.package_identification:_identify(.) by extension 'ignore'
[0.625s] Level 1:colcon.colcon_core.package_identification:_identify(.) by extension 'ignore_ament_install'
[0.625s] Level 1:colcon.colcon_core.package_identification:_identify(.) by extensions ['colcon_pkg']
[0.625s] Level 1:colcon.colcon_core.package_identification:_identify(.) by extension 'colcon_pkg'
[0.625s] Level 1:colcon.colcon_core.package_identification:_identify(.) by extensions ['colcon_meta']
[0.625s] Level 1:colcon.colcon_core.package_identification:_identify(.) by extension 'colcon_meta'
[0.626s] Level 1:colcon.colcon_core.package_identification:_identify(.) by extensions ['ros']
[0.626s] Level 1:colcon.colcon_core.package_identification:_identify(.) by extension 'ros'
[0.644s] Level 1:colcon.colcon_core.package_identification:_identify(.) by extensions ['cmake', 'python']
[0.644s] Level 1:colcon.colcon_core.package_identification:_identify(.) by extension 'cmake'
[0.644s] Level 1:colcon.colcon_core.package_identification:_identify(.) by extension 'python'
[0.644s] Level 1:colcon.colcon_core.package_identification:_identify(.) by extensions ['python_setup_py']
[0.644s] Level 1:colcon.colcon_core.package_identification:_identify(.) by extension 'python_setup_py'
[0.645s] Level 1:colcon.colcon_core.package_identification:_identify(build) by extensions ['ignore', 'ignore_ament_install']
[0.645s] Level 1:colcon.colcon_core.package_identification:_identify(build) by extension 'ignore'
[0.645s] Level 1:colcon.colcon_core.package_identification:_identify(build) ignored
[0.645s] Level 1:colcon.colcon_core.package_identification:_identify(install) by extensions ['ignore', 'ignore_ament_install']
[0.645s] Level 1:colcon.colcon_core.package_identification:_identify(install) by extension 'ignore'
[0.645s] Level 1:colcon.colcon_core.package_identification:_identify(install) ignored
[0.646s] Level 1:colcon.colcon_core.package_identification:_identify(log) by extensions ['ignore', 'ignore_ament_install']
[0.646s] Level 1:colcon.colcon_core.package_identification:_identify(log) by extension 'ignore'
[0.646s] Level 1:colcon.colcon_core.package_identification:_identify(log) ignored
[0.646s] Level 1:colcon.colcon_core.package_identification:_identify(src) by extensions ['ignore', 'ignore_ament_install']
[0.646s] Level 1:colcon.colcon_core.package_identification:_identify(src) by extension 'ignore'
[0.647s] Level 1:colcon.colcon_core.package_identification:_identify(src) by extension 'ignore_ament_install'
[0.647s] Level 1:colcon.colcon_core.package_identification:_identify(src) by extensions ['colcon_pkg']
[0.647s] Level 1:colcon.colcon_core.package_identification:_identify(src) by extension 'colcon_pkg'
[0.647s] Level 1:colcon.colcon_core.package_identification:_identify(src) by extensions ['colcon_meta']
[0.647s] Level 1:colcon.colcon_core.package_identification:_identify(src) by extension 'colcon_meta'
[0.647s] Level 1:colcon.colcon_core.package_identification:_identify(src) by extensions ['ros']
[0.647s] Level 1:colcon.colcon_core.package_identification:_identify(src) by extension 'ros'
[0.647s] Level 1:colcon.colcon_core.package_identification:_identify(src) by extensions ['cmake', 'python']
[0.647s] Level 1:colcon.colcon_core.package_identification:_identify(src) by extension 'cmake'
[0.647s] Level 1:colcon.colcon_core.package_identification:_identify(src) by extension 'python'
[0.648s] Level 1:colcon.colcon_core.package_identification:_identify(src) by extensions ['python_setup_py']
[0.648s] Level 1:colcon.colcon_core.package_identification:_identify(src) by extension 'python_setup_py'
[0.648s] Level 1:colcon.colcon_core.package_identification:_identify(src/launch_diablo) by extensions ['ignore', 'ignore_ament_install']
[0.648s] Level 1:colcon.colcon_core.package_identification:_identify(src/launch_diablo) by extension 'ignore'
[0.648s] Level 1:colcon.colcon_core.package_identification:_identify(src/launch_diablo) by extension 'ignore_ament_install'
[0.648s] Level 1:colcon.colcon_core.package_identification:_identify(src/launch_diablo) by extensions ['colcon_pkg']
[0.648s] Level 1:colcon.colcon_core.package_identification:_identify(src/launch_diablo) by extension 'colcon_pkg'
[0.648s] Level 1:colcon.colcon_core.package_identification:_identify(src/launch_diablo) by extensions ['colcon_meta']
[0.648s] Level 1:colcon.colcon_core.package_identification:_identify(src/launch_diablo) by extension 'colcon_meta'
[0.648s] Level 1:colcon.colcon_core.package_identification:_identify(src/launch_diablo) by extensions ['ros']
[0.649s] Level 1:colcon.colcon_core.package_identification:_identify(src/launch_diablo) by extension 'ros'
[0.652s] DEBUG:colcon.colcon_core.package_identification:Package 'src/launch_diablo' with type 'ros.ament_python' and name 'launch_diablo'
[0.652s] Level 1:colcon.colcon_core.package_identification:_identify(src/motion_msgs) by extensions ['ignore', 'ignore_ament_install']
[0.652s] Level 1:colcon.colcon_core.package_identification:_identify(src/motion_msgs) by extension 'ignore'
[0.653s] Level 1:colcon.colcon_core.package_identification:_identify(src/motion_msgs) by extension 'ignore_ament_install'
[0.653s] Level 1:colcon.colcon_core.package_identification:_identify(src/motion_msgs) by extensions ['colcon_pkg']
[0.653s] Level 1:colcon.colcon_core.package_identification:_identify(src/motion_msgs) by extension 'colcon_pkg'
[0.653s] Level 1:colcon.colcon_core.package_identification:_identify(src/motion_msgs) by extensions ['colcon_meta']
[0.653s] Level 1:colcon.colcon_core.package_identification:_identify(src/motion_msgs) by extension 'colcon_meta'
[0.653s] Level 1:colcon.colcon_core.package_identification:_identify(src/motion_msgs) by extensions ['ros']
[0.653s] Level 1:colcon.colcon_core.package_identification:_identify(src/motion_msgs) by extension 'ros'
[0.654s] DEBUG:colcon.colcon_core.package_identification:Package 'src/motion_msgs' with type 'ros.ament_cmake' and name 'motion_msgs'
[0.655s] Level 1:colcon.colcon_core.package_identification:_identify(src/sub_dwa) by extensions ['ignore', 'ignore_ament_install']
[0.655s] Level 1:colcon.colcon_core.package_identification:_identify(src/sub_dwa) by extension 'ignore'
[0.655s] Level 1:colcon.colcon_core.package_identification:_identify(src/sub_dwa) by extension 'ignore_ament_install'
[0.655s] Level 1:colcon.colcon_core.package_identification:_identify(src/sub_dwa) by extensions ['colcon_pkg']
[0.655s] Level 1:colcon.colcon_core.package_identification:_identify(src/sub_dwa) by extension 'colcon_pkg'
[0.655s] Level 1:colcon.colcon_core.package_identification:_identify(src/sub_dwa) by extensions ['colcon_meta']
[0.655s] Level 1:colcon.colcon_core.package_identification:_identify(src/sub_dwa) by extension 'colcon_meta'
[0.656s] Level 1:colcon.colcon_core.package_identification:_identify(src/sub_dwa) by extensions ['ros']
[0.656s] Level 1:colcon.colcon_core.package_identification:_identify(src/sub_dwa) by extension 'ros'
[0.657s] DEBUG:colcon.colcon_core.package_identification:Package 'src/sub_dwa' with type 'ros.ament_cmake' and name 'sub_dwa'
[0.657s] Level 1:colcon.colcon_core.package_identification:_identify(src/ultrasound_package) by extensions ['ignore', 'ignore_ament_install']
[0.657s] Level 1:colcon.colcon_core.package_identification:_identify(src/ultrasound_package) by extension 'ignore'
[0.657s] Level 1:colcon.colcon_core.package_identification:_identify(src/ultrasound_package) by extension 'ignore_ament_install'
[0.658s] Level 1:colcon.colcon_core.package_identification:_identify(src/ultrasound_package) by extensions ['colcon_pkg']
[0.658s] Level 1:colcon.colcon_core.package_identification:_identify(src/ultrasound_package) by extension 'colcon_pkg'
[0.658s] Level 1:colcon.colcon_core.package_identification:_identify(src/ultrasound_package) by extensions ['colcon_meta']
[0.658s] Level 1:colcon.colcon_core.package_identification:_identify(src/ultrasound_package) by extension 'colcon_meta'
[0.658s] Level 1:colcon.colcon_core.package_identification:_identify(src/ultrasound_package) by extensions ['ros']
[0.658s] Level 1:colcon.colcon_core.package_identification:_identify(src/ultrasound_package) by extension 'ros'
[0.659s] DEBUG:colcon.colcon_core.package_identification:Package 'src/ultrasound_package' with type 'ros.ament_python' and name 'ultrasound_package'
[0.659s] Level 1:colcon.colcon_core.package_discovery:discover_packages(recursive) using defaults
[0.659s] Level 1:colcon.colcon_core.package_discovery:discover_packages(ignore) discover
[0.659s] Level 1:colcon.colcon_core.package_discovery:discover_packages(ignore) using defaults
[0.659s] Level 1:colcon.colcon_core.package_discovery:discover_packages(path) discover
[0.659s] Level 1:colcon.colcon_core.package_discovery:discover_packages(path) using defaults
[0.687s] Level 1:colcon.colcon_core.package_discovery:discover_packages(prefix_path) check parameters
[0.687s] Level 1:colcon.colcon_core.package_discovery:discover_packages(prefix_path) discover
[0.691s] DEBUG:colcon.colcon_installed_package_information.package_discovery:Found 1 installed packages in /home/y/oradar_ros/install
[0.697s] DEBUG:colcon.colcon_installed_package_information.package_discovery:Found 338 installed packages in /opt/ros/foxy
[0.709s] Level 1:colcon.colcon_core.package_discovery:discover_packages(prefix_path) using defaults
[0.865s] Level 5:colcon.colcon_core.verb:set package 'launch_diablo' build argument 'cmake_args' from command line to 'None'
[0.865s] Level 5:colcon.colcon_core.verb:set package 'launch_diablo' build argument 'cmake_target' from command line to 'None'
[0.865s] Level 5:colcon.colcon_core.verb:set package 'launch_diablo' build argument 'cmake_target_skip_unavailable' from command line to 'False'
[0.865s] Level 5:colcon.colcon_core.verb:set package 'launch_diablo' build argument 'cmake_clean_cache' from command line to 'False'
[0.865s] Level 5:colcon.colcon_core.verb:set package 'launch_diablo' build argument 'cmake_clean_first' from command line to 'False'
[0.866s] Level 5:colcon.colcon_core.verb:set package 'launch_diablo' build argument 'cmake_force_configure' from command line to 'False'
[0.866s] Level 5:colcon.colcon_core.verb:set package 'launch_diablo' build argument 'ament_cmake_args' from command line to 'None'
[0.866s] Level 5:colcon.colcon_core.verb:set package 'launch_diablo' build argument 'catkin_cmake_args' from command line to 'None'
[0.866s] Level 5:colcon.colcon_core.verb:set package 'launch_diablo' build argument 'catkin_skip_building_tests' from command line to 'False'
[0.866s] DEBUG:colcon.colcon_core.verb:Building package 'launch_diablo' with the following arguments: {'ament_cmake_args': None, 'build_base': '/home/y/SA_CAO/build/launch_diablo', 'catkin_cmake_args': None, 'catkin_skip_building_tests': False, 'cmake_args': None, 'cmake_clean_cache': False, 'cmake_clean_first': False, 'cmake_force_configure': False, 'cmake_target': None, 'cmake_target_skip_unavailable': False, 'install_base': '/home/y/SA_CAO/install/launch_diablo', 'merge_install': False, 'path': '/home/y/SA_CAO/src/launch_diablo', 'symlink_install': False, 'test_result_base': None}
[0.866s] Level 5:colcon.colcon_core.verb:set package 'motion_msgs' build argument 'cmake_args' from command line to 'None'
[0.866s] Level 5:colcon.colcon_core.verb:set package 'motion_msgs' build argument 'cmake_target' from command line to 'None'
[0.866s] Level 5:colcon.colcon_core.verb:set package 'motion_msgs' build argument 'cmake_target_skip_unavailable' from command line to 'False'
[0.867s] Level 5:colcon.colcon_core.verb:set package 'motion_msgs' build argument 'cmake_clean_cache' from command line to 'False'
[0.867s] Level 5:colcon.colcon_core.verb:set package 'motion_msgs' build argument 'cmake_clean_first' from command line to 'False'
[0.867s] Level 5:colcon.colcon_core.verb:set package 'motion_msgs' build argument 'cmake_force_configure' from command line to 'False'
[0.867s] Level 5:colcon.colcon_core.verb:set package 'motion_msgs' build argument 'ament_cmake_args' from command line to 'None'
[0.867s] Level 5:colcon.colcon_core.verb:set package 'motion_msgs' build argument 'catkin_cmake_args' from command line to 'None'
[0.867s] Level 5:colcon.colcon_core.verb:set package 'motion_msgs' build argument 'catkin_skip_building_tests' from command line to 'False'
[0.867s] DEBUG:colcon.colcon_core.verb:Building package 'motion_msgs' with the following arguments: {'ament_cmake_args': None, 'build_base': '/home/y/SA_CAO/build/motion_msgs', 'catkin_cmake_args': None, 'catkin_skip_building_tests': False, 'cmake_args': None, 'cmake_clean_cache': False, 'cmake_clean_first': False, 'cmake_force_configure': False, 'cmake_target': None, 'cmake_target_skip_unavailable': False, 'install_base': '/home/y/SA_CAO/install/motion_msgs', 'merge_install': False, 'path': '/home/y/SA_CAO/src/motion_msgs', 'symlink_install': False, 'test_result_base': None}
[0.867s] Level 5:colcon.colcon_core.verb:set package 'ultrasound_package' build argument 'cmake_args' from command line to 'None'
[0.867s] Level 5:colcon.colcon_core.verb:set package 'ultrasound_package' build argument 'cmake_target' from command line to 'None'
[0.867s] Level 5:colcon.colcon_core.verb:set package 'ultrasound_package' build argument 'cmake_target_skip_unavailable' from command line to 'False'
[0.867s] Level 5:colcon.colcon_core.verb:set package 'ultrasound_package' build argument 'cmake_clean_cache' from command line to 'False'
[0.868s] Level 5:colcon.colcon_core.verb:set package 'ultrasound_package' build argument 'cmake_clean_first' from command line to 'False'
[0.868s] Level 5:colcon.colcon_core.verb:set package 'ultrasound_package' build argument 'cmake_force_configure' from command line to 'False'
[0.868s] Level 5:colcon.colcon_core.verb:set package 'ultrasound_package' build argument 'ament_cmake_args' from command line to 'None'
[0.868s] Level 5:colcon.colcon_core.verb:set package 'ultrasound_package' build argument 'catkin_cmake_args' from command line to 'None'
[0.868s] Level 5:colcon.colcon_core.verb:set package 'ultrasound_package' build argument 'catkin_skip_building_tests' from command line to 'False'
[0.868s] DEBUG:colcon.colcon_core.verb:Building package 'ultrasound_package' with the following arguments: {'ament_cmake_args': None, 'build_base': '/home/y/SA_CAO/build/ultrasound_package', 'catkin_cmake_args': None, 'catkin_skip_building_tests': False, 'cmake_args': None, 'cmake_clean_cache': False, 'cmake_clean_first': False, 'cmake_force_configure': False, 'cmake_target': None, 'cmake_target_skip_unavailable': False, 'install_base': '/home/y/SA_CAO/install/ultrasound_package', 'merge_install': False, 'path': '/home/y/SA_CAO/src/ultrasound_package', 'symlink_install': False, 'test_result_base': None}
[0.868s] Level 5:colcon.colcon_core.verb:set package 'sub_dwa' build argument 'cmake_args' from command line to 'None'
[0.868s] Level 5:colcon.colcon_core.verb:set package 'sub_dwa' build argument 'cmake_target' from command line to 'None'
[0.868s] Level 5:colcon.colcon_core.verb:set package 'sub_dwa' build argument 'cmake_target_skip_unavailable' from command line to 'False'
[0.869s] Level 5:colcon.colcon_core.verb:set package 'sub_dwa' build argument 'cmake_clean_cache' from command line to 'False'
[0.869s] Level 5:colcon.colcon_core.verb:set package 'sub_dwa' build argument 'cmake_clean_first' from command line to 'False'
[0.869s] Level 5:colcon.colcon_core.verb:set package 'sub_dwa' build argument 'cmake_force_configure' from command line to 'False'
[0.869s] Level 5:colcon.colcon_core.verb:set package 'sub_dwa' build argument 'ament_cmake_args' from command line to 'None'
[0.869s] Level 5:colcon.colcon_core.verb:set package 'sub_dwa' build argument 'catkin_cmake_args' from command line to 'None'
[0.869s] Level 5:colcon.colcon_core.verb:set package 'sub_dwa' build argument 'catkin_skip_building_tests' from command line to 'False'
[0.869s] DEBUG:colcon.colcon_core.verb:Building package 'sub_dwa' with the following arguments: {'ament_cmake_args': None, 'build_base': '/home/y/SA_CAO/build/sub_dwa', 'catkin_cmake_args': None, 'catkin_skip_building_tests': False, 'cmake_args': None, 'cmake_clean_cache': False, 'cmake_clean_first': False, 'cmake_force_configure': False, 'cmake_target': None, 'cmake_target_skip_unavailable': False, 'install_base': '/home/y/SA_CAO/install/sub_dwa', 'merge_install': False, 'path': '/home/y/SA_CAO/src/sub_dwa', 'symlink_install': False, 'test_result_base': None}
[0.869s] INFO:colcon.colcon_core.executor:Executing jobs using 'parallel' executor
[0.871s] DEBUG:colcon.colcon_parallel_executor.executor.parallel:run_until_complete
[0.871s] INFO:colcon.colcon_ros.task.ament_cmake.build:Building ROS package in '/home/y/SA_CAO/src/motion_msgs' with build type 'ament_cmake'
[0.871s] INFO:colcon.colcon_cmake.task.cmake.build:Building CMake package in '/home/y/SA_CAO/src/motion_msgs'
[0.878s] INFO:colcon.colcon_core.plugin_system:Skipping extension 'colcon_core.shell.bat': Not used on non-Windows systems
[0.878s] INFO:colcon.colcon_core.shell:Skip shell extension 'powershell' for command environment: Not usable outside of PowerShell
[0.878s] DEBUG:colcon.colcon_core.shell:Skip shell extension 'dsv' for command environment
[0.896s] INFO:colcon.colcon_ros.task.ament_python.build:Building ROS package in '/home/y/SA_CAO/src/launch_diablo' with build type 'ament_python'
[0.899s] Level 1:colcon.colcon_core.shell:create_environment_hook('launch_diablo', 'ament_prefix_path')
[0.908s] INFO:colcon.colcon_core.shell:Creating environment hook '/home/y/SA_CAO/install/launch_diablo/share/launch_diablo/hook/ament_prefix_path.ps1'
[0.912s] INFO:colcon.colcon_core.shell:Creating environment descriptor '/home/y/SA_CAO/install/launch_diablo/share/launch_diablo/hook/ament_prefix_path.dsv'
[0.913s] INFO:colcon.colcon_core.shell:Creating environment hook '/home/y/SA_CAO/install/launch_diablo/share/launch_diablo/hook/ament_prefix_path.sh'
[0.916s] INFO:colcon.colcon_core.shell:Skip shell extension 'powershell' for command environment: Not usable outside of PowerShell
[0.916s] DEBUG:colcon.colcon_core.shell:Skip shell extension 'dsv' for command environment
[0.941s] INFO:colcon.colcon_ros.task.ament_python.build:Building ROS package in '/home/y/SA_CAO/src/ultrasound_package' with build type 'ament_python'
[0.944s] Level 1:colcon.colcon_core.shell:create_environment_hook('ultrasound_package', 'ament_prefix_path')
[0.946s] INFO:colcon.colcon_core.shell:Creating environment hook '/home/y/SA_CAO/install/ultrasound_package/share/ultrasound_package/hook/ament_prefix_path.ps1'
[0.952s] INFO:colcon.colcon_core.shell:Creating environment descriptor '/home/y/SA_CAO/install/ultrasound_package/share/ultrasound_package/hook/ament_prefix_path.dsv'
[0.953s] INFO:colcon.colcon_core.shell:Creating environment hook '/home/y/SA_CAO/install/ultrasound_package/share/ultrasound_package/hook/ament_prefix_path.sh'
[0.955s] INFO:colcon.colcon_core.shell:Skip shell extension 'powershell' for command environment: Not usable outside of PowerShell
[0.955s] DEBUG:colcon.colcon_core.shell:Skip shell extension 'dsv' for command environment
[1.011s] DEBUG:colcon.colcon_core.event_handler.log_command:Invoking command in '/home/y/SA_CAO/build/motion_msgs': CMAKE_PREFIX_PATH=/opt/ros/foxy:${CMAKE_PREFIX_PATH} /usr/bin/cmake /home/y/SA_CAO/src/motion_msgs -DCMAKE_INSTALL_PREFIX=/home/y/SA_CAO/install/motion_msgs
[1.477s] INFO:colcon.colcon_core.task.python.build:Building Python package in '/home/y/SA_CAO/src/launch_diablo'
[1.480s] INFO:colcon.colcon_core.shell:Skip shell extension 'powershell' for command environment: Not usable outside of PowerShell
[1.480s] DEBUG:colcon.colcon_core.shell:Skip shell extension 'dsv' for command environment
[1.952s] INFO:colcon.colcon_core.task.python.build:Building Python package in '/home/y/SA_CAO/src/ultrasound_package'
[1.955s] INFO:colcon.colcon_core.shell:Skip shell extension 'powershell' for command environment: Not usable outside of PowerShell
[1.955s] DEBUG:colcon.colcon_core.shell:Skip shell extension 'dsv' for command environment
[2.893s] DEBUG:colcon.colcon_core.event_handler.log_command:Invoking command in '/home/y/SA_CAO/src/ultrasound_package': PYTHONPATH=/home/y/SA_CAO/build/ultrasound_package/prefix_override:/usr/lib/python3/dist-packages/colcon_core/task/python/colcon_distutils_commands:/home/y/SA_CAO/install/ultrasound_package/lib/python3.8/site-packages:${PYTHONPATH} /usr/bin/python3 -W ignore:setup.py install is deprecated -W ignore:easy_install command is deprecated setup.py egg_info --egg-base ../../build/ultrasound_package build --build-base /home/y/SA_CAO/build/ultrasound_package/build install --record /home/y/SA_CAO/build/ultrasound_package/install.log --install-scripts $base/lib/ultrasound_package --single-version-externally-managed install_data
[2.913s] DEBUG:colcon.colcon_core.event_handler.log_command:Invoking command in '/home/y/SA_CAO/src/launch_diablo': PYTHONPATH=/home/y/SA_CAO/build/launch_diablo/prefix_override:/usr/lib/python3/dist-packages/colcon_core/task/python/colcon_distutils_commands:/home/y/SA_CAO/install/launch_diablo/lib/python3.8/site-packages:${PYTHONPATH} /usr/bin/python3 -W ignore:setup.py install is deprecated -W ignore:easy_install command is deprecated setup.py egg_info --egg-base ../../build/launch_diablo build --build-base /home/y/SA_CAO/build/launch_diablo/build install --record /home/y/SA_CAO/build/launch_diablo/install.log --install-scripts $base/lib/robot_launch --single-version-externally-managed install_data
[3.529s] DEBUG:colcon.colcon_core.event_handler.log_command:Invoked command in '/home/y/SA_CAO/src/ultrasound_package' returned '0': PYTHONPATH=/home/y/SA_CAO/build/ultrasound_package/prefix_override:/usr/lib/python3/dist-packages/colcon_core/task/python/colcon_distutils_commands:/home/y/SA_CAO/install/ultrasound_package/lib/python3.8/site-packages:${PYTHONPATH} /usr/bin/python3 -W ignore:setup.py install is deprecated -W ignore:easy_install command is deprecated setup.py egg_info --egg-base ../../build/ultrasound_package build --build-base /home/y/SA_CAO/build/ultrasound_package/build install --record /home/y/SA_CAO/build/ultrasound_package/install.log --install-scripts $base/lib/ultrasound_package --single-version-externally-managed install_data
[3.536s] Level 1:colcon.colcon_core.environment:checking '/home/y/SA_CAO/install/ultrasound_package' for CMake module files
[3.539s] Level 1:colcon.colcon_core.environment:checking '/home/y/SA_CAO/install/ultrasound_package' for CMake config files
[3.543s] Level 1:colcon.colcon_core.environment:checking '/home/y/SA_CAO/install/ultrasound_package/lib'
[3.543s] Level 1:colcon.colcon_core.environment:checking '/home/y/SA_CAO/install/ultrasound_package/bin'
[3.543s] Level 1:colcon.colcon_core.environment:checking '/home/y/SA_CAO/install/ultrasound_package/lib/pkgconfig/ultrasound_package.pc'
[3.544s] Level 1:colcon.colcon_core.environment:checking '/home/y/SA_CAO/install/ultrasound_package/lib/python3.8/site-packages'
[3.544s] Level 1:colcon.colcon_core.shell:create_environment_hook('ultrasound_package', 'pythonpath')
[3.545s] INFO:colcon.colcon_core.shell:Creating environment hook '/home/y/SA_CAO/install/ultrasound_package/share/ultrasound_package/hook/pythonpath.ps1'
[3.547s] INFO:colcon.colcon_core.shell:Creating environment descriptor '/home/y/SA_CAO/install/ultrasound_package/share/ultrasound_package/hook/pythonpath.dsv'
[3.548s] INFO:colcon.colcon_core.shell:Creating environment hook '/home/y/SA_CAO/install/ultrasound_package/share/ultrasound_package/hook/pythonpath.sh'
[3.549s] Level 1:colcon.colcon_core.environment:checking '/home/y/SA_CAO/install/ultrasound_package/bin'
[3.549s] Level 1:colcon.colcon_core.environment:create_environment_scripts_only(ultrasound_package)
[3.550s] INFO:colcon.colcon_core.shell:Creating package script '/home/y/SA_CAO/install/ultrasound_package/share/ultrasound_package/package.ps1'
[3.552s] INFO:colcon.colcon_core.shell:Creating package descriptor '/home/y/SA_CAO/install/ultrasound_package/share/ultrasound_package/package.dsv'
[3.553s] INFO:colcon.colcon_core.shell:Creating package script '/home/y/SA_CAO/install/ultrasound_package/share/ultrasound_package/package.sh'
[3.555s] INFO:colcon.colcon_core.shell:Creating package script '/home/y/SA_CAO/install/ultrasound_package/share/ultrasound_package/package.bash'
[3.556s] INFO:colcon.colcon_core.shell:Creating package script '/home/y/SA_CAO/install/ultrasound_package/share/ultrasound_package/package.zsh'
[3.558s] Level 1:colcon.colcon_core.environment:create_file_with_runtime_dependencies(/home/y/SA_CAO/install/ultrasound_package/share/colcon-core/packages/ultrasound_package)
[3.592s] Level 1:colcon.colcon_core.environment:checking '/home/y/SA_CAO/install/launch_diablo' for CMake module files
[3.593s] DEBUG:colcon.colcon_core.event_handler.log_command:Invoked command in '/home/y/SA_CAO/src/launch_diablo' returned '0': PYTHONPATH=/home/y/SA_CAO/build/launch_diablo/prefix_override:/usr/lib/python3/dist-packages/colcon_core/task/python/colcon_distutils_commands:/home/y/SA_CAO/install/launch_diablo/lib/python3.8/site-packages:${PYTHONPATH} /usr/bin/python3 -W ignore:setup.py install is deprecated -W ignore:easy_install command is deprecated setup.py egg_info --egg-base ../../build/launch_diablo build --build-base /home/y/SA_CAO/build/launch_diablo/build install --record /home/y/SA_CAO/build/launch_diablo/install.log --install-scripts $base/lib/robot_launch --single-version-externally-managed install_data
[3.593s] Level 1:colcon.colcon_core.environment:checking '/home/y/SA_CAO/install/launch_diablo' for CMake config files
[3.596s] Level 1:colcon.colcon_core.environment:checking '/home/y/SA_CAO/install/launch_diablo/lib'
[3.596s] Level 1:colcon.colcon_core.environment:checking '/home/y/SA_CAO/install/launch_diablo/bin'
[3.596s] Level 1:colcon.colcon_core.environment:checking '/home/y/SA_CAO/install/launch_diablo/lib/pkgconfig/launch_diablo.pc'
[3.597s] Level 1:colcon.colcon_core.environment:checking '/home/y/SA_CAO/install/launch_diablo/lib/python3.8/site-packages'
[3.597s] Level 1:colcon.colcon_core.shell:create_environment_hook('launch_diablo', 'pythonpath')
[3.597s] INFO:colcon.colcon_core.shell:Creating environment hook '/home/y/SA_CAO/install/launch_diablo/share/launch_diablo/hook/pythonpath.ps1'
[3.598s] INFO:colcon.colcon_core.shell:Creating environment descriptor '/home/y/SA_CAO/install/launch_diablo/share/launch_diablo/hook/pythonpath.dsv'
[3.599s] INFO:colcon.colcon_core.shell:Creating environment hook '/home/y/SA_CAO/install/launch_diablo/share/launch_diablo/hook/pythonpath.sh'
[3.600s] Level 1:colcon.colcon_core.environment:checking '/home/y/SA_CAO/install/launch_diablo/bin'
[3.600s] Level 1:colcon.colcon_core.environment:create_environment_scripts_only(launch_diablo)
[3.601s] INFO:colcon.colcon_core.shell:Creating package script '/home/y/SA_CAO/install/launch_diablo/share/launch_diablo/package.ps1'
[3.602s] INFO:colcon.colcon_core.shell:Creating package descriptor '/home/y/SA_CAO/install/launch_diablo/share/launch_diablo/package.dsv'
[3.603s] INFO:colcon.colcon_core.shell:Creating package script '/home/y/SA_CAO/install/launch_diablo/share/launch_diablo/package.sh'
[3.604s] INFO:colcon.colcon_core.shell:Creating package script '/home/y/SA_CAO/install/launch_diablo/share/launch_diablo/package.bash'
[3.605s] INFO:colcon.colcon_core.shell:Creating package script '/home/y/SA_CAO/install/launch_diablo/share/launch_diablo/package.zsh'
[3.606s] Level 1:colcon.colcon_core.environment:create_file_with_runtime_dependencies(/home/y/SA_CAO/install/launch_diablo/share/colcon-core/packages/launch_diablo)
[5.655s] DEBUG:colcon.colcon_core.event_handler.log_command:Invoked command in '/home/y/SA_CAO/build/motion_msgs' returned '0': CMAKE_PREFIX_PATH=/opt/ros/foxy:${CMAKE_PREFIX_PATH} /usr/bin/cmake /home/y/SA_CAO/src/motion_msgs -DCMAKE_INSTALL_PREFIX=/home/y/SA_CAO/install/motion_msgs
[5.672s] DEBUG:colcon.colcon_core.event_handler.log_command:Invoking command in '/home/y/SA_CAO/build/motion_msgs': CMAKE_PREFIX_PATH=/opt/ros/foxy:${CMAKE_PREFIX_PATH} /usr/bin/cmake --build /home/y/SA_CAO/build/motion_msgs -- -j4 -l4
[18.671s] DEBUG:colcon.colcon_core.event_handler.log_command:Invoked command in '/home/y/SA_CAO/build/motion_msgs' returned '0': CMAKE_PREFIX_PATH=/opt/ros/foxy:${CMAKE_PREFIX_PATH} /usr/bin/cmake --build /home/y/SA_CAO/build/motion_msgs -- -j4 -l4
[18.724s] DEBUG:colcon.colcon_core.event_handler.log_command:Invoking command in '/home/y/SA_CAO/build/motion_msgs': CMAKE_PREFIX_PATH=/opt/ros/foxy:${CMAKE_PREFIX_PATH} /usr/bin/cmake --install /home/y/SA_CAO/build/motion_msgs
[18.979s] Level 1:colcon.colcon_core.environment:create_environment_scripts_only(motion_msgs)
[18.981s] Level 1:colcon.colcon_core.environment:checking '/home/y/SA_CAO/install/motion_msgs' for CMake module files
[18.984s] DEBUG:colcon.colcon_core.event_handler.log_command:Invoked command in '/home/y/SA_CAO/build/motion_msgs' returned '0': CMAKE_PREFIX_PATH=/opt/ros/foxy:${CMAKE_PREFIX_PATH} /usr/bin/cmake --install /home/y/SA_CAO/build/motion_msgs
[18.985s] Level 1:colcon.colcon_core.environment:checking '/home/y/SA_CAO/install/motion_msgs' for CMake config files
[18.986s] Level 1:colcon.colcon_core.shell:create_environment_hook('motion_msgs', 'cmake_prefix_path')
[18.987s] INFO:colcon.colcon_core.shell:Creating environment hook '/home/y/SA_CAO/install/motion_msgs/share/motion_msgs/hook/cmake_prefix_path.ps1'
[18.989s] INFO:colcon.colcon_core.shell:Creating environment descriptor '/home/y/SA_CAO/install/motion_msgs/share/motion_msgs/hook/cmake_prefix_path.dsv'
[18.994s] INFO:colcon.colcon_core.shell:Creating environment hook '/home/y/SA_CAO/install/motion_msgs/share/motion_msgs/hook/cmake_prefix_path.sh'
[18.996s] Level 1:colcon.colcon_core.environment:checking '/home/y/SA_CAO/install/motion_msgs/lib'
[18.996s] Level 1:colcon.colcon_core.shell:create_environment_hook('motion_msgs', 'ld_library_path_lib')
[18.996s] INFO:colcon.colcon_core.shell:Creating environment hook '/home/y/SA_CAO/install/motion_msgs/share/motion_msgs/hook/ld_library_path_lib.ps1'
[18.997s] INFO:colcon.colcon_core.shell:Creating environment descriptor '/home/y/SA_CAO/install/motion_msgs/share/motion_msgs/hook/ld_library_path_lib.dsv'
[18.997s] INFO:colcon.colcon_core.shell:Creating environment hook '/home/y/SA_CAO/install/motion_msgs/share/motion_msgs/hook/ld_library_path_lib.sh'
[18.999s] Level 1:colcon.colcon_core.environment:checking '/home/y/SA_CAO/install/motion_msgs/bin'
[18.999s] Level 1:colcon.colcon_core.environment:checking '/home/y/SA_CAO/install/motion_msgs/lib/pkgconfig/motion_msgs.pc'
[19.000s] Level 1:colcon.colcon_core.environment:checking '/home/y/SA_CAO/install/motion_msgs/lib/python3.8/site-packages'
[19.000s] Level 1:colcon.colcon_core.shell:create_environment_hook('motion_msgs', 'pythonpath')
[19.000s] INFO:colcon.colcon_core.shell:Creating environment hook '/home/y/SA_CAO/install/motion_msgs/share/motion_msgs/hook/pythonpath.ps1'
[19.001s] INFO:colcon.colcon_core.shell:Creating environment descriptor '/home/y/SA_CAO/install/motion_msgs/share/motion_msgs/hook/pythonpath.dsv'
[19.002s] INFO:colcon.colcon_core.shell:Creating environment hook '/home/y/SA_CAO/install/motion_msgs/share/motion_msgs/hook/pythonpath.sh'
[19.002s] Level 1:colcon.colcon_core.environment:checking '/home/y/SA_CAO/install/motion_msgs/bin'
[19.003s] INFO:colcon.colcon_core.shell:Creating package script '/home/y/SA_CAO/install/motion_msgs/share/motion_msgs/package.ps1'
[19.004s] INFO:colcon.colcon_core.shell:Creating package descriptor '/home/y/SA_CAO/install/motion_msgs/share/motion_msgs/package.dsv'
[19.005s] INFO:colcon.colcon_core.shell:Creating package script '/home/y/SA_CAO/install/motion_msgs/share/motion_msgs/package.sh'
[19.006s] INFO:colcon.colcon_core.shell:Creating package script '/home/y/SA_CAO/install/motion_msgs/share/motion_msgs/package.bash'
[19.007s] INFO:colcon.colcon_core.shell:Creating package script '/home/y/SA_CAO/install/motion_msgs/share/motion_msgs/package.zsh'
[19.008s] Level 1:colcon.colcon_core.environment:create_file_with_runtime_dependencies(/home/y/SA_CAO/install/motion_msgs/share/colcon-core/packages/motion_msgs)
[19.010s] Level 1:colcon.colcon_core.environment:create_environment_scripts_only(motion_msgs)
[19.010s] Level 1:colcon.colcon_core.environment:checking '/home/y/SA_CAO/install/motion_msgs' for CMake module files
[19.012s] Level 1:colcon.colcon_core.environment:checking '/home/y/SA_CAO/install/motion_msgs' for CMake config files
[19.014s] Level 1:colcon.colcon_core.shell:create_environment_hook('motion_msgs', 'cmake_prefix_path')
[19.015s] INFO:colcon.colcon_core.shell:Creating environment hook '/home/y/SA_CAO/install/motion_msgs/share/motion_msgs/hook/cmake_prefix_path.ps1'
[19.016s] INFO:colcon.colcon_core.shell:Creating environment descriptor '/home/y/SA_CAO/install/motion_msgs/share/motion_msgs/hook/cmake_prefix_path.dsv'
[19.018s] INFO:colcon.colcon_core.shell:Creating environment hook '/home/y/SA_CAO/install/motion_msgs/share/motion_msgs/hook/cmake_prefix_path.sh'
[19.020s] Level 1:colcon.colcon_core.environment:checking '/home/y/SA_CAO/install/motion_msgs/lib'
[19.021s] Level 1:colcon.colcon_core.shell:create_environment_hook('motion_msgs', 'ld_library_path_lib')
[19.021s] INFO:colcon.colcon_core.shell:Creating environment hook '/home/y/SA_CAO/install/motion_msgs/share/motion_msgs/hook/ld_library_path_lib.ps1'
[19.023s] INFO:colcon.colcon_core.shell:Creating environment descriptor '/home/y/SA_CAO/install/motion_msgs/share/motion_msgs/hook/ld_library_path_lib.dsv'
[19.024s] INFO:colcon.colcon_core.shell:Creating environment hook '/home/y/SA_CAO/install/motion_msgs/share/motion_msgs/hook/ld_library_path_lib.sh'
[19.025s] Level 1:colcon.colcon_core.environment:checking '/home/y/SA_CAO/install/motion_msgs/bin'
[19.025s] Level 1:colcon.colcon_core.environment:checking '/home/y/SA_CAO/install/motion_msgs/lib/pkgconfig/motion_msgs.pc'
[19.026s] Level 1:colcon.colcon_core.environment:checking '/home/y/SA_CAO/install/motion_msgs/lib/python3.8/site-packages'
[19.026s] Level 1:colcon.colcon_core.shell:create_environment_hook('motion_msgs', 'pythonpath')
[19.027s] INFO:colcon.colcon_core.shell:Creating environment hook '/home/y/SA_CAO/install/motion_msgs/share/motion_msgs/hook/pythonpath.ps1'
[19.028s] INFO:colcon.colcon_core.shell:Creating environment descriptor '/home/y/SA_CAO/install/motion_msgs/share/motion_msgs/hook/pythonpath.dsv'
[19.028s] INFO:colcon.colcon_core.shell:Creating environment hook '/home/y/SA_CAO/install/motion_msgs/share/motion_msgs/hook/pythonpath.sh'
[19.029s] Level 1:colcon.colcon_core.environment:checking '/home/y/SA_CAO/install/motion_msgs/bin'
[19.030s] INFO:colcon.colcon_core.shell:Creating package script '/home/y/SA_CAO/install/motion_msgs/share/motion_msgs/package.ps1'
[19.031s] INFO:colcon.colcon_core.shell:Creating package descriptor '/home/y/SA_CAO/install/motion_msgs/share/motion_msgs/package.dsv'
[19.032s] INFO:colcon.colcon_core.shell:Creating package script '/home/y/SA_CAO/install/motion_msgs/share/motion_msgs/package.sh'
[19.034s] INFO:colcon.colcon_core.shell:Creating package script '/home/y/SA_CAO/install/motion_msgs/share/motion_msgs/package.bash'
[19.035s] INFO:colcon.colcon_core.shell:Creating package script '/home/y/SA_CAO/install/motion_msgs/share/motion_msgs/package.zsh'
[19.036s] Level 1:colcon.colcon_core.environment:create_file_with_runtime_dependencies(/home/y/SA_CAO/install/motion_msgs/share/colcon-core/packages/motion_msgs)
[19.038s] INFO:colcon.colcon_ros.task.ament_cmake.build:Building ROS package in '/home/y/SA_CAO/src/sub_dwa' with build type 'ament_cmake'
[19.039s] INFO:colcon.colcon_cmake.task.cmake.build:Building CMake package in '/home/y/SA_CAO/src/sub_dwa'
[19.040s] INFO:colcon.colcon_core.shell:Skip shell extension 'powershell' for command environment: Not usable outside of PowerShell
[19.040s] DEBUG:colcon.colcon_core.shell:Skip shell extension 'dsv' for command environment
[19.109s] DEBUG:colcon.colcon_core.event_handler.log_command:Invoking command in '/home/y/SA_CAO/build/sub_dwa': AMENT_PREFIX_PATH=/home/y/SA_CAO/install/motion_msgs:${AMENT_PREFIX_PATH} CMAKE_PREFIX_PATH=/home/y/SA_CAO/install/motion_msgs:/opt/ros/foxy:${CMAKE_PREFIX_PATH} LD_LIBRARY_PATH=/home/y/SA_CAO/install/motion_msgs/lib:${LD_LIBRARY_PATH} PYTHONPATH=/home/y/SA_CAO/install/motion_msgs/lib/python3.8/site-packages:${PYTHONPATH} /usr/bin/cmake /home/y/SA_CAO/src/sub_dwa -DCMAKE_INSTALL_PREFIX=/home/y/SA_CAO/install/sub_dwa
[21.981s] DEBUG:colcon.colcon_core.event_handler.log_command:Invoked command in '/home/y/SA_CAO/build/sub_dwa' returned '0': AMENT_PREFIX_PATH=/home/y/SA_CAO/install/motion_msgs:${AMENT_PREFIX_PATH} CMAKE_PREFIX_PATH=/home/y/SA_CAO/install/motion_msgs:/opt/ros/foxy:${CMAKE_PREFIX_PATH} LD_LIBRARY_PATH=/home/y/SA_CAO/install/motion_msgs/lib:${LD_LIBRARY_PATH} PYTHONPATH=/home/y/SA_CAO/install/motion_msgs/lib/python3.8/site-packages:${PYTHONPATH} /usr/bin/cmake /home/y/SA_CAO/src/sub_dwa -DCMAKE_INSTALL_PREFIX=/home/y/SA_CAO/install/sub_dwa
[21.984s] DEBUG:colcon.colcon_core.event_handler.log_command:Invoking command in '/home/y/SA_CAO/build/sub_dwa': AMENT_PREFIX_PATH=/home/y/SA_CAO/install/motion_msgs:${AMENT_PREFIX_PATH} CMAKE_PREFIX_PATH=/home/y/SA_CAO/install/motion_msgs:/opt/ros/foxy:${CMAKE_PREFIX_PATH} LD_LIBRARY_PATH=/home/y/SA_CAO/install/motion_msgs/lib:${LD_LIBRARY_PATH} PYTHONPATH=/home/y/SA_CAO/install/motion_msgs/lib/python3.8/site-packages:${PYTHONPATH} /usr/bin/cmake --build /home/y/SA_CAO/build/sub_dwa -- -j4 -l4
[41.311s] DEBUG:colcon.colcon_core.event_handler.log_command:Invoked command in '/home/y/SA_CAO/build/sub_dwa' returned '0': AMENT_PREFIX_PATH=/home/y/SA_CAO/install/motion_msgs:${AMENT_PREFIX_PATH} CMAKE_PREFIX_PATH=/home/y/SA_CAO/install/motion_msgs:/opt/ros/foxy:${CMAKE_PREFIX_PATH} LD_LIBRARY_PATH=/home/y/SA_CAO/install/motion_msgs/lib:${LD_LIBRARY_PATH} PYTHONPATH=/home/y/SA_CAO/install/motion_msgs/lib/python3.8/site-packages:${PYTHONPATH} /usr/bin/cmake --build /home/y/SA_CAO/build/sub_dwa -- -j4 -l4
[41.326s] DEBUG:colcon.colcon_core.event_handler.log_command:Invoking command in '/home/y/SA_CAO/build/sub_dwa': AMENT_PREFIX_PATH=/home/y/SA_CAO/install/motion_msgs:${AMENT_PREFIX_PATH} CMAKE_PREFIX_PATH=/home/y/SA_CAO/install/motion_msgs:/opt/ros/foxy:${CMAKE_PREFIX_PATH} LD_LIBRARY_PATH=/home/y/SA_CAO/install/motion_msgs/lib:${LD_LIBRARY_PATH} PYTHONPATH=/home/y/SA_CAO/install/motion_msgs/lib/python3.8/site-packages:${PYTHONPATH} /usr/bin/cmake --install /home/y/SA_CAO/build/sub_dwa
[41.373s] Level 1:colcon.colcon_core.environment:create_environment_scripts_only(sub_dwa)
[41.376s] Level 1:colcon.colcon_core.environment:checking '/home/y/SA_CAO/install/sub_dwa' for CMake module files
[41.378s] DEBUG:colcon.colcon_core.event_handler.log_command:Invoked command in '/home/y/SA_CAO/build/sub_dwa' returned '0': AMENT_PREFIX_PATH=/home/y/SA_CAO/install/motion_msgs:${AMENT_PREFIX_PATH} CMAKE_PREFIX_PATH=/home/y/SA_CAO/install/motion_msgs:/opt/ros/foxy:${CMAKE_PREFIX_PATH} LD_LIBRARY_PATH=/home/y/SA_CAO/install/motion_msgs/lib:${LD_LIBRARY_PATH} PYTHONPATH=/home/y/SA_CAO/install/motion_msgs/lib/python3.8/site-packages:${PYTHONPATH} /usr/bin/cmake --install /home/y/SA_CAO/build/sub_dwa
[41.379s] Level 1:colcon.colcon_core.environment:checking '/home/y/SA_CAO/install/sub_dwa' for CMake config files
[41.380s] Level 1:colcon.colcon_core.shell:create_environment_hook('sub_dwa', 'cmake_prefix_path')
[41.381s] INFO:colcon.colcon_core.shell:Creating environment hook '/home/y/SA_CAO/install/sub_dwa/share/sub_dwa/hook/cmake_prefix_path.ps1'
[41.390s] INFO:colcon.colcon_core.shell:Creating environment descriptor '/home/y/SA_CAO/install/sub_dwa/share/sub_dwa/hook/cmake_prefix_path.dsv'
[41.391s] INFO:colcon.colcon_core.shell:Creating environment hook '/home/y/SA_CAO/install/sub_dwa/share/sub_dwa/hook/cmake_prefix_path.sh'
[41.393s] Level 1:colcon.colcon_core.environment:checking '/home/y/SA_CAO/install/sub_dwa/lib'
[41.393s] Level 1:colcon.colcon_core.environment:checking '/home/y/SA_CAO/install/sub_dwa/bin'
[41.394s] Level 1:colcon.colcon_core.environment:checking '/home/y/SA_CAO/install/sub_dwa/lib/pkgconfig/sub_dwa.pc'
[41.395s] Level 1:colcon.colcon_core.environment:checking '/home/y/SA_CAO/install/sub_dwa/lib/python3.8/site-packages'
[41.395s] Level 1:colcon.colcon_core.environment:checking '/home/y/SA_CAO/install/sub_dwa/bin'
[41.395s] INFO:colcon.colcon_core.shell:Creating package script '/home/y/SA_CAO/install/sub_dwa/share/sub_dwa/package.ps1'
[41.397s] INFO:colcon.colcon_core.shell:Creating package descriptor '/home/y/SA_CAO/install/sub_dwa/share/sub_dwa/package.dsv'
[41.398s] INFO:colcon.colcon_core.shell:Creating package script '/home/y/SA_CAO/install/sub_dwa/share/sub_dwa/package.sh'
[41.400s] INFO:colcon.colcon_core.shell:Creating package script '/home/y/SA_CAO/install/sub_dwa/share/sub_dwa/package.bash'
[41.402s] INFO:colcon.colcon_core.shell:Creating package script '/home/y/SA_CAO/install/sub_dwa/share/sub_dwa/package.zsh'
[41.403s] Level 1:colcon.colcon_core.environment:create_file_with_runtime_dependencies(/home/y/SA_CAO/install/sub_dwa/share/colcon-core/packages/sub_dwa)
[41.405s] Level 1:colcon.colcon_core.environment:create_environment_scripts_only(sub_dwa)
[41.405s] Level 1:colcon.colcon_core.environment:checking '/home/y/SA_CAO/install/sub_dwa' for CMake module files
[41.406s] Level 1:colcon.colcon_core.environment:checking '/home/y/SA_CAO/install/sub_dwa' for CMake config files
[41.407s] Level 1:colcon.colcon_core.shell:create_environment_hook('sub_dwa', 'cmake_prefix_path')
[41.407s] INFO:colcon.colcon_core.shell:Creating environment hook '/home/y/SA_CAO/install/sub_dwa/share/sub_dwa/hook/cmake_prefix_path.ps1'
[41.408s] INFO:colcon.colcon_core.shell:Creating environment descriptor '/home/y/SA_CAO/install/sub_dwa/share/sub_dwa/hook/cmake_prefix_path.dsv'
[41.409s] INFO:colcon.colcon_core.shell:Creating environment hook '/home/y/SA_CAO/install/sub_dwa/share/sub_dwa/hook/cmake_prefix_path.sh'
[41.410s] Level 1:colcon.colcon_core.environment:checking '/home/y/SA_CAO/install/sub_dwa/lib'
[41.410s] Level 1:colcon.colcon_core.environment:checking '/home/y/SA_CAO/install/sub_dwa/bin'
[41.410s] Level 1:colcon.colcon_core.environment:checking '/home/y/SA_CAO/install/sub_dwa/lib/pkgconfig/sub_dwa.pc'
[41.411s] Level 1:colcon.colcon_core.environment:checking '/home/y/SA_CAO/install/sub_dwa/lib/python3.8/site-packages'
[41.411s] Level 1:colcon.colcon_core.environment:checking '/home/y/SA_CAO/install/sub_dwa/bin'
[41.411s] INFO:colcon.colcon_core.shell:Creating package script '/home/y/SA_CAO/install/sub_dwa/share/sub_dwa/package.ps1'
[41.412s] INFO:colcon.colcon_core.shell:Creating package descriptor '/home/y/SA_CAO/install/sub_dwa/share/sub_dwa/package.dsv'
[41.413s] INFO:colcon.colcon_core.shell:Creating package script '/home/y/SA_CAO/install/sub_dwa/share/sub_dwa/package.sh'
[41.414s] INFO:colcon.colcon_core.shell:Creating package script '/home/y/SA_CAO/install/sub_dwa/share/sub_dwa/package.bash'
[41.415s] INFO:colcon.colcon_core.shell:Creating package script '/home/y/SA_CAO/install/sub_dwa/share/sub_dwa/package.zsh'
[41.416s] Level 1:colcon.colcon_core.environment:create_file_with_runtime_dependencies(/home/y/SA_CAO/install/sub_dwa/share/colcon-core/packages/sub_dwa)
[41.417s] DEBUG:colcon.colcon_parallel_executor.executor.parallel:closing loop
[41.420s] DEBUG:colcon.colcon_parallel_executor.executor.parallel:loop closed
[41.420s] DEBUG:colcon.colcon_parallel_executor.executor.parallel:run_until_complete finished with '0'
[41.420s] DEBUG:colcon.colcon_core.event_reactor:joining thread
[41.437s] INFO:colcon.colcon_core.plugin_system:Skipping extension 'colcon_notification.desktop_notification.terminal_notifier': Not used on non-Darwin systems
[41.437s] INFO:colcon.colcon_core.plugin_system:Skipping extension 'colcon_notification.desktop_notification.win32': Not used on non-Windows systems
[41.438s] INFO:colcon.colcon_notification.desktop_notification:Sending desktop notification using 'notify2'
[41.486s] DEBUG:colcon.colcon_core.event_reactor:joined thread
[41.487s] INFO:colcon.colcon_core.shell:Creating prefix script '/home/y/SA_CAO/install/local_setup.ps1'
[41.488s] INFO:colcon.colcon_core.shell:Creating prefix util module '/home/y/SA_CAO/install/_local_setup_util_ps1.py'
[41.491s] INFO:colcon.colcon_core.shell:Creating prefix chain script '/home/y/SA_CAO/install/setup.ps1'
[41.494s] INFO:colcon.colcon_core.shell:Creating prefix script '/home/y/SA_CAO/install/local_setup.sh'
[41.495s] INFO:colcon.colcon_core.shell:Creating prefix util module '/home/y/SA_CAO/install/_local_setup_util_sh.py'
[41.496s] INFO:colcon.colcon_core.shell:Creating prefix chain script '/home/y/SA_CAO/install/setup.sh'
[41.499s] INFO:colcon.colcon_core.shell:Creating prefix script '/home/y/SA_CAO/install/local_setup.bash'
[41.499s] INFO:colcon.colcon_core.shell:Creating prefix chain script '/home/y/SA_CAO/install/setup.bash'
[41.501s] INFO:colcon.colcon_core.shell:Creating prefix script '/home/y/SA_CAO/install/local_setup.zsh'
[41.502s] INFO:colcon.colcon_core.shell:Creating prefix chain script '/home/y/SA_CAO/install/setup.zsh'
