[0.490s] Invoking command in '/home/momo/ultrasound_package': PYTHONPATH=/home/momo/ultrasound_package/build/ultrasound_package/prefix_override:/usr/lib/python3/dist-packages/colcon_core/task/python/colcon_distutils_commands:/home/momo/ultrasound_package/install/ultrasound_package/lib/python3.8/site-packages:${PYTHONPATH} /usr/bin/python3 -W ignore:setup.py install is deprecated -W ignore:easy_install command is deprecated setup.py egg_info --egg-base build/ultrasound_package build --build-base /home/momo/ultrasound_package/build/ultrasound_package/build install --record /home/momo/ultrasound_package/build/ultrasound_package/install.log --install-scripts $base/lib/ultrasound_package --single-version-externally-managed install_data
[0.606s] running egg_info
[0.607s] creating build/ultrasound_package/ultrasound_package.egg-info
[0.607s] writing build/ultrasound_package/ultrasound_package.egg-info/PKG-INFO
[0.607s] writing dependency_links to build/ultrasound_package/ultrasound_package.egg-info/dependency_links.txt
[0.607s] writing entry points to build/ultrasound_package/ultrasound_package.egg-info/entry_points.txt
[0.607s] writing requirements to build/ultrasound_package/ultrasound_package.egg-info/requires.txt
[0.607s] writing top-level names to build/ultrasound_package/ultrasound_package.egg-info/top_level.txt
[0.614s] writing manifest file 'build/ultrasound_package/ultrasound_package.egg-info/SOURCES.txt'
[0.630s] reading manifest file 'build/ultrasound_package/ultrasound_package.egg-info/SOURCES.txt'
[0.631s] writing manifest file 'build/ultrasound_package/ultrasound_package.egg-info/SOURCES.txt'
[0.631s] running build
[0.631s] running build_py
[0.631s] creating /home/momo/ultrasound_package/build/ultrasound_package/build
[0.631s] creating /home/momo/ultrasound_package/build/ultrasound_package/build/lib
[0.631s] creating /home/momo/ultrasound_package/build/ultrasound_package/build/lib/ultrasound_package
[0.631s] copying ultrasound_package/ultrasonic_range_publisher.py -> /home/momo/ultrasound_package/build/ultrasound_package/build/lib/ultrasound_package
[0.631s] copying ultrasound_package/__init__.py -> /home/momo/ultrasound_package/build/ultrasound_package/build/lib/ultrasound_package
[0.632s] running install
[0.632s] running install_lib
[0.632s] creating /home/momo/ultrasound_package/install/ultrasound_package/lib/python3.8/site-packages/ultrasound_package
[0.632s] copying /home/momo/ultrasound_package/build/ultrasound_package/build/lib/ultrasound_package/ultrasonic_range_publisher.py -> /home/momo/ultrasound_package/install/ultrasound_package/lib/python3.8/site-packages/ultrasound_package
[0.632s] copying /home/momo/ultrasound_package/build/ultrasound_package/build/lib/ultrasound_package/__init__.py -> /home/momo/ultrasound_package/install/ultrasound_package/lib/python3.8/site-packages/ultrasound_package
[0.632s] byte-compiling /home/momo/ultrasound_package/install/ultrasound_package/lib/python3.8/site-packages/ultrasound_package/ultrasonic_range_publisher.py to ultrasonic_range_publisher.cpython-38.pyc
[0.633s] byte-compiling /home/momo/ultrasound_package/install/ultrasound_package/lib/python3.8/site-packages/ultrasound_package/__init__.py to __init__.cpython-38.pyc
[0.633s] running install_data
[0.633s] creating /home/momo/ultrasound_package/install/ultrasound_package/share/ament_index
[0.633s] creating /home/momo/ultrasound_package/install/ultrasound_package/share/ament_index/resource_index
[0.633s] creating /home/momo/ultrasound_package/install/ultrasound_package/share/ament_index/resource_index/packages
[0.634s] copying resource/ultrasound_package -> /home/momo/ultrasound_package/install/ultrasound_package/share/ament_index/resource_index/packages
[0.634s] copying package.xml -> /home/momo/ultrasound_package/install/ultrasound_package/share/ultrasound_package
[0.634s] running install_egg_info
[0.634s] Copying build/ultrasound_package/ultrasound_package.egg-info to /home/momo/ultrasound_package/install/ultrasound_package/lib/python3.8/site-packages/ultrasound_package-0.0.0-py3.8.egg-info
[0.635s] running install_scripts
[0.648s] Installing ultrasonic_range_publisher script to /home/momo/ultrasound_package/install/ultrasound_package/lib/ultrasound_package
[0.648s] writing list of installed files to '/home/momo/ultrasound_package/build/ultrasound_package/install.log'
[0.666s] Invoked command in '/home/momo/ultrasound_package' returned '0': PYTHONPATH=/home/momo/ultrasound_package/build/ultrasound_package/prefix_override:/usr/lib/python3/dist-packages/colcon_core/task/python/colcon_distutils_commands:/home/momo/ultrasound_package/install/ultrasound_package/lib/python3.8/site-packages:${PYTHONPATH} /usr/bin/python3 -W ignore:setup.py install is deprecated -W ignore:easy_install command is deprecated setup.py egg_info --egg-base build/ultrasound_package build --build-base /home/momo/ultrasound_package/build/ultrasound_package/build install --record /home/momo/ultrasound_package/build/ultrasound_package/install.log --install-scripts $base/lib/ultrasound_package --single-version-externally-managed install_data
