[1.467s] Invoking command in '/home/y/SA_CAO_test_ws/src/turtlebot3/turtlebot3/turtlebot3_teleop': PYTHONPATH=/home/y/SA_CAO_test_ws/build/turtlebot3_teleop/prefix_override:/usr/lib/python3/dist-packages/colcon_core/task/python/colcon_distutils_commands:/home/y/SA_CAO_test_ws/install/turtlebot3_teleop/lib/python3.8/site-packages:${PYTHONPATH} /usr/bin/python3 -W ignore:setup.py install is deprecated -W ignore:easy_install command is deprecated setup.py egg_info --egg-base ../../../../build/turtlebot3_teleop build --build-base /home/y/SA_CAO_test_ws/build/turtlebot3_teleop/build install --record /home/y/SA_CAO_test_ws/build/turtlebot3_teleop/install.log --single-version-externally-managed install_data
[1.993s] running egg_info
[1.995s] creating ../../../../build/turtlebot3_teleop/turtlebot3_teleop.egg-info
[1.996s] writing ../../../../build/turtlebot3_teleop/turtlebot3_teleop.egg-info/PKG-INFO
[1.997s] writing dependency_links to ../../../../build/turtlebot3_teleop/turtlebot3_teleop.egg-info/dependency_links.txt
[1.998s] writing entry points to ../../../../build/turtlebot3_teleop/turtlebot3_teleop.egg-info/entry_points.txt
[2.000s] writing requirements to ../../../../build/turtlebot3_teleop/turtlebot3_teleop.egg-info/requires.txt
[2.001s] writing top-level names to ../../../../build/turtlebot3_teleop/turtlebot3_teleop.egg-info/top_level.txt
[2.004s] writing manifest file '../../../../build/turtlebot3_teleop/turtlebot3_teleop.egg-info/SOURCES.txt'
[2.053s] reading manifest file '../../../../build/turtlebot3_teleop/turtlebot3_teleop.egg-info/SOURCES.txt'
[2.055s] writing manifest file '../../../../build/turtlebot3_teleop/turtlebot3_teleop.egg-info/SOURCES.txt'
[2.057s] running build
[2.057s] running build_py
[2.058s] creating /home/y/SA_CAO_test_ws/build/turtlebot3_teleop/build
[2.059s] creating /home/y/SA_CAO_test_ws/build/turtlebot3_teleop/build/lib
[2.060s] creating /home/y/SA_CAO_test_ws/build/turtlebot3_teleop/build/lib/turtlebot3_teleop
[2.060s] copying turtlebot3_teleop/__init__.py -> /home/y/SA_CAO_test_ws/build/turtlebot3_teleop/build/lib/turtlebot3_teleop
[2.061s] creating /home/y/SA_CAO_test_ws/build/turtlebot3_teleop/build/lib/turtlebot3_teleop/script
[2.062s] copying turtlebot3_teleop/script/__init__.py -> /home/y/SA_CAO_test_ws/build/turtlebot3_teleop/build/lib/turtlebot3_teleop/script
[2.063s] copying turtlebot3_teleop/script/teleop_keyboard.py -> /home/y/SA_CAO_test_ws/build/turtlebot3_teleop/build/lib/turtlebot3_teleop/script
[2.064s] running install
[2.066s] running install_lib
[2.068s] creating /home/y/SA_CAO_test_ws/install/turtlebot3_teleop/lib/python3.8/site-packages/turtlebot3_teleop
[2.069s] copying /home/y/SA_CAO_test_ws/build/turtlebot3_teleop/build/lib/turtlebot3_teleop/__init__.py -> /home/y/SA_CAO_test_ws/install/turtlebot3_teleop/lib/python3.8/site-packages/turtlebot3_teleop
[2.070s] creating /home/y/SA_CAO_test_ws/install/turtlebot3_teleop/lib/python3.8/site-packages/turtlebot3_teleop/script
[2.070s] copying /home/y/SA_CAO_test_ws/build/turtlebot3_teleop/build/lib/turtlebot3_teleop/script/__init__.py -> /home/y/SA_CAO_test_ws/install/turtlebot3_teleop/lib/python3.8/site-packages/turtlebot3_teleop/script
[2.071s] copying /home/y/SA_CAO_test_ws/build/turtlebot3_teleop/build/lib/turtlebot3_teleop/script/teleop_keyboard.py -> /home/y/SA_CAO_test_ws/install/turtlebot3_teleop/lib/python3.8/site-packages/turtlebot3_teleop/script
[2.073s] byte-compiling /home/y/SA_CAO_test_ws/install/turtlebot3_teleop/lib/python3.8/site-packages/turtlebot3_teleop/__init__.py to __init__.cpython-38.pyc
[2.075s] byte-compiling /home/y/SA_CAO_test_ws/install/turtlebot3_teleop/lib/python3.8/site-packages/turtlebot3_teleop/script/__init__.py to __init__.cpython-38.pyc
[2.076s] byte-compiling /home/y/SA_CAO_test_ws/install/turtlebot3_teleop/lib/python3.8/site-packages/turtlebot3_teleop/script/teleop_keyboard.py to teleop_keyboard.cpython-38.pyc
[2.078s] running install_data
[2.079s] creating /home/y/SA_CAO_test_ws/install/turtlebot3_teleop/share/ament_index
[2.080s] creating /home/y/SA_CAO_test_ws/install/turtlebot3_teleop/share/ament_index/resource_index
[2.080s] creating /home/y/SA_CAO_test_ws/install/turtlebot3_teleop/share/ament_index/resource_index/packages
[2.081s] copying resource/turtlebot3_teleop -> /home/y/SA_CAO_test_ws/install/turtlebot3_teleop/share/ament_index/resource_index/packages
[2.082s] copying package.xml -> /home/y/SA_CAO_test_ws/install/turtlebot3_teleop/share/turtlebot3_teleop
[2.083s] running install_egg_info
[2.085s] Copying ../../../../build/turtlebot3_teleop/turtlebot3_teleop.egg-info to /home/y/SA_CAO_test_ws/install/turtlebot3_teleop/lib/python3.8/site-packages/turtlebot3_teleop-2.1.4-py3.8.egg-info
[2.089s] running install_scripts
[2.124s] Installing teleop_keyboard script to /home/y/SA_CAO_test_ws/install/turtlebot3_teleop/lib/turtlebot3_teleop
[2.126s] writing list of installed files to '/home/y/SA_CAO_test_ws/build/turtlebot3_teleop/install.log'
[2.170s] Invoked command in '/home/y/SA_CAO_test_ws/src/turtlebot3/turtlebot3/turtlebot3_teleop' returned '0': PYTHONPATH=/home/y/SA_CAO_test_ws/build/turtlebot3_teleop/prefix_override:/usr/lib/python3/dist-packages/colcon_core/task/python/colcon_distutils_commands:/home/y/SA_CAO_test_ws/install/turtlebot3_teleop/lib/python3.8/site-packages:${PYTHONPATH} /usr/bin/python3 -W ignore:setup.py install is deprecated -W ignore:easy_install command is deprecated setup.py egg_info --egg-base ../../../../build/turtlebot3_teleop build --build-base /home/y/SA_CAO_test_ws/build/turtlebot3_teleop/build install --record /home/y/SA_CAO_test_ws/build/turtlebot3_teleop/install.log --single-version-externally-managed install_data
