[0.536s] Invoking command in '/home/y/SA_CAO/src/diablo_ros2/diablo_interaction/diablo_teleop': CMAKE_PREFIX_PATH=/home/y/SA_CAO/install/motion_msgs:/home/y/SA_CAO/install/diablo_simpose_trans:/home/y/SA_CAO/install/diablo_ctrl:/home/y/SA_CAO/install/diablo_body:/home/y/SA_CAO/install/diablo_utils:/home/y/SA_CAO/install/diablo_rviz2_control_plugin:/home/y/SA_CAO/install/ception_msgs:/home/y/oradar_ros/install/oradar_lidar LD_LIBRARY_PATH=/home/y/SA_CAO/install/motion_msgs/lib:/home/y/SA_CAO/install/diablo_body/lib:/home/y/SA_CAO/install/diablo_utils/lib:/home/y/SA_CAO/install/diablo_rviz2_control_plugin/lib:/home/y/SA_CAO/install/ception_msgs/lib:/usr/lib/x86_64-linux-gnu/gazebo-11/plugins:/opt/ros/foxy/opt/yaml_cpp_vendor/lib:/opt/ros/foxy/opt/rviz_ogre_vendor/lib:/opt/ros/foxy/lib/x86_64-linux-gnu:/opt/ros/foxy/lib PYTHONPATH=/home/y/SA_CAO/build/diablo_teleop/prefix_override:/usr/lib/python3/dist-packages/colcon_core/task/python/colcon_distutils_commands:/home/y/SA_CAO/install/diablo_teleop/lib/python3.8/site-packages:/home/y/SA_CAO/install/motion_msgs/lib/python3.8/site-packages:/home/y/SA_CAO/install/my_xbox_joystick/lib/python3.8/site-packages:/home/y/SA_CAO/install/diablo_teleop/lib/python3.8/site-packages:/home/y/SA_CAO/install/diablo_simulation/lib/python3.8/site-packages:/home/y/SA_CAO/install/ception_msgs/lib/python3.8/site-packages:/opt/ros/foxy/lib/python3.8/site-packages /usr/bin/python3 -W ignore:setup.py install is deprecated -W ignore:easy_install command is deprecated setup.py egg_info --egg-base ../../../../build/diablo_teleop build --build-base /home/y/SA_CAO/build/diablo_teleop/build install --record /home/y/SA_CAO/build/diablo_teleop/install.log --single-version-externally-managed install_data
[0.698s] running egg_info
[0.699s] writing ../../../../build/diablo_teleop/diablo_teleop.egg-info/PKG-INFO
[0.699s] writing dependency_links to ../../../../build/diablo_teleop/diablo_teleop.egg-info/dependency_links.txt
[0.699s] writing entry points to ../../../../build/diablo_teleop/diablo_teleop.egg-info/entry_points.txt
[0.700s] writing requirements to ../../../../build/diablo_teleop/diablo_teleop.egg-info/requires.txt
[0.700s] writing top-level names to ../../../../build/diablo_teleop/diablo_teleop.egg-info/top_level.txt
[0.725s] reading manifest file '../../../../build/diablo_teleop/diablo_teleop.egg-info/SOURCES.txt'
[0.726s] writing manifest file '../../../../build/diablo_teleop/diablo_teleop.egg-info/SOURCES.txt'
[0.726s] running build
[0.726s] running build_py
[0.726s] running install
[0.727s] running install_lib
[0.728s] running install_data
[0.728s] running install_egg_info
[0.729s] removing '/home/y/SA_CAO/install/diablo_teleop/lib/python3.8/site-packages/diablo_teleop-1.0.0-py3.8.egg-info' (and everything under it)
[0.730s] Copying ../../../../build/diablo_teleop/diablo_teleop.egg-info to /home/y/SA_CAO/install/diablo_teleop/lib/python3.8/site-packages/diablo_teleop-1.0.0-py3.8.egg-info
[0.730s] running install_scripts
[0.742s] Installing teleop_node script to /home/y/SA_CAO/install/diablo_teleop/lib/diablo_teleop
[0.743s] writing list of installed files to '/home/y/SA_CAO/build/diablo_teleop/install.log'
[0.759s] Invoked command in '/home/y/SA_CAO/src/diablo_ros2/diablo_interaction/diablo_teleop' returned '0': CMAKE_PREFIX_PATH=/home/y/SA_CAO/install/motion_msgs:/home/y/SA_CAO/install/diablo_simpose_trans:/home/y/SA_CAO/install/diablo_ctrl:/home/y/SA_CAO/install/diablo_body:/home/y/SA_CAO/install/diablo_utils:/home/y/SA_CAO/install/diablo_rviz2_control_plugin:/home/y/SA_CAO/install/ception_msgs:/home/y/oradar_ros/install/oradar_lidar LD_LIBRARY_PATH=/home/y/SA_CAO/install/motion_msgs/lib:/home/y/SA_CAO/install/diablo_body/lib:/home/y/SA_CAO/install/diablo_utils/lib:/home/y/SA_CAO/install/diablo_rviz2_control_plugin/lib:/home/y/SA_CAO/install/ception_msgs/lib:/usr/lib/x86_64-linux-gnu/gazebo-11/plugins:/opt/ros/foxy/opt/yaml_cpp_vendor/lib:/opt/ros/foxy/opt/rviz_ogre_vendor/lib:/opt/ros/foxy/lib/x86_64-linux-gnu:/opt/ros/foxy/lib PYTHONPATH=/home/y/SA_CAO/build/diablo_teleop/prefix_override:/usr/lib/python3/dist-packages/colcon_core/task/python/colcon_distutils_commands:/home/y/SA_CAO/install/diablo_teleop/lib/python3.8/site-packages:/home/y/SA_CAO/install/motion_msgs/lib/python3.8/site-packages:/home/y/SA_CAO/install/my_xbox_joystick/lib/python3.8/site-packages:/home/y/SA_CAO/install/diablo_teleop/lib/python3.8/site-packages:/home/y/SA_CAO/install/diablo_simulation/lib/python3.8/site-packages:/home/y/SA_CAO/install/ception_msgs/lib/python3.8/site-packages:/opt/ros/foxy/lib/python3.8/site-packages /usr/bin/python3 -W ignore:setup.py install is deprecated -W ignore:easy_install command is deprecated setup.py egg_info --egg-base ../../../../build/diablo_teleop build --build-base /home/y/SA_CAO/build/diablo_teleop/build install --record /home/y/SA_CAO/build/diablo_teleop/install.log --single-version-externally-managed install_data
