[0.007s] Invoking command in '/home/y/SA_CAO_Simu/SA_CAO/build/turtlebot3_msgs': CMAKE_PREFIX_PATH=${CMAKE_PREFIX_PATH}:/home/y/SA_CAO_Simu/SA_CAO/install/turtlebot3_teleop:/home/y/SA_CAO_Simu/SA_CAO/install/turtlebot3_example:/home/y/SA_CAO_Simu/SA_CAO/install/pure_pursuit:/home/y/SA_CAO_Simu/SA_CAO/install/my_balance_pkg:/home/y/SA_CAO_Simu/SA_CAO/install/launch_diablo:/home/y/SA_CAO_Simu/SA_CAO/install/diablo_simulation:/opt/ros/foxy /usr/bin/cmake --build /home/y/SA_CAO_Simu/SA_CAO/build/turtlebot3_msgs -- -j2 -l2
[0.049s] [ 11%] Built target turtlebot3_msgs__rosidl_generator_c
[0.050s] [ 12%] Built target turtlebot3_msgs__cpp
[0.071s] [ 23%] Built target turtlebot3_msgs__rosidl_typesupport_introspection_c
[0.074s] [ 35%] Built target turtlebot3_msgs__rosidl_typesupport_c
[0.092s] [ 46%] Built target turtlebot3_msgs__rosidl_typesupport_cpp
[0.094s] [ 57%] Built target turtlebot3_msgs__rosidl_typesupport_fastrtps_cpp
[0.111s] [ 69%] Built target turtlebot3_msgs__rosidl_typesupport_introspection_cpp
[0.116s] [ 80%] Built target turtlebot3_msgs__rosidl_typesupport_fastrtps_c
[0.124s] [ 80%] Built target turtlebot3_msgs
[0.135s] [ 81%] Built target turtlebot3_msgs__py
[0.149s] [ 91%] Built target turtlebot3_msgs__python
[0.167s] [ 94%] Built target turtlebot3_msgs__rosidl_typesupport_introspection_c__pyext
[0.171s] [ 97%] Built target turtlebot3_msgs__rosidl_typesupport_fastrtps_c__pyext
[0.182s] [100%] Built target turtlebot3_msgs__rosidl_typesupport_c__pyext
[0.186s] Invoked command in '/home/y/SA_CAO_Simu/SA_CAO/build/turtlebot3_msgs' returned '0': CMAKE_PREFIX_PATH=${CMAKE_PREFIX_PATH}:/home/y/SA_CAO_Simu/SA_CAO/install/turtlebot3_teleop:/home/y/SA_CAO_Simu/SA_CAO/install/turtlebot3_example:/home/y/SA_CAO_Simu/SA_CAO/install/pure_pursuit:/home/y/SA_CAO_Simu/SA_CAO/install/my_balance_pkg:/home/y/SA_CAO_Simu/SA_CAO/install/launch_diablo:/home/y/SA_CAO_Simu/SA_CAO/install/diablo_simulation:/opt/ros/foxy /usr/bin/cmake --build /home/y/SA_CAO_Simu/SA_CAO/build/turtlebot3_msgs -- -j2 -l2
[0.191s] Invoking command in '/home/y/SA_CAO_Simu/SA_CAO/build/turtlebot3_msgs': CMAKE_PREFIX_PATH=${CMAKE_PREFIX_PATH}:/home/y/SA_CAO_Simu/SA_CAO/install/turtlebot3_teleop:/home/y/SA_CAO_Simu/SA_CAO/install/turtlebot3_example:/home/y/SA_CAO_Simu/SA_CAO/install/pure_pursuit:/home/y/SA_CAO_Simu/SA_CAO/install/my_balance_pkg:/home/y/SA_CAO_Simu/SA_CAO/install/launch_diablo:/home/y/SA_CAO_Simu/SA_CAO/install/diablo_simulation:/opt/ros/foxy /usr/bin/cmake --install /home/y/SA_CAO_Simu/SA_CAO/build/turtlebot3_msgs
[0.195s] -- Install configuration: ""
[0.196s] -- Up-to-date: /home/y/SA_CAO_Simu/SA_CAO/install/turtlebot3_msgs/share/ament_index/resource_index/rosidl_interfaces/turtlebot3_msgs
[0.196s] -- Up-to-date: /home/y/SA_CAO_Simu/SA_CAO/install/turtlebot3_msgs/include/turtlebot3_msgs
[0.196s] -- Up-to-date: /home/y/SA_CAO_Simu/SA_CAO/install/turtlebot3_msgs/include/turtlebot3_msgs/msg
[0.196s] -- Up-to-date: /home/y/SA_CAO_Simu/SA_CAO/install/turtlebot3_msgs/include/turtlebot3_msgs/msg/detail
[0.196s] -- Up-to-date: /home/y/SA_CAO_Simu/SA_CAO/install/turtlebot3_msgs/include/turtlebot3_msgs/msg/detail/version_info__functions.c
[0.196s] -- Up-to-date: /home/y/SA_CAO_Simu/SA_CAO/install/turtlebot3_msgs/include/turtlebot3_msgs/msg/detail/sound__functions.h
[0.196s] -- Up-to-date: /home/y/SA_CAO_Simu/SA_CAO/install/turtlebot3_msgs/include/turtlebot3_msgs/msg/detail/sensor_state__struct.h
[0.196s] -- Up-to-date: /home/y/SA_CAO_Simu/SA_CAO/install/turtlebot3_msgs/include/turtlebot3_msgs/msg/detail/version_info__struct.h
[0.196s] -- Up-to-date: /home/y/SA_CAO_Simu/SA_CAO/install/turtlebot3_msgs/include/turtlebot3_msgs/msg/detail/sensor_state__functions.h
[0.196s] -- Up-to-date: /home/y/SA_CAO_Simu/SA_CAO/install/turtlebot3_msgs/include/turtlebot3_msgs/msg/detail/version_info__type_support.h
[0.196s] -- Up-to-date: /home/y/SA_CAO_Simu/SA_CAO/install/turtlebot3_msgs/include/turtlebot3_msgs/msg/detail/sensor_state__functions.c
[0.196s] -- Up-to-date: /home/y/SA_CAO_Simu/SA_CAO/install/turtlebot3_msgs/include/turtlebot3_msgs/msg/detail/sound__functions.c
[0.196s] -- Up-to-date: /home/y/SA_CAO_Simu/SA_CAO/install/turtlebot3_msgs/include/turtlebot3_msgs/msg/detail/sound__type_support.h
[0.196s] -- Up-to-date: /home/y/SA_CAO_Simu/SA_CAO/install/turtlebot3_msgs/include/turtlebot3_msgs/msg/detail/sound__struct.h
[0.196s] -- Up-to-date: /home/y/SA_CAO_Simu/SA_CAO/install/turtlebot3_msgs/include/turtlebot3_msgs/msg/detail/sensor_state__type_support.h
[0.196s] -- Up-to-date: /home/y/SA_CAO_Simu/SA_CAO/install/turtlebot3_msgs/include/turtlebot3_msgs/msg/detail/version_info__functions.h
[0.197s] -- Up-to-date: /home/y/SA_CAO_Simu/SA_CAO/install/turtlebot3_msgs/include/turtlebot3_msgs/msg/rosidl_generator_c__visibility_control.h
[0.197s] -- Up-to-date: /home/y/SA_CAO_Simu/SA_CAO/install/turtlebot3_msgs/include/turtlebot3_msgs/msg/sensor_state.h
[0.197s] -- Up-to-date: /home/y/SA_CAO_Simu/SA_CAO/install/turtlebot3_msgs/include/turtlebot3_msgs/msg/sound.h
[0.197s] -- Up-to-date: /home/y/SA_CAO_Simu/SA_CAO/install/turtlebot3_msgs/include/turtlebot3_msgs/msg/version_info.h
[0.197s] -- Up-to-date: /home/y/SA_CAO_Simu/SA_CAO/install/turtlebot3_msgs/include/turtlebot3_msgs/action
[0.197s] -- Up-to-date: /home/y/SA_CAO_Simu/SA_CAO/install/turtlebot3_msgs/include/turtlebot3_msgs/action/detail
[0.197s] -- Up-to-date: /home/y/SA_CAO_Simu/SA_CAO/install/turtlebot3_msgs/include/turtlebot3_msgs/action/detail/patrol__functions.c
[0.197s] -- Up-to-date: /home/y/SA_CAO_Simu/SA_CAO/install/turtlebot3_msgs/include/turtlebot3_msgs/action/detail/patrol__type_support.h
[0.197s] -- Up-to-date: /home/y/SA_CAO_Simu/SA_CAO/install/turtlebot3_msgs/include/turtlebot3_msgs/action/detail/patrol__functions.h
[0.197s] -- Up-to-date: /home/y/SA_CAO_Simu/SA_CAO/install/turtlebot3_msgs/include/turtlebot3_msgs/action/detail/patrol__struct.h
[0.197s] -- Up-to-date: /home/y/SA_CAO_Simu/SA_CAO/install/turtlebot3_msgs/include/turtlebot3_msgs/action/patrol.h
[0.197s] -- Up-to-date: /home/y/SA_CAO_Simu/SA_CAO/install/turtlebot3_msgs/include/turtlebot3_msgs/srv
[0.197s] -- Up-to-date: /home/y/SA_CAO_Simu/SA_CAO/install/turtlebot3_msgs/include/turtlebot3_msgs/srv/dqn.h
[0.197s] -- Up-to-date: /home/y/SA_CAO_Simu/SA_CAO/install/turtlebot3_msgs/include/turtlebot3_msgs/srv/detail
[0.197s] -- Up-to-date: /home/y/SA_CAO_Simu/SA_CAO/install/turtlebot3_msgs/include/turtlebot3_msgs/srv/detail/dqn__type_support.h
[0.197s] -- Up-to-date: /home/y/SA_CAO_Simu/SA_CAO/install/turtlebot3_msgs/include/turtlebot3_msgs/srv/detail/sound__functions.h
[0.197s] -- Up-to-date: /home/y/SA_CAO_Simu/SA_CAO/install/turtlebot3_msgs/include/turtlebot3_msgs/srv/detail/sound__functions.c
[0.197s] -- Up-to-date: /home/y/SA_CAO_Simu/SA_CAO/install/turtlebot3_msgs/include/turtlebot3_msgs/srv/detail/dqn__struct.h
[0.197s] -- Up-to-date: /home/y/SA_CAO_Simu/SA_CAO/install/turtlebot3_msgs/include/turtlebot3_msgs/srv/detail/sound__type_support.h
[0.197s] -- Up-to-date: /home/y/SA_CAO_Simu/SA_CAO/install/turtlebot3_msgs/include/turtlebot3_msgs/srv/detail/sound__struct.h
[0.197s] -- Up-to-date: /home/y/SA_CAO_Simu/SA_CAO/install/turtlebot3_msgs/include/turtlebot3_msgs/srv/detail/dqn__functions.c
[0.197s] -- Up-to-date: /home/y/SA_CAO_Simu/SA_CAO/install/turtlebot3_msgs/include/turtlebot3_msgs/srv/detail/dqn__functions.h
[0.197s] -- Up-to-date: /home/y/SA_CAO_Simu/SA_CAO/install/turtlebot3_msgs/include/turtlebot3_msgs/srv/sound.h
[0.197s] -- Up-to-date: /home/y/SA_CAO_Simu/SA_CAO/install/turtlebot3_msgs/share/turtlebot3_msgs/environment/library_path.sh
[0.197s] -- Up-to-date: /home/y/SA_CAO_Simu/SA_CAO/install/turtlebot3_msgs/share/turtlebot3_msgs/environment/library_path.dsv
[0.197s] -- Up-to-date: /home/y/SA_CAO_Simu/SA_CAO/install/turtlebot3_msgs/lib/libturtlebot3_msgs__rosidl_generator_c.so
[0.197s] -- Up-to-date: /home/y/SA_CAO_Simu/SA_CAO/install/turtlebot3_msgs/include/turtlebot3_msgs
[0.197s] -- Up-to-date: /home/y/SA_CAO_Simu/SA_CAO/install/turtlebot3_msgs/include/turtlebot3_msgs/msg
[0.198s] -- Up-to-date: /home/y/SA_CAO_Simu/SA_CAO/install/turtlebot3_msgs/include/turtlebot3_msgs/msg/rosidl_typesupport_fastrtps_c__visibility_control.h
[0.198s] -- Up-to-date: /home/y/SA_CAO_Simu/SA_CAO/install/turtlebot3_msgs/include/turtlebot3_msgs/msg/detail
[0.198s] -- Up-to-date: /home/y/SA_CAO_Simu/SA_CAO/install/turtlebot3_msgs/include/turtlebot3_msgs/msg/detail/version_info__rosidl_typesupport_fastrtps_c.h
[0.198s] -- Up-to-date: /home/y/SA_CAO_Simu/SA_CAO/install/turtlebot3_msgs/include/turtlebot3_msgs/msg/detail/sensor_state__rosidl_typesupport_fastrtps_c.h
[0.198s] -- Up-to-date: /home/y/SA_CAO_Simu/SA_CAO/install/turtlebot3_msgs/include/turtlebot3_msgs/msg/detail/sound__rosidl_typesupport_fastrtps_c.h
[0.198s] -- Up-to-date: /home/y/SA_CAO_Simu/SA_CAO/install/turtlebot3_msgs/include/turtlebot3_msgs/action
[0.198s] -- Up-to-date: /home/y/SA_CAO_Simu/SA_CAO/install/turtlebot3_msgs/include/turtlebot3_msgs/action/detail
[0.198s] -- Up-to-date: /home/y/SA_CAO_Simu/SA_CAO/install/turtlebot3_msgs/include/turtlebot3_msgs/action/detail/patrol__rosidl_typesupport_fastrtps_c.h
[0.198s] -- Up-to-date: /home/y/SA_CAO_Simu/SA_CAO/install/turtlebot3_msgs/include/turtlebot3_msgs/srv
[0.198s] -- Up-to-date: /home/y/SA_CAO_Simu/SA_CAO/install/turtlebot3_msgs/include/turtlebot3_msgs/srv/detail
[0.198s] -- Up-to-date: /home/y/SA_CAO_Simu/SA_CAO/install/turtlebot3_msgs/include/turtlebot3_msgs/srv/detail/dqn__rosidl_typesupport_fastrtps_c.h
[0.198s] -- Up-to-date: /home/y/SA_CAO_Simu/SA_CAO/install/turtlebot3_msgs/include/turtlebot3_msgs/srv/detail/sound__rosidl_typesupport_fastrtps_c.h
[0.198s] -- Up-to-date: /home/y/SA_CAO_Simu/SA_CAO/install/turtlebot3_msgs/lib/libturtlebot3_msgs__rosidl_typesupport_fastrtps_c.so
[0.198s] -- Up-to-date: /home/y/SA_CAO_Simu/SA_CAO/install/turtlebot3_msgs/include/turtlebot3_msgs
[0.198s] -- Up-to-date: /home/y/SA_CAO_Simu/SA_CAO/install/turtlebot3_msgs/include/turtlebot3_msgs/msg
[0.198s] -- Up-to-date: /home/y/SA_CAO_Simu/SA_CAO/install/turtlebot3_msgs/include/turtlebot3_msgs/msg/detail
[0.198s] -- Up-to-date: /home/y/SA_CAO_Simu/SA_CAO/install/turtlebot3_msgs/include/turtlebot3_msgs/msg/detail/version_info__rosidl_typesupport_fastrtps_cpp.hpp
[0.198s] -- Up-to-date: /home/y/SA_CAO_Simu/SA_CAO/install/turtlebot3_msgs/include/turtlebot3_msgs/msg/detail/sound__rosidl_typesupport_fastrtps_cpp.hpp
[0.198s] -- Up-to-date: /home/y/SA_CAO_Simu/SA_CAO/install/turtlebot3_msgs/include/turtlebot3_msgs/msg/detail/dds_fastrtps
[0.198s] -- Up-to-date: /home/y/SA_CAO_Simu/SA_CAO/install/turtlebot3_msgs/include/turtlebot3_msgs/msg/detail/sensor_state__rosidl_typesupport_fastrtps_cpp.hpp
[0.198s] -- Up-to-date: /home/y/SA_CAO_Simu/SA_CAO/install/turtlebot3_msgs/include/turtlebot3_msgs/msg/rosidl_typesupport_fastrtps_cpp__visibility_control.h
[0.198s] -- Up-to-date: /home/y/SA_CAO_Simu/SA_CAO/install/turtlebot3_msgs/include/turtlebot3_msgs/action
[0.198s] -- Up-to-date: /home/y/SA_CAO_Simu/SA_CAO/install/turtlebot3_msgs/include/turtlebot3_msgs/action/detail
[0.199s] -- Up-to-date: /home/y/SA_CAO_Simu/SA_CAO/install/turtlebot3_msgs/include/turtlebot3_msgs/action/detail/patrol__rosidl_typesupport_fastrtps_cpp.hpp
[0.199s] -- Up-to-date: /home/y/SA_CAO_Simu/SA_CAO/install/turtlebot3_msgs/include/turtlebot3_msgs/action/detail/dds_fastrtps
[0.199s] -- Up-to-date: /home/y/SA_CAO_Simu/SA_CAO/install/turtlebot3_msgs/include/turtlebot3_msgs/srv
[0.199s] -- Up-to-date: /home/y/SA_CAO_Simu/SA_CAO/install/turtlebot3_msgs/include/turtlebot3_msgs/srv/detail
[0.199s] -- Up-to-date: /home/y/SA_CAO_Simu/SA_CAO/install/turtlebot3_msgs/include/turtlebot3_msgs/srv/detail/dqn__rosidl_typesupport_fastrtps_cpp.hpp
[0.199s] -- Up-to-date: /home/y/SA_CAO_Simu/SA_CAO/install/turtlebot3_msgs/include/turtlebot3_msgs/srv/detail/sound__rosidl_typesupport_fastrtps_cpp.hpp
[0.199s] -- Up-to-date: /home/y/SA_CAO_Simu/SA_CAO/install/turtlebot3_msgs/include/turtlebot3_msgs/srv/detail/dds_fastrtps
[0.199s] -- Up-to-date: /home/y/SA_CAO_Simu/SA_CAO/install/turtlebot3_msgs/lib/libturtlebot3_msgs__rosidl_typesupport_fastrtps_cpp.so
[0.199s] -- Up-to-date: /home/y/SA_CAO_Simu/SA_CAO/install/turtlebot3_msgs/include/turtlebot3_msgs
[0.199s] -- Up-to-date: /home/y/SA_CAO_Simu/SA_CAO/install/turtlebot3_msgs/include/turtlebot3_msgs/msg
[0.199s] -- Up-to-date: /home/y/SA_CAO_Simu/SA_CAO/install/turtlebot3_msgs/include/turtlebot3_msgs/msg/detail
[0.199s] -- Up-to-date: /home/y/SA_CAO_Simu/SA_CAO/install/turtlebot3_msgs/include/turtlebot3_msgs/msg/detail/version_info__type_support.c
[0.199s] -- Up-to-date: /home/y/SA_CAO_Simu/SA_CAO/install/turtlebot3_msgs/include/turtlebot3_msgs/msg/detail/sensor_state__type_support.c
[0.199s] -- Up-to-date: /home/y/SA_CAO_Simu/SA_CAO/install/turtlebot3_msgs/include/turtlebot3_msgs/msg/detail/sound__rosidl_typesupport_introspection_c.h
[0.199s] -- Up-to-date: /home/y/SA_CAO_Simu/SA_CAO/install/turtlebot3_msgs/include/turtlebot3_msgs/msg/detail/sensor_state__rosidl_typesupport_introspection_c.h
[0.199s] -- Up-to-date: /home/y/SA_CAO_Simu/SA_CAO/install/turtlebot3_msgs/include/turtlebot3_msgs/msg/detail/version_info__rosidl_typesupport_introspection_c.h
[0.199s] -- Up-to-date: /home/y/SA_CAO_Simu/SA_CAO/install/turtlebot3_msgs/include/turtlebot3_msgs/msg/detail/sound__type_support.c
[0.199s] -- Up-to-date: /home/y/SA_CAO_Simu/SA_CAO/install/turtlebot3_msgs/include/turtlebot3_msgs/msg/rosidl_typesupport_introspection_c__visibility_control.h
[0.199s] -- Up-to-date: /home/y/SA_CAO_Simu/SA_CAO/install/turtlebot3_msgs/include/turtlebot3_msgs/action
[0.199s] -- Up-to-date: /home/y/SA_CAO_Simu/SA_CAO/install/turtlebot3_msgs/include/turtlebot3_msgs/action/detail
[0.199s] -- Up-to-date: /home/y/SA_CAO_Simu/SA_CAO/install/turtlebot3_msgs/include/turtlebot3_msgs/action/detail/patrol__rosidl_typesupport_introspection_c.h
[0.199s] -- Up-to-date: /home/y/SA_CAO_Simu/SA_CAO/install/turtlebot3_msgs/include/turtlebot3_msgs/action/detail/patrol__type_support.c
[0.200s] -- Up-to-date: /home/y/SA_CAO_Simu/SA_CAO/install/turtlebot3_msgs/include/turtlebot3_msgs/srv
[0.200s] -- Up-to-date: /home/y/SA_CAO_Simu/SA_CAO/install/turtlebot3_msgs/include/turtlebot3_msgs/srv/detail
[0.200s] -- Up-to-date: /home/y/SA_CAO_Simu/SA_CAO/install/turtlebot3_msgs/include/turtlebot3_msgs/srv/detail/dqn__rosidl_typesupport_introspection_c.h
[0.200s] -- Up-to-date: /home/y/SA_CAO_Simu/SA_CAO/install/turtlebot3_msgs/include/turtlebot3_msgs/srv/detail/sound__rosidl_typesupport_introspection_c.h
[0.200s] -- Up-to-date: /home/y/SA_CAO_Simu/SA_CAO/install/turtlebot3_msgs/include/turtlebot3_msgs/srv/detail/dqn__type_support.c
[0.200s] -- Up-to-date: /home/y/SA_CAO_Simu/SA_CAO/install/turtlebot3_msgs/include/turtlebot3_msgs/srv/detail/sound__type_support.c
[0.200s] -- Up-to-date: /home/y/SA_CAO_Simu/SA_CAO/install/turtlebot3_msgs/lib/libturtlebot3_msgs__rosidl_typesupport_introspection_c.so
[0.200s] -- Up-to-date: /home/y/SA_CAO_Simu/SA_CAO/install/turtlebot3_msgs/lib/libturtlebot3_msgs__rosidl_typesupport_c.so
[0.200s] -- Up-to-date: /home/y/SA_CAO_Simu/SA_CAO/install/turtlebot3_msgs/include/turtlebot3_msgs
[0.200s] -- Up-to-date: /home/y/SA_CAO_Simu/SA_CAO/install/turtlebot3_msgs/include/turtlebot3_msgs/msg
[0.200s] -- Up-to-date: /home/y/SA_CAO_Simu/SA_CAO/install/turtlebot3_msgs/include/turtlebot3_msgs/msg/detail
[0.200s] -- Up-to-date: /home/y/SA_CAO_Simu/SA_CAO/install/turtlebot3_msgs/include/turtlebot3_msgs/msg/detail/sensor_state__traits.hpp
[0.200s] -- Up-to-date: /home/y/SA_CAO_Simu/SA_CAO/install/turtlebot3_msgs/include/turtlebot3_msgs/msg/detail/sound__struct.hpp
[0.200s] -- Up-to-date: /home/y/SA_CAO_Simu/SA_CAO/install/turtlebot3_msgs/include/turtlebot3_msgs/msg/detail/version_info__struct.hpp
[0.201s] -- Up-to-date: /home/y/SA_CAO_Simu/SA_CAO/install/turtlebot3_msgs/include/turtlebot3_msgs/msg/detail/sound__builder.hpp
[0.201s] -- Up-to-date: /home/y/SA_CAO_Simu/SA_CAO/install/turtlebot3_msgs/include/turtlebot3_msgs/msg/detail/version_info__builder.hpp
[0.201s] -- Up-to-date: /home/y/SA_CAO_Simu/SA_CAO/install/turtlebot3_msgs/include/turtlebot3_msgs/msg/detail/sensor_state__struct.hpp
[0.201s] -- Up-to-date: /home/y/SA_CAO_Simu/SA_CAO/install/turtlebot3_msgs/include/turtlebot3_msgs/msg/detail/sound__type_support.hpp
[0.201s] -- Up-to-date: /home/y/SA_CAO_Simu/SA_CAO/install/turtlebot3_msgs/include/turtlebot3_msgs/msg/detail/sensor_state__builder.hpp
[0.201s] -- Up-to-date: /home/y/SA_CAO_Simu/SA_CAO/install/turtlebot3_msgs/include/turtlebot3_msgs/msg/detail/sensor_state__type_support.hpp
[0.201s] -- Up-to-date: /home/y/SA_CAO_Simu/SA_CAO/install/turtlebot3_msgs/include/turtlebot3_msgs/msg/detail/version_info__traits.hpp
[0.201s] -- Up-to-date: /home/y/SA_CAO_Simu/SA_CAO/install/turtlebot3_msgs/include/turtlebot3_msgs/msg/detail/version_info__type_support.hpp
[0.201s] -- Up-to-date: /home/y/SA_CAO_Simu/SA_CAO/install/turtlebot3_msgs/include/turtlebot3_msgs/msg/detail/sound__traits.hpp
[0.201s] -- Up-to-date: /home/y/SA_CAO_Simu/SA_CAO/install/turtlebot3_msgs/include/turtlebot3_msgs/msg/version_info.hpp
[0.201s] -- Up-to-date: /home/y/SA_CAO_Simu/SA_CAO/install/turtlebot3_msgs/include/turtlebot3_msgs/msg/rosidl_generator_cpp__visibility_control.hpp
[0.201s] -- Up-to-date: /home/y/SA_CAO_Simu/SA_CAO/install/turtlebot3_msgs/include/turtlebot3_msgs/msg/sound.hpp
[0.201s] -- Up-to-date: /home/y/SA_CAO_Simu/SA_CAO/install/turtlebot3_msgs/include/turtlebot3_msgs/msg/sensor_state.hpp
[0.201s] -- Up-to-date: /home/y/SA_CAO_Simu/SA_CAO/install/turtlebot3_msgs/include/turtlebot3_msgs/action
[0.201s] -- Up-to-date: /home/y/SA_CAO_Simu/SA_CAO/install/turtlebot3_msgs/include/turtlebot3_msgs/action/detail
[0.201s] -- Up-to-date: /home/y/SA_CAO_Simu/SA_CAO/install/turtlebot3_msgs/include/turtlebot3_msgs/action/detail/patrol__traits.hpp
[0.201s] -- Up-to-date: /home/y/SA_CAO_Simu/SA_CAO/install/turtlebot3_msgs/include/turtlebot3_msgs/action/detail/patrol__builder.hpp
[0.201s] -- Up-to-date: /home/y/SA_CAO_Simu/SA_CAO/install/turtlebot3_msgs/include/turtlebot3_msgs/action/detail/patrol__struct.hpp
[0.201s] -- Up-to-date: /home/y/SA_CAO_Simu/SA_CAO/install/turtlebot3_msgs/include/turtlebot3_msgs/action/detail/patrol__type_support.hpp
[0.201s] -- Up-to-date: /home/y/SA_CAO_Simu/SA_CAO/install/turtlebot3_msgs/include/turtlebot3_msgs/action/patrol.hpp
[0.201s] -- Up-to-date: /home/y/SA_CAO_Simu/SA_CAO/install/turtlebot3_msgs/include/turtlebot3_msgs/srv
[0.201s] -- Up-to-date: /home/y/SA_CAO_Simu/SA_CAO/install/turtlebot3_msgs/include/turtlebot3_msgs/srv/detail
[0.201s] -- Up-to-date: /home/y/SA_CAO_Simu/SA_CAO/install/turtlebot3_msgs/include/turtlebot3_msgs/srv/detail/dqn__traits.hpp
[0.201s] -- Up-to-date: /home/y/SA_CAO_Simu/SA_CAO/install/turtlebot3_msgs/include/turtlebot3_msgs/srv/detail/dqn__builder.hpp
[0.201s] -- Up-to-date: /home/y/SA_CAO_Simu/SA_CAO/install/turtlebot3_msgs/include/turtlebot3_msgs/srv/detail/sound__struct.hpp
[0.201s] -- Up-to-date: /home/y/SA_CAO_Simu/SA_CAO/install/turtlebot3_msgs/include/turtlebot3_msgs/srv/detail/sound__builder.hpp
[0.202s] -- Up-to-date: /home/y/SA_CAO_Simu/SA_CAO/install/turtlebot3_msgs/include/turtlebot3_msgs/srv/detail/sound__type_support.hpp
[0.202s] -- Up-to-date: /home/y/SA_CAO_Simu/SA_CAO/install/turtlebot3_msgs/include/turtlebot3_msgs/srv/detail/dqn__type_support.hpp
[0.202s] -- Up-to-date: /home/y/SA_CAO_Simu/SA_CAO/install/turtlebot3_msgs/include/turtlebot3_msgs/srv/detail/dqn__struct.hpp
[0.202s] -- Up-to-date: /home/y/SA_CAO_Simu/SA_CAO/install/turtlebot3_msgs/include/turtlebot3_msgs/srv/detail/sound__traits.hpp
[0.202s] -- Up-to-date: /home/y/SA_CAO_Simu/SA_CAO/install/turtlebot3_msgs/include/turtlebot3_msgs/srv/dqn.hpp
[0.202s] -- Up-to-date: /home/y/SA_CAO_Simu/SA_CAO/install/turtlebot3_msgs/include/turtlebot3_msgs/srv/sound.hpp
[0.202s] -- Up-to-date: /home/y/SA_CAO_Simu/SA_CAO/install/turtlebot3_msgs/include/turtlebot3_msgs
[0.202s] -- Up-to-date: /home/y/SA_CAO_Simu/SA_CAO/install/turtlebot3_msgs/include/turtlebot3_msgs/msg
[0.202s] -- Up-to-date: /home/y/SA_CAO_Simu/SA_CAO/install/turtlebot3_msgs/include/turtlebot3_msgs/msg/detail
[0.202s] -- Up-to-date: /home/y/SA_CAO_Simu/SA_CAO/install/turtlebot3_msgs/include/turtlebot3_msgs/msg/detail/version_info__type_support.cpp
[0.202s] -- Up-to-date: /home/y/SA_CAO_Simu/SA_CAO/install/turtlebot3_msgs/include/turtlebot3_msgs/msg/detail/sound__rosidl_typesupport_introspection_cpp.hpp
[0.202s] -- Up-to-date: /home/y/SA_CAO_Simu/SA_CAO/install/turtlebot3_msgs/include/turtlebot3_msgs/msg/detail/sensor_state__type_support.cpp
[0.202s] -- Up-to-date: /home/y/SA_CAO_Simu/SA_CAO/install/turtlebot3_msgs/include/turtlebot3_msgs/msg/detail/sensor_state__rosidl_typesupport_introspection_cpp.hpp
[0.202s] -- Up-to-date: /home/y/SA_CAO_Simu/SA_CAO/install/turtlebot3_msgs/include/turtlebot3_msgs/msg/detail/sound__type_support.cpp
[0.202s] -- Up-to-date: /home/y/SA_CAO_Simu/SA_CAO/install/turtlebot3_msgs/include/turtlebot3_msgs/msg/detail/version_info__rosidl_typesupport_introspection_cpp.hpp
[0.202s] -- Up-to-date: /home/y/SA_CAO_Simu/SA_CAO/install/turtlebot3_msgs/include/turtlebot3_msgs/action
[0.202s] -- Up-to-date: /home/y/SA_CAO_Simu/SA_CAO/install/turtlebot3_msgs/include/turtlebot3_msgs/action/detail
[0.202s] -- Up-to-date: /home/y/SA_CAO_Simu/SA_CAO/install/turtlebot3_msgs/include/turtlebot3_msgs/action/detail/patrol__rosidl_typesupport_introspection_cpp.hpp
[0.202s] -- Up-to-date: /home/y/SA_CAO_Simu/SA_CAO/install/turtlebot3_msgs/include/turtlebot3_msgs/action/detail/patrol__type_support.cpp
[0.202s] -- Up-to-date: /home/y/SA_CAO_Simu/SA_CAO/install/turtlebot3_msgs/include/turtlebot3_msgs/srv
[0.202s] -- Up-to-date: /home/y/SA_CAO_Simu/SA_CAO/install/turtlebot3_msgs/include/turtlebot3_msgs/srv/detail
[0.202s] -- Up-to-date: /home/y/SA_CAO_Simu/SA_CAO/install/turtlebot3_msgs/include/turtlebot3_msgs/srv/detail/sound__rosidl_typesupport_introspection_cpp.hpp
[0.202s] -- Up-to-date: /home/y/SA_CAO_Simu/SA_CAO/install/turtlebot3_msgs/include/turtlebot3_msgs/srv/detail/sound__type_support.cpp
[0.202s] -- Up-to-date: /home/y/SA_CAO_Simu/SA_CAO/install/turtlebot3_msgs/include/turtlebot3_msgs/srv/detail/dqn__type_support.cpp
[0.203s] -- Up-to-date: /home/y/SA_CAO_Simu/SA_CAO/install/turtlebot3_msgs/include/turtlebot3_msgs/srv/detail/dqn__rosidl_typesupport_introspection_cpp.hpp
[0.203s] -- Up-to-date: /home/y/SA_CAO_Simu/SA_CAO/install/turtlebot3_msgs/lib/libturtlebot3_msgs__rosidl_typesupport_introspection_cpp.so
[0.203s] -- Up-to-date: /home/y/SA_CAO_Simu/SA_CAO/install/turtlebot3_msgs/lib/libturtlebot3_msgs__rosidl_typesupport_cpp.so
[0.203s] -- Up-to-date: /home/y/SA_CAO_Simu/SA_CAO/install/turtlebot3_msgs/share/turtlebot3_msgs/environment/pythonpath.sh
[0.203s] -- Up-to-date: /home/y/SA_CAO_Simu/SA_CAO/install/turtlebot3_msgs/share/turtlebot3_msgs/environment/pythonpath.dsv
[0.203s] -- Up-to-date: /home/y/SA_CAO_Simu/SA_CAO/install/turtlebot3_msgs/lib/python3.8/site-packages/turtlebot3_msgs/__init__.py
[0.219s] -- Up-to-date: /home/y/SA_CAO_Simu/SA_CAO/install/turtlebot3_msgs/lib/python3.8/site-packages/turtlebot3_msgs/msg
[0.219s] -- Up-to-date: /home/y/SA_CAO_Simu/SA_CAO/install/turtlebot3_msgs/lib/python3.8/site-packages/turtlebot3_msgs/msg/_version_info.py
[0.219s] -- Up-to-date: /home/y/SA_CAO_Simu/SA_CAO/install/turtlebot3_msgs/lib/python3.8/site-packages/turtlebot3_msgs/msg/_sound_s.c
[0.219s] -- Up-to-date: /home/y/SA_CAO_Simu/SA_CAO/install/turtlebot3_msgs/lib/python3.8/site-packages/turtlebot3_msgs/msg/__init__.py
[0.219s] -- Up-to-date: /home/y/SA_CAO_Simu/SA_CAO/install/turtlebot3_msgs/lib/python3.8/site-packages/turtlebot3_msgs/msg/_sensor_state.py
[0.219s] -- Up-to-date: /home/y/SA_CAO_Simu/SA_CAO/install/turtlebot3_msgs/lib/python3.8/site-packages/turtlebot3_msgs/msg/_sensor_state_s.c
[0.219s] -- Up-to-date: /home/y/SA_CAO_Simu/SA_CAO/install/turtlebot3_msgs/lib/python3.8/site-packages/turtlebot3_msgs/msg/_version_info_s.c
[0.219s] -- Up-to-date: /home/y/SA_CAO_Simu/SA_CAO/install/turtlebot3_msgs/lib/python3.8/site-packages/turtlebot3_msgs/msg/_sound.py
[0.219s] -- Up-to-date: /home/y/SA_CAO_Simu/SA_CAO/install/turtlebot3_msgs/lib/python3.8/site-packages/turtlebot3_msgs/srv
[0.219s] -- Up-to-date: /home/y/SA_CAO_Simu/SA_CAO/install/turtlebot3_msgs/lib/python3.8/site-packages/turtlebot3_msgs/srv/_sound_s.c
[0.219s] -- Up-to-date: /home/y/SA_CAO_Simu/SA_CAO/install/turtlebot3_msgs/lib/python3.8/site-packages/turtlebot3_msgs/srv/__init__.py
[0.220s] -- Up-to-date: /home/y/SA_CAO_Simu/SA_CAO/install/turtlebot3_msgs/lib/python3.8/site-packages/turtlebot3_msgs/srv/_dqn.py
[0.220s] -- Up-to-date: /home/y/SA_CAO_Simu/SA_CAO/install/turtlebot3_msgs/lib/python3.8/site-packages/turtlebot3_msgs/srv/_sound.py
[0.220s] -- Up-to-date: /home/y/SA_CAO_Simu/SA_CAO/install/turtlebot3_msgs/lib/python3.8/site-packages/turtlebot3_msgs/srv/_dqn_s.c
[0.220s] -- Up-to-date: /home/y/SA_CAO_Simu/SA_CAO/install/turtlebot3_msgs/lib/python3.8/site-packages/turtlebot3_msgs/action
[0.220s] -- Up-to-date: /home/y/SA_CAO_Simu/SA_CAO/install/turtlebot3_msgs/lib/python3.8/site-packages/turtlebot3_msgs/action/_patrol_s.c
[0.220s] -- Up-to-date: /home/y/SA_CAO_Simu/SA_CAO/install/turtlebot3_msgs/lib/python3.8/site-packages/turtlebot3_msgs/action/__init__.py
[0.220s] -- Up-to-date: /home/y/SA_CAO_Simu/SA_CAO/install/turtlebot3_msgs/lib/python3.8/site-packages/turtlebot3_msgs/action/_patrol.py
[0.220s] -- Up-to-date: /home/y/SA_CAO_Simu/SA_CAO/install/turtlebot3_msgs/lib/python3.8/site-packages/turtlebot3_msgs/turtlebot3_msgs_s__rosidl_typesupport_fastrtps_c.cpython-38-aarch64-linux-gnu.so
[0.220s] -- Up-to-date: /home/y/SA_CAO_Simu/SA_CAO/install/turtlebot3_msgs/lib/python3.8/site-packages/turtlebot3_msgs/turtlebot3_msgs_s__rosidl_typesupport_introspection_c.cpython-38-aarch64-linux-gnu.so
[0.220s] -- Up-to-date: /home/y/SA_CAO_Simu/SA_CAO/install/turtlebot3_msgs/lib/python3.8/site-packages/turtlebot3_msgs/turtlebot3_msgs_s__rosidl_typesupport_c.cpython-38-aarch64-linux-gnu.so
[0.221s] -- Up-to-date: /home/y/SA_CAO_Simu/SA_CAO/install/turtlebot3_msgs/lib/libturtlebot3_msgs__python.so
[0.221s] -- Up-to-date: /home/y/SA_CAO_Simu/SA_CAO/install/turtlebot3_msgs/share/turtlebot3_msgs/msg/SensorState.idl
[0.221s] -- Up-to-date: /home/y/SA_CAO_Simu/SA_CAO/install/turtlebot3_msgs/share/turtlebot3_msgs/msg/Sound.idl
[0.221s] -- Up-to-date: /home/y/SA_CAO_Simu/SA_CAO/install/turtlebot3_msgs/share/turtlebot3_msgs/msg/VersionInfo.idl
[0.221s] -- Up-to-date: /home/y/SA_CAO_Simu/SA_CAO/install/turtlebot3_msgs/share/turtlebot3_msgs/srv/Sound.idl
[0.221s] -- Up-to-date: /home/y/SA_CAO_Simu/SA_CAO/install/turtlebot3_msgs/share/turtlebot3_msgs/srv/Dqn.idl
[0.221s] -- Up-to-date: /home/y/SA_CAO_Simu/SA_CAO/install/turtlebot3_msgs/share/turtlebot3_msgs/action/Patrol.idl
[0.221s] -- Up-to-date: /home/y/SA_CAO_Simu/SA_CAO/install/turtlebot3_msgs/share/turtlebot3_msgs/msg/SensorState.msg
[0.221s] -- Up-to-date: /home/y/SA_CAO_Simu/SA_CAO/install/turtlebot3_msgs/share/turtlebot3_msgs/msg/Sound.msg
[0.221s] -- Up-to-date: /home/y/SA_CAO_Simu/SA_CAO/install/turtlebot3_msgs/share/turtlebot3_msgs/msg/VersionInfo.msg
[0.221s] -- Up-to-date: /home/y/SA_CAO_Simu/SA_CAO/install/turtlebot3_msgs/share/turtlebot3_msgs/srv/Sound.srv
[0.221s] -- Up-to-date: /home/y/SA_CAO_Simu/SA_CAO/install/turtlebot3_msgs/share/turtlebot3_msgs/srv/Sound_Request.msg
[0.221s] -- Up-to-date: /home/y/SA_CAO_Simu/SA_CAO/install/turtlebot3_msgs/share/turtlebot3_msgs/srv/Sound_Response.msg
[0.221s] -- Up-to-date: /home/y/SA_CAO_Simu/SA_CAO/install/turtlebot3_msgs/share/turtlebot3_msgs/srv/Dqn.srv
[0.221s] -- Up-to-date: /home/y/SA_CAO_Simu/SA_CAO/install/turtlebot3_msgs/share/turtlebot3_msgs/srv/Dqn_Request.msg
[0.221s] -- Up-to-date: /home/y/SA_CAO_Simu/SA_CAO/install/turtlebot3_msgs/share/turtlebot3_msgs/srv/Dqn_Response.msg
[0.221s] -- Up-to-date: /home/y/SA_CAO_Simu/SA_CAO/install/turtlebot3_msgs/share/turtlebot3_msgs/action/Patrol.action
[0.222s] -- Up-to-date: /home/y/SA_CAO_Simu/SA_CAO/install/turtlebot3_msgs/share/ament_index/resource_index/package_run_dependencies/turtlebot3_msgs
[0.222s] -- Up-to-date: /home/y/SA_CAO_Simu/SA_CAO/install/turtlebot3_msgs/share/ament_index/resource_index/parent_prefix_path/turtlebot3_msgs
[0.222s] -- Up-to-date: /home/y/SA_CAO_Simu/SA_CAO/install/turtlebot3_msgs/share/turtlebot3_msgs/environment/ament_prefix_path.sh
[0.222s] -- Up-to-date: /home/y/SA_CAO_Simu/SA_CAO/install/turtlebot3_msgs/share/turtlebot3_msgs/environment/ament_prefix_path.dsv
[0.222s] -- Up-to-date: /home/y/SA_CAO_Simu/SA_CAO/install/turtlebot3_msgs/share/turtlebot3_msgs/environment/path.sh
[0.222s] -- Up-to-date: /home/y/SA_CAO_Simu/SA_CAO/install/turtlebot3_msgs/share/turtlebot3_msgs/environment/path.dsv
[0.222s] -- Up-to-date: /home/y/SA_CAO_Simu/SA_CAO/install/turtlebot3_msgs/share/turtlebot3_msgs/local_setup.bash
[0.222s] -- Up-to-date: /home/y/SA_CAO_Simu/SA_CAO/install/turtlebot3_msgs/share/turtlebot3_msgs/local_setup.sh
[0.222s] -- Up-to-date: /home/y/SA_CAO_Simu/SA_CAO/install/turtlebot3_msgs/share/turtlebot3_msgs/local_setup.zsh
[0.222s] -- Up-to-date: /home/y/SA_CAO_Simu/SA_CAO/install/turtlebot3_msgs/share/turtlebot3_msgs/local_setup.dsv
[0.222s] -- Installing: /home/y/SA_CAO_Simu/SA_CAO/install/turtlebot3_msgs/share/turtlebot3_msgs/package.dsv
[0.222s] -- Up-to-date: /home/y/SA_CAO_Simu/SA_CAO/install/turtlebot3_msgs/share/ament_index/resource_index/packages/turtlebot3_msgs
[0.222s] -- Up-to-date: /home/y/SA_CAO_Simu/SA_CAO/install/turtlebot3_msgs/share/turtlebot3_msgs/cmake/turtlebot3_msgs__rosidl_generator_cExport.cmake
[0.223s] -- Up-to-date: /home/y/SA_CAO_Simu/SA_CAO/install/turtlebot3_msgs/share/turtlebot3_msgs/cmake/turtlebot3_msgs__rosidl_generator_cExport-noconfig.cmake
[0.223s] -- Up-to-date: /home/y/SA_CAO_Simu/SA_CAO/install/turtlebot3_msgs/share/turtlebot3_msgs/cmake/turtlebot3_msgs__rosidl_typesupport_introspection_cExport.cmake
[0.223s] -- Up-to-date: /home/y/SA_CAO_Simu/SA_CAO/install/turtlebot3_msgs/share/turtlebot3_msgs/cmake/turtlebot3_msgs__rosidl_typesupport_introspection_cExport-noconfig.cmake
[0.223s] -- Up-to-date: /home/y/SA_CAO_Simu/SA_CAO/install/turtlebot3_msgs/share/turtlebot3_msgs/cmake/turtlebot3_msgs__rosidl_typesupport_cExport.cmake
[0.223s] -- Up-to-date: /home/y/SA_CAO_Simu/SA_CAO/install/turtlebot3_msgs/share/turtlebot3_msgs/cmake/turtlebot3_msgs__rosidl_typesupport_cExport-noconfig.cmake
[0.223s] -- Up-to-date: /home/y/SA_CAO_Simu/SA_CAO/install/turtlebot3_msgs/share/turtlebot3_msgs/cmake/turtlebot3_msgs__rosidl_generator_cppExport.cmake
[0.223s] -- Up-to-date: /home/y/SA_CAO_Simu/SA_CAO/install/turtlebot3_msgs/share/turtlebot3_msgs/cmake/turtlebot3_msgs__rosidl_typesupport_introspection_cppExport.cmake
[0.223s] -- Up-to-date: /home/y/SA_CAO_Simu/SA_CAO/install/turtlebot3_msgs/share/turtlebot3_msgs/cmake/turtlebot3_msgs__rosidl_typesupport_introspection_cppExport-noconfig.cmake
[0.223s] -- Up-to-date: /home/y/SA_CAO_Simu/SA_CAO/install/turtlebot3_msgs/share/turtlebot3_msgs/cmake/turtlebot3_msgs__rosidl_typesupport_cppExport.cmake
[0.223s] -- Up-to-date: /home/y/SA_CAO_Simu/SA_CAO/install/turtlebot3_msgs/share/turtlebot3_msgs/cmake/turtlebot3_msgs__rosidl_typesupport_cppExport-noconfig.cmake
[0.223s] -- Up-to-date: /home/y/SA_CAO_Simu/SA_CAO/install/turtlebot3_msgs/share/turtlebot3_msgs/cmake/rosidl_cmake-extras.cmake
[0.223s] -- Up-to-date: /home/y/SA_CAO_Simu/SA_CAO/install/turtlebot3_msgs/share/turtlebot3_msgs/cmake/ament_cmake_export_dependencies-extras.cmake
[0.223s] -- Up-to-date: /home/y/SA_CAO_Simu/SA_CAO/install/turtlebot3_msgs/share/turtlebot3_msgs/cmake/ament_cmake_export_libraries-extras.cmake
[0.223s] -- Up-to-date: /home/y/SA_CAO_Simu/SA_CAO/install/turtlebot3_msgs/share/turtlebot3_msgs/cmake/ament_cmake_export_targets-extras.cmake
[0.224s] -- Up-to-date: /home/y/SA_CAO_Simu/SA_CAO/install/turtlebot3_msgs/share/turtlebot3_msgs/cmake/ament_cmake_export_include_directories-extras.cmake
[0.224s] -- Up-to-date: /home/y/SA_CAO_Simu/SA_CAO/install/turtlebot3_msgs/share/turtlebot3_msgs/cmake/rosidl_cmake_export_typesupport_libraries-extras.cmake
[0.224s] -- Up-to-date: /home/y/SA_CAO_Simu/SA_CAO/install/turtlebot3_msgs/share/turtlebot3_msgs/cmake/rosidl_cmake_export_typesupport_targets-extras.cmake
[0.224s] -- Up-to-date: /home/y/SA_CAO_Simu/SA_CAO/install/turtlebot3_msgs/share/turtlebot3_msgs/cmake/turtlebot3_msgsConfig.cmake
[0.224s] -- Up-to-date: /home/y/SA_CAO_Simu/SA_CAO/install/turtlebot3_msgs/share/turtlebot3_msgs/cmake/turtlebot3_msgsConfig-version.cmake
[0.224s] -- Up-to-date: /home/y/SA_CAO_Simu/SA_CAO/install/turtlebot3_msgs/share/turtlebot3_msgs/package.xml
[0.227s] Invoked command in '/home/y/SA_CAO_Simu/SA_CAO/build/turtlebot3_msgs' returned '0': CMAKE_PREFIX_PATH=${CMAKE_PREFIX_PATH}:/home/y/SA_CAO_Simu/SA_CAO/install/turtlebot3_teleop:/home/y/SA_CAO_Simu/SA_CAO/install/turtlebot3_example:/home/y/SA_CAO_Simu/SA_CAO/install/pure_pursuit:/home/y/SA_CAO_Simu/SA_CAO/install/my_balance_pkg:/home/y/SA_CAO_Simu/SA_CAO/install/launch_diablo:/home/y/SA_CAO_Simu/SA_CAO/install/diablo_simulation:/opt/ros/foxy /usr/bin/cmake --install /home/y/SA_CAO_Simu/SA_CAO/build/turtlebot3_msgs
