[0.075s] Invoking command in '/home/y/SA_CAO_test_ws/build/turtlebot3_msgs': CMAKE_PREFIX_PATH=/home/y/SA_CAO_test_ws/install/turtlebot3:/home/y/SA_CAO_test_ws/install/turtlebot3_simulations:/home/y/SA_CAO_test_ws/install/turtlebot3_bringup:/home/y/SA_CAO_test_ws/install/turtlebot3_node:/home/y/SA_CAO_test_ws/install/turtlebot3_navigation2:/home/y/SA_CAO_test_ws/install/turtlebot3_fake_node:/home/y/SA_CAO_test_ws/install/turtlebot3_msgs:/home/y/SA_CAO_test_ws/install/turtlebot3_gazebo:/home/y/SA_CAO_test_ws/install/turtlebot3_description:/home/y/SA_CAO_test_ws/install/turtlebot3_cartographer:/home/y/SA_CAO_test_ws/install/sub_diablo2023a:/home/y/SA_CAO_test_ws/install/motion_msgs:/home/y/SA_CAO_test_ws/install/hls_lfcd_lds_driver:/home/y/SA_CAO_test_ws/install/dynamixel_sdk_examples:/home/y/SA_CAO_test_ws/install/dynamixel_sdk_custom_interfaces:/home/y/SA_CAO_test_ws/install/dynamixel_sdk:/home/y/SA_CAO_test_ws/install/turtlebot3_teleop:/home/y/SA_CAO_test_ws/install/turtlebot3_example:/home/y/SA_CAO_test_ws/install/my_joystick:/home/y/SA_CAO_test_ws/install/launch_diablo:/opt/ros/foxy:/home/y/oradar_ros/install/oradar_lidar /usr/bin/cmake /home/y/SA_CAO_test_ws/src/turtlebot3/turtlebot3_msgs -DCMAKE_INSTALL_PREFIX=/home/y/SA_CAO_test_ws/install/turtlebot3_msgs
[0.425s] -- The C compiler identification is GNU 9.4.0
[0.652s] -- The CXX compiler identification is GNU 9.4.0
[0.670s] -- Check for working C compiler: /usr/bin/cc
[0.944s] -- Check for working C compiler: /usr/bin/cc -- works
[0.950s] -- Detecting C compiler ABI info
[1.229s] -- Detecting C compiler ABI info - done
[1.247s] -- Detecting C compile features
[1.249s] -- Detecting C compile features - done
[1.256s] -- Check for working CXX compiler: /usr/bin/c++
[1.581s] -- Check for working CXX compiler: /usr/bin/c++ -- works
[1.584s] -- Detecting CXX compiler ABI info
[1.959s] -- Detecting CXX compiler ABI info - done
[1.973s] -- Detecting CXX compile features
[1.974s] -- Detecting CXX compile features - done
[1.979s] -- Found action_msgs: 1.0.0 (/opt/ros/foxy/share/action_msgs/cmake)
[2.044s] -- Found PythonInterp: /usr/bin/python3 (found suitable version "3.8.10", minimum required is "3") 
[2.045s] -- Using PYTHON_EXECUTABLE: /usr/bin/python3
[2.635s] -- Using all available rosidl_typesupport_c: rosidl_typesupport_fastrtps_c;rosidl_typesupport_introspection_c
[2.654s] -- Found rosidl_adapter: 1.3.1 (/opt/ros/foxy/share/rosidl_adapter/cmake)
[3.280s] -- Found OpenSSL: /usr/lib/x86_64-linux-gnu/libcrypto.so (found version "1.1.1f")  
[3.412s] -- Found FastRTPS: /opt/ros/foxy/include  
[3.707s] -- Using all available rosidl_typesupport_cpp: rosidl_typesupport_fastrtps_cpp;rosidl_typesupport_introspection_cpp
[3.985s] -- Found rosidl_default_generators: 1.0.1 (/opt/ros/foxy/share/rosidl_default_generators/cmake)
[4.046s] -- Found std_msgs: 2.0.5 (/opt/ros/foxy/share/std_msgs/cmake)
[4.153s] -- Found PythonInterp: /usr/bin/python3 (found version "3.8.10") 
[4.934s] -- Found ament_cmake_cppcheck: 0.9.8 (/opt/ros/foxy/share/ament_cmake_cppcheck/cmake)
[4.956s] -- Found ament_cmake_cpplint: 0.9.8 (/opt/ros/foxy/share/ament_cmake_cpplint/cmake)
[4.974s] -- Found ament_cmake_uncrustify: 0.9.8 (/opt/ros/foxy/share/ament_cmake_uncrustify/cmake)
[4.991s] -- Found ament_cmake_ros: 0.9.2 (/opt/ros/foxy/share/ament_cmake_ros/cmake)
[6.097s] -- Using all available rosidl_typesupport_c: rosidl_typesupport_fastrtps_c;rosidl_typesupport_introspection_c
[6.410s] -- Using all available rosidl_typesupport_cpp: rosidl_typesupport_fastrtps_cpp;rosidl_typesupport_introspection_cpp
[6.499s] -- Found PythonInterp: /usr/bin/python3 (found suitable version "3.8.10", minimum required is "3.5") 
[6.506s] -- Found python_cmake_module: 0.8.1 (/opt/ros/foxy/share/python_cmake_module/cmake)
[6.632s] -- Found PythonLibs: /usr/lib/x86_64-linux-gnu/libpython3.8.so (found suitable version "3.8.10", minimum required is "3.5") 
[6.633s] -- Using PYTHON_EXECUTABLE: /usr/bin/python3
[6.633s] -- Using PYTHON_INCLUDE_DIRS: /usr/include/python3.8
[6.633s] -- Using PYTHON_LIBRARIES: /usr/lib/x86_64-linux-gnu/libpython3.8.so
[6.725s] -- Found PythonExtra: .so  
[6.983s] -- Found ament_cmake_flake8: 0.9.8 (/opt/ros/foxy/share/ament_cmake_flake8/cmake)
[6.991s] -- Found ament_cmake_pep257: 0.9.8 (/opt/ros/foxy/share/ament_cmake_pep257/cmake)
[7.042s] -- Configuring done
[7.449s] -- Generating done
[7.514s] -- Build files have been written to: /home/y/SA_CAO_test_ws/build/turtlebot3_msgs
[7.570s] Invoked command in '/home/y/SA_CAO_test_ws/build/turtlebot3_msgs' returned '0': CMAKE_PREFIX_PATH=/home/y/SA_CAO_test_ws/install/turtlebot3:/home/y/SA_CAO_test_ws/install/turtlebot3_simulations:/home/y/SA_CAO_test_ws/install/turtlebot3_bringup:/home/y/SA_CAO_test_ws/install/turtlebot3_node:/home/y/SA_CAO_test_ws/install/turtlebot3_navigation2:/home/y/SA_CAO_test_ws/install/turtlebot3_fake_node:/home/y/SA_CAO_test_ws/install/turtlebot3_msgs:/home/y/SA_CAO_test_ws/install/turtlebot3_gazebo:/home/y/SA_CAO_test_ws/install/turtlebot3_description:/home/y/SA_CAO_test_ws/install/turtlebot3_cartographer:/home/y/SA_CAO_test_ws/install/sub_diablo2023a:/home/y/SA_CAO_test_ws/install/motion_msgs:/home/y/SA_CAO_test_ws/install/hls_lfcd_lds_driver:/home/y/SA_CAO_test_ws/install/dynamixel_sdk_examples:/home/y/SA_CAO_test_ws/install/dynamixel_sdk_custom_interfaces:/home/y/SA_CAO_test_ws/install/dynamixel_sdk:/home/y/SA_CAO_test_ws/install/turtlebot3_teleop:/home/y/SA_CAO_test_ws/install/turtlebot3_example:/home/y/SA_CAO_test_ws/install/my_joystick:/home/y/SA_CAO_test_ws/install/launch_diablo:/opt/ros/foxy:/home/y/oradar_ros/install/oradar_lidar /usr/bin/cmake /home/y/SA_CAO_test_ws/src/turtlebot3/turtlebot3_msgs -DCMAKE_INSTALL_PREFIX=/home/y/SA_CAO_test_ws/install/turtlebot3_msgs
[7.582s] Invoking command in '/home/y/SA_CAO_test_ws/build/turtlebot3_msgs': CMAKE_PREFIX_PATH=/home/y/SA_CAO_test_ws/install/turtlebot3:/home/y/SA_CAO_test_ws/install/turtlebot3_simulations:/home/y/SA_CAO_test_ws/install/turtlebot3_bringup:/home/y/SA_CAO_test_ws/install/turtlebot3_node:/home/y/SA_CAO_test_ws/install/turtlebot3_navigation2:/home/y/SA_CAO_test_ws/install/turtlebot3_fake_node:/home/y/SA_CAO_test_ws/install/turtlebot3_msgs:/home/y/SA_CAO_test_ws/install/turtlebot3_gazebo:/home/y/SA_CAO_test_ws/install/turtlebot3_description:/home/y/SA_CAO_test_ws/install/turtlebot3_cartographer:/home/y/SA_CAO_test_ws/install/sub_diablo2023a:/home/y/SA_CAO_test_ws/install/motion_msgs:/home/y/SA_CAO_test_ws/install/hls_lfcd_lds_driver:/home/y/SA_CAO_test_ws/install/dynamixel_sdk_examples:/home/y/SA_CAO_test_ws/install/dynamixel_sdk_custom_interfaces:/home/y/SA_CAO_test_ws/install/dynamixel_sdk:/home/y/SA_CAO_test_ws/install/turtlebot3_teleop:/home/y/SA_CAO_test_ws/install/turtlebot3_example:/home/y/SA_CAO_test_ws/install/my_joystick:/home/y/SA_CAO_test_ws/install/launch_diablo:/opt/ros/foxy:/home/y/oradar_ros/install/oradar_lidar /usr/bin/cmake --build /home/y/SA_CAO_test_ws/build/turtlebot3_msgs -- -j2 -l2
[7.797s] [  1%] [34m[1mGenerating C code for ROS interfaces[0m
[7.813s] [35m[1mScanning dependencies of target turtlebot3_msgs__cpp[0m
[7.873s] [  2%] [34m[1mGenerating C++ code for ROS interfaces[0m
[11.060s] [  2%] Built target turtlebot3_msgs__cpp
[11.157s] [  4%] [34m[1mGenerating C++ type support dispatch for ROS interfaces[0m
[11.229s] [35m[1mScanning dependencies of target turtlebot3_msgs__rosidl_generator_c[0m
[11.325s] [  5%] [32mBuilding C object CMakeFiles/turtlebot3_msgs__rosidl_generator_c.dir/rosidl_generator_c/turtlebot3_msgs/msg/detail/sensor_state__functions.c.o[0m
[11.494s] [  7%] [32mBuilding C object CMakeFiles/turtlebot3_msgs__rosidl_generator_c.dir/rosidl_generator_c/turtlebot3_msgs/msg/detail/sound__functions.c.o[0m
[11.706s] [  8%] [32mBuilding C object CMakeFiles/turtlebot3_msgs__rosidl_generator_c.dir/rosidl_generator_c/turtlebot3_msgs/msg/detail/version_info__functions.c.o[0m
[12.037s] [  9%] [32mBuilding C object CMakeFiles/turtlebot3_msgs__rosidl_generator_c.dir/rosidl_generator_c/turtlebot3_msgs/srv/detail/sound__functions.c.o[0m
[12.352s] [ 11%] [32mBuilding C object CMakeFiles/turtlebot3_msgs__rosidl_generator_c.dir/rosidl_generator_c/turtlebot3_msgs/srv/detail/dqn__functions.c.o[0m
[12.395s] [35m[1mScanning dependencies of target turtlebot3_msgs__rosidl_typesupport_cpp[0m
[12.474s] [ 12%] [32mBuilding CXX object CMakeFiles/turtlebot3_msgs__rosidl_typesupport_cpp.dir/rosidl_typesupport_cpp/turtlebot3_msgs/msg/sensor_state__type_support.cpp.o[0m
[12.784s] [ 14%] [32mBuilding C object CMakeFiles/turtlebot3_msgs__rosidl_generator_c.dir/rosidl_generator_c/turtlebot3_msgs/action/detail/patrol__functions.c.o[0m
[13.163s] [ 15%] [32mBuilding CXX object CMakeFiles/turtlebot3_msgs__rosidl_typesupport_cpp.dir/rosidl_typesupport_cpp/turtlebot3_msgs/msg/sound__type_support.cpp.o[0m
[13.399s] [ 16%] [32m[1mLinking C shared library libturtlebot3_msgs__rosidl_generator_c.so[0m
[13.736s] [ 16%] Built target turtlebot3_msgs__rosidl_generator_c
[13.843s] [ 18%] [34m[1mGenerating C++ type support for eProsima Fast-RTPS[0m
[13.910s] [ 19%] [32mBuilding CXX object CMakeFiles/turtlebot3_msgs__rosidl_typesupport_cpp.dir/rosidl_typesupport_cpp/turtlebot3_msgs/msg/version_info__type_support.cpp.o[0m
[14.640s] [ 21%] [32mBuilding CXX object CMakeFiles/turtlebot3_msgs__rosidl_typesupport_cpp.dir/rosidl_typesupport_cpp/turtlebot3_msgs/srv/sound__type_support.cpp.o[0m
[15.343s] [ 22%] [32mBuilding CXX object CMakeFiles/turtlebot3_msgs__rosidl_typesupport_cpp.dir/rosidl_typesupport_cpp/turtlebot3_msgs/srv/dqn__type_support.cpp.o[0m
[16.136s] [ 23%] [32mBuilding CXX object CMakeFiles/turtlebot3_msgs__rosidl_typesupport_cpp.dir/rosidl_typesupport_cpp/turtlebot3_msgs/action/patrol__type_support.cpp.o[0m
[16.373s] [35m[1mScanning dependencies of target turtlebot3_msgs__rosidl_typesupport_fastrtps_cpp[0m
[16.593s] [ 25%] [32mBuilding CXX object CMakeFiles/turtlebot3_msgs__rosidl_typesupport_fastrtps_cpp.dir/rosidl_typesupport_fastrtps_cpp/turtlebot3_msgs/msg/detail/dds_fastrtps/sensor_state__type_support.cpp.o[0m
[16.992s] [ 26%] [32m[1mLinking CXX shared library libturtlebot3_msgs__rosidl_typesupport_cpp.so[0m
[17.451s] [ 26%] Built target turtlebot3_msgs__rosidl_typesupport_cpp
[17.574s] [ 28%] [34m[1mGenerating C++ introspection for ROS interfaces[0m
[17.788s] [ 29%] [32mBuilding CXX object CMakeFiles/turtlebot3_msgs__rosidl_typesupport_fastrtps_cpp.dir/rosidl_typesupport_fastrtps_cpp/turtlebot3_msgs/msg/detail/dds_fastrtps/sound__type_support.cpp.o[0m
[18.966s] [ 30%] [32mBuilding CXX object CMakeFiles/turtlebot3_msgs__rosidl_typesupport_fastrtps_cpp.dir/rosidl_typesupport_fastrtps_cpp/turtlebot3_msgs/msg/detail/dds_fastrtps/version_info__type_support.cpp.o[0m
[19.183s] [35m[1mScanning dependencies of target turtlebot3_msgs__rosidl_typesupport_introspection_cpp[0m
[19.319s] [ 32%] [32mBuilding CXX object CMakeFiles/turtlebot3_msgs__rosidl_typesupport_introspection_cpp.dir/rosidl_typesupport_introspection_cpp/turtlebot3_msgs/msg/detail/sensor_state__type_support.cpp.o[0m
[20.194s] [ 33%] [32mBuilding CXX object CMakeFiles/turtlebot3_msgs__rosidl_typesupport_introspection_cpp.dir/rosidl_typesupport_introspection_cpp/turtlebot3_msgs/msg/detail/sound__type_support.cpp.o[0m
[20.514s] [ 35%] [32mBuilding CXX object CMakeFiles/turtlebot3_msgs__rosidl_typesupport_fastrtps_cpp.dir/rosidl_typesupport_fastrtps_cpp/turtlebot3_msgs/srv/detail/dds_fastrtps/sound__type_support.cpp.o[0m
[21.032s] [ 36%] [32mBuilding CXX object CMakeFiles/turtlebot3_msgs__rosidl_typesupport_introspection_cpp.dir/rosidl_typesupport_introspection_cpp/turtlebot3_msgs/msg/detail/version_info__type_support.cpp.o[0m
[21.896s] [ 38%] [32mBuilding CXX object CMakeFiles/turtlebot3_msgs__rosidl_typesupport_introspection_cpp.dir/rosidl_typesupport_introspection_cpp/turtlebot3_msgs/srv/detail/sound__type_support.cpp.o[0m
[22.425s] [ 39%] [32mBuilding CXX object CMakeFiles/turtlebot3_msgs__rosidl_typesupport_fastrtps_cpp.dir/rosidl_typesupport_fastrtps_cpp/turtlebot3_msgs/srv/detail/dds_fastrtps/dqn__type_support.cpp.o[0m
[23.024s] [ 40%] [32mBuilding CXX object CMakeFiles/turtlebot3_msgs__rosidl_typesupport_introspection_cpp.dir/rosidl_typesupport_introspection_cpp/turtlebot3_msgs/srv/detail/dqn__type_support.cpp.o[0m
[23.796s] [ 42%] [32mBuilding CXX object CMakeFiles/turtlebot3_msgs__rosidl_typesupport_introspection_cpp.dir/rosidl_typesupport_introspection_cpp/turtlebot3_msgs/action/detail/patrol__type_support.cpp.o[0m
[24.515s] [ 43%] [32m[1mLinking CXX shared library libturtlebot3_msgs__rosidl_typesupport_introspection_cpp.so[0m
[24.614s] [ 45%] [32mBuilding CXX object CMakeFiles/turtlebot3_msgs__rosidl_typesupport_fastrtps_cpp.dir/rosidl_typesupport_fastrtps_cpp/turtlebot3_msgs/action/detail/dds_fastrtps/patrol__type_support.cpp.o[0m
[24.897s] [ 45%] Built target turtlebot3_msgs__rosidl_typesupport_introspection_cpp
[25.023s] [ 46%] [34m[1mGenerating C type support dispatch for ROS interfaces[0m
[26.172s] [35m[1mScanning dependencies of target turtlebot3_msgs__rosidl_typesupport_c[0m
[26.264s] [ 47%] [32m[1mLinking CXX shared library libturtlebot3_msgs__rosidl_typesupport_fastrtps_cpp.so[0m
[26.324s] [ 49%] [32mBuilding CXX object CMakeFiles/turtlebot3_msgs__rosidl_typesupport_c.dir/rosidl_typesupport_c/turtlebot3_msgs/msg/sensor_state__type_support.cpp.o[0m
[26.474s] [ 50%] [32mBuilding CXX object CMakeFiles/turtlebot3_msgs__rosidl_typesupport_c.dir/rosidl_typesupport_c/turtlebot3_msgs/msg/sound__type_support.cpp.o[0m
[26.752s] [ 50%] Built target turtlebot3_msgs__rosidl_typesupport_fastrtps_cpp
[26.767s] [ 52%] [32mBuilding CXX object CMakeFiles/turtlebot3_msgs__rosidl_typesupport_c.dir/rosidl_typesupport_c/turtlebot3_msgs/msg/version_info__type_support.cpp.o[0m
[26.869s] [ 53%] [34m[1mGenerating C introspection for ROS interfaces[0m
[26.945s] [ 54%] [32mBuilding CXX object CMakeFiles/turtlebot3_msgs__rosidl_typesupport_c.dir/rosidl_typesupport_c/turtlebot3_msgs/srv/sound__type_support.cpp.o[0m
[27.247s] [ 56%] [32mBuilding CXX object CMakeFiles/turtlebot3_msgs__rosidl_typesupport_c.dir/rosidl_typesupport_c/turtlebot3_msgs/srv/dqn__type_support.cpp.o[0m
[27.521s] [ 57%] [32mBuilding CXX object CMakeFiles/turtlebot3_msgs__rosidl_typesupport_c.dir/rosidl_typesupport_c/turtlebot3_msgs/action/patrol__type_support.cpp.o[0m
[27.814s] [ 59%] [32m[1mLinking CXX shared library libturtlebot3_msgs__rosidl_typesupport_c.so[0m
[28.267s] [ 59%] Built target turtlebot3_msgs__rosidl_typesupport_c
[28.364s] [ 60%] [34m[1mGenerating C type support for eProsima Fast-RTPS[0m
[28.674s] [35m[1mScanning dependencies of target turtlebot3_msgs__rosidl_typesupport_introspection_c[0m
[28.853s] [ 61%] [32mBuilding C object CMakeFiles/turtlebot3_msgs__rosidl_typesupport_introspection_c.dir/rosidl_typesupport_introspection_c/turtlebot3_msgs/msg/detail/sensor_state__type_support.c.o[0m
[29.103s] [ 63%] [32mBuilding C object CMakeFiles/turtlebot3_msgs__rosidl_typesupport_introspection_c.dir/rosidl_typesupport_introspection_c/turtlebot3_msgs/msg/detail/sound__type_support.c.o[0m
[29.302s] [ 64%] [32mBuilding C object CMakeFiles/turtlebot3_msgs__rosidl_typesupport_introspection_c.dir/rosidl_typesupport_introspection_c/turtlebot3_msgs/msg/detail/version_info__type_support.c.o[0m
[29.601s] [ 66%] [32mBuilding C object CMakeFiles/turtlebot3_msgs__rosidl_typesupport_introspection_c.dir/rosidl_typesupport_introspection_c/turtlebot3_msgs/srv/detail/sound__type_support.c.o[0m
[29.875s] [ 67%] [32mBuilding C object CMakeFiles/turtlebot3_msgs__rosidl_typesupport_introspection_c.dir/rosidl_typesupport_introspection_c/turtlebot3_msgs/srv/detail/dqn__type_support.c.o[0m
[30.118s] [ 69%] [32mBuilding C object CMakeFiles/turtlebot3_msgs__rosidl_typesupport_introspection_c.dir/rosidl_typesupport_introspection_c/turtlebot3_msgs/action/detail/patrol__type_support.c.o[0m
[30.176s] [35m[1mScanning dependencies of target turtlebot3_msgs__rosidl_typesupport_fastrtps_c[0m
[30.380s] [ 70%] [32m[1mLinking C shared library libturtlebot3_msgs__rosidl_typesupport_introspection_c.so[0m
[30.447s] [ 71%] [32mBuilding CXX object CMakeFiles/turtlebot3_msgs__rosidl_typesupport_fastrtps_c.dir/rosidl_typesupport_fastrtps_c/turtlebot3_msgs/msg/detail/sensor_state__type_support_c.cpp.o[0m
[30.598s] [ 71%] Built target turtlebot3_msgs__rosidl_typesupport_introspection_c
[30.677s] [ 73%] [32mBuilding CXX object CMakeFiles/turtlebot3_msgs__rosidl_typesupport_fastrtps_c.dir/rosidl_typesupport_fastrtps_c/turtlebot3_msgs/msg/detail/sound__type_support_c.cpp.o[0m
[31.873s] [ 74%] [32mBuilding CXX object CMakeFiles/turtlebot3_msgs__rosidl_typesupport_fastrtps_c.dir/rosidl_typesupport_fastrtps_c/turtlebot3_msgs/msg/detail/version_info__type_support_c.cpp.o[0m
[32.068s] [ 76%] [32mBuilding CXX object CMakeFiles/turtlebot3_msgs__rosidl_typesupport_fastrtps_c.dir/rosidl_typesupport_fastrtps_c/turtlebot3_msgs/srv/detail/sound__type_support_c.cpp.o[0m
[32.953s] [ 77%] [32mBuilding CXX object CMakeFiles/turtlebot3_msgs__rosidl_typesupport_fastrtps_c.dir/rosidl_typesupport_fastrtps_c/turtlebot3_msgs/srv/detail/dqn__type_support_c.cpp.o[0m
[33.293s] [ 78%] [32mBuilding CXX object CMakeFiles/turtlebot3_msgs__rosidl_typesupport_fastrtps_c.dir/rosidl_typesupport_fastrtps_c/turtlebot3_msgs/action/detail/patrol__type_support_c.cpp.o[0m
[34.838s] [ 80%] [32m[1mLinking CXX shared library libturtlebot3_msgs__rosidl_typesupport_fastrtps_c.so[0m
[35.216s] [ 80%] Built target turtlebot3_msgs__rosidl_typesupport_fastrtps_c
[35.261s] [35m[1mScanning dependencies of target turtlebot3_msgs[0m
[35.313s] [ 80%] Built target turtlebot3_msgs
[35.355s] [35m[1mScanning dependencies of target turtlebot3_msgs__py[0m
[35.405s] [ 81%] [34m[1mGenerating Python code for ROS interfaces[0m
[37.905s] [ 81%] Built target turtlebot3_msgs__py
[37.952s] [35m[1mScanning dependencies of target turtlebot3_msgs__python[0m
[38.133s] [ 83%] [32mBuilding C object CMakeFiles/turtlebot3_msgs__python.dir/rosidl_generator_py/turtlebot3_msgs/msg/_sensor_state_s.c.o[0m
[38.171s] [ 84%] [32mBuilding C object CMakeFiles/turtlebot3_msgs__python.dir/rosidl_generator_py/turtlebot3_msgs/msg/_sound_s.c.o[0m
[38.458s] [ 85%] [32mBuilding C object CMakeFiles/turtlebot3_msgs__python.dir/rosidl_generator_py/turtlebot3_msgs/msg/_version_info_s.c.o[0m
[38.755s] [ 87%] [32mBuilding C object CMakeFiles/turtlebot3_msgs__python.dir/rosidl_generator_py/turtlebot3_msgs/srv/_dqn_s.c.o[0m
[38.767s] [ 88%] [32mBuilding C object CMakeFiles/turtlebot3_msgs__python.dir/rosidl_generator_py/turtlebot3_msgs/srv/_sound_s.c.o[0m
[39.206s] [ 90%] [32mBuilding C object CMakeFiles/turtlebot3_msgs__python.dir/rosidl_generator_py/turtlebot3_msgs/action/_patrol_s.c.o[0m
[39.559s] [ 91%] [32m[1mLinking C shared library rosidl_generator_py/turtlebot3_msgs/libturtlebot3_msgs__python.so[0m
[39.778s] [ 91%] Built target turtlebot3_msgs__python
[39.822s] [35m[1mScanning dependencies of target turtlebot3_msgs__rosidl_typesupport_fastrtps_c__pyext[0m
[39.948s] [ 92%] [32mBuilding C object CMakeFiles/turtlebot3_msgs__rosidl_typesupport_fastrtps_c__pyext.dir/rosidl_generator_py/turtlebot3_msgs/_turtlebot3_msgs_s.ep.rosidl_typesupport_fastrtps_c.c.o[0m
[40.303s] [ 94%] [32m[1mLinking CXX shared library rosidl_generator_py/turtlebot3_msgs/turtlebot3_msgs_s__rosidl_typesupport_fastrtps_c.cpython-38-x86_64-linux-gnu.so[0m
[40.635s] [ 94%] Built target turtlebot3_msgs__rosidl_typesupport_fastrtps_c__pyext
[40.685s] [35m[1mScanning dependencies of target turtlebot3_msgs__rosidl_typesupport_introspection_c__pyext[0m
[40.804s] [ 95%] [32mBuilding C object CMakeFiles/turtlebot3_msgs__rosidl_typesupport_introspection_c__pyext.dir/rosidl_generator_py/turtlebot3_msgs/_turtlebot3_msgs_s.ep.rosidl_typesupport_introspection_c.c.o[0m
[41.155s] [ 97%] [32m[1mLinking C shared library rosidl_generator_py/turtlebot3_msgs/turtlebot3_msgs_s__rosidl_typesupport_introspection_c.cpython-38-x86_64-linux-gnu.so[0m
[41.355s] [ 97%] Built target turtlebot3_msgs__rosidl_typesupport_introspection_c__pyext
[41.398s] [35m[1mScanning dependencies of target turtlebot3_msgs__rosidl_typesupport_c__pyext[0m
[41.495s] [ 98%] [32mBuilding C object CMakeFiles/turtlebot3_msgs__rosidl_typesupport_c__pyext.dir/rosidl_generator_py/turtlebot3_msgs/_turtlebot3_msgs_s.ep.rosidl_typesupport_c.c.o[0m
[41.827s] [100%] [32m[1mLinking C shared library rosidl_generator_py/turtlebot3_msgs/turtlebot3_msgs_s__rosidl_typesupport_c.cpython-38-x86_64-linux-gnu.so[0m
[42.024s] [100%] Built target turtlebot3_msgs__rosidl_typesupport_c__pyext
[42.073s] Invoked command in '/home/y/SA_CAO_test_ws/build/turtlebot3_msgs' returned '0': CMAKE_PREFIX_PATH=/home/y/SA_CAO_test_ws/install/turtlebot3:/home/y/SA_CAO_test_ws/install/turtlebot3_simulations:/home/y/SA_CAO_test_ws/install/turtlebot3_bringup:/home/y/SA_CAO_test_ws/install/turtlebot3_node:/home/y/SA_CAO_test_ws/install/turtlebot3_navigation2:/home/y/SA_CAO_test_ws/install/turtlebot3_fake_node:/home/y/SA_CAO_test_ws/install/turtlebot3_msgs:/home/y/SA_CAO_test_ws/install/turtlebot3_gazebo:/home/y/SA_CAO_test_ws/install/turtlebot3_description:/home/y/SA_CAO_test_ws/install/turtlebot3_cartographer:/home/y/SA_CAO_test_ws/install/sub_diablo2023a:/home/y/SA_CAO_test_ws/install/motion_msgs:/home/y/SA_CAO_test_ws/install/hls_lfcd_lds_driver:/home/y/SA_CAO_test_ws/install/dynamixel_sdk_examples:/home/y/SA_CAO_test_ws/install/dynamixel_sdk_custom_interfaces:/home/y/SA_CAO_test_ws/install/dynamixel_sdk:/home/y/SA_CAO_test_ws/install/turtlebot3_teleop:/home/y/SA_CAO_test_ws/install/turtlebot3_example:/home/y/SA_CAO_test_ws/install/my_joystick:/home/y/SA_CAO_test_ws/install/launch_diablo:/opt/ros/foxy:/home/y/oradar_ros/install/oradar_lidar /usr/bin/cmake --build /home/y/SA_CAO_test_ws/build/turtlebot3_msgs -- -j2 -l2
[42.085s] Invoking command in '/home/y/SA_CAO_test_ws/build/turtlebot3_msgs': CMAKE_PREFIX_PATH=/home/y/SA_CAO_test_ws/install/turtlebot3:/home/y/SA_CAO_test_ws/install/turtlebot3_simulations:/home/y/SA_CAO_test_ws/install/turtlebot3_bringup:/home/y/SA_CAO_test_ws/install/turtlebot3_node:/home/y/SA_CAO_test_ws/install/turtlebot3_navigation2:/home/y/SA_CAO_test_ws/install/turtlebot3_fake_node:/home/y/SA_CAO_test_ws/install/turtlebot3_msgs:/home/y/SA_CAO_test_ws/install/turtlebot3_gazebo:/home/y/SA_CAO_test_ws/install/turtlebot3_description:/home/y/SA_CAO_test_ws/install/turtlebot3_cartographer:/home/y/SA_CAO_test_ws/install/sub_diablo2023a:/home/y/SA_CAO_test_ws/install/motion_msgs:/home/y/SA_CAO_test_ws/install/hls_lfcd_lds_driver:/home/y/SA_CAO_test_ws/install/dynamixel_sdk_examples:/home/y/SA_CAO_test_ws/install/dynamixel_sdk_custom_interfaces:/home/y/SA_CAO_test_ws/install/dynamixel_sdk:/home/y/SA_CAO_test_ws/install/turtlebot3_teleop:/home/y/SA_CAO_test_ws/install/turtlebot3_example:/home/y/SA_CAO_test_ws/install/my_joystick:/home/y/SA_CAO_test_ws/install/launch_diablo:/opt/ros/foxy:/home/y/oradar_ros/install/oradar_lidar /usr/bin/cmake --install /home/y/SA_CAO_test_ws/build/turtlebot3_msgs
[42.127s] -- Install configuration: ""
[42.127s] -- Installing: /home/y/SA_CAO_test_ws/install/turtlebot3_msgs/share/ament_index/resource_index/rosidl_interfaces/turtlebot3_msgs
[42.128s] -- Installing: /home/y/SA_CAO_test_ws/install/turtlebot3_msgs/include/turtlebot3_msgs
[42.129s] -- Installing: /home/y/SA_CAO_test_ws/install/turtlebot3_msgs/include/turtlebot3_msgs/srv
[42.129s] -- Installing: /home/y/SA_CAO_test_ws/install/turtlebot3_msgs/include/turtlebot3_msgs/srv/sound.h
[42.129s] -- Installing: /home/y/SA_CAO_test_ws/install/turtlebot3_msgs/include/turtlebot3_msgs/srv/detail
[42.130s] -- Installing: /home/y/SA_CAO_test_ws/install/turtlebot3_msgs/include/turtlebot3_msgs/srv/detail/sound__type_support.h
[42.130s] -- Installing: /home/y/SA_CAO_test_ws/install/turtlebot3_msgs/include/turtlebot3_msgs/srv/detail/sound__functions.c
[42.131s] -- Installing: /home/y/SA_CAO_test_ws/install/turtlebot3_msgs/include/turtlebot3_msgs/srv/detail/dqn__struct.h
[42.131s] -- Installing: /home/y/SA_CAO_test_ws/install/turtlebot3_msgs/include/turtlebot3_msgs/srv/detail/sound__struct.h
[42.132s] -- Installing: /home/y/SA_CAO_test_ws/install/turtlebot3_msgs/include/turtlebot3_msgs/srv/detail/dqn__type_support.h
[42.133s] -- Installing: /home/y/SA_CAO_test_ws/install/turtlebot3_msgs/include/turtlebot3_msgs/srv/detail/sound__functions.h
[42.134s] -- Installing: /home/y/SA_CAO_test_ws/install/turtlebot3_msgs/include/turtlebot3_msgs/srv/detail/dqn__functions.h
[42.134s] -- Installing: /home/y/SA_CAO_test_ws/install/turtlebot3_msgs/include/turtlebot3_msgs/srv/detail/dqn__functions.c
[42.135s] -- Installing: /home/y/SA_CAO_test_ws/install/turtlebot3_msgs/include/turtlebot3_msgs/srv/dqn.h
[42.136s] -- Installing: /home/y/SA_CAO_test_ws/install/turtlebot3_msgs/include/turtlebot3_msgs/action
[42.136s] -- Installing: /home/y/SA_CAO_test_ws/install/turtlebot3_msgs/include/turtlebot3_msgs/action/patrol.h
[42.137s] -- Installing: /home/y/SA_CAO_test_ws/install/turtlebot3_msgs/include/turtlebot3_msgs/action/detail
[42.137s] -- Installing: /home/y/SA_CAO_test_ws/install/turtlebot3_msgs/include/turtlebot3_msgs/action/detail/patrol__struct.h
[42.138s] -- Installing: /home/y/SA_CAO_test_ws/install/turtlebot3_msgs/include/turtlebot3_msgs/action/detail/patrol__type_support.h
[42.139s] -- Installing: /home/y/SA_CAO_test_ws/install/turtlebot3_msgs/include/turtlebot3_msgs/action/detail/patrol__functions.c
[42.140s] -- Installing: /home/y/SA_CAO_test_ws/install/turtlebot3_msgs/include/turtlebot3_msgs/action/detail/patrol__functions.h
[42.141s] -- Installing: /home/y/SA_CAO_test_ws/install/turtlebot3_msgs/include/turtlebot3_msgs/msg
[42.141s] -- Installing: /home/y/SA_CAO_test_ws/install/turtlebot3_msgs/include/turtlebot3_msgs/msg/sound.h
[42.142s] -- Installing: /home/y/SA_CAO_test_ws/install/turtlebot3_msgs/include/turtlebot3_msgs/msg/rosidl_generator_c__visibility_control.h
[42.143s] -- Installing: /home/y/SA_CAO_test_ws/install/turtlebot3_msgs/include/turtlebot3_msgs/msg/sensor_state.h
[42.144s] -- Installing: /home/y/SA_CAO_test_ws/install/turtlebot3_msgs/include/turtlebot3_msgs/msg/version_info.h
[42.144s] -- Installing: /home/y/SA_CAO_test_ws/install/turtlebot3_msgs/include/turtlebot3_msgs/msg/detail
[42.145s] -- Installing: /home/y/SA_CAO_test_ws/install/turtlebot3_msgs/include/turtlebot3_msgs/msg/detail/sound__type_support.h
[42.146s] -- Installing: /home/y/SA_CAO_test_ws/install/turtlebot3_msgs/include/turtlebot3_msgs/msg/detail/version_info__functions.c
[42.146s] -- Installing: /home/y/SA_CAO_test_ws/install/turtlebot3_msgs/include/turtlebot3_msgs/msg/detail/sound__functions.c
[42.147s] -- Installing: /home/y/SA_CAO_test_ws/install/turtlebot3_msgs/include/turtlebot3_msgs/msg/detail/sensor_state__type_support.h
[42.148s] -- Installing: /home/y/SA_CAO_test_ws/install/turtlebot3_msgs/include/turtlebot3_msgs/msg/detail/version_info__struct.h
[42.149s] -- Installing: /home/y/SA_CAO_test_ws/install/turtlebot3_msgs/include/turtlebot3_msgs/msg/detail/version_info__functions.h
[42.150s] -- Installing: /home/y/SA_CAO_test_ws/install/turtlebot3_msgs/include/turtlebot3_msgs/msg/detail/sound__struct.h
[42.152s] -- Installing: /home/y/SA_CAO_test_ws/install/turtlebot3_msgs/include/turtlebot3_msgs/msg/detail/sensor_state__functions.c
[42.153s] -- Installing: /home/y/SA_CAO_test_ws/install/turtlebot3_msgs/include/turtlebot3_msgs/msg/detail/sound__functions.h
[42.153s] -- Installing: /home/y/SA_CAO_test_ws/install/turtlebot3_msgs/include/turtlebot3_msgs/msg/detail/sensor_state__struct.h
[42.153s] -- Installing: /home/y/SA_CAO_test_ws/install/turtlebot3_msgs/include/turtlebot3_msgs/msg/detail/version_info__type_support.h
[42.154s] -- Installing: /home/y/SA_CAO_test_ws/install/turtlebot3_msgs/include/turtlebot3_msgs/msg/detail/sensor_state__functions.h
[42.154s] -- Installing: /home/y/SA_CAO_test_ws/install/turtlebot3_msgs/share/turtlebot3_msgs/environment/library_path.sh
[42.156s] -- Installing: /home/y/SA_CAO_test_ws/install/turtlebot3_msgs/share/turtlebot3_msgs/environment/library_path.dsv
[42.156s] -- Installing: /home/y/SA_CAO_test_ws/install/turtlebot3_msgs/lib/libturtlebot3_msgs__rosidl_generator_c.so
[42.161s] -- Set runtime path of "/home/y/SA_CAO_test_ws/install/turtlebot3_msgs/lib/libturtlebot3_msgs__rosidl_generator_c.so" to ""
[42.162s] -- Up-to-date: /home/y/SA_CAO_test_ws/install/turtlebot3_msgs/include/turtlebot3_msgs
[42.162s] -- Up-to-date: /home/y/SA_CAO_test_ws/install/turtlebot3_msgs/include/turtlebot3_msgs/srv
[42.164s] -- Up-to-date: /home/y/SA_CAO_test_ws/install/turtlebot3_msgs/include/turtlebot3_msgs/srv/detail
[42.166s] -- Installing: /home/y/SA_CAO_test_ws/install/turtlebot3_msgs/include/turtlebot3_msgs/srv/detail/sound__rosidl_typesupport_fastrtps_c.h
[42.166s] -- Installing: /home/y/SA_CAO_test_ws/install/turtlebot3_msgs/include/turtlebot3_msgs/srv/detail/dqn__rosidl_typesupport_fastrtps_c.h
[42.167s] -- Up-to-date: /home/y/SA_CAO_test_ws/install/turtlebot3_msgs/include/turtlebot3_msgs/action
[42.167s] -- Up-to-date: /home/y/SA_CAO_test_ws/install/turtlebot3_msgs/include/turtlebot3_msgs/action/detail
[42.167s] -- Installing: /home/y/SA_CAO_test_ws/install/turtlebot3_msgs/include/turtlebot3_msgs/action/detail/patrol__rosidl_typesupport_fastrtps_c.h
[42.167s] -- Up-to-date: /home/y/SA_CAO_test_ws/install/turtlebot3_msgs/include/turtlebot3_msgs/msg
[42.167s] -- Up-to-date: /home/y/SA_CAO_test_ws/install/turtlebot3_msgs/include/turtlebot3_msgs/msg/detail
[42.168s] -- Installing: /home/y/SA_CAO_test_ws/install/turtlebot3_msgs/include/turtlebot3_msgs/msg/detail/sound__rosidl_typesupport_fastrtps_c.h
[42.168s] -- Installing: /home/y/SA_CAO_test_ws/install/turtlebot3_msgs/include/turtlebot3_msgs/msg/detail/sensor_state__rosidl_typesupport_fastrtps_c.h
[42.168s] -- Installing: /home/y/SA_CAO_test_ws/install/turtlebot3_msgs/include/turtlebot3_msgs/msg/detail/version_info__rosidl_typesupport_fastrtps_c.h
[42.168s] -- Installing: /home/y/SA_CAO_test_ws/install/turtlebot3_msgs/include/turtlebot3_msgs/msg/rosidl_typesupport_fastrtps_c__visibility_control.h
[42.169s] -- Installing: /home/y/SA_CAO_test_ws/install/turtlebot3_msgs/lib/libturtlebot3_msgs__rosidl_typesupport_fastrtps_c.so
[42.173s] -- Set runtime path of "/home/y/SA_CAO_test_ws/install/turtlebot3_msgs/lib/libturtlebot3_msgs__rosidl_typesupport_fastrtps_c.so" to ""
[42.174s] -- Up-to-date: /home/y/SA_CAO_test_ws/install/turtlebot3_msgs/include/turtlebot3_msgs
[42.174s] -- Up-to-date: /home/y/SA_CAO_test_ws/install/turtlebot3_msgs/include/turtlebot3_msgs/srv
[42.174s] -- Up-to-date: /home/y/SA_CAO_test_ws/install/turtlebot3_msgs/include/turtlebot3_msgs/srv/detail
[42.175s] -- Installing: /home/y/SA_CAO_test_ws/install/turtlebot3_msgs/include/turtlebot3_msgs/srv/detail/dds_fastrtps
[42.175s] -- Installing: /home/y/SA_CAO_test_ws/install/turtlebot3_msgs/include/turtlebot3_msgs/srv/detail/sound__rosidl_typesupport_fastrtps_cpp.hpp
[42.176s] -- Installing: /home/y/SA_CAO_test_ws/install/turtlebot3_msgs/include/turtlebot3_msgs/srv/detail/dqn__rosidl_typesupport_fastrtps_cpp.hpp
[42.177s] -- Up-to-date: /home/y/SA_CAO_test_ws/install/turtlebot3_msgs/include/turtlebot3_msgs/action
[42.177s] -- Up-to-date: /home/y/SA_CAO_test_ws/install/turtlebot3_msgs/include/turtlebot3_msgs/action/detail
[42.178s] -- Installing: /home/y/SA_CAO_test_ws/install/turtlebot3_msgs/include/turtlebot3_msgs/action/detail/dds_fastrtps
[42.178s] -- Installing: /home/y/SA_CAO_test_ws/install/turtlebot3_msgs/include/turtlebot3_msgs/action/detail/patrol__rosidl_typesupport_fastrtps_cpp.hpp
[42.179s] -- Up-to-date: /home/y/SA_CAO_test_ws/install/turtlebot3_msgs/include/turtlebot3_msgs/msg
[42.179s] -- Installing: /home/y/SA_CAO_test_ws/install/turtlebot3_msgs/include/turtlebot3_msgs/msg/rosidl_typesupport_fastrtps_cpp__visibility_control.h
[42.180s] -- Up-to-date: /home/y/SA_CAO_test_ws/install/turtlebot3_msgs/include/turtlebot3_msgs/msg/detail
[42.181s] -- Installing: /home/y/SA_CAO_test_ws/install/turtlebot3_msgs/include/turtlebot3_msgs/msg/detail/dds_fastrtps
[42.181s] -- Installing: /home/y/SA_CAO_test_ws/install/turtlebot3_msgs/include/turtlebot3_msgs/msg/detail/sound__rosidl_typesupport_fastrtps_cpp.hpp
[42.181s] -- Installing: /home/y/SA_CAO_test_ws/install/turtlebot3_msgs/include/turtlebot3_msgs/msg/detail/sensor_state__rosidl_typesupport_fastrtps_cpp.hpp
[42.182s] -- Installing: /home/y/SA_CAO_test_ws/install/turtlebot3_msgs/include/turtlebot3_msgs/msg/detail/version_info__rosidl_typesupport_fastrtps_cpp.hpp
[42.183s] -- Installing: /home/y/SA_CAO_test_ws/install/turtlebot3_msgs/lib/libturtlebot3_msgs__rosidl_typesupport_fastrtps_cpp.so
[42.187s] -- Set runtime path of "/home/y/SA_CAO_test_ws/install/turtlebot3_msgs/lib/libturtlebot3_msgs__rosidl_typesupport_fastrtps_cpp.so" to ""
[42.188s] -- Up-to-date: /home/y/SA_CAO_test_ws/install/turtlebot3_msgs/include/turtlebot3_msgs
[42.188s] -- Up-to-date: /home/y/SA_CAO_test_ws/install/turtlebot3_msgs/include/turtlebot3_msgs/srv
[42.188s] -- Up-to-date: /home/y/SA_CAO_test_ws/install/turtlebot3_msgs/include/turtlebot3_msgs/srv/detail
[42.189s] -- Installing: /home/y/SA_CAO_test_ws/install/turtlebot3_msgs/include/turtlebot3_msgs/srv/detail/dqn__rosidl_typesupport_introspection_c.h
[42.189s] -- Installing: /home/y/SA_CAO_test_ws/install/turtlebot3_msgs/include/turtlebot3_msgs/srv/detail/sound__rosidl_typesupport_introspection_c.h
[42.190s] -- Installing: /home/y/SA_CAO_test_ws/install/turtlebot3_msgs/include/turtlebot3_msgs/srv/detail/dqn__type_support.c
[42.191s] -- Installing: /home/y/SA_CAO_test_ws/install/turtlebot3_msgs/include/turtlebot3_msgs/srv/detail/sound__type_support.c
[42.191s] -- Up-to-date: /home/y/SA_CAO_test_ws/install/turtlebot3_msgs/include/turtlebot3_msgs/action
[42.192s] -- Up-to-date: /home/y/SA_CAO_test_ws/install/turtlebot3_msgs/include/turtlebot3_msgs/action/detail
[42.192s] -- Installing: /home/y/SA_CAO_test_ws/install/turtlebot3_msgs/include/turtlebot3_msgs/action/detail/patrol__rosidl_typesupport_introspection_c.h
[42.192s] -- Installing: /home/y/SA_CAO_test_ws/install/turtlebot3_msgs/include/turtlebot3_msgs/action/detail/patrol__type_support.c
[42.194s] -- Up-to-date: /home/y/SA_CAO_test_ws/install/turtlebot3_msgs/include/turtlebot3_msgs/msg
[42.194s] -- Installing: /home/y/SA_CAO_test_ws/install/turtlebot3_msgs/include/turtlebot3_msgs/msg/rosidl_typesupport_introspection_c__visibility_control.h
[42.195s] -- Up-to-date: /home/y/SA_CAO_test_ws/install/turtlebot3_msgs/include/turtlebot3_msgs/msg/detail
[42.195s] -- Installing: /home/y/SA_CAO_test_ws/install/turtlebot3_msgs/include/turtlebot3_msgs/msg/detail/sound__rosidl_typesupport_introspection_c.h
[42.196s] -- Installing: /home/y/SA_CAO_test_ws/install/turtlebot3_msgs/include/turtlebot3_msgs/msg/detail/version_info__type_support.c
[42.197s] -- Installing: /home/y/SA_CAO_test_ws/install/turtlebot3_msgs/include/turtlebot3_msgs/msg/detail/sensor_state__rosidl_typesupport_introspection_c.h
[42.197s] -- Installing: /home/y/SA_CAO_test_ws/install/turtlebot3_msgs/include/turtlebot3_msgs/msg/detail/version_info__rosidl_typesupport_introspection_c.h
[42.198s] -- Installing: /home/y/SA_CAO_test_ws/install/turtlebot3_msgs/include/turtlebot3_msgs/msg/detail/sound__type_support.c
[42.199s] -- Installing: /home/y/SA_CAO_test_ws/install/turtlebot3_msgs/include/turtlebot3_msgs/msg/detail/sensor_state__type_support.c
[42.200s] -- Installing: /home/y/SA_CAO_test_ws/install/turtlebot3_msgs/lib/libturtlebot3_msgs__rosidl_typesupport_introspection_c.so
[42.205s] -- Set runtime path of "/home/y/SA_CAO_test_ws/install/turtlebot3_msgs/lib/libturtlebot3_msgs__rosidl_typesupport_introspection_c.so" to ""
[42.206s] -- Installing: /home/y/SA_CAO_test_ws/install/turtlebot3_msgs/lib/libturtlebot3_msgs__rosidl_typesupport_c.so
[42.210s] -- Set runtime path of "/home/y/SA_CAO_test_ws/install/turtlebot3_msgs/lib/libturtlebot3_msgs__rosidl_typesupport_c.so" to ""
[42.210s] -- Up-to-date: /home/y/SA_CAO_test_ws/install/turtlebot3_msgs/include/turtlebot3_msgs
[42.211s] -- Up-to-date: /home/y/SA_CAO_test_ws/install/turtlebot3_msgs/include/turtlebot3_msgs/srv
[42.211s] -- Installing: /home/y/SA_CAO_test_ws/install/turtlebot3_msgs/include/turtlebot3_msgs/srv/sound.hpp
[42.212s] -- Installing: /home/y/SA_CAO_test_ws/install/turtlebot3_msgs/include/turtlebot3_msgs/srv/dqn.hpp
[42.212s] -- Up-to-date: /home/y/SA_CAO_test_ws/install/turtlebot3_msgs/include/turtlebot3_msgs/srv/detail
[42.213s] -- Installing: /home/y/SA_CAO_test_ws/install/turtlebot3_msgs/include/turtlebot3_msgs/srv/detail/sound__type_support.hpp
[42.214s] -- Installing: /home/y/SA_CAO_test_ws/install/turtlebot3_msgs/include/turtlebot3_msgs/srv/detail/dqn__builder.hpp
[42.214s] -- Installing: /home/y/SA_CAO_test_ws/install/turtlebot3_msgs/include/turtlebot3_msgs/srv/detail/dqn__type_support.hpp
[42.215s] -- Installing: /home/y/SA_CAO_test_ws/install/turtlebot3_msgs/include/turtlebot3_msgs/srv/detail/sound__builder.hpp
[42.216s] -- Installing: /home/y/SA_CAO_test_ws/install/turtlebot3_msgs/include/turtlebot3_msgs/srv/detail/sound__traits.hpp
[42.217s] -- Installing: /home/y/SA_CAO_test_ws/install/turtlebot3_msgs/include/turtlebot3_msgs/srv/detail/dqn__struct.hpp
[42.217s] -- Installing: /home/y/SA_CAO_test_ws/install/turtlebot3_msgs/include/turtlebot3_msgs/srv/detail/sound__struct.hpp
[42.218s] -- Installing: /home/y/SA_CAO_test_ws/install/turtlebot3_msgs/include/turtlebot3_msgs/srv/detail/dqn__traits.hpp
[42.219s] -- Up-to-date: /home/y/SA_CAO_test_ws/install/turtlebot3_msgs/include/turtlebot3_msgs/action
[42.219s] -- Installing: /home/y/SA_CAO_test_ws/install/turtlebot3_msgs/include/turtlebot3_msgs/action/patrol.hpp
[42.220s] -- Up-to-date: /home/y/SA_CAO_test_ws/install/turtlebot3_msgs/include/turtlebot3_msgs/action/detail
[42.220s] -- Installing: /home/y/SA_CAO_test_ws/install/turtlebot3_msgs/include/turtlebot3_msgs/action/detail/patrol__builder.hpp
[42.221s] -- Installing: /home/y/SA_CAO_test_ws/install/turtlebot3_msgs/include/turtlebot3_msgs/action/detail/patrol__type_support.hpp
[42.222s] -- Installing: /home/y/SA_CAO_test_ws/install/turtlebot3_msgs/include/turtlebot3_msgs/action/detail/patrol__traits.hpp
[42.223s] -- Installing: /home/y/SA_CAO_test_ws/install/turtlebot3_msgs/include/turtlebot3_msgs/action/detail/patrol__struct.hpp
[42.224s] -- Up-to-date: /home/y/SA_CAO_test_ws/install/turtlebot3_msgs/include/turtlebot3_msgs/msg
[42.225s] -- Installing: /home/y/SA_CAO_test_ws/install/turtlebot3_msgs/include/turtlebot3_msgs/msg/sound.hpp
[42.225s] -- Installing: /home/y/SA_CAO_test_ws/install/turtlebot3_msgs/include/turtlebot3_msgs/msg/rosidl_generator_cpp__visibility_control.hpp
[42.226s] -- Installing: /home/y/SA_CAO_test_ws/install/turtlebot3_msgs/include/turtlebot3_msgs/msg/sensor_state.hpp
[42.226s] -- Installing: /home/y/SA_CAO_test_ws/install/turtlebot3_msgs/include/turtlebot3_msgs/msg/version_info.hpp
[42.227s] -- Up-to-date: /home/y/SA_CAO_test_ws/install/turtlebot3_msgs/include/turtlebot3_msgs/msg/detail
[42.227s] -- Installing: /home/y/SA_CAO_test_ws/install/turtlebot3_msgs/include/turtlebot3_msgs/msg/detail/version_info__traits.hpp
[42.227s] -- Installing: /home/y/SA_CAO_test_ws/install/turtlebot3_msgs/include/turtlebot3_msgs/msg/detail/sound__type_support.hpp
[42.229s] -- Installing: /home/y/SA_CAO_test_ws/install/turtlebot3_msgs/include/turtlebot3_msgs/msg/detail/version_info__struct.hpp
[42.229s] -- Installing: /home/y/SA_CAO_test_ws/install/turtlebot3_msgs/include/turtlebot3_msgs/msg/detail/sensor_state__struct.hpp
[42.230s] -- Installing: /home/y/SA_CAO_test_ws/install/turtlebot3_msgs/include/turtlebot3_msgs/msg/detail/sensor_state__traits.hpp
[42.230s] -- Installing: /home/y/SA_CAO_test_ws/install/turtlebot3_msgs/include/turtlebot3_msgs/msg/detail/sound__builder.hpp
[42.230s] -- Installing: /home/y/SA_CAO_test_ws/install/turtlebot3_msgs/include/turtlebot3_msgs/msg/detail/sound__traits.hpp
[42.230s] -- Installing: /home/y/SA_CAO_test_ws/install/turtlebot3_msgs/include/turtlebot3_msgs/msg/detail/sensor_state__type_support.hpp
[42.231s] -- Installing: /home/y/SA_CAO_test_ws/install/turtlebot3_msgs/include/turtlebot3_msgs/msg/detail/sound__struct.hpp
[42.232s] -- Installing: /home/y/SA_CAO_test_ws/install/turtlebot3_msgs/include/turtlebot3_msgs/msg/detail/sensor_state__builder.hpp
[42.232s] -- Installing: /home/y/SA_CAO_test_ws/install/turtlebot3_msgs/include/turtlebot3_msgs/msg/detail/version_info__builder.hpp
[42.233s] -- Installing: /home/y/SA_CAO_test_ws/install/turtlebot3_msgs/include/turtlebot3_msgs/msg/detail/version_info__type_support.hpp
[42.234s] -- Up-to-date: /home/y/SA_CAO_test_ws/install/turtlebot3_msgs/include/turtlebot3_msgs
[42.234s] -- Up-to-date: /home/y/SA_CAO_test_ws/install/turtlebot3_msgs/include/turtlebot3_msgs/srv
[42.234s] -- Up-to-date: /home/y/SA_CAO_test_ws/install/turtlebot3_msgs/include/turtlebot3_msgs/srv/detail
[42.235s] -- Installing: /home/y/SA_CAO_test_ws/install/turtlebot3_msgs/include/turtlebot3_msgs/srv/detail/sound__rosidl_typesupport_introspection_cpp.hpp
[42.235s] -- Installing: /home/y/SA_CAO_test_ws/install/turtlebot3_msgs/include/turtlebot3_msgs/srv/detail/dqn__type_support.cpp
[42.235s] -- Installing: /home/y/SA_CAO_test_ws/install/turtlebot3_msgs/include/turtlebot3_msgs/srv/detail/sound__type_support.cpp
[42.240s] -- Installing: /home/y/SA_CAO_test_ws/install/turtlebot3_msgs/include/turtlebot3_msgs/srv/detail/dqn__rosidl_typesupport_introspection_cpp.hpp
[42.240s] -- Up-to-date: /home/y/SA_CAO_test_ws/install/turtlebot3_msgs/include/turtlebot3_msgs/action
[42.241s] -- Up-to-date: /home/y/SA_CAO_test_ws/install/turtlebot3_msgs/include/turtlebot3_msgs/action/detail
[42.241s] -- Installing: /home/y/SA_CAO_test_ws/install/turtlebot3_msgs/include/turtlebot3_msgs/action/detail/patrol__rosidl_typesupport_introspection_cpp.hpp
[42.241s] -- Installing: /home/y/SA_CAO_test_ws/install/turtlebot3_msgs/include/turtlebot3_msgs/action/detail/patrol__type_support.cpp
[42.242s] -- Up-to-date: /home/y/SA_CAO_test_ws/install/turtlebot3_msgs/include/turtlebot3_msgs/msg
[42.242s] -- Up-to-date: /home/y/SA_CAO_test_ws/install/turtlebot3_msgs/include/turtlebot3_msgs/msg/detail
[42.242s] -- Installing: /home/y/SA_CAO_test_ws/install/turtlebot3_msgs/include/turtlebot3_msgs/msg/detail/sound__rosidl_typesupport_introspection_cpp.hpp
[42.242s] -- Installing: /home/y/SA_CAO_test_ws/install/turtlebot3_msgs/include/turtlebot3_msgs/msg/detail/sound__type_support.cpp
[42.242s] -- Installing: /home/y/SA_CAO_test_ws/install/turtlebot3_msgs/include/turtlebot3_msgs/msg/detail/sensor_state__rosidl_typesupport_introspection_cpp.hpp
[42.243s] -- Installing: /home/y/SA_CAO_test_ws/install/turtlebot3_msgs/include/turtlebot3_msgs/msg/detail/version_info__type_support.cpp
[42.243s] -- Installing: /home/y/SA_CAO_test_ws/install/turtlebot3_msgs/include/turtlebot3_msgs/msg/detail/sensor_state__type_support.cpp
[42.243s] -- Installing: /home/y/SA_CAO_test_ws/install/turtlebot3_msgs/include/turtlebot3_msgs/msg/detail/version_info__rosidl_typesupport_introspection_cpp.hpp
[42.243s] -- Installing: /home/y/SA_CAO_test_ws/install/turtlebot3_msgs/lib/libturtlebot3_msgs__rosidl_typesupport_introspection_cpp.so
[42.247s] -- Set runtime path of "/home/y/SA_CAO_test_ws/install/turtlebot3_msgs/lib/libturtlebot3_msgs__rosidl_typesupport_introspection_cpp.so" to ""
[42.248s] -- Installing: /home/y/SA_CAO_test_ws/install/turtlebot3_msgs/lib/libturtlebot3_msgs__rosidl_typesupport_cpp.so
[42.253s] -- Set runtime path of "/home/y/SA_CAO_test_ws/install/turtlebot3_msgs/lib/libturtlebot3_msgs__rosidl_typesupport_cpp.so" to ""
[42.253s] -- Installing: /home/y/SA_CAO_test_ws/install/turtlebot3_msgs/share/turtlebot3_msgs/environment/pythonpath.sh
[42.254s] -- Installing: /home/y/SA_CAO_test_ws/install/turtlebot3_msgs/share/turtlebot3_msgs/environment/pythonpath.dsv
[42.254s] -- Installing: /home/y/SA_CAO_test_ws/install/turtlebot3_msgs/lib/python3.8/site-packages/turtlebot3_msgs/__init__.py
[42.334s] Compiling '/home/y/SA_CAO_test_ws/install/turtlebot3_msgs/lib/python3.8/site-packages/turtlebot3_msgs/__init__.py'...
[42.338s] -- Installing: /home/y/SA_CAO_test_ws/install/turtlebot3_msgs/lib/python3.8/site-packages/turtlebot3_msgs/msg
[42.339s] -- Installing: /home/y/SA_CAO_test_ws/install/turtlebot3_msgs/lib/python3.8/site-packages/turtlebot3_msgs/msg/_version_info_s.c
[42.340s] -- Installing: /home/y/SA_CAO_test_ws/install/turtlebot3_msgs/lib/python3.8/site-packages/turtlebot3_msgs/msg/_version_info.py
[42.341s] -- Installing: /home/y/SA_CAO_test_ws/install/turtlebot3_msgs/lib/python3.8/site-packages/turtlebot3_msgs/msg/__init__.py
[42.341s] -- Installing: /home/y/SA_CAO_test_ws/install/turtlebot3_msgs/lib/python3.8/site-packages/turtlebot3_msgs/msg/_sound.py
[42.343s] -- Installing: /home/y/SA_CAO_test_ws/install/turtlebot3_msgs/lib/python3.8/site-packages/turtlebot3_msgs/msg/_sensor_state_s.c
[42.344s] -- Installing: /home/y/SA_CAO_test_ws/install/turtlebot3_msgs/lib/python3.8/site-packages/turtlebot3_msgs/msg/_sensor_state.py
[42.344s] -- Installing: /home/y/SA_CAO_test_ws/install/turtlebot3_msgs/lib/python3.8/site-packages/turtlebot3_msgs/msg/_sound_s.c
[42.345s] -- Installing: /home/y/SA_CAO_test_ws/install/turtlebot3_msgs/lib/python3.8/site-packages/turtlebot3_msgs/srv
[42.346s] -- Installing: /home/y/SA_CAO_test_ws/install/turtlebot3_msgs/lib/python3.8/site-packages/turtlebot3_msgs/srv/_dqn_s.c
[42.350s] -- Installing: /home/y/SA_CAO_test_ws/install/turtlebot3_msgs/lib/python3.8/site-packages/turtlebot3_msgs/srv/_dqn.py
[42.351s] -- Installing: /home/y/SA_CAO_test_ws/install/turtlebot3_msgs/lib/python3.8/site-packages/turtlebot3_msgs/srv/__init__.py
[42.352s] -- Installing: /home/y/SA_CAO_test_ws/install/turtlebot3_msgs/lib/python3.8/site-packages/turtlebot3_msgs/srv/_sound.py
[42.353s] -- Installing: /home/y/SA_CAO_test_ws/install/turtlebot3_msgs/lib/python3.8/site-packages/turtlebot3_msgs/srv/_sound_s.c
[42.354s] -- Installing: /home/y/SA_CAO_test_ws/install/turtlebot3_msgs/lib/python3.8/site-packages/turtlebot3_msgs/action
[42.355s] -- Installing: /home/y/SA_CAO_test_ws/install/turtlebot3_msgs/lib/python3.8/site-packages/turtlebot3_msgs/action/_patrol_s.c
[42.356s] -- Installing: /home/y/SA_CAO_test_ws/install/turtlebot3_msgs/lib/python3.8/site-packages/turtlebot3_msgs/action/__init__.py
[42.357s] -- Installing: /home/y/SA_CAO_test_ws/install/turtlebot3_msgs/lib/python3.8/site-packages/turtlebot3_msgs/action/_patrol.py
[42.359s] -- Installing: /home/y/SA_CAO_test_ws/install/turtlebot3_msgs/lib/python3.8/site-packages/turtlebot3_msgs/turtlebot3_msgs_s__rosidl_typesupport_fastrtps_c.cpython-38-x86_64-linux-gnu.so
[42.363s] -- Set runtime path of "/home/y/SA_CAO_test_ws/install/turtlebot3_msgs/lib/python3.8/site-packages/turtlebot3_msgs/turtlebot3_msgs_s__rosidl_typesupport_fastrtps_c.cpython-38-x86_64-linux-gnu.so" to ""
[42.364s] -- Installing: /home/y/SA_CAO_test_ws/install/turtlebot3_msgs/lib/python3.8/site-packages/turtlebot3_msgs/turtlebot3_msgs_s__rosidl_typesupport_introspection_c.cpython-38-x86_64-linux-gnu.so
[42.368s] -- Set runtime path of "/home/y/SA_CAO_test_ws/install/turtlebot3_msgs/lib/python3.8/site-packages/turtlebot3_msgs/turtlebot3_msgs_s__rosidl_typesupport_introspection_c.cpython-38-x86_64-linux-gnu.so" to ""
[42.369s] -- Installing: /home/y/SA_CAO_test_ws/install/turtlebot3_msgs/lib/python3.8/site-packages/turtlebot3_msgs/turtlebot3_msgs_s__rosidl_typesupport_c.cpython-38-x86_64-linux-gnu.so
[42.374s] -- Set runtime path of "/home/y/SA_CAO_test_ws/install/turtlebot3_msgs/lib/python3.8/site-packages/turtlebot3_msgs/turtlebot3_msgs_s__rosidl_typesupport_c.cpython-38-x86_64-linux-gnu.so" to ""
[42.374s] -- Installing: /home/y/SA_CAO_test_ws/install/turtlebot3_msgs/lib/libturtlebot3_msgs__python.so
[42.379s] -- Set runtime path of "/home/y/SA_CAO_test_ws/install/turtlebot3_msgs/lib/libturtlebot3_msgs__python.so" to ""
[42.380s] -- Installing: /home/y/SA_CAO_test_ws/install/turtlebot3_msgs/share/turtlebot3_msgs/msg/SensorState.idl
[42.381s] -- Installing: /home/y/SA_CAO_test_ws/install/turtlebot3_msgs/share/turtlebot3_msgs/msg/Sound.idl
[42.382s] -- Installing: /home/y/SA_CAO_test_ws/install/turtlebot3_msgs/share/turtlebot3_msgs/msg/VersionInfo.idl
[42.383s] -- Installing: /home/y/SA_CAO_test_ws/install/turtlebot3_msgs/share/turtlebot3_msgs/srv/Sound.idl
[42.385s] -- Installing: /home/y/SA_CAO_test_ws/install/turtlebot3_msgs/share/turtlebot3_msgs/srv/Dqn.idl
[42.386s] -- Installing: /home/y/SA_CAO_test_ws/install/turtlebot3_msgs/share/turtlebot3_msgs/action/Patrol.idl
[42.387s] -- Installing: /home/y/SA_CAO_test_ws/install/turtlebot3_msgs/share/turtlebot3_msgs/msg/SensorState.msg
[42.388s] -- Installing: /home/y/SA_CAO_test_ws/install/turtlebot3_msgs/share/turtlebot3_msgs/msg/Sound.msg
[42.389s] -- Installing: /home/y/SA_CAO_test_ws/install/turtlebot3_msgs/share/turtlebot3_msgs/msg/VersionInfo.msg
[42.390s] -- Installing: /home/y/SA_CAO_test_ws/install/turtlebot3_msgs/share/turtlebot3_msgs/srv/Sound.srv
[42.391s] -- Installing: /home/y/SA_CAO_test_ws/install/turtlebot3_msgs/share/turtlebot3_msgs/srv/Sound_Request.msg
[42.392s] -- Installing: /home/y/SA_CAO_test_ws/install/turtlebot3_msgs/share/turtlebot3_msgs/srv/Sound_Response.msg
[42.394s] -- Installing: /home/y/SA_CAO_test_ws/install/turtlebot3_msgs/share/turtlebot3_msgs/srv/Dqn.srv
[42.395s] -- Installing: /home/y/SA_CAO_test_ws/install/turtlebot3_msgs/share/turtlebot3_msgs/srv/Dqn_Request.msg
[42.397s] -- Installing: /home/y/SA_CAO_test_ws/install/turtlebot3_msgs/share/turtlebot3_msgs/srv/Dqn_Response.msg
[42.398s] -- Installing: /home/y/SA_CAO_test_ws/install/turtlebot3_msgs/share/turtlebot3_msgs/action/Patrol.action
[42.400s] -- Installing: /home/y/SA_CAO_test_ws/install/turtlebot3_msgs/share/ament_index/resource_index/package_run_dependencies/turtlebot3_msgs
[42.402s] -- Installing: /home/y/SA_CAO_test_ws/install/turtlebot3_msgs/share/ament_index/resource_index/parent_prefix_path/turtlebot3_msgs
[42.403s] -- Installing: /home/y/SA_CAO_test_ws/install/turtlebot3_msgs/share/turtlebot3_msgs/environment/ament_prefix_path.sh
[42.404s] -- Installing: /home/y/SA_CAO_test_ws/install/turtlebot3_msgs/share/turtlebot3_msgs/environment/ament_prefix_path.dsv
[42.406s] -- Installing: /home/y/SA_CAO_test_ws/install/turtlebot3_msgs/share/turtlebot3_msgs/environment/path.sh
[42.407s] -- Installing: /home/y/SA_CAO_test_ws/install/turtlebot3_msgs/share/turtlebot3_msgs/environment/path.dsv
[42.409s] -- Installing: /home/y/SA_CAO_test_ws/install/turtlebot3_msgs/share/turtlebot3_msgs/local_setup.bash
[42.410s] -- Installing: /home/y/SA_CAO_test_ws/install/turtlebot3_msgs/share/turtlebot3_msgs/local_setup.sh
[42.411s] -- Installing: /home/y/SA_CAO_test_ws/install/turtlebot3_msgs/share/turtlebot3_msgs/local_setup.zsh
[42.413s] -- Installing: /home/y/SA_CAO_test_ws/install/turtlebot3_msgs/share/turtlebot3_msgs/local_setup.dsv
[42.414s] -- Installing: /home/y/SA_CAO_test_ws/install/turtlebot3_msgs/share/turtlebot3_msgs/package.dsv
[42.415s] -- Installing: /home/y/SA_CAO_test_ws/install/turtlebot3_msgs/share/ament_index/resource_index/packages/turtlebot3_msgs
[42.416s] -- Installing: /home/y/SA_CAO_test_ws/install/turtlebot3_msgs/share/turtlebot3_msgs/cmake/turtlebot3_msgs__rosidl_generator_cExport.cmake
[42.417s] -- Installing: /home/y/SA_CAO_test_ws/install/turtlebot3_msgs/share/turtlebot3_msgs/cmake/turtlebot3_msgs__rosidl_generator_cExport-noconfig.cmake
[42.418s] -- Installing: /home/y/SA_CAO_test_ws/install/turtlebot3_msgs/share/turtlebot3_msgs/cmake/turtlebot3_msgs__rosidl_typesupport_introspection_cExport.cmake
[42.420s] -- Installing: /home/y/SA_CAO_test_ws/install/turtlebot3_msgs/share/turtlebot3_msgs/cmake/turtlebot3_msgs__rosidl_typesupport_introspection_cExport-noconfig.cmake
[42.421s] -- Installing: /home/y/SA_CAO_test_ws/install/turtlebot3_msgs/share/turtlebot3_msgs/cmake/turtlebot3_msgs__rosidl_typesupport_cExport.cmake
[42.422s] -- Installing: /home/y/SA_CAO_test_ws/install/turtlebot3_msgs/share/turtlebot3_msgs/cmake/turtlebot3_msgs__rosidl_typesupport_cExport-noconfig.cmake
[42.423s] -- Installing: /home/y/SA_CAO_test_ws/install/turtlebot3_msgs/share/turtlebot3_msgs/cmake/turtlebot3_msgs__rosidl_generator_cppExport.cmake
[42.425s] -- Installing: /home/y/SA_CAO_test_ws/install/turtlebot3_msgs/share/turtlebot3_msgs/cmake/turtlebot3_msgs__rosidl_typesupport_introspection_cppExport.cmake
[42.426s] -- Installing: /home/y/SA_CAO_test_ws/install/turtlebot3_msgs/share/turtlebot3_msgs/cmake/turtlebot3_msgs__rosidl_typesupport_introspection_cppExport-noconfig.cmake
[42.428s] -- Installing: /home/y/SA_CAO_test_ws/install/turtlebot3_msgs/share/turtlebot3_msgs/cmake/turtlebot3_msgs__rosidl_typesupport_cppExport.cmake
[42.429s] -- Installing: /home/y/SA_CAO_test_ws/install/turtlebot3_msgs/share/turtlebot3_msgs/cmake/turtlebot3_msgs__rosidl_typesupport_cppExport-noconfig.cmake
[42.430s] -- Installing: /home/y/SA_CAO_test_ws/install/turtlebot3_msgs/share/turtlebot3_msgs/cmake/rosidl_cmake-extras.cmake
[42.431s] -- Installing: /home/y/SA_CAO_test_ws/install/turtlebot3_msgs/share/turtlebot3_msgs/cmake/ament_cmake_export_dependencies-extras.cmake
[42.432s] -- Installing: /home/y/SA_CAO_test_ws/install/turtlebot3_msgs/share/turtlebot3_msgs/cmake/ament_cmake_export_libraries-extras.cmake
[42.433s] -- Installing: /home/y/SA_CAO_test_ws/install/turtlebot3_msgs/share/turtlebot3_msgs/cmake/ament_cmake_export_targets-extras.cmake
[42.434s] -- Installing: /home/y/SA_CAO_test_ws/install/turtlebot3_msgs/share/turtlebot3_msgs/cmake/ament_cmake_export_include_directories-extras.cmake
[42.436s] -- Installing: /home/y/SA_CAO_test_ws/install/turtlebot3_msgs/share/turtlebot3_msgs/cmake/rosidl_cmake_export_typesupport_libraries-extras.cmake
[42.437s] -- Installing: /home/y/SA_CAO_test_ws/install/turtlebot3_msgs/share/turtlebot3_msgs/cmake/rosidl_cmake_export_typesupport_targets-extras.cmake
[42.438s] -- Installing: /home/y/SA_CAO_test_ws/install/turtlebot3_msgs/share/turtlebot3_msgs/cmake/turtlebot3_msgsConfig.cmake
[42.439s] -- Installing: /home/y/SA_CAO_test_ws/install/turtlebot3_msgs/share/turtlebot3_msgs/cmake/turtlebot3_msgsConfig-version.cmake
[42.440s] -- Installing: /home/y/SA_CAO_test_ws/install/turtlebot3_msgs/share/turtlebot3_msgs/package.xml
[42.449s] Invoked command in '/home/y/SA_CAO_test_ws/build/turtlebot3_msgs' returned '0': CMAKE_PREFIX_PATH=/home/y/SA_CAO_test_ws/install/turtlebot3:/home/y/SA_CAO_test_ws/install/turtlebot3_simulations:/home/y/SA_CAO_test_ws/install/turtlebot3_bringup:/home/y/SA_CAO_test_ws/install/turtlebot3_node:/home/y/SA_CAO_test_ws/install/turtlebot3_navigation2:/home/y/SA_CAO_test_ws/install/turtlebot3_fake_node:/home/y/SA_CAO_test_ws/install/turtlebot3_msgs:/home/y/SA_CAO_test_ws/install/turtlebot3_gazebo:/home/y/SA_CAO_test_ws/install/turtlebot3_description:/home/y/SA_CAO_test_ws/install/turtlebot3_cartographer:/home/y/SA_CAO_test_ws/install/sub_diablo2023a:/home/y/SA_CAO_test_ws/install/motion_msgs:/home/y/SA_CAO_test_ws/install/hls_lfcd_lds_driver:/home/y/SA_CAO_test_ws/install/dynamixel_sdk_examples:/home/y/SA_CAO_test_ws/install/dynamixel_sdk_custom_interfaces:/home/y/SA_CAO_test_ws/install/dynamixel_sdk:/home/y/SA_CAO_test_ws/install/turtlebot3_teleop:/home/y/SA_CAO_test_ws/install/turtlebot3_example:/home/y/SA_CAO_test_ws/install/my_joystick:/home/y/SA_CAO_test_ws/install/launch_diablo:/opt/ros/foxy:/home/y/oradar_ros/install/oradar_lidar /usr/bin/cmake --install /home/y/SA_CAO_test_ws/build/turtlebot3_msgs
