/home/y/SA_CAO_Simu/SA_CAO/install/pure_pursuit/lib/python3.8/site-packages/pure_pursuit/auto_bag_with_export.py
/home/y/SA_CAO_Simu/SA_CAO/install/pure_pursuit/lib/python3.8/site-packages/pure_pursuit/__init__.py
/home/y/SA_CAO_Simu/SA_CAO/install/pure_pursuit/lib/python3.8/site-packages/pure_pursuit/pure_pursuit_node.py
/home/y/SA_CAO_Simu/SA_CAO/install/pure_pursuit/lib/python3.8/site-packages/pure_pursuit/marker_relay_node.py
/home/y/SA_CAO_Simu/SA_CAO/install/pure_pursuit/lib/python3.8/site-packages/pure_pursuit/get_pose.py
/home/y/SA_CAO_Simu/SA_CAO/install/pure_pursuit/lib/python3.8/site-packages/pure_pursuit/get_odom.py
/home/y/SA_CAO_Simu/SA_CAO/install/pure_pursuit/lib/python3.8/site-packages/pure_pursuit/__pycache__/auto_bag_with_export.cpython-38.pyc
/home/y/SA_CAO_Simu/SA_CAO/install/pure_pursuit/lib/python3.8/site-packages/pure_pursuit/__pycache__/__init__.cpython-38.pyc
/home/y/SA_CAO_Simu/SA_CAO/install/pure_pursuit/lib/python3.8/site-packages/pure_pursuit/__pycache__/pure_pursuit_node.cpython-38.pyc
/home/y/SA_CAO_Simu/SA_CAO/install/pure_pursuit/lib/python3.8/site-packages/pure_pursuit/__pycache__/marker_relay_node.cpython-38.pyc
/home/y/SA_CAO_Simu/SA_CAO/install/pure_pursuit/lib/python3.8/site-packages/pure_pursuit/__pycache__/get_pose.cpython-38.pyc
/home/y/SA_CAO_Simu/SA_CAO/install/pure_pursuit/lib/python3.8/site-packages/pure_pursuit/__pycache__/get_odom.cpython-38.pyc
/home/y/SA_CAO_Simu/SA_CAO/install/pure_pursuit/share/ament_index/resource_index/packages/pure_pursuit
/home/y/SA_CAO_Simu/SA_CAO/install/pure_pursuit/share/pure_pursuit/package.xml
/home/y/SA_CAO_Simu/SA_CAO/install/pure_pursuit/lib/python3.8/site-packages/pure_pursuit-0.0.0-py3.8.egg-info/SOURCES.txt
/home/y/SA_CAO_Simu/SA_CAO/install/pure_pursuit/lib/python3.8/site-packages/pure_pursuit-0.0.0-py3.8.egg-info/requires.txt
/home/y/SA_CAO_Simu/SA_CAO/install/pure_pursuit/lib/python3.8/site-packages/pure_pursuit-0.0.0-py3.8.egg-info/entry_points.txt
/home/y/SA_CAO_Simu/SA_CAO/install/pure_pursuit/lib/python3.8/site-packages/pure_pursuit-0.0.0-py3.8.egg-info/dependency_links.txt
/home/y/SA_CAO_Simu/SA_CAO/install/pure_pursuit/lib/python3.8/site-packages/pure_pursuit-0.0.0-py3.8.egg-info/PKG-INFO
/home/y/SA_CAO_Simu/SA_CAO/install/pure_pursuit/lib/python3.8/site-packages/pure_pursuit-0.0.0-py3.8.egg-info/top_level.txt
/home/y/SA_CAO_Simu/SA_CAO/install/pure_pursuit/lib/python3.8/site-packages/pure_pursuit-0.0.0-py3.8.egg-info/zip-safe
/home/y/SA_CAO_Simu/SA_CAO/install/pure_pursuit/lib/pure_pursuit/auto_bag_with_export
/home/y/SA_CAO_Simu/SA_CAO/install/pure_pursuit/lib/pure_pursuit/get_odom
/home/y/SA_CAO_Simu/SA_CAO/install/pure_pursuit/lib/pure_pursuit/get_pose
/home/y/SA_CAO_Simu/SA_CAO/install/pure_pursuit/lib/pure_pursuit/marker_relay_node
/home/y/SA_CAO_Simu/SA_CAO/install/pure_pursuit/lib/pure_pursuit/pure_pursuit_node
