[0.832s] Invoking command in '/home/y/SA_CAO/src/robot_launch': PYTHONPATH=/home/y/SA_CAO/build/robot_launch/prefix_override:/usr/lib/python3/dist-packages/colcon_core/task/python/colcon_distutils_commands:/home/y/SA_CAO/install/robot_launch/lib/python3.8/site-packages:${PYTHONPATH} /usr/bin/python3 -W ignore:setup.py install is deprecated -W ignore:easy_install command is deprecated setup.py egg_info --egg-base ../../build/robot_launch build --build-base /home/y/SA_CAO/build/robot_launch/build install --record /home/y/SA_CAO/build/robot_launch/install.log --install-scripts $base/lib/robot_launch --single-version-externally-managed install_data
[1.026s] running egg_info
[1.026s] writing ../../build/robot_launch/robot_launch.egg-info/PKG-INFO
[1.031s] writing dependency_links to ../../build/robot_launch/robot_launch.egg-info/dependency_links.txt
[1.031s] writing entry points to ../../build/robot_launch/robot_launch.egg-info/entry_points.txt
[1.031s] writing requirements to ../../build/robot_launch/robot_launch.egg-info/requires.txt
[1.031s] writing top-level names to ../../build/robot_launch/robot_launch.egg-info/top_level.txt
[1.062s] reading manifest file '../../build/robot_launch/robot_launch.egg-info/SOURCES.txt'
[1.062s] writing manifest file '../../build/robot_launch/robot_launch.egg-info/SOURCES.txt'
[1.062s] running build
[1.063s] running build_py
[1.063s] running install
[1.063s] running install_lib
[1.063s] running install_data
[1.063s] copying launch/launch_sub.py -> /home/y/SA_CAO/install/robot_launch/share/robot_launch/launch
[1.063s] running install_egg_info
[1.065s] removing '/home/y/SA_CAO/install/robot_launch/lib/python3.8/site-packages/robot_launch-0.0.0-py3.8.egg-info' (and everything under it)
[1.065s] Copying ../../build/robot_launch/robot_launch.egg-info to /home/y/SA_CAO/install/robot_launch/lib/python3.8/site-packages/robot_launch-0.0.0-py3.8.egg-info
[1.065s] running install_scripts
[1.080s] writing list of installed files to '/home/y/SA_CAO/build/robot_launch/install.log'
[1.099s] Invoked command in '/home/y/SA_CAO/src/robot_launch' returned '0': PYTHONPATH=/home/y/SA_CAO/build/robot_launch/prefix_override:/usr/lib/python3/dist-packages/colcon_core/task/python/colcon_distutils_commands:/home/y/SA_CAO/install/robot_launch/lib/python3.8/site-packages:${PYTHONPATH} /usr/bin/python3 -W ignore:setup.py install is deprecated -W ignore:easy_install command is deprecated setup.py egg_info --egg-base ../../build/robot_launch build --build-base /home/y/SA_CAO/build/robot_launch/build install --record /home/y/SA_CAO/build/robot_launch/install.log --install-scripts $base/lib/robot_launch --single-version-externally-managed install_data
