running egg_info
creating ../../../../build/diablo_simulation/diablo_simulation.egg-info
writing ../../../../build/diablo_simulation/diablo_simulation.egg-info/PKG-INFO
writing dependency_links to ../../../../build/diablo_simulation/diablo_simulation.egg-info/dependency_links.txt
writing entry points to ../../../../build/diablo_simulation/diablo_simulation.egg-info/entry_points.txt
writing requirements to ../../../../build/diablo_simulation/diablo_simulation.egg-info/requires.txt
writing top-level names to ../../../../build/diablo_simulation/diablo_simulation.egg-info/top_level.txt
writing manifest file '../../../../build/diablo_simulation/diablo_simulation.egg-info/SOURCES.txt'
reading manifest file '../../../../build/diablo_simulation/diablo_simulation.egg-info/SOURCES.txt'
writing manifest file '../../../../build/diablo_simulation/diablo_simulation.egg-info/SOURCES.txt'
running build
running build_py
creating /home/y/SA_CAO/build/diablo_simulation/build
creating /home/y/SA_CAO/build/diablo_simulation/build/lib
creating /home/y/SA_CAO/build/diablo_simulation/build/lib/diablo_simulation
copying diablo_simulation/__init__.py -> /home/y/SA_CAO/build/diablo_simulation/build/lib/diablo_simulation
running install
running install_lib
creating /home/y/SA_CAO/install/diablo_simulation/lib/python3.8/site-packages/diablo_simulation
copying /home/y/SA_CAO/build/diablo_simulation/build/lib/diablo_simulation/__init__.py -> /home/y/SA_CAO/install/diablo_simulation/lib/python3.8/site-packages/diablo_simulation
byte-compiling /home/y/SA_CAO/install/diablo_simulation/lib/python3.8/site-packages/diablo_simulation/__init__.py to __init__.cpython-38.pyc
running install_data
creating /home/y/SA_CAO/install/diablo_simulation/share/ament_index
creating /home/y/SA_CAO/install/diablo_simulation/share/ament_index/resource_index
creating /home/y/SA_CAO/install/diablo_simulation/share/ament_index/resource_index/packages
copying resource/diablo_simulation -> /home/y/SA_CAO/install/diablo_simulation/share/ament_index/resource_index/packages
copying package.xml -> /home/y/SA_CAO/install/diablo_simulation/share/diablo_simulation
creating /home/y/SA_CAO/install/diablo_simulation/share/diablo_simulation/launch
copying launch/ctrl.launch.py -> /home/y/SA_CAO/install/diablo_simulation/share/diablo_simulation/launch
copying launch/display.launch.py -> /home/y/SA_CAO/install/diablo_simulation/share/diablo_simulation/launch
copying launch/gazebo.launch.py -> /home/y/SA_CAO/install/diablo_simulation/share/diablo_simulation/launch
creating /home/y/SA_CAO/install/diablo_simulation/share/diablo_simulation/urdf
copying urdf/diablo_simulation.gazebo -> /home/y/SA_CAO/install/diablo_simulation/share/diablo_simulation/urdf
copying urdf/diablo_simulation.xacro -> /home/y/SA_CAO/install/diablo_simulation/share/diablo_simulation/urdf
copying urdf/materials.xacro -> /home/y/SA_CAO/install/diablo_simulation/share/diablo_simulation/urdf
copying urdf/diablo_simulation.trans -> /home/y/SA_CAO/install/diablo_simulation/share/diablo_simulation/urdf
copying urdf/diablo_simulation.urdf -> /home/y/SA_CAO/install/diablo_simulation/share/diablo_simulation/urdf
creating /home/y/SA_CAO/install/diablo_simulation/share/diablo_simulation/meshes
copying meshes/motor_left_link_1.stl -> /home/y/SA_CAO/install/diablo_simulation/share/diablo_simulation/meshes
copying meshes/base_link.stl -> /home/y/SA_CAO/install/diablo_simulation/share/diablo_simulation/meshes
copying meshes/leg2_right_link_1.stl -> /home/y/SA_CAO/install/diablo_simulation/share/diablo_simulation/meshes
copying meshes/motor_right_link_1.stl -> /home/y/SA_CAO/install/diablo_simulation/share/diablo_simulation/meshes
copying meshes/leg2_left_link_1.stl -> /home/y/SA_CAO/install/diablo_simulation/share/diablo_simulation/meshes
copying meshes/leg_right_link_1.stl -> /home/y/SA_CAO/install/diablo_simulation/share/diablo_simulation/meshes
copying meshes/wheel_right_link_1.stl -> /home/y/SA_CAO/install/diablo_simulation/share/diablo_simulation/meshes
copying meshes/wheel_left_link_1.stl -> /home/y/SA_CAO/install/diablo_simulation/share/diablo_simulation/meshes
copying meshes/leg_left_link_1.stl -> /home/y/SA_CAO/install/diablo_simulation/share/diablo_simulation/meshes
creating /home/y/SA_CAO/install/diablo_simulation/share/diablo_simulation/config
copying config/display.rviz -> /home/y/SA_CAO/install/diablo_simulation/share/diablo_simulation/config
copying config/ctrl.rviz -> /home/y/SA_CAO/install/diablo_simulation/share/diablo_simulation/config
running install_egg_info
Copying ../../../../build/diablo_simulation/diablo_simulation.egg-info to /home/y/SA_CAO/install/diablo_simulation/lib/python3.8/site-packages/diablo_simulation-1.0.0-py3.8.egg-info
running install_scripts
writing list of installed files to '/home/y/SA_CAO/build/diablo_simulation/install.log'
