[0.738s] Invoking command in '/home/y/SA_CAO/src/diablo_ros2/diablo_visualise/diablo_simulation': PYTHONPATH=/home/y/SA_CAO/build/diablo_simulation/prefix_override:/usr/lib/python3/dist-packages/colcon_core/task/python/colcon_distutils_commands:/home/y/SA_CAO/install/diablo_simulation/lib/python3.8/site-packages:${PYTHONPATH} /usr/bin/python3 -W ignore:setup.py install is deprecated -W ignore:easy_install command is deprecated setup.py egg_info --egg-base ../../../../build/diablo_simulation build --build-base /home/y/SA_CAO/build/diablo_simulation/build install --record /home/y/SA_CAO/build/diablo_simulation/install.log --single-version-externally-managed install_data
[0.909s] running egg_info
[0.909s] creating ../../../../build/diablo_simulation/diablo_simulation.egg-info
[0.909s] writing ../../../../build/diablo_simulation/diablo_simulation.egg-info/PKG-INFO
[0.910s] writing dependency_links to ../../../../build/diablo_simulation/diablo_simulation.egg-info/dependency_links.txt
[0.910s] writing entry points to ../../../../build/diablo_simulation/diablo_simulation.egg-info/entry_points.txt
[0.910s] writing requirements to ../../../../build/diablo_simulation/diablo_simulation.egg-info/requires.txt
[0.910s] writing top-level names to ../../../../build/diablo_simulation/diablo_simulation.egg-info/top_level.txt
[0.914s] writing manifest file '../../../../build/diablo_simulation/diablo_simulation.egg-info/SOURCES.txt'
[0.946s] reading manifest file '../../../../build/diablo_simulation/diablo_simulation.egg-info/SOURCES.txt'
[0.947s] writing manifest file '../../../../build/diablo_simulation/diablo_simulation.egg-info/SOURCES.txt'
[0.947s] running build
[0.947s] running build_py
[0.948s] creating /home/y/SA_CAO/build/diablo_simulation/build
[0.948s] creating /home/y/SA_CAO/build/diablo_simulation/build/lib
[0.948s] creating /home/y/SA_CAO/build/diablo_simulation/build/lib/diablo_simulation
[0.948s] copying diablo_simulation/__init__.py -> /home/y/SA_CAO/build/diablo_simulation/build/lib/diablo_simulation
[0.948s] running install
[0.949s] running install_lib
[0.953s] creating /home/y/SA_CAO/install/diablo_simulation/lib/python3.8/site-packages/diablo_simulation
[0.954s] copying /home/y/SA_CAO/build/diablo_simulation/build/lib/diablo_simulation/__init__.py -> /home/y/SA_CAO/install/diablo_simulation/lib/python3.8/site-packages/diablo_simulation
[0.954s] byte-compiling /home/y/SA_CAO/install/diablo_simulation/lib/python3.8/site-packages/diablo_simulation/__init__.py to __init__.cpython-38.pyc
[0.955s] running install_data
[0.955s] creating /home/y/SA_CAO/install/diablo_simulation/share/ament_index
[0.955s] creating /home/y/SA_CAO/install/diablo_simulation/share/ament_index/resource_index
[0.956s] creating /home/y/SA_CAO/install/diablo_simulation/share/ament_index/resource_index/packages
[0.956s] copying resource/diablo_simulation -> /home/y/SA_CAO/install/diablo_simulation/share/ament_index/resource_index/packages
[0.956s] copying package.xml -> /home/y/SA_CAO/install/diablo_simulation/share/diablo_simulation
[0.956s] creating /home/y/SA_CAO/install/diablo_simulation/share/diablo_simulation/launch
[0.956s] copying launch/ctrl.launch.py -> /home/y/SA_CAO/install/diablo_simulation/share/diablo_simulation/launch
[0.956s] copying launch/display.launch.py -> /home/y/SA_CAO/install/diablo_simulation/share/diablo_simulation/launch
[0.957s] copying launch/gazebo.launch.py -> /home/y/SA_CAO/install/diablo_simulation/share/diablo_simulation/launch
[0.957s] creating /home/y/SA_CAO/install/diablo_simulation/share/diablo_simulation/urdf
[0.957s] copying urdf/diablo_simulation.gazebo -> /home/y/SA_CAO/install/diablo_simulation/share/diablo_simulation/urdf
[0.957s] copying urdf/diablo_simulation.xacro -> /home/y/SA_CAO/install/diablo_simulation/share/diablo_simulation/urdf
[0.958s] copying urdf/materials.xacro -> /home/y/SA_CAO/install/diablo_simulation/share/diablo_simulation/urdf
[0.958s] copying urdf/diablo_simulation.trans -> /home/y/SA_CAO/install/diablo_simulation/share/diablo_simulation/urdf
[0.961s] copying urdf/diablo_simulation.urdf -> /home/y/SA_CAO/install/diablo_simulation/share/diablo_simulation/urdf
[0.962s] creating /home/y/SA_CAO/install/diablo_simulation/share/diablo_simulation/meshes
[0.962s] copying meshes/motor_left_link_1.stl -> /home/y/SA_CAO/install/diablo_simulation/share/diablo_simulation/meshes
[0.962s] copying meshes/base_link.stl -> /home/y/SA_CAO/install/diablo_simulation/share/diablo_simulation/meshes
[0.962s] copying meshes/leg2_right_link_1.stl -> /home/y/SA_CAO/install/diablo_simulation/share/diablo_simulation/meshes
[0.963s] copying meshes/motor_right_link_1.stl -> /home/y/SA_CAO/install/diablo_simulation/share/diablo_simulation/meshes
[0.963s] copying meshes/leg2_left_link_1.stl -> /home/y/SA_CAO/install/diablo_simulation/share/diablo_simulation/meshes
[0.963s] copying meshes/leg_right_link_1.stl -> /home/y/SA_CAO/install/diablo_simulation/share/diablo_simulation/meshes
[0.963s] copying meshes/wheel_right_link_1.stl -> /home/y/SA_CAO/install/diablo_simulation/share/diablo_simulation/meshes
[0.963s] copying meshes/wheel_left_link_1.stl -> /home/y/SA_CAO/install/diablo_simulation/share/diablo_simulation/meshes
[0.964s] copying meshes/leg_left_link_1.stl -> /home/y/SA_CAO/install/diablo_simulation/share/diablo_simulation/meshes
[0.964s] creating /home/y/SA_CAO/install/diablo_simulation/share/diablo_simulation/config
[0.964s] copying config/display.rviz -> /home/y/SA_CAO/install/diablo_simulation/share/diablo_simulation/config
[0.964s] copying config/ctrl.rviz -> /home/y/SA_CAO/install/diablo_simulation/share/diablo_simulation/config
[0.964s] running install_egg_info
[0.974s] Copying ../../../../build/diablo_simulation/diablo_simulation.egg-info to /home/y/SA_CAO/install/diablo_simulation/lib/python3.8/site-packages/diablo_simulation-1.0.0-py3.8.egg-info
[0.974s] running install_scripts
[0.994s] writing list of installed files to '/home/y/SA_CAO/build/diablo_simulation/install.log'
[1.020s] Invoked command in '/home/y/SA_CAO/src/diablo_ros2/diablo_visualise/diablo_simulation' returned '0': PYTHONPATH=/home/y/SA_CAO/build/diablo_simulation/prefix_override:/usr/lib/python3/dist-packages/colcon_core/task/python/colcon_distutils_commands:/home/y/SA_CAO/install/diablo_simulation/lib/python3.8/site-packages:${PYTHONPATH} /usr/bin/python3 -W ignore:setup.py install is deprecated -W ignore:easy_install command is deprecated setup.py egg_info --egg-base ../../../../build/diablo_simulation build --build-base /home/y/SA_CAO/build/diablo_simulation/build install --record /home/y/SA_CAO/build/diablo_simulation/install.log --single-version-externally-managed install_data
