[0.037s] Invoking command in '/home/y/SA_CAO_Simu/SA_CAO/build/turtlebot3_node': CMAKE_PREFIX_PATH=/home/y/SA_CAO_Simu/SA_CAO/install/turtlebot3_msgs:/home/y/SA_CAO_Simu/SA_CAO/install/dynamixel_sdk:/home/y/SA_CAO_Simu/SA_CAO/install/turtlebot3:/home/y/SA_CAO_Simu/SA_CAO/install/turtlebot3_simulations:/home/y/SA_CAO_Simu/SA_CAO/install/turtlebot3_bringup:/home/y/SA_CAO_Simu/SA_CAO/install/turtlebot3_node:/home/y/SA_CAO_Simu/SA_CAO/install/turtlebot3_navigation2:/home/y/SA_CAO_Simu/SA_CAO/install/turtlebot3_fake_node:/home/y/SA_CAO_Simu/SA_CAO/install/turtlebot3_gazebo:/home/y/SA_CAO_Simu/SA_CAO/install/turtlebot3_description:/home/y/SA_CAO_Simu/SA_CAO/install/turtlebot3_cartographer:/home/y/SA_CAO_Simu/SA_CAO/install/sub_dwav15:/home/y/SA_CAO_Simu/SA_CAO/install/motion_msgs:/home/y/SA_CAO_Simu/SA_CAO/install/hls_lfcd_lds_driver:/home/y/SA_CAO_Simu/SA_CAO/install/dynamixel_sdk_examples:/home/y/SA_CAO_Simu/SA_CAO/install/dynamixel_sdk_custom_interfaces:/home/y/SA_CAO_Simu/SA_CAO/install/turtlebot3_teleop:/home/y/SA_CAO_Simu/SA_CAO/install/turtlebot3_example:/home/y/SA_CAO_Simu/SA_CAO/install/pure_pursuit:/home/y/SA_CAO_Simu/SA_CAO/install/my_balance_pkg:/home/y/SA_CAO_Simu/SA_CAO/install/launch_diablo:/opt/ros/foxy LD_LIBRARY_PATH=/home/y/SA_CAO_Simu/SA_CAO/install/turtlebot3_msgs/lib:/home/y/SA_CAO_Simu/SA_CAO/install/dynamixel_sdk/lib:/home/y/SA_CAO_Simu/SA_CAO/install/motion_msgs/lib:/home/y/SA_CAO_Simu/SA_CAO/install/dynamixel_sdk_custom_interfaces/lib:/usr/local/lib:/usr/lib/aarch64-linux-gnu/gazebo-11/plugins:/opt/ros/foxy/opt/yaml_cpp_vendor/lib:/opt/ros/foxy/opt/rviz_ogre_vendor/lib:/opt/ros/foxy/lib/aarch64-linux-gnu:/opt/ros/foxy/lib PYTHONPATH=/home/y/SA_CAO_Simu/SA_CAO/install/turtlebot3_msgs/lib/python3.8/site-packages:/home/y/SA_CAO_Simu/SA_CAO/install/turtlebot3_teleop/lib/python3.8/site-packages:/home/y/SA_CAO_Simu/SA_CAO/install/turtlebot3_example/lib/python3.8/site-packages:/home/y/SA_CAO_Simu/SA_CAO/install/pure_pursuit/lib/python3.8/site-packages:/home/y/SA_CAO_Simu/SA_CAO/install/my_balance_pkg/lib/python3.8/site-packages:/home/y/SA_CAO_Simu/SA_CAO/install/motion_msgs/lib/python3.8/site-packages:/home/y/SA_CAO_Simu/SA_CAO/install/launch_diablo/lib/python3.8/site-packages:/home/y/SA_CAO_Simu/SA_CAO/install/dynamixel_sdk_custom_interfaces/lib/python3.8/site-packages:/opt/ros/foxy/lib/python3.8/site-packages /usr/bin/cmake /home/y/SA_CAO_Simu/SA_CAO/src/turtlebot3/turtlebot3/turtlebot3_node -DCMAKE_INSTALL_PREFIX=/home/y/SA_CAO_Simu/SA_CAO/install/turtlebot3_node
[0.109s] -- The C compiler identification is GNU 9.4.0
[0.151s] -- The CXX compiler identification is GNU 9.4.0
[0.153s] -- Check for working C compiler: /usr/bin/cc
[0.229s] -- Check for working C compiler: /usr/bin/cc -- works
[0.229s] -- Detecting C compiler ABI info
[0.287s] -- Detecting C compiler ABI info - done
[0.292s] -- Detecting C compile features
[0.292s] -- Detecting C compile features - done
[0.293s] -- Check for working CXX compiler: /usr/bin/c++
[0.401s] -- Check for working CXX compiler: /usr/bin/c++ -- works
[0.401s] -- Detecting CXX compiler ABI info
[0.448s] -- Detecting CXX compiler ABI info - done
[0.452s] -- Detecting CXX compile features
[0.452s] -- Detecting CXX compile features - done
[0.454s] -- Found ament_cmake: 0.9.12 (/opt/ros/foxy/share/ament_cmake/cmake)
[0.467s] -- Found PythonInterp: /usr/bin/python3 (found suitable version "3.8.10", minimum required is "3") 
[0.467s] -- Using PYTHON_EXECUTABLE: /usr/bin/python3
[0.548s] -- Found dynamixel_sdk: 3.7.40 (/home/y/SA_CAO_Simu/SA_CAO/install/dynamixel_sdk/share/dynamixel_sdk/cmake)
[0.550s] -- Found geometry_msgs: 2.0.5 (/opt/ros/foxy/share/geometry_msgs/cmake)
[0.593s] -- Using all available rosidl_typesupport_c: rosidl_typesupport_fastrtps_c;rosidl_typesupport_introspection_c
[0.599s] -- Found rosidl_adapter: 1.3.1 (/opt/ros/foxy/share/rosidl_adapter/cmake)
[0.698s] -- Found OpenSSL: /usr/lib/aarch64-linux-gnu/libcrypto.so (found version "1.1.1f")  
[0.729s] -- Found FastRTPS: /opt/ros/foxy/include  
[0.772s] -- Using all available rosidl_typesupport_cpp: rosidl_typesupport_fastrtps_cpp;rosidl_typesupport_introspection_cpp
[0.809s] -- Found message_filters: 3.2.7 (/opt/ros/foxy/share/message_filters/cmake)
[0.812s] -- Found nav_msgs: 2.0.5 (/opt/ros/foxy/share/nav_msgs/cmake)
[0.849s] -- Found rclcpp: 2.4.3 (/opt/ros/foxy/share/rclcpp/cmake)
[0.868s] -- Found rmw_implementation_cmake: 1.0.4 (/opt/ros/foxy/share/rmw_implementation_cmake/cmake)
[0.869s] -- Using RMW implementation 'rmw_fastrtps_cpp' as default
[0.870s] -- Looking for pthread.h
[0.953s] -- Looking for pthread.h - found
[0.953s] -- Performing Test CMAKE_HAVE_LIBC_PTHREAD
[1.003s] -- Performing Test CMAKE_HAVE_LIBC_PTHREAD - Failed
[1.003s] -- Looking for pthread_create in pthreads
[1.035s] -- Looking for pthread_create in pthreads - not found
[1.035s] -- Looking for pthread_create in pthread
[1.086s] -- Looking for pthread_create in pthread - found
[1.087s] -- Found Threads: TRUE  
[1.171s] -- Found sensor_msgs: 2.0.5 (/opt/ros/foxy/share/sensor_msgs/cmake)
[1.206s] -- Found std_srvs: 2.0.5 (/opt/ros/foxy/share/std_srvs/cmake)
[1.213s] -- Found tf2: 0.13.14 (/opt/ros/foxy/share/tf2/cmake)
[1.219s] -- Found tf2_ros: 0.13.14 (/opt/ros/foxy/share/tf2_ros/cmake)
[1.385s] -- Found turtlebot3_msgs: 2.2.1 (/home/y/SA_CAO_Simu/SA_CAO/install/turtlebot3_msgs/share/turtlebot3_msgs/cmake)
[1.485s] -- Configuring done
[1.494s] -- Generating done
[1.497s] -- Build files have been written to: /home/y/SA_CAO_Simu/SA_CAO/build/turtlebot3_node
[1.501s] Invoked command in '/home/y/SA_CAO_Simu/SA_CAO/build/turtlebot3_node' returned '0': CMAKE_PREFIX_PATH=/home/y/SA_CAO_Simu/SA_CAO/install/turtlebot3_msgs:/home/y/SA_CAO_Simu/SA_CAO/install/dynamixel_sdk:/home/y/SA_CAO_Simu/SA_CAO/install/turtlebot3:/home/y/SA_CAO_Simu/SA_CAO/install/turtlebot3_simulations:/home/y/SA_CAO_Simu/SA_CAO/install/turtlebot3_bringup:/home/y/SA_CAO_Simu/SA_CAO/install/turtlebot3_node:/home/y/SA_CAO_Simu/SA_CAO/install/turtlebot3_navigation2:/home/y/SA_CAO_Simu/SA_CAO/install/turtlebot3_fake_node:/home/y/SA_CAO_Simu/SA_CAO/install/turtlebot3_gazebo:/home/y/SA_CAO_Simu/SA_CAO/install/turtlebot3_description:/home/y/SA_CAO_Simu/SA_CAO/install/turtlebot3_cartographer:/home/y/SA_CAO_Simu/SA_CAO/install/sub_dwav15:/home/y/SA_CAO_Simu/SA_CAO/install/motion_msgs:/home/y/SA_CAO_Simu/SA_CAO/install/hls_lfcd_lds_driver:/home/y/SA_CAO_Simu/SA_CAO/install/dynamixel_sdk_examples:/home/y/SA_CAO_Simu/SA_CAO/install/dynamixel_sdk_custom_interfaces:/home/y/SA_CAO_Simu/SA_CAO/install/turtlebot3_teleop:/home/y/SA_CAO_Simu/SA_CAO/install/turtlebot3_example:/home/y/SA_CAO_Simu/SA_CAO/install/pure_pursuit:/home/y/SA_CAO_Simu/SA_CAO/install/my_balance_pkg:/home/y/SA_CAO_Simu/SA_CAO/install/launch_diablo:/opt/ros/foxy LD_LIBRARY_PATH=/home/y/SA_CAO_Simu/SA_CAO/install/turtlebot3_msgs/lib:/home/y/SA_CAO_Simu/SA_CAO/install/dynamixel_sdk/lib:/home/y/SA_CAO_Simu/SA_CAO/install/motion_msgs/lib:/home/y/SA_CAO_Simu/SA_CAO/install/dynamixel_sdk_custom_interfaces/lib:/usr/local/lib:/usr/lib/aarch64-linux-gnu/gazebo-11/plugins:/opt/ros/foxy/opt/yaml_cpp_vendor/lib:/opt/ros/foxy/opt/rviz_ogre_vendor/lib:/opt/ros/foxy/lib/aarch64-linux-gnu:/opt/ros/foxy/lib PYTHONPATH=/home/y/SA_CAO_Simu/SA_CAO/install/turtlebot3_msgs/lib/python3.8/site-packages:/home/y/SA_CAO_Simu/SA_CAO/install/turtlebot3_teleop/lib/python3.8/site-packages:/home/y/SA_CAO_Simu/SA_CAO/install/turtlebot3_example/lib/python3.8/site-packages:/home/y/SA_CAO_Simu/SA_CAO/install/pure_pursuit/lib/python3.8/site-packages:/home/y/SA_CAO_Simu/SA_CAO/install/my_balance_pkg/lib/python3.8/site-packages:/home/y/SA_CAO_Simu/SA_CAO/install/motion_msgs/lib/python3.8/site-packages:/home/y/SA_CAO_Simu/SA_CAO/install/launch_diablo/lib/python3.8/site-packages:/home/y/SA_CAO_Simu/SA_CAO/install/dynamixel_sdk_custom_interfaces/lib/python3.8/site-packages:/opt/ros/foxy/lib/python3.8/site-packages /usr/bin/cmake /home/y/SA_CAO_Simu/SA_CAO/src/turtlebot3/turtlebot3/turtlebot3_node -DCMAKE_INSTALL_PREFIX=/home/y/SA_CAO_Simu/SA_CAO/install/turtlebot3_node
[1.503s] Invoking command in '/home/y/SA_CAO_Simu/SA_CAO/build/turtlebot3_node': CMAKE_PREFIX_PATH=/home/y/SA_CAO_Simu/SA_CAO/install/turtlebot3_msgs:/home/y/SA_CAO_Simu/SA_CAO/install/dynamixel_sdk:/home/y/SA_CAO_Simu/SA_CAO/install/turtlebot3:/home/y/SA_CAO_Simu/SA_CAO/install/turtlebot3_simulations:/home/y/SA_CAO_Simu/SA_CAO/install/turtlebot3_bringup:/home/y/SA_CAO_Simu/SA_CAO/install/turtlebot3_node:/home/y/SA_CAO_Simu/SA_CAO/install/turtlebot3_navigation2:/home/y/SA_CAO_Simu/SA_CAO/install/turtlebot3_fake_node:/home/y/SA_CAO_Simu/SA_CAO/install/turtlebot3_gazebo:/home/y/SA_CAO_Simu/SA_CAO/install/turtlebot3_description:/home/y/SA_CAO_Simu/SA_CAO/install/turtlebot3_cartographer:/home/y/SA_CAO_Simu/SA_CAO/install/sub_dwav15:/home/y/SA_CAO_Simu/SA_CAO/install/motion_msgs:/home/y/SA_CAO_Simu/SA_CAO/install/hls_lfcd_lds_driver:/home/y/SA_CAO_Simu/SA_CAO/install/dynamixel_sdk_examples:/home/y/SA_CAO_Simu/SA_CAO/install/dynamixel_sdk_custom_interfaces:/home/y/SA_CAO_Simu/SA_CAO/install/turtlebot3_teleop:/home/y/SA_CAO_Simu/SA_CAO/install/turtlebot3_example:/home/y/SA_CAO_Simu/SA_CAO/install/pure_pursuit:/home/y/SA_CAO_Simu/SA_CAO/install/my_balance_pkg:/home/y/SA_CAO_Simu/SA_CAO/install/launch_diablo:/opt/ros/foxy LD_LIBRARY_PATH=/home/y/SA_CAO_Simu/SA_CAO/install/turtlebot3_msgs/lib:/home/y/SA_CAO_Simu/SA_CAO/install/dynamixel_sdk/lib:/home/y/SA_CAO_Simu/SA_CAO/install/motion_msgs/lib:/home/y/SA_CAO_Simu/SA_CAO/install/dynamixel_sdk_custom_interfaces/lib:/usr/local/lib:/usr/lib/aarch64-linux-gnu/gazebo-11/plugins:/opt/ros/foxy/opt/yaml_cpp_vendor/lib:/opt/ros/foxy/opt/rviz_ogre_vendor/lib:/opt/ros/foxy/lib/aarch64-linux-gnu:/opt/ros/foxy/lib PYTHONPATH=/home/y/SA_CAO_Simu/SA_CAO/install/turtlebot3_msgs/lib/python3.8/site-packages:/home/y/SA_CAO_Simu/SA_CAO/install/turtlebot3_teleop/lib/python3.8/site-packages:/home/y/SA_CAO_Simu/SA_CAO/install/turtlebot3_example/lib/python3.8/site-packages:/home/y/SA_CAO_Simu/SA_CAO/install/pure_pursuit/lib/python3.8/site-packages:/home/y/SA_CAO_Simu/SA_CAO/install/my_balance_pkg/lib/python3.8/site-packages:/home/y/SA_CAO_Simu/SA_CAO/install/motion_msgs/lib/python3.8/site-packages:/home/y/SA_CAO_Simu/SA_CAO/install/launch_diablo/lib/python3.8/site-packages:/home/y/SA_CAO_Simu/SA_CAO/install/dynamixel_sdk_custom_interfaces/lib/python3.8/site-packages:/opt/ros/foxy/lib/python3.8/site-packages /usr/bin/cmake --build /home/y/SA_CAO_Simu/SA_CAO/build/turtlebot3_node -- -j2 -l2
[1.527s] [35m[1mScanning dependencies of target turtlebot3_node_lib[0m
[1.584s] [  7%] [32mBuilding CXX object CMakeFiles/turtlebot3_node_lib.dir/src/devices/motor_power.cpp.o[0m
[1.589s] [ 14%] [32mBuilding CXX object CMakeFiles/turtlebot3_node_lib.dir/src/devices/sound.cpp.o[0m
[2.730s] [ 21%] [32mBuilding CXX object CMakeFiles/turtlebot3_node_lib.dir/src/devices/reset.cpp.o[0m
[3.034s] [ 28%] [32mBuilding CXX object CMakeFiles/turtlebot3_node_lib.dir/src/diff_drive_controller.cpp.o[0m
[4.136s] [ 35%] [32mBuilding CXX object CMakeFiles/turtlebot3_node_lib.dir/src/dynamixel_sdk_wrapper.cpp.o[0m
[4.390s] [ 42%] [32mBuilding CXX object CMakeFiles/turtlebot3_node_lib.dir/src/odometry.cpp.o[0m
[4.473s] [ 50%] [32mBuilding CXX object CMakeFiles/turtlebot3_node_lib.dir/src/turtlebot3.cpp.o[0m
[9.245s] [ 57%] [32mBuilding CXX object CMakeFiles/turtlebot3_node_lib.dir/src/sensors/battery_state.cpp.o[0m
[10.909s] [ 64%] [32mBuilding CXX object CMakeFiles/turtlebot3_node_lib.dir/src/sensors/imu.cpp.o[0m
[12.218s] [ 71%] [32mBuilding CXX object CMakeFiles/turtlebot3_node_lib.dir/src/sensors/joint_state.cpp.o[0m
[13.406s] [ 78%] [32mBuilding CXX object CMakeFiles/turtlebot3_node_lib.dir/src/sensors/sensor_state.cpp.o[0m
[14.529s] [ 85%] [32m[1mLinking CXX static library libturtlebot3_node_lib.a[0m
[14.671s] [ 85%] Built target turtlebot3_node_lib
[14.677s] [35m[1mScanning dependencies of target turtlebot3_ros[0m
[14.729s] [ 92%] [32mBuilding CXX object CMakeFiles/turtlebot3_ros.dir/src/node_main.cpp.o[0m
[15.683s] [100%] [32m[1mLinking CXX executable turtlebot3_ros[0m
[16.178s] [100%] Built target turtlebot3_ros
[16.182s] Invoked command in '/home/y/SA_CAO_Simu/SA_CAO/build/turtlebot3_node' returned '0': CMAKE_PREFIX_PATH=/home/y/SA_CAO_Simu/SA_CAO/install/turtlebot3_msgs:/home/y/SA_CAO_Simu/SA_CAO/install/dynamixel_sdk:/home/y/SA_CAO_Simu/SA_CAO/install/turtlebot3:/home/y/SA_CAO_Simu/SA_CAO/install/turtlebot3_simulations:/home/y/SA_CAO_Simu/SA_CAO/install/turtlebot3_bringup:/home/y/SA_CAO_Simu/SA_CAO/install/turtlebot3_node:/home/y/SA_CAO_Simu/SA_CAO/install/turtlebot3_navigation2:/home/y/SA_CAO_Simu/SA_CAO/install/turtlebot3_fake_node:/home/y/SA_CAO_Simu/SA_CAO/install/turtlebot3_gazebo:/home/y/SA_CAO_Simu/SA_CAO/install/turtlebot3_description:/home/y/SA_CAO_Simu/SA_CAO/install/turtlebot3_cartographer:/home/y/SA_CAO_Simu/SA_CAO/install/sub_dwav15:/home/y/SA_CAO_Simu/SA_CAO/install/motion_msgs:/home/y/SA_CAO_Simu/SA_CAO/install/hls_lfcd_lds_driver:/home/y/SA_CAO_Simu/SA_CAO/install/dynamixel_sdk_examples:/home/y/SA_CAO_Simu/SA_CAO/install/dynamixel_sdk_custom_interfaces:/home/y/SA_CAO_Simu/SA_CAO/install/turtlebot3_teleop:/home/y/SA_CAO_Simu/SA_CAO/install/turtlebot3_example:/home/y/SA_CAO_Simu/SA_CAO/install/pure_pursuit:/home/y/SA_CAO_Simu/SA_CAO/install/my_balance_pkg:/home/y/SA_CAO_Simu/SA_CAO/install/launch_diablo:/opt/ros/foxy LD_LIBRARY_PATH=/home/y/SA_CAO_Simu/SA_CAO/install/turtlebot3_msgs/lib:/home/y/SA_CAO_Simu/SA_CAO/install/dynamixel_sdk/lib:/home/y/SA_CAO_Simu/SA_CAO/install/motion_msgs/lib:/home/y/SA_CAO_Simu/SA_CAO/install/dynamixel_sdk_custom_interfaces/lib:/usr/local/lib:/usr/lib/aarch64-linux-gnu/gazebo-11/plugins:/opt/ros/foxy/opt/yaml_cpp_vendor/lib:/opt/ros/foxy/opt/rviz_ogre_vendor/lib:/opt/ros/foxy/lib/aarch64-linux-gnu:/opt/ros/foxy/lib PYTHONPATH=/home/y/SA_CAO_Simu/SA_CAO/install/turtlebot3_msgs/lib/python3.8/site-packages:/home/y/SA_CAO_Simu/SA_CAO/install/turtlebot3_teleop/lib/python3.8/site-packages:/home/y/SA_CAO_Simu/SA_CAO/install/turtlebot3_example/lib/python3.8/site-packages:/home/y/SA_CAO_Simu/SA_CAO/install/pure_pursuit/lib/python3.8/site-packages:/home/y/SA_CAO_Simu/SA_CAO/install/my_balance_pkg/lib/python3.8/site-packages:/home/y/SA_CAO_Simu/SA_CAO/install/motion_msgs/lib/python3.8/site-packages:/home/y/SA_CAO_Simu/SA_CAO/install/launch_diablo/lib/python3.8/site-packages:/home/y/SA_CAO_Simu/SA_CAO/install/dynamixel_sdk_custom_interfaces/lib/python3.8/site-packages:/opt/ros/foxy/lib/python3.8/site-packages /usr/bin/cmake --build /home/y/SA_CAO_Simu/SA_CAO/build/turtlebot3_node -- -j2 -l2
[16.183s] Invoking command in '/home/y/SA_CAO_Simu/SA_CAO/build/turtlebot3_node': CMAKE_PREFIX_PATH=/home/y/SA_CAO_Simu/SA_CAO/install/turtlebot3_msgs:/home/y/SA_CAO_Simu/SA_CAO/install/dynamixel_sdk:/home/y/SA_CAO_Simu/SA_CAO/install/turtlebot3:/home/y/SA_CAO_Simu/SA_CAO/install/turtlebot3_simulations:/home/y/SA_CAO_Simu/SA_CAO/install/turtlebot3_bringup:/home/y/SA_CAO_Simu/SA_CAO/install/turtlebot3_node:/home/y/SA_CAO_Simu/SA_CAO/install/turtlebot3_navigation2:/home/y/SA_CAO_Simu/SA_CAO/install/turtlebot3_fake_node:/home/y/SA_CAO_Simu/SA_CAO/install/turtlebot3_gazebo:/home/y/SA_CAO_Simu/SA_CAO/install/turtlebot3_description:/home/y/SA_CAO_Simu/SA_CAO/install/turtlebot3_cartographer:/home/y/SA_CAO_Simu/SA_CAO/install/sub_dwav15:/home/y/SA_CAO_Simu/SA_CAO/install/motion_msgs:/home/y/SA_CAO_Simu/SA_CAO/install/hls_lfcd_lds_driver:/home/y/SA_CAO_Simu/SA_CAO/install/dynamixel_sdk_examples:/home/y/SA_CAO_Simu/SA_CAO/install/dynamixel_sdk_custom_interfaces:/home/y/SA_CAO_Simu/SA_CAO/install/turtlebot3_teleop:/home/y/SA_CAO_Simu/SA_CAO/install/turtlebot3_example:/home/y/SA_CAO_Simu/SA_CAO/install/pure_pursuit:/home/y/SA_CAO_Simu/SA_CAO/install/my_balance_pkg:/home/y/SA_CAO_Simu/SA_CAO/install/launch_diablo:/opt/ros/foxy LD_LIBRARY_PATH=/home/y/SA_CAO_Simu/SA_CAO/install/turtlebot3_msgs/lib:/home/y/SA_CAO_Simu/SA_CAO/install/dynamixel_sdk/lib:/home/y/SA_CAO_Simu/SA_CAO/install/motion_msgs/lib:/home/y/SA_CAO_Simu/SA_CAO/install/dynamixel_sdk_custom_interfaces/lib:/usr/local/lib:/usr/lib/aarch64-linux-gnu/gazebo-11/plugins:/opt/ros/foxy/opt/yaml_cpp_vendor/lib:/opt/ros/foxy/opt/rviz_ogre_vendor/lib:/opt/ros/foxy/lib/aarch64-linux-gnu:/opt/ros/foxy/lib PYTHONPATH=/home/y/SA_CAO_Simu/SA_CAO/install/turtlebot3_msgs/lib/python3.8/site-packages:/home/y/SA_CAO_Simu/SA_CAO/install/turtlebot3_teleop/lib/python3.8/site-packages:/home/y/SA_CAO_Simu/SA_CAO/install/turtlebot3_example/lib/python3.8/site-packages:/home/y/SA_CAO_Simu/SA_CAO/install/pure_pursuit/lib/python3.8/site-packages:/home/y/SA_CAO_Simu/SA_CAO/install/my_balance_pkg/lib/python3.8/site-packages:/home/y/SA_CAO_Simu/SA_CAO/install/motion_msgs/lib/python3.8/site-packages:/home/y/SA_CAO_Simu/SA_CAO/install/launch_diablo/lib/python3.8/site-packages:/home/y/SA_CAO_Simu/SA_CAO/install/dynamixel_sdk_custom_interfaces/lib/python3.8/site-packages:/opt/ros/foxy/lib/python3.8/site-packages /usr/bin/cmake --install /home/y/SA_CAO_Simu/SA_CAO/build/turtlebot3_node
[16.188s] -- Install configuration: ""
[16.188s] -- Installing: /home/y/SA_CAO_Simu/SA_CAO/install/turtlebot3_node/share/turtlebot3_node/param
[16.188s] -- Installing: /home/y/SA_CAO_Simu/SA_CAO/install/turtlebot3_node/share/turtlebot3_node/param/waffle.yaml
[16.188s] -- Installing: /home/y/SA_CAO_Simu/SA_CAO/install/turtlebot3_node/share/turtlebot3_node/param/waffle_pi.yaml
[16.188s] -- Installing: /home/y/SA_CAO_Simu/SA_CAO/install/turtlebot3_node/share/turtlebot3_node/param/burger.yaml
[16.188s] -- Installing: /home/y/SA_CAO_Simu/SA_CAO/install/turtlebot3_node/lib/turtlebot3_node/turtlebot3_ros
[16.190s] -- Set runtime path of "/home/y/SA_CAO_Simu/SA_CAO/install/turtlebot3_node/lib/turtlebot3_node/turtlebot3_ros" to ""
[16.190s] -- Installing: /home/y/SA_CAO_Simu/SA_CAO/install/turtlebot3_node/share/ament_index/resource_index/package_run_dependencies/turtlebot3_node
[16.190s] -- Installing: /home/y/SA_CAO_Simu/SA_CAO/install/turtlebot3_node/share/ament_index/resource_index/parent_prefix_path/turtlebot3_node
[16.190s] -- Installing: /home/y/SA_CAO_Simu/SA_CAO/install/turtlebot3_node/share/turtlebot3_node/environment/ament_prefix_path.sh
[16.190s] -- Installing: /home/y/SA_CAO_Simu/SA_CAO/install/turtlebot3_node/share/turtlebot3_node/environment/ament_prefix_path.dsv
[16.190s] -- Installing: /home/y/SA_CAO_Simu/SA_CAO/install/turtlebot3_node/share/turtlebot3_node/environment/path.sh
[16.190s] -- Installing: /home/y/SA_CAO_Simu/SA_CAO/install/turtlebot3_node/share/turtlebot3_node/environment/path.dsv
[16.191s] -- Installing: /home/y/SA_CAO_Simu/SA_CAO/install/turtlebot3_node/share/turtlebot3_node/local_setup.bash
[16.191s] -- Installing: /home/y/SA_CAO_Simu/SA_CAO/install/turtlebot3_node/share/turtlebot3_node/local_setup.sh
[16.191s] -- Installing: /home/y/SA_CAO_Simu/SA_CAO/install/turtlebot3_node/share/turtlebot3_node/local_setup.zsh
[16.191s] -- Installing: /home/y/SA_CAO_Simu/SA_CAO/install/turtlebot3_node/share/turtlebot3_node/local_setup.dsv
[16.191s] -- Installing: /home/y/SA_CAO_Simu/SA_CAO/install/turtlebot3_node/share/turtlebot3_node/package.dsv
[16.191s] -- Installing: /home/y/SA_CAO_Simu/SA_CAO/install/turtlebot3_node/share/ament_index/resource_index/packages/turtlebot3_node
[16.191s] -- Installing: /home/y/SA_CAO_Simu/SA_CAO/install/turtlebot3_node/share/turtlebot3_node/cmake/ament_cmake_export_include_directories-extras.cmake
[16.191s] -- Installing: /home/y/SA_CAO_Simu/SA_CAO/install/turtlebot3_node/share/turtlebot3_node/cmake/turtlebot3_nodeConfig.cmake
[16.191s] -- Installing: /home/y/SA_CAO_Simu/SA_CAO/install/turtlebot3_node/share/turtlebot3_node/cmake/turtlebot3_nodeConfig-version.cmake
[16.191s] -- Installing: /home/y/SA_CAO_Simu/SA_CAO/install/turtlebot3_node/share/turtlebot3_node/package.xml
[16.192s] Invoked command in '/home/y/SA_CAO_Simu/SA_CAO/build/turtlebot3_node' returned '0': CMAKE_PREFIX_PATH=/home/y/SA_CAO_Simu/SA_CAO/install/turtlebot3_msgs:/home/y/SA_CAO_Simu/SA_CAO/install/dynamixel_sdk:/home/y/SA_CAO_Simu/SA_CAO/install/turtlebot3:/home/y/SA_CAO_Simu/SA_CAO/install/turtlebot3_simulations:/home/y/SA_CAO_Simu/SA_CAO/install/turtlebot3_bringup:/home/y/SA_CAO_Simu/SA_CAO/install/turtlebot3_node:/home/y/SA_CAO_Simu/SA_CAO/install/turtlebot3_navigation2:/home/y/SA_CAO_Simu/SA_CAO/install/turtlebot3_fake_node:/home/y/SA_CAO_Simu/SA_CAO/install/turtlebot3_gazebo:/home/y/SA_CAO_Simu/SA_CAO/install/turtlebot3_description:/home/y/SA_CAO_Simu/SA_CAO/install/turtlebot3_cartographer:/home/y/SA_CAO_Simu/SA_CAO/install/sub_dwav15:/home/y/SA_CAO_Simu/SA_CAO/install/motion_msgs:/home/y/SA_CAO_Simu/SA_CAO/install/hls_lfcd_lds_driver:/home/y/SA_CAO_Simu/SA_CAO/install/dynamixel_sdk_examples:/home/y/SA_CAO_Simu/SA_CAO/install/dynamixel_sdk_custom_interfaces:/home/y/SA_CAO_Simu/SA_CAO/install/turtlebot3_teleop:/home/y/SA_CAO_Simu/SA_CAO/install/turtlebot3_example:/home/y/SA_CAO_Simu/SA_CAO/install/pure_pursuit:/home/y/SA_CAO_Simu/SA_CAO/install/my_balance_pkg:/home/y/SA_CAO_Simu/SA_CAO/install/launch_diablo:/opt/ros/foxy LD_LIBRARY_PATH=/home/y/SA_CAO_Simu/SA_CAO/install/turtlebot3_msgs/lib:/home/y/SA_CAO_Simu/SA_CAO/install/dynamixel_sdk/lib:/home/y/SA_CAO_Simu/SA_CAO/install/motion_msgs/lib:/home/y/SA_CAO_Simu/SA_CAO/install/dynamixel_sdk_custom_interfaces/lib:/usr/local/lib:/usr/lib/aarch64-linux-gnu/gazebo-11/plugins:/opt/ros/foxy/opt/yaml_cpp_vendor/lib:/opt/ros/foxy/opt/rviz_ogre_vendor/lib:/opt/ros/foxy/lib/aarch64-linux-gnu:/opt/ros/foxy/lib PYTHONPATH=/home/y/SA_CAO_Simu/SA_CAO/install/turtlebot3_msgs/lib/python3.8/site-packages:/home/y/SA_CAO_Simu/SA_CAO/install/turtlebot3_teleop/lib/python3.8/site-packages:/home/y/SA_CAO_Simu/SA_CAO/install/turtlebot3_example/lib/python3.8/site-packages:/home/y/SA_CAO_Simu/SA_CAO/install/pure_pursuit/lib/python3.8/site-packages:/home/y/SA_CAO_Simu/SA_CAO/install/my_balance_pkg/lib/python3.8/site-packages:/home/y/SA_CAO_Simu/SA_CAO/install/motion_msgs/lib/python3.8/site-packages:/home/y/SA_CAO_Simu/SA_CAO/install/launch_diablo/lib/python3.8/site-packages:/home/y/SA_CAO_Simu/SA_CAO/install/dynamixel_sdk_custom_interfaces/lib/python3.8/site-packages:/opt/ros/foxy/lib/python3.8/site-packages /usr/bin/cmake --install /home/y/SA_CAO_Simu/SA_CAO/build/turtlebot3_node
