[0.054s] Invoking command in '/home/y/SA_CAO/build/diablo_utils': CMAKE_PREFIX_PATH=/home/y/SA_CAO/install/motion_msgs:/home/y/SA_CAO/install/diablo_simpose_trans:/home/y/SA_CAO/install/diablo_ctrl:/home/y/SA_CAO/install/diablo_body:/home/y/SA_CAO/install/diablo_utils:/home/y/SA_CAO/install/diablo_rviz2_control_plugin:/home/y/SA_CAO/install/ception_msgs:/home/y/SA_CAO/install/my_xbox_joystick:/home/y/SA_CAO/install/diablo_teleop:/home/y/SA_CAO/install/diablo_simulation:/opt/ros/foxy:/home/y/oradar_ros/install/oradar_lidar LD_LIBRARY_PATH=/home/y/SA_CAO/install/motion_msgs/lib:/home/y/SA_CAO/install/diablo_body/lib:/home/y/SA_CAO/install/diablo_utils/lib:/home/y/SA_CAO/install/diablo_rviz2_control_plugin/lib:/home/y/SA_CAO/install/ception_msgs/lib:/usr/lib/x86_64-linux-gnu/gazebo-11/plugins:/opt/ros/foxy/opt/yaml_cpp_vendor/lib:/opt/ros/foxy/opt/rviz_ogre_vendor/lib:/opt/ros/foxy/lib/x86_64-linux-gnu:/opt/ros/foxy/lib PYTHONPATH=/home/y/SA_CAO/install/motion_msgs/lib/python3.8/site-packages:/home/y/SA_CAO/install/my_xbox_joystick/lib/python3.8/site-packages:/home/y/SA_CAO/install/diablo_teleop/lib/python3.8/site-packages:/home/y/SA_CAO/install/diablo_simulation/lib/python3.8/site-packages:/home/y/SA_CAO/install/ception_msgs/lib/python3.8/site-packages:/opt/ros/foxy/lib/python3.8/site-packages /usr/bin/cmake --build /home/y/SA_CAO/build/diablo_utils -- -j2 -l2
[0.137s] [100%] Built target diablo_utils_core
[0.235s] Invoked command in '/home/y/SA_CAO/build/diablo_utils' returned '0': CMAKE_PREFIX_PATH=/home/y/SA_CAO/install/motion_msgs:/home/y/SA_CAO/install/diablo_simpose_trans:/home/y/SA_CAO/install/diablo_ctrl:/home/y/SA_CAO/install/diablo_body:/home/y/SA_CAO/install/diablo_utils:/home/y/SA_CAO/install/diablo_rviz2_control_plugin:/home/y/SA_CAO/install/ception_msgs:/home/y/SA_CAO/install/my_xbox_joystick:/home/y/SA_CAO/install/diablo_teleop:/home/y/SA_CAO/install/diablo_simulation:/opt/ros/foxy:/home/y/oradar_ros/install/oradar_lidar LD_LIBRARY_PATH=/home/y/SA_CAO/install/motion_msgs/lib:/home/y/SA_CAO/install/diablo_body/lib:/home/y/SA_CAO/install/diablo_utils/lib:/home/y/SA_CAO/install/diablo_rviz2_control_plugin/lib:/home/y/SA_CAO/install/ception_msgs/lib:/usr/lib/x86_64-linux-gnu/gazebo-11/plugins:/opt/ros/foxy/opt/yaml_cpp_vendor/lib:/opt/ros/foxy/opt/rviz_ogre_vendor/lib:/opt/ros/foxy/lib/x86_64-linux-gnu:/opt/ros/foxy/lib PYTHONPATH=/home/y/SA_CAO/install/motion_msgs/lib/python3.8/site-packages:/home/y/SA_CAO/install/my_xbox_joystick/lib/python3.8/site-packages:/home/y/SA_CAO/install/diablo_teleop/lib/python3.8/site-packages:/home/y/SA_CAO/install/diablo_simulation/lib/python3.8/site-packages:/home/y/SA_CAO/install/ception_msgs/lib/python3.8/site-packages:/opt/ros/foxy/lib/python3.8/site-packages /usr/bin/cmake --build /home/y/SA_CAO/build/diablo_utils -- -j2 -l2
[0.237s] Invoking command in '/home/y/SA_CAO/build/diablo_utils': CMAKE_PREFIX_PATH=/home/y/SA_CAO/install/motion_msgs:/home/y/SA_CAO/install/diablo_simpose_trans:/home/y/SA_CAO/install/diablo_ctrl:/home/y/SA_CAO/install/diablo_body:/home/y/SA_CAO/install/diablo_utils:/home/y/SA_CAO/install/diablo_rviz2_control_plugin:/home/y/SA_CAO/install/ception_msgs:/home/y/SA_CAO/install/my_xbox_joystick:/home/y/SA_CAO/install/diablo_teleop:/home/y/SA_CAO/install/diablo_simulation:/opt/ros/foxy:/home/y/oradar_ros/install/oradar_lidar LD_LIBRARY_PATH=/home/y/SA_CAO/install/motion_msgs/lib:/home/y/SA_CAO/install/diablo_body/lib:/home/y/SA_CAO/install/diablo_utils/lib:/home/y/SA_CAO/install/diablo_rviz2_control_plugin/lib:/home/y/SA_CAO/install/ception_msgs/lib:/usr/lib/x86_64-linux-gnu/gazebo-11/plugins:/opt/ros/foxy/opt/yaml_cpp_vendor/lib:/opt/ros/foxy/opt/rviz_ogre_vendor/lib:/opt/ros/foxy/lib/x86_64-linux-gnu:/opt/ros/foxy/lib PYTHONPATH=/home/y/SA_CAO/install/motion_msgs/lib/python3.8/site-packages:/home/y/SA_CAO/install/my_xbox_joystick/lib/python3.8/site-packages:/home/y/SA_CAO/install/diablo_teleop/lib/python3.8/site-packages:/home/y/SA_CAO/install/diablo_simulation/lib/python3.8/site-packages:/home/y/SA_CAO/install/ception_msgs/lib/python3.8/site-packages:/opt/ros/foxy/lib/python3.8/site-packages /usr/bin/cmake --install /home/y/SA_CAO/build/diablo_utils
[0.246s] -- Install configuration: ""
[0.246s] -- Up-to-date: /home/y/SA_CAO/install/diablo_utils/include/
[0.246s] -- Up-to-date: /home/y/SA_CAO/install/diablo_utils/include//diablo_utils
[0.246s] -- Up-to-date: /home/y/SA_CAO/install/diablo_utils/include//diablo_utils/VulcanSerial
[0.246s] -- Up-to-date: /home/y/SA_CAO/install/diablo_utils/include//diablo_utils/VulcanSerial/Exception.hpp
[0.246s] -- Up-to-date: /home/y/SA_CAO/install/diablo_utils/include//diablo_utils/VulcanSerial/SerialPort.hpp
[0.246s] -- Up-to-date: /home/y/SA_CAO/install/diablo_utils/include//diablo_utils/diablo_tools
[0.247s] -- Up-to-date: /home/y/SA_CAO/install/diablo_utils/include//diablo_utils/diablo_tools/osdk_crc.hpp
[0.247s] -- Up-to-date: /home/y/SA_CAO/install/diablo_utils/include//diablo_utils/diablo_tools/osdk_header.hpp
[0.247s] -- Up-to-date: /home/y/SA_CAO/install/diablo_utils/include//diablo_utils/diablo_tools/osdk_vehicle.hpp
[0.247s] -- Up-to-date: /home/y/SA_CAO/install/diablo_utils/include//diablo_utils/diablo_tools/osdk_virtual_rc.hpp
[0.248s] -- Up-to-date: /home/y/SA_CAO/install/diablo_utils/include//diablo_utils/diablo_tools/osdk_ddj_m15.hpp
[0.248s] -- Up-to-date: /home/y/SA_CAO/install/diablo_utils/include//diablo_utils/diablo_tools/osdk_hal.hpp
[0.248s] -- Up-to-date: /home/y/SA_CAO/install/diablo_utils/include//diablo_utils/diablo_tools/osdk_movement.hpp
[0.248s] -- Up-to-date: /home/y/SA_CAO/install/diablo_utils/include//diablo_utils/diablo_tools/onboard_sdk_uart_protocol.h
[0.248s] -- Up-to-date: /home/y/SA_CAO/install/diablo_utils/include//diablo_utils/diablo_tools/osdk_telemetry.hpp
[0.248s] -- Up-to-date: /home/y/SA_CAO/install/diablo_utils/lib/libdiablo_utils_core.so
[0.249s] -- Up-to-date: /home/y/SA_CAO/install/diablo_utils/share/diablo_utils/environment/library_path.sh
[0.249s] -- Up-to-date: /home/y/SA_CAO/install/diablo_utils/share/diablo_utils/environment/library_path.dsv
[0.249s] -- Up-to-date: /home/y/SA_CAO/install/diablo_utils/share/ament_index/resource_index/package_run_dependencies/diablo_utils
[0.250s] -- Up-to-date: /home/y/SA_CAO/install/diablo_utils/share/ament_index/resource_index/parent_prefix_path/diablo_utils
[0.250s] -- Up-to-date: /home/y/SA_CAO/install/diablo_utils/share/diablo_utils/environment/ament_prefix_path.sh
[0.250s] -- Up-to-date: /home/y/SA_CAO/install/diablo_utils/share/diablo_utils/environment/ament_prefix_path.dsv
[0.250s] -- Up-to-date: /home/y/SA_CAO/install/diablo_utils/share/diablo_utils/environment/path.sh
[0.250s] -- Up-to-date: /home/y/SA_CAO/install/diablo_utils/share/diablo_utils/environment/path.dsv
[0.251s] -- Up-to-date: /home/y/SA_CAO/install/diablo_utils/share/diablo_utils/local_setup.bash
[0.251s] -- Up-to-date: /home/y/SA_CAO/install/diablo_utils/share/diablo_utils/local_setup.sh
[0.251s] -- Up-to-date: /home/y/SA_CAO/install/diablo_utils/share/diablo_utils/local_setup.zsh
[0.251s] -- Up-to-date: /home/y/SA_CAO/install/diablo_utils/share/diablo_utils/local_setup.dsv
[0.251s] -- Installing: /home/y/SA_CAO/install/diablo_utils/share/diablo_utils/package.dsv
[0.252s] -- Up-to-date: /home/y/SA_CAO/install/diablo_utils/share/ament_index/resource_index/packages/diablo_utils
[0.252s] -- Up-to-date: /home/y/SA_CAO/install/diablo_utils/share/diablo_utils/cmake/ament_cmake_export_include_directories-extras.cmake
[0.252s] -- Up-to-date: /home/y/SA_CAO/install/diablo_utils/share/diablo_utils/cmake/ament_cmake_export_libraries-extras.cmake
[0.253s] -- Up-to-date: /home/y/SA_CAO/install/diablo_utils/share/diablo_utils/cmake/ament_cmake_export_dependencies-extras.cmake
[0.253s] -- Up-to-date: /home/y/SA_CAO/install/diablo_utils/share/diablo_utils/cmake/diablo_utilsConfig.cmake
[0.253s] -- Up-to-date: /home/y/SA_CAO/install/diablo_utils/share/diablo_utils/cmake/diablo_utilsConfig-version.cmake
[0.253s] -- Up-to-date: /home/y/SA_CAO/install/diablo_utils/share/diablo_utils/package.xml
[0.256s] Invoked command in '/home/y/SA_CAO/build/diablo_utils' returned '0': CMAKE_PREFIX_PATH=/home/y/SA_CAO/install/motion_msgs:/home/y/SA_CAO/install/diablo_simpose_trans:/home/y/SA_CAO/install/diablo_ctrl:/home/y/SA_CAO/install/diablo_body:/home/y/SA_CAO/install/diablo_utils:/home/y/SA_CAO/install/diablo_rviz2_control_plugin:/home/y/SA_CAO/install/ception_msgs:/home/y/SA_CAO/install/my_xbox_joystick:/home/y/SA_CAO/install/diablo_teleop:/home/y/SA_CAO/install/diablo_simulation:/opt/ros/foxy:/home/y/oradar_ros/install/oradar_lidar LD_LIBRARY_PATH=/home/y/SA_CAO/install/motion_msgs/lib:/home/y/SA_CAO/install/diablo_body/lib:/home/y/SA_CAO/install/diablo_utils/lib:/home/y/SA_CAO/install/diablo_rviz2_control_plugin/lib:/home/y/SA_CAO/install/ception_msgs/lib:/usr/lib/x86_64-linux-gnu/gazebo-11/plugins:/opt/ros/foxy/opt/yaml_cpp_vendor/lib:/opt/ros/foxy/opt/rviz_ogre_vendor/lib:/opt/ros/foxy/lib/x86_64-linux-gnu:/opt/ros/foxy/lib PYTHONPATH=/home/y/SA_CAO/install/motion_msgs/lib/python3.8/site-packages:/home/y/SA_CAO/install/my_xbox_joystick/lib/python3.8/site-packages:/home/y/SA_CAO/install/diablo_teleop/lib/python3.8/site-packages:/home/y/SA_CAO/install/diablo_simulation/lib/python3.8/site-packages:/home/y/SA_CAO/install/ception_msgs/lib/python3.8/site-packages:/opt/ros/foxy/lib/python3.8/site-packages /usr/bin/cmake --install /home/y/SA_CAO/build/diablo_utils
