[0.007s] Invoking command in '/home/y/SA_CAO_Simu/SA_CAO/build/hls_lfcd_lds_driver': CMAKE_PREFIX_PATH=${CMAKE_PREFIX_PATH}:/home/y/SA_CAO_Simu/SA_CAO/install/turtlebot3_teleop:/home/y/SA_CAO_Simu/SA_CAO/install/turtlebot3_example:/home/y/SA_CAO_Simu/SA_CAO/install/pure_pursuit:/home/y/SA_CAO_Simu/SA_CAO/install/my_balance_pkg:/home/y/SA_CAO_Simu/SA_CAO/install/launch_diablo:/opt/ros/foxy /usr/bin/cmake --build /home/y/SA_CAO_Simu/SA_CAO/build/hls_lfcd_lds_driver -- -j2 -l2
[0.059s] [100%] Built target hlds_laser_publisher
[0.064s] Invoked command in '/home/y/SA_CAO_Simu/SA_CAO/build/hls_lfcd_lds_driver' returned '0': CMAKE_PREFIX_PATH=${CMAKE_PREFIX_PATH}:/home/y/SA_CAO_Simu/SA_CAO/install/turtlebot3_teleop:/home/y/SA_CAO_Simu/SA_CAO/install/turtlebot3_example:/home/y/SA_CAO_Simu/SA_CAO/install/pure_pursuit:/home/y/SA_CAO_Simu/SA_CAO/install/my_balance_pkg:/home/y/SA_CAO_Simu/SA_CAO/install/launch_diablo:/opt/ros/foxy /usr/bin/cmake --build /home/y/SA_CAO_Simu/SA_CAO/build/hls_lfcd_lds_driver -- -j2 -l2
[0.066s] Invoking command in '/home/y/SA_CAO_Simu/SA_CAO/build/hls_lfcd_lds_driver': CMAKE_PREFIX_PATH=${CMAKE_PREFIX_PATH}:/home/y/SA_CAO_Simu/SA_CAO/install/turtlebot3_teleop:/home/y/SA_CAO_Simu/SA_CAO/install/turtlebot3_example:/home/y/SA_CAO_Simu/SA_CAO/install/pure_pursuit:/home/y/SA_CAO_Simu/SA_CAO/install/my_balance_pkg:/home/y/SA_CAO_Simu/SA_CAO/install/launch_diablo:/opt/ros/foxy /usr/bin/cmake --install /home/y/SA_CAO_Simu/SA_CAO/build/hls_lfcd_lds_driver
[0.075s] -- Install configuration: ""
[0.075s] -- Up-to-date: /home/y/SA_CAO_Simu/SA_CAO/install/hls_lfcd_lds_driver/share/hls_lfcd_lds_driver/launch
[0.076s] -- Up-to-date: /home/y/SA_CAO_Simu/SA_CAO/install/hls_lfcd_lds_driver/share/hls_lfcd_lds_driver/launch/view_hlds_laser.launch.py
[0.076s] -- Up-to-date: /home/y/SA_CAO_Simu/SA_CAO/install/hls_lfcd_lds_driver/share/hls_lfcd_lds_driver/launch/hlds_laser.launch.py
[0.076s] -- Up-to-date: /home/y/SA_CAO_Simu/SA_CAO/install/hls_lfcd_lds_driver/share/hls_lfcd_lds_driver/rviz
[0.076s] -- Up-to-date: /home/y/SA_CAO_Simu/SA_CAO/install/hls_lfcd_lds_driver/share/hls_lfcd_lds_driver/rviz/hlds_laser.rviz
[0.076s] -- Up-to-date: /home/y/SA_CAO_Simu/SA_CAO/install/hls_lfcd_lds_driver/lib/hls_lfcd_lds_driver/hlds_laser_publisher
[0.077s] -- Up-to-date: /home/y/SA_CAO_Simu/SA_CAO/install/hls_lfcd_lds_driver/share/ament_index/resource_index/package_run_dependencies/hls_lfcd_lds_driver
[0.077s] -- Up-to-date: /home/y/SA_CAO_Simu/SA_CAO/install/hls_lfcd_lds_driver/share/ament_index/resource_index/parent_prefix_path/hls_lfcd_lds_driver
[0.077s] -- Up-to-date: /home/y/SA_CAO_Simu/SA_CAO/install/hls_lfcd_lds_driver/share/hls_lfcd_lds_driver/environment/ament_prefix_path.sh
[0.077s] -- Up-to-date: /home/y/SA_CAO_Simu/SA_CAO/install/hls_lfcd_lds_driver/share/hls_lfcd_lds_driver/environment/ament_prefix_path.dsv
[0.077s] -- Up-to-date: /home/y/SA_CAO_Simu/SA_CAO/install/hls_lfcd_lds_driver/share/hls_lfcd_lds_driver/environment/path.sh
[0.077s] -- Up-to-date: /home/y/SA_CAO_Simu/SA_CAO/install/hls_lfcd_lds_driver/share/hls_lfcd_lds_driver/environment/path.dsv
[0.077s] -- Up-to-date: /home/y/SA_CAO_Simu/SA_CAO/install/hls_lfcd_lds_driver/share/hls_lfcd_lds_driver/local_setup.bash
[0.077s] -- Up-to-date: /home/y/SA_CAO_Simu/SA_CAO/install/hls_lfcd_lds_driver/share/hls_lfcd_lds_driver/local_setup.sh
[0.077s] -- Up-to-date: /home/y/SA_CAO_Simu/SA_CAO/install/hls_lfcd_lds_driver/share/hls_lfcd_lds_driver/local_setup.zsh
[0.077s] -- Up-to-date: /home/y/SA_CAO_Simu/SA_CAO/install/hls_lfcd_lds_driver/share/hls_lfcd_lds_driver/local_setup.dsv
[0.077s] -- Installing: /home/y/SA_CAO_Simu/SA_CAO/install/hls_lfcd_lds_driver/share/hls_lfcd_lds_driver/package.dsv
[0.077s] -- Up-to-date: /home/y/SA_CAO_Simu/SA_CAO/install/hls_lfcd_lds_driver/share/ament_index/resource_index/packages/hls_lfcd_lds_driver
[0.078s] -- Up-to-date: /home/y/SA_CAO_Simu/SA_CAO/install/hls_lfcd_lds_driver/share/hls_lfcd_lds_driver/cmake/ament_cmake_export_dependencies-extras.cmake
[0.078s] -- Up-to-date: /home/y/SA_CAO_Simu/SA_CAO/install/hls_lfcd_lds_driver/share/hls_lfcd_lds_driver/cmake/ament_cmake_export_include_directories-extras.cmake
[0.078s] -- Up-to-date: /home/y/SA_CAO_Simu/SA_CAO/install/hls_lfcd_lds_driver/share/hls_lfcd_lds_driver/cmake/hls_lfcd_lds_driverConfig.cmake
[0.078s] -- Up-to-date: /home/y/SA_CAO_Simu/SA_CAO/install/hls_lfcd_lds_driver/share/hls_lfcd_lds_driver/cmake/hls_lfcd_lds_driverConfig-version.cmake
[0.078s] -- Up-to-date: /home/y/SA_CAO_Simu/SA_CAO/install/hls_lfcd_lds_driver/share/hls_lfcd_lds_driver/package.xml
[0.079s] Invoked command in '/home/y/SA_CAO_Simu/SA_CAO/build/hls_lfcd_lds_driver' returned '0': CMAKE_PREFIX_PATH=${CMAKE_PREFIX_PATH}:/home/y/SA_CAO_Simu/SA_CAO/install/turtlebot3_teleop:/home/y/SA_CAO_Simu/SA_CAO/install/turtlebot3_example:/home/y/SA_CAO_Simu/SA_CAO/install/pure_pursuit:/home/y/SA_CAO_Simu/SA_CAO/install/my_balance_pkg:/home/y/SA_CAO_Simu/SA_CAO/install/launch_diablo:/opt/ros/foxy /usr/bin/cmake --install /home/y/SA_CAO_Simu/SA_CAO/build/hls_lfcd_lds_driver
