[0.284s] Invoking command in '/home/y/SA_CAO_Simu/SA_CAO/src/launch_diablo': PYTHONPATH=/home/y/SA_CAO_Simu/SA_CAO/build/launch_diablo/prefix_override:/usr/lib/python3/dist-packages/colcon_core/task/python/colcon_distutils_commands:/home/y/SA_CAO_Simu/SA_CAO/install/launch_diablo/lib/python3.8/site-packages:${PYTHONPATH} /usr/bin/python3 -W ignore:setup.py install is deprecated -W ignore:easy_install command is deprecated setup.py egg_info --egg-base ../../build/launch_diablo build --build-base /home/y/SA_CAO_Simu/SA_CAO/build/launch_diablo/build install --record /home/y/SA_CAO_Simu/SA_CAO/build/launch_diablo/install.log --install-scripts $base/lib/robot_launch --single-version-externally-managed install_data
[0.365s] running egg_info
[0.365s] creating ../../build/launch_diablo/launch_diablo.egg-info
[0.365s] writing ../../build/launch_diablo/launch_diablo.egg-info/PKG-INFO
[0.365s] writing dependency_links to ../../build/launch_diablo/launch_diablo.egg-info/dependency_links.txt
[0.365s] writing entry points to ../../build/launch_diablo/launch_diablo.egg-info/entry_points.txt
[0.365s] writing requirements to ../../build/launch_diablo/launch_diablo.egg-info/requires.txt
[0.366s] writing top-level names to ../../build/launch_diablo/launch_diablo.egg-info/top_level.txt
[0.366s] writing manifest file '../../build/launch_diablo/launch_diablo.egg-info/SOURCES.txt'
[0.378s] reading manifest file '../../build/launch_diablo/launch_diablo.egg-info/SOURCES.txt'
[0.378s] writing manifest file '../../build/launch_diablo/launch_diablo.egg-info/SOURCES.txt'
[0.378s] running build
[0.378s] running build_py
[0.378s] creating /home/y/SA_CAO_Simu/SA_CAO/build/launch_diablo/build
[0.378s] creating /home/y/SA_CAO_Simu/SA_CAO/build/launch_diablo/build/lib
[0.378s] creating /home/y/SA_CAO_Simu/SA_CAO/build/launch_diablo/build/lib/launch_diablo
[0.378s] copying launch_diablo/__init__.py -> /home/y/SA_CAO_Simu/SA_CAO/build/launch_diablo/build/lib/launch_diablo
[0.378s] running install
[0.379s] running install_lib
[0.379s] creating /home/y/SA_CAO_Simu/SA_CAO/install/launch_diablo/lib/python3.8/site-packages/launch_diablo
[0.379s] copying /home/y/SA_CAO_Simu/SA_CAO/build/launch_diablo/build/lib/launch_diablo/__init__.py -> /home/y/SA_CAO_Simu/SA_CAO/install/launch_diablo/lib/python3.8/site-packages/launch_diablo
[0.379s] byte-compiling /home/y/SA_CAO_Simu/SA_CAO/install/launch_diablo/lib/python3.8/site-packages/launch_diablo/__init__.py to __init__.cpython-38.pyc
[0.380s] running install_data
[0.380s] copying package.xml -> /home/y/SA_CAO_Simu/SA_CAO/install/launch_diablo/share/launch_diablo
[0.380s] creating /home/y/SA_CAO_Simu/SA_CAO/install/launch_diablo/share/ament_index
[0.380s] creating /home/y/SA_CAO_Simu/SA_CAO/install/launch_diablo/share/ament_index/resource_index
[0.380s] creating /home/y/SA_CAO_Simu/SA_CAO/install/launch_diablo/share/ament_index/resource_index/packages
[0.380s] copying resource/launch_diablo -> /home/y/SA_CAO_Simu/SA_CAO/install/launch_diablo/share/ament_index/resource_index/packages
[0.380s] creating /home/y/SA_CAO_Simu/SA_CAO/install/launch_diablo/share/launch_diablo/launch
[0.380s] copying launch/launch_diablo.py -> /home/y/SA_CAO_Simu/SA_CAO/install/launch_diablo/share/launch_diablo/launch
[0.380s] running install_egg_info
[0.381s] Copying ../../build/launch_diablo/launch_diablo.egg-info to /home/y/SA_CAO_Simu/SA_CAO/install/launch_diablo/lib/python3.8/site-packages/launch_diablo-0.0.0-py3.8.egg-info
[0.381s] running install_scripts
[0.388s] writing list of installed files to '/home/y/SA_CAO_Simu/SA_CAO/build/launch_diablo/install.log'
[0.400s] Invoked command in '/home/y/SA_CAO_Simu/SA_CAO/src/launch_diablo' returned '0': PYTHONPATH=/home/y/SA_CAO_Simu/SA_CAO/build/launch_diablo/prefix_override:/usr/lib/python3/dist-packages/colcon_core/task/python/colcon_distutils_commands:/home/y/SA_CAO_Simu/SA_CAO/install/launch_diablo/lib/python3.8/site-packages:${PYTHONPATH} /usr/bin/python3 -W ignore:setup.py install is deprecated -W ignore:easy_install command is deprecated setup.py egg_info --egg-base ../../build/launch_diablo build --build-base /home/y/SA_CAO_Simu/SA_CAO/build/launch_diablo/build install --record /home/y/SA_CAO_Simu/SA_CAO/build/launch_diablo/install.log --install-scripts $base/lib/robot_launch --single-version-externally-managed install_data
