[1.474s] Invoking command in '/home/y/SA_CAO_test_ws/src/turtlebot3/turtlebot3/turtlebot3_example': CMAKE_PREFIX_PATH=/home/y/SA_CAO_test_ws/install/turtlebot3_msgs:/home/y/SA_CAO_test_ws/install/turtlebot3:/home/y/SA_CAO_test_ws/install/turtlebot3_simulations:/home/y/SA_CAO_test_ws/install/turtlebot3_bringup:/home/y/SA_CAO_test_ws/install/turtlebot3_node:/home/y/SA_CAO_test_ws/install/turtlebot3_navigation2:/home/y/SA_CAO_test_ws/install/turtlebot3_fake_node:/home/y/SA_CAO_test_ws/install/turtlebot3_gazebo:/home/y/SA_CAO_test_ws/install/turtlebot3_description:/home/y/SA_CAO_test_ws/install/turtlebot3_cartographer:/home/y/SA_CAO_test_ws/install/sub_diablo2023a:/home/y/SA_CAO_test_ws/install/motion_msgs:/home/y/SA_CAO_test_ws/install/hls_lfcd_lds_driver:/home/y/SA_CAO_test_ws/install/dynamixel_sdk_examples:/home/y/SA_CAO_test_ws/install/dynamixel_sdk_custom_interfaces:/home/y/SA_CAO_test_ws/install/dynamixel_sdk:/home/y/oradar_ros/install/oradar_lidar PYTHONPATH=/home/y/SA_CAO_test_ws/build/turtlebot3_example/prefix_override:/usr/lib/python3/dist-packages/colcon_core/task/python/colcon_distutils_commands:/home/y/SA_CAO_test_ws/install/turtlebot3_example/lib/python3.8/site-packages:/home/y/SA_CAO_test_ws/install/turtlebot3_msgs/lib/python3.8/site-packages:/home/y/SA_CAO_test_ws/install/turtlebot3_teleop/lib/python3.8/site-packages:/home/y/SA_CAO_test_ws/install/turtlebot3_example/lib/python3.8/site-packages:/home/y/SA_CAO_test_ws/install/my_joystick/lib/python3.8/site-packages:/home/y/SA_CAO_test_ws/install/motion_msgs/lib/python3.8/site-packages:/home/y/SA_CAO_test_ws/install/launch_diablo/lib/python3.8/site-packages:/home/y/SA_CAO_test_ws/install/dynamixel_sdk_custom_interfaces/lib/python3.8/site-packages:/opt/ros/foxy/lib/python3.8/site-packages /usr/bin/python3 -W ignore:setup.py install is deprecated -W ignore:easy_install command is deprecated setup.py egg_info --egg-base ../../../../build/turtlebot3_example build --build-base /home/y/SA_CAO_test_ws/build/turtlebot3_example/build install --record /home/y/SA_CAO_test_ws/build/turtlebot3_example/install.log --single-version-externally-managed install_data
[1.982s] running egg_info
[1.983s] creating ../../../../build/turtlebot3_example/turtlebot3_example.egg-info
[1.984s] writing ../../../../build/turtlebot3_example/turtlebot3_example.egg-info/PKG-INFO
[1.985s] writing dependency_links to ../../../../build/turtlebot3_example/turtlebot3_example.egg-info/dependency_links.txt
[1.986s] writing entry points to ../../../../build/turtlebot3_example/turtlebot3_example.egg-info/entry_points.txt
[1.986s] writing requirements to ../../../../build/turtlebot3_example/turtlebot3_example.egg-info/requires.txt
[1.987s] writing top-level names to ../../../../build/turtlebot3_example/turtlebot3_example.egg-info/top_level.txt
[1.991s] writing manifest file '../../../../build/turtlebot3_example/turtlebot3_example.egg-info/SOURCES.txt'
[2.041s] reading manifest file '../../../../build/turtlebot3_example/turtlebot3_example.egg-info/SOURCES.txt'
[2.043s] writing manifest file '../../../../build/turtlebot3_example/turtlebot3_example.egg-info/SOURCES.txt'
[2.044s] running build
[2.044s] running build_py
[2.045s] creating /home/y/SA_CAO_test_ws/build/turtlebot3_example/build
[2.045s] creating /home/y/SA_CAO_test_ws/build/turtlebot3_example/build/lib
[2.046s] creating /home/y/SA_CAO_test_ws/build/turtlebot3_example/build/lib/turtlebot3_example
[2.047s] copying turtlebot3_example/__init__.py -> /home/y/SA_CAO_test_ws/build/turtlebot3_example/build/lib/turtlebot3_example
[2.048s] creating /home/y/SA_CAO_test_ws/build/turtlebot3_example/build/lib/turtlebot3_example/turtlebot3_patrol_client
[2.048s] copying turtlebot3_example/turtlebot3_patrol_client/__init__.py -> /home/y/SA_CAO_test_ws/build/turtlebot3_example/build/lib/turtlebot3_example/turtlebot3_patrol_client
[2.049s] copying turtlebot3_example/turtlebot3_patrol_client/turtlebot3_patrol_client.py -> /home/y/SA_CAO_test_ws/build/turtlebot3_example/build/lib/turtlebot3_example/turtlebot3_patrol_client
[2.050s] copying turtlebot3_example/turtlebot3_patrol_client/main.py -> /home/y/SA_CAO_test_ws/build/turtlebot3_example/build/lib/turtlebot3_example/turtlebot3_patrol_client
[2.051s] creating /home/y/SA_CAO_test_ws/build/turtlebot3_example/build/lib/turtlebot3_example/turtlebot3_patrol_server
[2.052s] copying turtlebot3_example/turtlebot3_patrol_server/__init__.py -> /home/y/SA_CAO_test_ws/build/turtlebot3_example/build/lib/turtlebot3_example/turtlebot3_patrol_server
[2.053s] copying turtlebot3_example/turtlebot3_patrol_server/turtlebot3_patrol_server.py -> /home/y/SA_CAO_test_ws/build/turtlebot3_example/build/lib/turtlebot3_example/turtlebot3_patrol_server
[2.055s] copying turtlebot3_example/turtlebot3_patrol_server/main.py -> /home/y/SA_CAO_test_ws/build/turtlebot3_example/build/lib/turtlebot3_example/turtlebot3_patrol_server
[2.056s] copying turtlebot3_example/turtlebot3_patrol_server/turtlebot3_path.py -> /home/y/SA_CAO_test_ws/build/turtlebot3_example/build/lib/turtlebot3_example/turtlebot3_patrol_server
[2.057s] creating /home/y/SA_CAO_test_ws/build/turtlebot3_example/build/lib/turtlebot3_example/turtlebot3_position_control
[2.057s] copying turtlebot3_example/turtlebot3_position_control/turtlebot3_position_control.py -> /home/y/SA_CAO_test_ws/build/turtlebot3_example/build/lib/turtlebot3_example/turtlebot3_position_control
[2.058s] copying turtlebot3_example/turtlebot3_position_control/__init__.py -> /home/y/SA_CAO_test_ws/build/turtlebot3_example/build/lib/turtlebot3_example/turtlebot3_position_control
[2.059s] copying turtlebot3_example/turtlebot3_position_control/main.py -> /home/y/SA_CAO_test_ws/build/turtlebot3_example/build/lib/turtlebot3_example/turtlebot3_position_control
[2.060s] copying turtlebot3_example/turtlebot3_position_control/turtlebot3_path.py -> /home/y/SA_CAO_test_ws/build/turtlebot3_example/build/lib/turtlebot3_example/turtlebot3_position_control
[2.061s] creating /home/y/SA_CAO_test_ws/build/turtlebot3_example/build/lib/turtlebot3_example/turtlebot3_obstacle_detection
[2.062s] copying turtlebot3_example/turtlebot3_obstacle_detection/turtlebot3_obstacle_detection.py -> /home/y/SA_CAO_test_ws/build/turtlebot3_example/build/lib/turtlebot3_example/turtlebot3_obstacle_detection
[2.063s] copying turtlebot3_example/turtlebot3_obstacle_detection/__init__.py -> /home/y/SA_CAO_test_ws/build/turtlebot3_example/build/lib/turtlebot3_example/turtlebot3_obstacle_detection
[2.064s] copying turtlebot3_example/turtlebot3_obstacle_detection/main.py -> /home/y/SA_CAO_test_ws/build/turtlebot3_example/build/lib/turtlebot3_example/turtlebot3_obstacle_detection
[2.066s] running install
[2.069s] running install_lib
[2.072s] creating /home/y/SA_CAO_test_ws/install/turtlebot3_example/lib/python3.8/site-packages/turtlebot3_example
[2.073s] creating /home/y/SA_CAO_test_ws/install/turtlebot3_example/lib/python3.8/site-packages/turtlebot3_example/turtlebot3_patrol_client
[2.074s] copying /home/y/SA_CAO_test_ws/build/turtlebot3_example/build/lib/turtlebot3_example/turtlebot3_patrol_client/__init__.py -> /home/y/SA_CAO_test_ws/install/turtlebot3_example/lib/python3.8/site-packages/turtlebot3_example/turtlebot3_patrol_client
[2.075s] copying /home/y/SA_CAO_test_ws/build/turtlebot3_example/build/lib/turtlebot3_example/turtlebot3_patrol_client/turtlebot3_patrol_client.py -> /home/y/SA_CAO_test_ws/install/turtlebot3_example/lib/python3.8/site-packages/turtlebot3_example/turtlebot3_patrol_client
[2.076s] copying /home/y/SA_CAO_test_ws/build/turtlebot3_example/build/lib/turtlebot3_example/turtlebot3_patrol_client/main.py -> /home/y/SA_CAO_test_ws/install/turtlebot3_example/lib/python3.8/site-packages/turtlebot3_example/turtlebot3_patrol_client
[2.077s] copying /home/y/SA_CAO_test_ws/build/turtlebot3_example/build/lib/turtlebot3_example/__init__.py -> /home/y/SA_CAO_test_ws/install/turtlebot3_example/lib/python3.8/site-packages/turtlebot3_example
[2.078s] creating /home/y/SA_CAO_test_ws/install/turtlebot3_example/lib/python3.8/site-packages/turtlebot3_example/turtlebot3_patrol_server
[2.079s] copying /home/y/SA_CAO_test_ws/build/turtlebot3_example/build/lib/turtlebot3_example/turtlebot3_patrol_server/__init__.py -> /home/y/SA_CAO_test_ws/install/turtlebot3_example/lib/python3.8/site-packages/turtlebot3_example/turtlebot3_patrol_server
[2.081s] copying /home/y/SA_CAO_test_ws/build/turtlebot3_example/build/lib/turtlebot3_example/turtlebot3_patrol_server/turtlebot3_patrol_server.py -> /home/y/SA_CAO_test_ws/install/turtlebot3_example/lib/python3.8/site-packages/turtlebot3_example/turtlebot3_patrol_server
[2.082s] copying /home/y/SA_CAO_test_ws/build/turtlebot3_example/build/lib/turtlebot3_example/turtlebot3_patrol_server/main.py -> /home/y/SA_CAO_test_ws/install/turtlebot3_example/lib/python3.8/site-packages/turtlebot3_example/turtlebot3_patrol_server
[2.083s] copying /home/y/SA_CAO_test_ws/build/turtlebot3_example/build/lib/turtlebot3_example/turtlebot3_patrol_server/turtlebot3_path.py -> /home/y/SA_CAO_test_ws/install/turtlebot3_example/lib/python3.8/site-packages/turtlebot3_example/turtlebot3_patrol_server
[2.084s] creating /home/y/SA_CAO_test_ws/install/turtlebot3_example/lib/python3.8/site-packages/turtlebot3_example/turtlebot3_position_control
[2.085s] copying /home/y/SA_CAO_test_ws/build/turtlebot3_example/build/lib/turtlebot3_example/turtlebot3_position_control/turtlebot3_position_control.py -> /home/y/SA_CAO_test_ws/install/turtlebot3_example/lib/python3.8/site-packages/turtlebot3_example/turtlebot3_position_control
[2.086s] copying /home/y/SA_CAO_test_ws/build/turtlebot3_example/build/lib/turtlebot3_example/turtlebot3_position_control/__init__.py -> /home/y/SA_CAO_test_ws/install/turtlebot3_example/lib/python3.8/site-packages/turtlebot3_example/turtlebot3_position_control
[2.087s] copying /home/y/SA_CAO_test_ws/build/turtlebot3_example/build/lib/turtlebot3_example/turtlebot3_position_control/main.py -> /home/y/SA_CAO_test_ws/install/turtlebot3_example/lib/python3.8/site-packages/turtlebot3_example/turtlebot3_position_control
[2.088s] copying /home/y/SA_CAO_test_ws/build/turtlebot3_example/build/lib/turtlebot3_example/turtlebot3_position_control/turtlebot3_path.py -> /home/y/SA_CAO_test_ws/install/turtlebot3_example/lib/python3.8/site-packages/turtlebot3_example/turtlebot3_position_control
[2.089s] creating /home/y/SA_CAO_test_ws/install/turtlebot3_example/lib/python3.8/site-packages/turtlebot3_example/turtlebot3_obstacle_detection
[2.090s] copying /home/y/SA_CAO_test_ws/build/turtlebot3_example/build/lib/turtlebot3_example/turtlebot3_obstacle_detection/turtlebot3_obstacle_detection.py -> /home/y/SA_CAO_test_ws/install/turtlebot3_example/lib/python3.8/site-packages/turtlebot3_example/turtlebot3_obstacle_detection
[2.091s] copying /home/y/SA_CAO_test_ws/build/turtlebot3_example/build/lib/turtlebot3_example/turtlebot3_obstacle_detection/__init__.py -> /home/y/SA_CAO_test_ws/install/turtlebot3_example/lib/python3.8/site-packages/turtlebot3_example/turtlebot3_obstacle_detection
[2.092s] copying /home/y/SA_CAO_test_ws/build/turtlebot3_example/build/lib/turtlebot3_example/turtlebot3_obstacle_detection/main.py -> /home/y/SA_CAO_test_ws/install/turtlebot3_example/lib/python3.8/site-packages/turtlebot3_example/turtlebot3_obstacle_detection
[2.094s] byte-compiling /home/y/SA_CAO_test_ws/install/turtlebot3_example/lib/python3.8/site-packages/turtlebot3_example/turtlebot3_patrol_client/__init__.py to __init__.cpython-38.pyc
[2.096s] byte-compiling /home/y/SA_CAO_test_ws/install/turtlebot3_example/lib/python3.8/site-packages/turtlebot3_example/turtlebot3_patrol_client/turtlebot3_patrol_client.py to turtlebot3_patrol_client.cpython-38.pyc
[2.098s] byte-compiling /home/y/SA_CAO_test_ws/install/turtlebot3_example/lib/python3.8/site-packages/turtlebot3_example/turtlebot3_patrol_client/main.py to main.cpython-38.pyc
[2.099s] byte-compiling /home/y/SA_CAO_test_ws/install/turtlebot3_example/lib/python3.8/site-packages/turtlebot3_example/__init__.py to __init__.cpython-38.pyc
[2.099s] byte-compiling /home/y/SA_CAO_test_ws/install/turtlebot3_example/lib/python3.8/site-packages/turtlebot3_example/turtlebot3_patrol_server/__init__.py to __init__.cpython-38.pyc
[2.100s] byte-compiling /home/y/SA_CAO_test_ws/install/turtlebot3_example/lib/python3.8/site-packages/turtlebot3_example/turtlebot3_patrol_server/turtlebot3_patrol_server.py to turtlebot3_patrol_server.cpython-38.pyc
[2.102s] byte-compiling /home/y/SA_CAO_test_ws/install/turtlebot3_example/lib/python3.8/site-packages/turtlebot3_example/turtlebot3_patrol_server/main.py to main.cpython-38.pyc
[2.103s] byte-compiling /home/y/SA_CAO_test_ws/install/turtlebot3_example/lib/python3.8/site-packages/turtlebot3_example/turtlebot3_patrol_server/turtlebot3_path.py to turtlebot3_path.cpython-38.pyc
[2.104s] byte-compiling /home/y/SA_CAO_test_ws/install/turtlebot3_example/lib/python3.8/site-packages/turtlebot3_example/turtlebot3_position_control/turtlebot3_position_control.py to turtlebot3_position_control.cpython-38.pyc
[2.106s] byte-compiling /home/y/SA_CAO_test_ws/install/turtlebot3_example/lib/python3.8/site-packages/turtlebot3_example/turtlebot3_position_control/__init__.py to __init__.cpython-38.pyc
[2.107s] byte-compiling /home/y/SA_CAO_test_ws/install/turtlebot3_example/lib/python3.8/site-packages/turtlebot3_example/turtlebot3_position_control/main.py to main.cpython-38.pyc
[2.108s] byte-compiling /home/y/SA_CAO_test_ws/install/turtlebot3_example/lib/python3.8/site-packages/turtlebot3_example/turtlebot3_position_control/turtlebot3_path.py to turtlebot3_path.cpython-38.pyc
[2.110s] byte-compiling /home/y/SA_CAO_test_ws/install/turtlebot3_example/lib/python3.8/site-packages/turtlebot3_example/turtlebot3_obstacle_detection/turtlebot3_obstacle_detection.py to turtlebot3_obstacle_detection.cpython-38.pyc
[2.111s] byte-compiling /home/y/SA_CAO_test_ws/install/turtlebot3_example/lib/python3.8/site-packages/turtlebot3_example/turtlebot3_obstacle_detection/__init__.py to __init__.cpython-38.pyc
[2.112s] byte-compiling /home/y/SA_CAO_test_ws/install/turtlebot3_example/lib/python3.8/site-packages/turtlebot3_example/turtlebot3_obstacle_detection/main.py to main.cpython-38.pyc
[2.113s] running install_data
[2.113s] creating /home/y/SA_CAO_test_ws/install/turtlebot3_example/share/ament_index
[2.114s] creating /home/y/SA_CAO_test_ws/install/turtlebot3_example/share/ament_index/resource_index
[2.115s] creating /home/y/SA_CAO_test_ws/install/turtlebot3_example/share/ament_index/resource_index/packages
[2.115s] copying resource/turtlebot3_example -> /home/y/SA_CAO_test_ws/install/turtlebot3_example/share/ament_index/resource_index/packages
[2.116s] copying package.xml -> /home/y/SA_CAO_test_ws/install/turtlebot3_example/share/turtlebot3_example
[2.117s] running install_egg_info
[2.120s] Copying ../../../../build/turtlebot3_example/turtlebot3_example.egg-info to /home/y/SA_CAO_test_ws/install/turtlebot3_example/lib/python3.8/site-packages/turtlebot3_example-2.1.4-py3.8.egg-info
[2.123s] running install_scripts
[2.153s] Installing turtlebot3_obstacle_detection script to /home/y/SA_CAO_test_ws/install/turtlebot3_example/lib/turtlebot3_example
[2.154s] Installing turtlebot3_patrol_client script to /home/y/SA_CAO_test_ws/install/turtlebot3_example/lib/turtlebot3_example
[2.154s] Installing turtlebot3_patrol_server script to /home/y/SA_CAO_test_ws/install/turtlebot3_example/lib/turtlebot3_example
[2.155s] Installing turtlebot3_position_control script to /home/y/SA_CAO_test_ws/install/turtlebot3_example/lib/turtlebot3_example
[2.157s] writing list of installed files to '/home/y/SA_CAO_test_ws/build/turtlebot3_example/install.log'
[2.194s] Invoked command in '/home/y/SA_CAO_test_ws/src/turtlebot3/turtlebot3/turtlebot3_example' returned '0': CMAKE_PREFIX_PATH=/home/y/SA_CAO_test_ws/install/turtlebot3_msgs:/home/y/SA_CAO_test_ws/install/turtlebot3:/home/y/SA_CAO_test_ws/install/turtlebot3_simulations:/home/y/SA_CAO_test_ws/install/turtlebot3_bringup:/home/y/SA_CAO_test_ws/install/turtlebot3_node:/home/y/SA_CAO_test_ws/install/turtlebot3_navigation2:/home/y/SA_CAO_test_ws/install/turtlebot3_fake_node:/home/y/SA_CAO_test_ws/install/turtlebot3_gazebo:/home/y/SA_CAO_test_ws/install/turtlebot3_description:/home/y/SA_CAO_test_ws/install/turtlebot3_cartographer:/home/y/SA_CAO_test_ws/install/sub_diablo2023a:/home/y/SA_CAO_test_ws/install/motion_msgs:/home/y/SA_CAO_test_ws/install/hls_lfcd_lds_driver:/home/y/SA_CAO_test_ws/install/dynamixel_sdk_examples:/home/y/SA_CAO_test_ws/install/dynamixel_sdk_custom_interfaces:/home/y/SA_CAO_test_ws/install/dynamixel_sdk:/home/y/oradar_ros/install/oradar_lidar PYTHONPATH=/home/y/SA_CAO_test_ws/build/turtlebot3_example/prefix_override:/usr/lib/python3/dist-packages/colcon_core/task/python/colcon_distutils_commands:/home/y/SA_CAO_test_ws/install/turtlebot3_example/lib/python3.8/site-packages:/home/y/SA_CAO_test_ws/install/turtlebot3_msgs/lib/python3.8/site-packages:/home/y/SA_CAO_test_ws/install/turtlebot3_teleop/lib/python3.8/site-packages:/home/y/SA_CAO_test_ws/install/turtlebot3_example/lib/python3.8/site-packages:/home/y/SA_CAO_test_ws/install/my_joystick/lib/python3.8/site-packages:/home/y/SA_CAO_test_ws/install/motion_msgs/lib/python3.8/site-packages:/home/y/SA_CAO_test_ws/install/launch_diablo/lib/python3.8/site-packages:/home/y/SA_CAO_test_ws/install/dynamixel_sdk_custom_interfaces/lib/python3.8/site-packages:/opt/ros/foxy/lib/python3.8/site-packages /usr/bin/python3 -W ignore:setup.py install is deprecated -W ignore:easy_install command is deprecated setup.py egg_info --egg-base ../../../../build/turtlebot3_example build --build-base /home/y/SA_CAO_test_ws/build/turtlebot3_example/build install --record /home/y/SA_CAO_test_ws/build/turtlebot3_example/install.log --single-version-externally-managed install_data
