[0.248s] Invoking command in '/home/y/SA_CAO_Simu/SA_CAO/src/pure_pursuit': PYTHONPATH=/home/y/SA_CAO_Simu/SA_CAO/build/pure_pursuit/prefix_override:/usr/lib/python3/dist-packages/colcon_core/task/python/colcon_distutils_commands:/home/y/SA_CAO_Simu/SA_CAO/install/pure_pursuit/lib/python3.8/site-packages:${PYTHONPATH} /usr/bin/python3 -W ignore:setup.py install is deprecated -W ignore:easy_install command is deprecated setup.py egg_info --egg-base ../../build/pure_pursuit build --build-base /home/y/SA_CAO_Simu/SA_CAO/build/pure_pursuit/build install --record /home/y/SA_CAO_Simu/SA_CAO/build/pure_pursuit/install.log --install-scripts $base/lib/pure_pursuit --single-version-externally-managed install_data
[0.338s] running egg_info
[0.339s] writing ../../build/pure_pursuit/pure_pursuit.egg-info/PKG-INFO
[0.339s] writing dependency_links to ../../build/pure_pursuit/pure_pursuit.egg-info/dependency_links.txt
[0.339s] writing entry points to ../../build/pure_pursuit/pure_pursuit.egg-info/entry_points.txt
[0.339s] writing requirements to ../../build/pure_pursuit/pure_pursuit.egg-info/requires.txt
[0.339s] writing top-level names to ../../build/pure_pursuit/pure_pursuit.egg-info/top_level.txt
[0.354s] reading manifest file '../../build/pure_pursuit/pure_pursuit.egg-info/SOURCES.txt'
[0.354s] writing manifest file '../../build/pure_pursuit/pure_pursuit.egg-info/SOURCES.txt'
[0.354s] running build
[0.354s] running build_py
[0.354s] copying pure_pursuit/auto_bag_with_export.py -> /home/y/SA_CAO_Simu/SA_CAO/build/pure_pursuit/build/lib/pure_pursuit
[0.354s] running install
[0.355s] running install_lib
[0.355s] copying /home/y/SA_CAO_Simu/SA_CAO/build/pure_pursuit/build/lib/pure_pursuit/auto_bag_with_export.py -> /home/y/SA_CAO_Simu/SA_CAO/install/pure_pursuit/lib/python3.8/site-packages/pure_pursuit
[0.355s] byte-compiling /home/y/SA_CAO_Simu/SA_CAO/install/pure_pursuit/lib/python3.8/site-packages/pure_pursuit/auto_bag_with_export.py to auto_bag_with_export.cpython-38.pyc
[0.357s] running install_data
[0.357s] running install_egg_info
[0.360s] removing '/home/y/SA_CAO_Simu/SA_CAO/install/pure_pursuit/lib/python3.8/site-packages/pure_pursuit-0.0.0-py3.8.egg-info' (and everything under it)
[0.360s] Copying ../../build/pure_pursuit/pure_pursuit.egg-info to /home/y/SA_CAO_Simu/SA_CAO/install/pure_pursuit/lib/python3.8/site-packages/pure_pursuit-0.0.0-py3.8.egg-info
[0.360s] running install_scripts
[0.372s] Installing auto_bag_with_export script to /home/y/SA_CAO_Simu/SA_CAO/install/pure_pursuit/lib/pure_pursuit
[0.372s] Installing get_odom script to /home/y/SA_CAO_Simu/SA_CAO/install/pure_pursuit/lib/pure_pursuit
[0.372s] Installing get_pose script to /home/y/SA_CAO_Simu/SA_CAO/install/pure_pursuit/lib/pure_pursuit
[0.372s] Installing marker_relay_node script to /home/y/SA_CAO_Simu/SA_CAO/install/pure_pursuit/lib/pure_pursuit
[0.372s] Installing pure_pursuit_node script to /home/y/SA_CAO_Simu/SA_CAO/install/pure_pursuit/lib/pure_pursuit
[0.372s] writing list of installed files to '/home/y/SA_CAO_Simu/SA_CAO/build/pure_pursuit/install.log'
[0.384s] Invoked command in '/home/y/SA_CAO_Simu/SA_CAO/src/pure_pursuit' returned '0': PYTHONPATH=/home/y/SA_CAO_Simu/SA_CAO/build/pure_pursuit/prefix_override:/usr/lib/python3/dist-packages/colcon_core/task/python/colcon_distutils_commands:/home/y/SA_CAO_Simu/SA_CAO/install/pure_pursuit/lib/python3.8/site-packages:${PYTHONPATH} /usr/bin/python3 -W ignore:setup.py install is deprecated -W ignore:easy_install command is deprecated setup.py egg_info --egg-base ../../build/pure_pursuit build --build-base /home/y/SA_CAO_Simu/SA_CAO/build/pure_pursuit/build install --record /home/y/SA_CAO_Simu/SA_CAO/build/pure_pursuit/install.log --install-scripts $base/lib/pure_pursuit --single-version-externally-managed install_data
