[0.009s] Invoking command in '/home/y/SA_CAO_Simu/SA_CAO/build/turtlebot3_navigation2': CMAKE_PREFIX_PATH=${CMAKE_PREFIX_PATH}:/home/y/SA_CAO_Simu/SA_CAO/install/turtlebot3_teleop:/home/y/SA_CAO_Simu/SA_CAO/install/turtlebot3_example:/home/y/SA_CAO_Simu/SA_CAO/install/pure_pursuit:/home/y/SA_CAO_Simu/SA_CAO/install/my_balance_pkg:/home/y/SA_CAO_Simu/SA_CAO/install/launch_diablo:/opt/ros/foxy /usr/bin/cmake /home/y/SA_CAO_Simu/SA_CAO/src/turtlebot3/turtlebot3/turtlebot3_navigation2 -DCMAKE_INSTALL_PREFIX=/home/y/SA_CAO_Simu/SA_CAO/install/turtlebot3_navigation2
[0.063s] -- The C compiler identification is GNU 9.4.0
[0.103s] -- The CXX compiler identification is GNU 9.4.0
[0.103s] -- Check for working C compiler: /usr/bin/cc
[0.191s] -- Check for working C compiler: /usr/bin/cc -- works
[0.191s] -- Detecting C compiler ABI info
[0.267s] -- Detecting C compiler ABI info - done
[0.270s] -- Detecting C compile features
[0.270s] -- Detecting C compile features - done
[0.271s] -- Check for working CXX compiler: /usr/bin/c++
[0.359s] -- Check for working CXX compiler: /usr/bin/c++ -- works
[0.359s] -- Detecting CXX compiler ABI info
[0.439s] -- Detecting CXX compiler ABI info - done
[0.442s] -- Detecting CXX compile features
[0.443s] -- Detecting CXX compile features - done
[0.444s] -- Found ament_cmake: 0.9.12 (/opt/ros/foxy/share/ament_cmake/cmake)
[0.455s] -- Found PythonInterp: /usr/bin/python3 (found suitable version "3.8.10", minimum required is "3") 
[0.455s] -- Using PYTHON_EXECUTABLE: /usr/bin/python3
[0.555s] -- Configuring done
[0.556s] -- Generating done
[0.556s] -- Build files have been written to: /home/y/SA_CAO_Simu/SA_CAO/build/turtlebot3_navigation2
[0.558s] Invoked command in '/home/y/SA_CAO_Simu/SA_CAO/build/turtlebot3_navigation2' returned '0': CMAKE_PREFIX_PATH=${CMAKE_PREFIX_PATH}:/home/y/SA_CAO_Simu/SA_CAO/install/turtlebot3_teleop:/home/y/SA_CAO_Simu/SA_CAO/install/turtlebot3_example:/home/y/SA_CAO_Simu/SA_CAO/install/pure_pursuit:/home/y/SA_CAO_Simu/SA_CAO/install/my_balance_pkg:/home/y/SA_CAO_Simu/SA_CAO/install/launch_diablo:/opt/ros/foxy /usr/bin/cmake /home/y/SA_CAO_Simu/SA_CAO/src/turtlebot3/turtlebot3/turtlebot3_navigation2 -DCMAKE_INSTALL_PREFIX=/home/y/SA_CAO_Simu/SA_CAO/install/turtlebot3_navigation2
[0.558s] Invoking command in '/home/y/SA_CAO_Simu/SA_CAO/build/turtlebot3_navigation2': CMAKE_PREFIX_PATH=${CMAKE_PREFIX_PATH}:/home/y/SA_CAO_Simu/SA_CAO/install/turtlebot3_teleop:/home/y/SA_CAO_Simu/SA_CAO/install/turtlebot3_example:/home/y/SA_CAO_Simu/SA_CAO/install/pure_pursuit:/home/y/SA_CAO_Simu/SA_CAO/install/my_balance_pkg:/home/y/SA_CAO_Simu/SA_CAO/install/launch_diablo:/opt/ros/foxy /usr/bin/cmake --build /home/y/SA_CAO_Simu/SA_CAO/build/turtlebot3_navigation2 -- -j2 -l2
[0.595s] Invoked command in '/home/y/SA_CAO_Simu/SA_CAO/build/turtlebot3_navigation2' returned '0': CMAKE_PREFIX_PATH=${CMAKE_PREFIX_PATH}:/home/y/SA_CAO_Simu/SA_CAO/install/turtlebot3_teleop:/home/y/SA_CAO_Simu/SA_CAO/install/turtlebot3_example:/home/y/SA_CAO_Simu/SA_CAO/install/pure_pursuit:/home/y/SA_CAO_Simu/SA_CAO/install/my_balance_pkg:/home/y/SA_CAO_Simu/SA_CAO/install/launch_diablo:/opt/ros/foxy /usr/bin/cmake --build /home/y/SA_CAO_Simu/SA_CAO/build/turtlebot3_navigation2 -- -j2 -l2
[0.596s] Invoking command in '/home/y/SA_CAO_Simu/SA_CAO/build/turtlebot3_navigation2': CMAKE_PREFIX_PATH=${CMAKE_PREFIX_PATH}:/home/y/SA_CAO_Simu/SA_CAO/install/turtlebot3_teleop:/home/y/SA_CAO_Simu/SA_CAO/install/turtlebot3_example:/home/y/SA_CAO_Simu/SA_CAO/install/pure_pursuit:/home/y/SA_CAO_Simu/SA_CAO/install/my_balance_pkg:/home/y/SA_CAO_Simu/SA_CAO/install/launch_diablo:/opt/ros/foxy /usr/bin/cmake --install /home/y/SA_CAO_Simu/SA_CAO/build/turtlebot3_navigation2
[0.600s] -- Install configuration: ""
[0.601s] -- Installing: /home/y/SA_CAO_Simu/SA_CAO/install/turtlebot3_navigation2/share/turtlebot3_navigation2/launch
[0.601s] -- Installing: /home/y/SA_CAO_Simu/SA_CAO/install/turtlebot3_navigation2/share/turtlebot3_navigation2/launch/navigation2.launch.py
[0.601s] -- Installing: /home/y/SA_CAO_Simu/SA_CAO/install/turtlebot3_navigation2/share/turtlebot3_navigation2/map
[0.601s] -- Installing: /home/y/SA_CAO_Simu/SA_CAO/install/turtlebot3_navigation2/share/turtlebot3_navigation2/map/turtlebot3_world.yaml
[0.601s] -- Installing: /home/y/SA_CAO_Simu/SA_CAO/install/turtlebot3_navigation2/share/turtlebot3_navigation2/map/turtlebot3_world.pgm
[0.601s] -- Installing: /home/y/SA_CAO_Simu/SA_CAO/install/turtlebot3_navigation2/share/turtlebot3_navigation2/param
[0.601s] -- Installing: /home/y/SA_CAO_Simu/SA_CAO/install/turtlebot3_navigation2/share/turtlebot3_navigation2/param/waffle.yaml
[0.601s] -- Installing: /home/y/SA_CAO_Simu/SA_CAO/install/turtlebot3_navigation2/share/turtlebot3_navigation2/param/waffle_pi.yaml
[0.601s] -- Installing: /home/y/SA_CAO_Simu/SA_CAO/install/turtlebot3_navigation2/share/turtlebot3_navigation2/param/burger.yaml
[0.601s] -- Installing: /home/y/SA_CAO_Simu/SA_CAO/install/turtlebot3_navigation2/share/turtlebot3_navigation2/rviz
[0.601s] -- Installing: /home/y/SA_CAO_Simu/SA_CAO/install/turtlebot3_navigation2/share/turtlebot3_navigation2/rviz/tb3_navigation2.rviz
[0.601s] -- Installing: /home/y/SA_CAO_Simu/SA_CAO/install/turtlebot3_navigation2/share/ament_index/resource_index/package_run_dependencies/turtlebot3_navigation2
[0.601s] -- Installing: /home/y/SA_CAO_Simu/SA_CAO/install/turtlebot3_navigation2/share/ament_index/resource_index/parent_prefix_path/turtlebot3_navigation2
[0.601s] -- Installing: /home/y/SA_CAO_Simu/SA_CAO/install/turtlebot3_navigation2/share/turtlebot3_navigation2/environment/ament_prefix_path.sh
[0.601s] -- Installing: /home/y/SA_CAO_Simu/SA_CAO/install/turtlebot3_navigation2/share/turtlebot3_navigation2/environment/ament_prefix_path.dsv
[0.601s] -- Installing: /home/y/SA_CAO_Simu/SA_CAO/install/turtlebot3_navigation2/share/turtlebot3_navigation2/environment/path.sh
[0.602s] -- Installing: /home/y/SA_CAO_Simu/SA_CAO/install/turtlebot3_navigation2/share/turtlebot3_navigation2/environment/path.dsv
[0.602s] -- Installing: /home/y/SA_CAO_Simu/SA_CAO/install/turtlebot3_navigation2/share/turtlebot3_navigation2/local_setup.bash
[0.602s] -- Installing: /home/y/SA_CAO_Simu/SA_CAO/install/turtlebot3_navigation2/share/turtlebot3_navigation2/local_setup.sh
[0.602s] -- Installing: /home/y/SA_CAO_Simu/SA_CAO/install/turtlebot3_navigation2/share/turtlebot3_navigation2/local_setup.zsh
[0.602s] -- Installing: /home/y/SA_CAO_Simu/SA_CAO/install/turtlebot3_navigation2/share/turtlebot3_navigation2/local_setup.dsv
[0.602s] -- Installing: /home/y/SA_CAO_Simu/SA_CAO/install/turtlebot3_navigation2/share/turtlebot3_navigation2/package.dsv
[0.602s] -- Installing: /home/y/SA_CAO_Simu/SA_CAO/install/turtlebot3_navigation2/share/ament_index/resource_index/packages/turtlebot3_navigation2
[0.602s] -- Installing: /home/y/SA_CAO_Simu/SA_CAO/install/turtlebot3_navigation2/share/turtlebot3_navigation2/cmake/turtlebot3_navigation2Config.cmake
[0.602s] -- Installing: /home/y/SA_CAO_Simu/SA_CAO/install/turtlebot3_navigation2/share/turtlebot3_navigation2/cmake/turtlebot3_navigation2Config-version.cmake
[0.602s] -- Installing: /home/y/SA_CAO_Simu/SA_CAO/install/turtlebot3_navigation2/share/turtlebot3_navigation2/package.xml
[0.604s] Invoked command in '/home/y/SA_CAO_Simu/SA_CAO/build/turtlebot3_navigation2' returned '0': CMAKE_PREFIX_PATH=${CMAKE_PREFIX_PATH}:/home/y/SA_CAO_Simu/SA_CAO/install/turtlebot3_teleop:/home/y/SA_CAO_Simu/SA_CAO/install/turtlebot3_example:/home/y/SA_CAO_Simu/SA_CAO/install/pure_pursuit:/home/y/SA_CAO_Simu/SA_CAO/install/my_balance_pkg:/home/y/SA_CAO_Simu/SA_CAO/install/launch_diablo:/opt/ros/foxy /usr/bin/cmake --install /home/y/SA_CAO_Simu/SA_CAO/build/turtlebot3_navigation2
