[0.052s] Invoking command in '/home/y/SA_CAO_test_ws/build/dynamixel_sdk_custom_interfaces': CMAKE_PREFIX_PATH=/home/y/SA_CAO_test_ws/install/turtlebot3:/home/y/SA_CAO_test_ws/install/turtlebot3_simulations:/home/y/SA_CAO_test_ws/install/turtlebot3_bringup:/home/y/SA_CAO_test_ws/install/turtlebot3_node:/home/y/SA_CAO_test_ws/install/turtlebot3_navigation2:/home/y/SA_CAO_test_ws/install/turtlebot3_fake_node:/home/y/SA_CAO_test_ws/install/turtlebot3_msgs:/home/y/SA_CAO_test_ws/install/turtlebot3_gazebo:/home/y/SA_CAO_test_ws/install/turtlebot3_description:/home/y/SA_CAO_test_ws/install/turtlebot3_cartographer:/home/y/SA_CAO_test_ws/install/sub_diablo2023a:/home/y/SA_CAO_test_ws/install/motion_msgs:/home/y/SA_CAO_test_ws/install/hls_lfcd_lds_driver:/home/y/SA_CAO_test_ws/install/dynamixel_sdk_examples:/home/y/SA_CAO_test_ws/install/dynamixel_sdk_custom_interfaces:/home/y/SA_CAO_test_ws/install/dynamixel_sdk:/home/y/SA_CAO_test_ws/install/turtlebot3_teleop:/home/y/SA_CAO_test_ws/install/turtlebot3_example:/home/y/SA_CAO_test_ws/install/my_joystick:/home/y/SA_CAO_test_ws/install/launch_diablo:/opt/ros/foxy:/home/y/oradar_ros/install/oradar_lidar /usr/bin/cmake /home/y/SA_CAO_test_ws/src/utils/DynamixelSDK/dynamixel_sdk_custom_interfaces -DCMAKE_INSTALL_PREFIX=/home/y/SA_CAO_test_ws/install/dynamixel_sdk_custom_interfaces
[0.287s] -- The C compiler identification is GNU 9.4.0
[0.508s] -- The CXX compiler identification is GNU 9.4.0
[0.525s] -- Check for working C compiler: /usr/bin/cc
[0.808s] -- Check for working C compiler: /usr/bin/cc -- works
[0.808s] -- Detecting C compiler ABI info
[1.086s] -- Detecting C compiler ABI info - done
[1.101s] -- Detecting C compile features
[1.102s] -- Detecting C compile features - done
[1.107s] -- Check for working CXX compiler: /usr/bin/c++
[1.425s] -- Check for working CXX compiler: /usr/bin/c++ -- works
[1.428s] -- Detecting CXX compiler ABI info
[1.769s] -- Detecting CXX compiler ABI info - done
[1.783s] -- Detecting CXX compile features
[1.784s] -- Detecting CXX compile features - done
[1.793s] -- Found ament_cmake: 0.9.12 (/opt/ros/foxy/share/ament_cmake/cmake)
[1.864s] -- Found PythonInterp: /usr/bin/python3 (found suitable version "3.8.10", minimum required is "3") 
[1.864s] -- Using PYTHON_EXECUTABLE: /usr/bin/python3
[2.525s] -- Found builtin_interfaces: 1.0.0 (/opt/ros/foxy/share/builtin_interfaces/cmake)
[2.697s] -- Using all available rosidl_typesupport_c: rosidl_typesupport_fastrtps_c;rosidl_typesupport_introspection_c
[2.765s] -- Found rosidl_adapter: 1.3.1 (/opt/ros/foxy/share/rosidl_adapter/cmake)
[3.413s] -- Found OpenSSL: /usr/lib/x86_64-linux-gnu/libcrypto.so (found version "1.1.1f")  
[3.526s] -- Found FastRTPS: /opt/ros/foxy/include  
[3.733s] -- Using all available rosidl_typesupport_cpp: rosidl_typesupport_fastrtps_cpp;rosidl_typesupport_introspection_cpp
[3.810s] -- Found rosidl_default_generators: 1.0.1 (/opt/ros/foxy/share/rosidl_default_generators/cmake)
[3.902s] -- Found PythonInterp: /usr/bin/python3 (found version "3.8.10") 
[4.160s] -- Found ament_cmake_ros: 0.9.2 (/opt/ros/foxy/share/ament_cmake_ros/cmake)
[4.458s] -- Using all available rosidl_typesupport_c: rosidl_typesupport_fastrtps_c;rosidl_typesupport_introspection_c
[4.498s] -- Using all available rosidl_typesupport_cpp: rosidl_typesupport_fastrtps_cpp;rosidl_typesupport_introspection_cpp
[4.556s] -- Found PythonInterp: /usr/bin/python3 (found suitable version "3.8.10", minimum required is "3.5") 
[4.563s] -- Found python_cmake_module: 0.8.1 (/opt/ros/foxy/share/python_cmake_module/cmake)
[4.636s] -- Found PythonLibs: /usr/lib/x86_64-linux-gnu/libpython3.8.so (found suitable version "3.8.10", minimum required is "3.5") 
[4.637s] -- Using PYTHON_EXECUTABLE: /usr/bin/python3
[4.637s] -- Using PYTHON_INCLUDE_DIRS: /usr/include/python3.8
[4.637s] -- Using PYTHON_LIBRARIES: /usr/lib/x86_64-linux-gnu/libpython3.8.so
[4.686s] -- Found PythonExtra: .so  
[4.839s] -- Configuring done
[5.036s] -- Generating done
[5.064s] -- Build files have been written to: /home/y/SA_CAO_test_ws/build/dynamixel_sdk_custom_interfaces
[5.080s] Invoked command in '/home/y/SA_CAO_test_ws/build/dynamixel_sdk_custom_interfaces' returned '0': CMAKE_PREFIX_PATH=/home/y/SA_CAO_test_ws/install/turtlebot3:/home/y/SA_CAO_test_ws/install/turtlebot3_simulations:/home/y/SA_CAO_test_ws/install/turtlebot3_bringup:/home/y/SA_CAO_test_ws/install/turtlebot3_node:/home/y/SA_CAO_test_ws/install/turtlebot3_navigation2:/home/y/SA_CAO_test_ws/install/turtlebot3_fake_node:/home/y/SA_CAO_test_ws/install/turtlebot3_msgs:/home/y/SA_CAO_test_ws/install/turtlebot3_gazebo:/home/y/SA_CAO_test_ws/install/turtlebot3_description:/home/y/SA_CAO_test_ws/install/turtlebot3_cartographer:/home/y/SA_CAO_test_ws/install/sub_diablo2023a:/home/y/SA_CAO_test_ws/install/motion_msgs:/home/y/SA_CAO_test_ws/install/hls_lfcd_lds_driver:/home/y/SA_CAO_test_ws/install/dynamixel_sdk_examples:/home/y/SA_CAO_test_ws/install/dynamixel_sdk_custom_interfaces:/home/y/SA_CAO_test_ws/install/dynamixel_sdk:/home/y/SA_CAO_test_ws/install/turtlebot3_teleop:/home/y/SA_CAO_test_ws/install/turtlebot3_example:/home/y/SA_CAO_test_ws/install/my_joystick:/home/y/SA_CAO_test_ws/install/launch_diablo:/opt/ros/foxy:/home/y/oradar_ros/install/oradar_lidar /usr/bin/cmake /home/y/SA_CAO_test_ws/src/utils/DynamixelSDK/dynamixel_sdk_custom_interfaces -DCMAKE_INSTALL_PREFIX=/home/y/SA_CAO_test_ws/install/dynamixel_sdk_custom_interfaces
[5.090s] Invoking command in '/home/y/SA_CAO_test_ws/build/dynamixel_sdk_custom_interfaces': CMAKE_PREFIX_PATH=/home/y/SA_CAO_test_ws/install/turtlebot3:/home/y/SA_CAO_test_ws/install/turtlebot3_simulations:/home/y/SA_CAO_test_ws/install/turtlebot3_bringup:/home/y/SA_CAO_test_ws/install/turtlebot3_node:/home/y/SA_CAO_test_ws/install/turtlebot3_navigation2:/home/y/SA_CAO_test_ws/install/turtlebot3_fake_node:/home/y/SA_CAO_test_ws/install/turtlebot3_msgs:/home/y/SA_CAO_test_ws/install/turtlebot3_gazebo:/home/y/SA_CAO_test_ws/install/turtlebot3_description:/home/y/SA_CAO_test_ws/install/turtlebot3_cartographer:/home/y/SA_CAO_test_ws/install/sub_diablo2023a:/home/y/SA_CAO_test_ws/install/motion_msgs:/home/y/SA_CAO_test_ws/install/hls_lfcd_lds_driver:/home/y/SA_CAO_test_ws/install/dynamixel_sdk_examples:/home/y/SA_CAO_test_ws/install/dynamixel_sdk_custom_interfaces:/home/y/SA_CAO_test_ws/install/dynamixel_sdk:/home/y/SA_CAO_test_ws/install/turtlebot3_teleop:/home/y/SA_CAO_test_ws/install/turtlebot3_example:/home/y/SA_CAO_test_ws/install/my_joystick:/home/y/SA_CAO_test_ws/install/launch_diablo:/opt/ros/foxy:/home/y/oradar_ros/install/oradar_lidar /usr/bin/cmake --build /home/y/SA_CAO_test_ws/build/dynamixel_sdk_custom_interfaces -- -j2 -l2
[5.256s] [35m[1mScanning dependencies of target dynamixel_sdk_custom_interfaces__cpp[0m
[5.305s] [  2%] [34m[1mGenerating C++ code for ROS interfaces[0m
[5.974s] [  2%] Built target dynamixel_sdk_custom_interfaces__cpp
[6.014s] [  5%] [34m[1mGenerating C code for ROS interfaces[0m
[6.861s] [35m[1mScanning dependencies of target dynamixel_sdk_custom_interfaces__rosidl_generator_c[0m
[6.925s] [  7%] [32mBuilding C object CMakeFiles/dynamixel_sdk_custom_interfaces__rosidl_generator_c.dir/rosidl_generator_c/dynamixel_sdk_custom_interfaces/msg/detail/set_position__functions.c.o[0m
[7.079s] [ 10%] [32mBuilding C object CMakeFiles/dynamixel_sdk_custom_interfaces__rosidl_generator_c.dir/rosidl_generator_c/dynamixel_sdk_custom_interfaces/srv/detail/get_position__functions.c.o[0m
[7.245s] [ 12%] [32m[1mLinking C shared library libdynamixel_sdk_custom_interfaces__rosidl_generator_c.so[0m
[7.402s] [ 12%] Built target dynamixel_sdk_custom_interfaces__rosidl_generator_c
[7.446s] [ 15%] [34m[1mGenerating C++ type support dispatch for ROS interfaces[0m
[7.805s] [35m[1mScanning dependencies of target dynamixel_sdk_custom_interfaces__rosidl_typesupport_cpp[0m
[7.872s] [ 17%] [32mBuilding CXX object CMakeFiles/dynamixel_sdk_custom_interfaces__rosidl_typesupport_cpp.dir/rosidl_typesupport_cpp/dynamixel_sdk_custom_interfaces/msg/set_position__type_support.cpp.o[0m
[8.514s] [ 20%] [32mBuilding CXX object CMakeFiles/dynamixel_sdk_custom_interfaces__rosidl_typesupport_cpp.dir/rosidl_typesupport_cpp/dynamixel_sdk_custom_interfaces/srv/get_position__type_support.cpp.o[0m
[9.148s] [ 23%] [32m[1mLinking CXX shared library libdynamixel_sdk_custom_interfaces__rosidl_typesupport_cpp.so[0m
[9.326s] [ 23%] Built target dynamixel_sdk_custom_interfaces__rosidl_typesupport_cpp
[9.369s] [ 25%] [34m[1mGenerating C++ type support for eProsima Fast-RTPS[0m
[9.833s] [35m[1mScanning dependencies of target dynamixel_sdk_custom_interfaces__rosidl_typesupport_fastrtps_cpp[0m
[9.908s] [ 28%] [32mBuilding CXX object CMakeFiles/dynamixel_sdk_custom_interfaces__rosidl_typesupport_fastrtps_cpp.dir/rosidl_typesupport_fastrtps_cpp/dynamixel_sdk_custom_interfaces/msg/detail/dds_fastrtps/set_position__type_support.cpp.o[0m
[10.848s] [ 30%] [32mBuilding CXX object CMakeFiles/dynamixel_sdk_custom_interfaces__rosidl_typesupport_fastrtps_cpp.dir/rosidl_typesupport_fastrtps_cpp/dynamixel_sdk_custom_interfaces/srv/detail/dds_fastrtps/get_position__type_support.cpp.o[0m
[11.767s] [ 33%] [32m[1mLinking CXX shared library libdynamixel_sdk_custom_interfaces__rosidl_typesupport_fastrtps_cpp.so[0m
[12.096s] [ 33%] Built target dynamixel_sdk_custom_interfaces__rosidl_typesupport_fastrtps_cpp
[12.142s] [ 35%] [34m[1mGenerating C introspection for ROS interfaces[0m
[12.657s] [35m[1mScanning dependencies of target dynamixel_sdk_custom_interfaces__rosidl_typesupport_introspection_c[0m
[12.716s] [ 38%] [32mBuilding C object CMakeFiles/dynamixel_sdk_custom_interfaces__rosidl_typesupport_introspection_c.dir/rosidl_typesupport_introspection_c/dynamixel_sdk_custom_interfaces/msg/detail/set_position__type_support.c.o[0m
[12.859s] [ 41%] [32mBuilding C object CMakeFiles/dynamixel_sdk_custom_interfaces__rosidl_typesupport_introspection_c.dir/rosidl_typesupport_introspection_c/dynamixel_sdk_custom_interfaces/srv/detail/get_position__type_support.c.o[0m
[13.003s] [ 43%] [32m[1mLinking C shared library libdynamixel_sdk_custom_interfaces__rosidl_typesupport_introspection_c.so[0m
[13.167s] [ 43%] Built target dynamixel_sdk_custom_interfaces__rosidl_typesupport_introspection_c
[13.219s] [ 46%] [34m[1mGenerating C++ introspection for ROS interfaces[0m
[13.773s] [35m[1mScanning dependencies of target dynamixel_sdk_custom_interfaces__rosidl_typesupport_introspection_cpp[0m
[13.850s] [ 48%] [32mBuilding CXX object CMakeFiles/dynamixel_sdk_custom_interfaces__rosidl_typesupport_introspection_cpp.dir/rosidl_typesupport_introspection_cpp/dynamixel_sdk_custom_interfaces/msg/detail/set_position__type_support.cpp.o[0m
[14.583s] [ 51%] [32mBuilding CXX object CMakeFiles/dynamixel_sdk_custom_interfaces__rosidl_typesupport_introspection_cpp.dir/rosidl_typesupport_introspection_cpp/dynamixel_sdk_custom_interfaces/srv/detail/get_position__type_support.cpp.o[0m
[15.265s] [ 53%] [32m[1mLinking CXX shared library libdynamixel_sdk_custom_interfaces__rosidl_typesupport_introspection_cpp.so[0m
[15.460s] [ 53%] Built target dynamixel_sdk_custom_interfaces__rosidl_typesupport_introspection_cpp
[15.507s] [ 56%] [34m[1mGenerating C type support dispatch for ROS interfaces[0m
[15.900s] [35m[1mScanning dependencies of target dynamixel_sdk_custom_interfaces__rosidl_typesupport_c[0m
[15.956s] [ 58%] [32mBuilding CXX object CMakeFiles/dynamixel_sdk_custom_interfaces__rosidl_typesupport_c.dir/rosidl_typesupport_c/dynamixel_sdk_custom_interfaces/msg/set_position__type_support.cpp.o[0m
[16.084s] [ 61%] [32mBuilding CXX object CMakeFiles/dynamixel_sdk_custom_interfaces__rosidl_typesupport_c.dir/rosidl_typesupport_c/dynamixel_sdk_custom_interfaces/srv/get_position__type_support.cpp.o[0m
[16.223s] [ 64%] [32m[1mLinking CXX shared library libdynamixel_sdk_custom_interfaces__rosidl_typesupport_c.so[0m
[16.415s] [ 64%] Built target dynamixel_sdk_custom_interfaces__rosidl_typesupport_c
[16.459s] [ 66%] [34m[1mGenerating C type support for eProsima Fast-RTPS[0m
[16.982s] [35m[1mScanning dependencies of target dynamixel_sdk_custom_interfaces__rosidl_typesupport_fastrtps_c[0m
[17.094s] [ 69%] [32mBuilding CXX object CMakeFiles/dynamixel_sdk_custom_interfaces__rosidl_typesupport_fastrtps_c.dir/rosidl_typesupport_fastrtps_c/dynamixel_sdk_custom_interfaces/msg/detail/set_position__type_support_c.cpp.o[0m
[17.982s] [ 71%] [32mBuilding CXX object CMakeFiles/dynamixel_sdk_custom_interfaces__rosidl_typesupport_fastrtps_c.dir/rosidl_typesupport_fastrtps_c/dynamixel_sdk_custom_interfaces/srv/detail/get_position__type_support_c.cpp.o[0m
[18.784s] [ 74%] [32m[1mLinking CXX shared library libdynamixel_sdk_custom_interfaces__rosidl_typesupport_fastrtps_c.so[0m
[19.115s] [ 74%] Built target dynamixel_sdk_custom_interfaces__rosidl_typesupport_fastrtps_c
[19.161s] [35m[1mScanning dependencies of target dynamixel_sdk_custom_interfaces[0m
[19.210s] [ 74%] Built target dynamixel_sdk_custom_interfaces
[19.253s] [35m[1mScanning dependencies of target dynamixel_sdk_custom_interfaces__py[0m
[19.305s] [ 76%] [34m[1mGenerating Python code for ROS interfaces[0m
[20.262s] [ 76%] Built target dynamixel_sdk_custom_interfaces__py
[20.307s] [35m[1mScanning dependencies of target dynamixel_sdk_custom_interfaces__python[0m
[20.408s] [ 79%] [32mBuilding C object CMakeFiles/dynamixel_sdk_custom_interfaces__python.dir/rosidl_generator_py/dynamixel_sdk_custom_interfaces/msg/_set_position_s.c.o[0m
[20.686s] [ 82%] [32mBuilding C object CMakeFiles/dynamixel_sdk_custom_interfaces__python.dir/rosidl_generator_py/dynamixel_sdk_custom_interfaces/srv/_get_position_s.c.o[0m
[20.966s] [ 84%] [32m[1mLinking C shared library rosidl_generator_py/dynamixel_sdk_custom_interfaces/libdynamixel_sdk_custom_interfaces__python.so[0m
[21.141s] [ 84%] Built target dynamixel_sdk_custom_interfaces__python
[21.185s] [35m[1mScanning dependencies of target dynamixel_sdk_custom_interfaces__rosidl_typesupport_c__pyext[0m
[21.275s] [ 87%] [32mBuilding C object CMakeFiles/dynamixel_sdk_custom_interfaces__rosidl_typesupport_c__pyext.dir/rosidl_generator_py/dynamixel_sdk_custom_interfaces/_dynamixel_sdk_custom_interfaces_s.ep.rosidl_typesupport_c.c.o[0m
[21.544s] [ 89%] [32m[1mLinking C shared library rosidl_generator_py/dynamixel_sdk_custom_interfaces/dynamixel_sdk_custom_interfaces_s__rosidl_typesupport_c.cpython-38-x86_64-linux-gnu.so[0m
[21.726s] [ 89%] Built target dynamixel_sdk_custom_interfaces__rosidl_typesupport_c__pyext
[21.770s] [35m[1mScanning dependencies of target dynamixel_sdk_custom_interfaces__rosidl_typesupport_introspection_c__pyext[0m
[21.864s] [ 92%] [32mBuilding C object CMakeFiles/dynamixel_sdk_custom_interfaces__rosidl_typesupport_introspection_c__pyext.dir/rosidl_generator_py/dynamixel_sdk_custom_interfaces/_dynamixel_sdk_custom_interfaces_s.ep.rosidl_typesupport_introspection_c.c.o[0m
[22.126s] [ 94%] [32m[1mLinking C shared library rosidl_generator_py/dynamixel_sdk_custom_interfaces/dynamixel_sdk_custom_interfaces_s__rosidl_typesupport_introspection_c.cpython-38-x86_64-linux-gnu.so[0m
[22.285s] [ 94%] Built target dynamixel_sdk_custom_interfaces__rosidl_typesupport_introspection_c__pyext
[22.335s] [35m[1mScanning dependencies of target dynamixel_sdk_custom_interfaces__rosidl_typesupport_fastrtps_c__pyext[0m
[22.427s] [ 97%] [32mBuilding C object CMakeFiles/dynamixel_sdk_custom_interfaces__rosidl_typesupport_fastrtps_c__pyext.dir/rosidl_generator_py/dynamixel_sdk_custom_interfaces/_dynamixel_sdk_custom_interfaces_s.ep.rosidl_typesupport_fastrtps_c.c.o[0m
[22.714s] [100%] [32m[1mLinking CXX shared library rosidl_generator_py/dynamixel_sdk_custom_interfaces/dynamixel_sdk_custom_interfaces_s__rosidl_typesupport_fastrtps_c.cpython-38-x86_64-linux-gnu.so[0m
[22.977s] [100%] Built target dynamixel_sdk_custom_interfaces__rosidl_typesupport_fastrtps_c__pyext
[23.020s] Invoked command in '/home/y/SA_CAO_test_ws/build/dynamixel_sdk_custom_interfaces' returned '0': CMAKE_PREFIX_PATH=/home/y/SA_CAO_test_ws/install/turtlebot3:/home/y/SA_CAO_test_ws/install/turtlebot3_simulations:/home/y/SA_CAO_test_ws/install/turtlebot3_bringup:/home/y/SA_CAO_test_ws/install/turtlebot3_node:/home/y/SA_CAO_test_ws/install/turtlebot3_navigation2:/home/y/SA_CAO_test_ws/install/turtlebot3_fake_node:/home/y/SA_CAO_test_ws/install/turtlebot3_msgs:/home/y/SA_CAO_test_ws/install/turtlebot3_gazebo:/home/y/SA_CAO_test_ws/install/turtlebot3_description:/home/y/SA_CAO_test_ws/install/turtlebot3_cartographer:/home/y/SA_CAO_test_ws/install/sub_diablo2023a:/home/y/SA_CAO_test_ws/install/motion_msgs:/home/y/SA_CAO_test_ws/install/hls_lfcd_lds_driver:/home/y/SA_CAO_test_ws/install/dynamixel_sdk_examples:/home/y/SA_CAO_test_ws/install/dynamixel_sdk_custom_interfaces:/home/y/SA_CAO_test_ws/install/dynamixel_sdk:/home/y/SA_CAO_test_ws/install/turtlebot3_teleop:/home/y/SA_CAO_test_ws/install/turtlebot3_example:/home/y/SA_CAO_test_ws/install/my_joystick:/home/y/SA_CAO_test_ws/install/launch_diablo:/opt/ros/foxy:/home/y/oradar_ros/install/oradar_lidar /usr/bin/cmake --build /home/y/SA_CAO_test_ws/build/dynamixel_sdk_custom_interfaces -- -j2 -l2
[23.029s] Invoking command in '/home/y/SA_CAO_test_ws/build/dynamixel_sdk_custom_interfaces': CMAKE_PREFIX_PATH=/home/y/SA_CAO_test_ws/install/turtlebot3:/home/y/SA_CAO_test_ws/install/turtlebot3_simulations:/home/y/SA_CAO_test_ws/install/turtlebot3_bringup:/home/y/SA_CAO_test_ws/install/turtlebot3_node:/home/y/SA_CAO_test_ws/install/turtlebot3_navigation2:/home/y/SA_CAO_test_ws/install/turtlebot3_fake_node:/home/y/SA_CAO_test_ws/install/turtlebot3_msgs:/home/y/SA_CAO_test_ws/install/turtlebot3_gazebo:/home/y/SA_CAO_test_ws/install/turtlebot3_description:/home/y/SA_CAO_test_ws/install/turtlebot3_cartographer:/home/y/SA_CAO_test_ws/install/sub_diablo2023a:/home/y/SA_CAO_test_ws/install/motion_msgs:/home/y/SA_CAO_test_ws/install/hls_lfcd_lds_driver:/home/y/SA_CAO_test_ws/install/dynamixel_sdk_examples:/home/y/SA_CAO_test_ws/install/dynamixel_sdk_custom_interfaces:/home/y/SA_CAO_test_ws/install/dynamixel_sdk:/home/y/SA_CAO_test_ws/install/turtlebot3_teleop:/home/y/SA_CAO_test_ws/install/turtlebot3_example:/home/y/SA_CAO_test_ws/install/my_joystick:/home/y/SA_CAO_test_ws/install/launch_diablo:/opt/ros/foxy:/home/y/oradar_ros/install/oradar_lidar /usr/bin/cmake --install /home/y/SA_CAO_test_ws/build/dynamixel_sdk_custom_interfaces
[23.065s] -- Install configuration: ""
[23.066s] -- Installing: /home/y/SA_CAO_test_ws/install/dynamixel_sdk_custom_interfaces/share/ament_index/resource_index/rosidl_interfaces/dynamixel_sdk_custom_interfaces
[23.066s] -- Installing: /home/y/SA_CAO_test_ws/install/dynamixel_sdk_custom_interfaces/include/dynamixel_sdk_custom_interfaces
[23.067s] -- Installing: /home/y/SA_CAO_test_ws/install/dynamixel_sdk_custom_interfaces/include/dynamixel_sdk_custom_interfaces/srv
[23.068s] -- Installing: /home/y/SA_CAO_test_ws/install/dynamixel_sdk_custom_interfaces/include/dynamixel_sdk_custom_interfaces/srv/get_position.h
[23.068s] -- Installing: /home/y/SA_CAO_test_ws/install/dynamixel_sdk_custom_interfaces/include/dynamixel_sdk_custom_interfaces/srv/detail
[23.069s] -- Installing: /home/y/SA_CAO_test_ws/install/dynamixel_sdk_custom_interfaces/include/dynamixel_sdk_custom_interfaces/srv/detail/get_position__functions.h
[23.070s] -- Installing: /home/y/SA_CAO_test_ws/install/dynamixel_sdk_custom_interfaces/include/dynamixel_sdk_custom_interfaces/srv/detail/get_position__functions.c
[23.070s] -- Installing: /home/y/SA_CAO_test_ws/install/dynamixel_sdk_custom_interfaces/include/dynamixel_sdk_custom_interfaces/srv/detail/get_position__struct.h
[23.071s] -- Installing: /home/y/SA_CAO_test_ws/install/dynamixel_sdk_custom_interfaces/include/dynamixel_sdk_custom_interfaces/srv/detail/get_position__type_support.h
[23.072s] -- Installing: /home/y/SA_CAO_test_ws/install/dynamixel_sdk_custom_interfaces/include/dynamixel_sdk_custom_interfaces/msg
[23.072s] -- Installing: /home/y/SA_CAO_test_ws/install/dynamixel_sdk_custom_interfaces/include/dynamixel_sdk_custom_interfaces/msg/rosidl_generator_c__visibility_control.h
[23.073s] -- Installing: /home/y/SA_CAO_test_ws/install/dynamixel_sdk_custom_interfaces/include/dynamixel_sdk_custom_interfaces/msg/set_position.h
[23.073s] -- Installing: /home/y/SA_CAO_test_ws/install/dynamixel_sdk_custom_interfaces/include/dynamixel_sdk_custom_interfaces/msg/detail
[23.074s] -- Installing: /home/y/SA_CAO_test_ws/install/dynamixel_sdk_custom_interfaces/include/dynamixel_sdk_custom_interfaces/msg/detail/set_position__functions.h
[23.075s] -- Installing: /home/y/SA_CAO_test_ws/install/dynamixel_sdk_custom_interfaces/include/dynamixel_sdk_custom_interfaces/msg/detail/set_position__functions.c
[23.075s] -- Installing: /home/y/SA_CAO_test_ws/install/dynamixel_sdk_custom_interfaces/include/dynamixel_sdk_custom_interfaces/msg/detail/set_position__struct.h
[23.077s] -- Installing: /home/y/SA_CAO_test_ws/install/dynamixel_sdk_custom_interfaces/include/dynamixel_sdk_custom_interfaces/msg/detail/set_position__type_support.h
[23.077s] -- Installing: /home/y/SA_CAO_test_ws/install/dynamixel_sdk_custom_interfaces/share/dynamixel_sdk_custom_interfaces/environment/library_path.sh
[23.078s] -- Installing: /home/y/SA_CAO_test_ws/install/dynamixel_sdk_custom_interfaces/share/dynamixel_sdk_custom_interfaces/environment/library_path.dsv
[23.079s] -- Installing: /home/y/SA_CAO_test_ws/install/dynamixel_sdk_custom_interfaces/lib/libdynamixel_sdk_custom_interfaces__rosidl_generator_c.so
[23.082s] -- Set runtime path of "/home/y/SA_CAO_test_ws/install/dynamixel_sdk_custom_interfaces/lib/libdynamixel_sdk_custom_interfaces__rosidl_generator_c.so" to ""
[23.083s] -- Up-to-date: /home/y/SA_CAO_test_ws/install/dynamixel_sdk_custom_interfaces/include/dynamixel_sdk_custom_interfaces
[23.084s] -- Up-to-date: /home/y/SA_CAO_test_ws/install/dynamixel_sdk_custom_interfaces/include/dynamixel_sdk_custom_interfaces/srv
[23.084s] -- Up-to-date: /home/y/SA_CAO_test_ws/install/dynamixel_sdk_custom_interfaces/include/dynamixel_sdk_custom_interfaces/srv/detail
[23.084s] -- Installing: /home/y/SA_CAO_test_ws/install/dynamixel_sdk_custom_interfaces/include/dynamixel_sdk_custom_interfaces/srv/detail/get_position__rosidl_typesupport_fastrtps_c.h
[23.085s] -- Up-to-date: /home/y/SA_CAO_test_ws/install/dynamixel_sdk_custom_interfaces/include/dynamixel_sdk_custom_interfaces/msg
[23.085s] -- Up-to-date: /home/y/SA_CAO_test_ws/install/dynamixel_sdk_custom_interfaces/include/dynamixel_sdk_custom_interfaces/msg/detail
[23.086s] -- Installing: /home/y/SA_CAO_test_ws/install/dynamixel_sdk_custom_interfaces/include/dynamixel_sdk_custom_interfaces/msg/detail/set_position__rosidl_typesupport_fastrtps_c.h
[23.086s] -- Installing: /home/y/SA_CAO_test_ws/install/dynamixel_sdk_custom_interfaces/include/dynamixel_sdk_custom_interfaces/msg/rosidl_typesupport_fastrtps_c__visibility_control.h
[23.087s] -- Installing: /home/y/SA_CAO_test_ws/install/dynamixel_sdk_custom_interfaces/lib/libdynamixel_sdk_custom_interfaces__rosidl_typesupport_fastrtps_c.so
[23.090s] -- Set runtime path of "/home/y/SA_CAO_test_ws/install/dynamixel_sdk_custom_interfaces/lib/libdynamixel_sdk_custom_interfaces__rosidl_typesupport_fastrtps_c.so" to ""
[23.091s] -- Up-to-date: /home/y/SA_CAO_test_ws/install/dynamixel_sdk_custom_interfaces/include/dynamixel_sdk_custom_interfaces
[23.091s] -- Up-to-date: /home/y/SA_CAO_test_ws/install/dynamixel_sdk_custom_interfaces/include/dynamixel_sdk_custom_interfaces/srv
[23.092s] -- Up-to-date: /home/y/SA_CAO_test_ws/install/dynamixel_sdk_custom_interfaces/include/dynamixel_sdk_custom_interfaces/srv/detail
[23.092s] -- Installing: /home/y/SA_CAO_test_ws/install/dynamixel_sdk_custom_interfaces/include/dynamixel_sdk_custom_interfaces/srv/detail/dds_fastrtps
[23.092s] -- Installing: /home/y/SA_CAO_test_ws/install/dynamixel_sdk_custom_interfaces/include/dynamixel_sdk_custom_interfaces/srv/detail/get_position__rosidl_typesupport_fastrtps_cpp.hpp
[23.094s] -- Up-to-date: /home/y/SA_CAO_test_ws/install/dynamixel_sdk_custom_interfaces/include/dynamixel_sdk_custom_interfaces/msg
[23.094s] -- Installing: /home/y/SA_CAO_test_ws/install/dynamixel_sdk_custom_interfaces/include/dynamixel_sdk_custom_interfaces/msg/rosidl_typesupport_fastrtps_cpp__visibility_control.h
[23.094s] -- Up-to-date: /home/y/SA_CAO_test_ws/install/dynamixel_sdk_custom_interfaces/include/dynamixel_sdk_custom_interfaces/msg/detail
[23.095s] -- Installing: /home/y/SA_CAO_test_ws/install/dynamixel_sdk_custom_interfaces/include/dynamixel_sdk_custom_interfaces/msg/detail/dds_fastrtps
[23.095s] -- Installing: /home/y/SA_CAO_test_ws/install/dynamixel_sdk_custom_interfaces/include/dynamixel_sdk_custom_interfaces/msg/detail/set_position__rosidl_typesupport_fastrtps_cpp.hpp
[23.096s] -- Installing: /home/y/SA_CAO_test_ws/install/dynamixel_sdk_custom_interfaces/lib/libdynamixel_sdk_custom_interfaces__rosidl_typesupport_fastrtps_cpp.so
[23.100s] -- Set runtime path of "/home/y/SA_CAO_test_ws/install/dynamixel_sdk_custom_interfaces/lib/libdynamixel_sdk_custom_interfaces__rosidl_typesupport_fastrtps_cpp.so" to ""
[23.100s] -- Up-to-date: /home/y/SA_CAO_test_ws/install/dynamixel_sdk_custom_interfaces/include/dynamixel_sdk_custom_interfaces
[23.101s] -- Up-to-date: /home/y/SA_CAO_test_ws/install/dynamixel_sdk_custom_interfaces/include/dynamixel_sdk_custom_interfaces/srv
[23.101s] -- Up-to-date: /home/y/SA_CAO_test_ws/install/dynamixel_sdk_custom_interfaces/include/dynamixel_sdk_custom_interfaces/srv/detail
[23.102s] -- Installing: /home/y/SA_CAO_test_ws/install/dynamixel_sdk_custom_interfaces/include/dynamixel_sdk_custom_interfaces/srv/detail/get_position__rosidl_typesupport_introspection_c.h
[23.102s] -- Installing: /home/y/SA_CAO_test_ws/install/dynamixel_sdk_custom_interfaces/include/dynamixel_sdk_custom_interfaces/srv/detail/get_position__type_support.c
[23.103s] -- Up-to-date: /home/y/SA_CAO_test_ws/install/dynamixel_sdk_custom_interfaces/include/dynamixel_sdk_custom_interfaces/msg
[23.105s] -- Installing: /home/y/SA_CAO_test_ws/install/dynamixel_sdk_custom_interfaces/include/dynamixel_sdk_custom_interfaces/msg/rosidl_typesupport_introspection_c__visibility_control.h
[23.110s] -- Up-to-date: /home/y/SA_CAO_test_ws/install/dynamixel_sdk_custom_interfaces/include/dynamixel_sdk_custom_interfaces/msg/detail
[23.110s] -- Installing: /home/y/SA_CAO_test_ws/install/dynamixel_sdk_custom_interfaces/include/dynamixel_sdk_custom_interfaces/msg/detail/set_position__type_support.c
[23.111s] -- Installing: /home/y/SA_CAO_test_ws/install/dynamixel_sdk_custom_interfaces/include/dynamixel_sdk_custom_interfaces/msg/detail/set_position__rosidl_typesupport_introspection_c.h
[23.112s] -- Installing: /home/y/SA_CAO_test_ws/install/dynamixel_sdk_custom_interfaces/lib/libdynamixel_sdk_custom_interfaces__rosidl_typesupport_introspection_c.so
[23.113s] -- Set runtime path of "/home/y/SA_CAO_test_ws/install/dynamixel_sdk_custom_interfaces/lib/libdynamixel_sdk_custom_interfaces__rosidl_typesupport_introspection_c.so" to ""
[23.114s] -- Installing: /home/y/SA_CAO_test_ws/install/dynamixel_sdk_custom_interfaces/lib/libdynamixel_sdk_custom_interfaces__rosidl_typesupport_c.so
[23.117s] -- Set runtime path of "/home/y/SA_CAO_test_ws/install/dynamixel_sdk_custom_interfaces/lib/libdynamixel_sdk_custom_interfaces__rosidl_typesupport_c.so" to ""
[23.118s] -- Up-to-date: /home/y/SA_CAO_test_ws/install/dynamixel_sdk_custom_interfaces/include/dynamixel_sdk_custom_interfaces
[23.119s] -- Up-to-date: /home/y/SA_CAO_test_ws/install/dynamixel_sdk_custom_interfaces/include/dynamixel_sdk_custom_interfaces/srv
[23.120s] -- Installing: /home/y/SA_CAO_test_ws/install/dynamixel_sdk_custom_interfaces/include/dynamixel_sdk_custom_interfaces/srv/get_position.hpp
[23.120s] -- Up-to-date: /home/y/SA_CAO_test_ws/install/dynamixel_sdk_custom_interfaces/include/dynamixel_sdk_custom_interfaces/srv/detail
[23.120s] -- Installing: /home/y/SA_CAO_test_ws/install/dynamixel_sdk_custom_interfaces/include/dynamixel_sdk_custom_interfaces/srv/detail/get_position__builder.hpp
[23.120s] -- Installing: /home/y/SA_CAO_test_ws/install/dynamixel_sdk_custom_interfaces/include/dynamixel_sdk_custom_interfaces/srv/detail/get_position__type_support.hpp
[23.121s] -- Installing: /home/y/SA_CAO_test_ws/install/dynamixel_sdk_custom_interfaces/include/dynamixel_sdk_custom_interfaces/srv/detail/get_position__struct.hpp
[23.122s] -- Installing: /home/y/SA_CAO_test_ws/install/dynamixel_sdk_custom_interfaces/include/dynamixel_sdk_custom_interfaces/srv/detail/get_position__traits.hpp
[23.122s] -- Up-to-date: /home/y/SA_CAO_test_ws/install/dynamixel_sdk_custom_interfaces/include/dynamixel_sdk_custom_interfaces/msg
[23.123s] -- Installing: /home/y/SA_CAO_test_ws/install/dynamixel_sdk_custom_interfaces/include/dynamixel_sdk_custom_interfaces/msg/set_position.hpp
[23.124s] -- Installing: /home/y/SA_CAO_test_ws/install/dynamixel_sdk_custom_interfaces/include/dynamixel_sdk_custom_interfaces/msg/rosidl_generator_cpp__visibility_control.hpp
[23.124s] -- Up-to-date: /home/y/SA_CAO_test_ws/install/dynamixel_sdk_custom_interfaces/include/dynamixel_sdk_custom_interfaces/msg/detail
[23.125s] -- Installing: /home/y/SA_CAO_test_ws/install/dynamixel_sdk_custom_interfaces/include/dynamixel_sdk_custom_interfaces/msg/detail/set_position__builder.hpp
[23.125s] -- Installing: /home/y/SA_CAO_test_ws/install/dynamixel_sdk_custom_interfaces/include/dynamixel_sdk_custom_interfaces/msg/detail/set_position__type_support.hpp
[23.126s] -- Installing: /home/y/SA_CAO_test_ws/install/dynamixel_sdk_custom_interfaces/include/dynamixel_sdk_custom_interfaces/msg/detail/set_position__traits.hpp
[23.126s] -- Installing: /home/y/SA_CAO_test_ws/install/dynamixel_sdk_custom_interfaces/include/dynamixel_sdk_custom_interfaces/msg/detail/set_position__struct.hpp
[23.127s] -- Up-to-date: /home/y/SA_CAO_test_ws/install/dynamixel_sdk_custom_interfaces/include/dynamixel_sdk_custom_interfaces
[23.128s] -- Up-to-date: /home/y/SA_CAO_test_ws/install/dynamixel_sdk_custom_interfaces/include/dynamixel_sdk_custom_interfaces/srv
[23.129s] -- Up-to-date: /home/y/SA_CAO_test_ws/install/dynamixel_sdk_custom_interfaces/include/dynamixel_sdk_custom_interfaces/srv/detail
[23.130s] -- Installing: /home/y/SA_CAO_test_ws/install/dynamixel_sdk_custom_interfaces/include/dynamixel_sdk_custom_interfaces/srv/detail/get_position__type_support.cpp
[23.131s] -- Installing: /home/y/SA_CAO_test_ws/install/dynamixel_sdk_custom_interfaces/include/dynamixel_sdk_custom_interfaces/srv/detail/get_position__rosidl_typesupport_introspection_cpp.hpp
[23.131s] -- Up-to-date: /home/y/SA_CAO_test_ws/install/dynamixel_sdk_custom_interfaces/include/dynamixel_sdk_custom_interfaces/msg
[23.132s] -- Up-to-date: /home/y/SA_CAO_test_ws/install/dynamixel_sdk_custom_interfaces/include/dynamixel_sdk_custom_interfaces/msg/detail
[23.132s] -- Installing: /home/y/SA_CAO_test_ws/install/dynamixel_sdk_custom_interfaces/include/dynamixel_sdk_custom_interfaces/msg/detail/set_position__rosidl_typesupport_introspection_cpp.hpp
[23.133s] -- Installing: /home/y/SA_CAO_test_ws/install/dynamixel_sdk_custom_interfaces/include/dynamixel_sdk_custom_interfaces/msg/detail/set_position__type_support.cpp
[23.134s] -- Installing: /home/y/SA_CAO_test_ws/install/dynamixel_sdk_custom_interfaces/lib/libdynamixel_sdk_custom_interfaces__rosidl_typesupport_introspection_cpp.so
[23.136s] -- Set runtime path of "/home/y/SA_CAO_test_ws/install/dynamixel_sdk_custom_interfaces/lib/libdynamixel_sdk_custom_interfaces__rosidl_typesupport_introspection_cpp.so" to ""
[23.137s] -- Installing: /home/y/SA_CAO_test_ws/install/dynamixel_sdk_custom_interfaces/lib/libdynamixel_sdk_custom_interfaces__rosidl_typesupport_cpp.so
[23.140s] -- Set runtime path of "/home/y/SA_CAO_test_ws/install/dynamixel_sdk_custom_interfaces/lib/libdynamixel_sdk_custom_interfaces__rosidl_typesupport_cpp.so" to ""
[23.140s] -- Installing: /home/y/SA_CAO_test_ws/install/dynamixel_sdk_custom_interfaces/share/dynamixel_sdk_custom_interfaces/environment/pythonpath.sh
[23.141s] -- Installing: /home/y/SA_CAO_test_ws/install/dynamixel_sdk_custom_interfaces/share/dynamixel_sdk_custom_interfaces/environment/pythonpath.dsv
[23.142s] -- Installing: /home/y/SA_CAO_test_ws/install/dynamixel_sdk_custom_interfaces/lib/python3.8/site-packages/dynamixel_sdk_custom_interfaces/__init__.py
[23.217s] Compiling '/home/y/SA_CAO_test_ws/install/dynamixel_sdk_custom_interfaces/lib/python3.8/site-packages/dynamixel_sdk_custom_interfaces/__init__.py'...
[23.221s] -- Installing: /home/y/SA_CAO_test_ws/install/dynamixel_sdk_custom_interfaces/lib/python3.8/site-packages/dynamixel_sdk_custom_interfaces/msg
[23.222s] -- Installing: /home/y/SA_CAO_test_ws/install/dynamixel_sdk_custom_interfaces/lib/python3.8/site-packages/dynamixel_sdk_custom_interfaces/msg/__init__.py
[23.223s] -- Installing: /home/y/SA_CAO_test_ws/install/dynamixel_sdk_custom_interfaces/lib/python3.8/site-packages/dynamixel_sdk_custom_interfaces/msg/_set_position_s.c
[23.223s] -- Installing: /home/y/SA_CAO_test_ws/install/dynamixel_sdk_custom_interfaces/lib/python3.8/site-packages/dynamixel_sdk_custom_interfaces/msg/_set_position.py
[23.224s] -- Installing: /home/y/SA_CAO_test_ws/install/dynamixel_sdk_custom_interfaces/lib/python3.8/site-packages/dynamixel_sdk_custom_interfaces/srv
[23.225s] -- Installing: /home/y/SA_CAO_test_ws/install/dynamixel_sdk_custom_interfaces/lib/python3.8/site-packages/dynamixel_sdk_custom_interfaces/srv/__init__.py
[23.225s] -- Installing: /home/y/SA_CAO_test_ws/install/dynamixel_sdk_custom_interfaces/lib/python3.8/site-packages/dynamixel_sdk_custom_interfaces/srv/_get_position.py
[23.226s] -- Installing: /home/y/SA_CAO_test_ws/install/dynamixel_sdk_custom_interfaces/lib/python3.8/site-packages/dynamixel_sdk_custom_interfaces/srv/_get_position_s.c
[23.227s] -- Installing: /home/y/SA_CAO_test_ws/install/dynamixel_sdk_custom_interfaces/lib/python3.8/site-packages/dynamixel_sdk_custom_interfaces/dynamixel_sdk_custom_interfaces_s__rosidl_typesupport_fastrtps_c.cpython-38-x86_64-linux-gnu.so
[23.231s] -- Set runtime path of "/home/y/SA_CAO_test_ws/install/dynamixel_sdk_custom_interfaces/lib/python3.8/site-packages/dynamixel_sdk_custom_interfaces/dynamixel_sdk_custom_interfaces_s__rosidl_typesupport_fastrtps_c.cpython-38-x86_64-linux-gnu.so" to ""
[23.232s] -- Installing: /home/y/SA_CAO_test_ws/install/dynamixel_sdk_custom_interfaces/lib/python3.8/site-packages/dynamixel_sdk_custom_interfaces/dynamixel_sdk_custom_interfaces_s__rosidl_typesupport_introspection_c.cpython-38-x86_64-linux-gnu.so
[23.236s] -- Set runtime path of "/home/y/SA_CAO_test_ws/install/dynamixel_sdk_custom_interfaces/lib/python3.8/site-packages/dynamixel_sdk_custom_interfaces/dynamixel_sdk_custom_interfaces_s__rosidl_typesupport_introspection_c.cpython-38-x86_64-linux-gnu.so" to ""
[23.237s] -- Installing: /home/y/SA_CAO_test_ws/install/dynamixel_sdk_custom_interfaces/lib/python3.8/site-packages/dynamixel_sdk_custom_interfaces/dynamixel_sdk_custom_interfaces_s__rosidl_typesupport_c.cpython-38-x86_64-linux-gnu.so
[23.241s] -- Set runtime path of "/home/y/SA_CAO_test_ws/install/dynamixel_sdk_custom_interfaces/lib/python3.8/site-packages/dynamixel_sdk_custom_interfaces/dynamixel_sdk_custom_interfaces_s__rosidl_typesupport_c.cpython-38-x86_64-linux-gnu.so" to ""
[23.242s] -- Installing: /home/y/SA_CAO_test_ws/install/dynamixel_sdk_custom_interfaces/lib/libdynamixel_sdk_custom_interfaces__python.so
[23.246s] -- Set runtime path of "/home/y/SA_CAO_test_ws/install/dynamixel_sdk_custom_interfaces/lib/libdynamixel_sdk_custom_interfaces__python.so" to ""
[23.246s] -- Installing: /home/y/SA_CAO_test_ws/install/dynamixel_sdk_custom_interfaces/share/dynamixel_sdk_custom_interfaces/msg/SetPosition.idl
[23.247s] -- Installing: /home/y/SA_CAO_test_ws/install/dynamixel_sdk_custom_interfaces/share/dynamixel_sdk_custom_interfaces/srv/GetPosition.idl
[23.248s] -- Installing: /home/y/SA_CAO_test_ws/install/dynamixel_sdk_custom_interfaces/share/dynamixel_sdk_custom_interfaces/msg/SetPosition.msg
[23.249s] -- Installing: /home/y/SA_CAO_test_ws/install/dynamixel_sdk_custom_interfaces/share/dynamixel_sdk_custom_interfaces/srv/GetPosition.srv
[23.250s] -- Installing: /home/y/SA_CAO_test_ws/install/dynamixel_sdk_custom_interfaces/share/dynamixel_sdk_custom_interfaces/srv/GetPosition_Request.msg
[23.251s] -- Installing: /home/y/SA_CAO_test_ws/install/dynamixel_sdk_custom_interfaces/share/dynamixel_sdk_custom_interfaces/srv/GetPosition_Response.msg
[23.252s] -- Installing: /home/y/SA_CAO_test_ws/install/dynamixel_sdk_custom_interfaces/share/ament_index/resource_index/package_run_dependencies/dynamixel_sdk_custom_interfaces
[23.253s] -- Installing: /home/y/SA_CAO_test_ws/install/dynamixel_sdk_custom_interfaces/share/ament_index/resource_index/parent_prefix_path/dynamixel_sdk_custom_interfaces
[23.254s] -- Installing: /home/y/SA_CAO_test_ws/install/dynamixel_sdk_custom_interfaces/share/dynamixel_sdk_custom_interfaces/environment/ament_prefix_path.sh
[23.255s] -- Installing: /home/y/SA_CAO_test_ws/install/dynamixel_sdk_custom_interfaces/share/dynamixel_sdk_custom_interfaces/environment/ament_prefix_path.dsv
[23.256s] -- Installing: /home/y/SA_CAO_test_ws/install/dynamixel_sdk_custom_interfaces/share/dynamixel_sdk_custom_interfaces/environment/path.sh
[23.256s] -- Installing: /home/y/SA_CAO_test_ws/install/dynamixel_sdk_custom_interfaces/share/dynamixel_sdk_custom_interfaces/environment/path.dsv
[23.257s] -- Installing: /home/y/SA_CAO_test_ws/install/dynamixel_sdk_custom_interfaces/share/dynamixel_sdk_custom_interfaces/local_setup.bash
[23.258s] -- Installing: /home/y/SA_CAO_test_ws/install/dynamixel_sdk_custom_interfaces/share/dynamixel_sdk_custom_interfaces/local_setup.sh
[23.259s] -- Installing: /home/y/SA_CAO_test_ws/install/dynamixel_sdk_custom_interfaces/share/dynamixel_sdk_custom_interfaces/local_setup.zsh
[23.259s] -- Installing: /home/y/SA_CAO_test_ws/install/dynamixel_sdk_custom_interfaces/share/dynamixel_sdk_custom_interfaces/local_setup.dsv
[23.260s] -- Installing: /home/y/SA_CAO_test_ws/install/dynamixel_sdk_custom_interfaces/share/dynamixel_sdk_custom_interfaces/package.dsv
[23.261s] -- Installing: /home/y/SA_CAO_test_ws/install/dynamixel_sdk_custom_interfaces/share/ament_index/resource_index/packages/dynamixel_sdk_custom_interfaces
[23.262s] -- Installing: /home/y/SA_CAO_test_ws/install/dynamixel_sdk_custom_interfaces/share/dynamixel_sdk_custom_interfaces/cmake/dynamixel_sdk_custom_interfaces__rosidl_generator_cExport.cmake
[23.263s] -- Installing: /home/y/SA_CAO_test_ws/install/dynamixel_sdk_custom_interfaces/share/dynamixel_sdk_custom_interfaces/cmake/dynamixel_sdk_custom_interfaces__rosidl_generator_cExport-noconfig.cmake
[23.264s] -- Installing: /home/y/SA_CAO_test_ws/install/dynamixel_sdk_custom_interfaces/share/dynamixel_sdk_custom_interfaces/cmake/dynamixel_sdk_custom_interfaces__rosidl_typesupport_introspection_cExport.cmake
[23.264s] -- Installing: /home/y/SA_CAO_test_ws/install/dynamixel_sdk_custom_interfaces/share/dynamixel_sdk_custom_interfaces/cmake/dynamixel_sdk_custom_interfaces__rosidl_typesupport_introspection_cExport-noconfig.cmake
[23.265s] -- Installing: /home/y/SA_CAO_test_ws/install/dynamixel_sdk_custom_interfaces/share/dynamixel_sdk_custom_interfaces/cmake/dynamixel_sdk_custom_interfaces__rosidl_typesupport_cExport.cmake
[23.266s] -- Installing: /home/y/SA_CAO_test_ws/install/dynamixel_sdk_custom_interfaces/share/dynamixel_sdk_custom_interfaces/cmake/dynamixel_sdk_custom_interfaces__rosidl_typesupport_cExport-noconfig.cmake
[23.267s] -- Installing: /home/y/SA_CAO_test_ws/install/dynamixel_sdk_custom_interfaces/share/dynamixel_sdk_custom_interfaces/cmake/dynamixel_sdk_custom_interfaces__rosidl_generator_cppExport.cmake
[23.268s] -- Installing: /home/y/SA_CAO_test_ws/install/dynamixel_sdk_custom_interfaces/share/dynamixel_sdk_custom_interfaces/cmake/dynamixel_sdk_custom_interfaces__rosidl_typesupport_introspection_cppExport.cmake
[23.269s] -- Installing: /home/y/SA_CAO_test_ws/install/dynamixel_sdk_custom_interfaces/share/dynamixel_sdk_custom_interfaces/cmake/dynamixel_sdk_custom_interfaces__rosidl_typesupport_introspection_cppExport-noconfig.cmake
[23.269s] -- Installing: /home/y/SA_CAO_test_ws/install/dynamixel_sdk_custom_interfaces/share/dynamixel_sdk_custom_interfaces/cmake/dynamixel_sdk_custom_interfaces__rosidl_typesupport_cppExport.cmake
[23.270s] -- Installing: /home/y/SA_CAO_test_ws/install/dynamixel_sdk_custom_interfaces/share/dynamixel_sdk_custom_interfaces/cmake/dynamixel_sdk_custom_interfaces__rosidl_typesupport_cppExport-noconfig.cmake
[23.271s] -- Installing: /home/y/SA_CAO_test_ws/install/dynamixel_sdk_custom_interfaces/share/dynamixel_sdk_custom_interfaces/cmake/rosidl_cmake-extras.cmake
[23.272s] -- Installing: /home/y/SA_CAO_test_ws/install/dynamixel_sdk_custom_interfaces/share/dynamixel_sdk_custom_interfaces/cmake/ament_cmake_export_dependencies-extras.cmake
[23.273s] -- Installing: /home/y/SA_CAO_test_ws/install/dynamixel_sdk_custom_interfaces/share/dynamixel_sdk_custom_interfaces/cmake/ament_cmake_export_libraries-extras.cmake
[23.273s] -- Installing: /home/y/SA_CAO_test_ws/install/dynamixel_sdk_custom_interfaces/share/dynamixel_sdk_custom_interfaces/cmake/ament_cmake_export_targets-extras.cmake
[23.274s] -- Installing: /home/y/SA_CAO_test_ws/install/dynamixel_sdk_custom_interfaces/share/dynamixel_sdk_custom_interfaces/cmake/ament_cmake_export_include_directories-extras.cmake
[23.275s] -- Installing: /home/y/SA_CAO_test_ws/install/dynamixel_sdk_custom_interfaces/share/dynamixel_sdk_custom_interfaces/cmake/rosidl_cmake_export_typesupport_libraries-extras.cmake
[23.276s] -- Installing: /home/y/SA_CAO_test_ws/install/dynamixel_sdk_custom_interfaces/share/dynamixel_sdk_custom_interfaces/cmake/rosidl_cmake_export_typesupport_targets-extras.cmake
[23.277s] -- Installing: /home/y/SA_CAO_test_ws/install/dynamixel_sdk_custom_interfaces/share/dynamixel_sdk_custom_interfaces/cmake/dynamixel_sdk_custom_interfacesConfig.cmake
[23.277s] -- Installing: /home/y/SA_CAO_test_ws/install/dynamixel_sdk_custom_interfaces/share/dynamixel_sdk_custom_interfaces/cmake/dynamixel_sdk_custom_interfacesConfig-version.cmake
[23.278s] -- Installing: /home/y/SA_CAO_test_ws/install/dynamixel_sdk_custom_interfaces/share/dynamixel_sdk_custom_interfaces/package.xml
[23.287s] Invoked command in '/home/y/SA_CAO_test_ws/build/dynamixel_sdk_custom_interfaces' returned '0': CMAKE_PREFIX_PATH=/home/y/SA_CAO_test_ws/install/turtlebot3:/home/y/SA_CAO_test_ws/install/turtlebot3_simulations:/home/y/SA_CAO_test_ws/install/turtlebot3_bringup:/home/y/SA_CAO_test_ws/install/turtlebot3_node:/home/y/SA_CAO_test_ws/install/turtlebot3_navigation2:/home/y/SA_CAO_test_ws/install/turtlebot3_fake_node:/home/y/SA_CAO_test_ws/install/turtlebot3_msgs:/home/y/SA_CAO_test_ws/install/turtlebot3_gazebo:/home/y/SA_CAO_test_ws/install/turtlebot3_description:/home/y/SA_CAO_test_ws/install/turtlebot3_cartographer:/home/y/SA_CAO_test_ws/install/sub_diablo2023a:/home/y/SA_CAO_test_ws/install/motion_msgs:/home/y/SA_CAO_test_ws/install/hls_lfcd_lds_driver:/home/y/SA_CAO_test_ws/install/dynamixel_sdk_examples:/home/y/SA_CAO_test_ws/install/dynamixel_sdk_custom_interfaces:/home/y/SA_CAO_test_ws/install/dynamixel_sdk:/home/y/SA_CAO_test_ws/install/turtlebot3_teleop:/home/y/SA_CAO_test_ws/install/turtlebot3_example:/home/y/SA_CAO_test_ws/install/my_joystick:/home/y/SA_CAO_test_ws/install/launch_diablo:/opt/ros/foxy:/home/y/oradar_ros/install/oradar_lidar /usr/bin/cmake --install /home/y/SA_CAO_test_ws/build/dynamixel_sdk_custom_interfaces
