[0.015s] Invoking command in '/home/y/SA_CAO_Simu/SA_CAO/build/dynamixel_sdk_examples': AMENT_PREFIX_PATH=/home/y/SA_CAO_Simu/SA_CAO/install/dynamixel_sdk_custom_interfaces:/home/y/SA_CAO_Simu/SA_CAO/install/dynamixel_sdk:${AMENT_PREFIX_PATH} CMAKE_PREFIX_PATH=/home/y/SA_CAO_Simu/SA_CAO/install/dynamixel_sdk_custom_interfaces:/home/y/SA_CAO_Simu/SA_CAO/install/dynamixel_sdk:/opt/ros/foxy LD_LIBRARY_PATH=/home/y/SA_CAO_Simu/SA_CAO/install/dynamixel_sdk_custom_interfaces/lib:/home/y/SA_CAO_Simu/SA_CAO/install/dynamixel_sdk/lib:${LD_LIBRARY_PATH} PYTHONPATH=/home/y/SA_CAO_Simu/SA_CAO/install/dynamixel_sdk_custom_interfaces/lib/python3.8/site-packages:${PYTHONPATH} /usr/bin/cmake --build /home/y/SA_CAO_Simu/SA_CAO/build/dynamixel_sdk_examples -- -j2 -l2
[0.056s] [100%] Built target read_write_node
[0.060s] Invoked command in '/home/y/SA_CAO_Simu/SA_CAO/build/dynamixel_sdk_examples' returned '0': AMENT_PREFIX_PATH=/home/y/SA_CAO_Simu/SA_CAO/install/dynamixel_sdk_custom_interfaces:/home/y/SA_CAO_Simu/SA_CAO/install/dynamixel_sdk:${AMENT_PREFIX_PATH} CMAKE_PREFIX_PATH=/home/y/SA_CAO_Simu/SA_CAO/install/dynamixel_sdk_custom_interfaces:/home/y/SA_CAO_Simu/SA_CAO/install/dynamixel_sdk:/opt/ros/foxy LD_LIBRARY_PATH=/home/y/SA_CAO_Simu/SA_CAO/install/dynamixel_sdk_custom_interfaces/lib:/home/y/SA_CAO_Simu/SA_CAO/install/dynamixel_sdk/lib:${LD_LIBRARY_PATH} PYTHONPATH=/home/y/SA_CAO_Simu/SA_CAO/install/dynamixel_sdk_custom_interfaces/lib/python3.8/site-packages:${PYTHONPATH} /usr/bin/cmake --build /home/y/SA_CAO_Simu/SA_CAO/build/dynamixel_sdk_examples -- -j2 -l2
[0.061s] Invoking command in '/home/y/SA_CAO_Simu/SA_CAO/build/dynamixel_sdk_examples': AMENT_PREFIX_PATH=/home/y/SA_CAO_Simu/SA_CAO/install/dynamixel_sdk_custom_interfaces:/home/y/SA_CAO_Simu/SA_CAO/install/dynamixel_sdk:${AMENT_PREFIX_PATH} CMAKE_PREFIX_PATH=/home/y/SA_CAO_Simu/SA_CAO/install/dynamixel_sdk_custom_interfaces:/home/y/SA_CAO_Simu/SA_CAO/install/dynamixel_sdk:/opt/ros/foxy LD_LIBRARY_PATH=/home/y/SA_CAO_Simu/SA_CAO/install/dynamixel_sdk_custom_interfaces/lib:/home/y/SA_CAO_Simu/SA_CAO/install/dynamixel_sdk/lib:${LD_LIBRARY_PATH} PYTHONPATH=/home/y/SA_CAO_Simu/SA_CAO/install/dynamixel_sdk_custom_interfaces/lib/python3.8/site-packages:${PYTHONPATH} /usr/bin/cmake --install /home/y/SA_CAO_Simu/SA_CAO/build/dynamixel_sdk_examples
[0.064s] -- Install configuration: ""
[0.065s] -- Up-to-date: /home/y/SA_CAO_Simu/SA_CAO/install/dynamixel_sdk_examples/lib/dynamixel_sdk_examples/read_write_node
[0.065s] -- Up-to-date: /home/y/SA_CAO_Simu/SA_CAO/install/dynamixel_sdk_examples/share/ament_index/resource_index/package_run_dependencies/dynamixel_sdk_examples
[0.065s] -- Up-to-date: /home/y/SA_CAO_Simu/SA_CAO/install/dynamixel_sdk_examples/share/ament_index/resource_index/parent_prefix_path/dynamixel_sdk_examples
[0.065s] -- Up-to-date: /home/y/SA_CAO_Simu/SA_CAO/install/dynamixel_sdk_examples/share/dynamixel_sdk_examples/environment/ament_prefix_path.sh
[0.065s] -- Up-to-date: /home/y/SA_CAO_Simu/SA_CAO/install/dynamixel_sdk_examples/share/dynamixel_sdk_examples/environment/ament_prefix_path.dsv
[0.065s] -- Up-to-date: /home/y/SA_CAO_Simu/SA_CAO/install/dynamixel_sdk_examples/share/dynamixel_sdk_examples/environment/path.sh
[0.065s] -- Up-to-date: /home/y/SA_CAO_Simu/SA_CAO/install/dynamixel_sdk_examples/share/dynamixel_sdk_examples/environment/path.dsv
[0.065s] -- Up-to-date: /home/y/SA_CAO_Simu/SA_CAO/install/dynamixel_sdk_examples/share/dynamixel_sdk_examples/local_setup.bash
[0.065s] -- Up-to-date: /home/y/SA_CAO_Simu/SA_CAO/install/dynamixel_sdk_examples/share/dynamixel_sdk_examples/local_setup.sh
[0.065s] -- Up-to-date: /home/y/SA_CAO_Simu/SA_CAO/install/dynamixel_sdk_examples/share/dynamixel_sdk_examples/local_setup.zsh
[0.065s] -- Up-to-date: /home/y/SA_CAO_Simu/SA_CAO/install/dynamixel_sdk_examples/share/dynamixel_sdk_examples/local_setup.dsv
[0.065s] -- Installing: /home/y/SA_CAO_Simu/SA_CAO/install/dynamixel_sdk_examples/share/dynamixel_sdk_examples/package.dsv
[0.065s] -- Up-to-date: /home/y/SA_CAO_Simu/SA_CAO/install/dynamixel_sdk_examples/share/ament_index/resource_index/packages/dynamixel_sdk_examples
[0.065s] -- Up-to-date: /home/y/SA_CAO_Simu/SA_CAO/install/dynamixel_sdk_examples/share/dynamixel_sdk_examples/cmake/dynamixel_sdk_examplesConfig.cmake
[0.065s] -- Up-to-date: /home/y/SA_CAO_Simu/SA_CAO/install/dynamixel_sdk_examples/share/dynamixel_sdk_examples/cmake/dynamixel_sdk_examplesConfig-version.cmake
[0.065s] -- Up-to-date: /home/y/SA_CAO_Simu/SA_CAO/install/dynamixel_sdk_examples/share/dynamixel_sdk_examples/package.xml
[0.066s] Invoked command in '/home/y/SA_CAO_Simu/SA_CAO/build/dynamixel_sdk_examples' returned '0': AMENT_PREFIX_PATH=/home/y/SA_CAO_Simu/SA_CAO/install/dynamixel_sdk_custom_interfaces:/home/y/SA_CAO_Simu/SA_CAO/install/dynamixel_sdk:${AMENT_PREFIX_PATH} CMAKE_PREFIX_PATH=/home/y/SA_CAO_Simu/SA_CAO/install/dynamixel_sdk_custom_interfaces:/home/y/SA_CAO_Simu/SA_CAO/install/dynamixel_sdk:/opt/ros/foxy LD_LIBRARY_PATH=/home/y/SA_CAO_Simu/SA_CAO/install/dynamixel_sdk_custom_interfaces/lib:/home/y/SA_CAO_Simu/SA_CAO/install/dynamixel_sdk/lib:${LD_LIBRARY_PATH} PYTHONPATH=/home/y/SA_CAO_Simu/SA_CAO/install/dynamixel_sdk_custom_interfaces/lib/python3.8/site-packages:${PYTHONPATH} /usr/bin/cmake --install /home/y/SA_CAO_Simu/SA_CAO/build/dynamixel_sdk_examples
