[0.135s] Invoking command in '/home/y/SA_CAO/build/motion_msgs': CMAKE_PREFIX_PATH=/opt/ros/foxy:${CMAKE_PREFIX_PATH} /usr/bin/cmake /home/y/SA_CAO/src/motion_msgs -DCMAKE_INSTALL_PREFIX=/home/y/SA_CAO/install/motion_msgs
[1.111s] -- The C compiler identification is GNU 9.4.0
[1.112s] -- The CXX compiler identification is GNU 9.4.0
[1.112s] -- Check for working C compiler: /usr/bin/cc
[1.116s] -- Check for working C compiler: /usr/bin/cc -- works
[1.116s] -- Detecting C compiler ABI info
[1.116s] -- Detecting C compiler ABI info - done
[1.117s] -- Detecting C compile features
[1.118s] -- Detecting C compile features - done
[1.118s] -- Check for working CXX compiler: /usr/bin/c++
[1.382s] -- Check for working CXX compiler: /usr/bin/c++ -- works
[1.385s] -- Detecting CXX compiler ABI info
[1.751s] -- Detecting CXX compiler ABI info - done
[1.769s] -- Detecting CXX compile features
[1.770s] -- Detecting CXX compile features - done
[1.780s] -- Found ament_cmake: 0.9.12 (/opt/ros/foxy/share/ament_cmake/cmake)
[1.854s] -- Found PythonInterp: /usr/bin/python3 (found suitable version "3.8.10", minimum required is "3") 
[1.855s] -- Using PYTHON_EXECUTABLE: /usr/bin/python3
[2.376s] -- Found rosidl_default_generators: 1.0.1 (/opt/ros/foxy/share/rosidl_default_generators/cmake)
[2.384s] -- Using all available rosidl_typesupport_c: rosidl_typesupport_fastrtps_c;rosidl_typesupport_introspection_c
[2.399s] -- Found rosidl_adapter: 1.3.1 (/opt/ros/foxy/share/rosidl_adapter/cmake)
[2.828s] -- Found OpenSSL: /usr/lib/x86_64-linux-gnu/libcrypto.so (found version "1.1.1f")  
[2.885s] -- Found FastRTPS: /opt/ros/foxy/include  
[3.059s] -- Using all available rosidl_typesupport_cpp: rosidl_typesupport_fastrtps_cpp;rosidl_typesupport_introspection_cpp
[3.134s] -- Found std_msgs: 2.0.5 (/opt/ros/foxy/share/std_msgs/cmake)
[3.260s] -- Found PythonInterp: /usr/bin/python3 (found version "3.8.10") 
[3.603s] -- Found ament_cmake_ros: 0.9.2 (/opt/ros/foxy/share/ament_cmake_ros/cmake)
[4.003s] -- Using all available rosidl_typesupport_c: rosidl_typesupport_fastrtps_c;rosidl_typesupport_introspection_c
[4.158s] -- Using all available rosidl_typesupport_cpp: rosidl_typesupport_fastrtps_cpp;rosidl_typesupport_introspection_cpp
[4.206s] -- Found PythonInterp: /usr/bin/python3 (found suitable version "3.8.10", minimum required is "3.5") 
[4.211s] -- Found python_cmake_module: 0.8.1 (/opt/ros/foxy/share/python_cmake_module/cmake)
[4.267s] -- Found PythonLibs: /usr/lib/x86_64-linux-gnu/libpython3.8.so (found suitable version "3.8.10", minimum required is "3.5") 
[4.267s] -- Using PYTHON_EXECUTABLE: /usr/bin/python3
[4.267s] -- Using PYTHON_INCLUDE_DIRS: /usr/include/python3.8
[4.268s] -- Using PYTHON_LIBRARIES: /usr/lib/x86_64-linux-gnu/libpython3.8.so
[4.318s] -- Found PythonExtra: .so  
[4.505s] -- Configuring done
[4.737s] -- Generating done
[4.765s] -- Build files have been written to: /home/y/SA_CAO/build/motion_msgs
[4.780s] Invoked command in '/home/y/SA_CAO/build/motion_msgs' returned '0': CMAKE_PREFIX_PATH=/opt/ros/foxy:${CMAKE_PREFIX_PATH} /usr/bin/cmake /home/y/SA_CAO/src/motion_msgs -DCMAKE_INSTALL_PREFIX=/home/y/SA_CAO/install/motion_msgs
[4.796s] Invoking command in '/home/y/SA_CAO/build/motion_msgs': CMAKE_PREFIX_PATH=/opt/ros/foxy:${CMAKE_PREFIX_PATH} /usr/bin/cmake --build /home/y/SA_CAO/build/motion_msgs -- -j4 -l4
[4.942s] [  1%] [34m[1mGenerating C code for ROS interfaces[0m
[4.944s] [35m[1mScanning dependencies of target motion_msgs__cpp[0m
[4.988s] [  2%] [34m[1mGenerating C++ code for ROS interfaces[0m
[5.821s] [35m[1mScanning dependencies of target motion_msgs__rosidl_generator_c[0m
[5.892s] [  4%] [32mBuilding C object CMakeFiles/motion_msgs__rosidl_generator_c.dir/rosidl_generator_c/motion_msgs/msg/detail/ctrl_plot__functions.c.o[0m
[5.899s] [  5%] [32mBuilding C object CMakeFiles/motion_msgs__rosidl_generator_c.dir/rosidl_generator_c/motion_msgs/msg/detail/leg_motors__functions.c.o[0m
[6.041s] [  7%] [32mBuilding C object CMakeFiles/motion_msgs__rosidl_generator_c.dir/rosidl_generator_c/motion_msgs/msg/detail/motion_ctrl__functions.c.o[0m
[6.054s] [  7%] Built target motion_msgs__cpp
[6.092s] [  8%] [32mBuilding C object CMakeFiles/motion_msgs__rosidl_generator_c.dir/rosidl_generator_c/motion_msgs/msg/detail/robot_status__functions.c.o[0m
[6.093s] [  9%] [32mBuilding C object CMakeFiles/motion_msgs__rosidl_generator_c.dir/rosidl_generator_c/motion_msgs/msg/detail/movement_ctrl_data__functions.c.o[0m
[6.101s] [ 11%] [34m[1mGenerating C++ type support dispatch for ROS interfaces[0m
[6.219s] [ 12%] [32mBuilding C object CMakeFiles/motion_msgs__rosidl_generator_c.dir/rosidl_generator_c/motion_msgs/msg/detail/movement_ctrl_mode__functions.c.o[0m
[6.260s] [ 14%] [34m[1mGenerating C++ type support for eProsima Fast-RTPS[0m
[6.295s] [ 15%] [34m[1mGenerating C++ introspection for ROS interfaces[0m
[6.369s] [ 16%] [32m[1mLinking C shared library libmotion_msgs__rosidl_generator_c.so[0m
[6.553s] [ 16%] Built target motion_msgs__rosidl_generator_c
[6.592s] [ 18%] [34m[1mGenerating C introspection for ROS interfaces[0m
[6.704s] [35m[1mScanning dependencies of target motion_msgs__rosidl_typesupport_cpp[0m
[6.788s] [ 19%] [32mBuilding CXX object CMakeFiles/motion_msgs__rosidl_typesupport_cpp.dir/rosidl_typesupport_cpp/motion_msgs/msg/ctrl_plot__type_support.cpp.o[0m
[7.125s] [35m[1mScanning dependencies of target motion_msgs__rosidl_typesupport_fastrtps_cpp[0m
[7.223s] [35m[1mScanning dependencies of target motion_msgs__rosidl_typesupport_introspection_cpp[0m
[7.245s] [ 21%] [32mBuilding CXX object CMakeFiles/motion_msgs__rosidl_typesupport_fastrtps_cpp.dir/rosidl_typesupport_fastrtps_cpp/motion_msgs/msg/detail/dds_fastrtps/ctrl_plot__type_support.cpp.o[0m
[7.301s] [ 22%] [32mBuilding CXX object CMakeFiles/motion_msgs__rosidl_typesupport_introspection_cpp.dir/rosidl_typesupport_introspection_cpp/motion_msgs/msg/detail/ctrl_plot__type_support.cpp.o[0m
[7.534s] [35m[1mScanning dependencies of target motion_msgs__rosidl_typesupport_introspection_c[0m
[7.596s] [ 23%] [32mBuilding CXX object CMakeFiles/motion_msgs__rosidl_typesupport_cpp.dir/rosidl_typesupport_cpp/motion_msgs/msg/leg_motors__type_support.cpp.o[0m
[7.612s] [ 25%] [32mBuilding C object CMakeFiles/motion_msgs__rosidl_typesupport_introspection_c.dir/rosidl_typesupport_introspection_c/motion_msgs/msg/detail/ctrl_plot__type_support.c.o[0m
[7.751s] [ 26%] [32mBuilding C object CMakeFiles/motion_msgs__rosidl_typesupport_introspection_c.dir/rosidl_typesupport_introspection_c/motion_msgs/msg/detail/leg_motors__type_support.c.o[0m
[7.936s] [ 28%] [32mBuilding C object CMakeFiles/motion_msgs__rosidl_typesupport_introspection_c.dir/rosidl_typesupport_introspection_c/motion_msgs/msg/detail/motion_ctrl__type_support.c.o[0m
[8.048s] [ 29%] [32mBuilding CXX object CMakeFiles/motion_msgs__rosidl_typesupport_introspection_cpp.dir/rosidl_typesupport_introspection_cpp/motion_msgs/msg/detail/leg_motors__type_support.cpp.o[0m
[8.089s] [ 30%] [32mBuilding C object CMakeFiles/motion_msgs__rosidl_typesupport_introspection_c.dir/rosidl_typesupport_introspection_c/motion_msgs/msg/detail/robot_status__type_support.c.o[0m
[8.229s] [ 32%] [32mBuilding CXX object CMakeFiles/motion_msgs__rosidl_typesupport_fastrtps_cpp.dir/rosidl_typesupport_fastrtps_cpp/motion_msgs/msg/detail/dds_fastrtps/leg_motors__type_support.cpp.o[0m
[8.242s] [ 33%] [32mBuilding C object CMakeFiles/motion_msgs__rosidl_typesupport_introspection_c.dir/rosidl_typesupport_introspection_c/motion_msgs/msg/detail/movement_ctrl_data__type_support.c.o[0m
[8.249s] [ 35%] [32mBuilding CXX object CMakeFiles/motion_msgs__rosidl_typesupport_cpp.dir/rosidl_typesupport_cpp/motion_msgs/msg/motion_ctrl__type_support.cpp.o[0m
[8.390s] [ 36%] [32mBuilding C object CMakeFiles/motion_msgs__rosidl_typesupport_introspection_c.dir/rosidl_typesupport_introspection_c/motion_msgs/msg/detail/movement_ctrl_mode__type_support.c.o[0m
[8.552s] [ 38%] [32m[1mLinking C shared library libmotion_msgs__rosidl_typesupport_introspection_c.so[0m
[8.718s] [ 38%] Built target motion_msgs__rosidl_typesupport_introspection_c
[8.768s] [ 39%] [34m[1mGenerating C type support dispatch for ROS interfaces[0m
[8.790s] [ 40%] [32mBuilding CXX object CMakeFiles/motion_msgs__rosidl_typesupport_introspection_cpp.dir/rosidl_typesupport_introspection_cpp/motion_msgs/msg/detail/motion_ctrl__type_support.cpp.o[0m
[8.879s] [ 42%] [32mBuilding CXX object CMakeFiles/motion_msgs__rosidl_typesupport_cpp.dir/rosidl_typesupport_cpp/motion_msgs/msg/robot_status__type_support.cpp.o[0m
[9.211s] [ 43%] [32mBuilding CXX object CMakeFiles/motion_msgs__rosidl_typesupport_fastrtps_cpp.dir/rosidl_typesupport_fastrtps_cpp/motion_msgs/msg/detail/dds_fastrtps/motion_ctrl__type_support.cpp.o[0m
[9.400s] [35m[1mScanning dependencies of target motion_msgs__rosidl_typesupport_c[0m
[9.440s] [ 45%] [32mBuilding CXX object CMakeFiles/motion_msgs__rosidl_typesupport_introspection_cpp.dir/rosidl_typesupport_introspection_cpp/motion_msgs/msg/detail/robot_status__type_support.cpp.o[0m
[9.460s] [ 46%] [32mBuilding CXX object CMakeFiles/motion_msgs__rosidl_typesupport_c.dir/rosidl_typesupport_c/motion_msgs/msg/ctrl_plot__type_support.cpp.o[0m
[9.494s] [ 47%] [32mBuilding CXX object CMakeFiles/motion_msgs__rosidl_typesupport_cpp.dir/rosidl_typesupport_cpp/motion_msgs/msg/movement_ctrl_data__type_support.cpp.o[0m
[9.605s] [ 49%] [32mBuilding CXX object CMakeFiles/motion_msgs__rosidl_typesupport_c.dir/rosidl_typesupport_c/motion_msgs/msg/leg_motors__type_support.cpp.o[0m
[9.734s] [ 50%] [32mBuilding CXX object CMakeFiles/motion_msgs__rosidl_typesupport_c.dir/rosidl_typesupport_c/motion_msgs/msg/motion_ctrl__type_support.cpp.o[0m
[9.865s] [ 52%] [32mBuilding CXX object CMakeFiles/motion_msgs__rosidl_typesupport_c.dir/rosidl_typesupport_c/motion_msgs/msg/robot_status__type_support.cpp.o[0m
[9.994s] [ 53%] [32mBuilding CXX object CMakeFiles/motion_msgs__rosidl_typesupport_c.dir/rosidl_typesupport_c/motion_msgs/msg/movement_ctrl_data__type_support.cpp.o[0m
[10.095s] [ 54%] [32mBuilding CXX object CMakeFiles/motion_msgs__rosidl_typesupport_fastrtps_cpp.dir/rosidl_typesupport_fastrtps_cpp/motion_msgs/msg/detail/dds_fastrtps/robot_status__type_support.cpp.o[0m
[10.097s] [ 56%] [32mBuilding CXX object CMakeFiles/motion_msgs__rosidl_typesupport_introspection_cpp.dir/rosidl_typesupport_introspection_cpp/motion_msgs/msg/detail/movement_ctrl_data__type_support.cpp.o[0m
[10.104s] [ 57%] [32mBuilding CXX object CMakeFiles/motion_msgs__rosidl_typesupport_cpp.dir/rosidl_typesupport_cpp/motion_msgs/msg/movement_ctrl_mode__type_support.cpp.o[0m
[10.126s] [ 59%] [32mBuilding CXX object CMakeFiles/motion_msgs__rosidl_typesupport_c.dir/rosidl_typesupport_c/motion_msgs/msg/movement_ctrl_mode__type_support.cpp.o[0m
[10.250s] [ 60%] [32m[1mLinking CXX shared library libmotion_msgs__rosidl_typesupport_c.so[0m
[10.448s] [ 60%] Built target motion_msgs__rosidl_typesupport_c
[10.488s] [ 61%] [32mBuilding CXX object CMakeFiles/motion_msgs__rosidl_typesupport_introspection_cpp.dir/rosidl_typesupport_introspection_cpp/motion_msgs/msg/detail/movement_ctrl_mode__type_support.cpp.o[0m
[10.696s] [ 63%] [32mBuilding CXX object CMakeFiles/motion_msgs__rosidl_typesupport_fastrtps_cpp.dir/rosidl_typesupport_fastrtps_cpp/motion_msgs/msg/detail/dds_fastrtps/movement_ctrl_data__type_support.cpp.o[0m
[10.761s] [ 64%] [32m[1mLinking CXX shared library libmotion_msgs__rosidl_typesupport_cpp.so[0m
[10.971s] [ 64%] Built target motion_msgs__rosidl_typesupport_cpp
[11.037s] [ 66%] [32mBuilding CXX object CMakeFiles/motion_msgs__rosidl_typesupport_fastrtps_cpp.dir/rosidl_typesupport_fastrtps_cpp/motion_msgs/msg/detail/dds_fastrtps/movement_ctrl_mode__type_support.cpp.o[0m
[11.173s] [ 67%] [32m[1mLinking CXX shared library libmotion_msgs__rosidl_typesupport_introspection_cpp.so[0m
[11.426s] [ 67%] Built target motion_msgs__rosidl_typesupport_introspection_cpp
[11.904s] [ 69%] [32m[1mLinking CXX shared library libmotion_msgs__rosidl_typesupport_fastrtps_cpp.so[0m
[12.205s] [ 69%] Built target motion_msgs__rosidl_typesupport_fastrtps_cpp
[12.244s] [ 70%] [34m[1mGenerating C type support for eProsima Fast-RTPS[0m
[12.818s] [35m[1mScanning dependencies of target motion_msgs__rosidl_typesupport_fastrtps_c[0m
[12.916s] [ 71%] [32mBuilding CXX object CMakeFiles/motion_msgs__rosidl_typesupport_fastrtps_c.dir/rosidl_typesupport_fastrtps_c/motion_msgs/msg/detail/leg_motors__type_support_c.cpp.o[0m
[12.917s] [ 73%] [32mBuilding CXX object CMakeFiles/motion_msgs__rosidl_typesupport_fastrtps_c.dir/rosidl_typesupport_fastrtps_c/motion_msgs/msg/detail/ctrl_plot__type_support_c.cpp.o[0m
[12.923s] [ 74%] [32mBuilding CXX object CMakeFiles/motion_msgs__rosidl_typesupport_fastrtps_c.dir/rosidl_typesupport_fastrtps_c/motion_msgs/msg/detail/robot_status__type_support_c.cpp.o[0m
[12.924s] [ 76%] [32mBuilding CXX object CMakeFiles/motion_msgs__rosidl_typesupport_fastrtps_c.dir/rosidl_typesupport_fastrtps_c/motion_msgs/msg/detail/motion_ctrl__type_support_c.cpp.o[0m
[13.772s] [ 77%] [32mBuilding CXX object CMakeFiles/motion_msgs__rosidl_typesupport_fastrtps_c.dir/rosidl_typesupport_fastrtps_c/motion_msgs/msg/detail/movement_ctrl_data__type_support_c.cpp.o[0m
[13.790s] [ 78%] [32mBuilding CXX object CMakeFiles/motion_msgs__rosidl_typesupport_fastrtps_c.dir/rosidl_typesupport_fastrtps_c/motion_msgs/msg/detail/movement_ctrl_mode__type_support_c.cpp.o[0m
[14.544s] [ 80%] [32m[1mLinking CXX shared library libmotion_msgs__rosidl_typesupport_fastrtps_c.so[0m
[14.848s] [ 80%] Built target motion_msgs__rosidl_typesupport_fastrtps_c
[14.885s] [35m[1mScanning dependencies of target motion_msgs[0m
[14.924s] [ 80%] Built target motion_msgs
[14.960s] [35m[1mScanning dependencies of target motion_msgs__py[0m
[14.999s] [ 81%] [34m[1mGenerating Python code for ROS interfaces[0m
[16.017s] [ 81%] Built target motion_msgs__py
[16.056s] [35m[1mScanning dependencies of target motion_msgs__python[0m
[16.250s] [ 83%] [32mBuilding C object CMakeFiles/motion_msgs__python.dir/rosidl_generator_py/motion_msgs/msg/_ctrl_plot_s.c.o[0m
[16.252s] [ 84%] [32mBuilding C object CMakeFiles/motion_msgs__python.dir/rosidl_generator_py/motion_msgs/msg/_leg_motors_s.c.o[0m
[16.252s] [ 85%] [32mBuilding C object CMakeFiles/motion_msgs__python.dir/rosidl_generator_py/motion_msgs/msg/_motion_ctrl_s.c.o[0m
[16.258s] [ 87%] [32mBuilding C object CMakeFiles/motion_msgs__python.dir/rosidl_generator_py/motion_msgs/msg/_robot_status_s.c.o[0m
[16.549s] [ 88%] [32mBuilding C object CMakeFiles/motion_msgs__python.dir/rosidl_generator_py/motion_msgs/msg/_movement_ctrl_mode_s.c.o[0m
[16.555s] [ 90%] [32mBuilding C object CMakeFiles/motion_msgs__python.dir/rosidl_generator_py/motion_msgs/msg/_movement_ctrl_data_s.c.o[0m
[16.822s] [ 91%] [32m[1mLinking C shared library rosidl_generator_py/motion_msgs/libmotion_msgs__python.so[0m
[17.012s] [ 91%] Built target motion_msgs__python
[17.055s] [35m[1mScanning dependencies of target motion_msgs__rosidl_typesupport_introspection_c__pyext[0m
[17.056s] [35m[1mScanning dependencies of target motion_msgs__rosidl_typesupport_c__pyext[0m
[17.059s] [35m[1mScanning dependencies of target motion_msgs__rosidl_typesupport_fastrtps_c__pyext[0m
[17.147s] [ 92%] [32mBuilding C object CMakeFiles/motion_msgs__rosidl_typesupport_introspection_c__pyext.dir/rosidl_generator_py/motion_msgs/_motion_msgs_s.ep.rosidl_typesupport_introspection_c.c.o[0m
[17.161s] [ 94%] [32mBuilding C object CMakeFiles/motion_msgs__rosidl_typesupport_c__pyext.dir/rosidl_generator_py/motion_msgs/_motion_msgs_s.ep.rosidl_typesupport_c.c.o[0m
[17.162s] [ 95%] [32mBuilding C object CMakeFiles/motion_msgs__rosidl_typesupport_fastrtps_c__pyext.dir/rosidl_generator_py/motion_msgs/_motion_msgs_s.ep.rosidl_typesupport_fastrtps_c.c.o[0m
[17.461s] [ 97%] [32m[1mLinking CXX shared library rosidl_generator_py/motion_msgs/motion_msgs_s__rosidl_typesupport_fastrtps_c.cpython-38-x86_64-linux-gnu.so[0m
[17.466s] [ 98%] [32m[1mLinking C shared library rosidl_generator_py/motion_msgs/motion_msgs_s__rosidl_typesupport_c.cpython-38-x86_64-linux-gnu.so[0m
[17.472s] [100%] [32m[1mLinking C shared library rosidl_generator_py/motion_msgs/motion_msgs_s__rosidl_typesupport_introspection_c.cpython-38-x86_64-linux-gnu.so[0m
[17.631s] [100%] Built target motion_msgs__rosidl_typesupport_c__pyext
[17.663s] [100%] Built target motion_msgs__rosidl_typesupport_introspection_c__pyext
[17.748s] [100%] Built target motion_msgs__rosidl_typesupport_fastrtps_c__pyext
[17.796s] Invoked command in '/home/y/SA_CAO/build/motion_msgs' returned '0': CMAKE_PREFIX_PATH=/opt/ros/foxy:${CMAKE_PREFIX_PATH} /usr/bin/cmake --build /home/y/SA_CAO/build/motion_msgs -- -j4 -l4
[17.848s] Invoking command in '/home/y/SA_CAO/build/motion_msgs': CMAKE_PREFIX_PATH=/opt/ros/foxy:${CMAKE_PREFIX_PATH} /usr/bin/cmake --install /home/y/SA_CAO/build/motion_msgs
[17.871s] -- Install configuration: ""
[17.872s] -- Installing: /home/y/SA_CAO/install/motion_msgs/share/ament_index/resource_index/rosidl_interfaces/motion_msgs
[17.873s] -- Installing: /home/y/SA_CAO/install/motion_msgs/include/motion_msgs
[17.873s] -- Installing: /home/y/SA_CAO/install/motion_msgs/include/motion_msgs/msg
[17.874s] -- Installing: /home/y/SA_CAO/install/motion_msgs/include/motion_msgs/msg/movement_ctrl_mode.h
[17.874s] -- Installing: /home/y/SA_CAO/install/motion_msgs/include/motion_msgs/msg/rosidl_generator_c__visibility_control.h
[17.874s] -- Installing: /home/y/SA_CAO/install/motion_msgs/include/motion_msgs/msg/robot_status.h
[17.875s] -- Installing: /home/y/SA_CAO/install/motion_msgs/include/motion_msgs/msg/leg_motors.h
[17.876s] -- Installing: /home/y/SA_CAO/install/motion_msgs/include/motion_msgs/msg/ctrl_plot.h
[17.877s] -- Installing: /home/y/SA_CAO/install/motion_msgs/include/motion_msgs/msg/motion_ctrl.h
[17.878s] -- Installing: /home/y/SA_CAO/install/motion_msgs/include/motion_msgs/msg/movement_ctrl_data.h
[17.878s] -- Installing: /home/y/SA_CAO/install/motion_msgs/include/motion_msgs/msg/detail
[17.879s] -- Installing: /home/y/SA_CAO/install/motion_msgs/include/motion_msgs/msg/detail/robot_status__type_support.h
[17.880s] -- Installing: /home/y/SA_CAO/install/motion_msgs/include/motion_msgs/msg/detail/movement_ctrl_data__functions.h
[17.880s] -- Installing: /home/y/SA_CAO/install/motion_msgs/include/motion_msgs/msg/detail/movement_ctrl_mode__type_support.h
[17.881s] -- Installing: /home/y/SA_CAO/install/motion_msgs/include/motion_msgs/msg/detail/motion_ctrl__functions.c
[17.881s] -- Installing: /home/y/SA_CAO/install/motion_msgs/include/motion_msgs/msg/detail/movement_ctrl_data__functions.c
[17.882s] -- Installing: /home/y/SA_CAO/install/motion_msgs/include/motion_msgs/msg/detail/ctrl_plot__type_support.h
[17.882s] -- Installing: /home/y/SA_CAO/install/motion_msgs/include/motion_msgs/msg/detail/leg_motors__struct.h
[17.883s] -- Installing: /home/y/SA_CAO/install/motion_msgs/include/motion_msgs/msg/detail/movement_ctrl_data__struct.h
[17.883s] -- Installing: /home/y/SA_CAO/install/motion_msgs/include/motion_msgs/msg/detail/movement_ctrl_mode__struct.h
[17.883s] -- Installing: /home/y/SA_CAO/install/motion_msgs/include/motion_msgs/msg/detail/ctrl_plot__functions.h
[17.884s] -- Installing: /home/y/SA_CAO/install/motion_msgs/include/motion_msgs/msg/detail/leg_motors__type_support.h
[17.885s] -- Installing: /home/y/SA_CAO/install/motion_msgs/include/motion_msgs/msg/detail/motion_ctrl__functions.h
[17.885s] -- Installing: /home/y/SA_CAO/install/motion_msgs/include/motion_msgs/msg/detail/motion_ctrl__type_support.h
[17.886s] -- Installing: /home/y/SA_CAO/install/motion_msgs/include/motion_msgs/msg/detail/leg_motors__functions.h
[17.888s] -- Installing: /home/y/SA_CAO/install/motion_msgs/include/motion_msgs/msg/detail/robot_status__struct.h
[17.888s] -- Installing: /home/y/SA_CAO/install/motion_msgs/include/motion_msgs/msg/detail/movement_ctrl_mode__functions.c
[17.889s] -- Installing: /home/y/SA_CAO/install/motion_msgs/include/motion_msgs/msg/detail/robot_status__functions.h
[17.889s] -- Installing: /home/y/SA_CAO/install/motion_msgs/include/motion_msgs/msg/detail/movement_ctrl_mode__functions.h
[17.889s] -- Installing: /home/y/SA_CAO/install/motion_msgs/include/motion_msgs/msg/detail/leg_motors__functions.c
[17.890s] -- Installing: /home/y/SA_CAO/install/motion_msgs/include/motion_msgs/msg/detail/robot_status__functions.c
[17.890s] -- Installing: /home/y/SA_CAO/install/motion_msgs/include/motion_msgs/msg/detail/motion_ctrl__struct.h
[17.891s] -- Installing: /home/y/SA_CAO/install/motion_msgs/include/motion_msgs/msg/detail/ctrl_plot__struct.h
[17.891s] -- Installing: /home/y/SA_CAO/install/motion_msgs/include/motion_msgs/msg/detail/movement_ctrl_data__type_support.h
[17.892s] -- Installing: /home/y/SA_CAO/install/motion_msgs/include/motion_msgs/msg/detail/ctrl_plot__functions.c
[17.892s] -- Installing: /home/y/SA_CAO/install/motion_msgs/share/motion_msgs/environment/library_path.sh
[17.893s] -- Installing: /home/y/SA_CAO/install/motion_msgs/share/motion_msgs/environment/library_path.dsv
[17.894s] -- Installing: /home/y/SA_CAO/install/motion_msgs/lib/libmotion_msgs__rosidl_generator_c.so
[17.898s] -- Set runtime path of "/home/y/SA_CAO/install/motion_msgs/lib/libmotion_msgs__rosidl_generator_c.so" to ""
[17.898s] -- Up-to-date: /home/y/SA_CAO/install/motion_msgs/include/motion_msgs
[17.899s] -- Up-to-date: /home/y/SA_CAO/install/motion_msgs/include/motion_msgs/msg
[17.899s] -- Up-to-date: /home/y/SA_CAO/install/motion_msgs/include/motion_msgs/msg/detail
[17.899s] -- Installing: /home/y/SA_CAO/install/motion_msgs/include/motion_msgs/msg/detail/motion_ctrl__rosidl_typesupport_fastrtps_c.h
[17.899s] -- Installing: /home/y/SA_CAO/install/motion_msgs/include/motion_msgs/msg/detail/leg_motors__rosidl_typesupport_fastrtps_c.h
[17.900s] -- Installing: /home/y/SA_CAO/install/motion_msgs/include/motion_msgs/msg/detail/movement_ctrl_mode__rosidl_typesupport_fastrtps_c.h
[17.901s] -- Installing: /home/y/SA_CAO/install/motion_msgs/include/motion_msgs/msg/detail/robot_status__rosidl_typesupport_fastrtps_c.h
[17.901s] -- Installing: /home/y/SA_CAO/install/motion_msgs/include/motion_msgs/msg/detail/movement_ctrl_data__rosidl_typesupport_fastrtps_c.h
[17.901s] -- Installing: /home/y/SA_CAO/install/motion_msgs/include/motion_msgs/msg/detail/ctrl_plot__rosidl_typesupport_fastrtps_c.h
[17.902s] -- Installing: /home/y/SA_CAO/install/motion_msgs/include/motion_msgs/msg/rosidl_typesupport_fastrtps_c__visibility_control.h
[17.903s] -- Installing: /home/y/SA_CAO/install/motion_msgs/lib/libmotion_msgs__rosidl_typesupport_fastrtps_c.so
[17.907s] -- Set runtime path of "/home/y/SA_CAO/install/motion_msgs/lib/libmotion_msgs__rosidl_typesupport_fastrtps_c.so" to ""
[17.907s] -- Up-to-date: /home/y/SA_CAO/install/motion_msgs/include/motion_msgs
[17.907s] -- Up-to-date: /home/y/SA_CAO/install/motion_msgs/include/motion_msgs/msg
[17.908s] -- Installing: /home/y/SA_CAO/install/motion_msgs/include/motion_msgs/msg/rosidl_typesupport_fastrtps_cpp__visibility_control.h
[17.908s] -- Up-to-date: /home/y/SA_CAO/install/motion_msgs/include/motion_msgs/msg/detail
[17.908s] -- Installing: /home/y/SA_CAO/install/motion_msgs/include/motion_msgs/msg/detail/movement_ctrl_data__rosidl_typesupport_fastrtps_cpp.hpp
[17.909s] -- Installing: /home/y/SA_CAO/install/motion_msgs/include/motion_msgs/msg/detail/leg_motors__rosidl_typesupport_fastrtps_cpp.hpp
[17.909s] -- Installing: /home/y/SA_CAO/install/motion_msgs/include/motion_msgs/msg/detail/dds_fastrtps
[17.909s] -- Installing: /home/y/SA_CAO/install/motion_msgs/include/motion_msgs/msg/detail/ctrl_plot__rosidl_typesupport_fastrtps_cpp.hpp
[17.910s] -- Installing: /home/y/SA_CAO/install/motion_msgs/include/motion_msgs/msg/detail/motion_ctrl__rosidl_typesupport_fastrtps_cpp.hpp
[17.910s] -- Installing: /home/y/SA_CAO/install/motion_msgs/include/motion_msgs/msg/detail/robot_status__rosidl_typesupport_fastrtps_cpp.hpp
[17.911s] -- Installing: /home/y/SA_CAO/install/motion_msgs/include/motion_msgs/msg/detail/movement_ctrl_mode__rosidl_typesupport_fastrtps_cpp.hpp
[17.912s] -- Installing: /home/y/SA_CAO/install/motion_msgs/lib/libmotion_msgs__rosidl_typesupport_fastrtps_cpp.so
[17.916s] -- Set runtime path of "/home/y/SA_CAO/install/motion_msgs/lib/libmotion_msgs__rosidl_typesupport_fastrtps_cpp.so" to ""
[17.916s] -- Up-to-date: /home/y/SA_CAO/install/motion_msgs/include/motion_msgs
[17.917s] -- Up-to-date: /home/y/SA_CAO/install/motion_msgs/include/motion_msgs/msg
[17.917s] -- Installing: /home/y/SA_CAO/install/motion_msgs/include/motion_msgs/msg/rosidl_typesupport_introspection_c__visibility_control.h
[17.918s] -- Up-to-date: /home/y/SA_CAO/install/motion_msgs/include/motion_msgs/msg/detail
[17.918s] -- Installing: /home/y/SA_CAO/install/motion_msgs/include/motion_msgs/msg/detail/ctrl_plot__type_support.c
[17.918s] -- Installing: /home/y/SA_CAO/install/motion_msgs/include/motion_msgs/msg/detail/robot_status__rosidl_typesupport_introspection_c.h
[17.919s] -- Installing: /home/y/SA_CAO/install/motion_msgs/include/motion_msgs/msg/detail/movement_ctrl_mode__rosidl_typesupport_introspection_c.h
[17.920s] -- Installing: /home/y/SA_CAO/install/motion_msgs/include/motion_msgs/msg/detail/movement_ctrl_data__rosidl_typesupport_introspection_c.h
[17.921s] -- Installing: /home/y/SA_CAO/install/motion_msgs/include/motion_msgs/msg/detail/robot_status__type_support.c
[17.921s] -- Installing: /home/y/SA_CAO/install/motion_msgs/include/motion_msgs/msg/detail/movement_ctrl_mode__type_support.c
[17.922s] -- Installing: /home/y/SA_CAO/install/motion_msgs/include/motion_msgs/msg/detail/motion_ctrl__rosidl_typesupport_introspection_c.h
[17.922s] -- Installing: /home/y/SA_CAO/install/motion_msgs/include/motion_msgs/msg/detail/movement_ctrl_data__type_support.c
[17.922s] -- Installing: /home/y/SA_CAO/install/motion_msgs/include/motion_msgs/msg/detail/leg_motors__type_support.c
[17.924s] -- Installing: /home/y/SA_CAO/install/motion_msgs/include/motion_msgs/msg/detail/motion_ctrl__type_support.c
[17.925s] -- Installing: /home/y/SA_CAO/install/motion_msgs/include/motion_msgs/msg/detail/ctrl_plot__rosidl_typesupport_introspection_c.h
[17.925s] -- Installing: /home/y/SA_CAO/install/motion_msgs/include/motion_msgs/msg/detail/leg_motors__rosidl_typesupport_introspection_c.h
[17.926s] -- Installing: /home/y/SA_CAO/install/motion_msgs/lib/libmotion_msgs__rosidl_typesupport_introspection_c.so
[17.929s] -- Set runtime path of "/home/y/SA_CAO/install/motion_msgs/lib/libmotion_msgs__rosidl_typesupport_introspection_c.so" to ""
[17.929s] -- Installing: /home/y/SA_CAO/install/motion_msgs/lib/libmotion_msgs__rosidl_typesupport_c.so
[17.933s] -- Set runtime path of "/home/y/SA_CAO/install/motion_msgs/lib/libmotion_msgs__rosidl_typesupport_c.so" to ""
[17.933s] -- Up-to-date: /home/y/SA_CAO/install/motion_msgs/include/motion_msgs
[17.933s] -- Up-to-date: /home/y/SA_CAO/install/motion_msgs/include/motion_msgs/msg
[17.934s] -- Installing: /home/y/SA_CAO/install/motion_msgs/include/motion_msgs/msg/rosidl_generator_cpp__visibility_control.hpp
[17.934s] -- Installing: /home/y/SA_CAO/install/motion_msgs/include/motion_msgs/msg/robot_status.hpp
[17.935s] -- Installing: /home/y/SA_CAO/install/motion_msgs/include/motion_msgs/msg/movement_ctrl_mode.hpp
[17.936s] -- Installing: /home/y/SA_CAO/install/motion_msgs/include/motion_msgs/msg/ctrl_plot.hpp
[17.936s] -- Installing: /home/y/SA_CAO/install/motion_msgs/include/motion_msgs/msg/leg_motors.hpp
[17.937s] -- Installing: /home/y/SA_CAO/install/motion_msgs/include/motion_msgs/msg/motion_ctrl.hpp
[17.937s] -- Up-to-date: /home/y/SA_CAO/install/motion_msgs/include/motion_msgs/msg/detail
[17.937s] -- Installing: /home/y/SA_CAO/install/motion_msgs/include/motion_msgs/msg/detail/robot_status__type_support.hpp
[17.938s] -- Installing: /home/y/SA_CAO/install/motion_msgs/include/motion_msgs/msg/detail/robot_status__struct.hpp
[17.938s] -- Installing: /home/y/SA_CAO/install/motion_msgs/include/motion_msgs/msg/detail/movement_ctrl_data__type_support.hpp
[17.939s] -- Installing: /home/y/SA_CAO/install/motion_msgs/include/motion_msgs/msg/detail/movement_ctrl_mode__builder.hpp
[17.940s] -- Installing: /home/y/SA_CAO/install/motion_msgs/include/motion_msgs/msg/detail/ctrl_plot__struct.hpp
[17.940s] -- Installing: /home/y/SA_CAO/install/motion_msgs/include/motion_msgs/msg/detail/leg_motors__struct.hpp
[17.941s] -- Installing: /home/y/SA_CAO/install/motion_msgs/include/motion_msgs/msg/detail/movement_ctrl_mode__type_support.hpp
[17.941s] -- Installing: /home/y/SA_CAO/install/motion_msgs/include/motion_msgs/msg/detail/robot_status__builder.hpp
[17.942s] -- Installing: /home/y/SA_CAO/install/motion_msgs/include/motion_msgs/msg/detail/motion_ctrl__traits.hpp
[17.942s] -- Installing: /home/y/SA_CAO/install/motion_msgs/include/motion_msgs/msg/detail/motion_ctrl__type_support.hpp
[17.943s] -- Installing: /home/y/SA_CAO/install/motion_msgs/include/motion_msgs/msg/detail/ctrl_plot__type_support.hpp
[17.944s] -- Installing: /home/y/SA_CAO/install/motion_msgs/include/motion_msgs/msg/detail/leg_motors__builder.hpp
[17.944s] -- Installing: /home/y/SA_CAO/install/motion_msgs/include/motion_msgs/msg/detail/ctrl_plot__builder.hpp
[17.945s] -- Installing: /home/y/SA_CAO/install/motion_msgs/include/motion_msgs/msg/detail/movement_ctrl_mode__struct.hpp
[17.945s] -- Installing: /home/y/SA_CAO/install/motion_msgs/include/motion_msgs/msg/detail/robot_status__traits.hpp
[17.946s] -- Installing: /home/y/SA_CAO/install/motion_msgs/include/motion_msgs/msg/detail/movement_ctrl_mode__traits.hpp
[17.946s] -- Installing: /home/y/SA_CAO/install/motion_msgs/include/motion_msgs/msg/detail/ctrl_plot__traits.hpp
[17.947s] -- Installing: /home/y/SA_CAO/install/motion_msgs/include/motion_msgs/msg/detail/leg_motors__type_support.hpp
[17.948s] -- Installing: /home/y/SA_CAO/install/motion_msgs/include/motion_msgs/msg/detail/leg_motors__traits.hpp
[17.949s] -- Installing: /home/y/SA_CAO/install/motion_msgs/include/motion_msgs/msg/detail/movement_ctrl_data__builder.hpp
[17.949s] -- Installing: /home/y/SA_CAO/install/motion_msgs/include/motion_msgs/msg/detail/movement_ctrl_data__traits.hpp
[17.950s] -- Installing: /home/y/SA_CAO/install/motion_msgs/include/motion_msgs/msg/detail/motion_ctrl__struct.hpp
[17.951s] -- Installing: /home/y/SA_CAO/install/motion_msgs/include/motion_msgs/msg/detail/movement_ctrl_data__struct.hpp
[17.951s] -- Installing: /home/y/SA_CAO/install/motion_msgs/include/motion_msgs/msg/detail/motion_ctrl__builder.hpp
[17.952s] -- Installing: /home/y/SA_CAO/install/motion_msgs/include/motion_msgs/msg/movement_ctrl_data.hpp
[17.953s] -- Up-to-date: /home/y/SA_CAO/install/motion_msgs/include/motion_msgs
[17.953s] -- Up-to-date: /home/y/SA_CAO/install/motion_msgs/include/motion_msgs/msg
[17.954s] -- Up-to-date: /home/y/SA_CAO/install/motion_msgs/include/motion_msgs/msg/detail
[17.954s] -- Installing: /home/y/SA_CAO/install/motion_msgs/include/motion_msgs/msg/detail/movement_ctrl_data__type_support.cpp
[17.955s] -- Installing: /home/y/SA_CAO/install/motion_msgs/include/motion_msgs/msg/detail/movement_ctrl_mode__type_support.cpp
[17.955s] -- Installing: /home/y/SA_CAO/install/motion_msgs/include/motion_msgs/msg/detail/robot_status__type_support.cpp
[17.956s] -- Installing: /home/y/SA_CAO/install/motion_msgs/include/motion_msgs/msg/detail/ctrl_plot__type_support.cpp
[17.956s] -- Installing: /home/y/SA_CAO/install/motion_msgs/include/motion_msgs/msg/detail/movement_ctrl_data__rosidl_typesupport_introspection_cpp.hpp
[17.957s] -- Installing: /home/y/SA_CAO/install/motion_msgs/include/motion_msgs/msg/detail/robot_status__rosidl_typesupport_introspection_cpp.hpp
[17.958s] -- Installing: /home/y/SA_CAO/install/motion_msgs/include/motion_msgs/msg/detail/leg_motors__type_support.cpp
[17.959s] -- Installing: /home/y/SA_CAO/install/motion_msgs/include/motion_msgs/msg/detail/leg_motors__rosidl_typesupport_introspection_cpp.hpp
[17.959s] -- Installing: /home/y/SA_CAO/install/motion_msgs/include/motion_msgs/msg/detail/motion_ctrl__type_support.cpp
[17.961s] -- Installing: /home/y/SA_CAO/install/motion_msgs/include/motion_msgs/msg/detail/motion_ctrl__rosidl_typesupport_introspection_cpp.hpp
[17.962s] -- Installing: /home/y/SA_CAO/install/motion_msgs/include/motion_msgs/msg/detail/ctrl_plot__rosidl_typesupport_introspection_cpp.hpp
[17.962s] -- Installing: /home/y/SA_CAO/install/motion_msgs/include/motion_msgs/msg/detail/movement_ctrl_mode__rosidl_typesupport_introspection_cpp.hpp
[17.962s] -- Installing: /home/y/SA_CAO/install/motion_msgs/lib/libmotion_msgs__rosidl_typesupport_introspection_cpp.so
[17.967s] -- Set runtime path of "/home/y/SA_CAO/install/motion_msgs/lib/libmotion_msgs__rosidl_typesupport_introspection_cpp.so" to ""
[17.967s] -- Installing: /home/y/SA_CAO/install/motion_msgs/lib/libmotion_msgs__rosidl_typesupport_cpp.so
[17.971s] -- Set runtime path of "/home/y/SA_CAO/install/motion_msgs/lib/libmotion_msgs__rosidl_typesupport_cpp.so" to ""
[17.971s] -- Installing: /home/y/SA_CAO/install/motion_msgs/share/motion_msgs/environment/pythonpath.sh
[17.972s] -- Installing: /home/y/SA_CAO/install/motion_msgs/share/motion_msgs/environment/pythonpath.dsv
[17.972s] -- Installing: /home/y/SA_CAO/install/motion_msgs/lib/python3.8/site-packages/motion_msgs/__init__.py
[18.038s] Compiling '/home/y/SA_CAO/install/motion_msgs/lib/python3.8/site-packages/motion_msgs/__init__.py'...
[18.042s] -- Installing: /home/y/SA_CAO/install/motion_msgs/lib/python3.8/site-packages/motion_msgs/msg
[18.043s] -- Installing: /home/y/SA_CAO/install/motion_msgs/lib/python3.8/site-packages/motion_msgs/msg/_ctrl_plot_s.c
[18.044s] -- Installing: /home/y/SA_CAO/install/motion_msgs/lib/python3.8/site-packages/motion_msgs/msg/_robot_status.py
[18.044s] -- Installing: /home/y/SA_CAO/install/motion_msgs/lib/python3.8/site-packages/motion_msgs/msg/_movement_ctrl_mode_s.c
[18.045s] -- Installing: /home/y/SA_CAO/install/motion_msgs/lib/python3.8/site-packages/motion_msgs/msg/_leg_motors_s.c
[18.045s] -- Installing: /home/y/SA_CAO/install/motion_msgs/lib/python3.8/site-packages/motion_msgs/msg/__init__.py
[18.046s] -- Installing: /home/y/SA_CAO/install/motion_msgs/lib/python3.8/site-packages/motion_msgs/msg/_movement_ctrl_data.py
[18.046s] -- Installing: /home/y/SA_CAO/install/motion_msgs/lib/python3.8/site-packages/motion_msgs/msg/_ctrl_plot.py
[18.047s] -- Installing: /home/y/SA_CAO/install/motion_msgs/lib/python3.8/site-packages/motion_msgs/msg/_motion_ctrl.py
[18.048s] -- Installing: /home/y/SA_CAO/install/motion_msgs/lib/python3.8/site-packages/motion_msgs/msg/_motion_ctrl_s.c
[18.048s] -- Installing: /home/y/SA_CAO/install/motion_msgs/lib/python3.8/site-packages/motion_msgs/msg/_leg_motors.py
[18.049s] -- Installing: /home/y/SA_CAO/install/motion_msgs/lib/python3.8/site-packages/motion_msgs/msg/_robot_status_s.c
[18.049s] -- Installing: /home/y/SA_CAO/install/motion_msgs/lib/python3.8/site-packages/motion_msgs/msg/_movement_ctrl_data_s.c
[18.050s] -- Installing: /home/y/SA_CAO/install/motion_msgs/lib/python3.8/site-packages/motion_msgs/msg/_movement_ctrl_mode.py
[18.051s] -- Installing: /home/y/SA_CAO/install/motion_msgs/lib/python3.8/site-packages/motion_msgs/motion_msgs_s__rosidl_typesupport_fastrtps_c.cpython-38-x86_64-linux-gnu.so
[18.055s] -- Set runtime path of "/home/y/SA_CAO/install/motion_msgs/lib/python3.8/site-packages/motion_msgs/motion_msgs_s__rosidl_typesupport_fastrtps_c.cpython-38-x86_64-linux-gnu.so" to ""
[18.055s] -- Installing: /home/y/SA_CAO/install/motion_msgs/lib/python3.8/site-packages/motion_msgs/motion_msgs_s__rosidl_typesupport_introspection_c.cpython-38-x86_64-linux-gnu.so
[18.059s] -- Set runtime path of "/home/y/SA_CAO/install/motion_msgs/lib/python3.8/site-packages/motion_msgs/motion_msgs_s__rosidl_typesupport_introspection_c.cpython-38-x86_64-linux-gnu.so" to ""
[18.059s] -- Installing: /home/y/SA_CAO/install/motion_msgs/lib/python3.8/site-packages/motion_msgs/motion_msgs_s__rosidl_typesupport_c.cpython-38-x86_64-linux-gnu.so
[18.063s] -- Set runtime path of "/home/y/SA_CAO/install/motion_msgs/lib/python3.8/site-packages/motion_msgs/motion_msgs_s__rosidl_typesupport_c.cpython-38-x86_64-linux-gnu.so" to ""
[18.063s] -- Installing: /home/y/SA_CAO/install/motion_msgs/lib/libmotion_msgs__python.so
[18.066s] -- Set runtime path of "/home/y/SA_CAO/install/motion_msgs/lib/libmotion_msgs__python.so" to ""
[18.067s] -- Installing: /home/y/SA_CAO/install/motion_msgs/share/motion_msgs/msg/CtrlPlot.idl
[18.068s] -- Installing: /home/y/SA_CAO/install/motion_msgs/share/motion_msgs/msg/LegMotors.idl
[18.068s] -- Installing: /home/y/SA_CAO/install/motion_msgs/share/motion_msgs/msg/MotionCtrl.idl
[18.069s] -- Installing: /home/y/SA_CAO/install/motion_msgs/share/motion_msgs/msg/RobotStatus.idl
[18.069s] -- Installing: /home/y/SA_CAO/install/motion_msgs/share/motion_msgs/msg/MovementCtrlData.idl
[18.070s] -- Installing: /home/y/SA_CAO/install/motion_msgs/share/motion_msgs/msg/MovementCtrlMode.idl
[18.071s] -- Installing: /home/y/SA_CAO/install/motion_msgs/share/motion_msgs/msg/CtrlPlot.msg
[18.072s] -- Installing: /home/y/SA_CAO/install/motion_msgs/share/motion_msgs/msg/LegMotors.msg
[18.072s] -- Installing: /home/y/SA_CAO/install/motion_msgs/share/motion_msgs/msg/MotionCtrl.msg
[18.073s] -- Installing: /home/y/SA_CAO/install/motion_msgs/share/motion_msgs/msg/RobotStatus.msg
[18.073s] -- Installing: /home/y/SA_CAO/install/motion_msgs/share/motion_msgs/msg/MovementCtrlData.msg
[18.074s] -- Installing: /home/y/SA_CAO/install/motion_msgs/share/motion_msgs/msg/MovementCtrlMode.msg
[18.075s] -- Installing: /home/y/SA_CAO/install/motion_msgs/share/ament_index/resource_index/package_run_dependencies/motion_msgs
[18.076s] -- Installing: /home/y/SA_CAO/install/motion_msgs/share/ament_index/resource_index/parent_prefix_path/motion_msgs
[18.076s] -- Installing: /home/y/SA_CAO/install/motion_msgs/share/motion_msgs/environment/ament_prefix_path.sh
[18.077s] -- Installing: /home/y/SA_CAO/install/motion_msgs/share/motion_msgs/environment/ament_prefix_path.dsv
[18.078s] -- Installing: /home/y/SA_CAO/install/motion_msgs/share/motion_msgs/environment/path.sh
[18.078s] -- Installing: /home/y/SA_CAO/install/motion_msgs/share/motion_msgs/environment/path.dsv
[18.079s] -- Installing: /home/y/SA_CAO/install/motion_msgs/share/motion_msgs/local_setup.bash
[18.080s] -- Installing: /home/y/SA_CAO/install/motion_msgs/share/motion_msgs/local_setup.sh
[18.081s] -- Installing: /home/y/SA_CAO/install/motion_msgs/share/motion_msgs/local_setup.zsh
[18.081s] -- Installing: /home/y/SA_CAO/install/motion_msgs/share/motion_msgs/local_setup.dsv
[18.082s] -- Installing: /home/y/SA_CAO/install/motion_msgs/share/motion_msgs/package.dsv
[18.082s] -- Installing: /home/y/SA_CAO/install/motion_msgs/share/ament_index/resource_index/packages/motion_msgs
[18.083s] -- Installing: /home/y/SA_CAO/install/motion_msgs/share/motion_msgs/cmake/motion_msgs__rosidl_generator_cExport.cmake
[18.084s] -- Installing: /home/y/SA_CAO/install/motion_msgs/share/motion_msgs/cmake/motion_msgs__rosidl_generator_cExport-noconfig.cmake
[18.085s] -- Installing: /home/y/SA_CAO/install/motion_msgs/share/motion_msgs/cmake/motion_msgs__rosidl_typesupport_introspection_cExport.cmake
[18.086s] -- Installing: /home/y/SA_CAO/install/motion_msgs/share/motion_msgs/cmake/motion_msgs__rosidl_typesupport_introspection_cExport-noconfig.cmake
[18.086s] -- Installing: /home/y/SA_CAO/install/motion_msgs/share/motion_msgs/cmake/motion_msgs__rosidl_typesupport_cExport.cmake
[18.087s] -- Installing: /home/y/SA_CAO/install/motion_msgs/share/motion_msgs/cmake/motion_msgs__rosidl_typesupport_cExport-noconfig.cmake
[18.088s] -- Installing: /home/y/SA_CAO/install/motion_msgs/share/motion_msgs/cmake/motion_msgs__rosidl_generator_cppExport.cmake
[18.089s] -- Installing: /home/y/SA_CAO/install/motion_msgs/share/motion_msgs/cmake/motion_msgs__rosidl_typesupport_introspection_cppExport.cmake
[18.090s] -- Installing: /home/y/SA_CAO/install/motion_msgs/share/motion_msgs/cmake/motion_msgs__rosidl_typesupport_introspection_cppExport-noconfig.cmake
[18.090s] -- Installing: /home/y/SA_CAO/install/motion_msgs/share/motion_msgs/cmake/motion_msgs__rosidl_typesupport_cppExport.cmake
[18.091s] -- Installing: /home/y/SA_CAO/install/motion_msgs/share/motion_msgs/cmake/motion_msgs__rosidl_typesupport_cppExport-noconfig.cmake
[18.092s] -- Installing: /home/y/SA_CAO/install/motion_msgs/share/motion_msgs/cmake/rosidl_cmake-extras.cmake
[18.092s] -- Installing: /home/y/SA_CAO/install/motion_msgs/share/motion_msgs/cmake/ament_cmake_export_dependencies-extras.cmake
[18.093s] -- Installing: /home/y/SA_CAO/install/motion_msgs/share/motion_msgs/cmake/ament_cmake_export_libraries-extras.cmake
[18.093s] -- Installing: /home/y/SA_CAO/install/motion_msgs/share/motion_msgs/cmake/ament_cmake_export_targets-extras.cmake
[18.095s] -- Installing: /home/y/SA_CAO/install/motion_msgs/share/motion_msgs/cmake/ament_cmake_export_include_directories-extras.cmake
[18.095s] -- Installing: /home/y/SA_CAO/install/motion_msgs/share/motion_msgs/cmake/rosidl_cmake_export_typesupport_libraries-extras.cmake
[18.096s] -- Installing: /home/y/SA_CAO/install/motion_msgs/share/motion_msgs/cmake/rosidl_cmake_export_typesupport_targets-extras.cmake
[18.096s] -- Installing: /home/y/SA_CAO/install/motion_msgs/share/motion_msgs/cmake/motion_msgsConfig.cmake
[18.097s] -- Installing: /home/y/SA_CAO/install/motion_msgs/share/motion_msgs/cmake/motion_msgsConfig-version.cmake
[18.097s] -- Installing: /home/y/SA_CAO/install/motion_msgs/share/motion_msgs/package.xml
[18.108s] Invoked command in '/home/y/SA_CAO/build/motion_msgs' returned '0': CMAKE_PREFIX_PATH=/opt/ros/foxy:${CMAKE_PREFIX_PATH} /usr/bin/cmake --install /home/y/SA_CAO/build/motion_msgs
