[0.011s] Invoking command in '/home/y/SA_CAO_Simu/SA_CAO/build/diablo_utils': AMENT_PREFIX_PATH=/home/y/SA_CAO_Simu/SA_CAO/install/motion_msgs:${AMENT_PREFIX_PATH} CMAKE_PREFIX_PATH=/home/y/SA_CAO_Simu/SA_CAO/install/motion_msgs:/opt/ros/foxy LD_LIBRARY_PATH=/home/y/SA_CAO_Simu/SA_CAO/install/motion_msgs/lib:${LD_LIBRARY_PATH} PYTHONPATH=/home/y/SA_CAO_Simu/SA_CAO/install/motion_msgs/lib/python3.8/site-packages:${PYTHONPATH} /usr/bin/cmake --build /home/y/SA_CAO_Simu/SA_CAO/build/diablo_utils -- -j2 -l2
[0.043s] [100%] Built target diablo_utils_core
[0.046s] Invoked command in '/home/y/SA_CAO_Simu/SA_CAO/build/diablo_utils' returned '0': AMENT_PREFIX_PATH=/home/y/SA_CAO_Simu/SA_CAO/install/motion_msgs:${AMENT_PREFIX_PATH} CMAKE_PREFIX_PATH=/home/y/SA_CAO_Simu/SA_CAO/install/motion_msgs:/opt/ros/foxy LD_LIBRARY_PATH=/home/y/SA_CAO_Simu/SA_CAO/install/motion_msgs/lib:${LD_LIBRARY_PATH} PYTHONPATH=/home/y/SA_CAO_Simu/SA_CAO/install/motion_msgs/lib/python3.8/site-packages:${PYTHONPATH} /usr/bin/cmake --build /home/y/SA_CAO_Simu/SA_CAO/build/diablo_utils -- -j2 -l2
[0.047s] Invoking command in '/home/y/SA_CAO_Simu/SA_CAO/build/diablo_utils': AMENT_PREFIX_PATH=/home/y/SA_CAO_Simu/SA_CAO/install/motion_msgs:${AMENT_PREFIX_PATH} CMAKE_PREFIX_PATH=/home/y/SA_CAO_Simu/SA_CAO/install/motion_msgs:/opt/ros/foxy LD_LIBRARY_PATH=/home/y/SA_CAO_Simu/SA_CAO/install/motion_msgs/lib:${LD_LIBRARY_PATH} PYTHONPATH=/home/y/SA_CAO_Simu/SA_CAO/install/motion_msgs/lib/python3.8/site-packages:${PYTHONPATH} /usr/bin/cmake --install /home/y/SA_CAO_Simu/SA_CAO/build/diablo_utils
[0.052s] -- Install configuration: ""
[0.052s] -- Up-to-date: /home/y/SA_CAO_Simu/SA_CAO/install/diablo_utils/include/
[0.052s] -- Up-to-date: /home/y/SA_CAO_Simu/SA_CAO/install/diablo_utils/include//diablo_utils
[0.052s] -- Up-to-date: /home/y/SA_CAO_Simu/SA_CAO/install/diablo_utils/include//diablo_utils/VulcanSerial
[0.052s] -- Up-to-date: /home/y/SA_CAO_Simu/SA_CAO/install/diablo_utils/include//diablo_utils/VulcanSerial/Exception.hpp
[0.052s] -- Up-to-date: /home/y/SA_CAO_Simu/SA_CAO/install/diablo_utils/include//diablo_utils/VulcanSerial/SerialPort.hpp
[0.052s] -- Up-to-date: /home/y/SA_CAO_Simu/SA_CAO/install/diablo_utils/include//diablo_utils/diablo_tools
[0.052s] -- Up-to-date: /home/y/SA_CAO_Simu/SA_CAO/install/diablo_utils/include//diablo_utils/diablo_tools/osdk_crc.hpp
[0.052s] -- Up-to-date: /home/y/SA_CAO_Simu/SA_CAO/install/diablo_utils/include//diablo_utils/diablo_tools/osdk_header.hpp
[0.052s] -- Up-to-date: /home/y/SA_CAO_Simu/SA_CAO/install/diablo_utils/include//diablo_utils/diablo_tools/osdk_hal.hpp
[0.052s] -- Up-to-date: /home/y/SA_CAO_Simu/SA_CAO/install/diablo_utils/include//diablo_utils/diablo_tools/onboard_sdk_uart_protocol.h
[0.052s] -- Up-to-date: /home/y/SA_CAO_Simu/SA_CAO/install/diablo_utils/include//diablo_utils/diablo_tools/osdk_vehicle.hpp
[0.052s] -- Up-to-date: /home/y/SA_CAO_Simu/SA_CAO/install/diablo_utils/include//diablo_utils/diablo_tools/osdk_virtual_rc.hpp
[0.053s] -- Up-to-date: /home/y/SA_CAO_Simu/SA_CAO/install/diablo_utils/include//diablo_utils/diablo_tools/osdk_telemetry.hpp
[0.053s] -- Up-to-date: /home/y/SA_CAO_Simu/SA_CAO/install/diablo_utils/include//diablo_utils/diablo_tools/osdk_ddj_m15.hpp
[0.053s] -- Up-to-date: /home/y/SA_CAO_Simu/SA_CAO/install/diablo_utils/include//diablo_utils/diablo_tools/osdk_movement.hpp
[0.053s] -- Up-to-date: /home/y/SA_CAO_Simu/SA_CAO/install/diablo_utils/lib/libdiablo_utils_core.so
[0.053s] -- Up-to-date: /home/y/SA_CAO_Simu/SA_CAO/install/diablo_utils/share/diablo_utils/environment/library_path.sh
[0.053s] -- Up-to-date: /home/y/SA_CAO_Simu/SA_CAO/install/diablo_utils/share/diablo_utils/environment/library_path.dsv
[0.053s] -- Up-to-date: /home/y/SA_CAO_Simu/SA_CAO/install/diablo_utils/share/ament_index/resource_index/package_run_dependencies/diablo_utils
[0.053s] -- Up-to-date: /home/y/SA_CAO_Simu/SA_CAO/install/diablo_utils/share/ament_index/resource_index/parent_prefix_path/diablo_utils
[0.053s] -- Up-to-date: /home/y/SA_CAO_Simu/SA_CAO/install/diablo_utils/share/diablo_utils/environment/ament_prefix_path.sh
[0.053s] -- Up-to-date: /home/y/SA_CAO_Simu/SA_CAO/install/diablo_utils/share/diablo_utils/environment/ament_prefix_path.dsv
[0.053s] -- Up-to-date: /home/y/SA_CAO_Simu/SA_CAO/install/diablo_utils/share/diablo_utils/environment/path.sh
[0.053s] -- Up-to-date: /home/y/SA_CAO_Simu/SA_CAO/install/diablo_utils/share/diablo_utils/environment/path.dsv
[0.053s] -- Up-to-date: /home/y/SA_CAO_Simu/SA_CAO/install/diablo_utils/share/diablo_utils/local_setup.bash
[0.053s] -- Up-to-date: /home/y/SA_CAO_Simu/SA_CAO/install/diablo_utils/share/diablo_utils/local_setup.sh
[0.053s] -- Up-to-date: /home/y/SA_CAO_Simu/SA_CAO/install/diablo_utils/share/diablo_utils/local_setup.zsh
[0.053s] -- Up-to-date: /home/y/SA_CAO_Simu/SA_CAO/install/diablo_utils/share/diablo_utils/local_setup.dsv
[0.053s] -- Installing: /home/y/SA_CAO_Simu/SA_CAO/install/diablo_utils/share/diablo_utils/package.dsv
[0.053s] -- Up-to-date: /home/y/SA_CAO_Simu/SA_CAO/install/diablo_utils/share/ament_index/resource_index/packages/diablo_utils
[0.053s] -- Up-to-date: /home/y/SA_CAO_Simu/SA_CAO/install/diablo_utils/share/diablo_utils/cmake/ament_cmake_export_include_directories-extras.cmake
[0.053s] -- Up-to-date: /home/y/SA_CAO_Simu/SA_CAO/install/diablo_utils/share/diablo_utils/cmake/ament_cmake_export_libraries-extras.cmake
[0.053s] -- Up-to-date: /home/y/SA_CAO_Simu/SA_CAO/install/diablo_utils/share/diablo_utils/cmake/ament_cmake_export_dependencies-extras.cmake
[0.053s] -- Up-to-date: /home/y/SA_CAO_Simu/SA_CAO/install/diablo_utils/share/diablo_utils/cmake/diablo_utilsConfig.cmake
[0.053s] -- Up-to-date: /home/y/SA_CAO_Simu/SA_CAO/install/diablo_utils/share/diablo_utils/cmake/diablo_utilsConfig-version.cmake
[0.053s] -- Up-to-date: /home/y/SA_CAO_Simu/SA_CAO/install/diablo_utils/share/diablo_utils/package.xml
[0.054s] Invoked command in '/home/y/SA_CAO_Simu/SA_CAO/build/diablo_utils' returned '0': AMENT_PREFIX_PATH=/home/y/SA_CAO_Simu/SA_CAO/install/motion_msgs:${AMENT_PREFIX_PATH} CMAKE_PREFIX_PATH=/home/y/SA_CAO_Simu/SA_CAO/install/motion_msgs:/opt/ros/foxy LD_LIBRARY_PATH=/home/y/SA_CAO_Simu/SA_CAO/install/motion_msgs/lib:${LD_LIBRARY_PATH} PYTHONPATH=/home/y/SA_CAO_Simu/SA_CAO/install/motion_msgs/lib/python3.8/site-packages:${PYTHONPATH} /usr/bin/cmake --install /home/y/SA_CAO_Simu/SA_CAO/build/diablo_utils
