[0.535s] Invoking command in '/home/y/SA_CAO_test_ws/src/launch_diablo': PYTHONPATH=/home/y/SA_CAO_test_ws/build/launch_diablo/prefix_override:/usr/lib/python3/dist-packages/colcon_core/task/python/colcon_distutils_commands:/home/y/SA_CAO_test_ws/install/launch_diablo/lib/python3.8/site-packages:${PYTHONPATH} /usr/bin/python3 -W ignore:setup.py install is deprecated -W ignore:easy_install command is deprecated setup.py egg_info --egg-base ../../build/launch_diablo build --build-base /home/y/SA_CAO_test_ws/build/launch_diablo/build install --record /home/y/SA_CAO_test_ws/build/launch_diablo/install.log --install-scripts $base/lib/robot_launch --single-version-externally-managed install_data
[0.716s] running egg_info
[0.716s] creating ../../build/launch_diablo/launch_diablo.egg-info
[0.717s] writing ../../build/launch_diablo/launch_diablo.egg-info/PKG-INFO
[0.717s] writing dependency_links to ../../build/launch_diablo/launch_diablo.egg-info/dependency_links.txt
[0.717s] writing entry points to ../../build/launch_diablo/launch_diablo.egg-info/entry_points.txt
[0.718s] writing requirements to ../../build/launch_diablo/launch_diablo.egg-info/requires.txt
[0.718s] writing top-level names to ../../build/launch_diablo/launch_diablo.egg-info/top_level.txt
[0.719s] writing manifest file '../../build/launch_diablo/launch_diablo.egg-info/SOURCES.txt'
[0.748s] reading manifest file '../../build/launch_diablo/launch_diablo.egg-info/SOURCES.txt'
[0.748s] writing manifest file '../../build/launch_diablo/launch_diablo.egg-info/SOURCES.txt'
[0.749s] running build
[0.749s] running build_py
[0.749s] creating /home/y/SA_CAO_test_ws/build/launch_diablo/build
[0.749s] creating /home/y/SA_CAO_test_ws/build/launch_diablo/build/lib
[0.749s] creating /home/y/SA_CAO_test_ws/build/launch_diablo/build/lib/launch_diablo
[0.750s] copying launch_diablo/__init__.py -> /home/y/SA_CAO_test_ws/build/launch_diablo/build/lib/launch_diablo
[0.750s] running install
[0.751s] running install_lib
[0.752s] creating /home/y/SA_CAO_test_ws/install/launch_diablo/lib/python3.8/site-packages/launch_diablo
[0.752s] copying /home/y/SA_CAO_test_ws/build/launch_diablo/build/lib/launch_diablo/__init__.py -> /home/y/SA_CAO_test_ws/install/launch_diablo/lib/python3.8/site-packages/launch_diablo
[0.752s] byte-compiling /home/y/SA_CAO_test_ws/install/launch_diablo/lib/python3.8/site-packages/launch_diablo/__init__.py to __init__.cpython-38.pyc
[0.754s] running install_data
[0.754s] copying package.xml -> /home/y/SA_CAO_test_ws/install/launch_diablo/share/launch_diablo
[0.754s] creating /home/y/SA_CAO_test_ws/install/launch_diablo/share/ament_index
[0.755s] creating /home/y/SA_CAO_test_ws/install/launch_diablo/share/ament_index/resource_index
[0.755s] creating /home/y/SA_CAO_test_ws/install/launch_diablo/share/ament_index/resource_index/packages
[0.755s] copying resource/launch_diablo -> /home/y/SA_CAO_test_ws/install/launch_diablo/share/ament_index/resource_index/packages
[0.756s] creating /home/y/SA_CAO_test_ws/install/launch_diablo/share/launch_diablo/launch
[0.756s] copying launch/launch_diablo.py -> /home/y/SA_CAO_test_ws/install/launch_diablo/share/launch_diablo/launch
[0.756s] running install_egg_info
[0.758s] Copying ../../build/launch_diablo/launch_diablo.egg-info to /home/y/SA_CAO_test_ws/install/launch_diablo/lib/python3.8/site-packages/launch_diablo-0.0.0-py3.8.egg-info
[0.759s] running install_scripts
[0.773s] writing list of installed files to '/home/y/SA_CAO_test_ws/build/launch_diablo/install.log'
[0.799s] Invoked command in '/home/y/SA_CAO_test_ws/src/launch_diablo' returned '0': PYTHONPATH=/home/y/SA_CAO_test_ws/build/launch_diablo/prefix_override:/usr/lib/python3/dist-packages/colcon_core/task/python/colcon_distutils_commands:/home/y/SA_CAO_test_ws/install/launch_diablo/lib/python3.8/site-packages:${PYTHONPATH} /usr/bin/python3 -W ignore:setup.py install is deprecated -W ignore:easy_install command is deprecated setup.py egg_info --egg-base ../../build/launch_diablo build --build-base /home/y/SA_CAO_test_ws/build/launch_diablo/build install --record /home/y/SA_CAO_test_ws/build/launch_diablo/install.log --install-scripts $base/lib/robot_launch --single-version-externally-managed install_data
