[0.020s] Invoking command in '/home/y/SA_CAO/build/diablo_ctrl': CMAKE_PREFIX_PATH=/home/y/SA_CAO/install/diablo_body:/home/y/SA_CAO/install/diablo_utils:/home/y/SA_CAO/install/motion_msgs:/home/y/SA_CAO/install/ception_msgs:/home/y/SA_CAO/install/diablo_simpose_trans:/home/y/SA_CAO/install/diablo_ctrl:/home/y/SA_CAO/install/diablo_rviz2_control_plugin:/home/y/SA_CAO/install/my_xbox_joystick:/home/y/SA_CAO/install/diablo_teleop:/home/y/SA_CAO/install/diablo_simulation:/opt/ros/foxy:/home/y/oradar_ros/install/oradar_lidar LD_LIBRARY_PATH=/home/y/SA_CAO/install/diablo_body/lib:/home/y/SA_CAO/install/diablo_utils/lib:/home/y/SA_CAO/install/motion_msgs/lib:/home/y/SA_CAO/install/ception_msgs/lib:/home/y/SA_CAO/install/diablo_rviz2_control_plugin/lib:/usr/lib/x86_64-linux-gnu/gazebo-11/plugins:/opt/ros/foxy/opt/yaml_cpp_vendor/lib:/opt/ros/foxy/opt/rviz_ogre_vendor/lib:/opt/ros/foxy/lib/x86_64-linux-gnu:/opt/ros/foxy/lib PYTHONPATH=/home/y/SA_CAO/install/motion_msgs/lib/python3.8/site-packages:/home/y/SA_CAO/install/ception_msgs/lib/python3.8/site-packages:/home/y/SA_CAO/install/my_xbox_joystick/lib/python3.8/site-packages:/home/y/SA_CAO/install/diablo_teleop/lib/python3.8/site-packages:/home/y/SA_CAO/install/diablo_simulation/lib/python3.8/site-packages:/opt/ros/foxy/lib/python3.8/site-packages /usr/bin/cmake --build /home/y/SA_CAO/build/diablo_ctrl -- -j2 -l2
[0.074s] [35m[1mScanning dependencies of target diablo_ctrl_node[0m
[0.105s] [ 50%] [32mBuilding CXX object CMakeFiles/diablo_ctrl_node.dir/src/diablo_ctrl.cpp.o[0m
[0.210s] [01m[K/home/y/SA_CAO/src/diablo_ros2/diablo_interaction/diablo_ctrl/src/diablo_ctrl.cpp:104:12:[m[K [01;31m[Kerror: [m[Ktoken "." is not valid in preprocessor expressions
[0.210s]   104 |     #if(Hal[01;31m[K.[m[Kinit("/dev/ttyS3")) return -1;
[0.210s]       |            [01;31m[K^[m[K
[0.211s] [01m[K/home/y/SA_CAO/src/diablo_ros2/diablo_interaction/diablo_ctrl/src/diablo_ctrl.cpp:104:[m[K [01;31m[Kerror: [m[Kunterminated #if
[0.211s]   104 |     #if(Hal.init("/dev/ttyS3")) return -1;
[0.211s]       | 
[1.305s] [01m[K/home/y/SA_CAO/src/diablo_ros2/diablo_interaction/diablo_ctrl/src/diablo_ctrl.cpp:[m[K In function ‘[01m[Kint main(int, char**)[m[K’:
[1.305s] [01m[K/home/y/SA_CAO/src/diablo_ros2/diablo_interaction/diablo_ctrl/src/diablo_ctrl.cpp:103:29:[m[K [01;31m[Kerror: [m[Kexpected ‘[01m[K}[m[K’ at end of input
[1.305s]   103 |     DIABLO::OSDK::HAL_Pi Hal[01;31m[K;[m[K
[1.305s]       |                             [01;31m[K^[m[K
[1.305s] [01m[K/home/y/SA_CAO/src/diablo_ros2/diablo_interaction/diablo_ctrl/src/diablo_ctrl.cpp:99:1:[m[K [01;36m[Knote: [m[Kto match this ‘[01m[K{[m[K’
[1.305s]    99 | [01;36m[K{[m[K
[1.305s]       | [01;36m[K^[m[K
[2.515s] make[2]: *** [CMakeFiles/diablo_ctrl_node.dir/build.make:63: CMakeFiles/diablo_ctrl_node.dir/src/diablo_ctrl.cpp.o] Error 1
[2.515s] make[1]: *** [CMakeFiles/Makefile2:78: CMakeFiles/diablo_ctrl_node.dir/all] Error 2
[2.515s] make: *** [Makefile:141: all] Error 2
[2.516s] Invoked command in '/home/y/SA_CAO/build/diablo_ctrl' returned '2': CMAKE_PREFIX_PATH=/home/y/SA_CAO/install/diablo_body:/home/y/SA_CAO/install/diablo_utils:/home/y/SA_CAO/install/motion_msgs:/home/y/SA_CAO/install/ception_msgs:/home/y/SA_CAO/install/diablo_simpose_trans:/home/y/SA_CAO/install/diablo_ctrl:/home/y/SA_CAO/install/diablo_rviz2_control_plugin:/home/y/SA_CAO/install/my_xbox_joystick:/home/y/SA_CAO/install/diablo_teleop:/home/y/SA_CAO/install/diablo_simulation:/opt/ros/foxy:/home/y/oradar_ros/install/oradar_lidar LD_LIBRARY_PATH=/home/y/SA_CAO/install/diablo_body/lib:/home/y/SA_CAO/install/diablo_utils/lib:/home/y/SA_CAO/install/motion_msgs/lib:/home/y/SA_CAO/install/ception_msgs/lib:/home/y/SA_CAO/install/diablo_rviz2_control_plugin/lib:/usr/lib/x86_64-linux-gnu/gazebo-11/plugins:/opt/ros/foxy/opt/yaml_cpp_vendor/lib:/opt/ros/foxy/opt/rviz_ogre_vendor/lib:/opt/ros/foxy/lib/x86_64-linux-gnu:/opt/ros/foxy/lib PYTHONPATH=/home/y/SA_CAO/install/motion_msgs/lib/python3.8/site-packages:/home/y/SA_CAO/install/ception_msgs/lib/python3.8/site-packages:/home/y/SA_CAO/install/my_xbox_joystick/lib/python3.8/site-packages:/home/y/SA_CAO/install/diablo_teleop/lib/python3.8/site-packages:/home/y/SA_CAO/install/diablo_simulation/lib/python3.8/site-packages:/opt/ros/foxy/lib/python3.8/site-packages /usr/bin/cmake --build /home/y/SA_CAO/build/diablo_ctrl -- -j2 -l2
