[0.023s] Invoking command in '/home/y/SA_CAO/build/ception_msgs': CMAKE_PREFIX_PATH=/home/y/SA_CAO/install/diablo_simpose_trans:/home/y/SA_CAO/install/diablo_ctrl:/home/y/SA_CAO/install/diablo_body:/home/y/SA_CAO/install/diablo_utils:/home/y/SA_CAO/install/diablo_rviz2_control_plugin:/home/y/SA_CAO/install/motion_msgs:/home/y/SA_CAO/install/ception_msgs:/home/y/SA_CAO/install/my_xbox_joystick:/home/y/SA_CAO/install/diablo_teleop:/home/y/SA_CAO/install/diablo_simulation:/opt/ros/foxy:/home/y/oradar_ros/install/oradar_lidar /usr/bin/cmake --build /home/y/SA_CAO/build/ception_msgs -- -j2 -l2
[0.172s] [  3%] Built target ception_msgs__cpp
[0.213s] [ 12%] Built target ception_msgs__rosidl_generator_c
[0.225s] [ 22%] Built target ception_msgs__rosidl_typesupport_cpp
[0.255s] [ 32%] Built target ception_msgs__rosidl_typesupport_introspection_cpp
[0.283s] [ 41%] Built target ception_msgs__rosidl_typesupport_introspection_c
[0.298s] [ 51%] Built target ception_msgs__rosidl_typesupport_c
[0.327s] [ 61%] Built target ception_msgs__rosidl_typesupport_fastrtps_cpp
[0.362s] [ 70%] Built target ception_msgs__rosidl_typesupport_fastrtps_c
[0.383s] [ 70%] Built target ception_msgs
[0.408s] [ 74%] Built target ception_msgs__py
[0.443s] [ 80%] Built target ception_msgs__python
[0.474s] [ 87%] Built target ception_msgs__rosidl_typesupport_fastrtps_c__pyext
[0.491s] [ 93%] Built target ception_msgs__rosidl_typesupport_introspection_c__pyext
[0.521s] [100%] Built target ception_msgs__rosidl_typesupport_c__pyext
[0.531s] Invoked command in '/home/y/SA_CAO/build/ception_msgs' returned '0': CMAKE_PREFIX_PATH=/home/y/SA_CAO/install/diablo_simpose_trans:/home/y/SA_CAO/install/diablo_ctrl:/home/y/SA_CAO/install/diablo_body:/home/y/SA_CAO/install/diablo_utils:/home/y/SA_CAO/install/diablo_rviz2_control_plugin:/home/y/SA_CAO/install/motion_msgs:/home/y/SA_CAO/install/ception_msgs:/home/y/SA_CAO/install/my_xbox_joystick:/home/y/SA_CAO/install/diablo_teleop:/home/y/SA_CAO/install/diablo_simulation:/opt/ros/foxy:/home/y/oradar_ros/install/oradar_lidar /usr/bin/cmake --build /home/y/SA_CAO/build/ception_msgs -- -j2 -l2
[0.545s] Invoking command in '/home/y/SA_CAO/build/ception_msgs': CMAKE_PREFIX_PATH=/home/y/SA_CAO/install/diablo_simpose_trans:/home/y/SA_CAO/install/diablo_ctrl:/home/y/SA_CAO/install/diablo_body:/home/y/SA_CAO/install/diablo_utils:/home/y/SA_CAO/install/diablo_rviz2_control_plugin:/home/y/SA_CAO/install/motion_msgs:/home/y/SA_CAO/install/ception_msgs:/home/y/SA_CAO/install/my_xbox_joystick:/home/y/SA_CAO/install/diablo_teleop:/home/y/SA_CAO/install/diablo_simulation:/opt/ros/foxy:/home/y/oradar_ros/install/oradar_lidar /usr/bin/cmake --install /home/y/SA_CAO/build/ception_msgs
[0.555s] -- Install configuration: ""
[0.556s] -- Up-to-date: /home/y/SA_CAO/install/ception_msgs/share/ament_index/resource_index/rosidl_interfaces/ception_msgs
[0.557s] -- Up-to-date: /home/y/SA_CAO/install/ception_msgs/include/ception_msgs
[0.557s] -- Up-to-date: /home/y/SA_CAO/install/ception_msgs/include/ception_msgs/msg
[0.557s] -- Up-to-date: /home/y/SA_CAO/install/ception_msgs/include/ception_msgs/msg/imu_euler.h
[0.558s] -- Up-to-date: /home/y/SA_CAO/install/ception_msgs/include/ception_msgs/msg/rosidl_generator_c__visibility_control.h
[0.558s] -- Up-to-date: /home/y/SA_CAO/install/ception_msgs/include/ception_msgs/msg/detail
[0.558s] -- Up-to-date: /home/y/SA_CAO/install/ception_msgs/include/ception_msgs/msg/detail/imu_euler__functions.h
[0.558s] -- Up-to-date: /home/y/SA_CAO/install/ception_msgs/include/ception_msgs/msg/detail/imu_euler__functions.c
[0.559s] -- Up-to-date: /home/y/SA_CAO/install/ception_msgs/include/ception_msgs/msg/detail/imu_euler__struct.h
[0.559s] -- Up-to-date: /home/y/SA_CAO/install/ception_msgs/include/ception_msgs/msg/detail/imu_euler__type_support.h
[0.559s] -- Up-to-date: /home/y/SA_CAO/install/ception_msgs/share/ception_msgs/environment/library_path.sh
[0.559s] -- Up-to-date: /home/y/SA_CAO/install/ception_msgs/share/ception_msgs/environment/library_path.dsv
[0.562s] -- Up-to-date: /home/y/SA_CAO/install/ception_msgs/lib/libception_msgs__rosidl_generator_c.so
[0.562s] -- Up-to-date: /home/y/SA_CAO/install/ception_msgs/include/ception_msgs
[0.563s] -- Up-to-date: /home/y/SA_CAO/install/ception_msgs/include/ception_msgs/msg
[0.563s] -- Up-to-date: /home/y/SA_CAO/install/ception_msgs/include/ception_msgs/msg/detail
[0.564s] -- Up-to-date: /home/y/SA_CAO/install/ception_msgs/include/ception_msgs/msg/detail/imu_euler__rosidl_typesupport_fastrtps_c.h
[0.564s] -- Up-to-date: /home/y/SA_CAO/install/ception_msgs/include/ception_msgs/msg/rosidl_typesupport_fastrtps_c__visibility_control.h
[0.568s] -- Up-to-date: /home/y/SA_CAO/install/ception_msgs/lib/libception_msgs__rosidl_typesupport_fastrtps_c.so
[0.568s] -- Up-to-date: /home/y/SA_CAO/install/ception_msgs/include/ception_msgs
[0.568s] -- Up-to-date: /home/y/SA_CAO/install/ception_msgs/include/ception_msgs/msg
[0.568s] -- Up-to-date: /home/y/SA_CAO/install/ception_msgs/include/ception_msgs/msg/rosidl_typesupport_fastrtps_cpp__visibility_control.h
[0.568s] -- Up-to-date: /home/y/SA_CAO/install/ception_msgs/include/ception_msgs/msg/detail
[0.569s] -- Up-to-date: /home/y/SA_CAO/install/ception_msgs/include/ception_msgs/msg/detail/dds_fastrtps
[0.569s] -- Up-to-date: /home/y/SA_CAO/install/ception_msgs/include/ception_msgs/msg/detail/imu_euler__rosidl_typesupport_fastrtps_cpp.hpp
[0.569s] -- Up-to-date: /home/y/SA_CAO/install/ception_msgs/lib/libception_msgs__rosidl_typesupport_fastrtps_cpp.so
[0.569s] -- Up-to-date: /home/y/SA_CAO/install/ception_msgs/include/ception_msgs
[0.569s] -- Up-to-date: /home/y/SA_CAO/install/ception_msgs/include/ception_msgs/msg
[0.569s] -- Up-to-date: /home/y/SA_CAO/install/ception_msgs/include/ception_msgs/msg/rosidl_typesupport_introspection_c__visibility_control.h
[0.569s] -- Up-to-date: /home/y/SA_CAO/install/ception_msgs/include/ception_msgs/msg/detail
[0.569s] -- Up-to-date: /home/y/SA_CAO/install/ception_msgs/include/ception_msgs/msg/detail/imu_euler__type_support.c
[0.569s] -- Up-to-date: /home/y/SA_CAO/install/ception_msgs/include/ception_msgs/msg/detail/imu_euler__rosidl_typesupport_introspection_c.h
[0.570s] -- Up-to-date: /home/y/SA_CAO/install/ception_msgs/lib/libception_msgs__rosidl_typesupport_introspection_c.so
[0.571s] -- Up-to-date: /home/y/SA_CAO/install/ception_msgs/lib/libception_msgs__rosidl_typesupport_c.so
[0.572s] -- Up-to-date: /home/y/SA_CAO/install/ception_msgs/include/ception_msgs
[0.572s] -- Up-to-date: /home/y/SA_CAO/install/ception_msgs/include/ception_msgs/msg
[0.572s] -- Up-to-date: /home/y/SA_CAO/install/ception_msgs/include/ception_msgs/msg/rosidl_generator_cpp__visibility_control.hpp
[0.573s] -- Up-to-date: /home/y/SA_CAO/install/ception_msgs/include/ception_msgs/msg/imu_euler.hpp
[0.573s] -- Up-to-date: /home/y/SA_CAO/install/ception_msgs/include/ception_msgs/msg/detail
[0.573s] -- Up-to-date: /home/y/SA_CAO/install/ception_msgs/include/ception_msgs/msg/detail/imu_euler__builder.hpp
[0.574s] -- Up-to-date: /home/y/SA_CAO/install/ception_msgs/include/ception_msgs/msg/detail/imu_euler__traits.hpp
[0.574s] -- Up-to-date: /home/y/SA_CAO/install/ception_msgs/include/ception_msgs/msg/detail/imu_euler__type_support.hpp
[0.574s] -- Up-to-date: /home/y/SA_CAO/install/ception_msgs/include/ception_msgs/msg/detail/imu_euler__struct.hpp
[0.574s] -- Up-to-date: /home/y/SA_CAO/install/ception_msgs/include/ception_msgs
[0.574s] -- Up-to-date: /home/y/SA_CAO/install/ception_msgs/include/ception_msgs/msg
[0.574s] -- Up-to-date: /home/y/SA_CAO/install/ception_msgs/include/ception_msgs/msg/detail
[0.574s] -- Up-to-date: /home/y/SA_CAO/install/ception_msgs/include/ception_msgs/msg/detail/imu_euler__type_support.cpp
[0.574s] -- Up-to-date: /home/y/SA_CAO/install/ception_msgs/include/ception_msgs/msg/detail/imu_euler__rosidl_typesupport_introspection_cpp.hpp
[0.576s] -- Up-to-date: /home/y/SA_CAO/install/ception_msgs/lib/libception_msgs__rosidl_typesupport_introspection_cpp.so
[0.576s] -- Up-to-date: /home/y/SA_CAO/install/ception_msgs/lib/libception_msgs__rosidl_typesupport_cpp.so
[0.576s] -- Up-to-date: /home/y/SA_CAO/install/ception_msgs/share/ception_msgs/environment/pythonpath.sh
[0.576s] -- Up-to-date: /home/y/SA_CAO/install/ception_msgs/share/ception_msgs/environment/pythonpath.dsv
[0.577s] -- Up-to-date: /home/y/SA_CAO/install/ception_msgs/lib/python3.8/site-packages/ception_msgs/__init__.py
[0.609s] -- Up-to-date: /home/y/SA_CAO/install/ception_msgs/lib/python3.8/site-packages/ception_msgs/msg
[0.610s] -- Up-to-date: /home/y/SA_CAO/install/ception_msgs/lib/python3.8/site-packages/ception_msgs/msg/_imu_euler_s.c
[0.610s] -- Up-to-date: /home/y/SA_CAO/install/ception_msgs/lib/python3.8/site-packages/ception_msgs/msg/__init__.py
[0.610s] -- Up-to-date: /home/y/SA_CAO/install/ception_msgs/lib/python3.8/site-packages/ception_msgs/msg/_imu_euler.py
[0.611s] -- Up-to-date: /home/y/SA_CAO/install/ception_msgs/lib/python3.8/site-packages/ception_msgs/ception_msgs_s__rosidl_typesupport_fastrtps_c.cpython-38-x86_64-linux-gnu.so
[0.612s] -- Up-to-date: /home/y/SA_CAO/install/ception_msgs/lib/python3.8/site-packages/ception_msgs/ception_msgs_s__rosidl_typesupport_introspection_c.cpython-38-x86_64-linux-gnu.so
[0.614s] -- Up-to-date: /home/y/SA_CAO/install/ception_msgs/lib/python3.8/site-packages/ception_msgs/ception_msgs_s__rosidl_typesupport_c.cpython-38-x86_64-linux-gnu.so
[0.615s] -- Up-to-date: /home/y/SA_CAO/install/ception_msgs/lib/libception_msgs__python.so
[0.616s] -- Up-to-date: /home/y/SA_CAO/install/ception_msgs/share/ception_msgs/msg/IMUEuler.idl
[0.617s] -- Up-to-date: /home/y/SA_CAO/install/ception_msgs/share/ception_msgs/msg/IMUEuler.msg
[0.617s] -- Up-to-date: /home/y/SA_CAO/install/ception_msgs/share/ament_index/resource_index/package_run_dependencies/ception_msgs
[0.617s] -- Up-to-date: /home/y/SA_CAO/install/ception_msgs/share/ament_index/resource_index/parent_prefix_path/ception_msgs
[0.617s] -- Up-to-date: /home/y/SA_CAO/install/ception_msgs/share/ception_msgs/environment/ament_prefix_path.sh
[0.618s] -- Up-to-date: /home/y/SA_CAO/install/ception_msgs/share/ception_msgs/environment/ament_prefix_path.dsv
[0.618s] -- Up-to-date: /home/y/SA_CAO/install/ception_msgs/share/ception_msgs/environment/path.sh
[0.618s] -- Up-to-date: /home/y/SA_CAO/install/ception_msgs/share/ception_msgs/environment/path.dsv
[0.619s] -- Up-to-date: /home/y/SA_CAO/install/ception_msgs/share/ception_msgs/local_setup.bash
[0.619s] -- Up-to-date: /home/y/SA_CAO/install/ception_msgs/share/ception_msgs/local_setup.sh
[0.619s] -- Up-to-date: /home/y/SA_CAO/install/ception_msgs/share/ception_msgs/local_setup.zsh
[0.619s] -- Up-to-date: /home/y/SA_CAO/install/ception_msgs/share/ception_msgs/local_setup.dsv
[0.620s] -- Installing: /home/y/SA_CAO/install/ception_msgs/share/ception_msgs/package.dsv
[0.620s] -- Up-to-date: /home/y/SA_CAO/install/ception_msgs/share/ament_index/resource_index/packages/ception_msgs
[0.623s] -- Up-to-date: /home/y/SA_CAO/install/ception_msgs/share/ception_msgs/cmake/ception_msgs__rosidl_generator_cExport.cmake
[0.623s] -- Up-to-date: /home/y/SA_CAO/install/ception_msgs/share/ception_msgs/cmake/ception_msgs__rosidl_generator_cExport-noconfig.cmake
[0.624s] -- Up-to-date: /home/y/SA_CAO/install/ception_msgs/share/ception_msgs/cmake/ception_msgs__rosidl_typesupport_introspection_cExport.cmake
[0.625s] -- Up-to-date: /home/y/SA_CAO/install/ception_msgs/share/ception_msgs/cmake/ception_msgs__rosidl_typesupport_introspection_cExport-noconfig.cmake
[0.626s] -- Up-to-date: /home/y/SA_CAO/install/ception_msgs/share/ception_msgs/cmake/ception_msgs__rosidl_typesupport_cExport.cmake
[0.626s] -- Up-to-date: /home/y/SA_CAO/install/ception_msgs/share/ception_msgs/cmake/ception_msgs__rosidl_typesupport_cExport-noconfig.cmake
[0.627s] -- Up-to-date: /home/y/SA_CAO/install/ception_msgs/share/ception_msgs/cmake/ception_msgs__rosidl_generator_cppExport.cmake
[0.628s] -- Up-to-date: /home/y/SA_CAO/install/ception_msgs/share/ception_msgs/cmake/ception_msgs__rosidl_typesupport_introspection_cppExport.cmake
[0.628s] -- Up-to-date: /home/y/SA_CAO/install/ception_msgs/share/ception_msgs/cmake/ception_msgs__rosidl_typesupport_introspection_cppExport-noconfig.cmake
[0.629s] -- Up-to-date: /home/y/SA_CAO/install/ception_msgs/share/ception_msgs/cmake/ception_msgs__rosidl_typesupport_cppExport.cmake
[0.630s] -- Up-to-date: /home/y/SA_CAO/install/ception_msgs/share/ception_msgs/cmake/ception_msgs__rosidl_typesupport_cppExport-noconfig.cmake
[0.630s] -- Up-to-date: /home/y/SA_CAO/install/ception_msgs/share/ception_msgs/cmake/rosidl_cmake-extras.cmake
[0.630s] -- Up-to-date: /home/y/SA_CAO/install/ception_msgs/share/ception_msgs/cmake/ament_cmake_export_dependencies-extras.cmake
[0.631s] -- Up-to-date: /home/y/SA_CAO/install/ception_msgs/share/ception_msgs/cmake/ament_cmake_export_libraries-extras.cmake
[0.631s] -- Up-to-date: /home/y/SA_CAO/install/ception_msgs/share/ception_msgs/cmake/ament_cmake_export_targets-extras.cmake
[0.631s] -- Up-to-date: /home/y/SA_CAO/install/ception_msgs/share/ception_msgs/cmake/ament_cmake_export_include_directories-extras.cmake
[0.632s] -- Up-to-date: /home/y/SA_CAO/install/ception_msgs/share/ception_msgs/cmake/rosidl_cmake_export_typesupport_libraries-extras.cmake
[0.632s] -- Up-to-date: /home/y/SA_CAO/install/ception_msgs/share/ception_msgs/cmake/rosidl_cmake_export_typesupport_targets-extras.cmake
[0.632s] -- Up-to-date: /home/y/SA_CAO/install/ception_msgs/share/ception_msgs/cmake/ception_msgsConfig.cmake
[0.632s] -- Up-to-date: /home/y/SA_CAO/install/ception_msgs/share/ception_msgs/cmake/ception_msgsConfig-version.cmake
[0.632s] -- Up-to-date: /home/y/SA_CAO/install/ception_msgs/share/ception_msgs/package.xml
[0.635s] Invoked command in '/home/y/SA_CAO/build/ception_msgs' returned '0': CMAKE_PREFIX_PATH=/home/y/SA_CAO/install/diablo_simpose_trans:/home/y/SA_CAO/install/diablo_ctrl:/home/y/SA_CAO/install/diablo_body:/home/y/SA_CAO/install/diablo_utils:/home/y/SA_CAO/install/diablo_rviz2_control_plugin:/home/y/SA_CAO/install/motion_msgs:/home/y/SA_CAO/install/ception_msgs:/home/y/SA_CAO/install/my_xbox_joystick:/home/y/SA_CAO/install/diablo_teleop:/home/y/SA_CAO/install/diablo_simulation:/opt/ros/foxy:/home/y/oradar_ros/install/oradar_lidar /usr/bin/cmake --install /home/y/SA_CAO/build/ception_msgs
