[0.276s] Invoking command in '/home/y/SA_CAO_Simu/SA_CAO/src/turtlebot3/turtlebot3/turtlebot3_example': CMAKE_PREFIX_PATH=/home/y/SA_CAO_Simu/SA_CAO/install/turtlebot3_msgs:/home/y/SA_CAO_Simu/SA_CAO/install/turtlebot3:/home/y/SA_CAO_Simu/SA_CAO/install/turtlebot3_simulations:/home/y/SA_CAO_Simu/SA_CAO/install/turtlebot3_bringup:/home/y/SA_CAO_Simu/SA_CAO/install/turtlebot3_node:/home/y/SA_CAO_Simu/SA_CAO/install/turtlebot3_navigation2:/home/y/SA_CAO_Simu/SA_CAO/install/turtlebot3_fake_node:/home/y/SA_CAO_Simu/SA_CAO/install/turtlebot3_gazebo:/home/y/SA_CAO_Simu/SA_CAO/install/turtlebot3_description:/home/y/SA_CAO_Simu/SA_CAO/install/turtlebot3_cartographer:/home/y/SA_CAO_Simu/SA_CAO/install/sub_dwav15:/home/y/SA_CAO_Simu/SA_CAO/install/motion_msgs:/home/y/SA_CAO_Simu/SA_CAO/install/hls_lfcd_lds_driver:/home/y/SA_CAO_Simu/SA_CAO/install/dynamixel_sdk_examples:/home/y/SA_CAO_Simu/SA_CAO/install/dynamixel_sdk_custom_interfaces:/home/y/SA_CAO_Simu/SA_CAO/install/dynamixel_sdk PYTHONPATH=/home/y/SA_CAO_Simu/SA_CAO/build/turtlebot3_example/prefix_override:/usr/lib/python3/dist-packages/colcon_core/task/python/colcon_distutils_commands:/home/y/SA_CAO_Simu/SA_CAO/install/turtlebot3_example/lib/python3.8/site-packages:/home/y/SA_CAO_Simu/SA_CAO/install/turtlebot3_msgs/lib/python3.8/site-packages:/home/y/SA_CAO_Simu/SA_CAO/install/turtlebot3_teleop/lib/python3.8/site-packages:/home/y/SA_CAO_Simu/SA_CAO/install/turtlebot3_example/lib/python3.8/site-packages:/home/y/SA_CAO_Simu/SA_CAO/install/pure_pursuit/lib/python3.8/site-packages:/home/y/SA_CAO_Simu/SA_CAO/install/my_balance_pkg/lib/python3.8/site-packages:/home/y/SA_CAO_Simu/SA_CAO/install/motion_msgs/lib/python3.8/site-packages:/home/y/SA_CAO_Simu/SA_CAO/install/launch_diablo/lib/python3.8/site-packages:/home/y/SA_CAO_Simu/SA_CAO/install/dynamixel_sdk_custom_interfaces/lib/python3.8/site-packages:/opt/ros/foxy/lib/python3.8/site-packages /usr/bin/python3 -W ignore:setup.py install is deprecated -W ignore:easy_install command is deprecated setup.py egg_info --egg-base ../../../../build/turtlebot3_example build --build-base /home/y/SA_CAO_Simu/SA_CAO/build/turtlebot3_example/build install --record /home/y/SA_CAO_Simu/SA_CAO/build/turtlebot3_example/install.log --single-version-externally-managed install_data
[0.376s] running egg_info
[0.376s] writing ../../../../build/turtlebot3_example/turtlebot3_example.egg-info/PKG-INFO
[0.376s] writing dependency_links to ../../../../build/turtlebot3_example/turtlebot3_example.egg-info/dependency_links.txt
[0.376s] writing entry points to ../../../../build/turtlebot3_example/turtlebot3_example.egg-info/entry_points.txt
[0.377s] writing requirements to ../../../../build/turtlebot3_example/turtlebot3_example.egg-info/requires.txt
[0.377s] writing top-level names to ../../../../build/turtlebot3_example/turtlebot3_example.egg-info/top_level.txt
[0.391s] reading manifest file '../../../../build/turtlebot3_example/turtlebot3_example.egg-info/SOURCES.txt'
[0.392s] writing manifest file '../../../../build/turtlebot3_example/turtlebot3_example.egg-info/SOURCES.txt'
[0.392s] running build
[0.392s] running build_py
[0.393s] running install
[0.393s] running install_lib
[0.394s] running install_data
[0.394s] running install_egg_info
[0.396s] removing '/home/y/SA_CAO_Simu/SA_CAO/install/turtlebot3_example/lib/python3.8/site-packages/turtlebot3_example-2.1.4-py3.8.egg-info' (and everything under it)
[0.396s] Copying ../../../../build/turtlebot3_example/turtlebot3_example.egg-info to /home/y/SA_CAO_Simu/SA_CAO/install/turtlebot3_example/lib/python3.8/site-packages/turtlebot3_example-2.1.4-py3.8.egg-info
[0.396s] running install_scripts
[0.403s] Installing turtlebot3_obstacle_detection script to /home/y/SA_CAO_Simu/SA_CAO/install/turtlebot3_example/lib/turtlebot3_example
[0.404s] Installing turtlebot3_patrol_client script to /home/y/SA_CAO_Simu/SA_CAO/install/turtlebot3_example/lib/turtlebot3_example
[0.404s] Installing turtlebot3_patrol_server script to /home/y/SA_CAO_Simu/SA_CAO/install/turtlebot3_example/lib/turtlebot3_example
[0.404s] Installing turtlebot3_position_control script to /home/y/SA_CAO_Simu/SA_CAO/install/turtlebot3_example/lib/turtlebot3_example
[0.404s] writing list of installed files to '/home/y/SA_CAO_Simu/SA_CAO/build/turtlebot3_example/install.log'
[0.416s] Invoked command in '/home/y/SA_CAO_Simu/SA_CAO/src/turtlebot3/turtlebot3/turtlebot3_example' returned '0': CMAKE_PREFIX_PATH=/home/y/SA_CAO_Simu/SA_CAO/install/turtlebot3_msgs:/home/y/SA_CAO_Simu/SA_CAO/install/turtlebot3:/home/y/SA_CAO_Simu/SA_CAO/install/turtlebot3_simulations:/home/y/SA_CAO_Simu/SA_CAO/install/turtlebot3_bringup:/home/y/SA_CAO_Simu/SA_CAO/install/turtlebot3_node:/home/y/SA_CAO_Simu/SA_CAO/install/turtlebot3_navigation2:/home/y/SA_CAO_Simu/SA_CAO/install/turtlebot3_fake_node:/home/y/SA_CAO_Simu/SA_CAO/install/turtlebot3_gazebo:/home/y/SA_CAO_Simu/SA_CAO/install/turtlebot3_description:/home/y/SA_CAO_Simu/SA_CAO/install/turtlebot3_cartographer:/home/y/SA_CAO_Simu/SA_CAO/install/sub_dwav15:/home/y/SA_CAO_Simu/SA_CAO/install/motion_msgs:/home/y/SA_CAO_Simu/SA_CAO/install/hls_lfcd_lds_driver:/home/y/SA_CAO_Simu/SA_CAO/install/dynamixel_sdk_examples:/home/y/SA_CAO_Simu/SA_CAO/install/dynamixel_sdk_custom_interfaces:/home/y/SA_CAO_Simu/SA_CAO/install/dynamixel_sdk PYTHONPATH=/home/y/SA_CAO_Simu/SA_CAO/build/turtlebot3_example/prefix_override:/usr/lib/python3/dist-packages/colcon_core/task/python/colcon_distutils_commands:/home/y/SA_CAO_Simu/SA_CAO/install/turtlebot3_example/lib/python3.8/site-packages:/home/y/SA_CAO_Simu/SA_CAO/install/turtlebot3_msgs/lib/python3.8/site-packages:/home/y/SA_CAO_Simu/SA_CAO/install/turtlebot3_teleop/lib/python3.8/site-packages:/home/y/SA_CAO_Simu/SA_CAO/install/turtlebot3_example/lib/python3.8/site-packages:/home/y/SA_CAO_Simu/SA_CAO/install/pure_pursuit/lib/python3.8/site-packages:/home/y/SA_CAO_Simu/SA_CAO/install/my_balance_pkg/lib/python3.8/site-packages:/home/y/SA_CAO_Simu/SA_CAO/install/motion_msgs/lib/python3.8/site-packages:/home/y/SA_CAO_Simu/SA_CAO/install/launch_diablo/lib/python3.8/site-packages:/home/y/SA_CAO_Simu/SA_CAO/install/dynamixel_sdk_custom_interfaces/lib/python3.8/site-packages:/opt/ros/foxy/lib/python3.8/site-packages /usr/bin/python3 -W ignore:setup.py install is deprecated -W ignore:easy_install command is deprecated setup.py egg_info --egg-base ../../../../build/turtlebot3_example build --build-base /home/y/SA_CAO_Simu/SA_CAO/build/turtlebot3_example/build install --record /home/y/SA_CAO_Simu/SA_CAO/build/turtlebot3_example/install.log --single-version-externally-managed install_data
