[0.018s] Invoking command in '/home/y/SA_CAO_test_ws/build/turtlebot3_description': CMAKE_PREFIX_PATH=/home/y/SA_CAO_test_ws/install/turtlebot3:/home/y/SA_CAO_test_ws/install/turtlebot3_simulations:/home/y/SA_CAO_test_ws/install/turtlebot3_bringup:/home/y/SA_CAO_test_ws/install/turtlebot3_node:/home/y/SA_CAO_test_ws/install/turtlebot3_navigation2:/home/y/SA_CAO_test_ws/install/turtlebot3_fake_node:/home/y/SA_CAO_test_ws/install/turtlebot3_msgs:/home/y/SA_CAO_test_ws/install/turtlebot3_gazebo:/home/y/SA_CAO_test_ws/install/turtlebot3_description:/home/y/SA_CAO_test_ws/install/turtlebot3_cartographer:/home/y/SA_CAO_test_ws/install/sub_diablo2023a:/home/y/SA_CAO_test_ws/install/motion_msgs:/home/y/SA_CAO_test_ws/install/hls_lfcd_lds_driver:/home/y/SA_CAO_test_ws/install/dynamixel_sdk_examples:/home/y/SA_CAO_test_ws/install/dynamixel_sdk_custom_interfaces:/home/y/SA_CAO_test_ws/install/dynamixel_sdk:/home/y/SA_CAO_test_ws/install/turtlebot3_teleop:/home/y/SA_CAO_test_ws/install/turtlebot3_example:/home/y/SA_CAO_test_ws/install/my_joystick:/home/y/SA_CAO_test_ws/install/launch_diablo:/opt/ros/foxy:/home/y/oradar_ros/install/oradar_lidar /usr/bin/cmake /home/y/SA_CAO_test_ws/src/turtlebot3/turtlebot3/turtlebot3_description -DCMAKE_INSTALL_PREFIX=/home/y/SA_CAO_test_ws/install/turtlebot3_description
[0.092s] -- The C compiler identification is GNU 9.4.0
[0.239s] -- The CXX compiler identification is GNU 9.4.0
[0.246s] -- Check for working C compiler: /usr/bin/cc
[0.481s] -- Check for working C compiler: /usr/bin/cc -- works
[0.482s] -- Detecting C compiler ABI info
[0.692s] -- Detecting C compiler ABI info - done
[0.712s] -- Detecting C compile features
[0.712s] -- Detecting C compile features - done
[0.717s] -- Check for working CXX compiler: /usr/bin/c++
[0.934s] -- Check for working CXX compiler: /usr/bin/c++ -- works
[0.935s] -- Detecting CXX compiler ABI info
[1.084s] -- Detecting CXX compiler ABI info - done
[1.098s] -- Detecting CXX compile features
[1.099s] -- Detecting CXX compile features - done
[1.101s] -- Found ament_cmake: 0.9.12 (/opt/ros/foxy/share/ament_cmake/cmake)
[1.138s] -- Found PythonInterp: /usr/bin/python3 (found suitable version "3.8.10", minimum required is "3") 
[1.138s] -- Using PYTHON_EXECUTABLE: /usr/bin/python3
[1.327s] -- Found urdf: 2.4.0 (/opt/ros/foxy/share/urdf/cmake)
[1.428s] -- Configuring done
[1.430s] -- Generating done
[1.431s] -- Build files have been written to: /home/y/SA_CAO_test_ws/build/turtlebot3_description
[1.437s] Invoked command in '/home/y/SA_CAO_test_ws/build/turtlebot3_description' returned '0': CMAKE_PREFIX_PATH=/home/y/SA_CAO_test_ws/install/turtlebot3:/home/y/SA_CAO_test_ws/install/turtlebot3_simulations:/home/y/SA_CAO_test_ws/install/turtlebot3_bringup:/home/y/SA_CAO_test_ws/install/turtlebot3_node:/home/y/SA_CAO_test_ws/install/turtlebot3_navigation2:/home/y/SA_CAO_test_ws/install/turtlebot3_fake_node:/home/y/SA_CAO_test_ws/install/turtlebot3_msgs:/home/y/SA_CAO_test_ws/install/turtlebot3_gazebo:/home/y/SA_CAO_test_ws/install/turtlebot3_description:/home/y/SA_CAO_test_ws/install/turtlebot3_cartographer:/home/y/SA_CAO_test_ws/install/sub_diablo2023a:/home/y/SA_CAO_test_ws/install/motion_msgs:/home/y/SA_CAO_test_ws/install/hls_lfcd_lds_driver:/home/y/SA_CAO_test_ws/install/dynamixel_sdk_examples:/home/y/SA_CAO_test_ws/install/dynamixel_sdk_custom_interfaces:/home/y/SA_CAO_test_ws/install/dynamixel_sdk:/home/y/SA_CAO_test_ws/install/turtlebot3_teleop:/home/y/SA_CAO_test_ws/install/turtlebot3_example:/home/y/SA_CAO_test_ws/install/my_joystick:/home/y/SA_CAO_test_ws/install/launch_diablo:/opt/ros/foxy:/home/y/oradar_ros/install/oradar_lidar /usr/bin/cmake /home/y/SA_CAO_test_ws/src/turtlebot3/turtlebot3/turtlebot3_description -DCMAKE_INSTALL_PREFIX=/home/y/SA_CAO_test_ws/install/turtlebot3_description
[1.438s] Invoking command in '/home/y/SA_CAO_test_ws/build/turtlebot3_description': CMAKE_PREFIX_PATH=/home/y/SA_CAO_test_ws/install/turtlebot3:/home/y/SA_CAO_test_ws/install/turtlebot3_simulations:/home/y/SA_CAO_test_ws/install/turtlebot3_bringup:/home/y/SA_CAO_test_ws/install/turtlebot3_node:/home/y/SA_CAO_test_ws/install/turtlebot3_navigation2:/home/y/SA_CAO_test_ws/install/turtlebot3_fake_node:/home/y/SA_CAO_test_ws/install/turtlebot3_msgs:/home/y/SA_CAO_test_ws/install/turtlebot3_gazebo:/home/y/SA_CAO_test_ws/install/turtlebot3_description:/home/y/SA_CAO_test_ws/install/turtlebot3_cartographer:/home/y/SA_CAO_test_ws/install/sub_diablo2023a:/home/y/SA_CAO_test_ws/install/motion_msgs:/home/y/SA_CAO_test_ws/install/hls_lfcd_lds_driver:/home/y/SA_CAO_test_ws/install/dynamixel_sdk_examples:/home/y/SA_CAO_test_ws/install/dynamixel_sdk_custom_interfaces:/home/y/SA_CAO_test_ws/install/dynamixel_sdk:/home/y/SA_CAO_test_ws/install/turtlebot3_teleop:/home/y/SA_CAO_test_ws/install/turtlebot3_example:/home/y/SA_CAO_test_ws/install/my_joystick:/home/y/SA_CAO_test_ws/install/launch_diablo:/opt/ros/foxy:/home/y/oradar_ros/install/oradar_lidar /usr/bin/cmake --build /home/y/SA_CAO_test_ws/build/turtlebot3_description -- -j2 -l2
[1.505s] Invoked command in '/home/y/SA_CAO_test_ws/build/turtlebot3_description' returned '0': CMAKE_PREFIX_PATH=/home/y/SA_CAO_test_ws/install/turtlebot3:/home/y/SA_CAO_test_ws/install/turtlebot3_simulations:/home/y/SA_CAO_test_ws/install/turtlebot3_bringup:/home/y/SA_CAO_test_ws/install/turtlebot3_node:/home/y/SA_CAO_test_ws/install/turtlebot3_navigation2:/home/y/SA_CAO_test_ws/install/turtlebot3_fake_node:/home/y/SA_CAO_test_ws/install/turtlebot3_msgs:/home/y/SA_CAO_test_ws/install/turtlebot3_gazebo:/home/y/SA_CAO_test_ws/install/turtlebot3_description:/home/y/SA_CAO_test_ws/install/turtlebot3_cartographer:/home/y/SA_CAO_test_ws/install/sub_diablo2023a:/home/y/SA_CAO_test_ws/install/motion_msgs:/home/y/SA_CAO_test_ws/install/hls_lfcd_lds_driver:/home/y/SA_CAO_test_ws/install/dynamixel_sdk_examples:/home/y/SA_CAO_test_ws/install/dynamixel_sdk_custom_interfaces:/home/y/SA_CAO_test_ws/install/dynamixel_sdk:/home/y/SA_CAO_test_ws/install/turtlebot3_teleop:/home/y/SA_CAO_test_ws/install/turtlebot3_example:/home/y/SA_CAO_test_ws/install/my_joystick:/home/y/SA_CAO_test_ws/install/launch_diablo:/opt/ros/foxy:/home/y/oradar_ros/install/oradar_lidar /usr/bin/cmake --build /home/y/SA_CAO_test_ws/build/turtlebot3_description -- -j2 -l2
[1.506s] Invoking command in '/home/y/SA_CAO_test_ws/build/turtlebot3_description': CMAKE_PREFIX_PATH=/home/y/SA_CAO_test_ws/install/turtlebot3:/home/y/SA_CAO_test_ws/install/turtlebot3_simulations:/home/y/SA_CAO_test_ws/install/turtlebot3_bringup:/home/y/SA_CAO_test_ws/install/turtlebot3_node:/home/y/SA_CAO_test_ws/install/turtlebot3_navigation2:/home/y/SA_CAO_test_ws/install/turtlebot3_fake_node:/home/y/SA_CAO_test_ws/install/turtlebot3_msgs:/home/y/SA_CAO_test_ws/install/turtlebot3_gazebo:/home/y/SA_CAO_test_ws/install/turtlebot3_description:/home/y/SA_CAO_test_ws/install/turtlebot3_cartographer:/home/y/SA_CAO_test_ws/install/sub_diablo2023a:/home/y/SA_CAO_test_ws/install/motion_msgs:/home/y/SA_CAO_test_ws/install/hls_lfcd_lds_driver:/home/y/SA_CAO_test_ws/install/dynamixel_sdk_examples:/home/y/SA_CAO_test_ws/install/dynamixel_sdk_custom_interfaces:/home/y/SA_CAO_test_ws/install/dynamixel_sdk:/home/y/SA_CAO_test_ws/install/turtlebot3_teleop:/home/y/SA_CAO_test_ws/install/turtlebot3_example:/home/y/SA_CAO_test_ws/install/my_joystick:/home/y/SA_CAO_test_ws/install/launch_diablo:/opt/ros/foxy:/home/y/oradar_ros/install/oradar_lidar /usr/bin/cmake --install /home/y/SA_CAO_test_ws/build/turtlebot3_description
[1.517s] -- Install configuration: ""
[1.517s] -- Installing: /home/y/SA_CAO_test_ws/install/turtlebot3_description/share/turtlebot3_description/meshes
[1.519s] -- Installing: /home/y/SA_CAO_test_ws/install/turtlebot3_description/share/turtlebot3_description/meshes/wheels
[1.519s] -- Installing: /home/y/SA_CAO_test_ws/install/turtlebot3_description/share/turtlebot3_description/meshes/wheels/right_tire.stl
[1.527s] -- Installing: /home/y/SA_CAO_test_ws/install/turtlebot3_description/share/turtlebot3_description/meshes/wheels/left_tire.stl
[1.538s] -- Installing: /home/y/SA_CAO_test_ws/install/turtlebot3_description/share/turtlebot3_description/meshes/bases
[1.538s] -- Installing: /home/y/SA_CAO_test_ws/install/turtlebot3_description/share/turtlebot3_description/meshes/bases/waffle_pi_base.stl
[1.561s] -- Installing: /home/y/SA_CAO_test_ws/install/turtlebot3_description/share/turtlebot3_description/meshes/bases/burger_base.stl
[1.574s] -- Installing: /home/y/SA_CAO_test_ws/install/turtlebot3_description/share/turtlebot3_description/meshes/bases/waffle_base.stl
[1.621s] -- Installing: /home/y/SA_CAO_test_ws/install/turtlebot3_description/share/turtlebot3_description/meshes/sensors
[1.622s] -- Installing: /home/y/SA_CAO_test_ws/install/turtlebot3_description/share/turtlebot3_description/meshes/sensors/astra.dae
[1.649s] -- Installing: /home/y/SA_CAO_test_ws/install/turtlebot3_description/share/turtlebot3_description/meshes/sensors/r200.jpg
[1.650s] -- Installing: /home/y/SA_CAO_test_ws/install/turtlebot3_description/share/turtlebot3_description/meshes/sensors/r200.dae
[1.651s] -- Installing: /home/y/SA_CAO_test_ws/install/turtlebot3_description/share/turtlebot3_description/meshes/sensors/astra.jpg
[1.653s] -- Installing: /home/y/SA_CAO_test_ws/install/turtlebot3_description/share/turtlebot3_description/meshes/sensors/lds.stl
[1.657s] -- Installing: /home/y/SA_CAO_test_ws/install/turtlebot3_description/share/turtlebot3_description/rviz
[1.657s] -- Installing: /home/y/SA_CAO_test_ws/install/turtlebot3_description/share/turtlebot3_description/rviz/model.rviz
[1.658s] -- Installing: /home/y/SA_CAO_test_ws/install/turtlebot3_description/share/turtlebot3_description/urdf
[1.658s] -- Installing: /home/y/SA_CAO_test_ws/install/turtlebot3_description/share/turtlebot3_description/urdf/turtlebot3_waffle_pi.urdf
[1.665s] -- Installing: /home/y/SA_CAO_test_ws/install/turtlebot3_description/share/turtlebot3_description/urdf/turtlebot3_burger.urdf
[1.666s] -- Installing: /home/y/SA_CAO_test_ws/install/turtlebot3_description/share/turtlebot3_description/urdf/turtlebot3_waffle.urdf
[1.667s] -- Installing: /home/y/SA_CAO_test_ws/install/turtlebot3_description/share/turtlebot3_description/urdf/common_properties.urdf
[1.670s] -- Installing: /home/y/SA_CAO_test_ws/install/turtlebot3_description/share/ament_index/resource_index/package_run_dependencies/turtlebot3_description
[1.670s] -- Installing: /home/y/SA_CAO_test_ws/install/turtlebot3_description/share/ament_index/resource_index/parent_prefix_path/turtlebot3_description
[1.670s] -- Installing: /home/y/SA_CAO_test_ws/install/turtlebot3_description/share/turtlebot3_description/environment/ament_prefix_path.sh
[1.670s] -- Installing: /home/y/SA_CAO_test_ws/install/turtlebot3_description/share/turtlebot3_description/environment/ament_prefix_path.dsv
[1.670s] -- Installing: /home/y/SA_CAO_test_ws/install/turtlebot3_description/share/turtlebot3_description/environment/path.sh
[1.670s] -- Installing: /home/y/SA_CAO_test_ws/install/turtlebot3_description/share/turtlebot3_description/environment/path.dsv
[1.670s] -- Installing: /home/y/SA_CAO_test_ws/install/turtlebot3_description/share/turtlebot3_description/local_setup.bash
[1.670s] -- Installing: /home/y/SA_CAO_test_ws/install/turtlebot3_description/share/turtlebot3_description/local_setup.sh
[1.670s] -- Installing: /home/y/SA_CAO_test_ws/install/turtlebot3_description/share/turtlebot3_description/local_setup.zsh
[1.670s] -- Installing: /home/y/SA_CAO_test_ws/install/turtlebot3_description/share/turtlebot3_description/local_setup.dsv
[1.670s] -- Installing: /home/y/SA_CAO_test_ws/install/turtlebot3_description/share/turtlebot3_description/package.dsv
[1.671s] -- Installing: /home/y/SA_CAO_test_ws/install/turtlebot3_description/share/ament_index/resource_index/packages/turtlebot3_description
[1.671s] -- Installing: /home/y/SA_CAO_test_ws/install/turtlebot3_description/share/turtlebot3_description/cmake/turtlebot3_descriptionConfig.cmake
[1.671s] -- Installing: /home/y/SA_CAO_test_ws/install/turtlebot3_description/share/turtlebot3_description/cmake/turtlebot3_descriptionConfig-version.cmake
[1.671s] -- Installing: /home/y/SA_CAO_test_ws/install/turtlebot3_description/share/turtlebot3_description/package.xml
[1.682s] Invoked command in '/home/y/SA_CAO_test_ws/build/turtlebot3_description' returned '0': CMAKE_PREFIX_PATH=/home/y/SA_CAO_test_ws/install/turtlebot3:/home/y/SA_CAO_test_ws/install/turtlebot3_simulations:/home/y/SA_CAO_test_ws/install/turtlebot3_bringup:/home/y/SA_CAO_test_ws/install/turtlebot3_node:/home/y/SA_CAO_test_ws/install/turtlebot3_navigation2:/home/y/SA_CAO_test_ws/install/turtlebot3_fake_node:/home/y/SA_CAO_test_ws/install/turtlebot3_msgs:/home/y/SA_CAO_test_ws/install/turtlebot3_gazebo:/home/y/SA_CAO_test_ws/install/turtlebot3_description:/home/y/SA_CAO_test_ws/install/turtlebot3_cartographer:/home/y/SA_CAO_test_ws/install/sub_diablo2023a:/home/y/SA_CAO_test_ws/install/motion_msgs:/home/y/SA_CAO_test_ws/install/hls_lfcd_lds_driver:/home/y/SA_CAO_test_ws/install/dynamixel_sdk_examples:/home/y/SA_CAO_test_ws/install/dynamixel_sdk_custom_interfaces:/home/y/SA_CAO_test_ws/install/dynamixel_sdk:/home/y/SA_CAO_test_ws/install/turtlebot3_teleop:/home/y/SA_CAO_test_ws/install/turtlebot3_example:/home/y/SA_CAO_test_ws/install/my_joystick:/home/y/SA_CAO_test_ws/install/launch_diablo:/opt/ros/foxy:/home/y/oradar_ros/install/oradar_lidar /usr/bin/cmake --install /home/y/SA_CAO_test_ws/build/turtlebot3_description
