[0.022s] Invoking command in '/home/y/SA_CAO/build/ception_msgs': CMAKE_PREFIX_PATH=/opt/ros/foxy:${CMAKE_PREFIX_PATH} /usr/bin/cmake /home/y/SA_CAO/src/diablo_ros2/diablo_interfaces/ception_msgs -DCMAKE_INSTALL_PREFIX=/home/y/SA_CAO/install/ception_msgs
[0.310s] -- The C compiler identification is GNU 9.4.0
[0.510s] -- The CXX compiler identification is GNU 9.4.0
[0.523s] -- Check for working C compiler: /usr/bin/cc
[0.590s] -- Check for working C compiler: /usr/bin/cc -- works
[0.592s] -- Detecting C compiler ABI info
[0.651s] -- Detecting C compiler ABI info - done
[0.660s] -- Detecting C compile features
[0.661s] -- Detecting C compile features - done
[0.665s] -- Check for working CXX compiler: /usr/bin/c++
[0.732s] -- Check for working CXX compiler: /usr/bin/c++ -- works
[0.733s] -- Detecting CXX compiler ABI info
[0.807s] -- Detecting CXX compiler ABI info - done
[0.815s] -- Detecting CXX compile features
[0.815s] -- Detecting CXX compile features - done
[0.827s] -- Found ament_cmake: 0.9.12 (/opt/ros/foxy/share/ament_cmake/cmake)
[0.856s] -- Found PythonInterp: /usr/bin/python3 (found suitable version "3.8.10", minimum required is "3") 
[0.856s] -- Using PYTHON_EXECUTABLE: /usr/bin/python3
[1.045s] -- Found rosidl_default_generators: 1.0.1 (/opt/ros/foxy/share/rosidl_default_generators/cmake)
[1.052s] -- Using all available rosidl_typesupport_c: rosidl_typesupport_fastrtps_c;rosidl_typesupport_introspection_c
[1.065s] -- Found rosidl_adapter: 1.3.1 (/opt/ros/foxy/share/rosidl_adapter/cmake)
[1.194s] -- Found OpenSSL: /usr/lib/x86_64-linux-gnu/libcrypto.so (found version "1.1.1f")  
[1.219s] -- Found FastRTPS: /opt/ros/foxy/include  
[1.314s] -- Using all available rosidl_typesupport_cpp: rosidl_typesupport_fastrtps_cpp;rosidl_typesupport_introspection_cpp
[1.352s] -- Found std_msgs: 2.0.5 (/opt/ros/foxy/share/std_msgs/cmake)
[1.417s] -- Found PythonInterp: /usr/bin/python3 (found version "3.8.10") 
[1.548s] -- Found ament_cmake_ros: 0.9.2 (/opt/ros/foxy/share/ament_cmake_ros/cmake)
[1.724s] -- Using all available rosidl_typesupport_c: rosidl_typesupport_fastrtps_c;rosidl_typesupport_introspection_c
[1.783s] -- Using all available rosidl_typesupport_cpp: rosidl_typesupport_fastrtps_cpp;rosidl_typesupport_introspection_cpp
[1.804s] -- Found PythonInterp: /usr/bin/python3 (found suitable version "3.8.10", minimum required is "3.5") 
[1.805s] -- Found python_cmake_module: 0.8.1 (/opt/ros/foxy/share/python_cmake_module/cmake)
[1.830s] -- Found PythonLibs: /usr/lib/x86_64-linux-gnu/libpython3.8.so (found suitable version "3.8.10", minimum required is "3.5") 
[1.831s] -- Using PYTHON_EXECUTABLE: /usr/bin/python3
[1.831s] -- Using PYTHON_INCLUDE_DIRS: /usr/include/python3.8
[1.831s] -- Using PYTHON_LIBRARIES: /usr/lib/x86_64-linux-gnu/libpython3.8.so
[1.852s] -- Found PythonExtra: .so  
[1.916s] -- Configuring done
[1.966s] -- Generating done
[1.981s] -- Build files have been written to: /home/y/SA_CAO/build/ception_msgs
[1.988s] Invoked command in '/home/y/SA_CAO/build/ception_msgs' returned '0': CMAKE_PREFIX_PATH=/opt/ros/foxy:${CMAKE_PREFIX_PATH} /usr/bin/cmake /home/y/SA_CAO/src/diablo_ros2/diablo_interfaces/ception_msgs -DCMAKE_INSTALL_PREFIX=/home/y/SA_CAO/install/ception_msgs
[1.989s] Invoking command in '/home/y/SA_CAO/build/ception_msgs': CMAKE_PREFIX_PATH=/opt/ros/foxy:${CMAKE_PREFIX_PATH} /usr/bin/cmake --build /home/y/SA_CAO/build/ception_msgs -- -j2 -l2
[2.036s] [35m[1mScanning dependencies of target ception_msgs__cpp[0m
[2.037s] [  3%] [34m[1mGenerating C code for ROS interfaces[0m
[2.058s] [  6%] [34m[1mGenerating C++ code for ROS interfaces[0m
[2.474s] [35m[1mScanning dependencies of target ception_msgs__rosidl_generator_c[0m
[2.491s] [  6%] Built target ception_msgs__cpp
[2.528s] [  9%] [32mBuilding C object CMakeFiles/ception_msgs__rosidl_generator_c.dir/rosidl_generator_c/ception_msgs/msg/detail/imu_euler__functions.c.o[0m
[2.532s] [ 12%] [34m[1mGenerating C++ type support dispatch for ROS interfaces[0m
[2.675s] [ 16%] [32m[1mLinking C shared library libception_msgs__rosidl_generator_c.so[0m
[2.783s] [ 16%] Built target ception_msgs__rosidl_generator_c
[2.810s] [ 19%] [34m[1mGenerating C++ introspection for ROS interfaces[0m
[2.849s] [35m[1mScanning dependencies of target ception_msgs__rosidl_typesupport_cpp[0m
[2.902s] [ 22%] [32mBuilding CXX object CMakeFiles/ception_msgs__rosidl_typesupport_cpp.dir/rosidl_typesupport_cpp/ception_msgs/msg/imu_euler__type_support.cpp.o[0m
[3.085s] [35m[1mScanning dependencies of target ception_msgs__rosidl_typesupport_introspection_cpp[0m
[3.125s] [ 25%] [32mBuilding CXX object CMakeFiles/ception_msgs__rosidl_typesupport_introspection_cpp.dir/rosidl_typesupport_introspection_cpp/ception_msgs/msg/detail/imu_euler__type_support.cpp.o[0m
[3.395s] [ 29%] [32m[1mLinking CXX shared library libception_msgs__rosidl_typesupport_cpp.so[0m
[3.520s] [ 29%] Built target ception_msgs__rosidl_typesupport_cpp
[3.533s] [ 32%] [34m[1mGenerating C introspection for ROS interfaces[0m
[3.560s] [ 35%] [32m[1mLinking CXX shared library libception_msgs__rosidl_typesupport_introspection_cpp.so[0m
[3.682s] [ 35%] Built target ception_msgs__rosidl_typesupport_introspection_cpp
[3.697s] [ 38%] [34m[1mGenerating C type support dispatch for ROS interfaces[0m
[3.831s] [35m[1mScanning dependencies of target ception_msgs__rosidl_typesupport_introspection_c[0m
[3.867s] [ 41%] [32mBuilding C object CMakeFiles/ception_msgs__rosidl_typesupport_introspection_c.dir/rosidl_typesupport_introspection_c/ception_msgs/msg/detail/imu_euler__type_support.c.o[0m
[3.924s] [35m[1mScanning dependencies of target ception_msgs__rosidl_typesupport_c[0m
[3.956s] [ 45%] [32m[1mLinking C shared library libception_msgs__rosidl_typesupport_introspection_c.so[0m
[3.968s] [ 48%] [32mBuilding CXX object CMakeFiles/ception_msgs__rosidl_typesupport_c.dir/rosidl_typesupport_c/ception_msgs/msg/imu_euler__type_support.cpp.o[0m
[4.019s] [ 48%] Built target ception_msgs__rosidl_typesupport_introspection_c
[4.038s] [ 51%] [32m[1mLinking CXX shared library libception_msgs__rosidl_typesupport_c.so[0m
[4.060s] [ 54%] [34m[1mGenerating C++ type support for eProsima Fast-RTPS[0m
[4.100s] [ 54%] Built target ception_msgs__rosidl_typesupport_c
[4.324s] [35m[1mScanning dependencies of target ception_msgs__rosidl_typesupport_fastrtps_cpp[0m
[4.366s] [ 58%] [32mBuilding CXX object CMakeFiles/ception_msgs__rosidl_typesupport_fastrtps_cpp.dir/rosidl_typesupport_fastrtps_cpp/ception_msgs/msg/detail/dds_fastrtps/imu_euler__type_support.cpp.o[0m
[4.975s] [ 61%] [32m[1mLinking CXX shared library libception_msgs__rosidl_typesupport_fastrtps_cpp.so[0m
[5.137s] [ 61%] Built target ception_msgs__rosidl_typesupport_fastrtps_cpp
[5.183s] [ 64%] [34m[1mGenerating C type support for eProsima Fast-RTPS[0m
[5.448s] [35m[1mScanning dependencies of target ception_msgs__rosidl_typesupport_fastrtps_c[0m
[5.496s] [ 67%] [32mBuilding CXX object CMakeFiles/ception_msgs__rosidl_typesupport_fastrtps_c.dir/rosidl_typesupport_fastrtps_c/ception_msgs/msg/detail/imu_euler__type_support_c.cpp.o[0m
[6.066s] [ 70%] [32m[1mLinking CXX shared library libception_msgs__rosidl_typesupport_fastrtps_c.so[0m
[6.199s] [ 70%] Built target ception_msgs__rosidl_typesupport_fastrtps_c
[6.239s] [35m[1mScanning dependencies of target ception_msgs[0m
[6.288s] [ 70%] Built target ception_msgs
[6.323s] [35m[1mScanning dependencies of target ception_msgs__py[0m
[6.362s] [ 74%] [34m[1mGenerating Python code for ROS interfaces[0m
[7.023s] [ 74%] Built target ception_msgs__py
[7.067s] [35m[1mScanning dependencies of target ception_msgs__python[0m
[7.163s] [ 77%] [32mBuilding C object CMakeFiles/ception_msgs__python.dir/rosidl_generator_py/ception_msgs/msg/_imu_euler_s.c.o[0m
[7.305s] [ 80%] [32m[1mLinking C shared library rosidl_generator_py/ception_msgs/libception_msgs__python.so[0m
[7.360s] [ 80%] Built target ception_msgs__python
[7.384s] [35m[1mScanning dependencies of target ception_msgs__rosidl_typesupport_introspection_c__pyext[0m
[7.402s] [35m[1mScanning dependencies of target ception_msgs__rosidl_typesupport_fastrtps_c__pyext[0m
[7.412s] [ 83%] [32mBuilding C object CMakeFiles/ception_msgs__rosidl_typesupport_introspection_c__pyext.dir/rosidl_generator_py/ception_msgs/_ception_msgs_s.ep.rosidl_typesupport_introspection_c.c.o[0m
[7.451s] [ 87%] [32mBuilding C object CMakeFiles/ception_msgs__rosidl_typesupport_fastrtps_c__pyext.dir/rosidl_generator_py/ception_msgs/_ception_msgs_s.ep.rosidl_typesupport_fastrtps_c.c.o[0m
[7.545s] [ 90%] [32m[1mLinking CXX shared library rosidl_generator_py/ception_msgs/ception_msgs_s__rosidl_typesupport_fastrtps_c.cpython-38-x86_64-linux-gnu.so[0m
[7.578s] [ 93%] [32m[1mLinking C shared library rosidl_generator_py/ception_msgs/ception_msgs_s__rosidl_typesupport_introspection_c.cpython-38-x86_64-linux-gnu.so[0m
[7.646s] [ 93%] Built target ception_msgs__rosidl_typesupport_introspection_c__pyext
[7.656s] [ 93%] Built target ception_msgs__rosidl_typesupport_fastrtps_c__pyext
[7.677s] [35m[1mScanning dependencies of target ception_msgs__rosidl_typesupport_c__pyext[0m
[7.698s] [ 96%] [32mBuilding C object CMakeFiles/ception_msgs__rosidl_typesupport_c__pyext.dir/rosidl_generator_py/ception_msgs/_ception_msgs_s.ep.rosidl_typesupport_c.c.o[0m
[7.778s] [100%] [32m[1mLinking C shared library rosidl_generator_py/ception_msgs/ception_msgs_s__rosidl_typesupport_c.cpython-38-x86_64-linux-gnu.so[0m
[7.825s] [100%] Built target ception_msgs__rosidl_typesupport_c__pyext
[7.841s] Invoked command in '/home/y/SA_CAO/build/ception_msgs' returned '0': CMAKE_PREFIX_PATH=/opt/ros/foxy:${CMAKE_PREFIX_PATH} /usr/bin/cmake --build /home/y/SA_CAO/build/ception_msgs -- -j2 -l2
[7.855s] Invoking command in '/home/y/SA_CAO/build/ception_msgs': CMAKE_PREFIX_PATH=/opt/ros/foxy:${CMAKE_PREFIX_PATH} /usr/bin/cmake --install /home/y/SA_CAO/build/ception_msgs
[7.863s] -- Install configuration: ""
[7.863s] -- Installing: /home/y/SA_CAO/install/ception_msgs/share/ament_index/resource_index/rosidl_interfaces/ception_msgs
[7.863s] -- Installing: /home/y/SA_CAO/install/ception_msgs/include/ception_msgs
[7.863s] -- Installing: /home/y/SA_CAO/install/ception_msgs/include/ception_msgs/msg
[7.864s] -- Installing: /home/y/SA_CAO/install/ception_msgs/include/ception_msgs/msg/imu_euler.h
[7.864s] -- Installing: /home/y/SA_CAO/install/ception_msgs/include/ception_msgs/msg/rosidl_generator_c__visibility_control.h
[7.864s] -- Installing: /home/y/SA_CAO/install/ception_msgs/include/ception_msgs/msg/detail
[7.864s] -- Installing: /home/y/SA_CAO/install/ception_msgs/include/ception_msgs/msg/detail/imu_euler__functions.h
[7.864s] -- Installing: /home/y/SA_CAO/install/ception_msgs/include/ception_msgs/msg/detail/imu_euler__functions.c
[7.864s] -- Installing: /home/y/SA_CAO/install/ception_msgs/include/ception_msgs/msg/detail/imu_euler__struct.h
[7.864s] -- Installing: /home/y/SA_CAO/install/ception_msgs/include/ception_msgs/msg/detail/imu_euler__type_support.h
[7.864s] -- Installing: /home/y/SA_CAO/install/ception_msgs/share/ception_msgs/environment/library_path.sh
[7.865s] -- Installing: /home/y/SA_CAO/install/ception_msgs/share/ception_msgs/environment/library_path.dsv
[7.865s] -- Installing: /home/y/SA_CAO/install/ception_msgs/lib/libception_msgs__rosidl_generator_c.so
[7.865s] -- Set runtime path of "/home/y/SA_CAO/install/ception_msgs/lib/libception_msgs__rosidl_generator_c.so" to ""
[7.866s] -- Up-to-date: /home/y/SA_CAO/install/ception_msgs/include/ception_msgs
[7.867s] -- Up-to-date: /home/y/SA_CAO/install/ception_msgs/include/ception_msgs/msg
[7.867s] -- Up-to-date: /home/y/SA_CAO/install/ception_msgs/include/ception_msgs/msg/detail
[7.867s] -- Installing: /home/y/SA_CAO/install/ception_msgs/include/ception_msgs/msg/detail/imu_euler__rosidl_typesupport_fastrtps_c.h
[7.867s] -- Installing: /home/y/SA_CAO/install/ception_msgs/include/ception_msgs/msg/rosidl_typesupport_fastrtps_c__visibility_control.h
[7.867s] -- Installing: /home/y/SA_CAO/install/ception_msgs/lib/libception_msgs__rosidl_typesupport_fastrtps_c.so
[7.868s] -- Set runtime path of "/home/y/SA_CAO/install/ception_msgs/lib/libception_msgs__rosidl_typesupport_fastrtps_c.so" to ""
[7.868s] -- Up-to-date: /home/y/SA_CAO/install/ception_msgs/include/ception_msgs
[7.868s] -- Up-to-date: /home/y/SA_CAO/install/ception_msgs/include/ception_msgs/msg
[7.868s] -- Installing: /home/y/SA_CAO/install/ception_msgs/include/ception_msgs/msg/rosidl_typesupport_fastrtps_cpp__visibility_control.h
[7.868s] -- Up-to-date: /home/y/SA_CAO/install/ception_msgs/include/ception_msgs/msg/detail
[7.868s] -- Installing: /home/y/SA_CAO/install/ception_msgs/include/ception_msgs/msg/detail/dds_fastrtps
[7.868s] -- Installing: /home/y/SA_CAO/install/ception_msgs/include/ception_msgs/msg/detail/imu_euler__rosidl_typesupport_fastrtps_cpp.hpp
[7.868s] -- Installing: /home/y/SA_CAO/install/ception_msgs/lib/libception_msgs__rosidl_typesupport_fastrtps_cpp.so
[7.869s] -- Set runtime path of "/home/y/SA_CAO/install/ception_msgs/lib/libception_msgs__rosidl_typesupport_fastrtps_cpp.so" to ""
[7.869s] -- Up-to-date: /home/y/SA_CAO/install/ception_msgs/include/ception_msgs
[7.869s] -- Up-to-date: /home/y/SA_CAO/install/ception_msgs/include/ception_msgs/msg
[7.869s] -- Installing: /home/y/SA_CAO/install/ception_msgs/include/ception_msgs/msg/rosidl_typesupport_introspection_c__visibility_control.h
[7.869s] -- Up-to-date: /home/y/SA_CAO/install/ception_msgs/include/ception_msgs/msg/detail
[7.869s] -- Installing: /home/y/SA_CAO/install/ception_msgs/include/ception_msgs/msg/detail/imu_euler__type_support.c
[7.869s] -- Installing: /home/y/SA_CAO/install/ception_msgs/include/ception_msgs/msg/detail/imu_euler__rosidl_typesupport_introspection_c.h
[7.869s] -- Installing: /home/y/SA_CAO/install/ception_msgs/lib/libception_msgs__rosidl_typesupport_introspection_c.so
[7.870s] -- Set runtime path of "/home/y/SA_CAO/install/ception_msgs/lib/libception_msgs__rosidl_typesupport_introspection_c.so" to ""
[7.870s] -- Installing: /home/y/SA_CAO/install/ception_msgs/lib/libception_msgs__rosidl_typesupport_c.so
[7.870s] -- Set runtime path of "/home/y/SA_CAO/install/ception_msgs/lib/libception_msgs__rosidl_typesupport_c.so" to ""
[7.870s] -- Up-to-date: /home/y/SA_CAO/install/ception_msgs/include/ception_msgs
[7.870s] -- Up-to-date: /home/y/SA_CAO/install/ception_msgs/include/ception_msgs/msg
[7.870s] -- Installing: /home/y/SA_CAO/install/ception_msgs/include/ception_msgs/msg/rosidl_generator_cpp__visibility_control.hpp
[7.871s] -- Installing: /home/y/SA_CAO/install/ception_msgs/include/ception_msgs/msg/imu_euler.hpp
[7.871s] -- Up-to-date: /home/y/SA_CAO/install/ception_msgs/include/ception_msgs/msg/detail
[7.871s] -- Installing: /home/y/SA_CAO/install/ception_msgs/include/ception_msgs/msg/detail/imu_euler__builder.hpp
[7.871s] -- Installing: /home/y/SA_CAO/install/ception_msgs/include/ception_msgs/msg/detail/imu_euler__traits.hpp
[7.871s] -- Installing: /home/y/SA_CAO/install/ception_msgs/include/ception_msgs/msg/detail/imu_euler__type_support.hpp
[7.871s] -- Installing: /home/y/SA_CAO/install/ception_msgs/include/ception_msgs/msg/detail/imu_euler__struct.hpp
[7.871s] -- Up-to-date: /home/y/SA_CAO/install/ception_msgs/include/ception_msgs
[7.871s] -- Up-to-date: /home/y/SA_CAO/install/ception_msgs/include/ception_msgs/msg
[7.871s] -- Up-to-date: /home/y/SA_CAO/install/ception_msgs/include/ception_msgs/msg/detail
[7.872s] -- Installing: /home/y/SA_CAO/install/ception_msgs/include/ception_msgs/msg/detail/imu_euler__type_support.cpp
[7.872s] -- Installing: /home/y/SA_CAO/install/ception_msgs/include/ception_msgs/msg/detail/imu_euler__rosidl_typesupport_introspection_cpp.hpp
[7.872s] -- Installing: /home/y/SA_CAO/install/ception_msgs/lib/libception_msgs__rosidl_typesupport_introspection_cpp.so
[7.872s] -- Set runtime path of "/home/y/SA_CAO/install/ception_msgs/lib/libception_msgs__rosidl_typesupport_introspection_cpp.so" to ""
[7.872s] -- Installing: /home/y/SA_CAO/install/ception_msgs/lib/libception_msgs__rosidl_typesupport_cpp.so
[7.873s] -- Set runtime path of "/home/y/SA_CAO/install/ception_msgs/lib/libception_msgs__rosidl_typesupport_cpp.so" to ""
[7.873s] -- Installing: /home/y/SA_CAO/install/ception_msgs/share/ception_msgs/environment/pythonpath.sh
[7.873s] -- Installing: /home/y/SA_CAO/install/ception_msgs/share/ception_msgs/environment/pythonpath.dsv
[7.873s] -- Installing: /home/y/SA_CAO/install/ception_msgs/lib/python3.8/site-packages/ception_msgs/__init__.py
[7.901s] Compiling '/home/y/SA_CAO/install/ception_msgs/lib/python3.8/site-packages/ception_msgs/__init__.py'...
[7.904s] -- Installing: /home/y/SA_CAO/install/ception_msgs/lib/python3.8/site-packages/ception_msgs/msg
[7.904s] -- Installing: /home/y/SA_CAO/install/ception_msgs/lib/python3.8/site-packages/ception_msgs/msg/_imu_euler_s.c
[7.904s] -- Installing: /home/y/SA_CAO/install/ception_msgs/lib/python3.8/site-packages/ception_msgs/msg/__init__.py
[7.904s] -- Installing: /home/y/SA_CAO/install/ception_msgs/lib/python3.8/site-packages/ception_msgs/msg/_imu_euler.py
[7.904s] -- Installing: /home/y/SA_CAO/install/ception_msgs/lib/python3.8/site-packages/ception_msgs/ception_msgs_s__rosidl_typesupport_fastrtps_c.cpython-38-x86_64-linux-gnu.so
[7.905s] -- Set runtime path of "/home/y/SA_CAO/install/ception_msgs/lib/python3.8/site-packages/ception_msgs/ception_msgs_s__rosidl_typesupport_fastrtps_c.cpython-38-x86_64-linux-gnu.so" to ""
[7.905s] -- Installing: /home/y/SA_CAO/install/ception_msgs/lib/python3.8/site-packages/ception_msgs/ception_msgs_s__rosidl_typesupport_introspection_c.cpython-38-x86_64-linux-gnu.so
[7.905s] -- Set runtime path of "/home/y/SA_CAO/install/ception_msgs/lib/python3.8/site-packages/ception_msgs/ception_msgs_s__rosidl_typesupport_introspection_c.cpython-38-x86_64-linux-gnu.so" to ""
[7.905s] -- Installing: /home/y/SA_CAO/install/ception_msgs/lib/python3.8/site-packages/ception_msgs/ception_msgs_s__rosidl_typesupport_c.cpython-38-x86_64-linux-gnu.so
[7.906s] -- Set runtime path of "/home/y/SA_CAO/install/ception_msgs/lib/python3.8/site-packages/ception_msgs/ception_msgs_s__rosidl_typesupport_c.cpython-38-x86_64-linux-gnu.so" to ""
[7.906s] -- Installing: /home/y/SA_CAO/install/ception_msgs/lib/libception_msgs__python.so
[7.906s] -- Set runtime path of "/home/y/SA_CAO/install/ception_msgs/lib/libception_msgs__python.so" to ""
[7.906s] -- Installing: /home/y/SA_CAO/install/ception_msgs/share/ception_msgs/msg/IMUEuler.idl
[7.907s] -- Installing: /home/y/SA_CAO/install/ception_msgs/share/ception_msgs/msg/IMUEuler.msg
[7.907s] -- Installing: /home/y/SA_CAO/install/ception_msgs/share/ament_index/resource_index/package_run_dependencies/ception_msgs
[7.907s] -- Installing: /home/y/SA_CAO/install/ception_msgs/share/ament_index/resource_index/parent_prefix_path/ception_msgs
[7.907s] -- Installing: /home/y/SA_CAO/install/ception_msgs/share/ception_msgs/environment/ament_prefix_path.sh
[7.907s] -- Installing: /home/y/SA_CAO/install/ception_msgs/share/ception_msgs/environment/ament_prefix_path.dsv
[7.908s] -- Installing: /home/y/SA_CAO/install/ception_msgs/share/ception_msgs/environment/path.sh
[7.908s] -- Installing: /home/y/SA_CAO/install/ception_msgs/share/ception_msgs/environment/path.dsv
[7.908s] -- Installing: /home/y/SA_CAO/install/ception_msgs/share/ception_msgs/local_setup.bash
[7.908s] -- Installing: /home/y/SA_CAO/install/ception_msgs/share/ception_msgs/local_setup.sh
[7.908s] -- Installing: /home/y/SA_CAO/install/ception_msgs/share/ception_msgs/local_setup.zsh
[7.908s] -- Installing: /home/y/SA_CAO/install/ception_msgs/share/ception_msgs/local_setup.dsv
[7.909s] -- Installing: /home/y/SA_CAO/install/ception_msgs/share/ception_msgs/package.dsv
[7.909s] -- Installing: /home/y/SA_CAO/install/ception_msgs/share/ament_index/resource_index/packages/ception_msgs
[7.909s] -- Installing: /home/y/SA_CAO/install/ception_msgs/share/ception_msgs/cmake/ception_msgs__rosidl_generator_cExport.cmake
[7.909s] -- Installing: /home/y/SA_CAO/install/ception_msgs/share/ception_msgs/cmake/ception_msgs__rosidl_generator_cExport-noconfig.cmake
[7.909s] -- Installing: /home/y/SA_CAO/install/ception_msgs/share/ception_msgs/cmake/ception_msgs__rosidl_typesupport_introspection_cExport.cmake
[7.909s] -- Installing: /home/y/SA_CAO/install/ception_msgs/share/ception_msgs/cmake/ception_msgs__rosidl_typesupport_introspection_cExport-noconfig.cmake
[7.910s] -- Installing: /home/y/SA_CAO/install/ception_msgs/share/ception_msgs/cmake/ception_msgs__rosidl_typesupport_cExport.cmake
[7.910s] -- Installing: /home/y/SA_CAO/install/ception_msgs/share/ception_msgs/cmake/ception_msgs__rosidl_typesupport_cExport-noconfig.cmake
[7.910s] -- Installing: /home/y/SA_CAO/install/ception_msgs/share/ception_msgs/cmake/ception_msgs__rosidl_generator_cppExport.cmake
[7.910s] -- Installing: /home/y/SA_CAO/install/ception_msgs/share/ception_msgs/cmake/ception_msgs__rosidl_typesupport_introspection_cppExport.cmake
[7.911s] -- Installing: /home/y/SA_CAO/install/ception_msgs/share/ception_msgs/cmake/ception_msgs__rosidl_typesupport_introspection_cppExport-noconfig.cmake
[7.911s] -- Installing: /home/y/SA_CAO/install/ception_msgs/share/ception_msgs/cmake/ception_msgs__rosidl_typesupport_cppExport.cmake
[7.911s] -- Installing: /home/y/SA_CAO/install/ception_msgs/share/ception_msgs/cmake/ception_msgs__rosidl_typesupport_cppExport-noconfig.cmake
[7.911s] -- Installing: /home/y/SA_CAO/install/ception_msgs/share/ception_msgs/cmake/rosidl_cmake-extras.cmake
[7.911s] -- Installing: /home/y/SA_CAO/install/ception_msgs/share/ception_msgs/cmake/ament_cmake_export_dependencies-extras.cmake
[7.912s] -- Installing: /home/y/SA_CAO/install/ception_msgs/share/ception_msgs/cmake/ament_cmake_export_libraries-extras.cmake
[7.912s] -- Installing: /home/y/SA_CAO/install/ception_msgs/share/ception_msgs/cmake/ament_cmake_export_targets-extras.cmake
[7.912s] -- Installing: /home/y/SA_CAO/install/ception_msgs/share/ception_msgs/cmake/ament_cmake_export_include_directories-extras.cmake
[7.912s] -- Installing: /home/y/SA_CAO/install/ception_msgs/share/ception_msgs/cmake/rosidl_cmake_export_typesupport_libraries-extras.cmake
[7.912s] -- Installing: /home/y/SA_CAO/install/ception_msgs/share/ception_msgs/cmake/rosidl_cmake_export_typesupport_targets-extras.cmake
[7.912s] -- Installing: /home/y/SA_CAO/install/ception_msgs/share/ception_msgs/cmake/ception_msgsConfig.cmake
[7.913s] -- Installing: /home/y/SA_CAO/install/ception_msgs/share/ception_msgs/cmake/ception_msgsConfig-version.cmake
[7.913s] -- Installing: /home/y/SA_CAO/install/ception_msgs/share/ception_msgs/package.xml
[7.915s] Invoked command in '/home/y/SA_CAO/build/ception_msgs' returned '0': CMAKE_PREFIX_PATH=/opt/ros/foxy:${CMAKE_PREFIX_PATH} /usr/bin/cmake --install /home/y/SA_CAO/build/ception_msgs
