[1.796s] Invoking command in '/home/y/SA_CAO/src/ultrasound_package': PYTHONPATH=/home/y/SA_CAO/build/ultrasound_package/prefix_override:/usr/lib/python3/dist-packages/colcon_core/task/python/colcon_distutils_commands:/home/y/SA_CAO/install/ultrasound_package/lib/python3.8/site-packages:${PYTHONPATH} /usr/bin/python3 -W ignore:setup.py install is deprecated -W ignore:easy_install command is deprecated setup.py egg_info --egg-base ../../build/ultrasound_package build --build-base /home/y/SA_CAO/build/ultrasound_package/build install --record /home/y/SA_CAO/build/ultrasound_package/install.log --install-scripts $base/lib/ultrasound_package --single-version-externally-managed install_data
[2.261s] running egg_info
[2.262s] creating ../../build/ultrasound_package/ultrasound_package.egg-info
[2.263s] writing ../../build/ultrasound_package/ultrasound_package.egg-info/PKG-INFO
[2.264s] writing dependency_links to ../../build/ultrasound_package/ultrasound_package.egg-info/dependency_links.txt
[2.264s] writing entry points to ../../build/ultrasound_package/ultrasound_package.egg-info/entry_points.txt
[2.264s] writing requirements to ../../build/ultrasound_package/ultrasound_package.egg-info/requires.txt
[2.266s] writing top-level names to ../../build/ultrasound_package/ultrasound_package.egg-info/top_level.txt
[2.267s] writing manifest file '../../build/ultrasound_package/ultrasound_package.egg-info/SOURCES.txt'
[2.316s] reading manifest file '../../build/ultrasound_package/ultrasound_package.egg-info/SOURCES.txt'
[2.317s] writing manifest file '../../build/ultrasound_package/ultrasound_package.egg-info/SOURCES.txt'
[2.318s] running build
[2.318s] running build_py
[2.319s] creating /home/y/SA_CAO/build/ultrasound_package/build
[2.319s] creating /home/y/SA_CAO/build/ultrasound_package/build/lib
[2.319s] creating /home/y/SA_CAO/build/ultrasound_package/build/lib/ultrasound_package
[2.320s] copying ultrasound_package/ultrasonic_range_publisher.py -> /home/y/SA_CAO/build/ultrasound_package/build/lib/ultrasound_package
[2.320s] copying ultrasound_package/__init__.py -> /home/y/SA_CAO/build/ultrasound_package/build/lib/ultrasound_package
[2.320s] running install
[2.321s] running install_lib
[2.323s] creating /home/y/SA_CAO/install/ultrasound_package/lib/python3.8/site-packages/ultrasound_package
[2.324s] copying /home/y/SA_CAO/build/ultrasound_package/build/lib/ultrasound_package/ultrasonic_range_publisher.py -> /home/y/SA_CAO/install/ultrasound_package/lib/python3.8/site-packages/ultrasound_package
[2.326s] copying /home/y/SA_CAO/build/ultrasound_package/build/lib/ultrasound_package/__init__.py -> /home/y/SA_CAO/install/ultrasound_package/lib/python3.8/site-packages/ultrasound_package
[2.326s] byte-compiling /home/y/SA_CAO/install/ultrasound_package/lib/python3.8/site-packages/ultrasound_package/ultrasonic_range_publisher.py to ultrasonic_range_publisher.cpython-38.pyc
[2.328s] byte-compiling /home/y/SA_CAO/install/ultrasound_package/lib/python3.8/site-packages/ultrasound_package/__init__.py to __init__.cpython-38.pyc
[2.329s] running install_data
[2.330s] creating /home/y/SA_CAO/install/ultrasound_package/share/ament_index
[2.330s] creating /home/y/SA_CAO/install/ultrasound_package/share/ament_index/resource_index
[2.330s] creating /home/y/SA_CAO/install/ultrasound_package/share/ament_index/resource_index/packages
[2.331s] copying resource/ultrasound_package -> /home/y/SA_CAO/install/ultrasound_package/share/ament_index/resource_index/packages
[2.331s] copying package.xml -> /home/y/SA_CAO/install/ultrasound_package/share/ultrasound_package
[2.331s] running install_egg_info
[2.334s] Copying ../../build/ultrasound_package/ultrasound_package.egg-info to /home/y/SA_CAO/install/ultrasound_package/lib/python3.8/site-packages/ultrasound_package-0.0.0-py3.8.egg-info
[2.337s] running install_scripts
[2.368s] Installing ultrasonic_range_publisher script to /home/y/SA_CAO/install/ultrasound_package/lib/ultrasound_package
[2.369s] writing list of installed files to '/home/y/SA_CAO/build/ultrasound_package/install.log'
[2.400s] Invoked command in '/home/y/SA_CAO/src/ultrasound_package' returned '0': PYTHONPATH=/home/y/SA_CAO/build/ultrasound_package/prefix_override:/usr/lib/python3/dist-packages/colcon_core/task/python/colcon_distutils_commands:/home/y/SA_CAO/install/ultrasound_package/lib/python3.8/site-packages:${PYTHONPATH} /usr/bin/python3 -W ignore:setup.py install is deprecated -W ignore:easy_install command is deprecated setup.py egg_info --egg-base ../../build/ultrasound_package build --build-base /home/y/SA_CAO/build/ultrasound_package/build install --record /home/y/SA_CAO/build/ultrasound_package/install.log --install-scripts $base/lib/ultrasound_package --single-version-externally-managed install_data
