[0.457s] Invoking command in '/home/y/SA_CAO/src/robot_launch': PYTHONPATH=/home/y/SA_CAO/build/robot_launch/prefix_override:/usr/lib/python3/dist-packages/colcon_core/task/python/colcon_distutils_commands:/home/y/SA_CAO/install/robot_launch/lib/python3.8/site-packages:${PYTHONPATH} /usr/bin/python3 -W ignore:setup.py install is deprecated -W ignore:easy_install command is deprecated setup.py egg_info --egg-base ../../build/robot_launch build --build-base /home/y/SA_CAO/build/robot_launch/build install --record /home/y/SA_CAO/build/robot_launch/install.log --install-scripts $base/lib/robot_launch --single-version-externally-managed install_data
[0.608s] running egg_info
[0.608s] creating ../../build/robot_launch/robot_launch.egg-info
[0.608s] writing ../../build/robot_launch/robot_launch.egg-info/PKG-INFO
[0.608s] writing dependency_links to ../../build/robot_launch/robot_launch.egg-info/dependency_links.txt
[0.609s] writing entry points to ../../build/robot_launch/robot_launch.egg-info/entry_points.txt
[0.609s] writing requirements to ../../build/robot_launch/robot_launch.egg-info/requires.txt
[0.609s] writing top-level names to ../../build/robot_launch/robot_launch.egg-info/top_level.txt
[0.610s] writing manifest file '../../build/robot_launch/robot_launch.egg-info/SOURCES.txt'
[0.634s] reading manifest file '../../build/robot_launch/robot_launch.egg-info/SOURCES.txt'
[0.635s] writing manifest file '../../build/robot_launch/robot_launch.egg-info/SOURCES.txt'
[0.636s] running build
[0.636s] running build_py
[0.636s] creating /home/y/SA_CAO/build/robot_launch/build
[0.636s] creating /home/y/SA_CAO/build/robot_launch/build/lib
[0.636s] creating /home/y/SA_CAO/build/robot_launch/build/lib/robot_launch
[0.636s] copying robot_launch/__init__.py -> /home/y/SA_CAO/build/robot_launch/build/lib/robot_launch
[0.637s] running install
[0.637s] running install_lib
[0.638s] creating /home/y/SA_CAO/install/robot_launch/lib/python3.8/site-packages/robot_launch
[0.638s] copying /home/y/SA_CAO/build/robot_launch/build/lib/robot_launch/__init__.py -> /home/y/SA_CAO/install/robot_launch/lib/python3.8/site-packages/robot_launch
[0.639s] byte-compiling /home/y/SA_CAO/install/robot_launch/lib/python3.8/site-packages/robot_launch/__init__.py to __init__.cpython-38.pyc
[0.640s] running install_data
[0.640s] copying package.xml -> /home/y/SA_CAO/install/robot_launch/share/robot_launch
[0.640s] creating /home/y/SA_CAO/install/robot_launch/share/ament_index
[0.640s] creating /home/y/SA_CAO/install/robot_launch/share/ament_index/resource_index
[0.641s] creating /home/y/SA_CAO/install/robot_launch/share/ament_index/resource_index/packages
[0.641s] copying resource/robot_launch -> /home/y/SA_CAO/install/robot_launch/share/ament_index/resource_index/packages
[0.641s] creating /home/y/SA_CAO/install/robot_launch/share/robot_launch/launch
[0.641s] copying launch/launch_sub.py -> /home/y/SA_CAO/install/robot_launch/share/robot_launch/launch
[0.641s] running install_egg_info
[0.642s] Copying ../../build/robot_launch/robot_launch.egg-info to /home/y/SA_CAO/install/robot_launch/lib/python3.8/site-packages/robot_launch-0.0.0-py3.8.egg-info
[0.643s] running install_scripts
[0.656s] writing list of installed files to '/home/y/SA_CAO/build/robot_launch/install.log'
[0.672s] Invoked command in '/home/y/SA_CAO/src/robot_launch' returned '0': PYTHONPATH=/home/y/SA_CAO/build/robot_launch/prefix_override:/usr/lib/python3/dist-packages/colcon_core/task/python/colcon_distutils_commands:/home/y/SA_CAO/install/robot_launch/lib/python3.8/site-packages:${PYTHONPATH} /usr/bin/python3 -W ignore:setup.py install is deprecated -W ignore:easy_install command is deprecated setup.py egg_info --egg-base ../../build/robot_launch build --build-base /home/y/SA_CAO/build/robot_launch/build install --record /home/y/SA_CAO/build/robot_launch/install.log --install-scripts $base/lib/robot_launch --single-version-externally-managed install_data
