[0.006s] Invoking command in '/home/y/SA_CAO_Simu/SA_CAO/build/turtlebot3_fake_node': AMENT_PREFIX_PATH=/home/y/SA_CAO_Simu/SA_CAO/install/turtlebot3_msgs:${AMENT_PREFIX_PATH} CMAKE_PREFIX_PATH=/home/y/SA_CAO_Simu/SA_CAO/install/turtlebot3_msgs:/opt/ros/foxy LD_LIBRARY_PATH=/home/y/SA_CAO_Simu/SA_CAO/install/turtlebot3_msgs/lib:${LD_LIBRARY_PATH} PYTHONPATH=/home/y/SA_CAO_Simu/SA_CAO/install/turtlebot3_msgs/lib/python3.8/site-packages:${PYTHONPATH} /usr/bin/cmake --build /home/y/SA_CAO_Simu/SA_CAO/build/turtlebot3_fake_node -- -j2 -l2
[0.052s] [100%] Built target turtlebot3_fake_node
[0.055s] Invoked command in '/home/y/SA_CAO_Simu/SA_CAO/build/turtlebot3_fake_node' returned '0': AMENT_PREFIX_PATH=/home/y/SA_CAO_Simu/SA_CAO/install/turtlebot3_msgs:${AMENT_PREFIX_PATH} CMAKE_PREFIX_PATH=/home/y/SA_CAO_Simu/SA_CAO/install/turtlebot3_msgs:/opt/ros/foxy LD_LIBRARY_PATH=/home/y/SA_CAO_Simu/SA_CAO/install/turtlebot3_msgs/lib:${LD_LIBRARY_PATH} PYTHONPATH=/home/y/SA_CAO_Simu/SA_CAO/install/turtlebot3_msgs/lib/python3.8/site-packages:${PYTHONPATH} /usr/bin/cmake --build /home/y/SA_CAO_Simu/SA_CAO/build/turtlebot3_fake_node -- -j2 -l2
[0.057s] Invoking command in '/home/y/SA_CAO_Simu/SA_CAO/build/turtlebot3_fake_node': AMENT_PREFIX_PATH=/home/y/SA_CAO_Simu/SA_CAO/install/turtlebot3_msgs:${AMENT_PREFIX_PATH} CMAKE_PREFIX_PATH=/home/y/SA_CAO_Simu/SA_CAO/install/turtlebot3_msgs:/opt/ros/foxy LD_LIBRARY_PATH=/home/y/SA_CAO_Simu/SA_CAO/install/turtlebot3_msgs/lib:${LD_LIBRARY_PATH} PYTHONPATH=/home/y/SA_CAO_Simu/SA_CAO/install/turtlebot3_msgs/lib/python3.8/site-packages:${PYTHONPATH} /usr/bin/cmake --install /home/y/SA_CAO_Simu/SA_CAO/build/turtlebot3_fake_node
[0.062s] -- Install configuration: ""
[0.062s] -- Up-to-date: /home/y/SA_CAO_Simu/SA_CAO/install/turtlebot3_fake_node/lib/turtlebot3_fake_node/turtlebot3_fake_node
[0.062s] -- Up-to-date: /home/y/SA_CAO_Simu/SA_CAO/install/turtlebot3_fake_node/share/turtlebot3_fake_node/launch
[0.062s] -- Up-to-date: /home/y/SA_CAO_Simu/SA_CAO/install/turtlebot3_fake_node/share/turtlebot3_fake_node/launch/rviz2.launch.py
[0.062s] -- Up-to-date: /home/y/SA_CAO_Simu/SA_CAO/install/turtlebot3_fake_node/share/turtlebot3_fake_node/launch/turtlebot3_fake_node.launch.py
[0.062s] -- Up-to-date: /home/y/SA_CAO_Simu/SA_CAO/install/turtlebot3_fake_node/share/turtlebot3_fake_node/param
[0.062s] -- Up-to-date: /home/y/SA_CAO_Simu/SA_CAO/install/turtlebot3_fake_node/share/turtlebot3_fake_node/param/waffle.yaml
[0.063s] -- Up-to-date: /home/y/SA_CAO_Simu/SA_CAO/install/turtlebot3_fake_node/share/turtlebot3_fake_node/param/waffle_pi.yaml
[0.063s] -- Up-to-date: /home/y/SA_CAO_Simu/SA_CAO/install/turtlebot3_fake_node/share/turtlebot3_fake_node/param/burger.yaml
[0.063s] -- Up-to-date: /home/y/SA_CAO_Simu/SA_CAO/install/turtlebot3_fake_node/share/turtlebot3_fake_node/rviz
[0.063s] -- Up-to-date: /home/y/SA_CAO_Simu/SA_CAO/install/turtlebot3_fake_node/share/turtlebot3_fake_node/rviz/model.rviz
[0.063s] -- Up-to-date: /home/y/SA_CAO_Simu/SA_CAO/install/turtlebot3_fake_node/include/
[0.063s] -- Up-to-date: /home/y/SA_CAO_Simu/SA_CAO/install/turtlebot3_fake_node/include//turtlebot3_fake_node
[0.063s] -- Up-to-date: /home/y/SA_CAO_Simu/SA_CAO/install/turtlebot3_fake_node/include//turtlebot3_fake_node/turtlebot3_fake_node.hpp
[0.063s] -- Up-to-date: /home/y/SA_CAO_Simu/SA_CAO/install/turtlebot3_fake_node/share/ament_index/resource_index/package_run_dependencies/turtlebot3_fake_node
[0.063s] -- Up-to-date: /home/y/SA_CAO_Simu/SA_CAO/install/turtlebot3_fake_node/share/ament_index/resource_index/parent_prefix_path/turtlebot3_fake_node
[0.063s] -- Up-to-date: /home/y/SA_CAO_Simu/SA_CAO/install/turtlebot3_fake_node/share/turtlebot3_fake_node/environment/ament_prefix_path.sh
[0.063s] -- Up-to-date: /home/y/SA_CAO_Simu/SA_CAO/install/turtlebot3_fake_node/share/turtlebot3_fake_node/environment/ament_prefix_path.dsv
[0.063s] -- Up-to-date: /home/y/SA_CAO_Simu/SA_CAO/install/turtlebot3_fake_node/share/turtlebot3_fake_node/environment/path.sh
[0.063s] -- Up-to-date: /home/y/SA_CAO_Simu/SA_CAO/install/turtlebot3_fake_node/share/turtlebot3_fake_node/environment/path.dsv
[0.063s] -- Up-to-date: /home/y/SA_CAO_Simu/SA_CAO/install/turtlebot3_fake_node/share/turtlebot3_fake_node/local_setup.bash
[0.063s] -- Up-to-date: /home/y/SA_CAO_Simu/SA_CAO/install/turtlebot3_fake_node/share/turtlebot3_fake_node/local_setup.sh
[0.063s] -- Up-to-date: /home/y/SA_CAO_Simu/SA_CAO/install/turtlebot3_fake_node/share/turtlebot3_fake_node/local_setup.zsh
[0.063s] -- Up-to-date: /home/y/SA_CAO_Simu/SA_CAO/install/turtlebot3_fake_node/share/turtlebot3_fake_node/local_setup.dsv
[0.063s] -- Installing: /home/y/SA_CAO_Simu/SA_CAO/install/turtlebot3_fake_node/share/turtlebot3_fake_node/package.dsv
[0.063s] -- Up-to-date: /home/y/SA_CAO_Simu/SA_CAO/install/turtlebot3_fake_node/share/ament_index/resource_index/packages/turtlebot3_fake_node
[0.063s] -- Up-to-date: /home/y/SA_CAO_Simu/SA_CAO/install/turtlebot3_fake_node/share/turtlebot3_fake_node/cmake/ament_cmake_export_include_directories-extras.cmake
[0.063s] -- Up-to-date: /home/y/SA_CAO_Simu/SA_CAO/install/turtlebot3_fake_node/share/turtlebot3_fake_node/cmake/ament_cmake_export_dependencies-extras.cmake
[0.063s] -- Up-to-date: /home/y/SA_CAO_Simu/SA_CAO/install/turtlebot3_fake_node/share/turtlebot3_fake_node/cmake/turtlebot3_fake_nodeConfig.cmake
[0.063s] -- Up-to-date: /home/y/SA_CAO_Simu/SA_CAO/install/turtlebot3_fake_node/share/turtlebot3_fake_node/cmake/turtlebot3_fake_nodeConfig-version.cmake
[0.063s] -- Up-to-date: /home/y/SA_CAO_Simu/SA_CAO/install/turtlebot3_fake_node/share/turtlebot3_fake_node/package.xml
[0.063s] Invoked command in '/home/y/SA_CAO_Simu/SA_CAO/build/turtlebot3_fake_node' returned '0': AMENT_PREFIX_PATH=/home/y/SA_CAO_Simu/SA_CAO/install/turtlebot3_msgs:${AMENT_PREFIX_PATH} CMAKE_PREFIX_PATH=/home/y/SA_CAO_Simu/SA_CAO/install/turtlebot3_msgs:/opt/ros/foxy LD_LIBRARY_PATH=/home/y/SA_CAO_Simu/SA_CAO/install/turtlebot3_msgs/lib:${LD_LIBRARY_PATH} PYTHONPATH=/home/y/SA_CAO_Simu/SA_CAO/install/turtlebot3_msgs/lib/python3.8/site-packages:${PYTHONPATH} /usr/bin/cmake --install /home/y/SA_CAO_Simu/SA_CAO/build/turtlebot3_fake_node
