running egg_info
creating ../../build/robot_launch/robot_launch.egg-info
writing ../../build/robot_launch/robot_launch.egg-info/PKG-INFO
writing dependency_links to ../../build/robot_launch/robot_launch.egg-info/dependency_links.txt
writing entry points to ../../build/robot_launch/robot_launch.egg-info/entry_points.txt
writing requirements to ../../build/robot_launch/robot_launch.egg-info/requires.txt
writing top-level names to ../../build/robot_launch/robot_launch.egg-info/top_level.txt
writing manifest file '../../build/robot_launch/robot_launch.egg-info/SOURCES.txt'
reading manifest file '../../build/robot_launch/robot_launch.egg-info/SOURCES.txt'
writing manifest file '../../build/robot_launch/robot_launch.egg-info/SOURCES.txt'
running build
running build_py
creating /home/y/SA_CAO/build/robot_launch/build
creating /home/y/SA_CAO/build/robot_launch/build/lib
creating /home/y/SA_CAO/build/robot_launch/build/lib/robot_launch
copying robot_launch/__init__.py -> /home/y/SA_CAO/build/robot_launch/build/lib/robot_launch
running install
running install_lib
creating /home/y/SA_CAO/install/robot_launch/lib/python3.8/site-packages/robot_launch
copying /home/y/SA_CAO/build/robot_launch/build/lib/robot_launch/__init__.py -> /home/y/SA_CAO/install/robot_launch/lib/python3.8/site-packages/robot_launch
byte-compiling /home/y/SA_CAO/install/robot_launch/lib/python3.8/site-packages/robot_launch/__init__.py to __init__.cpython-38.pyc
running install_data
copying package.xml -> /home/y/SA_CAO/install/robot_launch/share/robot_launch
creating /home/y/SA_CAO/install/robot_launch/share/ament_index
creating /home/y/SA_CAO/install/robot_launch/share/ament_index/resource_index
creating /home/y/SA_CAO/install/robot_launch/share/ament_index/resource_index/packages
copying resource/robot_launch -> /home/y/SA_CAO/install/robot_launch/share/ament_index/resource_index/packages
creating /home/y/SA_CAO/install/robot_launch/share/robot_launch/launch
copying launch/launch_sub.py -> /home/y/SA_CAO/install/robot_launch/share/robot_launch/launch
running install_egg_info
Copying ../../build/robot_launch/robot_launch.egg-info to /home/y/SA_CAO/install/robot_launch/lib/python3.8/site-packages/robot_launch-0.0.0-py3.8.egg-info
running install_scripts
writing list of installed files to '/home/y/SA_CAO/build/robot_launch/install.log'
