[0.673s] Invoking command in '/home/y/SA_CAO/src/robot_launch': PYTHONPATH=/home/y/SA_CAO/build/robot_launch/prefix_override:/usr/lib/python3/dist-packages/colcon_core/task/python/colcon_distutils_commands:/home/y/SA_CAO/install/robot_launch/lib/python3.8/site-packages:${PYTHONPATH} /usr/bin/python3 -W ignore:setup.py install is deprecated -W ignore:easy_install command is deprecated setup.py egg_info --egg-base ../../build/robot_launch build --build-base /home/y/SA_CAO/build/robot_launch/build install --record /home/y/SA_CAO/build/robot_launch/install.log --install-scripts $base/lib/robot_launch --single-version-externally-managed install_data
[0.840s] running egg_info
[0.840s] creating ../../build/robot_launch/robot_launch.egg-info
[0.840s] writing ../../build/robot_launch/robot_launch.egg-info/PKG-INFO
[0.841s] writing dependency_links to ../../build/robot_launch/robot_launch.egg-info/dependency_links.txt
[0.841s] writing entry points to ../../build/robot_launch/robot_launch.egg-info/entry_points.txt
[0.841s] writing requirements to ../../build/robot_launch/robot_launch.egg-info/requires.txt
[0.841s] writing top-level names to ../../build/robot_launch/robot_launch.egg-info/top_level.txt
[0.842s] writing manifest file '../../build/robot_launch/robot_launch.egg-info/SOURCES.txt'
[0.868s] reading manifest file '../../build/robot_launch/robot_launch.egg-info/SOURCES.txt'
[0.869s] writing manifest file '../../build/robot_launch/robot_launch.egg-info/SOURCES.txt'
[0.869s] running build
[0.870s] running build_py
[0.870s] creating /home/y/SA_CAO/build/robot_launch/build
[0.870s] creating /home/y/SA_CAO/build/robot_launch/build/lib
[0.870s] creating /home/y/SA_CAO/build/robot_launch/build/lib/robot_launch
[0.870s] copying robot_launch/__init__.py -> /home/y/SA_CAO/build/robot_launch/build/lib/robot_launch
[0.870s] running install
[0.870s] running install_lib
[0.871s] creating /home/y/SA_CAO/install/robot_launch/lib/python3.8/site-packages/robot_launch
[0.871s] copying /home/y/SA_CAO/build/robot_launch/build/lib/robot_launch/__init__.py -> /home/y/SA_CAO/install/robot_launch/lib/python3.8/site-packages/robot_launch
[0.872s] byte-compiling /home/y/SA_CAO/install/robot_launch/lib/python3.8/site-packages/robot_launch/__init__.py to __init__.cpython-38.pyc
[0.873s] running install_data
[0.874s] copying package.xml -> /home/y/SA_CAO/install/robot_launch/share/robot_launch
[0.874s] creating /home/y/SA_CAO/install/robot_launch/share/ament_index
[0.874s] creating /home/y/SA_CAO/install/robot_launch/share/ament_index/resource_index
[0.874s] creating /home/y/SA_CAO/install/robot_launch/share/ament_index/resource_index/packages
[0.874s] copying resource/robot_launch -> /home/y/SA_CAO/install/robot_launch/share/ament_index/resource_index/packages
[0.874s] creating /home/y/SA_CAO/install/robot_launch/share/robot_launch/launch
[0.874s] copying launch/launch_sub.py -> /home/y/SA_CAO/install/robot_launch/share/robot_launch/launch
[0.874s] running install_egg_info
[0.876s] Copying ../../build/robot_launch/robot_launch.egg-info to /home/y/SA_CAO/install/robot_launch/lib/python3.8/site-packages/robot_launch-0.0.0-py3.8.egg-info
[0.877s] running install_scripts
[0.889s] writing list of installed files to '/home/y/SA_CAO/build/robot_launch/install.log'
[0.906s] Invoked command in '/home/y/SA_CAO/src/robot_launch' returned '0': PYTHONPATH=/home/y/SA_CAO/build/robot_launch/prefix_override:/usr/lib/python3/dist-packages/colcon_core/task/python/colcon_distutils_commands:/home/y/SA_CAO/install/robot_launch/lib/python3.8/site-packages:${PYTHONPATH} /usr/bin/python3 -W ignore:setup.py install is deprecated -W ignore:easy_install command is deprecated setup.py egg_info --egg-base ../../build/robot_launch build --build-base /home/y/SA_CAO/build/robot_launch/build install --record /home/y/SA_CAO/build/robot_launch/install.log --install-scripts $base/lib/robot_launch --single-version-externally-managed install_data
