[0.020s] Invoking command in '/home/y/SA_CAO/build/diablo_rviz2_control_plugin': CMAKE_PREFIX_PATH=/home/y/SA_CAO/install/motion_msgs:/home/y/SA_CAO/install/diablo_simpose_trans:/home/y/SA_CAO/install/diablo_ctrl:/home/y/SA_CAO/install/diablo_body:/home/y/SA_CAO/install/diablo_utils:/home/y/SA_CAO/install/diablo_rviz2_control_plugin:/home/y/SA_CAO/install/ception_msgs:/home/y/SA_CAO/install/my_xbox_joystick:/home/y/SA_CAO/install/diablo_teleop:/home/y/SA_CAO/install/diablo_simulation:/opt/ros/foxy:/home/y/oradar_ros/install/oradar_lidar LD_LIBRARY_PATH=/home/y/SA_CAO/install/motion_msgs/lib:/home/y/SA_CAO/install/diablo_body/lib:/home/y/SA_CAO/install/diablo_utils/lib:/home/y/SA_CAO/install/diablo_rviz2_control_plugin/lib:/home/y/SA_CAO/install/ception_msgs/lib:/usr/lib/x86_64-linux-gnu/gazebo-11/plugins:/opt/ros/foxy/opt/yaml_cpp_vendor/lib:/opt/ros/foxy/opt/rviz_ogre_vendor/lib:/opt/ros/foxy/lib/x86_64-linux-gnu:/opt/ros/foxy/lib PYTHONPATH=/home/y/SA_CAO/install/motion_msgs/lib/python3.8/site-packages:/home/y/SA_CAO/install/my_xbox_joystick/lib/python3.8/site-packages:/home/y/SA_CAO/install/diablo_teleop/lib/python3.8/site-packages:/home/y/SA_CAO/install/diablo_simulation/lib/python3.8/site-packages:/home/y/SA_CAO/install/ception_msgs/lib/python3.8/site-packages:/opt/ros/foxy/lib/python3.8/site-packages /usr/bin/cmake --build /home/y/SA_CAO/build/diablo_rviz2_control_plugin -- -j2 -l2
[0.085s] [ 16%] [34m[1mAutomatic MOC for target diablo_rviz2_control_plugin[0m
[0.116s] [ 16%] Built target diablo_rviz2_control_plugin_autogen
[0.168s] [100%] Built target diablo_rviz2_control_plugin
[0.180s] Invoked command in '/home/y/SA_CAO/build/diablo_rviz2_control_plugin' returned '0': CMAKE_PREFIX_PATH=/home/y/SA_CAO/install/motion_msgs:/home/y/SA_CAO/install/diablo_simpose_trans:/home/y/SA_CAO/install/diablo_ctrl:/home/y/SA_CAO/install/diablo_body:/home/y/SA_CAO/install/diablo_utils:/home/y/SA_CAO/install/diablo_rviz2_control_plugin:/home/y/SA_CAO/install/ception_msgs:/home/y/SA_CAO/install/my_xbox_joystick:/home/y/SA_CAO/install/diablo_teleop:/home/y/SA_CAO/install/diablo_simulation:/opt/ros/foxy:/home/y/oradar_ros/install/oradar_lidar LD_LIBRARY_PATH=/home/y/SA_CAO/install/motion_msgs/lib:/home/y/SA_CAO/install/diablo_body/lib:/home/y/SA_CAO/install/diablo_utils/lib:/home/y/SA_CAO/install/diablo_rviz2_control_plugin/lib:/home/y/SA_CAO/install/ception_msgs/lib:/usr/lib/x86_64-linux-gnu/gazebo-11/plugins:/opt/ros/foxy/opt/yaml_cpp_vendor/lib:/opt/ros/foxy/opt/rviz_ogre_vendor/lib:/opt/ros/foxy/lib/x86_64-linux-gnu:/opt/ros/foxy/lib PYTHONPATH=/home/y/SA_CAO/install/motion_msgs/lib/python3.8/site-packages:/home/y/SA_CAO/install/my_xbox_joystick/lib/python3.8/site-packages:/home/y/SA_CAO/install/diablo_teleop/lib/python3.8/site-packages:/home/y/SA_CAO/install/diablo_simulation/lib/python3.8/site-packages:/home/y/SA_CAO/install/ception_msgs/lib/python3.8/site-packages:/opt/ros/foxy/lib/python3.8/site-packages /usr/bin/cmake --build /home/y/SA_CAO/build/diablo_rviz2_control_plugin -- -j2 -l2
[0.181s] Invoking command in '/home/y/SA_CAO/build/diablo_rviz2_control_plugin': CMAKE_PREFIX_PATH=/home/y/SA_CAO/install/motion_msgs:/home/y/SA_CAO/install/diablo_simpose_trans:/home/y/SA_CAO/install/diablo_ctrl:/home/y/SA_CAO/install/diablo_body:/home/y/SA_CAO/install/diablo_utils:/home/y/SA_CAO/install/diablo_rviz2_control_plugin:/home/y/SA_CAO/install/ception_msgs:/home/y/SA_CAO/install/my_xbox_joystick:/home/y/SA_CAO/install/diablo_teleop:/home/y/SA_CAO/install/diablo_simulation:/opt/ros/foxy:/home/y/oradar_ros/install/oradar_lidar LD_LIBRARY_PATH=/home/y/SA_CAO/install/motion_msgs/lib:/home/y/SA_CAO/install/diablo_body/lib:/home/y/SA_CAO/install/diablo_utils/lib:/home/y/SA_CAO/install/diablo_rviz2_control_plugin/lib:/home/y/SA_CAO/install/ception_msgs/lib:/usr/lib/x86_64-linux-gnu/gazebo-11/plugins:/opt/ros/foxy/opt/yaml_cpp_vendor/lib:/opt/ros/foxy/opt/rviz_ogre_vendor/lib:/opt/ros/foxy/lib/x86_64-linux-gnu:/opt/ros/foxy/lib PYTHONPATH=/home/y/SA_CAO/install/motion_msgs/lib/python3.8/site-packages:/home/y/SA_CAO/install/my_xbox_joystick/lib/python3.8/site-packages:/home/y/SA_CAO/install/diablo_teleop/lib/python3.8/site-packages:/home/y/SA_CAO/install/diablo_simulation/lib/python3.8/site-packages:/home/y/SA_CAO/install/ception_msgs/lib/python3.8/site-packages:/opt/ros/foxy/lib/python3.8/site-packages /usr/bin/cmake --install /home/y/SA_CAO/build/diablo_rviz2_control_plugin
[0.190s] -- Install configuration: ""
[0.190s] -- Up-to-date: /home/y/SA_CAO/install/diablo_rviz2_control_plugin/lib/diablo_rviz2_control_plugin/libdiablo_rviz2_control_plugin.so
[0.191s] -- Up-to-date: /home/y/SA_CAO/install/diablo_rviz2_control_plugin/share/diablo_rviz2_control_plugin/data
[0.191s] -- Up-to-date: /home/y/SA_CAO/install/diablo_rviz2_control_plugin/share/diablo_rviz2_control_plugin/data/ddt_off_64.png
[0.191s] -- Up-to-date: /home/y/SA_CAO/install/diablo_rviz2_control_plugin/share/diablo_rviz2_control_plugin/data/title.png
[0.191s] -- Up-to-date: /home/y/SA_CAO/install/diablo_rviz2_control_plugin/share/diablo_rviz2_control_plugin/data/ddt_on_64.png
[0.192s] -- Up-to-date: /home/y/SA_CAO/install/diablo_rviz2_control_plugin/share/diablo_rviz2_control_plugin/icons
[0.192s] -- Up-to-date: /home/y/SA_CAO/install/diablo_rviz2_control_plugin/share/diablo_rviz2_control_plugin/icons/classes
[0.192s] -- Up-to-date: /home/y/SA_CAO/install/diablo_rviz2_control_plugin/share/diablo_rviz2_control_plugin/icons/classes/MissionPanel.png
[0.192s] -- Up-to-date: /home/y/SA_CAO/install/diablo_rviz2_control_plugin/share/diablo_rviz2_control_plugin/plugins_description.xml
[0.192s] -- Up-to-date: /home/y/SA_CAO/install/diablo_rviz2_control_plugin/share/diablo_rviz2_control_plugin/environment/library_path.sh
[0.192s] -- Up-to-date: /home/y/SA_CAO/install/diablo_rviz2_control_plugin/share/diablo_rviz2_control_plugin/environment/library_path.dsv
[0.193s] -- Up-to-date: /home/y/SA_CAO/install/diablo_rviz2_control_plugin/share/ament_index/resource_index/package_run_dependencies/diablo_rviz2_control_plugin
[0.193s] -- Up-to-date: /home/y/SA_CAO/install/diablo_rviz2_control_plugin/share/ament_index/resource_index/parent_prefix_path/diablo_rviz2_control_plugin
[0.193s] -- Up-to-date: /home/y/SA_CAO/install/diablo_rviz2_control_plugin/share/diablo_rviz2_control_plugin/environment/ament_prefix_path.sh
[0.193s] -- Up-to-date: /home/y/SA_CAO/install/diablo_rviz2_control_plugin/share/diablo_rviz2_control_plugin/environment/ament_prefix_path.dsv
[0.194s] -- Up-to-date: /home/y/SA_CAO/install/diablo_rviz2_control_plugin/share/diablo_rviz2_control_plugin/environment/path.sh
[0.194s] -- Up-to-date: /home/y/SA_CAO/install/diablo_rviz2_control_plugin/share/diablo_rviz2_control_plugin/environment/path.dsv
[0.194s] -- Up-to-date: /home/y/SA_CAO/install/diablo_rviz2_control_plugin/share/diablo_rviz2_control_plugin/local_setup.bash
[0.194s] -- Up-to-date: /home/y/SA_CAO/install/diablo_rviz2_control_plugin/share/diablo_rviz2_control_plugin/local_setup.sh
[0.195s] -- Up-to-date: /home/y/SA_CAO/install/diablo_rviz2_control_plugin/share/diablo_rviz2_control_plugin/local_setup.zsh
[0.195s] -- Up-to-date: /home/y/SA_CAO/install/diablo_rviz2_control_plugin/share/diablo_rviz2_control_plugin/local_setup.dsv
[0.195s] -- Installing: /home/y/SA_CAO/install/diablo_rviz2_control_plugin/share/diablo_rviz2_control_plugin/package.dsv
[0.195s] -- Up-to-date: /home/y/SA_CAO/install/diablo_rviz2_control_plugin/share/ament_index/resource_index/packages/diablo_rviz2_control_plugin
[0.196s] -- Up-to-date: /home/y/SA_CAO/install/diablo_rviz2_control_plugin/share/ament_index/resource_index/rviz_common__pluginlib__plugin/diablo_rviz2_control_plugin
[0.196s] -- Up-to-date: /home/y/SA_CAO/install/diablo_rviz2_control_plugin/share/diablo_rviz2_control_plugin/cmake/ament_cmake_export_libraries-extras.cmake
[0.196s] -- Up-to-date: /home/y/SA_CAO/install/diablo_rviz2_control_plugin/share/diablo_rviz2_control_plugin/cmake/diablo_rviz2_control_pluginConfig.cmake
[0.197s] -- Up-to-date: /home/y/SA_CAO/install/diablo_rviz2_control_plugin/share/diablo_rviz2_control_plugin/cmake/diablo_rviz2_control_pluginConfig-version.cmake
[0.198s] -- Up-to-date: /home/y/SA_CAO/install/diablo_rviz2_control_plugin/share/diablo_rviz2_control_plugin/package.xml
[0.200s] Invoked command in '/home/y/SA_CAO/build/diablo_rviz2_control_plugin' returned '0': CMAKE_PREFIX_PATH=/home/y/SA_CAO/install/motion_msgs:/home/y/SA_CAO/install/diablo_simpose_trans:/home/y/SA_CAO/install/diablo_ctrl:/home/y/SA_CAO/install/diablo_body:/home/y/SA_CAO/install/diablo_utils:/home/y/SA_CAO/install/diablo_rviz2_control_plugin:/home/y/SA_CAO/install/ception_msgs:/home/y/SA_CAO/install/my_xbox_joystick:/home/y/SA_CAO/install/diablo_teleop:/home/y/SA_CAO/install/diablo_simulation:/opt/ros/foxy:/home/y/oradar_ros/install/oradar_lidar LD_LIBRARY_PATH=/home/y/SA_CAO/install/motion_msgs/lib:/home/y/SA_CAO/install/diablo_body/lib:/home/y/SA_CAO/install/diablo_utils/lib:/home/y/SA_CAO/install/diablo_rviz2_control_plugin/lib:/home/y/SA_CAO/install/ception_msgs/lib:/usr/lib/x86_64-linux-gnu/gazebo-11/plugins:/opt/ros/foxy/opt/yaml_cpp_vendor/lib:/opt/ros/foxy/opt/rviz_ogre_vendor/lib:/opt/ros/foxy/lib/x86_64-linux-gnu:/opt/ros/foxy/lib PYTHONPATH=/home/y/SA_CAO/install/motion_msgs/lib/python3.8/site-packages:/home/y/SA_CAO/install/my_xbox_joystick/lib/python3.8/site-packages:/home/y/SA_CAO/install/diablo_teleop/lib/python3.8/site-packages:/home/y/SA_CAO/install/diablo_simulation/lib/python3.8/site-packages:/home/y/SA_CAO/install/ception_msgs/lib/python3.8/site-packages:/opt/ros/foxy/lib/python3.8/site-packages /usr/bin/cmake --install /home/y/SA_CAO/build/diablo_rviz2_control_plugin
