[0.006s] Invoking command in '/home/y/SA_CAO_Simu/SA_CAO/build/turtlebot3_navigation2': CMAKE_PREFIX_PATH=${CMAKE_PREFIX_PATH}:/home/y/SA_CAO_Simu/SA_CAO/install/turtlebot3_teleop:/home/y/SA_CAO_Simu/SA_CAO/install/turtlebot3_example:/home/y/SA_CAO_Simu/SA_CAO/install/pure_pursuit:/home/y/SA_CAO_Simu/SA_CAO/install/my_balance_pkg:/home/y/SA_CAO_Simu/SA_CAO/install/launch_diablo:/home/y/SA_CAO_Simu/SA_CAO/install/diablo_simulation:/opt/ros/foxy /usr/bin/cmake --build /home/y/SA_CAO_Simu/SA_CAO/build/turtlebot3_navigation2 -- -j2 -l2
[0.048s] Invoked command in '/home/y/SA_CAO_Simu/SA_CAO/build/turtlebot3_navigation2' returned '0': CMAKE_PREFIX_PATH=${CMAKE_PREFIX_PATH}:/home/y/SA_CAO_Simu/SA_CAO/install/turtlebot3_teleop:/home/y/SA_CAO_Simu/SA_CAO/install/turtlebot3_example:/home/y/SA_CAO_Simu/SA_CAO/install/pure_pursuit:/home/y/SA_CAO_Simu/SA_CAO/install/my_balance_pkg:/home/y/SA_CAO_Simu/SA_CAO/install/launch_diablo:/home/y/SA_CAO_Simu/SA_CAO/install/diablo_simulation:/opt/ros/foxy /usr/bin/cmake --build /home/y/SA_CAO_Simu/SA_CAO/build/turtlebot3_navigation2 -- -j2 -l2
[0.049s] Invoking command in '/home/y/SA_CAO_Simu/SA_CAO/build/turtlebot3_navigation2': CMAKE_PREFIX_PATH=${CMAKE_PREFIX_PATH}:/home/y/SA_CAO_Simu/SA_CAO/install/turtlebot3_teleop:/home/y/SA_CAO_Simu/SA_CAO/install/turtlebot3_example:/home/y/SA_CAO_Simu/SA_CAO/install/pure_pursuit:/home/y/SA_CAO_Simu/SA_CAO/install/my_balance_pkg:/home/y/SA_CAO_Simu/SA_CAO/install/launch_diablo:/home/y/SA_CAO_Simu/SA_CAO/install/diablo_simulation:/opt/ros/foxy /usr/bin/cmake --install /home/y/SA_CAO_Simu/SA_CAO/build/turtlebot3_navigation2
[0.054s] -- Install configuration: ""
[0.054s] -- Up-to-date: /home/y/SA_CAO_Simu/SA_CAO/install/turtlebot3_navigation2/share/turtlebot3_navigation2/launch
[0.054s] -- Up-to-date: /home/y/SA_CAO_Simu/SA_CAO/install/turtlebot3_navigation2/share/turtlebot3_navigation2/launch/navigation2.launch.py
[0.054s] -- Up-to-date: /home/y/SA_CAO_Simu/SA_CAO/install/turtlebot3_navigation2/share/turtlebot3_navigation2/map
[0.054s] -- Up-to-date: /home/y/SA_CAO_Simu/SA_CAO/install/turtlebot3_navigation2/share/turtlebot3_navigation2/map/turtlebot3_world.yaml
[0.054s] -- Up-to-date: /home/y/SA_CAO_Simu/SA_CAO/install/turtlebot3_navigation2/share/turtlebot3_navigation2/map/turtlebot3_world.pgm
[0.054s] -- Up-to-date: /home/y/SA_CAO_Simu/SA_CAO/install/turtlebot3_navigation2/share/turtlebot3_navigation2/param
[0.054s] -- Up-to-date: /home/y/SA_CAO_Simu/SA_CAO/install/turtlebot3_navigation2/share/turtlebot3_navigation2/param/waffle.yaml
[0.054s] -- Up-to-date: /home/y/SA_CAO_Simu/SA_CAO/install/turtlebot3_navigation2/share/turtlebot3_navigation2/param/waffle_pi.yaml
[0.054s] -- Up-to-date: /home/y/SA_CAO_Simu/SA_CAO/install/turtlebot3_navigation2/share/turtlebot3_navigation2/param/burger.yaml
[0.054s] -- Up-to-date: /home/y/SA_CAO_Simu/SA_CAO/install/turtlebot3_navigation2/share/turtlebot3_navigation2/rviz
[0.054s] -- Up-to-date: /home/y/SA_CAO_Simu/SA_CAO/install/turtlebot3_navigation2/share/turtlebot3_navigation2/rviz/tb3_navigation2.rviz
[0.054s] -- Up-to-date: /home/y/SA_CAO_Simu/SA_CAO/install/turtlebot3_navigation2/share/ament_index/resource_index/package_run_dependencies/turtlebot3_navigation2
[0.054s] -- Up-to-date: /home/y/SA_CAO_Simu/SA_CAO/install/turtlebot3_navigation2/share/ament_index/resource_index/parent_prefix_path/turtlebot3_navigation2
[0.054s] -- Up-to-date: /home/y/SA_CAO_Simu/SA_CAO/install/turtlebot3_navigation2/share/turtlebot3_navigation2/environment/ament_prefix_path.sh
[0.054s] -- Up-to-date: /home/y/SA_CAO_Simu/SA_CAO/install/turtlebot3_navigation2/share/turtlebot3_navigation2/environment/ament_prefix_path.dsv
[0.054s] -- Up-to-date: /home/y/SA_CAO_Simu/SA_CAO/install/turtlebot3_navigation2/share/turtlebot3_navigation2/environment/path.sh
[0.055s] -- Up-to-date: /home/y/SA_CAO_Simu/SA_CAO/install/turtlebot3_navigation2/share/turtlebot3_navigation2/environment/path.dsv
[0.055s] -- Up-to-date: /home/y/SA_CAO_Simu/SA_CAO/install/turtlebot3_navigation2/share/turtlebot3_navigation2/local_setup.bash
[0.055s] -- Up-to-date: /home/y/SA_CAO_Simu/SA_CAO/install/turtlebot3_navigation2/share/turtlebot3_navigation2/local_setup.sh
[0.055s] -- Up-to-date: /home/y/SA_CAO_Simu/SA_CAO/install/turtlebot3_navigation2/share/turtlebot3_navigation2/local_setup.zsh
[0.055s] -- Up-to-date: /home/y/SA_CAO_Simu/SA_CAO/install/turtlebot3_navigation2/share/turtlebot3_navigation2/local_setup.dsv
[0.055s] -- Installing: /home/y/SA_CAO_Simu/SA_CAO/install/turtlebot3_navigation2/share/turtlebot3_navigation2/package.dsv
[0.055s] -- Up-to-date: /home/y/SA_CAO_Simu/SA_CAO/install/turtlebot3_navigation2/share/ament_index/resource_index/packages/turtlebot3_navigation2
[0.055s] -- Up-to-date: /home/y/SA_CAO_Simu/SA_CAO/install/turtlebot3_navigation2/share/turtlebot3_navigation2/cmake/turtlebot3_navigation2Config.cmake
[0.055s] -- Up-to-date: /home/y/SA_CAO_Simu/SA_CAO/install/turtlebot3_navigation2/share/turtlebot3_navigation2/cmake/turtlebot3_navigation2Config-version.cmake
[0.055s] -- Up-to-date: /home/y/SA_CAO_Simu/SA_CAO/install/turtlebot3_navigation2/share/turtlebot3_navigation2/package.xml
[0.055s] Invoked command in '/home/y/SA_CAO_Simu/SA_CAO/build/turtlebot3_navigation2' returned '0': CMAKE_PREFIX_PATH=${CMAKE_PREFIX_PATH}:/home/y/SA_CAO_Simu/SA_CAO/install/turtlebot3_teleop:/home/y/SA_CAO_Simu/SA_CAO/install/turtlebot3_example:/home/y/SA_CAO_Simu/SA_CAO/install/pure_pursuit:/home/y/SA_CAO_Simu/SA_CAO/install/my_balance_pkg:/home/y/SA_CAO_Simu/SA_CAO/install/launch_diablo:/home/y/SA_CAO_Simu/SA_CAO/install/diablo_simulation:/opt/ros/foxy /usr/bin/cmake --install /home/y/SA_CAO_Simu/SA_CAO/build/turtlebot3_navigation2
