[0.012s] Invoking command in '/home/y/SA_CAO_Simu/SA_CAO/build/dynamixel_sdk': CMAKE_PREFIX_PATH=${CMAKE_PREFIX_PATH}:/home/y/SA_CAO_Simu/SA_CAO/install/turtlebot3_teleop:/home/y/SA_CAO_Simu/SA_CAO/install/turtlebot3_example:/home/y/SA_CAO_Simu/SA_CAO/install/pure_pursuit:/home/y/SA_CAO_Simu/SA_CAO/install/my_balance_pkg:/home/y/SA_CAO_Simu/SA_CAO/install/launch_diablo:/home/y/SA_CAO_Simu/SA_CAO/install/diablo_simulation:/opt/ros/foxy /usr/bin/cmake --build /home/y/SA_CAO_Simu/SA_CAO/build/dynamixel_sdk -- -j2 -l2
[0.051s] [100%] Built target dynamixel_sdk
[0.058s] Invoked command in '/home/y/SA_CAO_Simu/SA_CAO/build/dynamixel_sdk' returned '0': CMAKE_PREFIX_PATH=${CMAKE_PREFIX_PATH}:/home/y/SA_CAO_Simu/SA_CAO/install/turtlebot3_teleop:/home/y/SA_CAO_Simu/SA_CAO/install/turtlebot3_example:/home/y/SA_CAO_Simu/SA_CAO/install/pure_pursuit:/home/y/SA_CAO_Simu/SA_CAO/install/my_balance_pkg:/home/y/SA_CAO_Simu/SA_CAO/install/launch_diablo:/home/y/SA_CAO_Simu/SA_CAO/install/diablo_simulation:/opt/ros/foxy /usr/bin/cmake --build /home/y/SA_CAO_Simu/SA_CAO/build/dynamixel_sdk -- -j2 -l2
[0.059s] Invoking command in '/home/y/SA_CAO_Simu/SA_CAO/build/dynamixel_sdk': CMAKE_PREFIX_PATH=${CMAKE_PREFIX_PATH}:/home/y/SA_CAO_Simu/SA_CAO/install/turtlebot3_teleop:/home/y/SA_CAO_Simu/SA_CAO/install/turtlebot3_example:/home/y/SA_CAO_Simu/SA_CAO/install/pure_pursuit:/home/y/SA_CAO_Simu/SA_CAO/install/my_balance_pkg:/home/y/SA_CAO_Simu/SA_CAO/install/launch_diablo:/home/y/SA_CAO_Simu/SA_CAO/install/diablo_simulation:/opt/ros/foxy /usr/bin/cmake --install /home/y/SA_CAO_Simu/SA_CAO/build/dynamixel_sdk
[0.065s] -- Install configuration: ""
[0.065s] -- Up-to-date: /home/y/SA_CAO_Simu/SA_CAO/install/dynamixel_sdk/include/
[0.065s] -- Up-to-date: /home/y/SA_CAO_Simu/SA_CAO/install/dynamixel_sdk/include//dynamixel_sdk
[0.065s] -- Up-to-date: /home/y/SA_CAO_Simu/SA_CAO/install/dynamixel_sdk/include//dynamixel_sdk/group_bulk_read.h
[0.065s] -- Up-to-date: /home/y/SA_CAO_Simu/SA_CAO/install/dynamixel_sdk/include//dynamixel_sdk/protocol1_packet_handler.h
[0.065s] -- Up-to-date: /home/y/SA_CAO_Simu/SA_CAO/install/dynamixel_sdk/include//dynamixel_sdk/group_bulk_write.h
[0.065s] -- Up-to-date: /home/y/SA_CAO_Simu/SA_CAO/install/dynamixel_sdk/include//dynamixel_sdk/port_handler_linux.h
[0.065s] -- Up-to-date: /home/y/SA_CAO_Simu/SA_CAO/install/dynamixel_sdk/include//dynamixel_sdk/group_sync_read.h
[0.065s] -- Up-to-date: /home/y/SA_CAO_Simu/SA_CAO/install/dynamixel_sdk/include//dynamixel_sdk/dynamixel_sdk.h
[0.065s] -- Up-to-date: /home/y/SA_CAO_Simu/SA_CAO/install/dynamixel_sdk/include//dynamixel_sdk/packet_handler.h
[0.065s] -- Up-to-date: /home/y/SA_CAO_Simu/SA_CAO/install/dynamixel_sdk/include//dynamixel_sdk/port_handler_arduino.h
[0.065s] -- Up-to-date: /home/y/SA_CAO_Simu/SA_CAO/install/dynamixel_sdk/include//dynamixel_sdk/group_sync_write.h
[0.065s] -- Up-to-date: /home/y/SA_CAO_Simu/SA_CAO/install/dynamixel_sdk/include//dynamixel_sdk/port_handler_mac.h
[0.065s] -- Up-to-date: /home/y/SA_CAO_Simu/SA_CAO/install/dynamixel_sdk/include//dynamixel_sdk/protocol2_packet_handler.h
[0.065s] -- Up-to-date: /home/y/SA_CAO_Simu/SA_CAO/install/dynamixel_sdk/include//dynamixel_sdk/port_handler_windows.h
[0.065s] -- Up-to-date: /home/y/SA_CAO_Simu/SA_CAO/install/dynamixel_sdk/include//dynamixel_sdk/port_handler.h
[0.065s] -- Up-to-date: /home/y/SA_CAO_Simu/SA_CAO/install/dynamixel_sdk/lib/libdynamixel_sdk.so
[0.065s] -- Up-to-date: /home/y/SA_CAO_Simu/SA_CAO/install/dynamixel_sdk/share/dynamixel_sdk/environment/library_path.sh
[0.065s] -- Up-to-date: /home/y/SA_CAO_Simu/SA_CAO/install/dynamixel_sdk/share/dynamixel_sdk/environment/library_path.dsv
[0.065s] -- Up-to-date: /home/y/SA_CAO_Simu/SA_CAO/install/dynamixel_sdk/share/ament_index/resource_index/package_run_dependencies/dynamixel_sdk
[0.065s] -- Up-to-date: /home/y/SA_CAO_Simu/SA_CAO/install/dynamixel_sdk/share/ament_index/resource_index/parent_prefix_path/dynamixel_sdk
[0.066s] -- Up-to-date: /home/y/SA_CAO_Simu/SA_CAO/install/dynamixel_sdk/share/dynamixel_sdk/environment/ament_prefix_path.sh
[0.066s] -- Up-to-date: /home/y/SA_CAO_Simu/SA_CAO/install/dynamixel_sdk/share/dynamixel_sdk/environment/ament_prefix_path.dsv
[0.066s] -- Up-to-date: /home/y/SA_CAO_Simu/SA_CAO/install/dynamixel_sdk/share/dynamixel_sdk/environment/path.sh
[0.066s] -- Up-to-date: /home/y/SA_CAO_Simu/SA_CAO/install/dynamixel_sdk/share/dynamixel_sdk/environment/path.dsv
[0.066s] -- Up-to-date: /home/y/SA_CAO_Simu/SA_CAO/install/dynamixel_sdk/share/dynamixel_sdk/local_setup.bash
[0.066s] -- Up-to-date: /home/y/SA_CAO_Simu/SA_CAO/install/dynamixel_sdk/share/dynamixel_sdk/local_setup.sh
[0.067s] -- Up-to-date: /home/y/SA_CAO_Simu/SA_CAO/install/dynamixel_sdk/share/dynamixel_sdk/local_setup.zsh
[0.067s] -- Up-to-date: /home/y/SA_CAO_Simu/SA_CAO/install/dynamixel_sdk/share/dynamixel_sdk/local_setup.dsv
[0.067s] -- Installing: /home/y/SA_CAO_Simu/SA_CAO/install/dynamixel_sdk/share/dynamixel_sdk/package.dsv
[0.067s] -- Up-to-date: /home/y/SA_CAO_Simu/SA_CAO/install/dynamixel_sdk/share/ament_index/resource_index/packages/dynamixel_sdk
[0.067s] -- Up-to-date: /home/y/SA_CAO_Simu/SA_CAO/install/dynamixel_sdk/share/dynamixel_sdk/cmake/ament_cmake_export_include_directories-extras.cmake
[0.067s] -- Up-to-date: /home/y/SA_CAO_Simu/SA_CAO/install/dynamixel_sdk/share/dynamixel_sdk/cmake/ament_cmake_export_libraries-extras.cmake
[0.067s] -- Up-to-date: /home/y/SA_CAO_Simu/SA_CAO/install/dynamixel_sdk/share/dynamixel_sdk/cmake/dynamixel_sdkConfig.cmake
[0.067s] -- Up-to-date: /home/y/SA_CAO_Simu/SA_CAO/install/dynamixel_sdk/share/dynamixel_sdk/cmake/dynamixel_sdkConfig-version.cmake
[0.067s] -- Up-to-date: /home/y/SA_CAO_Simu/SA_CAO/install/dynamixel_sdk/share/dynamixel_sdk/package.xml
[0.069s] Invoked command in '/home/y/SA_CAO_Simu/SA_CAO/build/dynamixel_sdk' returned '0': CMAKE_PREFIX_PATH=${CMAKE_PREFIX_PATH}:/home/y/SA_CAO_Simu/SA_CAO/install/turtlebot3_teleop:/home/y/SA_CAO_Simu/SA_CAO/install/turtlebot3_example:/home/y/SA_CAO_Simu/SA_CAO/install/pure_pursuit:/home/y/SA_CAO_Simu/SA_CAO/install/my_balance_pkg:/home/y/SA_CAO_Simu/SA_CAO/install/launch_diablo:/home/y/SA_CAO_Simu/SA_CAO/install/diablo_simulation:/opt/ros/foxy /usr/bin/cmake --install /home/y/SA_CAO_Simu/SA_CAO/build/dynamixel_sdk
