[0.018s] Invoking command in '/home/y/SA_CAO_Simu/SA_CAO/build/turtlebot3_msgs': CMAKE_PREFIX_PATH=${CMAKE_PREFIX_PATH}:/home/y/SA_CAO_Simu/SA_CAO/install/turtlebot3_teleop:/home/y/SA_CAO_Simu/SA_CAO/install/turtlebot3_example:/home/y/SA_CAO_Simu/SA_CAO/install/pure_pursuit:/home/y/SA_CAO_Simu/SA_CAO/install/my_balance_pkg:/home/y/SA_CAO_Simu/SA_CAO/install/launch_diablo:/opt/ros/foxy /usr/bin/cmake /home/y/SA_CAO_Simu/SA_CAO/src/turtlebot3/turtlebot3_msgs -DCMAKE_INSTALL_PREFIX=/home/y/SA_CAO_Simu/SA_CAO/install/turtlebot3_msgs
[0.059s] -- The C compiler identification is GNU 9.4.0
[0.084s] -- The CXX compiler identification is GNU 9.4.0
[0.086s] -- Check for working C compiler: /usr/bin/cc
[0.127s] -- Check for working C compiler: /usr/bin/cc -- works
[0.127s] -- Detecting C compiler ABI info
[0.172s] -- Detecting C compiler ABI info - done
[0.177s] -- Detecting C compile features
[0.177s] -- Detecting C compile features - done
[0.178s] -- Check for working CXX compiler: /usr/bin/c++
[0.232s] -- Check for working CXX compiler: /usr/bin/c++ -- works
[0.232s] -- Detecting CXX compiler ABI info
[0.282s] -- Detecting CXX compiler ABI info - done
[0.287s] -- Detecting CXX compile features
[0.287s] -- Detecting CXX compile features - done
[0.289s] -- Found action_msgs: 1.0.0 (/opt/ros/foxy/share/action_msgs/cmake)
[0.300s] -- Found PythonInterp: /usr/bin/python3 (found suitable version "3.8.10", minimum required is "3") 
[0.300s] -- Using PYTHON_EXECUTABLE: /usr/bin/python3
[0.396s] -- Using all available rosidl_typesupport_c: rosidl_typesupport_fastrtps_c;rosidl_typesupport_introspection_c
[0.399s] -- Found rosidl_adapter: 1.3.1 (/opt/ros/foxy/share/rosidl_adapter/cmake)
[0.486s] -- Found OpenSSL: /usr/lib/aarch64-linux-gnu/libcrypto.so (found version "1.1.1f")  
[0.509s] -- Found FastRTPS: /opt/ros/foxy/include  
[0.556s] -- Using all available rosidl_typesupport_cpp: rosidl_typesupport_fastrtps_cpp;rosidl_typesupport_introspection_cpp
[0.591s] -- Found rosidl_default_generators: 1.0.1 (/opt/ros/foxy/share/rosidl_default_generators/cmake)
[0.599s] -- Found std_msgs: 2.0.5 (/opt/ros/foxy/share/std_msgs/cmake)
[0.618s] -- Found PythonInterp: /usr/bin/python3 (found version "3.8.10") 
[0.751s] -- Found ament_cmake_cppcheck: 0.9.8 (/opt/ros/foxy/share/ament_cmake_cppcheck/cmake)
[0.754s] -- Found ament_cmake_cpplint: 0.9.8 (/opt/ros/foxy/share/ament_cmake_cpplint/cmake)
[0.757s] -- Found ament_cmake_uncrustify: 0.9.8 (/opt/ros/foxy/share/ament_cmake_uncrustify/cmake)
[0.759s] -- Found ament_cmake_ros: 0.9.2 (/opt/ros/foxy/share/ament_cmake_ros/cmake)
[0.961s] -- Using all available rosidl_typesupport_c: rosidl_typesupport_fastrtps_c;rosidl_typesupport_introspection_c
[1.003s] -- Using all available rosidl_typesupport_cpp: rosidl_typesupport_fastrtps_cpp;rosidl_typesupport_introspection_cpp
[1.036s] -- Found PythonInterp: /usr/bin/python3 (found suitable version "3.8.10", minimum required is "3.5") 
[1.037s] -- Found python_cmake_module: 0.8.1 (/opt/ros/foxy/share/python_cmake_module/cmake)
[1.064s] -- Found PythonLibs: /usr/lib/aarch64-linux-gnu/libpython3.8.so (found suitable version "3.8.10", minimum required is "3.5") 
[1.064s] -- Using PYTHON_EXECUTABLE: /usr/bin/python3
[1.064s] -- Using PYTHON_INCLUDE_DIRS: /usr/include/python3.8
[1.064s] -- Using PYTHON_LIBRARIES: /usr/lib/aarch64-linux-gnu/libpython3.8.so
[1.077s] -- Found PythonExtra: .so  
[1.111s] -- Found ament_cmake_flake8: 0.9.8 (/opt/ros/foxy/share/ament_cmake_flake8/cmake)
[1.113s] -- Found ament_cmake_pep257: 0.9.8 (/opt/ros/foxy/share/ament_cmake_pep257/cmake)
[1.118s] -- Configuring done
[1.153s] -- Generating done
[1.162s] -- Build files have been written to: /home/y/SA_CAO_Simu/SA_CAO/build/turtlebot3_msgs
[1.167s] Invoked command in '/home/y/SA_CAO_Simu/SA_CAO/build/turtlebot3_msgs' returned '0': CMAKE_PREFIX_PATH=${CMAKE_PREFIX_PATH}:/home/y/SA_CAO_Simu/SA_CAO/install/turtlebot3_teleop:/home/y/SA_CAO_Simu/SA_CAO/install/turtlebot3_example:/home/y/SA_CAO_Simu/SA_CAO/install/pure_pursuit:/home/y/SA_CAO_Simu/SA_CAO/install/my_balance_pkg:/home/y/SA_CAO_Simu/SA_CAO/install/launch_diablo:/opt/ros/foxy /usr/bin/cmake /home/y/SA_CAO_Simu/SA_CAO/src/turtlebot3/turtlebot3_msgs -DCMAKE_INSTALL_PREFIX=/home/y/SA_CAO_Simu/SA_CAO/install/turtlebot3_msgs
[1.167s] Invoking command in '/home/y/SA_CAO_Simu/SA_CAO/build/turtlebot3_msgs': CMAKE_PREFIX_PATH=${CMAKE_PREFIX_PATH}:/home/y/SA_CAO_Simu/SA_CAO/install/turtlebot3_teleop:/home/y/SA_CAO_Simu/SA_CAO/install/turtlebot3_example:/home/y/SA_CAO_Simu/SA_CAO/install/pure_pursuit:/home/y/SA_CAO_Simu/SA_CAO/install/my_balance_pkg:/home/y/SA_CAO_Simu/SA_CAO/install/launch_diablo:/opt/ros/foxy /usr/bin/cmake --build /home/y/SA_CAO_Simu/SA_CAO/build/turtlebot3_msgs -- -j2 -l2
[1.194s] [  1%] [34m[1mGenerating C code for ROS interfaces[0m
[1.204s] [35m[1mScanning dependencies of target turtlebot3_msgs__cpp[0m
[1.223s] [  2%] [34m[1mGenerating C++ code for ROS interfaces[0m
[1.789s] [35m[1mScanning dependencies of target turtlebot3_msgs__rosidl_generator_c[0m
[1.801s] [  4%] [32mBuilding C object CMakeFiles/turtlebot3_msgs__rosidl_generator_c.dir/rosidl_generator_c/turtlebot3_msgs/msg/detail/sensor_state__functions.c.o[0m
[1.822s] [  4%] Built target turtlebot3_msgs__cpp
[1.838s] [  5%] [34m[1mGenerating C++ type support dispatch for ROS interfaces[0m
[1.839s] [  7%] [32mBuilding C object CMakeFiles/turtlebot3_msgs__rosidl_generator_c.dir/rosidl_generator_c/turtlebot3_msgs/msg/detail/sound__functions.c.o[0m
[1.875s] [  8%] [32mBuilding C object CMakeFiles/turtlebot3_msgs__rosidl_generator_c.dir/rosidl_generator_c/turtlebot3_msgs/msg/detail/version_info__functions.c.o[0m
[1.898s] [  9%] [32mBuilding C object CMakeFiles/turtlebot3_msgs__rosidl_generator_c.dir/rosidl_generator_c/turtlebot3_msgs/srv/detail/sound__functions.c.o[0m
[1.942s] [ 11%] [32mBuilding C object CMakeFiles/turtlebot3_msgs__rosidl_generator_c.dir/rosidl_generator_c/turtlebot3_msgs/srv/detail/dqn__functions.c.o[0m
[2.002s] [ 12%] [32mBuilding C object CMakeFiles/turtlebot3_msgs__rosidl_generator_c.dir/rosidl_generator_c/turtlebot3_msgs/action/detail/patrol__functions.c.o[0m
[2.098s] [ 14%] [32m[1mLinking C shared library libturtlebot3_msgs__rosidl_generator_c.so[0m
[2.125s] [ 14%] Built target turtlebot3_msgs__rosidl_generator_c
[2.127s] [35m[1mScanning dependencies of target turtlebot3_msgs__rosidl_typesupport_cpp[0m
[2.137s] [ 15%] [34m[1mGenerating C++ type support for eProsima Fast-RTPS[0m
[2.155s] [ 16%] [32mBuilding CXX object CMakeFiles/turtlebot3_msgs__rosidl_typesupport_cpp.dir/rosidl_typesupport_cpp/turtlebot3_msgs/msg/sensor_state__type_support.cpp.o[0m
[2.339s] [ 18%] [32mBuilding CXX object CMakeFiles/turtlebot3_msgs__rosidl_typesupport_cpp.dir/rosidl_typesupport_cpp/turtlebot3_msgs/msg/sound__type_support.cpp.o[0m
[2.512s] [ 19%] [32mBuilding CXX object CMakeFiles/turtlebot3_msgs__rosidl_typesupport_cpp.dir/rosidl_typesupport_cpp/turtlebot3_msgs/msg/version_info__type_support.cpp.o[0m
[2.531s] [35m[1mScanning dependencies of target turtlebot3_msgs__rosidl_typesupport_fastrtps_cpp[0m
[2.546s] [ 21%] [32mBuilding CXX object CMakeFiles/turtlebot3_msgs__rosidl_typesupport_fastrtps_cpp.dir/rosidl_typesupport_fastrtps_cpp/turtlebot3_msgs/msg/detail/dds_fastrtps/sensor_state__type_support.cpp.o[0m
[2.685s] [ 22%] [32mBuilding CXX object CMakeFiles/turtlebot3_msgs__rosidl_typesupport_cpp.dir/rosidl_typesupport_cpp/turtlebot3_msgs/srv/sound__type_support.cpp.o[0m
[2.756s] [ 23%] [32mBuilding CXX object CMakeFiles/turtlebot3_msgs__rosidl_typesupport_fastrtps_cpp.dir/rosidl_typesupport_fastrtps_cpp/turtlebot3_msgs/msg/detail/dds_fastrtps/sound__type_support.cpp.o[0m
[2.806s] [ 25%] [32mBuilding CXX object CMakeFiles/turtlebot3_msgs__rosidl_typesupport_cpp.dir/rosidl_typesupport_cpp/turtlebot3_msgs/srv/dqn__type_support.cpp.o[0m
[2.919s] [ 26%] [32mBuilding CXX object CMakeFiles/turtlebot3_msgs__rosidl_typesupport_cpp.dir/rosidl_typesupport_cpp/turtlebot3_msgs/action/patrol__type_support.cpp.o[0m
[3.002s] [ 28%] [32mBuilding CXX object CMakeFiles/turtlebot3_msgs__rosidl_typesupport_fastrtps_cpp.dir/rosidl_typesupport_fastrtps_cpp/turtlebot3_msgs/msg/detail/dds_fastrtps/version_info__type_support.cpp.o[0m
[3.032s] [ 29%] [32m[1mLinking CXX shared library libturtlebot3_msgs__rosidl_typesupport_cpp.so[0m
[3.049s] [ 29%] Built target turtlebot3_msgs__rosidl_typesupport_cpp
[3.059s] [ 30%] [34m[1mGenerating C++ introspection for ROS interfaces[0m
[3.204s] [ 32%] [32mBuilding CXX object CMakeFiles/turtlebot3_msgs__rosidl_typesupport_fastrtps_cpp.dir/rosidl_typesupport_fastrtps_cpp/turtlebot3_msgs/srv/detail/dds_fastrtps/sound__type_support.cpp.o[0m
[3.411s] [ 33%] [32mBuilding CXX object CMakeFiles/turtlebot3_msgs__rosidl_typesupport_fastrtps_cpp.dir/rosidl_typesupport_fastrtps_cpp/turtlebot3_msgs/srv/detail/dds_fastrtps/dqn__type_support.cpp.o[0m
[3.426s] [35m[1mScanning dependencies of target turtlebot3_msgs__rosidl_typesupport_introspection_cpp[0m
[3.445s] [ 35%] [32mBuilding CXX object CMakeFiles/turtlebot3_msgs__rosidl_typesupport_introspection_cpp.dir/rosidl_typesupport_introspection_cpp/turtlebot3_msgs/msg/detail/sensor_state__type_support.cpp.o[0m
[3.578s] [ 36%] [32mBuilding CXX object CMakeFiles/turtlebot3_msgs__rosidl_typesupport_introspection_cpp.dir/rosidl_typesupport_introspection_cpp/turtlebot3_msgs/msg/detail/sound__type_support.cpp.o[0m
[3.703s] [ 38%] [32mBuilding CXX object CMakeFiles/turtlebot3_msgs__rosidl_typesupport_introspection_cpp.dir/rosidl_typesupport_introspection_cpp/turtlebot3_msgs/msg/detail/version_info__type_support.cpp.o[0m
[3.715s] [ 39%] [32mBuilding CXX object CMakeFiles/turtlebot3_msgs__rosidl_typesupport_fastrtps_cpp.dir/rosidl_typesupport_fastrtps_cpp/turtlebot3_msgs/action/detail/dds_fastrtps/patrol__type_support.cpp.o[0m
[3.825s] [ 40%] [32mBuilding CXX object CMakeFiles/turtlebot3_msgs__rosidl_typesupport_introspection_cpp.dir/rosidl_typesupport_introspection_cpp/turtlebot3_msgs/srv/detail/sound__type_support.cpp.o[0m
[3.956s] [ 42%] [32m[1mLinking CXX shared library libturtlebot3_msgs__rosidl_typesupport_fastrtps_cpp.so[0m
[4.003s] [ 42%] Built target turtlebot3_msgs__rosidl_typesupport_fastrtps_cpp
[4.007s] [ 43%] [32mBuilding CXX object CMakeFiles/turtlebot3_msgs__rosidl_typesupport_introspection_cpp.dir/rosidl_typesupport_introspection_cpp/turtlebot3_msgs/srv/detail/dqn__type_support.cpp.o[0m
[4.027s] [ 45%] [34m[1mGenerating C type support dispatch for ROS interfaces[0m
[4.224s] [ 46%] [32mBuilding CXX object CMakeFiles/turtlebot3_msgs__rosidl_typesupport_introspection_cpp.dir/rosidl_typesupport_introspection_cpp/turtlebot3_msgs/action/detail/patrol__type_support.cpp.o[0m
[4.392s] [ 47%] [32m[1mLinking CXX shared library libturtlebot3_msgs__rosidl_typesupport_introspection_cpp.so[0m
[4.426s] [ 47%] Built target turtlebot3_msgs__rosidl_typesupport_introspection_cpp
[4.432s] [ 49%] [34m[1mGenerating C introspection for ROS interfaces[0m
[4.492s] [35m[1mScanning dependencies of target turtlebot3_msgs__rosidl_typesupport_c[0m
[4.524s] [ 50%] [32mBuilding CXX object CMakeFiles/turtlebot3_msgs__rosidl_typesupport_c.dir/rosidl_typesupport_c/turtlebot3_msgs/msg/sensor_state__type_support.cpp.o[0m
[4.580s] [ 52%] [32mBuilding CXX object CMakeFiles/turtlebot3_msgs__rosidl_typesupport_c.dir/rosidl_typesupport_c/turtlebot3_msgs/msg/sound__type_support.cpp.o[0m
[4.636s] [ 53%] [32mBuilding CXX object CMakeFiles/turtlebot3_msgs__rosidl_typesupport_c.dir/rosidl_typesupport_c/turtlebot3_msgs/msg/version_info__type_support.cpp.o[0m
[4.691s] [ 54%] [32mBuilding CXX object CMakeFiles/turtlebot3_msgs__rosidl_typesupport_c.dir/rosidl_typesupport_c/turtlebot3_msgs/srv/sound__type_support.cpp.o[0m
[4.751s] [ 56%] [32mBuilding CXX object CMakeFiles/turtlebot3_msgs__rosidl_typesupport_c.dir/rosidl_typesupport_c/turtlebot3_msgs/srv/dqn__type_support.cpp.o[0m
[4.808s] [ 57%] [32mBuilding CXX object CMakeFiles/turtlebot3_msgs__rosidl_typesupport_c.dir/rosidl_typesupport_c/turtlebot3_msgs/action/patrol__type_support.cpp.o[0m
[4.876s] [ 59%] [32m[1mLinking CXX shared library libturtlebot3_msgs__rosidl_typesupport_c.so[0m
[4.910s] [ 59%] Built target turtlebot3_msgs__rosidl_typesupport_c
[4.918s] [ 60%] [34m[1mGenerating C type support for eProsima Fast-RTPS[0m
[5.010s] [35m[1mScanning dependencies of target turtlebot3_msgs__rosidl_typesupport_introspection_c[0m
[5.045s] [ 61%] [32mBuilding C object CMakeFiles/turtlebot3_msgs__rosidl_typesupport_introspection_c.dir/rosidl_typesupport_introspection_c/turtlebot3_msgs/msg/detail/sensor_state__type_support.c.o[0m
[5.102s] [ 63%] [32mBuilding C object CMakeFiles/turtlebot3_msgs__rosidl_typesupport_introspection_c.dir/rosidl_typesupport_introspection_c/turtlebot3_msgs/msg/detail/sound__type_support.c.o[0m
[5.159s] [ 64%] [32mBuilding C object CMakeFiles/turtlebot3_msgs__rosidl_typesupport_introspection_c.dir/rosidl_typesupport_introspection_c/turtlebot3_msgs/msg/detail/version_info__type_support.c.o[0m
[5.215s] [ 66%] [32mBuilding C object CMakeFiles/turtlebot3_msgs__rosidl_typesupport_introspection_c.dir/rosidl_typesupport_introspection_c/turtlebot3_msgs/srv/detail/sound__type_support.c.o[0m
[5.272s] [ 67%] [32mBuilding C object CMakeFiles/turtlebot3_msgs__rosidl_typesupport_introspection_c.dir/rosidl_typesupport_introspection_c/turtlebot3_msgs/srv/detail/dqn__type_support.c.o[0m
[5.332s] [ 69%] [32mBuilding C object CMakeFiles/turtlebot3_msgs__rosidl_typesupport_introspection_c.dir/rosidl_typesupport_introspection_c/turtlebot3_msgs/action/detail/patrol__type_support.c.o[0m
[5.393s] [ 70%] [32m[1mLinking C shared library libturtlebot3_msgs__rosidl_typesupport_introspection_c.so[0m
[5.421s] [ 70%] Built target turtlebot3_msgs__rosidl_typesupport_introspection_c
[5.447s] [35m[1mScanning dependencies of target turtlebot3_msgs__rosidl_typesupport_fastrtps_c[0m
[5.462s] [ 71%] [32mBuilding CXX object CMakeFiles/turtlebot3_msgs__rosidl_typesupport_fastrtps_c.dir/rosidl_typesupport_fastrtps_c/turtlebot3_msgs/msg/detail/sensor_state__type_support_c.cpp.o[0m
[5.469s] [ 73%] [32mBuilding CXX object CMakeFiles/turtlebot3_msgs__rosidl_typesupport_fastrtps_c.dir/rosidl_typesupport_fastrtps_c/turtlebot3_msgs/msg/detail/sound__type_support_c.cpp.o[0m
[5.658s] [ 74%] [32mBuilding CXX object CMakeFiles/turtlebot3_msgs__rosidl_typesupport_fastrtps_c.dir/rosidl_typesupport_fastrtps_c/turtlebot3_msgs/msg/detail/version_info__type_support_c.cpp.o[0m
[5.700s] [ 76%] [32mBuilding CXX object CMakeFiles/turtlebot3_msgs__rosidl_typesupport_fastrtps_c.dir/rosidl_typesupport_fastrtps_c/turtlebot3_msgs/srv/detail/sound__type_support_c.cpp.o[0m
[5.817s] [ 77%] [32mBuilding CXX object CMakeFiles/turtlebot3_msgs__rosidl_typesupport_fastrtps_c.dir/rosidl_typesupport_fastrtps_c/turtlebot3_msgs/srv/detail/dqn__type_support_c.cpp.o[0m
[5.894s] [ 78%] [32mBuilding CXX object CMakeFiles/turtlebot3_msgs__rosidl_typesupport_fastrtps_c.dir/rosidl_typesupport_fastrtps_c/turtlebot3_msgs/action/detail/patrol__type_support_c.cpp.o[0m
[6.064s] [ 80%] [32m[1mLinking CXX shared library libturtlebot3_msgs__rosidl_typesupport_fastrtps_c.so[0m
[6.108s] [ 80%] Built target turtlebot3_msgs__rosidl_typesupport_fastrtps_c
[6.116s] [35m[1mScanning dependencies of target turtlebot3_msgs[0m
[6.121s] [ 80%] Built target turtlebot3_msgs
[6.127s] [35m[1mScanning dependencies of target turtlebot3_msgs__py[0m
[6.135s] [ 81%] [34m[1mGenerating Python code for ROS interfaces[0m
[7.038s] [ 81%] Built target turtlebot3_msgs__py
[7.044s] [35m[1mScanning dependencies of target turtlebot3_msgs__python[0m
[7.082s] [ 83%] [32mBuilding C object CMakeFiles/turtlebot3_msgs__python.dir/rosidl_generator_py/turtlebot3_msgs/msg/_sensor_state_s.c.o[0m
[7.087s] [ 84%] [32mBuilding C object CMakeFiles/turtlebot3_msgs__python.dir/rosidl_generator_py/turtlebot3_msgs/msg/_sound_s.c.o[0m
[7.191s] [ 85%] [32mBuilding C object CMakeFiles/turtlebot3_msgs__python.dir/rosidl_generator_py/turtlebot3_msgs/msg/_version_info_s.c.o[0m
[7.196s] [ 87%] [32mBuilding C object CMakeFiles/turtlebot3_msgs__python.dir/rosidl_generator_py/turtlebot3_msgs/srv/_sound_s.c.o[0m
[7.268s] [ 88%] [32mBuilding C object CMakeFiles/turtlebot3_msgs__python.dir/rosidl_generator_py/turtlebot3_msgs/srv/_dqn_s.c.o[0m
[7.271s] [ 90%] [32mBuilding C object CMakeFiles/turtlebot3_msgs__python.dir/rosidl_generator_py/turtlebot3_msgs/action/_patrol_s.c.o[0m
[7.361s] [ 91%] [32m[1mLinking C shared library rosidl_generator_py/turtlebot3_msgs/libturtlebot3_msgs__python.so[0m
[7.380s] [ 91%] Built target turtlebot3_msgs__python
[7.385s] [35m[1mScanning dependencies of target turtlebot3_msgs__rosidl_typesupport_fastrtps_c__pyext[0m
[7.396s] [35m[1mScanning dependencies of target turtlebot3_msgs__rosidl_typesupport_introspection_c__pyext[0m
[7.412s] [ 92%] [32mBuilding C object CMakeFiles/turtlebot3_msgs__rosidl_typesupport_fastrtps_c__pyext.dir/rosidl_generator_py/turtlebot3_msgs/_turtlebot3_msgs_s.ep.rosidl_typesupport_fastrtps_c.c.o[0m
[7.413s] [ 94%] [32mBuilding C object CMakeFiles/turtlebot3_msgs__rosidl_typesupport_introspection_c__pyext.dir/rosidl_generator_py/turtlebot3_msgs/_turtlebot3_msgs_s.ep.rosidl_typesupport_introspection_c.c.o[0m
[7.513s] [ 95%] [32m[1mLinking C shared library rosidl_generator_py/turtlebot3_msgs/turtlebot3_msgs_s__rosidl_typesupport_introspection_c.cpython-38-aarch64-linux-gnu.so[0m
[7.519s] [ 97%] [32m[1mLinking CXX shared library rosidl_generator_py/turtlebot3_msgs/turtlebot3_msgs_s__rosidl_typesupport_fastrtps_c.cpython-38-aarch64-linux-gnu.so[0m
[7.557s] [ 97%] Built target turtlebot3_msgs__rosidl_typesupport_fastrtps_c__pyext
[7.570s] [ 97%] Built target turtlebot3_msgs__rosidl_typesupport_introspection_c__pyext
[7.581s] [35m[1mScanning dependencies of target turtlebot3_msgs__rosidl_typesupport_c__pyext[0m
[7.611s] [ 98%] [32mBuilding C object CMakeFiles/turtlebot3_msgs__rosidl_typesupport_c__pyext.dir/rosidl_generator_py/turtlebot3_msgs/_turtlebot3_msgs_s.ep.rosidl_typesupport_c.c.o[0m
[7.718s] [100%] [32m[1mLinking C shared library rosidl_generator_py/turtlebot3_msgs/turtlebot3_msgs_s__rosidl_typesupport_c.cpython-38-aarch64-linux-gnu.so[0m
[7.748s] [100%] Built target turtlebot3_msgs__rosidl_typesupport_c__pyext
[7.754s] Invoked command in '/home/y/SA_CAO_Simu/SA_CAO/build/turtlebot3_msgs' returned '0': CMAKE_PREFIX_PATH=${CMAKE_PREFIX_PATH}:/home/y/SA_CAO_Simu/SA_CAO/install/turtlebot3_teleop:/home/y/SA_CAO_Simu/SA_CAO/install/turtlebot3_example:/home/y/SA_CAO_Simu/SA_CAO/install/pure_pursuit:/home/y/SA_CAO_Simu/SA_CAO/install/my_balance_pkg:/home/y/SA_CAO_Simu/SA_CAO/install/launch_diablo:/opt/ros/foxy /usr/bin/cmake --build /home/y/SA_CAO_Simu/SA_CAO/build/turtlebot3_msgs -- -j2 -l2
[7.755s] Invoking command in '/home/y/SA_CAO_Simu/SA_CAO/build/turtlebot3_msgs': CMAKE_PREFIX_PATH=${CMAKE_PREFIX_PATH}:/home/y/SA_CAO_Simu/SA_CAO/install/turtlebot3_teleop:/home/y/SA_CAO_Simu/SA_CAO/install/turtlebot3_example:/home/y/SA_CAO_Simu/SA_CAO/install/pure_pursuit:/home/y/SA_CAO_Simu/SA_CAO/install/my_balance_pkg:/home/y/SA_CAO_Simu/SA_CAO/install/launch_diablo:/opt/ros/foxy /usr/bin/cmake --install /home/y/SA_CAO_Simu/SA_CAO/build/turtlebot3_msgs
[7.762s] -- Install configuration: ""
[7.762s] -- Installing: /home/y/SA_CAO_Simu/SA_CAO/install/turtlebot3_msgs/share/ament_index/resource_index/rosidl_interfaces/turtlebot3_msgs
[7.762s] -- Installing: /home/y/SA_CAO_Simu/SA_CAO/install/turtlebot3_msgs/include/turtlebot3_msgs
[7.762s] -- Installing: /home/y/SA_CAO_Simu/SA_CAO/install/turtlebot3_msgs/include/turtlebot3_msgs/msg
[7.762s] -- Installing: /home/y/SA_CAO_Simu/SA_CAO/install/turtlebot3_msgs/include/turtlebot3_msgs/msg/detail
[7.762s] -- Installing: /home/y/SA_CAO_Simu/SA_CAO/install/turtlebot3_msgs/include/turtlebot3_msgs/msg/detail/version_info__functions.c
[7.763s] -- Installing: /home/y/SA_CAO_Simu/SA_CAO/install/turtlebot3_msgs/include/turtlebot3_msgs/msg/detail/sound__functions.h
[7.763s] -- Installing: /home/y/SA_CAO_Simu/SA_CAO/install/turtlebot3_msgs/include/turtlebot3_msgs/msg/detail/sensor_state__struct.h
[7.763s] -- Installing: /home/y/SA_CAO_Simu/SA_CAO/install/turtlebot3_msgs/include/turtlebot3_msgs/msg/detail/version_info__struct.h
[7.763s] -- Installing: /home/y/SA_CAO_Simu/SA_CAO/install/turtlebot3_msgs/include/turtlebot3_msgs/msg/detail/sensor_state__functions.h
[7.763s] -- Installing: /home/y/SA_CAO_Simu/SA_CAO/install/turtlebot3_msgs/include/turtlebot3_msgs/msg/detail/version_info__type_support.h
[7.763s] -- Installing: /home/y/SA_CAO_Simu/SA_CAO/install/turtlebot3_msgs/include/turtlebot3_msgs/msg/detail/sensor_state__functions.c
[7.763s] -- Installing: /home/y/SA_CAO_Simu/SA_CAO/install/turtlebot3_msgs/include/turtlebot3_msgs/msg/detail/sound__functions.c
[7.763s] -- Installing: /home/y/SA_CAO_Simu/SA_CAO/install/turtlebot3_msgs/include/turtlebot3_msgs/msg/detail/sound__type_support.h
[7.763s] -- Installing: /home/y/SA_CAO_Simu/SA_CAO/install/turtlebot3_msgs/include/turtlebot3_msgs/msg/detail/sound__struct.h
[7.763s] -- Installing: /home/y/SA_CAO_Simu/SA_CAO/install/turtlebot3_msgs/include/turtlebot3_msgs/msg/detail/sensor_state__type_support.h
[7.763s] -- Installing: /home/y/SA_CAO_Simu/SA_CAO/install/turtlebot3_msgs/include/turtlebot3_msgs/msg/detail/version_info__functions.h
[7.764s] -- Installing: /home/y/SA_CAO_Simu/SA_CAO/install/turtlebot3_msgs/include/turtlebot3_msgs/msg/rosidl_generator_c__visibility_control.h
[7.764s] -- Installing: /home/y/SA_CAO_Simu/SA_CAO/install/turtlebot3_msgs/include/turtlebot3_msgs/msg/sensor_state.h
[7.764s] -- Installing: /home/y/SA_CAO_Simu/SA_CAO/install/turtlebot3_msgs/include/turtlebot3_msgs/msg/sound.h
[7.764s] -- Installing: /home/y/SA_CAO_Simu/SA_CAO/install/turtlebot3_msgs/include/turtlebot3_msgs/msg/version_info.h
[7.764s] -- Installing: /home/y/SA_CAO_Simu/SA_CAO/install/turtlebot3_msgs/include/turtlebot3_msgs/action
[7.764s] -- Installing: /home/y/SA_CAO_Simu/SA_CAO/install/turtlebot3_msgs/include/turtlebot3_msgs/action/detail
[7.764s] -- Installing: /home/y/SA_CAO_Simu/SA_CAO/install/turtlebot3_msgs/include/turtlebot3_msgs/action/detail/patrol__functions.c
[7.764s] -- Installing: /home/y/SA_CAO_Simu/SA_CAO/install/turtlebot3_msgs/include/turtlebot3_msgs/action/detail/patrol__type_support.h
[7.765s] -- Installing: /home/y/SA_CAO_Simu/SA_CAO/install/turtlebot3_msgs/include/turtlebot3_msgs/action/detail/patrol__functions.h
[7.765s] -- Installing: /home/y/SA_CAO_Simu/SA_CAO/install/turtlebot3_msgs/include/turtlebot3_msgs/action/detail/patrol__struct.h
[7.765s] -- Installing: /home/y/SA_CAO_Simu/SA_CAO/install/turtlebot3_msgs/include/turtlebot3_msgs/action/patrol.h
[7.765s] -- Installing: /home/y/SA_CAO_Simu/SA_CAO/install/turtlebot3_msgs/include/turtlebot3_msgs/srv
[7.765s] -- Installing: /home/y/SA_CAO_Simu/SA_CAO/install/turtlebot3_msgs/include/turtlebot3_msgs/srv/dqn.h
[7.765s] -- Installing: /home/y/SA_CAO_Simu/SA_CAO/install/turtlebot3_msgs/include/turtlebot3_msgs/srv/detail
[7.765s] -- Installing: /home/y/SA_CAO_Simu/SA_CAO/install/turtlebot3_msgs/include/turtlebot3_msgs/srv/detail/dqn__type_support.h
[7.765s] -- Installing: /home/y/SA_CAO_Simu/SA_CAO/install/turtlebot3_msgs/include/turtlebot3_msgs/srv/detail/sound__functions.h
[7.765s] -- Installing: /home/y/SA_CAO_Simu/SA_CAO/install/turtlebot3_msgs/include/turtlebot3_msgs/srv/detail/sound__functions.c
[7.765s] -- Installing: /home/y/SA_CAO_Simu/SA_CAO/install/turtlebot3_msgs/include/turtlebot3_msgs/srv/detail/dqn__struct.h
[7.765s] -- Installing: /home/y/SA_CAO_Simu/SA_CAO/install/turtlebot3_msgs/include/turtlebot3_msgs/srv/detail/sound__type_support.h
[7.765s] -- Installing: /home/y/SA_CAO_Simu/SA_CAO/install/turtlebot3_msgs/include/turtlebot3_msgs/srv/detail/sound__struct.h
[7.765s] -- Installing: /home/y/SA_CAO_Simu/SA_CAO/install/turtlebot3_msgs/include/turtlebot3_msgs/srv/detail/dqn__functions.c
[7.765s] -- Installing: /home/y/SA_CAO_Simu/SA_CAO/install/turtlebot3_msgs/include/turtlebot3_msgs/srv/detail/dqn__functions.h
[7.765s] -- Installing: /home/y/SA_CAO_Simu/SA_CAO/install/turtlebot3_msgs/include/turtlebot3_msgs/srv/sound.h
[7.766s] -- Installing: /home/y/SA_CAO_Simu/SA_CAO/install/turtlebot3_msgs/share/turtlebot3_msgs/environment/library_path.sh
[7.766s] -- Installing: /home/y/SA_CAO_Simu/SA_CAO/install/turtlebot3_msgs/share/turtlebot3_msgs/environment/library_path.dsv
[7.766s] -- Installing: /home/y/SA_CAO_Simu/SA_CAO/install/turtlebot3_msgs/lib/libturtlebot3_msgs__rosidl_generator_c.so
[7.766s] -- Set runtime path of "/home/y/SA_CAO_Simu/SA_CAO/install/turtlebot3_msgs/lib/libturtlebot3_msgs__rosidl_generator_c.so" to ""
[7.766s] -- Up-to-date: /home/y/SA_CAO_Simu/SA_CAO/install/turtlebot3_msgs/include/turtlebot3_msgs
[7.766s] -- Up-to-date: /home/y/SA_CAO_Simu/SA_CAO/install/turtlebot3_msgs/include/turtlebot3_msgs/msg
[7.766s] -- Installing: /home/y/SA_CAO_Simu/SA_CAO/install/turtlebot3_msgs/include/turtlebot3_msgs/msg/rosidl_typesupport_fastrtps_c__visibility_control.h
[7.766s] -- Up-to-date: /home/y/SA_CAO_Simu/SA_CAO/install/turtlebot3_msgs/include/turtlebot3_msgs/msg/detail
[7.766s] -- Installing: /home/y/SA_CAO_Simu/SA_CAO/install/turtlebot3_msgs/include/turtlebot3_msgs/msg/detail/version_info__rosidl_typesupport_fastrtps_c.h
[7.766s] -- Installing: /home/y/SA_CAO_Simu/SA_CAO/install/turtlebot3_msgs/include/turtlebot3_msgs/msg/detail/sensor_state__rosidl_typesupport_fastrtps_c.h
[7.766s] -- Installing: /home/y/SA_CAO_Simu/SA_CAO/install/turtlebot3_msgs/include/turtlebot3_msgs/msg/detail/sound__rosidl_typesupport_fastrtps_c.h
[7.767s] -- Up-to-date: /home/y/SA_CAO_Simu/SA_CAO/install/turtlebot3_msgs/include/turtlebot3_msgs/action
[7.767s] -- Up-to-date: /home/y/SA_CAO_Simu/SA_CAO/install/turtlebot3_msgs/include/turtlebot3_msgs/action/detail
[7.767s] -- Installing: /home/y/SA_CAO_Simu/SA_CAO/install/turtlebot3_msgs/include/turtlebot3_msgs/action/detail/patrol__rosidl_typesupport_fastrtps_c.h
[7.767s] -- Up-to-date: /home/y/SA_CAO_Simu/SA_CAO/install/turtlebot3_msgs/include/turtlebot3_msgs/srv
[7.767s] -- Up-to-date: /home/y/SA_CAO_Simu/SA_CAO/install/turtlebot3_msgs/include/turtlebot3_msgs/srv/detail
[7.767s] -- Installing: /home/y/SA_CAO_Simu/SA_CAO/install/turtlebot3_msgs/include/turtlebot3_msgs/srv/detail/dqn__rosidl_typesupport_fastrtps_c.h
[7.767s] -- Installing: /home/y/SA_CAO_Simu/SA_CAO/install/turtlebot3_msgs/include/turtlebot3_msgs/srv/detail/sound__rosidl_typesupport_fastrtps_c.h
[7.767s] -- Installing: /home/y/SA_CAO_Simu/SA_CAO/install/turtlebot3_msgs/lib/libturtlebot3_msgs__rosidl_typesupport_fastrtps_c.so
[7.767s] -- Set runtime path of "/home/y/SA_CAO_Simu/SA_CAO/install/turtlebot3_msgs/lib/libturtlebot3_msgs__rosidl_typesupport_fastrtps_c.so" to ""
[7.767s] -- Up-to-date: /home/y/SA_CAO_Simu/SA_CAO/install/turtlebot3_msgs/include/turtlebot3_msgs
[7.767s] -- Up-to-date: /home/y/SA_CAO_Simu/SA_CAO/install/turtlebot3_msgs/include/turtlebot3_msgs/msg
[7.767s] -- Up-to-date: /home/y/SA_CAO_Simu/SA_CAO/install/turtlebot3_msgs/include/turtlebot3_msgs/msg/detail
[7.767s] -- Installing: /home/y/SA_CAO_Simu/SA_CAO/install/turtlebot3_msgs/include/turtlebot3_msgs/msg/detail/version_info__rosidl_typesupport_fastrtps_cpp.hpp
[7.767s] -- Installing: /home/y/SA_CAO_Simu/SA_CAO/install/turtlebot3_msgs/include/turtlebot3_msgs/msg/detail/sound__rosidl_typesupport_fastrtps_cpp.hpp
[7.768s] -- Installing: /home/y/SA_CAO_Simu/SA_CAO/install/turtlebot3_msgs/include/turtlebot3_msgs/msg/detail/dds_fastrtps
[7.768s] -- Installing: /home/y/SA_CAO_Simu/SA_CAO/install/turtlebot3_msgs/include/turtlebot3_msgs/msg/detail/sensor_state__rosidl_typesupport_fastrtps_cpp.hpp
[7.768s] -- Installing: /home/y/SA_CAO_Simu/SA_CAO/install/turtlebot3_msgs/include/turtlebot3_msgs/msg/rosidl_typesupport_fastrtps_cpp__visibility_control.h
[7.768s] -- Up-to-date: /home/y/SA_CAO_Simu/SA_CAO/install/turtlebot3_msgs/include/turtlebot3_msgs/action
[7.768s] -- Up-to-date: /home/y/SA_CAO_Simu/SA_CAO/install/turtlebot3_msgs/include/turtlebot3_msgs/action/detail
[7.768s] -- Installing: /home/y/SA_CAO_Simu/SA_CAO/install/turtlebot3_msgs/include/turtlebot3_msgs/action/detail/patrol__rosidl_typesupport_fastrtps_cpp.hpp
[7.768s] -- Installing: /home/y/SA_CAO_Simu/SA_CAO/install/turtlebot3_msgs/include/turtlebot3_msgs/action/detail/dds_fastrtps
[7.768s] -- Up-to-date: /home/y/SA_CAO_Simu/SA_CAO/install/turtlebot3_msgs/include/turtlebot3_msgs/srv
[7.768s] -- Up-to-date: /home/y/SA_CAO_Simu/SA_CAO/install/turtlebot3_msgs/include/turtlebot3_msgs/srv/detail
[7.768s] -- Installing: /home/y/SA_CAO_Simu/SA_CAO/install/turtlebot3_msgs/include/turtlebot3_msgs/srv/detail/dqn__rosidl_typesupport_fastrtps_cpp.hpp
[7.768s] -- Installing: /home/y/SA_CAO_Simu/SA_CAO/install/turtlebot3_msgs/include/turtlebot3_msgs/srv/detail/sound__rosidl_typesupport_fastrtps_cpp.hpp
[7.768s] -- Installing: /home/y/SA_CAO_Simu/SA_CAO/install/turtlebot3_msgs/include/turtlebot3_msgs/srv/detail/dds_fastrtps
[7.768s] -- Installing: /home/y/SA_CAO_Simu/SA_CAO/install/turtlebot3_msgs/lib/libturtlebot3_msgs__rosidl_typesupport_fastrtps_cpp.so
[7.769s] -- Set runtime path of "/home/y/SA_CAO_Simu/SA_CAO/install/turtlebot3_msgs/lib/libturtlebot3_msgs__rosidl_typesupport_fastrtps_cpp.so" to ""
[7.769s] -- Up-to-date: /home/y/SA_CAO_Simu/SA_CAO/install/turtlebot3_msgs/include/turtlebot3_msgs
[7.769s] -- Up-to-date: /home/y/SA_CAO_Simu/SA_CAO/install/turtlebot3_msgs/include/turtlebot3_msgs/msg
[7.769s] -- Up-to-date: /home/y/SA_CAO_Simu/SA_CAO/install/turtlebot3_msgs/include/turtlebot3_msgs/msg/detail
[7.769s] -- Installing: /home/y/SA_CAO_Simu/SA_CAO/install/turtlebot3_msgs/include/turtlebot3_msgs/msg/detail/version_info__type_support.c
[7.769s] -- Installing: /home/y/SA_CAO_Simu/SA_CAO/install/turtlebot3_msgs/include/turtlebot3_msgs/msg/detail/sensor_state__type_support.c
[7.769s] -- Installing: /home/y/SA_CAO_Simu/SA_CAO/install/turtlebot3_msgs/include/turtlebot3_msgs/msg/detail/sound__rosidl_typesupport_introspection_c.h
[7.769s] -- Installing: /home/y/SA_CAO_Simu/SA_CAO/install/turtlebot3_msgs/include/turtlebot3_msgs/msg/detail/sensor_state__rosidl_typesupport_introspection_c.h
[7.769s] -- Installing: /home/y/SA_CAO_Simu/SA_CAO/install/turtlebot3_msgs/include/turtlebot3_msgs/msg/detail/version_info__rosidl_typesupport_introspection_c.h
[7.769s] -- Installing: /home/y/SA_CAO_Simu/SA_CAO/install/turtlebot3_msgs/include/turtlebot3_msgs/msg/detail/sound__type_support.c
[7.769s] -- Installing: /home/y/SA_CAO_Simu/SA_CAO/install/turtlebot3_msgs/include/turtlebot3_msgs/msg/rosidl_typesupport_introspection_c__visibility_control.h
[7.769s] -- Up-to-date: /home/y/SA_CAO_Simu/SA_CAO/install/turtlebot3_msgs/include/turtlebot3_msgs/action
[7.769s] -- Up-to-date: /home/y/SA_CAO_Simu/SA_CAO/install/turtlebot3_msgs/include/turtlebot3_msgs/action/detail
[7.769s] -- Installing: /home/y/SA_CAO_Simu/SA_CAO/install/turtlebot3_msgs/include/turtlebot3_msgs/action/detail/patrol__rosidl_typesupport_introspection_c.h
[7.769s] -- Installing: /home/y/SA_CAO_Simu/SA_CAO/install/turtlebot3_msgs/include/turtlebot3_msgs/action/detail/patrol__type_support.c
[7.769s] -- Up-to-date: /home/y/SA_CAO_Simu/SA_CAO/install/turtlebot3_msgs/include/turtlebot3_msgs/srv
[7.770s] -- Up-to-date: /home/y/SA_CAO_Simu/SA_CAO/install/turtlebot3_msgs/include/turtlebot3_msgs/srv/detail
[7.770s] -- Installing: /home/y/SA_CAO_Simu/SA_CAO/install/turtlebot3_msgs/include/turtlebot3_msgs/srv/detail/dqn__rosidl_typesupport_introspection_c.h
[7.770s] -- Installing: /home/y/SA_CAO_Simu/SA_CAO/install/turtlebot3_msgs/include/turtlebot3_msgs/srv/detail/sound__rosidl_typesupport_introspection_c.h
[7.770s] -- Installing: /home/y/SA_CAO_Simu/SA_CAO/install/turtlebot3_msgs/include/turtlebot3_msgs/srv/detail/dqn__type_support.c
[7.770s] -- Installing: /home/y/SA_CAO_Simu/SA_CAO/install/turtlebot3_msgs/include/turtlebot3_msgs/srv/detail/sound__type_support.c
[7.770s] -- Installing: /home/y/SA_CAO_Simu/SA_CAO/install/turtlebot3_msgs/lib/libturtlebot3_msgs__rosidl_typesupport_introspection_c.so
[7.770s] -- Set runtime path of "/home/y/SA_CAO_Simu/SA_CAO/install/turtlebot3_msgs/lib/libturtlebot3_msgs__rosidl_typesupport_introspection_c.so" to ""
[7.770s] -- Installing: /home/y/SA_CAO_Simu/SA_CAO/install/turtlebot3_msgs/lib/libturtlebot3_msgs__rosidl_typesupport_c.so
[7.770s] -- Set runtime path of "/home/y/SA_CAO_Simu/SA_CAO/install/turtlebot3_msgs/lib/libturtlebot3_msgs__rosidl_typesupport_c.so" to ""
[7.770s] -- Up-to-date: /home/y/SA_CAO_Simu/SA_CAO/install/turtlebot3_msgs/include/turtlebot3_msgs
[7.770s] -- Up-to-date: /home/y/SA_CAO_Simu/SA_CAO/install/turtlebot3_msgs/include/turtlebot3_msgs/msg
[7.770s] -- Up-to-date: /home/y/SA_CAO_Simu/SA_CAO/install/turtlebot3_msgs/include/turtlebot3_msgs/msg/detail
[7.771s] -- Installing: /home/y/SA_CAO_Simu/SA_CAO/install/turtlebot3_msgs/include/turtlebot3_msgs/msg/detail/sensor_state__traits.hpp
[7.771s] -- Installing: /home/y/SA_CAO_Simu/SA_CAO/install/turtlebot3_msgs/include/turtlebot3_msgs/msg/detail/sound__struct.hpp
[7.771s] -- Installing: /home/y/SA_CAO_Simu/SA_CAO/install/turtlebot3_msgs/include/turtlebot3_msgs/msg/detail/version_info__struct.hpp
[7.771s] -- Installing: /home/y/SA_CAO_Simu/SA_CAO/install/turtlebot3_msgs/include/turtlebot3_msgs/msg/detail/sound__builder.hpp
[7.771s] -- Installing: /home/y/SA_CAO_Simu/SA_CAO/install/turtlebot3_msgs/include/turtlebot3_msgs/msg/detail/version_info__builder.hpp
[7.771s] -- Installing: /home/y/SA_CAO_Simu/SA_CAO/install/turtlebot3_msgs/include/turtlebot3_msgs/msg/detail/sensor_state__struct.hpp
[7.771s] -- Installing: /home/y/SA_CAO_Simu/SA_CAO/install/turtlebot3_msgs/include/turtlebot3_msgs/msg/detail/sound__type_support.hpp
[7.771s] -- Installing: /home/y/SA_CAO_Simu/SA_CAO/install/turtlebot3_msgs/include/turtlebot3_msgs/msg/detail/sensor_state__builder.hpp
[7.771s] -- Installing: /home/y/SA_CAO_Simu/SA_CAO/install/turtlebot3_msgs/include/turtlebot3_msgs/msg/detail/sensor_state__type_support.hpp
[7.771s] -- Installing: /home/y/SA_CAO_Simu/SA_CAO/install/turtlebot3_msgs/include/turtlebot3_msgs/msg/detail/version_info__traits.hpp
[7.771s] -- Installing: /home/y/SA_CAO_Simu/SA_CAO/install/turtlebot3_msgs/include/turtlebot3_msgs/msg/detail/version_info__type_support.hpp
[7.771s] -- Installing: /home/y/SA_CAO_Simu/SA_CAO/install/turtlebot3_msgs/include/turtlebot3_msgs/msg/detail/sound__traits.hpp
[7.771s] -- Installing: /home/y/SA_CAO_Simu/SA_CAO/install/turtlebot3_msgs/include/turtlebot3_msgs/msg/version_info.hpp
[7.771s] -- Installing: /home/y/SA_CAO_Simu/SA_CAO/install/turtlebot3_msgs/include/turtlebot3_msgs/msg/rosidl_generator_cpp__visibility_control.hpp
[7.771s] -- Installing: /home/y/SA_CAO_Simu/SA_CAO/install/turtlebot3_msgs/include/turtlebot3_msgs/msg/sound.hpp
[7.772s] -- Installing: /home/y/SA_CAO_Simu/SA_CAO/install/turtlebot3_msgs/include/turtlebot3_msgs/msg/sensor_state.hpp
[7.772s] -- Up-to-date: /home/y/SA_CAO_Simu/SA_CAO/install/turtlebot3_msgs/include/turtlebot3_msgs/action
[7.772s] -- Up-to-date: /home/y/SA_CAO_Simu/SA_CAO/install/turtlebot3_msgs/include/turtlebot3_msgs/action/detail
[7.772s] -- Installing: /home/y/SA_CAO_Simu/SA_CAO/install/turtlebot3_msgs/include/turtlebot3_msgs/action/detail/patrol__traits.hpp
[7.772s] -- Installing: /home/y/SA_CAO_Simu/SA_CAO/install/turtlebot3_msgs/include/turtlebot3_msgs/action/detail/patrol__builder.hpp
[7.772s] -- Installing: /home/y/SA_CAO_Simu/SA_CAO/install/turtlebot3_msgs/include/turtlebot3_msgs/action/detail/patrol__struct.hpp
[7.772s] -- Installing: /home/y/SA_CAO_Simu/SA_CAO/install/turtlebot3_msgs/include/turtlebot3_msgs/action/detail/patrol__type_support.hpp
[7.772s] -- Installing: /home/y/SA_CAO_Simu/SA_CAO/install/turtlebot3_msgs/include/turtlebot3_msgs/action/patrol.hpp
[7.772s] -- Up-to-date: /home/y/SA_CAO_Simu/SA_CAO/install/turtlebot3_msgs/include/turtlebot3_msgs/srv
[7.772s] -- Up-to-date: /home/y/SA_CAO_Simu/SA_CAO/install/turtlebot3_msgs/include/turtlebot3_msgs/srv/detail
[7.772s] -- Installing: /home/y/SA_CAO_Simu/SA_CAO/install/turtlebot3_msgs/include/turtlebot3_msgs/srv/detail/dqn__traits.hpp
[7.772s] -- Installing: /home/y/SA_CAO_Simu/SA_CAO/install/turtlebot3_msgs/include/turtlebot3_msgs/srv/detail/dqn__builder.hpp
[7.772s] -- Installing: /home/y/SA_CAO_Simu/SA_CAO/install/turtlebot3_msgs/include/turtlebot3_msgs/srv/detail/sound__struct.hpp
[7.773s] -- Installing: /home/y/SA_CAO_Simu/SA_CAO/install/turtlebot3_msgs/include/turtlebot3_msgs/srv/detail/sound__builder.hpp
[7.773s] -- Installing: /home/y/SA_CAO_Simu/SA_CAO/install/turtlebot3_msgs/include/turtlebot3_msgs/srv/detail/sound__type_support.hpp
[7.773s] -- Installing: /home/y/SA_CAO_Simu/SA_CAO/install/turtlebot3_msgs/include/turtlebot3_msgs/srv/detail/dqn__type_support.hpp
[7.773s] -- Installing: /home/y/SA_CAO_Simu/SA_CAO/install/turtlebot3_msgs/include/turtlebot3_msgs/srv/detail/dqn__struct.hpp
[7.773s] -- Installing: /home/y/SA_CAO_Simu/SA_CAO/install/turtlebot3_msgs/include/turtlebot3_msgs/srv/detail/sound__traits.hpp
[7.773s] -- Installing: /home/y/SA_CAO_Simu/SA_CAO/install/turtlebot3_msgs/include/turtlebot3_msgs/srv/dqn.hpp
[7.773s] -- Installing: /home/y/SA_CAO_Simu/SA_CAO/install/turtlebot3_msgs/include/turtlebot3_msgs/srv/sound.hpp
[7.773s] -- Up-to-date: /home/y/SA_CAO_Simu/SA_CAO/install/turtlebot3_msgs/include/turtlebot3_msgs
[7.773s] -- Up-to-date: /home/y/SA_CAO_Simu/SA_CAO/install/turtlebot3_msgs/include/turtlebot3_msgs/msg
[7.773s] -- Up-to-date: /home/y/SA_CAO_Simu/SA_CAO/install/turtlebot3_msgs/include/turtlebot3_msgs/msg/detail
[7.773s] -- Installing: /home/y/SA_CAO_Simu/SA_CAO/install/turtlebot3_msgs/include/turtlebot3_msgs/msg/detail/version_info__type_support.cpp
[7.773s] -- Installing: /home/y/SA_CAO_Simu/SA_CAO/install/turtlebot3_msgs/include/turtlebot3_msgs/msg/detail/sound__rosidl_typesupport_introspection_cpp.hpp
[7.773s] -- Installing: /home/y/SA_CAO_Simu/SA_CAO/install/turtlebot3_msgs/include/turtlebot3_msgs/msg/detail/sensor_state__type_support.cpp
[7.774s] -- Installing: /home/y/SA_CAO_Simu/SA_CAO/install/turtlebot3_msgs/include/turtlebot3_msgs/msg/detail/sensor_state__rosidl_typesupport_introspection_cpp.hpp
[7.774s] -- Installing: /home/y/SA_CAO_Simu/SA_CAO/install/turtlebot3_msgs/include/turtlebot3_msgs/msg/detail/sound__type_support.cpp
[7.774s] -- Installing: /home/y/SA_CAO_Simu/SA_CAO/install/turtlebot3_msgs/include/turtlebot3_msgs/msg/detail/version_info__rosidl_typesupport_introspection_cpp.hpp
[7.774s] -- Up-to-date: /home/y/SA_CAO_Simu/SA_CAO/install/turtlebot3_msgs/include/turtlebot3_msgs/action
[7.774s] -- Up-to-date: /home/y/SA_CAO_Simu/SA_CAO/install/turtlebot3_msgs/include/turtlebot3_msgs/action/detail
[7.774s] -- Installing: /home/y/SA_CAO_Simu/SA_CAO/install/turtlebot3_msgs/include/turtlebot3_msgs/action/detail/patrol__rosidl_typesupport_introspection_cpp.hpp
[7.774s] -- Installing: /home/y/SA_CAO_Simu/SA_CAO/install/turtlebot3_msgs/include/turtlebot3_msgs/action/detail/patrol__type_support.cpp
[7.774s] -- Up-to-date: /home/y/SA_CAO_Simu/SA_CAO/install/turtlebot3_msgs/include/turtlebot3_msgs/srv
[7.774s] -- Up-to-date: /home/y/SA_CAO_Simu/SA_CAO/install/turtlebot3_msgs/include/turtlebot3_msgs/srv/detail
[7.774s] -- Installing: /home/y/SA_CAO_Simu/SA_CAO/install/turtlebot3_msgs/include/turtlebot3_msgs/srv/detail/sound__rosidl_typesupport_introspection_cpp.hpp
[7.774s] -- Installing: /home/y/SA_CAO_Simu/SA_CAO/install/turtlebot3_msgs/include/turtlebot3_msgs/srv/detail/sound__type_support.cpp
[7.774s] -- Installing: /home/y/SA_CAO_Simu/SA_CAO/install/turtlebot3_msgs/include/turtlebot3_msgs/srv/detail/dqn__type_support.cpp
[7.774s] -- Installing: /home/y/SA_CAO_Simu/SA_CAO/install/turtlebot3_msgs/include/turtlebot3_msgs/srv/detail/dqn__rosidl_typesupport_introspection_cpp.hpp
[7.775s] -- Installing: /home/y/SA_CAO_Simu/SA_CAO/install/turtlebot3_msgs/lib/libturtlebot3_msgs__rosidl_typesupport_introspection_cpp.so
[7.775s] -- Set runtime path of "/home/y/SA_CAO_Simu/SA_CAO/install/turtlebot3_msgs/lib/libturtlebot3_msgs__rosidl_typesupport_introspection_cpp.so" to ""
[7.775s] -- Installing: /home/y/SA_CAO_Simu/SA_CAO/install/turtlebot3_msgs/lib/libturtlebot3_msgs__rosidl_typesupport_cpp.so
[7.775s] -- Set runtime path of "/home/y/SA_CAO_Simu/SA_CAO/install/turtlebot3_msgs/lib/libturtlebot3_msgs__rosidl_typesupport_cpp.so" to ""
[7.775s] -- Installing: /home/y/SA_CAO_Simu/SA_CAO/install/turtlebot3_msgs/share/turtlebot3_msgs/environment/pythonpath.sh
[7.775s] -- Installing: /home/y/SA_CAO_Simu/SA_CAO/install/turtlebot3_msgs/share/turtlebot3_msgs/environment/pythonpath.dsv
[7.775s] -- Installing: /home/y/SA_CAO_Simu/SA_CAO/install/turtlebot3_msgs/lib/python3.8/site-packages/turtlebot3_msgs/__init__.py
[7.800s] Compiling '/home/y/SA_CAO_Simu/SA_CAO/install/turtlebot3_msgs/lib/python3.8/site-packages/turtlebot3_msgs/__init__.py'...
[7.802s] -- Installing: /home/y/SA_CAO_Simu/SA_CAO/install/turtlebot3_msgs/lib/python3.8/site-packages/turtlebot3_msgs/msg
[7.802s] -- Installing: /home/y/SA_CAO_Simu/SA_CAO/install/turtlebot3_msgs/lib/python3.8/site-packages/turtlebot3_msgs/msg/_version_info.py
[7.802s] -- Installing: /home/y/SA_CAO_Simu/SA_CAO/install/turtlebot3_msgs/lib/python3.8/site-packages/turtlebot3_msgs/msg/_sound_s.c
[7.802s] -- Installing: /home/y/SA_CAO_Simu/SA_CAO/install/turtlebot3_msgs/lib/python3.8/site-packages/turtlebot3_msgs/msg/__init__.py
[7.802s] -- Installing: /home/y/SA_CAO_Simu/SA_CAO/install/turtlebot3_msgs/lib/python3.8/site-packages/turtlebot3_msgs/msg/_sensor_state.py
[7.803s] -- Installing: /home/y/SA_CAO_Simu/SA_CAO/install/turtlebot3_msgs/lib/python3.8/site-packages/turtlebot3_msgs/msg/_sensor_state_s.c
[7.803s] -- Installing: /home/y/SA_CAO_Simu/SA_CAO/install/turtlebot3_msgs/lib/python3.8/site-packages/turtlebot3_msgs/msg/_version_info_s.c
[7.803s] -- Installing: /home/y/SA_CAO_Simu/SA_CAO/install/turtlebot3_msgs/lib/python3.8/site-packages/turtlebot3_msgs/msg/_sound.py
[7.803s] -- Installing: /home/y/SA_CAO_Simu/SA_CAO/install/turtlebot3_msgs/lib/python3.8/site-packages/turtlebot3_msgs/srv
[7.803s] -- Installing: /home/y/SA_CAO_Simu/SA_CAO/install/turtlebot3_msgs/lib/python3.8/site-packages/turtlebot3_msgs/srv/_sound_s.c
[7.803s] -- Installing: /home/y/SA_CAO_Simu/SA_CAO/install/turtlebot3_msgs/lib/python3.8/site-packages/turtlebot3_msgs/srv/__init__.py
[7.803s] -- Installing: /home/y/SA_CAO_Simu/SA_CAO/install/turtlebot3_msgs/lib/python3.8/site-packages/turtlebot3_msgs/srv/_dqn.py
[7.803s] -- Installing: /home/y/SA_CAO_Simu/SA_CAO/install/turtlebot3_msgs/lib/python3.8/site-packages/turtlebot3_msgs/srv/_sound.py
[7.803s] -- Installing: /home/y/SA_CAO_Simu/SA_CAO/install/turtlebot3_msgs/lib/python3.8/site-packages/turtlebot3_msgs/srv/_dqn_s.c
[7.803s] -- Installing: /home/y/SA_CAO_Simu/SA_CAO/install/turtlebot3_msgs/lib/python3.8/site-packages/turtlebot3_msgs/action
[7.803s] -- Installing: /home/y/SA_CAO_Simu/SA_CAO/install/turtlebot3_msgs/lib/python3.8/site-packages/turtlebot3_msgs/action/_patrol_s.c
[7.803s] -- Installing: /home/y/SA_CAO_Simu/SA_CAO/install/turtlebot3_msgs/lib/python3.8/site-packages/turtlebot3_msgs/action/__init__.py
[7.803s] -- Installing: /home/y/SA_CAO_Simu/SA_CAO/install/turtlebot3_msgs/lib/python3.8/site-packages/turtlebot3_msgs/action/_patrol.py
[7.804s] -- Installing: /home/y/SA_CAO_Simu/SA_CAO/install/turtlebot3_msgs/lib/python3.8/site-packages/turtlebot3_msgs/turtlebot3_msgs_s__rosidl_typesupport_fastrtps_c.cpython-38-aarch64-linux-gnu.so
[7.804s] -- Set runtime path of "/home/y/SA_CAO_Simu/SA_CAO/install/turtlebot3_msgs/lib/python3.8/site-packages/turtlebot3_msgs/turtlebot3_msgs_s__rosidl_typesupport_fastrtps_c.cpython-38-aarch64-linux-gnu.so" to ""
[7.804s] -- Installing: /home/y/SA_CAO_Simu/SA_CAO/install/turtlebot3_msgs/lib/python3.8/site-packages/turtlebot3_msgs/turtlebot3_msgs_s__rosidl_typesupport_introspection_c.cpython-38-aarch64-linux-gnu.so
[7.804s] -- Set runtime path of "/home/y/SA_CAO_Simu/SA_CAO/install/turtlebot3_msgs/lib/python3.8/site-packages/turtlebot3_msgs/turtlebot3_msgs_s__rosidl_typesupport_introspection_c.cpython-38-aarch64-linux-gnu.so" to ""
[7.805s] -- Installing: /home/y/SA_CAO_Simu/SA_CAO/install/turtlebot3_msgs/lib/python3.8/site-packages/turtlebot3_msgs/turtlebot3_msgs_s__rosidl_typesupport_c.cpython-38-aarch64-linux-gnu.so
[7.805s] -- Set runtime path of "/home/y/SA_CAO_Simu/SA_CAO/install/turtlebot3_msgs/lib/python3.8/site-packages/turtlebot3_msgs/turtlebot3_msgs_s__rosidl_typesupport_c.cpython-38-aarch64-linux-gnu.so" to ""
[7.805s] -- Installing: /home/y/SA_CAO_Simu/SA_CAO/install/turtlebot3_msgs/lib/libturtlebot3_msgs__python.so
[7.805s] -- Set runtime path of "/home/y/SA_CAO_Simu/SA_CAO/install/turtlebot3_msgs/lib/libturtlebot3_msgs__python.so" to ""
[7.805s] -- Installing: /home/y/SA_CAO_Simu/SA_CAO/install/turtlebot3_msgs/share/turtlebot3_msgs/msg/SensorState.idl
[7.805s] -- Installing: /home/y/SA_CAO_Simu/SA_CAO/install/turtlebot3_msgs/share/turtlebot3_msgs/msg/Sound.idl
[7.805s] -- Installing: /home/y/SA_CAO_Simu/SA_CAO/install/turtlebot3_msgs/share/turtlebot3_msgs/msg/VersionInfo.idl
[7.805s] -- Installing: /home/y/SA_CAO_Simu/SA_CAO/install/turtlebot3_msgs/share/turtlebot3_msgs/srv/Sound.idl
[7.806s] -- Installing: /home/y/SA_CAO_Simu/SA_CAO/install/turtlebot3_msgs/share/turtlebot3_msgs/srv/Dqn.idl
[7.806s] -- Installing: /home/y/SA_CAO_Simu/SA_CAO/install/turtlebot3_msgs/share/turtlebot3_msgs/action/Patrol.idl
[7.806s] -- Installing: /home/y/SA_CAO_Simu/SA_CAO/install/turtlebot3_msgs/share/turtlebot3_msgs/msg/SensorState.msg
[7.806s] -- Installing: /home/y/SA_CAO_Simu/SA_CAO/install/turtlebot3_msgs/share/turtlebot3_msgs/msg/Sound.msg
[7.806s] -- Installing: /home/y/SA_CAO_Simu/SA_CAO/install/turtlebot3_msgs/share/turtlebot3_msgs/msg/VersionInfo.msg
[7.806s] -- Installing: /home/y/SA_CAO_Simu/SA_CAO/install/turtlebot3_msgs/share/turtlebot3_msgs/srv/Sound.srv
[7.806s] -- Installing: /home/y/SA_CAO_Simu/SA_CAO/install/turtlebot3_msgs/share/turtlebot3_msgs/srv/Sound_Request.msg
[7.806s] -- Installing: /home/y/SA_CAO_Simu/SA_CAO/install/turtlebot3_msgs/share/turtlebot3_msgs/srv/Sound_Response.msg
[7.806s] -- Installing: /home/y/SA_CAO_Simu/SA_CAO/install/turtlebot3_msgs/share/turtlebot3_msgs/srv/Dqn.srv
[7.806s] -- Installing: /home/y/SA_CAO_Simu/SA_CAO/install/turtlebot3_msgs/share/turtlebot3_msgs/srv/Dqn_Request.msg
[7.806s] -- Installing: /home/y/SA_CAO_Simu/SA_CAO/install/turtlebot3_msgs/share/turtlebot3_msgs/srv/Dqn_Response.msg
[7.806s] -- Installing: /home/y/SA_CAO_Simu/SA_CAO/install/turtlebot3_msgs/share/turtlebot3_msgs/action/Patrol.action
[7.807s] -- Installing: /home/y/SA_CAO_Simu/SA_CAO/install/turtlebot3_msgs/share/ament_index/resource_index/package_run_dependencies/turtlebot3_msgs
[7.807s] -- Installing: /home/y/SA_CAO_Simu/SA_CAO/install/turtlebot3_msgs/share/ament_index/resource_index/parent_prefix_path/turtlebot3_msgs
[7.807s] -- Installing: /home/y/SA_CAO_Simu/SA_CAO/install/turtlebot3_msgs/share/turtlebot3_msgs/environment/ament_prefix_path.sh
[7.807s] -- Installing: /home/y/SA_CAO_Simu/SA_CAO/install/turtlebot3_msgs/share/turtlebot3_msgs/environment/ament_prefix_path.dsv
[7.807s] -- Installing: /home/y/SA_CAO_Simu/SA_CAO/install/turtlebot3_msgs/share/turtlebot3_msgs/environment/path.sh
[7.807s] -- Installing: /home/y/SA_CAO_Simu/SA_CAO/install/turtlebot3_msgs/share/turtlebot3_msgs/environment/path.dsv
[7.807s] -- Installing: /home/y/SA_CAO_Simu/SA_CAO/install/turtlebot3_msgs/share/turtlebot3_msgs/local_setup.bash
[7.807s] -- Installing: /home/y/SA_CAO_Simu/SA_CAO/install/turtlebot3_msgs/share/turtlebot3_msgs/local_setup.sh
[7.807s] -- Installing: /home/y/SA_CAO_Simu/SA_CAO/install/turtlebot3_msgs/share/turtlebot3_msgs/local_setup.zsh
[7.807s] -- Installing: /home/y/SA_CAO_Simu/SA_CAO/install/turtlebot3_msgs/share/turtlebot3_msgs/local_setup.dsv
[7.807s] -- Installing: /home/y/SA_CAO_Simu/SA_CAO/install/turtlebot3_msgs/share/turtlebot3_msgs/package.dsv
[7.807s] -- Installing: /home/y/SA_CAO_Simu/SA_CAO/install/turtlebot3_msgs/share/ament_index/resource_index/packages/turtlebot3_msgs
[7.808s] -- Installing: /home/y/SA_CAO_Simu/SA_CAO/install/turtlebot3_msgs/share/turtlebot3_msgs/cmake/turtlebot3_msgs__rosidl_generator_cExport.cmake
[7.808s] -- Installing: /home/y/SA_CAO_Simu/SA_CAO/install/turtlebot3_msgs/share/turtlebot3_msgs/cmake/turtlebot3_msgs__rosidl_generator_cExport-noconfig.cmake
[7.808s] -- Installing: /home/y/SA_CAO_Simu/SA_CAO/install/turtlebot3_msgs/share/turtlebot3_msgs/cmake/turtlebot3_msgs__rosidl_typesupport_introspection_cExport.cmake
[7.808s] -- Installing: /home/y/SA_CAO_Simu/SA_CAO/install/turtlebot3_msgs/share/turtlebot3_msgs/cmake/turtlebot3_msgs__rosidl_typesupport_introspection_cExport-noconfig.cmake
[7.808s] -- Installing: /home/y/SA_CAO_Simu/SA_CAO/install/turtlebot3_msgs/share/turtlebot3_msgs/cmake/turtlebot3_msgs__rosidl_typesupport_cExport.cmake
[7.808s] -- Installing: /home/y/SA_CAO_Simu/SA_CAO/install/turtlebot3_msgs/share/turtlebot3_msgs/cmake/turtlebot3_msgs__rosidl_typesupport_cExport-noconfig.cmake
[7.808s] -- Installing: /home/y/SA_CAO_Simu/SA_CAO/install/turtlebot3_msgs/share/turtlebot3_msgs/cmake/turtlebot3_msgs__rosidl_generator_cppExport.cmake
[7.808s] -- Installing: /home/y/SA_CAO_Simu/SA_CAO/install/turtlebot3_msgs/share/turtlebot3_msgs/cmake/turtlebot3_msgs__rosidl_typesupport_introspection_cppExport.cmake
[7.808s] -- Installing: /home/y/SA_CAO_Simu/SA_CAO/install/turtlebot3_msgs/share/turtlebot3_msgs/cmake/turtlebot3_msgs__rosidl_typesupport_introspection_cppExport-noconfig.cmake
[7.809s] -- Installing: /home/y/SA_CAO_Simu/SA_CAO/install/turtlebot3_msgs/share/turtlebot3_msgs/cmake/turtlebot3_msgs__rosidl_typesupport_cppExport.cmake
[7.809s] -- Installing: /home/y/SA_CAO_Simu/SA_CAO/install/turtlebot3_msgs/share/turtlebot3_msgs/cmake/turtlebot3_msgs__rosidl_typesupport_cppExport-noconfig.cmake
[7.809s] -- Installing: /home/y/SA_CAO_Simu/SA_CAO/install/turtlebot3_msgs/share/turtlebot3_msgs/cmake/rosidl_cmake-extras.cmake
[7.809s] -- Installing: /home/y/SA_CAO_Simu/SA_CAO/install/turtlebot3_msgs/share/turtlebot3_msgs/cmake/ament_cmake_export_dependencies-extras.cmake
[7.809s] -- Installing: /home/y/SA_CAO_Simu/SA_CAO/install/turtlebot3_msgs/share/turtlebot3_msgs/cmake/ament_cmake_export_libraries-extras.cmake
[7.809s] -- Installing: /home/y/SA_CAO_Simu/SA_CAO/install/turtlebot3_msgs/share/turtlebot3_msgs/cmake/ament_cmake_export_targets-extras.cmake
[7.809s] -- Installing: /home/y/SA_CAO_Simu/SA_CAO/install/turtlebot3_msgs/share/turtlebot3_msgs/cmake/ament_cmake_export_include_directories-extras.cmake
[7.809s] -- Installing: /home/y/SA_CAO_Simu/SA_CAO/install/turtlebot3_msgs/share/turtlebot3_msgs/cmake/rosidl_cmake_export_typesupport_libraries-extras.cmake
[7.809s] -- Installing: /home/y/SA_CAO_Simu/SA_CAO/install/turtlebot3_msgs/share/turtlebot3_msgs/cmake/rosidl_cmake_export_typesupport_targets-extras.cmake
[7.809s] -- Installing: /home/y/SA_CAO_Simu/SA_CAO/install/turtlebot3_msgs/share/turtlebot3_msgs/cmake/turtlebot3_msgsConfig.cmake
[7.810s] -- Installing: /home/y/SA_CAO_Simu/SA_CAO/install/turtlebot3_msgs/share/turtlebot3_msgs/cmake/turtlebot3_msgsConfig-version.cmake
[7.810s] -- Installing: /home/y/SA_CAO_Simu/SA_CAO/install/turtlebot3_msgs/share/turtlebot3_msgs/package.xml
[7.811s] Invoked command in '/home/y/SA_CAO_Simu/SA_CAO/build/turtlebot3_msgs' returned '0': CMAKE_PREFIX_PATH=${CMAKE_PREFIX_PATH}:/home/y/SA_CAO_Simu/SA_CAO/install/turtlebot3_teleop:/home/y/SA_CAO_Simu/SA_CAO/install/turtlebot3_example:/home/y/SA_CAO_Simu/SA_CAO/install/pure_pursuit:/home/y/SA_CAO_Simu/SA_CAO/install/my_balance_pkg:/home/y/SA_CAO_Simu/SA_CAO/install/launch_diablo:/opt/ros/foxy /usr/bin/cmake --install /home/y/SA_CAO_Simu/SA_CAO/build/turtlebot3_msgs
