[0.206s] Invoking command in '/home/y/SA_CAO/build/motion_msgs': CMAKE_PREFIX_PATH=/opt/ros/foxy:${CMAKE_PREFIX_PATH} /usr/bin/cmake /home/y/SA_CAO/src/motion_msgs -DCMAKE_INSTALL_PREFIX=/home/y/SA_CAO/install/motion_msgs
[0.262s] -- The C compiler identification is GNU 9.4.0
[0.307s] -- The CXX compiler identification is GNU 9.4.0
[0.311s] -- Check for working C compiler: /usr/bin/cc
[0.376s] -- Check for working C compiler: /usr/bin/cc -- works
[0.377s] -- Detecting C compiler ABI info
[0.441s] -- Detecting C compiler ABI info - done
[0.453s] -- Detecting C compile features
[0.453s] -- Detecting C compile features - done
[0.456s] -- Check for working CXX compiler: /usr/bin/c++
[0.544s] -- Check for working CXX compiler: /usr/bin/c++ -- works
[0.544s] -- Detecting CXX compiler ABI info
[0.626s] -- Detecting CXX compiler ABI info - done
[0.637s] -- Detecting CXX compile features
[0.638s] -- Detecting CXX compile features - done
[0.640s] -- Found ament_cmake: 0.9.12 (/opt/ros/foxy/share/ament_cmake/cmake)
[0.660s] -- Found PythonInterp: /usr/bin/python3 (found suitable version "3.8.10", minimum required is "3") 
[0.660s] -- Using PYTHON_EXECUTABLE: /usr/bin/python3
[0.845s] -- Found rosidl_default_generators: 1.0.1 (/opt/ros/foxy/share/rosidl_default_generators/cmake)
[0.849s] -- Using all available rosidl_typesupport_c: rosidl_typesupport_fastrtps_c;rosidl_typesupport_introspection_c
[0.855s] -- Found rosidl_adapter: 1.3.1 (/opt/ros/foxy/share/rosidl_adapter/cmake)
[0.960s] -- Found OpenSSL: /usr/lib/x86_64-linux-gnu/libcrypto.so (found version "1.1.1f")  
[0.989s] -- Found FastRTPS: /opt/ros/foxy/include  
[1.071s] -- Using all available rosidl_typesupport_cpp: rosidl_typesupport_fastrtps_cpp;rosidl_typesupport_introspection_cpp
[1.097s] -- Found std_msgs: 2.0.5 (/opt/ros/foxy/share/std_msgs/cmake)
[1.164s] -- Found PythonInterp: /usr/bin/python3 (found version "3.8.10") 
[1.337s] -- Found ament_cmake_ros: 0.9.2 (/opt/ros/foxy/share/ament_cmake_ros/cmake)
[1.513s] -- Using all available rosidl_typesupport_c: rosidl_typesupport_fastrtps_c;rosidl_typesupport_introspection_c
[1.585s] -- Using all available rosidl_typesupport_cpp: rosidl_typesupport_fastrtps_cpp;rosidl_typesupport_introspection_cpp
[1.604s] -- Found PythonInterp: /usr/bin/python3 (found suitable version "3.8.10", minimum required is "3.5") 
[1.606s] -- Found python_cmake_module: 0.8.1 (/opt/ros/foxy/share/python_cmake_module/cmake)
[1.632s] -- Found PythonLibs: /usr/lib/x86_64-linux-gnu/libpython3.8.so (found suitable version "3.8.10", minimum required is "3.5") 
[1.632s] -- Using PYTHON_EXECUTABLE: /usr/bin/python3
[1.632s] -- Using PYTHON_INCLUDE_DIRS: /usr/include/python3.8
[1.632s] -- Using PYTHON_LIBRARIES: /usr/lib/x86_64-linux-gnu/libpython3.8.so
[1.649s] -- Found PythonExtra: .so  
[1.710s] -- Configuring done
[1.771s] -- Generating done
[1.788s] -- Build files have been written to: /home/y/SA_CAO/build/motion_msgs
[1.793s] Invoked command in '/home/y/SA_CAO/build/motion_msgs' returned '0': CMAKE_PREFIX_PATH=/opt/ros/foxy:${CMAKE_PREFIX_PATH} /usr/bin/cmake /home/y/SA_CAO/src/motion_msgs -DCMAKE_INSTALL_PREFIX=/home/y/SA_CAO/install/motion_msgs
[1.797s] Invoking command in '/home/y/SA_CAO/build/motion_msgs': CMAKE_PREFIX_PATH=/opt/ros/foxy:${CMAKE_PREFIX_PATH} /usr/bin/cmake --build /home/y/SA_CAO/build/motion_msgs -- -j2 -l2
[1.842s] [  1%] [34m[1mGenerating C code for ROS interfaces[0m
[1.842s] [35m[1mScanning dependencies of target motion_msgs__cpp[0m
[1.852s] [  2%] [34m[1mGenerating C++ code for ROS interfaces[0m
[2.418s] [  2%] Built target motion_msgs__cpp
[2.429s] [  4%] [34m[1mGenerating C++ type support dispatch for ROS interfaces[0m
[2.461s] [35m[1mScanning dependencies of target motion_msgs__rosidl_generator_c[0m
[2.475s] [  5%] [32mBuilding C object CMakeFiles/motion_msgs__rosidl_generator_c.dir/rosidl_generator_c/motion_msgs/msg/detail/ctrl_plot__functions.c.o[0m
[2.515s] [  7%] [32mBuilding C object CMakeFiles/motion_msgs__rosidl_generator_c.dir/rosidl_generator_c/motion_msgs/msg/detail/leg_motors__functions.c.o[0m
[2.559s] [  8%] [32mBuilding C object CMakeFiles/motion_msgs__rosidl_generator_c.dir/rosidl_generator_c/motion_msgs/msg/detail/motion_ctrl__functions.c.o[0m
[2.600s] [  9%] [32mBuilding C object CMakeFiles/motion_msgs__rosidl_generator_c.dir/rosidl_generator_c/motion_msgs/msg/detail/robot_status__functions.c.o[0m
[2.642s] [ 11%] [32mBuilding C object CMakeFiles/motion_msgs__rosidl_generator_c.dir/rosidl_generator_c/motion_msgs/msg/detail/movement_ctrl_data__functions.c.o[0m
[2.683s] [ 12%] [32mBuilding C object CMakeFiles/motion_msgs__rosidl_generator_c.dir/rosidl_generator_c/motion_msgs/msg/detail/movement_ctrl_mode__functions.c.o[0m
[2.722s] [ 14%] [32m[1mLinking C shared library libmotion_msgs__rosidl_generator_c.so[0m
[2.738s] [35m[1mScanning dependencies of target motion_msgs__rosidl_typesupport_cpp[0m
[2.751s] [ 15%] [32mBuilding CXX object CMakeFiles/motion_msgs__rosidl_typesupport_cpp.dir/rosidl_typesupport_cpp/motion_msgs/msg/ctrl_plot__type_support.cpp.o[0m
[2.755s] [ 15%] Built target motion_msgs__rosidl_generator_c
[2.765s] [ 16%] [34m[1mGenerating C++ type support for eProsima Fast-RTPS[0m
[2.994s] [ 18%] [32mBuilding CXX object CMakeFiles/motion_msgs__rosidl_typesupport_cpp.dir/rosidl_typesupport_cpp/motion_msgs/msg/leg_motors__type_support.cpp.o[0m
[3.189s] [35m[1mScanning dependencies of target motion_msgs__rosidl_typesupport_fastrtps_cpp[0m
[3.207s] [ 19%] [32mBuilding CXX object CMakeFiles/motion_msgs__rosidl_typesupport_fastrtps_cpp.dir/rosidl_typesupport_fastrtps_cpp/motion_msgs/msg/detail/dds_fastrtps/ctrl_plot__type_support.cpp.o[0m
[3.247s] [ 21%] [32mBuilding CXX object CMakeFiles/motion_msgs__rosidl_typesupport_cpp.dir/rosidl_typesupport_cpp/motion_msgs/msg/motion_ctrl__type_support.cpp.o[0m
[3.523s] [ 22%] [32mBuilding CXX object CMakeFiles/motion_msgs__rosidl_typesupport_cpp.dir/rosidl_typesupport_cpp/motion_msgs/msg/robot_status__type_support.cpp.o[0m
[3.581s] [ 23%] [32mBuilding CXX object CMakeFiles/motion_msgs__rosidl_typesupport_fastrtps_cpp.dir/rosidl_typesupport_fastrtps_cpp/motion_msgs/msg/detail/dds_fastrtps/leg_motors__type_support.cpp.o[0m
[3.770s] [ 25%] [32mBuilding CXX object CMakeFiles/motion_msgs__rosidl_typesupport_cpp.dir/rosidl_typesupport_cpp/motion_msgs/msg/movement_ctrl_data__type_support.cpp.o[0m
[3.937s] [ 26%] [32mBuilding CXX object CMakeFiles/motion_msgs__rosidl_typesupport_fastrtps_cpp.dir/rosidl_typesupport_fastrtps_cpp/motion_msgs/msg/detail/dds_fastrtps/motion_ctrl__type_support.cpp.o[0m
[4.016s] [ 28%] [32mBuilding CXX object CMakeFiles/motion_msgs__rosidl_typesupport_cpp.dir/rosidl_typesupport_cpp/motion_msgs/msg/movement_ctrl_mode__type_support.cpp.o[0m
[4.272s] [ 29%] [32m[1mLinking CXX shared library libmotion_msgs__rosidl_typesupport_cpp.so[0m
[4.302s] [ 30%] [32mBuilding CXX object CMakeFiles/motion_msgs__rosidl_typesupport_fastrtps_cpp.dir/rosidl_typesupport_fastrtps_cpp/motion_msgs/msg/detail/dds_fastrtps/robot_status__type_support.cpp.o[0m
[4.311s] [ 30%] Built target motion_msgs__rosidl_typesupport_cpp
[4.321s] [ 32%] [34m[1mGenerating C introspection for ROS interfaces[0m
[4.647s] [ 33%] [32mBuilding CXX object CMakeFiles/motion_msgs__rosidl_typesupport_fastrtps_cpp.dir/rosidl_typesupport_fastrtps_cpp/motion_msgs/msg/detail/dds_fastrtps/movement_ctrl_data__type_support.cpp.o[0m
[4.719s] [35m[1mScanning dependencies of target motion_msgs__rosidl_typesupport_introspection_c[0m
[4.733s] [ 35%] [32mBuilding C object CMakeFiles/motion_msgs__rosidl_typesupport_introspection_c.dir/rosidl_typesupport_introspection_c/motion_msgs/msg/detail/ctrl_plot__type_support.c.o[0m
[4.768s] [ 36%] [32mBuilding C object CMakeFiles/motion_msgs__rosidl_typesupport_introspection_c.dir/rosidl_typesupport_introspection_c/motion_msgs/msg/detail/leg_motors__type_support.c.o[0m
[4.797s] [ 38%] [32mBuilding C object CMakeFiles/motion_msgs__rosidl_typesupport_introspection_c.dir/rosidl_typesupport_introspection_c/motion_msgs/msg/detail/motion_ctrl__type_support.c.o[0m
[4.829s] [ 39%] [32mBuilding C object CMakeFiles/motion_msgs__rosidl_typesupport_introspection_c.dir/rosidl_typesupport_introspection_c/motion_msgs/msg/detail/robot_status__type_support.c.o[0m
[4.861s] [ 40%] [32mBuilding C object CMakeFiles/motion_msgs__rosidl_typesupport_introspection_c.dir/rosidl_typesupport_introspection_c/motion_msgs/msg/detail/movement_ctrl_data__type_support.c.o[0m
[4.892s] [ 42%] [32mBuilding C object CMakeFiles/motion_msgs__rosidl_typesupport_introspection_c.dir/rosidl_typesupport_introspection_c/motion_msgs/msg/detail/movement_ctrl_mode__type_support.c.o[0m
[4.919s] [ 43%] [32m[1mLinking C shared library libmotion_msgs__rosidl_typesupport_introspection_c.so[0m
[4.953s] [ 43%] Built target motion_msgs__rosidl_typesupport_introspection_c
[4.963s] [ 45%] [34m[1mGenerating C type support dispatch for ROS interfaces[0m
[5.013s] [ 46%] [32mBuilding CXX object CMakeFiles/motion_msgs__rosidl_typesupport_fastrtps_cpp.dir/rosidl_typesupport_fastrtps_cpp/motion_msgs/msg/detail/dds_fastrtps/movement_ctrl_mode__type_support.cpp.o[0m
[5.275s] [35m[1mScanning dependencies of target motion_msgs__rosidl_typesupport_c[0m
[5.289s] [ 47%] [32mBuilding CXX object CMakeFiles/motion_msgs__rosidl_typesupport_c.dir/rosidl_typesupport_c/motion_msgs/msg/ctrl_plot__type_support.cpp.o[0m
[5.317s] [ 49%] [32mBuilding CXX object CMakeFiles/motion_msgs__rosidl_typesupport_c.dir/rosidl_typesupport_c/motion_msgs/msg/leg_motors__type_support.cpp.o[0m
[5.344s] [ 50%] [32mBuilding CXX object CMakeFiles/motion_msgs__rosidl_typesupport_c.dir/rosidl_typesupport_c/motion_msgs/msg/motion_ctrl__type_support.cpp.o[0m
[5.365s] [ 52%] [32m[1mLinking CXX shared library libmotion_msgs__rosidl_typesupport_fastrtps_cpp.so[0m
[5.372s] [ 53%] [32mBuilding CXX object CMakeFiles/motion_msgs__rosidl_typesupport_c.dir/rosidl_typesupport_c/motion_msgs/msg/robot_status__type_support.cpp.o[0m
[5.398s] [ 54%] [32mBuilding CXX object CMakeFiles/motion_msgs__rosidl_typesupport_c.dir/rosidl_typesupport_c/motion_msgs/msg/movement_ctrl_data__type_support.cpp.o[0m
[5.428s] [ 56%] [32mBuilding CXX object CMakeFiles/motion_msgs__rosidl_typesupport_c.dir/rosidl_typesupport_c/motion_msgs/msg/movement_ctrl_mode__type_support.cpp.o[0m
[5.438s] [ 56%] Built target motion_msgs__rosidl_typesupport_fastrtps_cpp
[5.450s] [ 57%] [34m[1mGenerating C++ introspection for ROS interfaces[0m
[5.457s] [ 59%] [32m[1mLinking CXX shared library libmotion_msgs__rosidl_typesupport_c.so[0m
[5.496s] [ 59%] Built target motion_msgs__rosidl_typesupport_c
[5.506s] [ 60%] [34m[1mGenerating C type support for eProsima Fast-RTPS[0m
[5.816s] [35m[1mScanning dependencies of target motion_msgs__rosidl_typesupport_introspection_cpp[0m
[5.830s] [ 61%] [32mBuilding CXX object CMakeFiles/motion_msgs__rosidl_typesupport_introspection_cpp.dir/rosidl_typesupport_introspection_cpp/motion_msgs/msg/detail/ctrl_plot__type_support.cpp.o[0m
[5.932s] [35m[1mScanning dependencies of target motion_msgs__rosidl_typesupport_fastrtps_c[0m
[5.958s] [ 63%] [32mBuilding CXX object CMakeFiles/motion_msgs__rosidl_typesupport_fastrtps_c.dir/rosidl_typesupport_fastrtps_c/motion_msgs/msg/detail/ctrl_plot__type_support_c.cpp.o[0m
[6.077s] [ 64%] [32mBuilding CXX object CMakeFiles/motion_msgs__rosidl_typesupport_introspection_cpp.dir/rosidl_typesupport_introspection_cpp/motion_msgs/msg/detail/leg_motors__type_support.cpp.o[0m
[6.257s] [ 66%] [32mBuilding CXX object CMakeFiles/motion_msgs__rosidl_typesupport_fastrtps_c.dir/rosidl_typesupport_fastrtps_c/motion_msgs/msg/detail/leg_motors__type_support_c.cpp.o[0m
[6.325s] [ 67%] [32mBuilding CXX object CMakeFiles/motion_msgs__rosidl_typesupport_introspection_cpp.dir/rosidl_typesupport_introspection_cpp/motion_msgs/msg/detail/motion_ctrl__type_support.cpp.o[0m
[6.561s] [ 70%] [32mBuilding CXX object CMakeFiles/motion_msgs__rosidl_typesupport_fastrtps_c.dir/rosidl_typesupport_fastrtps_c/motion_msgs/msg/detail/motion_ctrl__type_support_c.cpp.o[0m
[6.561s] [ 70%] [32mBuilding CXX object CMakeFiles/motion_msgs__rosidl_typesupport_introspection_cpp.dir/rosidl_typesupport_introspection_cpp/motion_msgs/msg/detail/robot_status__type_support.cpp.o[0m
[6.804s] [ 71%] [32mBuilding CXX object CMakeFiles/motion_msgs__rosidl_typesupport_introspection_cpp.dir/rosidl_typesupport_introspection_cpp/motion_msgs/msg/detail/movement_ctrl_data__type_support.cpp.o[0m
[6.859s] [ 73%] [32mBuilding CXX object CMakeFiles/motion_msgs__rosidl_typesupport_fastrtps_c.dir/rosidl_typesupport_fastrtps_c/motion_msgs/msg/detail/robot_status__type_support_c.cpp.o[0m
[7.041s] [ 74%] [32mBuilding CXX object CMakeFiles/motion_msgs__rosidl_typesupport_introspection_cpp.dir/rosidl_typesupport_introspection_cpp/motion_msgs/msg/detail/movement_ctrl_mode__type_support.cpp.o[0m
[7.155s] [ 76%] [32mBuilding CXX object CMakeFiles/motion_msgs__rosidl_typesupport_fastrtps_c.dir/rosidl_typesupport_fastrtps_c/motion_msgs/msg/detail/movement_ctrl_data__type_support_c.cpp.o[0m
[7.282s] [ 77%] [32m[1mLinking CXX shared library libmotion_msgs__rosidl_typesupport_introspection_cpp.so[0m
[7.338s] [ 77%] Built target motion_msgs__rosidl_typesupport_introspection_cpp
[7.347s] [ 78%] [32mBuilding CXX object CMakeFiles/motion_msgs__rosidl_typesupport_fastrtps_c.dir/rosidl_typesupport_fastrtps_c/motion_msgs/msg/detail/movement_ctrl_mode__type_support_c.cpp.o[0m
[7.642s] [ 80%] [32m[1mLinking CXX shared library libmotion_msgs__rosidl_typesupport_fastrtps_c.so[0m
[7.712s] [ 80%] Built target motion_msgs__rosidl_typesupport_fastrtps_c
[7.721s] [35m[1mScanning dependencies of target motion_msgs[0m
[7.730s] [ 80%] Built target motion_msgs
[7.739s] [35m[1mScanning dependencies of target motion_msgs__py[0m
[7.751s] [ 81%] [34m[1mGenerating Python code for ROS interfaces[0m
[8.511s] [ 81%] Built target motion_msgs__py
[8.520s] [35m[1mScanning dependencies of target motion_msgs__python[0m
[8.552s] [ 83%] [32mBuilding C object CMakeFiles/motion_msgs__python.dir/rosidl_generator_py/motion_msgs/msg/_leg_motors_s.c.o[0m
[8.552s] [ 84%] [32mBuilding C object CMakeFiles/motion_msgs__python.dir/rosidl_generator_py/motion_msgs/msg/_ctrl_plot_s.c.o[0m
[8.637s] [ 85%] [32mBuilding C object CMakeFiles/motion_msgs__python.dir/rosidl_generator_py/motion_msgs/msg/_motion_ctrl_s.c.o[0m
[8.654s] [ 87%] [32mBuilding C object CMakeFiles/motion_msgs__python.dir/rosidl_generator_py/motion_msgs/msg/_robot_status_s.c.o[0m
[8.722s] [ 88%] [32mBuilding C object CMakeFiles/motion_msgs__python.dir/rosidl_generator_py/motion_msgs/msg/_movement_ctrl_data_s.c.o[0m
[8.742s] [ 90%] [32mBuilding C object CMakeFiles/motion_msgs__python.dir/rosidl_generator_py/motion_msgs/msg/_movement_ctrl_mode_s.c.o[0m
[8.826s] [ 91%] [32m[1mLinking C shared library rosidl_generator_py/motion_msgs/libmotion_msgs__python.so[0m
[8.867s] [ 91%] Built target motion_msgs__python
[8.878s] [35m[1mScanning dependencies of target motion_msgs__rosidl_typesupport_c__pyext[0m
[8.878s] [35m[1mScanning dependencies of target motion_msgs__rosidl_typesupport_introspection_c__pyext[0m
[8.901s] [ 94%] [32mBuilding C object CMakeFiles/motion_msgs__rosidl_typesupport_c__pyext.dir/rosidl_generator_py/motion_msgs/_motion_msgs_s.ep.rosidl_typesupport_c.c.o[0m
[8.901s] [ 94%] [32mBuilding C object CMakeFiles/motion_msgs__rosidl_typesupport_introspection_c__pyext.dir/rosidl_generator_py/motion_msgs/_motion_msgs_s.ep.rosidl_typesupport_introspection_c.c.o[0m
[8.990s] [ 97%] [32m[1mLinking C shared library rosidl_generator_py/motion_msgs/motion_msgs_s__rosidl_typesupport_introspection_c.cpython-38-x86_64-linux-gnu.so[0m
[8.990s] [ 97%] [32m[1mLinking C shared library rosidl_generator_py/motion_msgs/motion_msgs_s__rosidl_typesupport_c.cpython-38-x86_64-linux-gnu.so[0m
[9.025s] [ 97%] Built target motion_msgs__rosidl_typesupport_c__pyext
[9.026s] [ 97%] Built target motion_msgs__rosidl_typesupport_introspection_c__pyext
[9.037s] [35m[1mScanning dependencies of target motion_msgs__rosidl_typesupport_fastrtps_c__pyext[0m
[9.057s] [ 98%] [32mBuilding C object CMakeFiles/motion_msgs__rosidl_typesupport_fastrtps_c__pyext.dir/rosidl_generator_py/motion_msgs/_motion_msgs_s.ep.rosidl_typesupport_fastrtps_c.c.o[0m
[9.149s] [100%] [32m[1mLinking CXX shared library rosidl_generator_py/motion_msgs/motion_msgs_s__rosidl_typesupport_fastrtps_c.cpython-38-x86_64-linux-gnu.so[0m
[9.209s] [100%] Built target motion_msgs__rosidl_typesupport_fastrtps_c__pyext
[9.221s] Invoked command in '/home/y/SA_CAO/build/motion_msgs' returned '0': CMAKE_PREFIX_PATH=/opt/ros/foxy:${CMAKE_PREFIX_PATH} /usr/bin/cmake --build /home/y/SA_CAO/build/motion_msgs -- -j2 -l2
[9.232s] Invoking command in '/home/y/SA_CAO/build/motion_msgs': CMAKE_PREFIX_PATH=/opt/ros/foxy:${CMAKE_PREFIX_PATH} /usr/bin/cmake --install /home/y/SA_CAO/build/motion_msgs
[9.241s] -- Install configuration: ""
[9.242s] -- Installing: /home/y/SA_CAO/install/motion_msgs/share/ament_index/resource_index/rosidl_interfaces/motion_msgs
[9.242s] -- Installing: /home/y/SA_CAO/install/motion_msgs/include/motion_msgs
[9.243s] -- Installing: /home/y/SA_CAO/install/motion_msgs/include/motion_msgs/msg
[9.243s] -- Installing: /home/y/SA_CAO/install/motion_msgs/include/motion_msgs/msg/movement_ctrl_mode.h
[9.243s] -- Installing: /home/y/SA_CAO/install/motion_msgs/include/motion_msgs/msg/rosidl_generator_c__visibility_control.h
[9.244s] -- Installing: /home/y/SA_CAO/install/motion_msgs/include/motion_msgs/msg/robot_status.h
[9.244s] -- Installing: /home/y/SA_CAO/install/motion_msgs/include/motion_msgs/msg/leg_motors.h
[9.244s] -- Installing: /home/y/SA_CAO/install/motion_msgs/include/motion_msgs/msg/ctrl_plot.h
[9.244s] -- Installing: /home/y/SA_CAO/install/motion_msgs/include/motion_msgs/msg/motion_ctrl.h
[9.245s] -- Installing: /home/y/SA_CAO/install/motion_msgs/include/motion_msgs/msg/movement_ctrl_data.h
[9.245s] -- Installing: /home/y/SA_CAO/install/motion_msgs/include/motion_msgs/msg/detail
[9.245s] -- Installing: /home/y/SA_CAO/install/motion_msgs/include/motion_msgs/msg/detail/robot_status__type_support.h
[9.246s] -- Installing: /home/y/SA_CAO/install/motion_msgs/include/motion_msgs/msg/detail/movement_ctrl_data__functions.h
[9.246s] -- Installing: /home/y/SA_CAO/install/motion_msgs/include/motion_msgs/msg/detail/movement_ctrl_mode__type_support.h
[9.246s] -- Installing: /home/y/SA_CAO/install/motion_msgs/include/motion_msgs/msg/detail/motion_ctrl__functions.c
[9.246s] -- Installing: /home/y/SA_CAO/install/motion_msgs/include/motion_msgs/msg/detail/movement_ctrl_data__functions.c
[9.247s] -- Installing: /home/y/SA_CAO/install/motion_msgs/include/motion_msgs/msg/detail/ctrl_plot__type_support.h
[9.247s] -- Installing: /home/y/SA_CAO/install/motion_msgs/include/motion_msgs/msg/detail/leg_motors__struct.h
[9.247s] -- Installing: /home/y/SA_CAO/install/motion_msgs/include/motion_msgs/msg/detail/movement_ctrl_data__struct.h
[9.248s] -- Installing: /home/y/SA_CAO/install/motion_msgs/include/motion_msgs/msg/detail/movement_ctrl_mode__struct.h
[9.248s] -- Installing: /home/y/SA_CAO/install/motion_msgs/include/motion_msgs/msg/detail/ctrl_plot__functions.h
[9.248s] -- Installing: /home/y/SA_CAO/install/motion_msgs/include/motion_msgs/msg/detail/leg_motors__type_support.h
[9.249s] -- Installing: /home/y/SA_CAO/install/motion_msgs/include/motion_msgs/msg/detail/motion_ctrl__functions.h
[9.249s] -- Installing: /home/y/SA_CAO/install/motion_msgs/include/motion_msgs/msg/detail/motion_ctrl__type_support.h
[9.249s] -- Installing: /home/y/SA_CAO/install/motion_msgs/include/motion_msgs/msg/detail/leg_motors__functions.h
[9.249s] -- Installing: /home/y/SA_CAO/install/motion_msgs/include/motion_msgs/msg/detail/robot_status__struct.h
[9.250s] -- Installing: /home/y/SA_CAO/install/motion_msgs/include/motion_msgs/msg/detail/movement_ctrl_mode__functions.c
[9.250s] -- Installing: /home/y/SA_CAO/install/motion_msgs/include/motion_msgs/msg/detail/robot_status__functions.h
[9.250s] -- Installing: /home/y/SA_CAO/install/motion_msgs/include/motion_msgs/msg/detail/movement_ctrl_mode__functions.h
[9.250s] -- Installing: /home/y/SA_CAO/install/motion_msgs/include/motion_msgs/msg/detail/leg_motors__functions.c
[9.251s] -- Installing: /home/y/SA_CAO/install/motion_msgs/include/motion_msgs/msg/detail/robot_status__functions.c
[9.251s] -- Installing: /home/y/SA_CAO/install/motion_msgs/include/motion_msgs/msg/detail/motion_ctrl__struct.h
[9.251s] -- Installing: /home/y/SA_CAO/install/motion_msgs/include/motion_msgs/msg/detail/ctrl_plot__struct.h
[9.252s] -- Installing: /home/y/SA_CAO/install/motion_msgs/include/motion_msgs/msg/detail/movement_ctrl_data__type_support.h
[9.252s] -- Installing: /home/y/SA_CAO/install/motion_msgs/include/motion_msgs/msg/detail/ctrl_plot__functions.c
[9.253s] -- Installing: /home/y/SA_CAO/install/motion_msgs/share/motion_msgs/environment/library_path.sh
[9.253s] -- Installing: /home/y/SA_CAO/install/motion_msgs/share/motion_msgs/environment/library_path.dsv
[9.254s] -- Installing: /home/y/SA_CAO/install/motion_msgs/lib/libmotion_msgs__rosidl_generator_c.so
[9.254s] -- Set runtime path of "/home/y/SA_CAO/install/motion_msgs/lib/libmotion_msgs__rosidl_generator_c.so" to ""
[9.254s] -- Up-to-date: /home/y/SA_CAO/install/motion_msgs/include/motion_msgs
[9.254s] -- Up-to-date: /home/y/SA_CAO/install/motion_msgs/include/motion_msgs/msg
[9.255s] -- Up-to-date: /home/y/SA_CAO/install/motion_msgs/include/motion_msgs/msg/detail
[9.255s] -- Installing: /home/y/SA_CAO/install/motion_msgs/include/motion_msgs/msg/detail/motion_ctrl__rosidl_typesupport_fastrtps_c.h
[9.255s] -- Installing: /home/y/SA_CAO/install/motion_msgs/include/motion_msgs/msg/detail/leg_motors__rosidl_typesupport_fastrtps_c.h
[9.256s] -- Installing: /home/y/SA_CAO/install/motion_msgs/include/motion_msgs/msg/detail/movement_ctrl_mode__rosidl_typesupport_fastrtps_c.h
[9.256s] -- Installing: /home/y/SA_CAO/install/motion_msgs/include/motion_msgs/msg/detail/robot_status__rosidl_typesupport_fastrtps_c.h
[9.256s] -- Installing: /home/y/SA_CAO/install/motion_msgs/include/motion_msgs/msg/detail/movement_ctrl_data__rosidl_typesupport_fastrtps_c.h
[9.257s] -- Installing: /home/y/SA_CAO/install/motion_msgs/include/motion_msgs/msg/detail/ctrl_plot__rosidl_typesupport_fastrtps_c.h
[9.257s] -- Installing: /home/y/SA_CAO/install/motion_msgs/include/motion_msgs/msg/rosidl_typesupport_fastrtps_c__visibility_control.h
[9.257s] -- Installing: /home/y/SA_CAO/install/motion_msgs/lib/libmotion_msgs__rosidl_typesupport_fastrtps_c.so
[9.258s] -- Set runtime path of "/home/y/SA_CAO/install/motion_msgs/lib/libmotion_msgs__rosidl_typesupport_fastrtps_c.so" to ""
[9.259s] -- Up-to-date: /home/y/SA_CAO/install/motion_msgs/include/motion_msgs
[9.259s] -- Up-to-date: /home/y/SA_CAO/install/motion_msgs/include/motion_msgs/msg
[9.259s] -- Installing: /home/y/SA_CAO/install/motion_msgs/include/motion_msgs/msg/rosidl_typesupport_fastrtps_cpp__visibility_control.h
[9.259s] -- Up-to-date: /home/y/SA_CAO/install/motion_msgs/include/motion_msgs/msg/detail
[9.259s] -- Installing: /home/y/SA_CAO/install/motion_msgs/include/motion_msgs/msg/detail/movement_ctrl_data__rosidl_typesupport_fastrtps_cpp.hpp
[9.259s] -- Installing: /home/y/SA_CAO/install/motion_msgs/include/motion_msgs/msg/detail/leg_motors__rosidl_typesupport_fastrtps_cpp.hpp
[9.260s] -- Installing: /home/y/SA_CAO/install/motion_msgs/include/motion_msgs/msg/detail/dds_fastrtps
[9.260s] -- Installing: /home/y/SA_CAO/install/motion_msgs/include/motion_msgs/msg/detail/ctrl_plot__rosidl_typesupport_fastrtps_cpp.hpp
[9.260s] -- Installing: /home/y/SA_CAO/install/motion_msgs/include/motion_msgs/msg/detail/motion_ctrl__rosidl_typesupport_fastrtps_cpp.hpp
[9.260s] -- Installing: /home/y/SA_CAO/install/motion_msgs/include/motion_msgs/msg/detail/robot_status__rosidl_typesupport_fastrtps_cpp.hpp
[9.261s] -- Installing: /home/y/SA_CAO/install/motion_msgs/include/motion_msgs/msg/detail/movement_ctrl_mode__rosidl_typesupport_fastrtps_cpp.hpp
[9.261s] -- Installing: /home/y/SA_CAO/install/motion_msgs/lib/libmotion_msgs__rosidl_typesupport_fastrtps_cpp.so
[9.261s] -- Set runtime path of "/home/y/SA_CAO/install/motion_msgs/lib/libmotion_msgs__rosidl_typesupport_fastrtps_cpp.so" to ""
[9.262s] -- Up-to-date: /home/y/SA_CAO/install/motion_msgs/include/motion_msgs
[9.262s] -- Up-to-date: /home/y/SA_CAO/install/motion_msgs/include/motion_msgs/msg
[9.262s] -- Installing: /home/y/SA_CAO/install/motion_msgs/include/motion_msgs/msg/rosidl_typesupport_introspection_c__visibility_control.h
[9.262s] -- Up-to-date: /home/y/SA_CAO/install/motion_msgs/include/motion_msgs/msg/detail
[9.262s] -- Installing: /home/y/SA_CAO/install/motion_msgs/include/motion_msgs/msg/detail/ctrl_plot__type_support.c
[9.263s] -- Installing: /home/y/SA_CAO/install/motion_msgs/include/motion_msgs/msg/detail/robot_status__rosidl_typesupport_introspection_c.h
[9.263s] -- Installing: /home/y/SA_CAO/install/motion_msgs/include/motion_msgs/msg/detail/movement_ctrl_mode__rosidl_typesupport_introspection_c.h
[9.263s] -- Installing: /home/y/SA_CAO/install/motion_msgs/include/motion_msgs/msg/detail/movement_ctrl_data__rosidl_typesupport_introspection_c.h
[9.263s] -- Installing: /home/y/SA_CAO/install/motion_msgs/include/motion_msgs/msg/detail/robot_status__type_support.c
[9.263s] -- Installing: /home/y/SA_CAO/install/motion_msgs/include/motion_msgs/msg/detail/movement_ctrl_mode__type_support.c
[9.264s] -- Installing: /home/y/SA_CAO/install/motion_msgs/include/motion_msgs/msg/detail/motion_ctrl__rosidl_typesupport_introspection_c.h
[9.264s] -- Installing: /home/y/SA_CAO/install/motion_msgs/include/motion_msgs/msg/detail/movement_ctrl_data__type_support.c
[9.264s] -- Installing: /home/y/SA_CAO/install/motion_msgs/include/motion_msgs/msg/detail/leg_motors__type_support.c
[9.264s] -- Installing: /home/y/SA_CAO/install/motion_msgs/include/motion_msgs/msg/detail/motion_ctrl__type_support.c
[9.264s] -- Installing: /home/y/SA_CAO/install/motion_msgs/include/motion_msgs/msg/detail/ctrl_plot__rosidl_typesupport_introspection_c.h
[9.265s] -- Installing: /home/y/SA_CAO/install/motion_msgs/include/motion_msgs/msg/detail/leg_motors__rosidl_typesupport_introspection_c.h
[9.265s] -- Installing: /home/y/SA_CAO/install/motion_msgs/lib/libmotion_msgs__rosidl_typesupport_introspection_c.so
[9.265s] -- Set runtime path of "/home/y/SA_CAO/install/motion_msgs/lib/libmotion_msgs__rosidl_typesupport_introspection_c.so" to ""
[9.265s] -- Installing: /home/y/SA_CAO/install/motion_msgs/lib/libmotion_msgs__rosidl_typesupport_c.so
[9.266s] -- Set runtime path of "/home/y/SA_CAO/install/motion_msgs/lib/libmotion_msgs__rosidl_typesupport_c.so" to ""
[9.266s] -- Up-to-date: /home/y/SA_CAO/install/motion_msgs/include/motion_msgs
[9.266s] -- Up-to-date: /home/y/SA_CAO/install/motion_msgs/include/motion_msgs/msg
[9.267s] -- Installing: /home/y/SA_CAO/install/motion_msgs/include/motion_msgs/msg/rosidl_generator_cpp__visibility_control.hpp
[9.267s] -- Installing: /home/y/SA_CAO/install/motion_msgs/include/motion_msgs/msg/robot_status.hpp
[9.267s] -- Installing: /home/y/SA_CAO/install/motion_msgs/include/motion_msgs/msg/movement_ctrl_mode.hpp
[9.267s] -- Installing: /home/y/SA_CAO/install/motion_msgs/include/motion_msgs/msg/ctrl_plot.hpp
[9.267s] -- Installing: /home/y/SA_CAO/install/motion_msgs/include/motion_msgs/msg/leg_motors.hpp
[9.267s] -- Installing: /home/y/SA_CAO/install/motion_msgs/include/motion_msgs/msg/motion_ctrl.hpp
[9.267s] -- Up-to-date: /home/y/SA_CAO/install/motion_msgs/include/motion_msgs/msg/detail
[9.268s] -- Installing: /home/y/SA_CAO/install/motion_msgs/include/motion_msgs/msg/detail/robot_status__type_support.hpp
[9.269s] -- Installing: /home/y/SA_CAO/install/motion_msgs/include/motion_msgs/msg/detail/robot_status__struct.hpp
[9.269s] -- Installing: /home/y/SA_CAO/install/motion_msgs/include/motion_msgs/msg/detail/movement_ctrl_data__type_support.hpp
[9.269s] -- Installing: /home/y/SA_CAO/install/motion_msgs/include/motion_msgs/msg/detail/movement_ctrl_mode__builder.hpp
[9.269s] -- Installing: /home/y/SA_CAO/install/motion_msgs/include/motion_msgs/msg/detail/ctrl_plot__struct.hpp
[9.270s] -- Installing: /home/y/SA_CAO/install/motion_msgs/include/motion_msgs/msg/detail/leg_motors__struct.hpp
[9.270s] -- Installing: /home/y/SA_CAO/install/motion_msgs/include/motion_msgs/msg/detail/movement_ctrl_mode__type_support.hpp
[9.271s] -- Installing: /home/y/SA_CAO/install/motion_msgs/include/motion_msgs/msg/detail/robot_status__builder.hpp
[9.271s] -- Installing: /home/y/SA_CAO/install/motion_msgs/include/motion_msgs/msg/detail/motion_ctrl__traits.hpp
[9.272s] -- Installing: /home/y/SA_CAO/install/motion_msgs/include/motion_msgs/msg/detail/motion_ctrl__type_support.hpp
[9.272s] -- Installing: /home/y/SA_CAO/install/motion_msgs/include/motion_msgs/msg/detail/ctrl_plot__type_support.hpp
[9.272s] -- Installing: /home/y/SA_CAO/install/motion_msgs/include/motion_msgs/msg/detail/leg_motors__builder.hpp
[9.272s] -- Installing: /home/y/SA_CAO/install/motion_msgs/include/motion_msgs/msg/detail/ctrl_plot__builder.hpp
[9.272s] -- Installing: /home/y/SA_CAO/install/motion_msgs/include/motion_msgs/msg/detail/movement_ctrl_mode__struct.hpp
[9.273s] -- Installing: /home/y/SA_CAO/install/motion_msgs/include/motion_msgs/msg/detail/robot_status__traits.hpp
[9.273s] -- Installing: /home/y/SA_CAO/install/motion_msgs/include/motion_msgs/msg/detail/movement_ctrl_mode__traits.hpp
[9.273s] -- Installing: /home/y/SA_CAO/install/motion_msgs/include/motion_msgs/msg/detail/ctrl_plot__traits.hpp
[9.273s] -- Installing: /home/y/SA_CAO/install/motion_msgs/include/motion_msgs/msg/detail/leg_motors__type_support.hpp
[9.274s] -- Installing: /home/y/SA_CAO/install/motion_msgs/include/motion_msgs/msg/detail/leg_motors__traits.hpp
[9.274s] -- Installing: /home/y/SA_CAO/install/motion_msgs/include/motion_msgs/msg/detail/movement_ctrl_data__builder.hpp
[9.274s] -- Installing: /home/y/SA_CAO/install/motion_msgs/include/motion_msgs/msg/detail/movement_ctrl_data__traits.hpp
[9.274s] -- Installing: /home/y/SA_CAO/install/motion_msgs/include/motion_msgs/msg/detail/motion_ctrl__struct.hpp
[9.274s] -- Installing: /home/y/SA_CAO/install/motion_msgs/include/motion_msgs/msg/detail/movement_ctrl_data__struct.hpp
[9.275s] -- Installing: /home/y/SA_CAO/install/motion_msgs/include/motion_msgs/msg/detail/motion_ctrl__builder.hpp
[9.275s] -- Installing: /home/y/SA_CAO/install/motion_msgs/include/motion_msgs/msg/movement_ctrl_data.hpp
[9.275s] -- Up-to-date: /home/y/SA_CAO/install/motion_msgs/include/motion_msgs
[9.275s] -- Up-to-date: /home/y/SA_CAO/install/motion_msgs/include/motion_msgs/msg
[9.275s] -- Up-to-date: /home/y/SA_CAO/install/motion_msgs/include/motion_msgs/msg/detail
[9.275s] -- Installing: /home/y/SA_CAO/install/motion_msgs/include/motion_msgs/msg/detail/movement_ctrl_data__type_support.cpp
[9.276s] -- Installing: /home/y/SA_CAO/install/motion_msgs/include/motion_msgs/msg/detail/movement_ctrl_mode__type_support.cpp
[9.276s] -- Installing: /home/y/SA_CAO/install/motion_msgs/include/motion_msgs/msg/detail/robot_status__type_support.cpp
[9.276s] -- Installing: /home/y/SA_CAO/install/motion_msgs/include/motion_msgs/msg/detail/ctrl_plot__type_support.cpp
[9.276s] -- Installing: /home/y/SA_CAO/install/motion_msgs/include/motion_msgs/msg/detail/movement_ctrl_data__rosidl_typesupport_introspection_cpp.hpp
[9.277s] -- Installing: /home/y/SA_CAO/install/motion_msgs/include/motion_msgs/msg/detail/robot_status__rosidl_typesupport_introspection_cpp.hpp
[9.277s] -- Installing: /home/y/SA_CAO/install/motion_msgs/include/motion_msgs/msg/detail/leg_motors__type_support.cpp
[9.277s] -- Installing: /home/y/SA_CAO/install/motion_msgs/include/motion_msgs/msg/detail/leg_motors__rosidl_typesupport_introspection_cpp.hpp
[9.277s] -- Installing: /home/y/SA_CAO/install/motion_msgs/include/motion_msgs/msg/detail/motion_ctrl__type_support.cpp
[9.278s] -- Installing: /home/y/SA_CAO/install/motion_msgs/include/motion_msgs/msg/detail/motion_ctrl__rosidl_typesupport_introspection_cpp.hpp
[9.278s] -- Installing: /home/y/SA_CAO/install/motion_msgs/include/motion_msgs/msg/detail/ctrl_plot__rosidl_typesupport_introspection_cpp.hpp
[9.278s] -- Installing: /home/y/SA_CAO/install/motion_msgs/include/motion_msgs/msg/detail/movement_ctrl_mode__rosidl_typesupport_introspection_cpp.hpp
[9.278s] -- Installing: /home/y/SA_CAO/install/motion_msgs/lib/libmotion_msgs__rosidl_typesupport_introspection_cpp.so
[9.279s] -- Set runtime path of "/home/y/SA_CAO/install/motion_msgs/lib/libmotion_msgs__rosidl_typesupport_introspection_cpp.so" to ""
[9.279s] -- Installing: /home/y/SA_CAO/install/motion_msgs/lib/libmotion_msgs__rosidl_typesupport_cpp.so
[9.279s] -- Set runtime path of "/home/y/SA_CAO/install/motion_msgs/lib/libmotion_msgs__rosidl_typesupport_cpp.so" to ""
[9.279s] -- Installing: /home/y/SA_CAO/install/motion_msgs/share/motion_msgs/environment/pythonpath.sh
[9.280s] -- Installing: /home/y/SA_CAO/install/motion_msgs/share/motion_msgs/environment/pythonpath.dsv
[9.280s] -- Installing: /home/y/SA_CAO/install/motion_msgs/lib/python3.8/site-packages/motion_msgs/__init__.py
[9.302s] Compiling '/home/y/SA_CAO/install/motion_msgs/lib/python3.8/site-packages/motion_msgs/__init__.py'...
[9.305s] -- Installing: /home/y/SA_CAO/install/motion_msgs/lib/python3.8/site-packages/motion_msgs/msg
[9.306s] -- Installing: /home/y/SA_CAO/install/motion_msgs/lib/python3.8/site-packages/motion_msgs/msg/_ctrl_plot_s.c
[9.306s] -- Installing: /home/y/SA_CAO/install/motion_msgs/lib/python3.8/site-packages/motion_msgs/msg/_robot_status.py
[9.306s] -- Installing: /home/y/SA_CAO/install/motion_msgs/lib/python3.8/site-packages/motion_msgs/msg/_movement_ctrl_mode_s.c
[9.306s] -- Installing: /home/y/SA_CAO/install/motion_msgs/lib/python3.8/site-packages/motion_msgs/msg/_leg_motors_s.c
[9.306s] -- Installing: /home/y/SA_CAO/install/motion_msgs/lib/python3.8/site-packages/motion_msgs/msg/__init__.py
[9.307s] -- Installing: /home/y/SA_CAO/install/motion_msgs/lib/python3.8/site-packages/motion_msgs/msg/_movement_ctrl_data.py
[9.307s] -- Installing: /home/y/SA_CAO/install/motion_msgs/lib/python3.8/site-packages/motion_msgs/msg/_ctrl_plot.py
[9.307s] -- Installing: /home/y/SA_CAO/install/motion_msgs/lib/python3.8/site-packages/motion_msgs/msg/_motion_ctrl.py
[9.307s] -- Installing: /home/y/SA_CAO/install/motion_msgs/lib/python3.8/site-packages/motion_msgs/msg/_motion_ctrl_s.c
[9.308s] -- Installing: /home/y/SA_CAO/install/motion_msgs/lib/python3.8/site-packages/motion_msgs/msg/_leg_motors.py
[9.308s] -- Installing: /home/y/SA_CAO/install/motion_msgs/lib/python3.8/site-packages/motion_msgs/msg/_robot_status_s.c
[9.308s] -- Installing: /home/y/SA_CAO/install/motion_msgs/lib/python3.8/site-packages/motion_msgs/msg/_movement_ctrl_data_s.c
[9.308s] -- Installing: /home/y/SA_CAO/install/motion_msgs/lib/python3.8/site-packages/motion_msgs/msg/_movement_ctrl_mode.py
[9.309s] -- Installing: /home/y/SA_CAO/install/motion_msgs/lib/python3.8/site-packages/motion_msgs/motion_msgs_s__rosidl_typesupport_fastrtps_c.cpython-38-x86_64-linux-gnu.so
[9.309s] -- Set runtime path of "/home/y/SA_CAO/install/motion_msgs/lib/python3.8/site-packages/motion_msgs/motion_msgs_s__rosidl_typesupport_fastrtps_c.cpython-38-x86_64-linux-gnu.so" to ""
[9.309s] -- Installing: /home/y/SA_CAO/install/motion_msgs/lib/python3.8/site-packages/motion_msgs/motion_msgs_s__rosidl_typesupport_introspection_c.cpython-38-x86_64-linux-gnu.so
[9.310s] -- Set runtime path of "/home/y/SA_CAO/install/motion_msgs/lib/python3.8/site-packages/motion_msgs/motion_msgs_s__rosidl_typesupport_introspection_c.cpython-38-x86_64-linux-gnu.so" to ""
[9.310s] -- Installing: /home/y/SA_CAO/install/motion_msgs/lib/python3.8/site-packages/motion_msgs/motion_msgs_s__rosidl_typesupport_c.cpython-38-x86_64-linux-gnu.so
[9.310s] -- Set runtime path of "/home/y/SA_CAO/install/motion_msgs/lib/python3.8/site-packages/motion_msgs/motion_msgs_s__rosidl_typesupport_c.cpython-38-x86_64-linux-gnu.so" to ""
[9.311s] -- Installing: /home/y/SA_CAO/install/motion_msgs/lib/libmotion_msgs__python.so
[9.312s] -- Set runtime path of "/home/y/SA_CAO/install/motion_msgs/lib/libmotion_msgs__python.so" to ""
[9.312s] -- Installing: /home/y/SA_CAO/install/motion_msgs/share/motion_msgs/msg/CtrlPlot.idl
[9.312s] -- Installing: /home/y/SA_CAO/install/motion_msgs/share/motion_msgs/msg/LegMotors.idl
[9.312s] -- Installing: /home/y/SA_CAO/install/motion_msgs/share/motion_msgs/msg/MotionCtrl.idl
[9.313s] -- Installing: /home/y/SA_CAO/install/motion_msgs/share/motion_msgs/msg/RobotStatus.idl
[9.313s] -- Installing: /home/y/SA_CAO/install/motion_msgs/share/motion_msgs/msg/MovementCtrlData.idl
[9.313s] -- Installing: /home/y/SA_CAO/install/motion_msgs/share/motion_msgs/msg/MovementCtrlMode.idl
[9.313s] -- Installing: /home/y/SA_CAO/install/motion_msgs/share/motion_msgs/msg/CtrlPlot.msg
[9.314s] -- Installing: /home/y/SA_CAO/install/motion_msgs/share/motion_msgs/msg/LegMotors.msg
[9.314s] -- Installing: /home/y/SA_CAO/install/motion_msgs/share/motion_msgs/msg/MotionCtrl.msg
[9.314s] -- Installing: /home/y/SA_CAO/install/motion_msgs/share/motion_msgs/msg/RobotStatus.msg
[9.314s] -- Installing: /home/y/SA_CAO/install/motion_msgs/share/motion_msgs/msg/MovementCtrlData.msg
[9.314s] -- Installing: /home/y/SA_CAO/install/motion_msgs/share/motion_msgs/msg/MovementCtrlMode.msg
[9.315s] -- Installing: /home/y/SA_CAO/install/motion_msgs/share/ament_index/resource_index/package_run_dependencies/motion_msgs
[9.315s] -- Installing: /home/y/SA_CAO/install/motion_msgs/share/ament_index/resource_index/parent_prefix_path/motion_msgs
[9.315s] -- Installing: /home/y/SA_CAO/install/motion_msgs/share/motion_msgs/environment/ament_prefix_path.sh
[9.315s] -- Installing: /home/y/SA_CAO/install/motion_msgs/share/motion_msgs/environment/ament_prefix_path.dsv
[9.316s] -- Installing: /home/y/SA_CAO/install/motion_msgs/share/motion_msgs/environment/path.sh
[9.316s] -- Installing: /home/y/SA_CAO/install/motion_msgs/share/motion_msgs/environment/path.dsv
[9.316s] -- Installing: /home/y/SA_CAO/install/motion_msgs/share/motion_msgs/local_setup.bash
[9.317s] -- Installing: /home/y/SA_CAO/install/motion_msgs/share/motion_msgs/local_setup.sh
[9.317s] -- Installing: /home/y/SA_CAO/install/motion_msgs/share/motion_msgs/local_setup.zsh
[9.317s] -- Installing: /home/y/SA_CAO/install/motion_msgs/share/motion_msgs/local_setup.dsv
[9.317s] -- Installing: /home/y/SA_CAO/install/motion_msgs/share/motion_msgs/package.dsv
[9.318s] -- Installing: /home/y/SA_CAO/install/motion_msgs/share/ament_index/resource_index/packages/motion_msgs
[9.318s] -- Installing: /home/y/SA_CAO/install/motion_msgs/share/motion_msgs/cmake/motion_msgs__rosidl_generator_cExport.cmake
[9.318s] -- Installing: /home/y/SA_CAO/install/motion_msgs/share/motion_msgs/cmake/motion_msgs__rosidl_generator_cExport-noconfig.cmake
[9.318s] -- Installing: /home/y/SA_CAO/install/motion_msgs/share/motion_msgs/cmake/motion_msgs__rosidl_typesupport_introspection_cExport.cmake
[9.319s] -- Installing: /home/y/SA_CAO/install/motion_msgs/share/motion_msgs/cmake/motion_msgs__rosidl_typesupport_introspection_cExport-noconfig.cmake
[9.319s] -- Installing: /home/y/SA_CAO/install/motion_msgs/share/motion_msgs/cmake/motion_msgs__rosidl_typesupport_cExport.cmake
[9.319s] -- Installing: /home/y/SA_CAO/install/motion_msgs/share/motion_msgs/cmake/motion_msgs__rosidl_typesupport_cExport-noconfig.cmake
[9.319s] -- Installing: /home/y/SA_CAO/install/motion_msgs/share/motion_msgs/cmake/motion_msgs__rosidl_generator_cppExport.cmake
[9.320s] -- Installing: /home/y/SA_CAO/install/motion_msgs/share/motion_msgs/cmake/motion_msgs__rosidl_typesupport_introspection_cppExport.cmake
[9.320s] -- Installing: /home/y/SA_CAO/install/motion_msgs/share/motion_msgs/cmake/motion_msgs__rosidl_typesupport_introspection_cppExport-noconfig.cmake
[9.320s] -- Installing: /home/y/SA_CAO/install/motion_msgs/share/motion_msgs/cmake/motion_msgs__rosidl_typesupport_cppExport.cmake
[9.320s] -- Installing: /home/y/SA_CAO/install/motion_msgs/share/motion_msgs/cmake/motion_msgs__rosidl_typesupport_cppExport-noconfig.cmake
[9.321s] -- Installing: /home/y/SA_CAO/install/motion_msgs/share/motion_msgs/cmake/rosidl_cmake-extras.cmake
[9.321s] -- Installing: /home/y/SA_CAO/install/motion_msgs/share/motion_msgs/cmake/ament_cmake_export_dependencies-extras.cmake
[9.321s] -- Installing: /home/y/SA_CAO/install/motion_msgs/share/motion_msgs/cmake/ament_cmake_export_libraries-extras.cmake
[9.322s] -- Installing: /home/y/SA_CAO/install/motion_msgs/share/motion_msgs/cmake/ament_cmake_export_targets-extras.cmake
[9.322s] -- Installing: /home/y/SA_CAO/install/motion_msgs/share/motion_msgs/cmake/ament_cmake_export_include_directories-extras.cmake
[9.322s] -- Installing: /home/y/SA_CAO/install/motion_msgs/share/motion_msgs/cmake/rosidl_cmake_export_typesupport_libraries-extras.cmake
[9.322s] -- Installing: /home/y/SA_CAO/install/motion_msgs/share/motion_msgs/cmake/rosidl_cmake_export_typesupport_targets-extras.cmake
[9.322s] -- Installing: /home/y/SA_CAO/install/motion_msgs/share/motion_msgs/cmake/motion_msgsConfig.cmake
[9.323s] -- Installing: /home/y/SA_CAO/install/motion_msgs/share/motion_msgs/cmake/motion_msgsConfig-version.cmake
[9.323s] -- Installing: /home/y/SA_CAO/install/motion_msgs/share/motion_msgs/package.xml
[9.326s] Invoked command in '/home/y/SA_CAO/build/motion_msgs' returned '0': CMAKE_PREFIX_PATH=/opt/ros/foxy:${CMAKE_PREFIX_PATH} /usr/bin/cmake --install /home/y/SA_CAO/build/motion_msgs
